<?xml version="1.0" encoding="UTF-8"?>
<testsuite name="com.pibbletv.api_gateway.ApiGatewayApplicationTests" tests="1" skipped="0" failures="0" errors="0" timestamp="2025-05-17T12:43:42.355Z" hostname="DESKTOP-NS6POVE" time="0.857">
  <properties/>
  <testcase name="contextLoads()" classname="com.pibbletv.api_gateway.ApiGatewayApplicationTests" time="0.857"/>
  <system-out><![CDATA[Standard Commons Logging discovery in action with spring-jcl: please remove commons-logging.jar from classpath in order to avoid potential conflicts
14:43:37.399 [Test worker] INFO org.springframework.test.context.support.AnnotationConfigContextLoaderUtils -- Could not detect default configuration classes for test class [com.pibbletv.api_gateway.ApiGatewayApplicationTests]: ApiGatewayApplicationTests does not declare any static, non-private, non-final, nested classes annotated with @Configuration.
14:43:37.554 [Test worker] INFO org.springframework.boot.test.context.SpringBootTestContextBootstrapper -- Found @SpringBootConfiguration com.pibbletv.api_gateway.ApiGatewayApplication for test class com.pibbletv.api_gateway.ApiGatewayApplicationTests

  .   ____          _            __ _ _
 /\\ / ___'_ __ _ _(_)_ __  __ _ \ \ \ \
( ( )\___ | '_ | '_| | '_ \/ _` | \ \ \ \
 \\/  ___)| |_)| | | | | || (_| |  ) ) ) )
  '  |____| .__|_| |_|_| |_\__, | / / / /
 =========|_|==============|___/=/_/_/_/

 :: Spring Boot ::                (v3.4.4)

2025-05-17T14:43:38.381+02:00  INFO 15144 --- [api-gateway] [    Test worker] c.p.a.ApiGatewayApplicationTests         : Starting ApiGatewayApplicationTests using Java 17.0.12 with PID 15144 (started by hristo in D:\Individual Assignment\PibbleTV-Backend\api-gateway)
2025-05-17T14:43:38.382+02:00  INFO 15144 --- [api-gateway] [    Test worker] c.p.a.ApiGatewayApplicationTests         : No active profile set, falling back to 1 default profile: "default"
2025-05-17T14:43:38.993+02:00 TRACE 15144 --- [api-gateway] [    Test worker] o.s.c.g.c.c.OnEnabledGlobalFilter        : Condition OnEnabledGlobalFilter on org.springframework.cloud.gateway.config.GatewayReactiveLoadBalancerClientAutoConfiguration#gatewayLoadBalancerClientFilter matched
2025-05-17T14:43:38.996+02:00 TRACE 15144 --- [api-gateway] [    Test worker] o.s.c.g.c.c.OnEnabledGlobalFilter        : Condition OnEnabledGlobalFilter on org.springframework.cloud.gateway.config.GatewayReactiveLoadBalancerClientAutoConfiguration#loadBalancerServiceInstanceCookieFilter matched
2025-05-17T14:43:39.008+02:00 TRACE 15144 --- [api-gateway] [    Test worker] o.s.c.g.c.c.OnEnabledGlobalFilter        : Condition OnEnabledGlobalFilter on org.springframework.cloud.gateway.config.GatewayAutoConfiguration$NettyConfiguration#routingFilter matched
2025-05-17T14:43:39.009+02:00 TRACE 15144 --- [api-gateway] [    Test worker] o.s.c.g.c.c.OnEnabledGlobalFilter        : Condition OnEnabledGlobalFilter on org.springframework.cloud.gateway.config.GatewayAutoConfiguration$NettyConfiguration#nettyWriteResponseFilter matched
2025-05-17T14:43:39.010+02:00 TRACE 15144 --- [api-gateway] [    Test worker] o.s.c.g.c.c.OnEnabledGlobalFilter        : Condition OnEnabledGlobalFilter on org.springframework.cloud.gateway.config.GatewayAutoConfiguration$NettyConfiguration#reactorNettyWebSocketClient matched
2025-05-17T14:43:39.011+02:00 TRACE 15144 --- [api-gateway] [    Test worker] o.s.c.g.c.c.OnEnabledGlobalFilter        : Condition OnEnabledGlobalFilter on org.springframework.cloud.gateway.config.GatewayAutoConfiguration$NettyConfiguration#reactorNettyRequestUpgradeStrategy matched
2025-05-17T14:43:39.057+02:00 TRACE 15144 --- [api-gateway] [    Test worker] o.s.c.g.c.c.OnEnabledGlobalFilter        : Condition OnEnabledGlobalFilter on org.springframework.cloud.gateway.config.GatewayAutoConfiguration#adaptCachedBodyGlobalFilter matched
2025-05-17T14:43:39.057+02:00 TRACE 15144 --- [api-gateway] [    Test worker] o.s.c.g.c.c.OnEnabledGlobalFilter        : Condition OnEnabledGlobalFilter on org.springframework.cloud.gateway.config.GatewayAutoConfiguration#removeCachedBodyFilter matched
2025-05-17T14:43:39.058+02:00 TRACE 15144 --- [api-gateway] [    Test worker] o.s.c.g.c.c.OnEnabledGlobalFilter        : Condition OnEnabledGlobalFilter on org.springframework.cloud.gateway.config.GatewayAutoConfiguration#routeToRequestUrlFilter matched
2025-05-17T14:43:39.058+02:00 TRACE 15144 --- [api-gateway] [    Test worker] o.s.c.g.c.c.OnEnabledGlobalFilter        : Condition OnEnabledGlobalFilter on org.springframework.cloud.gateway.config.GatewayAutoConfiguration#forwardRoutingFilter matched
2025-05-17T14:43:39.058+02:00 TRACE 15144 --- [api-gateway] [    Test worker] o.s.c.g.c.c.OnEnabledGlobalFilter        : Condition OnEnabledGlobalFilter on org.springframework.cloud.gateway.config.GatewayAutoConfiguration#forwardPathFilter matched
2025-05-17T14:43:39.059+02:00 TRACE 15144 --- [api-gateway] [    Test worker] o.s.c.g.c.c.OnEnabledGlobalFilter        : Condition OnEnabledGlobalFilter on org.springframework.cloud.gateway.config.GatewayAutoConfiguration#webSocketService matched
2025-05-17T14:43:39.059+02:00 TRACE 15144 --- [api-gateway] [    Test worker] o.s.c.g.c.c.OnEnabledGlobalFilter        : Condition OnEnabledGlobalFilter on org.springframework.cloud.gateway.config.GatewayAutoConfiguration#websocketRoutingFilter matched
2025-05-17T14:43:39.060+02:00 TRACE 15144 --- [api-gateway] [    Test worker] o.s.c.g.c.c.OnEnabledPredicate           : Condition OnEnabledPredicate on org.springframework.cloud.gateway.config.GatewayAutoConfiguration#weightCalculatorWebFilter matched
2025-05-17T14:43:39.060+02:00 TRACE 15144 --- [api-gateway] [    Test worker] o.s.c.g.c.c.OnEnabledPredicate           : Condition OnEnabledPredicate on org.springframework.cloud.gateway.config.GatewayAutoConfiguration#afterRoutePredicateFactory matched
2025-05-17T14:43:39.061+02:00 TRACE 15144 --- [api-gateway] [    Test worker] o.s.c.g.c.c.OnEnabledPredicate           : Condition OnEnabledPredicate on org.springframework.cloud.gateway.config.GatewayAutoConfiguration#beforeRoutePredicateFactory matched
2025-05-17T14:43:39.061+02:00 TRACE 15144 --- [api-gateway] [    Test worker] o.s.c.g.c.c.OnEnabledPredicate           : Condition OnEnabledPredicate on org.springframework.cloud.gateway.config.GatewayAutoConfiguration#betweenRoutePredicateFactory matched
2025-05-17T14:43:39.061+02:00 TRACE 15144 --- [api-gateway] [    Test worker] o.s.c.g.c.c.OnEnabledPredicate           : Condition OnEnabledPredicate on org.springframework.cloud.gateway.config.GatewayAutoConfiguration#cookieRoutePredicateFactory matched
2025-05-17T14:43:39.062+02:00 TRACE 15144 --- [api-gateway] [    Test worker] o.s.c.g.c.c.OnEnabledPredicate           : Condition OnEnabledPredicate on org.springframework.cloud.gateway.config.GatewayAutoConfiguration#headerRoutePredicateFactory matched
2025-05-17T14:43:39.062+02:00 TRACE 15144 --- [api-gateway] [    Test worker] o.s.c.g.c.c.OnEnabledPredicate           : Condition OnEnabledPredicate on org.springframework.cloud.gateway.config.GatewayAutoConfiguration#hostRoutePredicateFactory matched
2025-05-17T14:43:39.062+02:00 TRACE 15144 --- [api-gateway] [    Test worker] o.s.c.g.c.c.OnEnabledPredicate           : Condition OnEnabledPredicate on org.springframework.cloud.gateway.config.GatewayAutoConfiguration#methodRoutePredicateFactory matched
2025-05-17T14:43:39.063+02:00 TRACE 15144 --- [api-gateway] [    Test worker] o.s.c.g.c.c.OnEnabledPredicate           : Condition OnEnabledPredicate on org.springframework.cloud.gateway.config.GatewayAutoConfiguration#pathRoutePredicateFactory matched
2025-05-17T14:43:39.063+02:00 TRACE 15144 --- [api-gateway] [    Test worker] o.s.c.g.c.c.OnEnabledPredicate           : Condition OnEnabledPredicate on org.springframework.cloud.gateway.config.GatewayAutoConfiguration#queryRoutePredicateFactory matched
2025-05-17T14:43:39.064+02:00 TRACE 15144 --- [api-gateway] [    Test worker] o.s.c.g.c.c.OnEnabledPredicate           : Condition OnEnabledPredicate on org.springframework.cloud.gateway.config.GatewayAutoConfiguration#readBodyPredicateFactory matched
2025-05-17T14:43:39.064+02:00 TRACE 15144 --- [api-gateway] [    Test worker] o.s.c.g.c.c.OnEnabledPredicate           : Condition OnEnabledPredicate on org.springframework.cloud.gateway.config.GatewayAutoConfiguration#remoteAddrRoutePredicateFactory matched
2025-05-17T14:43:39.064+02:00 TRACE 15144 --- [api-gateway] [    Test worker] o.s.c.g.c.c.OnEnabledPredicate           : Condition OnEnabledPredicate on org.springframework.cloud.gateway.config.GatewayAutoConfiguration#xForwardedRemoteAddrRoutePredicateFactory matched
2025-05-17T14:43:39.065+02:00 TRACE 15144 --- [api-gateway] [    Test worker] o.s.c.g.c.c.OnEnabledPredicate           : Condition OnEnabledPredicate on org.springframework.cloud.gateway.config.GatewayAutoConfiguration#weightRoutePredicateFactory matched
2025-05-17T14:43:39.065+02:00 TRACE 15144 --- [api-gateway] [    Test worker] o.s.c.g.c.c.OnEnabledPredicate           : Condition OnEnabledPredicate on org.springframework.cloud.gateway.config.GatewayAutoConfiguration#cloudFoundryRouteServiceRoutePredicateFactory matched
2025-05-17T14:43:39.067+02:00 TRACE 15144 --- [api-gateway] [    Test worker] o.s.c.g.c.conditional.OnEnabledFilter    : Condition OnEnabledFilter on org.springframework.cloud.gateway.config.GatewayAutoConfiguration#addRequestHeaderGatewayFilterFactory matched
2025-05-17T14:43:39.067+02:00 TRACE 15144 --- [api-gateway] [    Test worker] o.s.c.g.c.conditional.OnEnabledFilter    : Condition OnEnabledFilter on org.springframework.cloud.gateway.config.GatewayAutoConfiguration#addRequestHeadersIfNotPresentGatewayFilterFactory matched
2025-05-17T14:43:39.068+02:00 TRACE 15144 --- [api-gateway] [    Test worker] o.s.c.g.c.conditional.OnEnabledFilter    : Condition OnEnabledFilter on org.springframework.cloud.gateway.config.GatewayAutoConfiguration#mapRequestHeaderGatewayFilterFactory matched
2025-05-17T14:43:39.068+02:00 TRACE 15144 --- [api-gateway] [    Test worker] o.s.c.g.c.conditional.OnEnabledFilter    : Condition OnEnabledFilter on org.springframework.cloud.gateway.config.GatewayAutoConfiguration#addRequestParameterGatewayFilterFactory matched
2025-05-17T14:43:39.069+02:00 TRACE 15144 --- [api-gateway] [    Test worker] o.s.c.g.c.conditional.OnEnabledFilter    : Condition OnEnabledFilter on org.springframework.cloud.gateway.config.GatewayAutoConfiguration#addResponseHeaderGatewayFilterFactory matched
2025-05-17T14:43:39.069+02:00 TRACE 15144 --- [api-gateway] [    Test worker] o.s.c.g.c.conditional.OnEnabledFilter    : Condition OnEnabledFilter on org.springframework.cloud.gateway.config.GatewayAutoConfiguration#modifyRequestBodyGatewayFilterFactory matched
2025-05-17T14:43:39.069+02:00 TRACE 15144 --- [api-gateway] [    Test worker] o.s.c.g.c.conditional.OnEnabledFilter    : Condition OnEnabledFilter on org.springframework.cloud.gateway.config.GatewayAutoConfiguration#dedupeResponseHeaderGatewayFilterFactory matched
2025-05-17T14:43:39.070+02:00 TRACE 15144 --- [api-gateway] [    Test worker] o.s.c.g.c.conditional.OnEnabledFilter    : Condition OnEnabledFilter on org.springframework.cloud.gateway.config.GatewayAutoConfiguration#modifyResponseBodyGatewayFilterFactory matched
2025-05-17T14:43:39.070+02:00 TRACE 15144 --- [api-gateway] [    Test worker] o.s.c.g.c.conditional.OnEnabledFilter    : Condition OnEnabledFilter on org.springframework.cloud.gateway.config.GatewayAutoConfiguration#cacheRequestBodyGatewayFilterFactory matched
2025-05-17T14:43:39.071+02:00 TRACE 15144 --- [api-gateway] [    Test worker] o.s.c.g.c.conditional.OnEnabledFilter    : Condition OnEnabledFilter on org.springframework.cloud.gateway.config.GatewayAutoConfiguration#prefixPathGatewayFilterFactory matched
2025-05-17T14:43:39.071+02:00 TRACE 15144 --- [api-gateway] [    Test worker] o.s.c.g.c.conditional.OnEnabledFilter    : Condition OnEnabledFilter on org.springframework.cloud.gateway.config.GatewayAutoConfiguration#preserveHostHeaderGatewayFilterFactory matched
2025-05-17T14:43:39.071+02:00 TRACE 15144 --- [api-gateway] [    Test worker] o.s.c.g.c.conditional.OnEnabledFilter    : Condition OnEnabledFilter on org.springframework.cloud.gateway.config.GatewayAutoConfiguration#redirectToGatewayFilterFactory matched
2025-05-17T14:43:39.072+02:00 TRACE 15144 --- [api-gateway] [    Test worker] o.s.c.g.c.conditional.OnEnabledFilter    : Condition OnEnabledFilter on org.springframework.cloud.gateway.config.GatewayAutoConfiguration#removeJsonAttributesResponseBodyGatewayFilterFactory matched
2025-05-17T14:43:39.073+02:00 TRACE 15144 --- [api-gateway] [    Test worker] o.s.c.g.c.conditional.OnEnabledFilter    : Condition OnEnabledFilter on org.springframework.cloud.gateway.config.GatewayAutoConfiguration#removeRequestHeaderGatewayFilterFactory matched
2025-05-17T14:43:39.073+02:00 TRACE 15144 --- [api-gateway] [    Test worker] o.s.c.g.c.conditional.OnEnabledFilter    : Condition OnEnabledFilter on org.springframework.cloud.gateway.config.GatewayAutoConfiguration#removeRequestParameterGatewayFilterFactory matched
2025-05-17T14:43:39.074+02:00 TRACE 15144 --- [api-gateway] [    Test worker] o.s.c.g.c.conditional.OnEnabledFilter    : Condition OnEnabledFilter on org.springframework.cloud.gateway.config.GatewayAutoConfiguration#removeResponseHeaderGatewayFilterFactory matched
2025-05-17T14:43:39.081+02:00 TRACE 15144 --- [api-gateway] [    Test worker] o.s.c.g.c.conditional.OnEnabledFilter    : Condition OnEnabledFilter on org.springframework.cloud.gateway.config.GatewayAutoConfiguration#rewritePathGatewayFilterFactory matched
2025-05-17T14:43:39.082+02:00 TRACE 15144 --- [api-gateway] [    Test worker] o.s.c.g.c.conditional.OnEnabledFilter    : Condition OnEnabledFilter on org.springframework.cloud.gateway.config.GatewayAutoConfiguration#retryGatewayFilterFactory matched
2025-05-17T14:43:39.082+02:00 TRACE 15144 --- [api-gateway] [    Test worker] o.s.c.g.c.conditional.OnEnabledFilter    : Condition OnEnabledFilter on org.springframework.cloud.gateway.config.GatewayAutoConfiguration#setPathGatewayFilterFactory matched
2025-05-17T14:43:39.083+02:00 TRACE 15144 --- [api-gateway] [    Test worker] o.s.c.g.c.conditional.OnEnabledFilter    : Condition OnEnabledFilter on org.springframework.cloud.gateway.config.GatewayAutoConfiguration#secureHeadersGatewayFilterFactory matched
2025-05-17T14:43:39.086+02:00 TRACE 15144 --- [api-gateway] [    Test worker] o.s.c.g.c.conditional.OnEnabledFilter    : Condition OnEnabledFilter on org.springframework.cloud.gateway.config.GatewayAutoConfiguration#setRequestHeaderGatewayFilterFactory matched
2025-05-17T14:43:39.087+02:00 TRACE 15144 --- [api-gateway] [    Test worker] o.s.c.g.c.conditional.OnEnabledFilter    : Condition OnEnabledFilter on org.springframework.cloud.gateway.config.GatewayAutoConfiguration#setRequestHostHeaderGatewayFilterFactory matched
2025-05-17T14:43:39.087+02:00 TRACE 15144 --- [api-gateway] [    Test worker] o.s.c.g.c.conditional.OnEnabledFilter    : Condition OnEnabledFilter on org.springframework.cloud.gateway.config.GatewayAutoConfiguration#setResponseHeaderGatewayFilterFactory matched
2025-05-17T14:43:39.088+02:00 TRACE 15144 --- [api-gateway] [    Test worker] o.s.c.g.c.conditional.OnEnabledFilter    : Condition OnEnabledFilter on org.springframework.cloud.gateway.config.GatewayAutoConfiguration#rewriteResponseHeaderGatewayFilterFactory matched
2025-05-17T14:43:39.088+02:00 TRACE 15144 --- [api-gateway] [    Test worker] o.s.c.g.c.conditional.OnEnabledFilter    : Condition OnEnabledFilter on org.springframework.cloud.gateway.config.GatewayAutoConfiguration#rewriteLocationResponseHeaderGatewayFilterFactory matched
2025-05-17T14:43:39.089+02:00 TRACE 15144 --- [api-gateway] [    Test worker] o.s.c.g.c.conditional.OnEnabledFilter    : Condition OnEnabledFilter on org.springframework.cloud.gateway.config.GatewayAutoConfiguration#setStatusGatewayFilterFactory matched
2025-05-17T14:43:39.090+02:00 TRACE 15144 --- [api-gateway] [    Test worker] o.s.c.g.c.conditional.OnEnabledFilter    : Condition OnEnabledFilter on org.springframework.cloud.gateway.config.GatewayAutoConfiguration#saveSessionGatewayFilterFactory matched
2025-05-17T14:43:39.090+02:00 TRACE 15144 --- [api-gateway] [    Test worker] o.s.c.g.c.conditional.OnEnabledFilter    : Condition OnEnabledFilter on org.springframework.cloud.gateway.config.GatewayAutoConfiguration#stripPrefixGatewayFilterFactory matched
2025-05-17T14:43:39.090+02:00 TRACE 15144 --- [api-gateway] [    Test worker] o.s.c.g.c.conditional.OnEnabledFilter    : Condition OnEnabledFilter on org.springframework.cloud.gateway.config.GatewayAutoConfiguration#requestHeaderToRequestUriGatewayFilterFactory matched
2025-05-17T14:43:39.091+02:00 TRACE 15144 --- [api-gateway] [    Test worker] o.s.c.g.c.conditional.OnEnabledFilter    : Condition OnEnabledFilter on org.springframework.cloud.gateway.config.GatewayAutoConfiguration#requestSizeGatewayFilterFactory matched
2025-05-17T14:43:39.091+02:00 TRACE 15144 --- [api-gateway] [    Test worker] o.s.c.g.c.conditional.OnEnabledFilter    : Condition OnEnabledFilter on org.springframework.cloud.gateway.config.GatewayAutoConfiguration#requestHeaderSizeGatewayFilterFactory matched
2025-05-17T14:43:39.092+02:00 TRACE 15144 --- [api-gateway] [    Test worker] o.s.c.g.c.conditional.OnEnabledFilter    : Condition OnEnabledFilter on org.springframework.cloud.gateway.config.GatewayAutoConfiguration#rewriteRequestParameterGatewayFilterFactory matched
2025-05-17T14:43:39.398+02:00  INFO 15144 --- [api-gateway] [    Test worker] o.s.cloud.context.scope.GenericScope     : BeanFactory id=0a3509b0-3c2e-3f7d-a0ef-2596bd86e348
2025-05-17T14:43:40.867+02:00  INFO 15144 --- [api-gateway] [    Test worker] o.s.c.g.r.RouteDefinitionRouteLocator    : Loaded RoutePredicateFactory [After]
2025-05-17T14:43:40.867+02:00  INFO 15144 --- [api-gateway] [    Test worker] o.s.c.g.r.RouteDefinitionRouteLocator    : Loaded RoutePredicateFactory [Before]
2025-05-17T14:43:40.867+02:00  INFO 15144 --- [api-gateway] [    Test worker] o.s.c.g.r.RouteDefinitionRouteLocator    : Loaded RoutePredicateFactory [Between]
2025-05-17T14:43:40.867+02:00  INFO 15144 --- [api-gateway] [    Test worker] o.s.c.g.r.RouteDefinitionRouteLocator    : Loaded RoutePredicateFactory [Cookie]
2025-05-17T14:43:40.867+02:00  INFO 15144 --- [api-gateway] [    Test worker] o.s.c.g.r.RouteDefinitionRouteLocator    : Loaded RoutePredicateFactory [Header]
2025-05-17T14:43:40.867+02:00  INFO 15144 --- [api-gateway] [    Test worker] o.s.c.g.r.RouteDefinitionRouteLocator    : Loaded RoutePredicateFactory [Host]
2025-05-17T14:43:40.868+02:00  INFO 15144 --- [api-gateway] [    Test worker] o.s.c.g.r.RouteDefinitionRouteLocator    : Loaded RoutePredicateFactory [Method]
2025-05-17T14:43:40.868+02:00  INFO 15144 --- [api-gateway] [    Test worker] o.s.c.g.r.RouteDefinitionRouteLocator    : Loaded RoutePredicateFactory [Path]
2025-05-17T14:43:40.868+02:00  INFO 15144 --- [api-gateway] [    Test worker] o.s.c.g.r.RouteDefinitionRouteLocator    : Loaded RoutePredicateFactory [Query]
2025-05-17T14:43:40.868+02:00  INFO 15144 --- [api-gateway] [    Test worker] o.s.c.g.r.RouteDefinitionRouteLocator    : Loaded RoutePredicateFactory [ReadBody]
2025-05-17T14:43:40.868+02:00  INFO 15144 --- [api-gateway] [    Test worker] o.s.c.g.r.RouteDefinitionRouteLocator    : Loaded RoutePredicateFactory [RemoteAddr]
2025-05-17T14:43:40.868+02:00  INFO 15144 --- [api-gateway] [    Test worker] o.s.c.g.r.RouteDefinitionRouteLocator    : Loaded RoutePredicateFactory [XForwardedRemoteAddr]
2025-05-17T14:43:40.868+02:00  INFO 15144 --- [api-gateway] [    Test worker] o.s.c.g.r.RouteDefinitionRouteLocator    : Loaded RoutePredicateFactory [Weight]
2025-05-17T14:43:40.868+02:00  INFO 15144 --- [api-gateway] [    Test worker] o.s.c.g.r.RouteDefinitionRouteLocator    : Loaded RoutePredicateFactory [CloudFoundryRouteService]
2025-05-17T14:43:41.272+02:00  INFO 15144 --- [api-gateway] [    Test worker] DiscoveryClientOptionalArgsConfiguration : Eureka HTTP Client uses WebClient.
2025-05-17T14:43:41.468+02:00  WARN 15144 --- [api-gateway] [    Test worker] iguration$LoadBalancerCaffeineWarnLogger : Spring Cloud LoadBalancer is currently working with the default cache. While this cache implementation is useful for development and tests, it's recommended to use Caffeine cache in production.You can switch to using Caffeine cache, by adding it and org.springframework.cache.caffeine.CaffeineCacheManager to the classpath.
2025-05-17T14:43:41.502+02:00  INFO 15144 --- [api-gateway] [    Test worker] o.s.c.n.eureka.InstanceInfoFactory       : Setting initial instance status as: STARTING
2025-05-17T14:43:41.529+02:00  INFO 15144 --- [api-gateway] [    Test worker] com.netflix.discovery.DiscoveryClient    : Initializing Eureka in region us-east-1
2025-05-17T14:43:41.533+02:00  INFO 15144 --- [api-gateway] [    Test worker] c.n.d.s.r.aws.ConfigClusterResolver      : Resolving eureka endpoints via configuration
2025-05-17T14:43:41.543+02:00  INFO 15144 --- [api-gateway] [    Test worker] com.netflix.discovery.DiscoveryClient    : Disable delta property : false
2025-05-17T14:43:41.544+02:00  INFO 15144 --- [api-gateway] [    Test worker] com.netflix.discovery.DiscoveryClient    : Single vip registry refresh property : null
2025-05-17T14:43:41.544+02:00  INFO 15144 --- [api-gateway] [    Test worker] com.netflix.discovery.DiscoveryClient    : Force full registry fetch : false
2025-05-17T14:43:41.544+02:00  INFO 15144 --- [api-gateway] [    Test worker] com.netflix.discovery.DiscoveryClient    : Application is null : false
2025-05-17T14:43:41.544+02:00  INFO 15144 --- [api-gateway] [    Test worker] com.netflix.discovery.DiscoveryClient    : Registered Applications size is zero : true
2025-05-17T14:43:41.544+02:00  INFO 15144 --- [api-gateway] [    Test worker] com.netflix.discovery.DiscoveryClient    : Application version is -1: true
2025-05-17T14:43:41.544+02:00  INFO 15144 --- [api-gateway] [    Test worker] com.netflix.discovery.DiscoveryClient    : Getting all instance registry info from the eureka server
2025-05-17T14:43:42.276+02:00  INFO 15144 --- [api-gateway] [    Test worker] com.netflix.discovery.DiscoveryClient    : The response status is 200
2025-05-17T14:43:42.280+02:00  INFO 15144 --- [api-gateway] [    Test worker] com.netflix.discovery.DiscoveryClient    : Starting heartbeat executor: renew interval is: 30
2025-05-17T14:43:42.283+02:00  INFO 15144 --- [api-gateway] [    Test worker] c.n.discovery.InstanceInfoReplicator     : InstanceInfoReplicator onDemand update allowed rate per min is 4
2025-05-17T14:43:42.287+02:00  INFO 15144 --- [api-gateway] [    Test worker] com.netflix.discovery.DiscoveryClient    : Discovery Client initialized at timestamp 1747485822284 with initial instances count: 2
2025-05-17T14:43:42.291+02:00  INFO 15144 --- [api-gateway] [    Test worker] o.s.c.n.e.s.EurekaServiceRegistry        : Registering application API-GATEWAY with eureka with status UP
2025-05-17T14:43:42.292+02:00  INFO 15144 --- [api-gateway] [    Test worker] com.netflix.discovery.DiscoveryClient    : Saw local status change event StatusChangeEvent [timestamp=1747485822292, current=UP, previous=STARTING]
2025-05-17T14:43:42.293+02:00  INFO 15144 --- [api-gateway] [foReplicator-%d] com.netflix.discovery.DiscoveryClient    : DiscoveryClient_API-GATEWAY/host.docker.internal:api-gateway:8078: registering service...
2025-05-17T14:43:42.348+02:00  INFO 15144 --- [api-gateway] [    Test worker] c.p.a.ApiGatewayApplicationTests         : Started ApiGatewayApplicationTests in 4.474 seconds (process running for 6.068)
2025-05-17T14:43:42.432+02:00  INFO 15144 --- [api-gateway] [foReplicator-%d] com.netflix.discovery.DiscoveryClient    : DiscoveryClient_API-GATEWAY/host.docker.internal:api-gateway:8078 - registration status: 204
]]></system-out>
  <system-err><![CDATA[]]></system-err>
</testsuite>
