<?xml version="1.0" encoding="UTF-8"?>
<testsuite name="com.pibbletv.api_gateway.ApiGatewayApplicationTests" tests="1" skipped="0" failures="0" errors="0" timestamp="2025-04-26T20:20:21.366Z" hostname="DESKTOP-NS6POVE" time="0.876">
  <properties/>
  <testcase name="contextLoads()" classname="com.pibbletv.api_gateway.ApiGatewayApplicationTests" time="0.876"/>
  <system-out><![CDATA[Standard Commons Logging discovery in action with spring-jcl: please remove commons-logging.jar from classpath in order to avoid potential conflicts
22:20:16.182 [Test worker] INFO org.springframework.test.context.support.AnnotationConfigContextLoaderUtils -- Could not detect default configuration classes for test class [com.pibbletv.api_gateway.ApiGatewayApplicationTests]: ApiGatewayApplicationTests does not declare any static, non-private, non-final, nested classes annotated with @Configuration.
22:20:16.348 [Test worker] INFO org.springframework.boot.test.context.SpringBootTestContextBootstrapper -- Found @SpringBootConfiguration com.pibbletv.api_gateway.ApiGatewayApplication for test class com.pibbletv.api_gateway.ApiGatewayApplicationTests
2025-04-26T22:20:17.048+02:00 TRACE 13448 --- [api-gateway] [    Test worker] o.s.c.io.support.SpringFactoriesLoader   : Loaded [org.springframework.boot.ApplicationContextFactory] names: [org.springframework.boot.web.reactive.context.ReactiveWebServerApplicationContextFactory, org.springframework.boot.web.servlet.context.ServletWebServerApplicationContextFactory]

  .   ____          _            __ _ _
 /\\ / ___'_ __ _ _(_)_ __  __ _ \ \ \ \
( ( )\___ | '_ | '_| | '_ \/ _` | \ \ \ \
 \\/  ___)| |_)| | | | | || (_| |  ) ) ) )
  '  |____| .__|_| |_|_| |_\__, | / / / /
 =========|_|==============|___/=/_/_/_/

 :: Spring Boot ::                (v3.4.4)

2025-04-26T22:20:17.091+02:00 DEBUG 13448 --- [api-gateway] [kground-preinit] org.jboss.logging                        : Logging Provider: org.jboss.logging.Slf4jLoggerProvider found via system property
2025-04-26T22:20:17.104+02:00 DEBUG 13448 --- [api-gateway] [kground-preinit] o.h.v.i.xml.config.ValidationXmlParser   : Trying to load META-INF/validation.xml for XML based Validator configuration.
2025-04-26T22:20:17.108+02:00 DEBUG 13448 --- [api-gateway] [kground-preinit] o.h.v.i.xml.config.ResourceLoaderHelper  : Trying to load META-INF/validation.xml via TCCL
2025-04-26T22:20:17.108+02:00 DEBUG 13448 --- [api-gateway] [kground-preinit] o.h.v.i.xml.config.ResourceLoaderHelper  : Trying to load META-INF/validation.xml via Hibernate Validator's class loader
2025-04-26T22:20:17.108+02:00 DEBUG 13448 --- [api-gateway] [kground-preinit] o.h.v.i.xml.config.ValidationXmlParser   : No META-INF/validation.xml found. Using annotation based configuration only.
2025-04-26T22:20:17.115+02:00 DEBUG 13448 --- [api-gateway] [kground-preinit] o.h.v.i.e.resolver.TraversableResolvers  : Cannot find jakarta.persistence.Persistence on classpath. Assuming non JPA 2 environment. All properties will per default be traversable.
2025-04-26T22:20:17.122+02:00 TRACE 13448 --- [api-gateway] [    Test worker] o.s.b.f.s.DefaultListableBeanFactory     : Returning cached instance of singleton bean 'autoConfigurationReport'
2025-04-26T22:20:17.126+02:00 TRACE 13448 --- [api-gateway] [    Test worker] o.s.c.io.support.SpringFactoriesLoader   : Loaded [org.springframework.core.io.ProtocolResolver] names: [org.springframework.boot.io.Base64ProtocolResolver]
2025-04-26T22:20:17.141+02:00  INFO 13448 --- [api-gateway] [    Test worker] c.p.a.ApiGatewayApplicationTests         : Starting ApiGatewayApplicationTests using Java 17.0.12 with PID 13448 (started by hristo in D:\Individual Assignment\PibbleTV-Backend\api-gateway)
2025-04-26T22:20:17.142+02:00 DEBUG 13448 --- [api-gateway] [    Test worker] c.p.a.ApiGatewayApplicationTests         : Running with Spring Boot v3.4.4, Spring v6.2.5
2025-04-26T22:20:17.142+02:00  INFO 13448 --- [api-gateway] [    Test worker] c.p.a.ApiGatewayApplicationTests         : No active profile set, falling back to 1 default profile: "default"
2025-04-26T22:20:17.143+02:00 DEBUG 13448 --- [api-gateway] [    Test worker] o.s.boot.SpringApplication               : Loading source class com.pibbletv.api_gateway.ApiGatewayApplication
2025-04-26T22:20:17.145+02:00 DEBUG 13448 --- [api-gateway] [kground-preinit] .h.v.m.ResourceBundleMessageInterpolator : Failed to load expression factory via classloader jdk.internal.loader.ClassLoaders$AppClassLoader@73d16e93

java.lang.NoClassDefFoundError: jakarta/el/ExpressionFactory
	at org.hibernate.validator.messageinterpolation.ResourceBundleMessageInterpolator.canLoadExpressionFactory(ResourceBundleMessageInterpolator.java:228) ~[hibernate-validator-8.0.2.Final.jar:8.0.2.Final]
	at org.hibernate.validator.messageinterpolation.ResourceBundleMessageInterpolator.buildExpressionFactory(ResourceBundleMessageInterpolator.java:173) ~[hibernate-validator-8.0.2.Final.jar:8.0.2.Final]
	at org.hibernate.validator.messageinterpolation.ResourceBundleMessageInterpolator.<init>(ResourceBundleMessageInterpolator.java:97) ~[hibernate-validator-8.0.2.Final.jar:8.0.2.Final]
	at org.hibernate.validator.internal.engine.AbstractConfigurationImpl.getDefaultMessageInterpolator(AbstractConfigurationImpl.java:575) ~[hibernate-validator-8.0.2.Final.jar:8.0.2.Final]
	at org.hibernate.validator.internal.engine.AbstractConfigurationImpl.getDefaultMessageInterpolatorConfiguredWithClassLoader(AbstractConfigurationImpl.java:834) ~[hibernate-validator-8.0.2.Final.jar:8.0.2.Final]
	at org.hibernate.validator.internal.engine.AbstractConfigurationImpl.getMessageInterpolator(AbstractConfigurationImpl.java:485) ~[hibernate-validator-8.0.2.Final.jar:8.0.2.Final]
	at org.hibernate.validator.internal.engine.ValidatorFactoryImpl.<init>(ValidatorFactoryImpl.java:157) ~[hibernate-validator-8.0.2.Final.jar:8.0.2.Final]
	at org.hibernate.validator.HibernateValidator.buildValidatorFactory(HibernateValidator.java:38) ~[hibernate-validator-8.0.2.Final.jar:8.0.2.Final]
	at org.hibernate.validator.internal.engine.AbstractConfigurationImpl.buildValidatorFactory(AbstractConfigurationImpl.java:453) ~[hibernate-validator-8.0.2.Final.jar:8.0.2.Final]
	at org.springframework.boot.autoconfigure.BackgroundPreinitializer$ValidationInitializer.run(BackgroundPreinitializer.java:159) ~[spring-boot-autoconfigure-3.4.4.jar:3.4.4]
	at org.springframework.boot.autoconfigure.BackgroundPreinitializer$1.runSafely(BackgroundPreinitializer.java:120) ~[spring-boot-autoconfigure-3.4.4.jar:3.4.4]
	at org.springframework.boot.autoconfigure.BackgroundPreinitializer$1.run(BackgroundPreinitializer.java:105) ~[spring-boot-autoconfigure-3.4.4.jar:3.4.4]
	at java.base/java.lang.Thread.run(Thread.java:842) ~[na:na]
Caused by: java.lang.ClassNotFoundException: jakarta.el.ExpressionFactory
	at java.base/jdk.internal.loader.BuiltinClassLoader.loadClass(BuiltinClassLoader.java:641) ~[na:na]
	at java.base/jdk.internal.loader.ClassLoaders$AppClassLoader.loadClass(ClassLoaders.java:188) ~[na:na]
	at java.base/java.lang.ClassLoader.loadClass(ClassLoader.java:525) ~[na:na]
	... 13 common frames omitted

2025-04-26T22:20:17.151+02:00 DEBUG 13448 --- [api-gateway] [kground-preinit] .h.v.m.ResourceBundleMessageInterpolator : Failed to load expression factory via classloader jdk.internal.loader.ClassLoaders$AppClassLoader@73d16e93

java.lang.NoClassDefFoundError: jakarta/el/ExpressionFactory
	at org.hibernate.validator.messageinterpolation.ResourceBundleMessageInterpolator.canLoadExpressionFactory(ResourceBundleMessageInterpolator.java:228) ~[hibernate-validator-8.0.2.Final.jar:8.0.2.Final]
	at org.hibernate.validator.messageinterpolation.ResourceBundleMessageInterpolator.buildExpressionFactory(ResourceBundleMessageInterpolator.java:186) ~[hibernate-validator-8.0.2.Final.jar:8.0.2.Final]
	at org.hibernate.validator.messageinterpolation.ResourceBundleMessageInterpolator.<init>(ResourceBundleMessageInterpolator.java:97) ~[hibernate-validator-8.0.2.Final.jar:8.0.2.Final]
	at org.hibernate.validator.internal.engine.AbstractConfigurationImpl.getDefaultMessageInterpolator(AbstractConfigurationImpl.java:575) ~[hibernate-validator-8.0.2.Final.jar:8.0.2.Final]
	at org.hibernate.validator.internal.engine.AbstractConfigurationImpl.getDefaultMessageInterpolatorConfiguredWithClassLoader(AbstractConfigurationImpl.java:834) ~[hibernate-validator-8.0.2.Final.jar:8.0.2.Final]
	at org.hibernate.validator.internal.engine.AbstractConfigurationImpl.getMessageInterpolator(AbstractConfigurationImpl.java:485) ~[hibernate-validator-8.0.2.Final.jar:8.0.2.Final]
	at org.hibernate.validator.internal.engine.ValidatorFactoryImpl.<init>(ValidatorFactoryImpl.java:157) ~[hibernate-validator-8.0.2.Final.jar:8.0.2.Final]
	at org.hibernate.validator.HibernateValidator.buildValidatorFactory(HibernateValidator.java:38) ~[hibernate-validator-8.0.2.Final.jar:8.0.2.Final]
	at org.hibernate.validator.internal.engine.AbstractConfigurationImpl.buildValidatorFactory(AbstractConfigurationImpl.java:453) ~[hibernate-validator-8.0.2.Final.jar:8.0.2.Final]
	at org.springframework.boot.autoconfigure.BackgroundPreinitializer$ValidationInitializer.run(BackgroundPreinitializer.java:159) ~[spring-boot-autoconfigure-3.4.4.jar:3.4.4]
	at org.springframework.boot.autoconfigure.BackgroundPreinitializer$1.runSafely(BackgroundPreinitializer.java:120) ~[spring-boot-autoconfigure-3.4.4.jar:3.4.4]
	at org.springframework.boot.autoconfigure.BackgroundPreinitializer$1.run(BackgroundPreinitializer.java:105) ~[spring-boot-autoconfigure-3.4.4.jar:3.4.4]
	at java.base/java.lang.Thread.run(Thread.java:842) ~[na:na]
Caused by: java.lang.ClassNotFoundException: jakarta.el.ExpressionFactory
	... 13 common frames omitted

2025-04-26T22:20:17.170+02:00 TRACE 13448 --- [api-gateway] [    Test worker] o.s.c.a.ClassPathBeanDefinitionScanner   : JSR-250 'jakarta.annotation.ManagedBean' found and supported for component scanning
2025-04-26T22:20:17.170+02:00 TRACE 13448 --- [api-gateway] [    Test worker] o.s.c.a.ClassPathBeanDefinitionScanner   : JSR-250 'javax.annotation.ManagedBean' found and supported for component scanning
2025-04-26T22:20:17.171+02:00 TRACE 13448 --- [api-gateway] [    Test worker] o.s.c.a.ClassPathBeanDefinitionScanner   : JSR-330 'jakarta.inject.Named' annotation found and supported for component scanning
2025-04-26T22:20:17.187+02:00 TRACE 13448 --- [api-gateway] [    Test worker] uePropertySourceEnvironmentPostProcessor : RandomValuePropertySource add to Environment
2025-04-26T22:20:17.187+02:00 TRACE 13448 --- [api-gateway] [    Test worker] b.c.c.ConfigDataEnvironmentPostProcessor : Post-processing environment to add config data
2025-04-26T22:20:17.187+02:00 TRACE 13448 --- [api-gateway] [    Test worker] o.s.b.c.config.ConfigDataEnvironment     : Building config data environment contributors
2025-04-26T22:20:17.188+02:00 TRACE 13448 --- [api-gateway] [    Test worker] o.s.b.c.config.ConfigDataEnvironment     : Creating wrapped config data contributor for 'Inlined Test Properties'
2025-04-26T22:20:17.188+02:00 TRACE 13448 --- [api-gateway] [    Test worker] o.s.b.c.config.ConfigDataEnvironment     : Creating wrapped config data contributor for 'configurationProperties'
2025-04-26T22:20:17.188+02:00 TRACE 13448 --- [api-gateway] [    Test worker] o.s.b.c.config.ConfigDataEnvironment     : Creating wrapped config data contributor for 'systemProperties'
2025-04-26T22:20:17.188+02:00 TRACE 13448 --- [api-gateway] [    Test worker] o.s.b.c.config.ConfigDataEnvironment     : Creating wrapped config data contributor for 'systemEnvironment'
2025-04-26T22:20:17.188+02:00 TRACE 13448 --- [api-gateway] [    Test worker] o.s.b.c.config.ConfigDataEnvironment     : Creating wrapped config data contributor for 'random'
2025-04-26T22:20:17.189+02:00 TRACE 13448 --- [api-gateway] [    Test worker] o.s.b.c.config.ConfigDataEnvironment     : Creating wrapped config data contributor for 'applicationInfo'
2025-04-26T22:20:17.189+02:00 TRACE 13448 --- [api-gateway] [    Test worker] o.s.b.c.config.ConfigDataEnvironment     : Creating wrapped config data contributor for 'cachedrandom'
2025-04-26T22:20:17.189+02:00 TRACE 13448 --- [api-gateway] [    Test worker] o.s.b.c.config.ConfigDataEnvironment     : Adding initial config data import from location 'optional:file:./;optional:file:./config/;optional:file:./config/*/'
2025-04-26T22:20:17.189+02:00 TRACE 13448 --- [api-gateway] [    Test worker] o.s.b.c.config.ConfigDataEnvironment     : Adding initial config data import from location 'optional:classpath:/;optional:classpath:/config/'
2025-04-26T22:20:17.189+02:00 TRACE 13448 --- [api-gateway] [    Test worker] o.s.b.c.config.ConfigDataEnvironment     : Processing initial config data environment contributors without activation context
2025-04-26T22:20:17.189+02:00 TRACE 13448 --- [api-gateway] [    Test worker] .b.c.c.ConfigDataEnvironmentContributors : Processing imports for phase BEFORE_PROFILE_ACTIVATION. no activation context
2025-04-26T22:20:17.189+02:00 TRACE 13448 --- [api-gateway] [    Test worker] .b.c.c.ConfigDataEnvironmentContributors : Processing imports [optional:file:./;optional:file:./config/;optional:file:./config/*/]
2025-04-26T22:20:17.189+02:00 TRACE 13448 --- [api-gateway] [    Test worker] b.c.c.StandardConfigDataLocationResolver : Skipping missing resource file:./application.yaml
2025-04-26T22:20:17.189+02:00 TRACE 13448 --- [api-gateway] [    Test worker] b.c.c.StandardConfigDataLocationResolver : Skipping missing resource file:./application.yml
2025-04-26T22:20:17.189+02:00 TRACE 13448 --- [api-gateway] [    Test worker] b.c.c.StandardConfigDataLocationResolver : Skipping missing resource file:./application.xml
2025-04-26T22:20:17.190+02:00 TRACE 13448 --- [api-gateway] [    Test worker] b.c.c.StandardConfigDataLocationResolver : Skipping missing resource file:./application.properties
2025-04-26T22:20:17.190+02:00 TRACE 13448 --- [api-gateway] [    Test worker] b.c.c.StandardConfigDataLocationResolver : Skipping missing resource file:./config/application.yaml
2025-04-26T22:20:17.190+02:00 TRACE 13448 --- [api-gateway] [    Test worker] b.c.c.StandardConfigDataLocationResolver : Skipping missing resource file:./config/application.yml
2025-04-26T22:20:17.190+02:00 TRACE 13448 --- [api-gateway] [    Test worker] b.c.c.StandardConfigDataLocationResolver : Skipping missing resource file:./config/application.xml
2025-04-26T22:20:17.190+02:00 TRACE 13448 --- [api-gateway] [    Test worker] b.c.c.StandardConfigDataLocationResolver : Skipping missing resource file:./config/application.properties
2025-04-26T22:20:17.190+02:00 TRACE 13448 --- [api-gateway] [    Test worker] o.s.b.context.config.ConfigDataImporter  : Considering resource file [.] from location optional:file:./;optional:file:./config/;optional:file:./config/*/
2025-04-26T22:20:17.191+02:00 TRACE 13448 --- [api-gateway] [    Test worker] o.s.b.context.config.ConfigDataLoaders   : Loading file [.] using loader org.springframework.boot.context.config.StandardConfigDataLoader
2025-04-26T22:20:17.191+02:00 TRACE 13448 --- [api-gateway] [    Test worker] o.s.b.context.config.ConfigDataImporter  : Loaded resource file [.] from location optional:file:./;optional:file:./config/;optional:file:./config/*/
2025-04-26T22:20:17.194+02:00 TRACE 13448 --- [api-gateway] [    Test worker] .b.c.c.ConfigDataEnvironmentContributors : Imported 1 resource [file [.]]
2025-04-26T22:20:17.194+02:00 TRACE 13448 --- [api-gateway] [    Test worker] .b.c.c.ConfigDataEnvironmentContributors : Processing imports [optional:classpath:/;optional:classpath:/config/]
2025-04-26T22:20:17.194+02:00 TRACE 13448 --- [api-gateway] [    Test worker] b.c.c.StandardConfigDataLocationResolver : Skipping missing resource classpath:/application.yaml
2025-04-26T22:20:17.194+02:00 TRACE 13448 --- [api-gateway] [    Test worker] b.c.c.StandardConfigDataLocationResolver : Skipping missing resource classpath:/application.yml
2025-04-26T22:20:17.194+02:00 TRACE 13448 --- [api-gateway] [    Test worker] b.c.c.StandardConfigDataLocationResolver : Skipping missing resource classpath:/application.xml
2025-04-26T22:20:17.194+02:00 TRACE 13448 --- [api-gateway] [    Test worker] b.c.c.StandardConfigDataLocationResolver : Skipping missing resource classpath:/config/application.yaml
2025-04-26T22:20:17.195+02:00 TRACE 13448 --- [api-gateway] [    Test worker] b.c.c.StandardConfigDataLocationResolver : Skipping missing resource classpath:/config/application.yml
2025-04-26T22:20:17.195+02:00 TRACE 13448 --- [api-gateway] [    Test worker] b.c.c.StandardConfigDataLocationResolver : Skipping missing resource classpath:/config/application.xml
2025-04-26T22:20:17.195+02:00 TRACE 13448 --- [api-gateway] [    Test worker] b.c.c.StandardConfigDataLocationResolver : Skipping missing resource classpath:/config/application.properties
2025-04-26T22:20:17.195+02:00 TRACE 13448 --- [api-gateway] [    Test worker] o.s.b.context.config.ConfigDataImporter  : Considering resource class path resource [application.properties] from location optional:classpath:/;optional:classpath:/config/
2025-04-26T22:20:17.195+02:00 TRACE 13448 --- [api-gateway] [    Test worker] o.s.b.context.config.ConfigDataLoaders   : Loading class path resource [application.properties] using loader org.springframework.boot.context.config.StandardConfigDataLoader
2025-04-26T22:20:17.195+02:00 TRACE 13448 --- [api-gateway] [    Test worker] o.s.b.context.config.ConfigDataImporter  : Loaded resource class path resource [application.properties] from location optional:classpath:/;optional:classpath:/config/
2025-04-26T22:20:17.195+02:00 TRACE 13448 --- [api-gateway] [    Test worker] .b.c.c.ConfigDataEnvironmentContributors : Imported 1 resource [class path resource [application.properties]]
2025-04-26T22:20:17.195+02:00 TRACE 13448 --- [api-gateway] [    Test worker] .b.c.c.ConfigDataEnvironmentContributors : Processed imports for of 2 contributors
2025-04-26T22:20:17.196+02:00 TRACE 13448 --- [api-gateway] [    Test worker] o.s.b.c.config.ConfigDataEnvironment     : Creating config data activation context from initial contributions
2025-04-26T22:20:17.196+02:00 TRACE 13448 --- [api-gateway] [    Test worker] o.s.b.c.config.ConfigDataEnvironment     : Processing config data environment contributors with initial activation context
2025-04-26T22:20:17.197+02:00 TRACE 13448 --- [api-gateway] [    Test worker] .b.c.c.ConfigDataEnvironmentContributors : Processing imports for phase BEFORE_PROFILE_ACTIVATION. [ConfigDataActivationContext@7159a5cd cloudPlatform = [null], profiles = [null]]
2025-04-26T22:20:17.198+02:00 TRACE 13448 --- [api-gateway] [    Test worker] .b.c.c.ConfigDataEnvironmentContributors : Processed imports for of 0 contributors
2025-04-26T22:20:17.198+02:00 TRACE 13448 --- [api-gateway] [    Test worker] o.s.b.c.config.ConfigDataEnvironment     : Deducing profiles from current config data environment contributors
2025-04-26T22:20:17.198+02:00 TRACE 13448 --- [api-gateway] [    Test worker] o.s.b.c.config.ConfigDataEnvironment     : Processing config data environment contributors with profile activation context
2025-04-26T22:20:17.199+02:00 TRACE 13448 --- [api-gateway] [    Test worker] .b.c.c.ConfigDataEnvironmentContributors : Processing imports for phase AFTER_PROFILE_ACTIVATION. [ConfigDataActivationContext@4f966719 cloudPlatform = [null], profiles = [Profiles@18ac53e8 active = '[]', default = '[default]', accepted = '[default]']]
2025-04-26T22:20:17.199+02:00 TRACE 13448 --- [api-gateway] [    Test worker] .b.c.c.ConfigDataEnvironmentContributors : Processing imports [optional:file:./;optional:file:./config/;optional:file:./config/*/]
2025-04-26T22:20:17.199+02:00 TRACE 13448 --- [api-gateway] [    Test worker] b.c.c.StandardConfigDataLocationResolver : Skipping missing resource file:./application.yaml
2025-04-26T22:20:17.199+02:00 TRACE 13448 --- [api-gateway] [    Test worker] b.c.c.StandardConfigDataLocationResolver : Skipping missing resource file:./application.yml
2025-04-26T22:20:17.199+02:00 TRACE 13448 --- [api-gateway] [    Test worker] b.c.c.StandardConfigDataLocationResolver : Skipping missing resource file:./application.xml
2025-04-26T22:20:17.199+02:00 TRACE 13448 --- [api-gateway] [    Test worker] b.c.c.StandardConfigDataLocationResolver : Skipping missing resource file:./application.properties
2025-04-26T22:20:17.199+02:00 TRACE 13448 --- [api-gateway] [    Test worker] b.c.c.StandardConfigDataLocationResolver : Skipping missing resource file:./config/application.yaml
2025-04-26T22:20:17.199+02:00 TRACE 13448 --- [api-gateway] [    Test worker] b.c.c.StandardConfigDataLocationResolver : Skipping missing resource file:./config/application.yml
2025-04-26T22:20:17.199+02:00 TRACE 13448 --- [api-gateway] [    Test worker] b.c.c.StandardConfigDataLocationResolver : Skipping missing resource file:./config/application.xml
2025-04-26T22:20:17.199+02:00 TRACE 13448 --- [api-gateway] [    Test worker] b.c.c.StandardConfigDataLocationResolver : Skipping missing resource file:./config/application.properties
2025-04-26T22:20:17.200+02:00 TRACE 13448 --- [api-gateway] [    Test worker] b.c.c.StandardConfigDataLocationResolver : Skipping missing resource file:./application-default.yaml
2025-04-26T22:20:17.200+02:00 TRACE 13448 --- [api-gateway] [    Test worker] b.c.c.StandardConfigDataLocationResolver : Skipping missing resource file:./application-default.yml
2025-04-26T22:20:17.200+02:00 TRACE 13448 --- [api-gateway] [    Test worker] b.c.c.StandardConfigDataLocationResolver : Skipping missing resource file:./application-default.xml
2025-04-26T22:20:17.200+02:00 TRACE 13448 --- [api-gateway] [    Test worker] b.c.c.StandardConfigDataLocationResolver : Skipping missing resource file:./application-default.properties
2025-04-26T22:20:17.200+02:00 TRACE 13448 --- [api-gateway] [    Test worker] b.c.c.StandardConfigDataLocationResolver : Skipping missing resource file:./config/application-default.yaml
2025-04-26T22:20:17.200+02:00 TRACE 13448 --- [api-gateway] [    Test worker] b.c.c.StandardConfigDataLocationResolver : Skipping missing resource file:./config/application-default.yml
2025-04-26T22:20:17.200+02:00 TRACE 13448 --- [api-gateway] [    Test worker] b.c.c.StandardConfigDataLocationResolver : Skipping missing resource file:./config/application-default.xml
2025-04-26T22:20:17.200+02:00 TRACE 13448 --- [api-gateway] [    Test worker] b.c.c.StandardConfigDataLocationResolver : Skipping missing resource file:./config/application-default.properties
2025-04-26T22:20:17.200+02:00 TRACE 13448 --- [api-gateway] [    Test worker] o.s.b.context.config.ConfigDataImporter  : Considering resource file [.] from location optional:file:./;optional:file:./config/;optional:file:./config/*/
2025-04-26T22:20:17.201+02:00 TRACE 13448 --- [api-gateway] [    Test worker] o.s.b.context.config.ConfigDataImporter  : Already loaded resource file [.] ignoring location optional:file:./;optional:file:./config/;optional:file:./config/*/
2025-04-26T22:20:17.201+02:00 TRACE 13448 --- [api-gateway] [    Test worker] o.s.b.context.config.ConfigDataImporter  : Considering resource file [.] from location optional:file:./;optional:file:./config/;optional:file:./config/*/
2025-04-26T22:20:17.201+02:00 TRACE 13448 --- [api-gateway] [    Test worker] o.s.b.context.config.ConfigDataImporter  : Already loaded resource file [.] ignoring location optional:file:./;optional:file:./config/;optional:file:./config/*/
2025-04-26T22:20:17.201+02:00 TRACE 13448 --- [api-gateway] [    Test worker] .b.c.c.ConfigDataEnvironmentContributors : Nothing imported
2025-04-26T22:20:17.201+02:00 TRACE 13448 --- [api-gateway] [    Test worker] .b.c.c.ConfigDataEnvironmentContributors : Processing imports [optional:classpath:/;optional:classpath:/config/]
2025-04-26T22:20:17.201+02:00 TRACE 13448 --- [api-gateway] [    Test worker] b.c.c.StandardConfigDataLocationResolver : Skipping missing resource classpath:/application.yaml
2025-04-26T22:20:17.201+02:00 TRACE 13448 --- [api-gateway] [    Test worker] b.c.c.StandardConfigDataLocationResolver : Skipping missing resource classpath:/application.yml
2025-04-26T22:20:17.202+02:00 TRACE 13448 --- [api-gateway] [    Test worker] b.c.c.StandardConfigDataLocationResolver : Skipping missing resource classpath:/application.xml
2025-04-26T22:20:17.202+02:00 TRACE 13448 --- [api-gateway] [    Test worker] b.c.c.StandardConfigDataLocationResolver : Skipping missing resource classpath:/config/application.yaml
2025-04-26T22:20:17.202+02:00 TRACE 13448 --- [api-gateway] [    Test worker] b.c.c.StandardConfigDataLocationResolver : Skipping missing resource classpath:/config/application.yml
2025-04-26T22:20:17.202+02:00 TRACE 13448 --- [api-gateway] [    Test worker] b.c.c.StandardConfigDataLocationResolver : Skipping missing resource classpath:/config/application.xml
2025-04-26T22:20:17.202+02:00 TRACE 13448 --- [api-gateway] [    Test worker] b.c.c.StandardConfigDataLocationResolver : Skipping missing resource classpath:/config/application.properties
2025-04-26T22:20:17.202+02:00 TRACE 13448 --- [api-gateway] [    Test worker] b.c.c.StandardConfigDataLocationResolver : Skipping missing resource classpath:/application-default.yaml
2025-04-26T22:20:17.202+02:00 TRACE 13448 --- [api-gateway] [    Test worker] b.c.c.StandardConfigDataLocationResolver : Skipping missing resource classpath:/application-default.yml
2025-04-26T22:20:17.202+02:00 TRACE 13448 --- [api-gateway] [    Test worker] b.c.c.StandardConfigDataLocationResolver : Skipping missing resource classpath:/application-default.xml
2025-04-26T22:20:17.202+02:00 TRACE 13448 --- [api-gateway] [    Test worker] b.c.c.StandardConfigDataLocationResolver : Skipping missing resource classpath:/application-default.properties
2025-04-26T22:20:17.202+02:00 TRACE 13448 --- [api-gateway] [    Test worker] b.c.c.StandardConfigDataLocationResolver : Skipping missing resource classpath:/config/application-default.yaml
2025-04-26T22:20:17.203+02:00 TRACE 13448 --- [api-gateway] [    Test worker] b.c.c.StandardConfigDataLocationResolver : Skipping missing resource classpath:/config/application-default.yml
2025-04-26T22:20:17.203+02:00 TRACE 13448 --- [api-gateway] [    Test worker] b.c.c.StandardConfigDataLocationResolver : Skipping missing resource classpath:/config/application-default.xml
2025-04-26T22:20:17.203+02:00 TRACE 13448 --- [api-gateway] [    Test worker] b.c.c.StandardConfigDataLocationResolver : Skipping missing resource classpath:/config/application-default.properties
2025-04-26T22:20:17.203+02:00 TRACE 13448 --- [api-gateway] [    Test worker] o.s.b.context.config.ConfigDataImporter  : Considering resource class path resource [application.properties] from location optional:classpath:/;optional:classpath:/config/
2025-04-26T22:20:17.203+02:00 TRACE 13448 --- [api-gateway] [    Test worker] o.s.b.context.config.ConfigDataImporter  : Already loaded resource class path resource [application.properties] ignoring location optional:classpath:/;optional:classpath:/config/
2025-04-26T22:20:17.203+02:00 TRACE 13448 --- [api-gateway] [    Test worker] .b.c.c.ConfigDataEnvironmentContributors : Nothing imported
2025-04-26T22:20:17.203+02:00 TRACE 13448 --- [api-gateway] [    Test worker] .b.c.c.ConfigDataEnvironmentContributors : Processed imports for of 2 contributors
2025-04-26T22:20:17.203+02:00 TRACE 13448 --- [api-gateway] [    Test worker] o.s.b.c.config.ConfigDataEnvironment     : Applying config data environment contributions
2025-04-26T22:20:17.204+02:00 TRACE 13448 --- [api-gateway] [    Test worker] o.s.b.c.config.ConfigDataEnvironment     : Adding imported property source 'Config resource 'class path resource [application.properties]' via location 'optional:classpath:/''
2025-04-26T22:20:17.204+02:00 TRACE 13448 --- [api-gateway] [    Test worker] o.s.b.c.config.ConfigDataEnvironment     : Setting default profiles: [default]
2025-04-26T22:20:17.204+02:00 TRACE 13448 --- [api-gateway] [    Test worker] o.s.b.c.config.ConfigDataEnvironment     : Setting active profiles: []
2025-04-26T22:20:17.212+02:00 TRACE 13448 --- [api-gateway] [    Test worker] r.c.GenericReactiveWebApplicationContext : Refreshing org.springframework.boot.web.reactive.context.GenericReactiveWebApplicationContext@79d743e6, started on Sat Apr 26 22:20:17 CEST 2025
2025-04-26T22:20:17.237+02:00 DEBUG 13448 --- [api-gateway] [    Test worker] o.s.b.f.s.DefaultListableBeanFactory     : Creating shared instance of singleton bean 'org.springframework.context.annotation.internalConfigurationAnnotationProcessor'
2025-04-26T22:20:17.237+02:00 TRACE 13448 --- [api-gateway] [    Test worker] o.s.b.f.s.DefaultListableBeanFactory     : Creating instance of bean 'org.springframework.context.annotation.internalConfigurationAnnotationProcessor'
2025-04-26T22:20:17.257+02:00 DEBUG 13448 --- [api-gateway] [    Test worker] o.s.b.f.s.DefaultListableBeanFactory     : Creating shared instance of singleton bean 'org.springframework.boot.autoconfigure.internalCachingMetadataReaderFactory'
2025-04-26T22:20:17.258+02:00 TRACE 13448 --- [api-gateway] [    Test worker] o.s.b.f.s.DefaultListableBeanFactory     : Creating instance of bean 'org.springframework.boot.autoconfigure.internalCachingMetadataReaderFactory'
2025-04-26T22:20:17.260+02:00 TRACE 13448 --- [api-gateway] [    Test worker] o.s.b.f.s.DefaultListableBeanFactory     : Finished creating instance of bean 'org.springframework.boot.autoconfigure.internalCachingMetadataReaderFactory'
2025-04-26T22:20:17.263+02:00 TRACE 13448 --- [api-gateway] [    Test worker] o.s.c.io.support.SpringFactoriesLoader   : Loaded [org.springframework.beans.BeanInfoFactory] names: []
2025-04-26T22:20:17.265+02:00 TRACE 13448 --- [api-gateway] [    Test worker] o.s.beans.CachedIntrospectionResults     : Getting BeanInfo for class [org.springframework.context.annotation.ConfigurationClassPostProcessor]
2025-04-26T22:20:17.269+02:00 TRACE 13448 --- [api-gateway] [    Test worker] o.s.beans.CachedIntrospectionResults     : Caching PropertyDescriptors for class [org.springframework.context.annotation.ConfigurationClassPostProcessor]
2025-04-26T22:20:17.270+02:00 TRACE 13448 --- [api-gateway] [    Test worker] o.s.beans.CachedIntrospectionResults     : Found bean property 'applicationStartup' of type [org.springframework.core.metrics.ApplicationStartup]
2025-04-26T22:20:17.271+02:00 TRACE 13448 --- [api-gateway] [    Test worker] o.s.beans.CachedIntrospectionResults     : Found bean property 'beanClassLoader' of type [java.lang.ClassLoader]
2025-04-26T22:20:17.271+02:00 TRACE 13448 --- [api-gateway] [    Test worker] o.s.beans.CachedIntrospectionResults     : Found bean property 'beanExcludedFromAotProcessing' of type [boolean]
2025-04-26T22:20:17.271+02:00 TRACE 13448 --- [api-gateway] [    Test worker] o.s.beans.CachedIntrospectionResults     : Found bean property 'beanNameGenerator' of type [org.springframework.beans.factory.support.BeanNameGenerator]
2025-04-26T22:20:17.271+02:00 TRACE 13448 --- [api-gateway] [    Test worker] o.s.beans.CachedIntrospectionResults     : Found bean property 'class' of type [java.lang.Class]
2025-04-26T22:20:17.272+02:00 TRACE 13448 --- [api-gateway] [    Test worker] o.s.beans.CachedIntrospectionResults     : Found bean property 'environment' of type [org.springframework.core.env.Environment]
2025-04-26T22:20:17.272+02:00 TRACE 13448 --- [api-gateway] [    Test worker] o.s.beans.CachedIntrospectionResults     : Found bean property 'metadataReaderFactory' of type [org.springframework.core.type.classreading.MetadataReaderFactory]
2025-04-26T22:20:17.272+02:00 TRACE 13448 --- [api-gateway] [    Test worker] o.s.beans.CachedIntrospectionResults     : Found bean property 'order' of type [int]
2025-04-26T22:20:17.272+02:00 TRACE 13448 --- [api-gateway] [    Test worker] o.s.beans.CachedIntrospectionResults     : Found bean property 'problemReporter' of type [org.springframework.beans.factory.parsing.ProblemReporter]
2025-04-26T22:20:17.272+02:00 TRACE 13448 --- [api-gateway] [    Test worker] o.s.beans.CachedIntrospectionResults     : Found bean property 'resourceLoader' of type [org.springframework.core.io.ResourceLoader]
2025-04-26T22:20:17.272+02:00 TRACE 13448 --- [api-gateway] [    Test worker] o.s.beans.CachedIntrospectionResults     : Found bean property 'sourceExtractor' of type [org.springframework.beans.factory.parsing.SourceExtractor]
2025-04-26T22:20:17.277+02:00 TRACE 13448 --- [api-gateway] [    Test worker] o.s.b.f.s.DefaultListableBeanFactory     : Finished creating instance of bean 'org.springframework.context.annotation.internalConfigurationAnnotationProcessor'
2025-04-26T22:20:17.291+02:00 TRACE 13448 --- [api-gateway] [    Test worker] o.s.c.a.ClassPathBeanDefinitionScanner   : JSR-250 'jakarta.annotation.ManagedBean' found and supported for component scanning
2025-04-26T22:20:17.291+02:00 TRACE 13448 --- [api-gateway] [    Test worker] o.s.c.a.ClassPathBeanDefinitionScanner   : JSR-250 'javax.annotation.ManagedBean' found and supported for component scanning
2025-04-26T22:20:17.291+02:00 TRACE 13448 --- [api-gateway] [    Test worker] o.s.c.a.ClassPathBeanDefinitionScanner   : JSR-330 'jakarta.inject.Named' annotation found and supported for component scanning
2025-04-26T22:20:17.294+02:00 TRACE 13448 --- [api-gateway] [    Test worker] .i.s.PathMatchingResourcePatternResolver : Resolved module-path location pattern [com/pibbletv/api_gateway/**/*.class] to resources []
2025-04-26T22:20:17.294+02:00 TRACE 13448 --- [api-gateway] [    Test worker] .i.s.PathMatchingResourcePatternResolver : Resolved module-path location pattern [com/pibbletv/api_gateway/] to resources []
2025-04-26T22:20:17.295+02:00 TRACE 13448 --- [api-gateway] [    Test worker] .i.s.PathMatchingResourcePatternResolver : Resolved class path location [com/pibbletv/api_gateway/] to resources [file [D:\Individual Assignment\PibbleTV-Backend\api-gateway\build\classes\java\test\com\pibbletv\api_gateway], file [D:\Individual Assignment\PibbleTV-Backend\api-gateway\build\classes\java\main\com\pibbletv\api_gateway]]
2025-04-26T22:20:17.296+02:00 TRACE 13448 --- [api-gateway] [    Test worker] .i.s.PathMatchingResourcePatternResolver : Searching directory [D:\Individual Assignment\PibbleTV-Backend\api-gateway\build\classes\java\test\com\pibbletv\api_gateway] for files matching pattern [**/*.class]
2025-04-26T22:20:17.297+02:00 TRACE 13448 --- [api-gateway] [    Test worker] .i.s.PathMatchingResourcePatternResolver : Searching directory [D:\Individual Assignment\PibbleTV-Backend\api-gateway\build\classes\java\main\com\pibbletv\api_gateway] for files matching pattern [**/*.class]
2025-04-26T22:20:17.298+02:00 TRACE 13448 --- [api-gateway] [    Test worker] .i.s.PathMatchingResourcePatternResolver : Resolved location pattern [classpath*:com/pibbletv/api_gateway/**/*.class] to resources [file [D:\Individual Assignment\PibbleTV-Backend\api-gateway\build\classes\java\test\com\pibbletv\api_gateway\ApiGatewayApplicationTests.class], file [D:\Individual Assignment\PibbleTV-Backend\api-gateway\build\classes\java\main\com\pibbletv\api_gateway\ApiGatewayApplication.class], file [D:\Individual Assignment\PibbleTV-Backend\api-gateway\build\classes\java\main\com\pibbletv\api_gateway\dtos\CategoryDTO.class], file [D:\Individual Assignment\PibbleTV-Backend\api-gateway\build\classes\java\main\com\pibbletv\api_gateway\dtos\UserDTO.class], file [D:\Individual Assignment\PibbleTV-Backend\api-gateway\build\classes\java\main\com\pibbletv\api_gateway\GatewayConfig.class], file [D:\Individual Assignment\PibbleTV-Backend\api-gateway\build\classes\java\main\com\pibbletv\api_gateway\SecurityConfig.class]]
2025-04-26T22:20:17.299+02:00 TRACE 13448 --- [api-gateway] [    Test worker] o.s.c.a.ClassPathBeanDefinitionScanner   : Scanning file [D:\Individual Assignment\PibbleTV-Backend\api-gateway\build\classes\java\test\com\pibbletv\api_gateway\ApiGatewayApplicationTests.class]
2025-04-26T22:20:17.300+02:00 TRACE 13448 --- [api-gateway] [    Test worker] o.s.b.f.s.DefaultListableBeanFactory     : Returning cached instance of singleton bean 'org.springframework.boot.test.context.filter.TestTypeExcludeFilter'
2025-04-26T22:20:17.301+02:00 TRACE 13448 --- [api-gateway] [    Test worker] o.s.c.a.ClassPathBeanDefinitionScanner   : Ignored because not matching any filter: file [D:\Individual Assignment\PibbleTV-Backend\api-gateway\build\classes\java\test\com\pibbletv\api_gateway\ApiGatewayApplicationTests.class]
2025-04-26T22:20:17.301+02:00 TRACE 13448 --- [api-gateway] [    Test worker] o.s.c.a.ClassPathBeanDefinitionScanner   : Scanning file [D:\Individual Assignment\PibbleTV-Backend\api-gateway\build\classes\java\main\com\pibbletv\api_gateway\ApiGatewayApplication.class]
2025-04-26T22:20:17.302+02:00 TRACE 13448 --- [api-gateway] [    Test worker] o.s.c.a.ClassPathBeanDefinitionScanner   : Ignored because not matching any filter: file [D:\Individual Assignment\PibbleTV-Backend\api-gateway\build\classes\java\main\com\pibbletv\api_gateway\ApiGatewayApplication.class]
2025-04-26T22:20:17.302+02:00 TRACE 13448 --- [api-gateway] [    Test worker] o.s.c.a.ClassPathBeanDefinitionScanner   : Scanning file [D:\Individual Assignment\PibbleTV-Backend\api-gateway\build\classes\java\main\com\pibbletv\api_gateway\dtos\CategoryDTO.class]
2025-04-26T22:20:17.303+02:00 TRACE 13448 --- [api-gateway] [    Test worker] o.s.c.a.ClassPathBeanDefinitionScanner   : Ignored because not matching any filter: file [D:\Individual Assignment\PibbleTV-Backend\api-gateway\build\classes\java\main\com\pibbletv\api_gateway\dtos\CategoryDTO.class]
2025-04-26T22:20:17.303+02:00 TRACE 13448 --- [api-gateway] [    Test worker] o.s.c.a.ClassPathBeanDefinitionScanner   : Scanning file [D:\Individual Assignment\PibbleTV-Backend\api-gateway\build\classes\java\main\com\pibbletv\api_gateway\dtos\UserDTO.class]
2025-04-26T22:20:17.304+02:00 TRACE 13448 --- [api-gateway] [    Test worker] o.s.c.a.ClassPathBeanDefinitionScanner   : Ignored because not matching any filter: file [D:\Individual Assignment\PibbleTV-Backend\api-gateway\build\classes\java\main\com\pibbletv\api_gateway\dtos\UserDTO.class]
2025-04-26T22:20:17.304+02:00 TRACE 13448 --- [api-gateway] [    Test worker] o.s.c.a.ClassPathBeanDefinitionScanner   : Scanning file [D:\Individual Assignment\PibbleTV-Backend\api-gateway\build\classes\java\main\com\pibbletv\api_gateway\GatewayConfig.class]
2025-04-26T22:20:17.307+02:00 DEBUG 13448 --- [api-gateway] [    Test worker] o.s.c.a.ClassPathBeanDefinitionScanner   : Identified candidate component class: file [D:\Individual Assignment\PibbleTV-Backend\api-gateway\build\classes\java\main\com\pibbletv\api_gateway\GatewayConfig.class]
2025-04-26T22:20:17.307+02:00 TRACE 13448 --- [api-gateway] [    Test worker] o.s.c.a.ClassPathBeanDefinitionScanner   : Scanning file [D:\Individual Assignment\PibbleTV-Backend\api-gateway\build\classes\java\main\com\pibbletv\api_gateway\SecurityConfig.class]
2025-04-26T22:20:17.308+02:00 DEBUG 13448 --- [api-gateway] [    Test worker] o.s.c.a.ClassPathBeanDefinitionScanner   : Identified candidate component class: file [D:\Individual Assignment\PibbleTV-Backend\api-gateway\build\classes\java\main\com\pibbletv\api_gateway\SecurityConfig.class]
2025-04-26T22:20:17.348+02:00 TRACE 13448 --- [api-gateway] [    Test worker] o.s.c.io.support.SpringFactoriesLoader   : Loaded [org.springframework.boot.autoconfigure.AutoConfigurationImportFilter] names: [org.springframework.boot.autoconfigure.condition.OnBeanCondition, org.springframework.boot.autoconfigure.condition.OnClassCondition, org.springframework.boot.autoconfigure.condition.OnWebApplicationCondition]
2025-04-26T22:20:17.367+02:00 TRACE 13448 --- [api-gateway] [    Test worker] o.s.b.f.s.DefaultListableBeanFactory     : Returning cached instance of singleton bean 'autoConfigurationReport'
2025-04-26T22:20:17.440+02:00 TRACE 13448 --- [api-gateway] [    Test worker] o.s.b.a.condition.OnClassCondition       : Condition OnClassCondition on org.springframework.cloud.netflix.eureka.config.EurekaClientConfigServerAutoConfiguration did not match due to @ConditionalOnClass did not find required class 'org.springframework.cloud.config.server.config.ConfigServerProperties'
2025-04-26T22:20:17.441+02:00 TRACE 13448 --- [api-gateway] [    Test worker] o.s.b.a.condition.OnClassCondition       : Condition OnClassCondition on org.springframework.cloud.gateway.config.GatewayResilience4JCircuitBreakerAutoConfiguration did not match due to @ConditionalOnClass did not find required class 'org.springframework.cloud.circuitbreaker.resilience4j.ReactiveResilience4JAutoConfiguration'
2025-04-26T22:20:17.441+02:00 TRACE 13448 --- [api-gateway] [    Test worker] o.s.b.a.condition.OnClassCondition       : Condition OnClassCondition on org.springframework.cloud.gateway.config.GatewayMetricsAutoConfiguration did not match due to @ConditionalOnClass did not find required class 'io.micrometer.core.instrument.MeterRegistry'
2025-04-26T22:20:17.441+02:00 TRACE 13448 --- [api-gateway] [    Test worker] o.s.b.a.condition.OnClassCondition       : Condition OnClassCondition on org.springframework.cloud.gateway.config.GatewayRedisAutoConfiguration did not match due to @ConditionalOnClass did not find required class 'org.springframework.data.redis.core.RedisTemplate'
2025-04-26T22:20:17.441+02:00 TRACE 13448 --- [api-gateway] [    Test worker] o.s.b.a.condition.OnClassCondition       : Condition OnClassCondition on org.springframework.cloud.gateway.config.LocalResponseCacheAutoConfiguration did not match due to @ConditionalOnClass did not find required class 'com.github.benmanes.caffeine.cache.Caffeine'
2025-04-26T22:20:17.442+02:00 TRACE 13448 --- [api-gateway] [    Test worker] o.s.b.a.condition.OnClassCondition       : Condition OnClassCondition on org.springframework.cloud.loadbalancer.config.LoadBalancerStatsAutoConfiguration did not match due to @ConditionalOnClass did not find required class 'io.micrometer.core.instrument.MeterRegistry'
2025-04-26T22:20:17.442+02:00 TRACE 13448 --- [api-gateway] [    Test worker] o.s.b.a.condition.OnClassCondition       : Condition OnClassCondition on org.springframework.boot.autoconfigure.amqp.RabbitAutoConfiguration did not match due to @ConditionalOnClass did not find required class 'com.rabbitmq.client.Channel'
2025-04-26T22:20:17.442+02:00 TRACE 13448 --- [api-gateway] [    Test worker] o.s.b.a.condition.OnClassCondition       : Condition OnClassCondition on org.springframework.boot.autoconfigure.batch.BatchAutoConfiguration did not match due to @ConditionalOnClass did not find required class 'org.springframework.batch.core.launch.JobLauncher'
2025-04-26T22:20:17.442+02:00 TRACE 13448 --- [api-gateway] [    Test worker] o.s.b.a.condition.OnClassCondition       : Condition OnClassCondition on org.springframework.boot.autoconfigure.cassandra.CassandraAutoConfiguration did not match due to @ConditionalOnClass did not find required class 'com.datastax.oss.driver.api.core.CqlSession'
2025-04-26T22:20:17.442+02:00 TRACE 13448 --- [api-gateway] [    Test worker] o.s.b.a.condition.OnClassCondition       : Condition OnClassCondition on org.springframework.boot.autoconfigure.couchbase.CouchbaseAutoConfiguration did not match due to @ConditionalOnClass did not find required class 'com.couchbase.client.java.Cluster'
2025-04-26T22:20:17.442+02:00 TRACE 13448 --- [api-gateway] [    Test worker] o.s.b.a.condition.OnClassCondition       : Condition OnClassCondition on org.springframework.boot.autoconfigure.dao.PersistenceExceptionTranslationAutoConfiguration did not match due to @ConditionalOnClass did not find required class 'org.springframework.dao.annotation.PersistenceExceptionTranslationPostProcessor'
2025-04-26T22:20:17.442+02:00 TRACE 13448 --- [api-gateway] [    Test worker] o.s.b.a.condition.OnClassCondition       : Condition OnClassCondition on org.springframework.boot.autoconfigure.data.cassandra.CassandraDataAutoConfiguration did not match due to @ConditionalOnClass did not find required class 'com.datastax.oss.driver.api.core.CqlSession'
2025-04-26T22:20:17.442+02:00 TRACE 13448 --- [api-gateway] [    Test worker] o.s.b.a.condition.OnClassCondition       : Condition OnClassCondition on org.springframework.boot.autoconfigure.data.cassandra.CassandraReactiveDataAutoConfiguration did not match due to @ConditionalOnClass did not find required class 'com.datastax.oss.driver.api.core.CqlSession'
2025-04-26T22:20:17.442+02:00 TRACE 13448 --- [api-gateway] [    Test worker] o.s.b.a.condition.OnClassCondition       : Condition OnClassCondition on org.springframework.boot.autoconfigure.data.cassandra.CassandraReactiveRepositoriesAutoConfiguration did not match due to @ConditionalOnClass did not find required class 'org.springframework.data.cassandra.ReactiveSession'
2025-04-26T22:20:17.442+02:00 TRACE 13448 --- [api-gateway] [    Test worker] o.s.b.a.condition.OnClassCondition       : Condition OnClassCondition on org.springframework.boot.autoconfigure.data.cassandra.CassandraRepositoriesAutoConfiguration did not match due to @ConditionalOnClass did not find required class 'com.datastax.oss.driver.api.core.CqlSession'
2025-04-26T22:20:17.443+02:00 TRACE 13448 --- [api-gateway] [    Test worker] o.s.b.a.condition.OnClassCondition       : Condition OnClassCondition on org.springframework.boot.autoconfigure.data.couchbase.CouchbaseDataAutoConfiguration did not match due to @ConditionalOnClass did not find required class 'com.couchbase.client.java.Bucket'
2025-04-26T22:20:17.443+02:00 TRACE 13448 --- [api-gateway] [    Test worker] o.s.b.a.condition.OnClassCondition       : Condition OnClassCondition on org.springframework.boot.autoconfigure.data.couchbase.CouchbaseReactiveDataAutoConfiguration did not match due to @ConditionalOnClass did not find required class 'com.couchbase.client.java.Cluster'
2025-04-26T22:20:17.443+02:00 TRACE 13448 --- [api-gateway] [    Test worker] o.s.b.a.condition.OnClassCondition       : Condition OnClassCondition on org.springframework.boot.autoconfigure.data.couchbase.CouchbaseReactiveRepositoriesAutoConfiguration did not match due to @ConditionalOnClass did not find required class 'com.couchbase.client.java.Cluster'
2025-04-26T22:20:17.443+02:00 TRACE 13448 --- [api-gateway] [    Test worker] o.s.b.a.condition.OnClassCondition       : Condition OnClassCondition on org.springframework.boot.autoconfigure.data.couchbase.CouchbaseRepositoriesAutoConfiguration did not match due to @ConditionalOnClass did not find required class 'com.couchbase.client.java.Bucket'
2025-04-26T22:20:17.443+02:00 TRACE 13448 --- [api-gateway] [    Test worker] o.s.b.a.condition.OnClassCondition       : Condition OnClassCondition on org.springframework.boot.autoconfigure.data.elasticsearch.ElasticsearchDataAutoConfiguration did not match due to @ConditionalOnClass did not find required class 'org.springframework.data.elasticsearch.client.elc.ElasticsearchTemplate'
2025-04-26T22:20:17.443+02:00 TRACE 13448 --- [api-gateway] [    Test worker] o.s.b.a.condition.OnClassCondition       : Condition OnClassCondition on org.springframework.boot.autoconfigure.data.elasticsearch.ElasticsearchRepositoriesAutoConfiguration did not match due to @ConditionalOnClass did not find required class 'org.springframework.data.elasticsearch.repository.ElasticsearchRepository'
2025-04-26T22:20:17.443+02:00 TRACE 13448 --- [api-gateway] [    Test worker] o.s.b.a.condition.OnClassCondition       : Condition OnClassCondition on org.springframework.boot.autoconfigure.data.elasticsearch.ReactiveElasticsearchRepositoriesAutoConfiguration did not match due to @ConditionalOnClass did not find required class 'org.springframework.data.elasticsearch.client.elc.ReactiveElasticsearchClient'
2025-04-26T22:20:17.443+02:00 TRACE 13448 --- [api-gateway] [    Test worker] o.s.b.a.condition.OnClassCondition       : Condition OnClassCondition on org.springframework.boot.autoconfigure.data.jdbc.JdbcRepositoriesAutoConfiguration did not match due to @ConditionalOnClass did not find required class 'org.springframework.data.jdbc.repository.config.AbstractJdbcConfiguration'
2025-04-26T22:20:17.443+02:00 TRACE 13448 --- [api-gateway] [    Test worker] o.s.b.a.condition.OnClassCondition       : Condition OnClassCondition on org.springframework.boot.autoconfigure.data.jpa.JpaRepositoriesAutoConfiguration did not match due to @ConditionalOnClass did not find required class 'org.springframework.data.jpa.repository.JpaRepository'
2025-04-26T22:20:17.443+02:00 TRACE 13448 --- [api-gateway] [    Test worker] o.s.b.a.condition.OnClassCondition       : Condition OnClassCondition on org.springframework.boot.autoconfigure.data.ldap.LdapRepositoriesAutoConfiguration did not match due to @ConditionalOnClass did not find required class 'org.springframework.data.ldap.repository.LdapRepository'
2025-04-26T22:20:17.443+02:00 TRACE 13448 --- [api-gateway] [    Test worker] o.s.b.a.condition.OnClassCondition       : Condition OnClassCondition on org.springframework.boot.autoconfigure.data.mongo.MongoDataAutoConfiguration did not match due to @ConditionalOnClass did not find required class 'com.mongodb.client.MongoClient'
2025-04-26T22:20:17.444+02:00 TRACE 13448 --- [api-gateway] [    Test worker] o.s.b.a.condition.OnClassCondition       : Condition OnClassCondition on org.springframework.boot.autoconfigure.data.mongo.MongoReactiveDataAutoConfiguration did not match due to @ConditionalOnClass did not find required class 'com.mongodb.reactivestreams.client.MongoClient'
2025-04-26T22:20:17.444+02:00 TRACE 13448 --- [api-gateway] [    Test worker] o.s.b.a.condition.OnClassCondition       : Condition OnClassCondition on org.springframework.boot.autoconfigure.data.mongo.MongoReactiveRepositoriesAutoConfiguration did not match due to @ConditionalOnClass did not find required class 'com.mongodb.reactivestreams.client.MongoClient'
2025-04-26T22:20:17.444+02:00 TRACE 13448 --- [api-gateway] [    Test worker] o.s.b.a.condition.OnClassCondition       : Condition OnClassCondition on org.springframework.boot.autoconfigure.data.mongo.MongoRepositoriesAutoConfiguration did not match due to @ConditionalOnClass did not find required class 'com.mongodb.client.MongoClient'
2025-04-26T22:20:17.444+02:00 TRACE 13448 --- [api-gateway] [    Test worker] o.s.b.a.condition.OnClassCondition       : Condition OnClassCondition on org.springframework.boot.autoconfigure.data.neo4j.Neo4jDataAutoConfiguration did not match due to @ConditionalOnClass did not find required class 'org.neo4j.driver.Driver'
2025-04-26T22:20:17.444+02:00 TRACE 13448 --- [api-gateway] [    Test worker] o.s.b.a.condition.OnClassCondition       : Condition OnClassCondition on org.springframework.boot.autoconfigure.data.neo4j.Neo4jReactiveDataAutoConfiguration did not match due to @ConditionalOnClass did not find required class 'org.neo4j.driver.Driver'
2025-04-26T22:20:17.444+02:00 TRACE 13448 --- [api-gateway] [    Test worker] o.s.b.a.condition.OnClassCondition       : Condition OnClassCondition on org.springframework.boot.autoconfigure.data.neo4j.Neo4jReactiveRepositoriesAutoConfiguration did not match due to @ConditionalOnClass did not find required class 'org.neo4j.driver.Driver'
2025-04-26T22:20:17.444+02:00 TRACE 13448 --- [api-gateway] [    Test worker] o.s.b.a.condition.OnClassCondition       : Condition OnClassCondition on org.springframework.boot.autoconfigure.data.neo4j.Neo4jRepositoriesAutoConfiguration did not match due to @ConditionalOnClass did not find required class 'org.neo4j.driver.Driver'
2025-04-26T22:20:17.444+02:00 TRACE 13448 --- [api-gateway] [    Test worker] o.s.b.a.condition.OnClassCondition       : Condition OnClassCondition on org.springframework.boot.autoconfigure.data.r2dbc.R2dbcDataAutoConfiguration did not match due to @ConditionalOnClass did not find required class 'org.springframework.data.r2dbc.core.R2dbcEntityTemplate'
2025-04-26T22:20:17.445+02:00 TRACE 13448 --- [api-gateway] [    Test worker] o.s.b.a.condition.OnClassCondition       : Condition OnClassCondition on org.springframework.boot.autoconfigure.data.r2dbc.R2dbcRepositoriesAutoConfiguration did not match due to @ConditionalOnClass did not find required class 'io.r2dbc.spi.ConnectionFactory'
2025-04-26T22:20:17.445+02:00 TRACE 13448 --- [api-gateway] [    Test worker] o.s.b.a.condition.OnClassCondition       : Condition OnClassCondition on org.springframework.boot.autoconfigure.data.redis.RedisAutoConfiguration did not match due to @ConditionalOnClass did not find required class 'org.springframework.data.redis.core.RedisOperations'
2025-04-26T22:20:17.445+02:00 TRACE 13448 --- [api-gateway] [    Test worker] o.s.b.a.condition.OnClassCondition       : Condition OnClassCondition on org.springframework.boot.autoconfigure.data.redis.RedisReactiveAutoConfiguration did not match due to @ConditionalOnClass did not find required class 'org.springframework.data.redis.connection.ReactiveRedisConnectionFactory'
2025-04-26T22:20:17.445+02:00 TRACE 13448 --- [api-gateway] [    Test worker] o.s.b.a.condition.OnClassCondition       : Condition OnClassCondition on org.springframework.boot.autoconfigure.data.redis.RedisRepositoriesAutoConfiguration did not match due to @ConditionalOnClass did not find required class 'org.springframework.data.redis.repository.configuration.EnableRedisRepositories'
2025-04-26T22:20:17.445+02:00 TRACE 13448 --- [api-gateway] [    Test worker] o.s.b.a.condition.OnClassCondition       : Condition OnClassCondition on org.springframework.boot.autoconfigure.data.rest.RepositoryRestMvcAutoConfiguration did not match due to @ConditionalOnClass did not find required class 'org.springframework.data.rest.webmvc.config.RepositoryRestMvcConfiguration'
2025-04-26T22:20:17.445+02:00 TRACE 13448 --- [api-gateway] [    Test worker] o.s.b.a.condition.OnClassCondition       : Condition OnClassCondition on org.springframework.boot.autoconfigure.data.web.SpringDataWebAutoConfiguration did not match due to @ConditionalOnClass did not find required class 'org.springframework.data.web.PageableHandlerMethodArgumentResolver'
2025-04-26T22:20:17.445+02:00 TRACE 13448 --- [api-gateway] [    Test worker] o.s.b.a.condition.OnClassCondition       : Condition OnClassCondition on org.springframework.boot.autoconfigure.elasticsearch.ElasticsearchClientAutoConfiguration did not match due to @ConditionalOnClass did not find required class 'co.elastic.clients.elasticsearch.ElasticsearchClient'
2025-04-26T22:20:17.445+02:00 TRACE 13448 --- [api-gateway] [    Test worker] o.s.b.a.condition.OnClassCondition       : Condition OnClassCondition on org.springframework.boot.autoconfigure.elasticsearch.ElasticsearchRestClientAutoConfiguration did not match due to @ConditionalOnClass did not find required class 'org.elasticsearch.client.RestClientBuilder'
2025-04-26T22:20:17.446+02:00 TRACE 13448 --- [api-gateway] [    Test worker] o.s.b.a.condition.OnClassCondition       : Condition OnClassCondition on org.springframework.boot.autoconfigure.elasticsearch.ReactiveElasticsearchClientAutoConfiguration did not match due to @ConditionalOnClass did not find required class 'co.elastic.clients.transport.ElasticsearchTransport'
2025-04-26T22:20:17.446+02:00 TRACE 13448 --- [api-gateway] [    Test worker] o.s.b.a.condition.OnClassCondition       : Condition OnClassCondition on org.springframework.boot.autoconfigure.flyway.FlywayAutoConfiguration did not match due to @ConditionalOnClass did not find required class 'org.flywaydb.core.Flyway'
2025-04-26T22:20:17.446+02:00 TRACE 13448 --- [api-gateway] [    Test worker] o.s.b.a.condition.OnClassCondition       : Condition OnClassCondition on org.springframework.boot.autoconfigure.freemarker.FreeMarkerAutoConfiguration did not match due to @ConditionalOnClass did not find required class 'freemarker.template.Configuration'
2025-04-26T22:20:17.446+02:00 TRACE 13448 --- [api-gateway] [    Test worker] o.s.b.a.condition.OnClassCondition       : Condition OnClassCondition on org.springframework.boot.autoconfigure.graphql.GraphQlAutoConfiguration did not match due to @ConditionalOnClass did not find required class 'graphql.GraphQL'
2025-04-26T22:20:17.446+02:00 TRACE 13448 --- [api-gateway] [    Test worker] o.s.b.a.condition.OnClassCondition       : Condition OnClassCondition on org.springframework.boot.autoconfigure.graphql.data.GraphQlReactiveQueryByExampleAutoConfiguration did not match due to @ConditionalOnClass did not find required class 'graphql.GraphQL'
2025-04-26T22:20:17.446+02:00 TRACE 13448 --- [api-gateway] [    Test worker] o.s.b.a.condition.OnClassCondition       : Condition OnClassCondition on org.springframework.boot.autoconfigure.graphql.data.GraphQlReactiveQuerydslAutoConfiguration did not match due to @ConditionalOnClass did not find required class 'com.querydsl.core.Query'
2025-04-26T22:20:17.446+02:00 TRACE 13448 --- [api-gateway] [    Test worker] o.s.b.a.condition.OnClassCondition       : Condition OnClassCondition on org.springframework.boot.autoconfigure.graphql.data.GraphQlQueryByExampleAutoConfiguration did not match due to @ConditionalOnClass did not find required class 'graphql.GraphQL'
2025-04-26T22:20:17.446+02:00 TRACE 13448 --- [api-gateway] [    Test worker] o.s.b.a.condition.OnClassCondition       : Condition OnClassCondition on org.springframework.boot.autoconfigure.graphql.data.GraphQlQuerydslAutoConfiguration did not match due to @ConditionalOnClass did not find required class 'com.querydsl.core.Query'
2025-04-26T22:20:17.447+02:00 TRACE 13448 --- [api-gateway] [    Test worker] o.s.b.a.condition.OnClassCondition       : Condition OnClassCondition on org.springframework.boot.autoconfigure.graphql.reactive.GraphQlWebFluxAutoConfiguration did not match due to @ConditionalOnClass did not find required class 'graphql.GraphQL'
2025-04-26T22:20:17.447+02:00 TRACE 13448 --- [api-gateway] [    Test worker] o.s.b.a.condition.OnClassCondition       : Condition OnClassCondition on org.springframework.boot.autoconfigure.graphql.rsocket.GraphQlRSocketAutoConfiguration did not match due to @ConditionalOnClass did not find required class 'graphql.GraphQL'
2025-04-26T22:20:17.447+02:00 TRACE 13448 --- [api-gateway] [    Test worker] o.s.b.a.condition.OnClassCondition       : Condition OnClassCondition on org.springframework.boot.autoconfigure.graphql.rsocket.RSocketGraphQlClientAutoConfiguration did not match due to @ConditionalOnClass did not find required class 'graphql.GraphQL'
2025-04-26T22:20:17.447+02:00 TRACE 13448 --- [api-gateway] [    Test worker] o.s.b.a.condition.OnClassCondition       : Condition OnClassCondition on org.springframework.boot.autoconfigure.graphql.security.GraphQlWebFluxSecurityAutoConfiguration did not match due to @ConditionalOnClass did not find required class 'graphql.GraphQL'
2025-04-26T22:20:17.447+02:00 TRACE 13448 --- [api-gateway] [    Test worker] o.s.b.a.condition.OnClassCondition       : Condition OnClassCondition on org.springframework.boot.autoconfigure.graphql.security.GraphQlWebMvcSecurityAutoConfiguration did not match due to @ConditionalOnClass did not find required class 'graphql.GraphQL'
2025-04-26T22:20:17.447+02:00 TRACE 13448 --- [api-gateway] [    Test worker] o.s.b.a.condition.OnClassCondition       : Condition OnClassCondition on org.springframework.boot.autoconfigure.graphql.servlet.GraphQlWebMvcAutoConfiguration did not match due to @ConditionalOnClass did not find required class 'graphql.GraphQL'
2025-04-26T22:20:17.447+02:00 TRACE 13448 --- [api-gateway] [    Test worker] o.s.b.a.condition.OnClassCondition       : Condition OnClassCondition on org.springframework.boot.autoconfigure.groovy.template.GroovyTemplateAutoConfiguration did not match due to @ConditionalOnClass did not find required class 'groovy.text.markup.MarkupTemplateEngine'
2025-04-26T22:20:17.447+02:00 TRACE 13448 --- [api-gateway] [    Test worker] o.s.b.a.condition.OnClassCondition       : Condition OnClassCondition on org.springframework.boot.autoconfigure.h2.H2ConsoleAutoConfiguration did not match due to @ConditionalOnClass did not find required class 'org.h2.server.web.JakartaWebServlet'
2025-04-26T22:20:17.447+02:00 TRACE 13448 --- [api-gateway] [    Test worker] o.s.b.a.condition.OnClassCondition       : Condition OnClassCondition on org.springframework.boot.autoconfigure.hateoas.HypermediaAutoConfiguration did not match due to @ConditionalOnClass did not find required class 'org.springframework.hateoas.EntityModel'
2025-04-26T22:20:17.448+02:00 TRACE 13448 --- [api-gateway] [    Test worker] o.s.b.a.condition.OnClassCondition       : Condition OnClassCondition on org.springframework.boot.autoconfigure.hazelcast.HazelcastAutoConfiguration did not match due to @ConditionalOnClass did not find required class 'com.hazelcast.core.HazelcastInstance'
2025-04-26T22:20:17.448+02:00 TRACE 13448 --- [api-gateway] [    Test worker] o.s.b.a.condition.OnClassCondition       : Condition OnClassCondition on org.springframework.boot.autoconfigure.hazelcast.HazelcastJpaDependencyAutoConfiguration did not match due to @ConditionalOnClass did not find required class 'com.hazelcast.core.HazelcastInstance'
2025-04-26T22:20:17.448+02:00 TRACE 13448 --- [api-gateway] [    Test worker] o.s.b.a.condition.OnClassCondition       : Condition OnClassCondition on org.springframework.boot.autoconfigure.integration.IntegrationAutoConfiguration did not match due to @ConditionalOnClass did not find required class 'org.springframework.integration.config.EnableIntegration'
2025-04-26T22:20:17.448+02:00 TRACE 13448 --- [api-gateway] [    Test worker] o.s.b.a.condition.OnClassCondition       : Condition OnClassCondition on org.springframework.boot.autoconfigure.jdbc.DataSourceAutoConfiguration did not match due to @ConditionalOnClass did not find required class 'org.springframework.jdbc.datasource.embedded.EmbeddedDatabaseType'
2025-04-26T22:20:17.448+02:00 TRACE 13448 --- [api-gateway] [    Test worker] o.s.b.a.condition.OnClassCondition       : Condition OnClassCondition on org.springframework.boot.autoconfigure.jdbc.JdbcTemplateAutoConfiguration did not match due to @ConditionalOnClass did not find required class 'org.springframework.jdbc.core.JdbcTemplate'
2025-04-26T22:20:17.448+02:00 TRACE 13448 --- [api-gateway] [    Test worker] o.s.b.a.condition.OnClassCondition       : Condition OnClassCondition on org.springframework.boot.autoconfigure.jdbc.JndiDataSourceAutoConfiguration did not match due to @ConditionalOnClass did not find required class 'org.springframework.jdbc.datasource.embedded.EmbeddedDatabaseType'
2025-04-26T22:20:17.448+02:00 TRACE 13448 --- [api-gateway] [    Test worker] o.s.b.a.condition.OnClassCondition       : Condition OnClassCondition on org.springframework.boot.autoconfigure.jdbc.XADataSourceAutoConfiguration did not match due to @ConditionalOnClass did not find required class 'jakarta.transaction.TransactionManager'
2025-04-26T22:20:17.448+02:00 TRACE 13448 --- [api-gateway] [    Test worker] o.s.b.a.condition.OnClassCondition       : Condition OnClassCondition on org.springframework.boot.autoconfigure.jdbc.DataSourceTransactionManagerAutoConfiguration did not match due to @ConditionalOnClass did not find required class 'org.springframework.jdbc.core.JdbcTemplate'
2025-04-26T22:20:17.448+02:00 TRACE 13448 --- [api-gateway] [    Test worker] o.s.b.a.condition.OnClassCondition       : Condition OnClassCondition on org.springframework.boot.autoconfigure.jersey.JerseyAutoConfiguration did not match due to @ConditionalOnClass did not find required class 'jakarta.servlet.ServletRegistration'
2025-04-26T22:20:17.448+02:00 TRACE 13448 --- [api-gateway] [    Test worker] o.s.b.a.condition.OnClassCondition       : Condition OnClassCondition on org.springframework.boot.autoconfigure.jms.JmsAutoConfiguration did not match due to @ConditionalOnClass did not find required class 'jakarta.jms.Message'
2025-04-26T22:20:17.448+02:00 TRACE 13448 --- [api-gateway] [    Test worker] o.s.b.a.condition.OnClassCondition       : Condition OnClassCondition on org.springframework.boot.autoconfigure.jms.JndiConnectionFactoryAutoConfiguration did not match due to @ConditionalOnClass did not find required class 'org.springframework.jms.core.JmsTemplate'
2025-04-26T22:20:17.448+02:00 TRACE 13448 --- [api-gateway] [    Test worker] o.s.b.a.condition.OnClassCondition       : Condition OnClassCondition on org.springframework.boot.autoconfigure.jms.activemq.ActiveMQAutoConfiguration did not match due to @ConditionalOnClass did not find required class 'jakarta.jms.ConnectionFactory'
2025-04-26T22:20:17.449+02:00 TRACE 13448 --- [api-gateway] [    Test worker] o.s.b.a.condition.OnClassCondition       : Condition OnClassCondition on org.springframework.boot.autoconfigure.jms.artemis.ArtemisAutoConfiguration did not match due to @ConditionalOnClass did not find required class 'jakarta.jms.ConnectionFactory'
2025-04-26T22:20:17.449+02:00 TRACE 13448 --- [api-gateway] [    Test worker] o.s.b.a.condition.OnClassCondition       : Condition OnClassCondition on org.springframework.boot.autoconfigure.jooq.JooqAutoConfiguration did not match due to @ConditionalOnClass did not find required class 'org.jooq.DSLContext'
2025-04-26T22:20:17.449+02:00 TRACE 13448 --- [api-gateway] [    Test worker] o.s.b.a.condition.OnClassCondition       : Condition OnClassCondition on org.springframework.boot.autoconfigure.jsonb.JsonbAutoConfiguration did not match due to @ConditionalOnClass did not find required class 'jakarta.json.bind.Jsonb'
2025-04-26T22:20:17.449+02:00 TRACE 13448 --- [api-gateway] [    Test worker] o.s.b.a.condition.OnClassCondition       : Condition OnClassCondition on org.springframework.boot.autoconfigure.kafka.KafkaAutoConfiguration did not match due to @ConditionalOnClass did not find required class 'org.springframework.kafka.core.KafkaTemplate'
2025-04-26T22:20:17.449+02:00 TRACE 13448 --- [api-gateway] [    Test worker] o.s.b.a.condition.OnClassCondition       : Condition OnClassCondition on org.springframework.boot.autoconfigure.ldap.embedded.EmbeddedLdapAutoConfiguration did not match due to @ConditionalOnClass did not find required class 'com.unboundid.ldap.listener.InMemoryDirectoryServer'
2025-04-26T22:20:17.449+02:00 TRACE 13448 --- [api-gateway] [    Test worker] o.s.b.a.condition.OnClassCondition       : Condition OnClassCondition on org.springframework.boot.autoconfigure.ldap.LdapAutoConfiguration did not match due to @ConditionalOnClass did not find required class 'org.springframework.ldap.core.ContextSource'
2025-04-26T22:20:17.449+02:00 TRACE 13448 --- [api-gateway] [    Test worker] o.s.b.a.condition.OnClassCondition       : Condition OnClassCondition on org.springframework.boot.autoconfigure.liquibase.LiquibaseAutoConfiguration did not match due to @ConditionalOnClass did not find required class 'liquibase.change.DatabaseChange'
2025-04-26T22:20:17.449+02:00 TRACE 13448 --- [api-gateway] [    Test worker] o.s.b.a.condition.OnClassCondition       : Condition OnClassCondition on org.springframework.boot.autoconfigure.mail.MailSenderAutoConfiguration did not match due to @ConditionalOnClass did not find required class 'jakarta.mail.internet.MimeMessage'
2025-04-26T22:20:17.449+02:00 TRACE 13448 --- [api-gateway] [    Test worker] o.s.b.a.condition.OnClassCondition       : Condition OnClassCondition on org.springframework.boot.autoconfigure.mongo.MongoAutoConfiguration did not match due to @ConditionalOnClass did not find required class 'com.mongodb.client.MongoClient'
2025-04-26T22:20:17.449+02:00 TRACE 13448 --- [api-gateway] [    Test worker] o.s.b.a.condition.OnClassCondition       : Condition OnClassCondition on org.springframework.boot.autoconfigure.mongo.MongoReactiveAutoConfiguration did not match due to @ConditionalOnClass did not find required class 'com.mongodb.reactivestreams.client.MongoClient'
2025-04-26T22:20:17.450+02:00 TRACE 13448 --- [api-gateway] [    Test worker] o.s.b.a.condition.OnClassCondition       : Condition OnClassCondition on org.springframework.boot.autoconfigure.mustache.MustacheAutoConfiguration did not match due to @ConditionalOnClass did not find required class 'com.samskivert.mustache.Mustache'
2025-04-26T22:20:17.450+02:00 TRACE 13448 --- [api-gateway] [    Test worker] o.s.b.a.condition.OnClassCondition       : Condition OnClassCondition on org.springframework.boot.autoconfigure.neo4j.Neo4jAutoConfiguration did not match due to @ConditionalOnClass did not find required class 'org.neo4j.driver.Driver'
2025-04-26T22:20:17.450+02:00 TRACE 13448 --- [api-gateway] [    Test worker] o.s.b.a.condition.OnClassCondition       : Condition OnClassCondition on org.springframework.boot.autoconfigure.orm.jpa.HibernateJpaAutoConfiguration did not match due to @ConditionalOnClass did not find required class 'jakarta.persistence.EntityManager'
2025-04-26T22:20:17.450+02:00 TRACE 13448 --- [api-gateway] [    Test worker] o.s.b.a.condition.OnClassCondition       : Condition OnClassCondition on org.springframework.boot.autoconfigure.pulsar.PulsarAutoConfiguration did not match due to @ConditionalOnClass did not find required class 'org.apache.pulsar.client.api.PulsarClient'
2025-04-26T22:20:17.450+02:00 TRACE 13448 --- [api-gateway] [    Test worker] o.s.b.a.condition.OnClassCondition       : Condition OnClassCondition on org.springframework.boot.autoconfigure.pulsar.PulsarReactiveAutoConfiguration did not match due to @ConditionalOnClass did not find required class 'org.apache.pulsar.client.api.PulsarClient'
2025-04-26T22:20:17.450+02:00 TRACE 13448 --- [api-gateway] [    Test worker] o.s.b.a.condition.OnClassCondition       : Condition OnClassCondition on org.springframework.boot.autoconfigure.quartz.QuartzAutoConfiguration did not match due to @ConditionalOnClass did not find required class 'org.quartz.Scheduler'
2025-04-26T22:20:17.450+02:00 TRACE 13448 --- [api-gateway] [    Test worker] o.s.b.a.condition.OnClassCondition       : Condition OnClassCondition on org.springframework.boot.autoconfigure.r2dbc.R2dbcAutoConfiguration did not match due to @ConditionalOnClass did not find required class 'io.r2dbc.spi.ConnectionFactory'
2025-04-26T22:20:17.450+02:00 TRACE 13448 --- [api-gateway] [    Test worker] o.s.b.a.condition.OnClassCondition       : Condition OnClassCondition on org.springframework.boot.autoconfigure.r2dbc.R2dbcProxyAutoConfiguration did not match due to @ConditionalOnClass did not find required class 'io.r2dbc.proxy.ProxyConnectionFactory'
2025-04-26T22:20:17.450+02:00 TRACE 13448 --- [api-gateway] [    Test worker] o.s.b.a.condition.OnClassCondition       : Condition OnClassCondition on org.springframework.boot.autoconfigure.r2dbc.R2dbcTransactionManagerAutoConfiguration did not match due to @ConditionalOnClass did not find required class 'org.springframework.r2dbc.connection.R2dbcTransactionManager'
2025-04-26T22:20:17.450+02:00 TRACE 13448 --- [api-gateway] [    Test worker] o.s.b.a.condition.OnClassCondition       : Condition OnClassCondition on org.springframework.boot.autoconfigure.rsocket.RSocketMessagingAutoConfiguration did not match due to @ConditionalOnClass did not find required class 'io.rsocket.RSocket'
2025-04-26T22:20:17.450+02:00 TRACE 13448 --- [api-gateway] [    Test worker] o.s.b.a.condition.OnClassCondition       : Condition OnClassCondition on org.springframework.boot.autoconfigure.rsocket.RSocketRequesterAutoConfiguration did not match due to @ConditionalOnClass did not find required class 'io.rsocket.RSocket'
2025-04-26T22:20:17.450+02:00 TRACE 13448 --- [api-gateway] [    Test worker] o.s.b.a.condition.OnClassCondition       : Condition OnClassCondition on org.springframework.boot.autoconfigure.rsocket.RSocketServerAutoConfiguration did not match due to @ConditionalOnClass did not find required class 'io.rsocket.core.RSocketServer'
2025-04-26T22:20:17.451+02:00 TRACE 13448 --- [api-gateway] [    Test worker] o.s.b.a.condition.OnClassCondition       : Condition OnClassCondition on org.springframework.boot.autoconfigure.rsocket.RSocketStrategiesAutoConfiguration did not match due to @ConditionalOnClass did not find required class 'io.rsocket.RSocket'
2025-04-26T22:20:17.451+02:00 TRACE 13448 --- [api-gateway] [    Test worker] o.s.b.a.condition.OnClassCondition       : Condition OnClassCondition on org.springframework.boot.autoconfigure.security.rsocket.RSocketSecurityAutoConfiguration did not match due to @ConditionalOnClass did not find required class 'org.springframework.security.rsocket.core.SecuritySocketAcceptorInterceptor'
2025-04-26T22:20:17.451+02:00 TRACE 13448 --- [api-gateway] [    Test worker] o.s.b.a.condition.OnClassCondition       : Condition OnClassCondition on org.springframework.boot.autoconfigure.security.saml2.Saml2RelyingPartyAutoConfiguration did not match due to @ConditionalOnClass did not find required class 'org.springframework.security.saml2.provider.service.registration.RelyingPartyRegistrationRepository'
2025-04-26T22:20:17.451+02:00 TRACE 13448 --- [api-gateway] [    Test worker] o.s.b.a.condition.OnClassCondition       : Condition OnClassCondition on org.springframework.boot.autoconfigure.sendgrid.SendGridAutoConfiguration did not match due to @ConditionalOnClass did not find required class 'com.sendgrid.SendGrid'
2025-04-26T22:20:17.452+02:00 TRACE 13448 --- [api-gateway] [    Test worker] o.s.b.a.condition.OnClassCondition       : Condition OnClassCondition on org.springframework.boot.autoconfigure.session.SessionAutoConfiguration did not match due to @ConditionalOnClass did not find required class 'org.springframework.session.Session'
2025-04-26T22:20:17.452+02:00 TRACE 13448 --- [api-gateway] [    Test worker] o.s.b.a.condition.OnClassCondition       : Condition OnClassCondition on org.springframework.boot.autoconfigure.security.oauth2.client.servlet.OAuth2ClientAutoConfiguration did not match due to @ConditionalOnClass did not find required class 'org.springframework.security.oauth2.client.registration.ClientRegistration'
2025-04-26T22:20:17.452+02:00 TRACE 13448 --- [api-gateway] [    Test worker] o.s.b.a.condition.OnClassCondition       : Condition OnClassCondition on org.springframework.boot.autoconfigure.security.oauth2.client.reactive.ReactiveOAuth2ClientAutoConfiguration did not match due to @ConditionalOnClass did not find required class 'org.springframework.security.oauth2.client.registration.ClientRegistration'
2025-04-26T22:20:17.452+02:00 TRACE 13448 --- [api-gateway] [    Test worker] o.s.b.a.condition.OnClassCondition       : Condition OnClassCondition on org.springframework.boot.autoconfigure.security.oauth2.server.servlet.OAuth2AuthorizationServerAutoConfiguration did not match due to @ConditionalOnClass did not find required class 'org.springframework.security.oauth2.server.authorization.OAuth2Authorization'
2025-04-26T22:20:17.452+02:00 TRACE 13448 --- [api-gateway] [    Test worker] o.s.b.a.condition.OnClassCondition       : Condition OnClassCondition on org.springframework.boot.autoconfigure.security.oauth2.server.servlet.OAuth2AuthorizationServerJwtAutoConfiguration did not match due to @ConditionalOnClass did not find required class 'org.springframework.security.oauth2.server.authorization.OAuth2Authorization'
2025-04-26T22:20:17.452+02:00 TRACE 13448 --- [api-gateway] [    Test worker] o.s.b.a.condition.OnClassCondition       : Condition OnClassCondition on org.springframework.boot.autoconfigure.thymeleaf.ThymeleafAutoConfiguration did not match due to @ConditionalOnClass did not find required class 'org.thymeleaf.spring6.SpringTemplateEngine'
2025-04-26T22:20:17.452+02:00 TRACE 13448 --- [api-gateway] [    Test worker] o.s.b.a.condition.OnClassCondition       : Condition OnClassCondition on org.springframework.boot.autoconfigure.transaction.TransactionAutoConfiguration did not match due to @ConditionalOnClass did not find required class 'org.springframework.transaction.PlatformTransactionManager'
2025-04-26T22:20:17.452+02:00 TRACE 13448 --- [api-gateway] [    Test worker] o.s.b.a.condition.OnClassCondition       : Condition OnClassCondition on org.springframework.boot.autoconfigure.transaction.TransactionManagerCustomizationAutoConfiguration did not match due to @ConditionalOnClass did not find required class 'org.springframework.transaction.PlatformTransactionManager'
2025-04-26T22:20:17.452+02:00 TRACE 13448 --- [api-gateway] [    Test worker] o.s.b.a.condition.OnClassCondition       : Condition OnClassCondition on org.springframework.boot.autoconfigure.transaction.jta.JtaAutoConfiguration did not match due to @ConditionalOnClass did not find required class 'jakarta.transaction.Transaction'
2025-04-26T22:20:17.452+02:00 TRACE 13448 --- [api-gateway] [    Test worker] o.s.b.a.condition.OnClassCondition       : Condition OnClassCondition on org.springframework.boot.autoconfigure.web.servlet.DispatcherServletAutoConfiguration did not match due to @ConditionalOnClass did not find required class 'org.springframework.web.servlet.DispatcherServlet'
2025-04-26T22:20:17.452+02:00 TRACE 13448 --- [api-gateway] [    Test worker] o.s.b.a.condition.OnClassCondition       : Condition OnClassCondition on org.springframework.boot.autoconfigure.web.servlet.ServletWebServerFactoryAutoConfiguration did not match due to @ConditionalOnClass did not find required class 'jakarta.servlet.ServletRequest'
2025-04-26T22:20:17.453+02:00 TRACE 13448 --- [api-gateway] [    Test worker] o.s.b.a.condition.OnClassCondition       : Condition OnClassCondition on org.springframework.boot.autoconfigure.web.servlet.error.ErrorMvcAutoConfiguration did not match due to @ConditionalOnClass did not find required class 'jakarta.servlet.Servlet'
2025-04-26T22:20:17.453+02:00 TRACE 13448 --- [api-gateway] [    Test worker] o.s.b.a.condition.OnClassCondition       : Condition OnClassCondition on org.springframework.boot.autoconfigure.web.servlet.HttpEncodingAutoConfiguration did not match due to @ConditionalOnClass did not find required class 'org.springframework.web.filter.CharacterEncodingFilter'
2025-04-26T22:20:17.453+02:00 TRACE 13448 --- [api-gateway] [    Test worker] o.s.b.a.condition.OnClassCondition       : Condition OnClassCondition on org.springframework.boot.autoconfigure.web.servlet.MultipartAutoConfiguration did not match due to @ConditionalOnClass did not find required class 'jakarta.servlet.MultipartConfigElement'
2025-04-26T22:20:17.453+02:00 TRACE 13448 --- [api-gateway] [    Test worker] o.s.b.a.condition.OnClassCondition       : Condition OnClassCondition on org.springframework.boot.autoconfigure.web.servlet.WebMvcAutoConfiguration did not match due to @ConditionalOnClass did not find required class 'jakarta.servlet.Servlet'
2025-04-26T22:20:17.453+02:00 TRACE 13448 --- [api-gateway] [    Test worker] o.s.b.a.condition.OnClassCondition       : Condition OnClassCondition on org.springframework.boot.autoconfigure.websocket.reactive.WebSocketReactiveAutoConfiguration did not match due to @ConditionalOnClass did not find required class 'jakarta.servlet.Servlet'
2025-04-26T22:20:17.453+02:00 TRACE 13448 --- [api-gateway] [    Test worker] o.s.b.a.condition.OnClassCondition       : Condition OnClassCondition on org.springframework.boot.autoconfigure.websocket.servlet.WebSocketServletAutoConfiguration did not match due to @ConditionalOnClass did not find required class 'jakarta.servlet.Servlet'
2025-04-26T22:20:17.453+02:00 TRACE 13448 --- [api-gateway] [    Test worker] o.s.b.a.condition.OnClassCondition       : Condition OnClassCondition on org.springframework.boot.autoconfigure.websocket.servlet.WebSocketMessagingAutoConfiguration did not match due to @ConditionalOnClass did not find required class 'org.springframework.web.socket.config.annotation.WebSocketMessageBrokerConfigurer'
2025-04-26T22:20:17.453+02:00 TRACE 13448 --- [api-gateway] [    Test worker] o.s.b.a.condition.OnClassCondition       : Condition OnClassCondition on org.springframework.boot.autoconfigure.webservices.WebServicesAutoConfiguration did not match due to @ConditionalOnClass did not find required class 'org.springframework.ws.transport.http.MessageDispatcherServlet'
2025-04-26T22:20:17.453+02:00 TRACE 13448 --- [api-gateway] [    Test worker] o.s.b.a.condition.OnClassCondition       : Condition OnClassCondition on org.springframework.boot.autoconfigure.webservices.client.WebServiceTemplateAutoConfiguration did not match due to @ConditionalOnClass did not find required class 'org.springframework.oxm.Marshaller'
2025-04-26T22:20:17.453+02:00 TRACE 13448 --- [api-gateway] [    Test worker] o.s.b.a.condition.OnClassCondition       : Condition OnClassCondition on org.springframework.cloud.autoconfigure.RefreshEndpointAutoConfiguration did not match due to @ConditionalOnClass did not find required class 'org.springframework.boot.actuate.autoconfigure.endpoint.EndpointAutoConfiguration'
2025-04-26T22:20:17.453+02:00 TRACE 13448 --- [api-gateway] [    Test worker] o.s.b.a.condition.OnClassCondition       : Condition OnClassCondition on org.springframework.cloud.autoconfigure.WritableEnvironmentEndpointAutoConfiguration did not match due to @ConditionalOnClass did not find required class 'org.springframework.boot.actuate.autoconfigure.env.EnvironmentEndpointProperties'
2025-04-26T22:20:17.453+02:00 TRACE 13448 --- [api-gateway] [    Test worker] o.s.b.f.s.DefaultListableBeanFactory     : Returning cached instance of singleton bean 'autoConfigurationReport'
2025-04-26T22:20:17.457+02:00 TRACE 13448 --- [api-gateway] [    Test worker] o.s.b.f.s.DefaultListableBeanFactory     : Returning cached instance of singleton bean 'autoConfigurationReport'
2025-04-26T22:20:17.463+02:00 TRACE 13448 --- [api-gateway] [    Test worker] o.s.b.a.condition.OnBeanCondition        : Condition OnBeanCondition on org.springframework.boot.autoconfigure.jdbc.JdbcClientAutoConfiguration did not match due to @ConditionalOnSingleCandidate did not find required type 'org.springframework.jdbc.core.namedparam.NamedParameterJdbcTemplate'
2025-04-26T22:20:17.466+02:00 TRACE 13448 --- [api-gateway] [    Test worker] o.s.b.a.AutoConfigurationImportSelector  : Filtered 120 auto configuration class in 96 ms
2025-04-26T22:20:17.466+02:00 TRACE 13448 --- [api-gateway] [    Test worker] o.s.c.io.support.SpringFactoriesLoader   : Loaded [org.springframework.boot.autoconfigure.AutoConfigurationImportListener] names: [org.springframework.boot.autoconfigure.condition.ConditionEvaluationReportAutoConfigurationImportListener]
2025-04-26T22:20:17.468+02:00 TRACE 13448 --- [api-gateway] [    Test worker] o.s.b.f.s.DefaultListableBeanFactory     : Returning cached instance of singleton bean 'autoConfigurationReport'
2025-04-26T22:20:17.474+02:00 TRACE 13448 --- [api-gateway] [    Test worker] o.s.b.f.s.DefaultListableBeanFactory     : Returning cached instance of singleton bean 'org.springframework.boot.autoconfigure.internalCachingMetadataReaderFactory'
2025-04-26T22:20:17.504+02:00 TRACE 13448 --- [api-gateway] [    Test worker] o.s.b.f.s.DefaultListableBeanFactory     : Returning cached instance of singleton bean 'autoConfigurationReport'
2025-04-26T22:20:17.505+02:00 TRACE 13448 --- [api-gateway] [    Test worker] o.s.b.f.s.DefaultListableBeanFactory     : Returning cached instance of singleton bean 'autoConfigurationReport'
2025-04-26T22:20:17.505+02:00 TRACE 13448 --- [api-gateway] [    Test worker] o.s.b.f.s.DefaultListableBeanFactory     : Returning cached instance of singleton bean 'autoConfigurationReport'
2025-04-26T22:20:17.505+02:00 TRACE 13448 --- [api-gateway] [    Test worker] o.s.b.f.s.DefaultListableBeanFactory     : Returning cached instance of singleton bean 'autoConfigurationReport'
2025-04-26T22:20:17.505+02:00 TRACE 13448 --- [api-gateway] [    Test worker] o.s.b.f.s.DefaultListableBeanFactory     : Returning cached instance of singleton bean 'autoConfigurationReport'
2025-04-26T22:20:17.505+02:00 TRACE 13448 --- [api-gateway] [    Test worker] o.s.b.f.s.DefaultListableBeanFactory     : Returning cached instance of singleton bean 'autoConfigurationReport'
2025-04-26T22:20:17.509+02:00 TRACE 13448 --- [api-gateway] [    Test worker] .i.s.PathMatchingResourcePatternResolver : Resolved module-path location pattern [messages.properties] to resources []
2025-04-26T22:20:17.510+02:00 TRACE 13448 --- [api-gateway] [    Test worker] .i.s.PathMatchingResourcePatternResolver : Resolved class path location [messages.properties] to resources []
2025-04-26T22:20:17.510+02:00 TRACE 13448 --- [api-gateway] [    Test worker] utoConfiguration$ResourceBundleCondition : Condition MessageSourceAutoConfiguration.ResourceBundleCondition on org.springframework.boot.autoconfigure.context.MessageSourceAutoConfiguration did not match due to ResourceBundle did not find bundle with basename messages
2025-04-26T22:20:17.510+02:00 TRACE 13448 --- [api-gateway] [    Test worker] o.s.b.f.s.DefaultListableBeanFactory     : Returning cached instance of singleton bean 'autoConfigurationReport'
2025-04-26T22:20:17.510+02:00 TRACE 13448 --- [api-gateway] [    Test worker] o.s.b.f.s.DefaultListableBeanFactory     : Returning cached instance of singleton bean 'autoConfigurationReport'
2025-04-26T22:20:17.510+02:00 TRACE 13448 --- [api-gateway] [    Test worker] o.s.b.f.s.DefaultListableBeanFactory     : Returning cached instance of singleton bean 'autoConfigurationReport'
2025-04-26T22:20:17.510+02:00 TRACE 13448 --- [api-gateway] [    Test worker] o.s.b.f.s.DefaultListableBeanFactory     : Returning cached instance of singleton bean 'autoConfigurationReport'
2025-04-26T22:20:17.510+02:00 TRACE 13448 --- [api-gateway] [    Test worker] o.s.b.f.s.DefaultListableBeanFactory     : Returning cached instance of singleton bean 'autoConfigurationReport'
2025-04-26T22:20:17.510+02:00 TRACE 13448 --- [api-gateway] [    Test worker] o.s.b.f.s.DefaultListableBeanFactory     : Returning cached instance of singleton bean 'autoConfigurationReport'
2025-04-26T22:20:17.510+02:00 TRACE 13448 --- [api-gateway] [    Test worker] o.s.b.f.s.DefaultListableBeanFactory     : Returning cached instance of singleton bean 'autoConfigurationReport'
2025-04-26T22:20:17.511+02:00 TRACE 13448 --- [api-gateway] [    Test worker] o.s.b.f.s.DefaultListableBeanFactory     : Returning cached instance of singleton bean 'autoConfigurationReport'
2025-04-26T22:20:17.511+02:00 TRACE 13448 --- [api-gateway] [    Test worker] o.s.b.f.s.DefaultListableBeanFactory     : Returning cached instance of singleton bean 'autoConfigurationReport'
2025-04-26T22:20:17.511+02:00 TRACE 13448 --- [api-gateway] [    Test worker] o.s.b.f.s.DefaultListableBeanFactory     : Returning cached instance of singleton bean 'autoConfigurationReport'
2025-04-26T22:20:17.513+02:00 TRACE 13448 --- [api-gateway] [    Test worker] o.s.b.f.s.DefaultListableBeanFactory     : Returning cached instance of singleton bean 'autoConfigurationReport'
2025-04-26T22:20:17.513+02:00 TRACE 13448 --- [api-gateway] [    Test worker] o.s.b.f.s.DefaultListableBeanFactory     : Returning cached instance of singleton bean 'autoConfigurationReport'
2025-04-26T22:20:17.513+02:00 TRACE 13448 --- [api-gateway] [    Test worker] o.s.b.f.s.DefaultListableBeanFactory     : Returning cached instance of singleton bean 'autoConfigurationReport'
2025-04-26T22:20:17.513+02:00 TRACE 13448 --- [api-gateway] [    Test worker] o.s.b.f.s.DefaultListableBeanFactory     : Returning cached instance of singleton bean 'autoConfigurationReport'
2025-04-26T22:20:17.513+02:00 TRACE 13448 --- [api-gateway] [    Test worker] o.s.b.f.s.DefaultListableBeanFactory     : Returning cached instance of singleton bean 'autoConfigurationReport'
2025-04-26T22:20:17.514+02:00 TRACE 13448 --- [api-gateway] [    Test worker] o.s.b.f.s.DefaultListableBeanFactory     : Returning cached instance of singleton bean 'autoConfigurationReport'
2025-04-26T22:20:17.515+02:00 TRACE 13448 --- [api-gateway] [    Test worker] o.s.b.a.condition.OnClassCondition       : Condition OnClassCondition on org.springframework.boot.autoconfigure.web.reactive.ReactiveWebServerFactoryAutoConfiguration matched due to @ConditionalOnClass found required class 'org.springframework.http.ReactiveHttpInputMessage'
2025-04-26T22:20:17.515+02:00 TRACE 13448 --- [api-gateway] [    Test worker] o.s.b.f.s.DefaultListableBeanFactory     : Returning cached instance of singleton bean 'autoConfigurationReport'
2025-04-26T22:20:17.515+02:00 TRACE 13448 --- [api-gateway] [    Test worker] o.s.b.a.c.OnWebApplicationCondition      : Condition OnWebApplicationCondition on org.springframework.boot.autoconfigure.web.reactive.ReactiveWebServerFactoryAutoConfiguration matched due to found ConfigurableReactiveWebEnvironment
2025-04-26T22:20:17.516+02:00 TRACE 13448 --- [api-gateway] [    Test worker] o.s.b.f.s.DefaultListableBeanFactory     : Returning cached instance of singleton bean 'autoConfigurationReport'
2025-04-26T22:20:17.516+02:00 TRACE 13448 --- [api-gateway] [    Test worker] o.s.b.f.s.DefaultListableBeanFactory     : Returning cached instance of singleton bean 'autoConfigurationReport'
2025-04-26T22:20:17.516+02:00 TRACE 13448 --- [api-gateway] [    Test worker] o.s.b.f.s.DefaultListableBeanFactory     : Returning cached instance of singleton bean 'autoConfigurationReport'
2025-04-26T22:20:17.516+02:00 TRACE 13448 --- [api-gateway] [    Test worker] o.s.b.f.s.DefaultListableBeanFactory     : Returning cached instance of singleton bean 'autoConfigurationReport'
2025-04-26T22:20:17.526+02:00 TRACE 13448 --- [api-gateway] [    Test worker] o.s.b.a.condition.OnClassCondition       : Condition OnClassCondition on org.springframework.boot.autoconfigure.web.reactive.ReactiveWebServerFactoryConfiguration$EmbeddedTomcat did not match due to @ConditionalOnClass did not find required class 'org.apache.catalina.startup.Tomcat'
2025-04-26T22:20:17.527+02:00 TRACE 13448 --- [api-gateway] [    Test worker] o.s.b.f.s.DefaultListableBeanFactory     : Returning cached instance of singleton bean 'autoConfigurationReport'
2025-04-26T22:20:17.528+02:00 TRACE 13448 --- [api-gateway] [    Test worker] o.s.b.a.condition.OnClassCondition       : Condition OnClassCondition on org.springframework.boot.autoconfigure.web.reactive.ReactiveWebServerFactoryConfiguration$EmbeddedJetty did not match due to @ConditionalOnClass did not find required classes 'org.eclipse.jetty.server.Server', 'org.eclipse.jetty.ee10.servlet.ServletHolder'
2025-04-26T22:20:17.528+02:00 TRACE 13448 --- [api-gateway] [    Test worker] o.s.b.f.s.DefaultListableBeanFactory     : Returning cached instance of singleton bean 'autoConfigurationReport'
2025-04-26T22:20:17.528+02:00 TRACE 13448 --- [api-gateway] [    Test worker] o.s.b.a.condition.OnClassCondition       : Condition OnClassCondition on org.springframework.boot.autoconfigure.web.reactive.ReactiveWebServerFactoryConfiguration$EmbeddedUndertow did not match due to @ConditionalOnClass did not find required class 'io.undertow.Undertow'
2025-04-26T22:20:17.529+02:00 TRACE 13448 --- [api-gateway] [    Test worker] o.s.b.f.s.DefaultListableBeanFactory     : Returning cached instance of singleton bean 'autoConfigurationReport'
2025-04-26T22:20:17.534+02:00 TRACE 13448 --- [api-gateway] [    Test worker] o.s.b.a.condition.OnClassCondition       : Condition OnClassCondition on org.springframework.boot.autoconfigure.web.reactive.ReactiveWebServerFactoryConfiguration$EmbeddedNetty matched due to @ConditionalOnClass found required class 'reactor.netty.http.server.HttpServer'
2025-04-26T22:20:17.534+02:00 TRACE 13448 --- [api-gateway] [    Test worker] o.s.b.f.s.DefaultListableBeanFactory     : Returning cached instance of singleton bean 'autoConfigurationReport'
2025-04-26T22:20:17.535+02:00 TRACE 13448 --- [api-gateway] [    Test worker] o.s.b.f.s.DefaultListableBeanFactory     : Returning cached instance of singleton bean 'autoConfigurationReport'
2025-04-26T22:20:17.535+02:00 TRACE 13448 --- [api-gateway] [    Test worker] o.s.b.f.s.DefaultListableBeanFactory     : Returning cached instance of singleton bean 'autoConfigurationReport'
2025-04-26T22:20:17.535+02:00 TRACE 13448 --- [api-gateway] [    Test worker] o.s.b.f.s.DefaultListableBeanFactory     : Returning cached instance of singleton bean 'autoConfigurationReport'
2025-04-26T22:20:17.536+02:00 TRACE 13448 --- [api-gateway] [    Test worker] o.s.b.f.s.DefaultListableBeanFactory     : Returning cached instance of singleton bean 'autoConfigurationReport'
2025-04-26T22:20:17.536+02:00 TRACE 13448 --- [api-gateway] [    Test worker] o.s.b.f.s.DefaultListableBeanFactory     : Returning cached instance of singleton bean 'autoConfigurationReport'
2025-04-26T22:20:17.536+02:00 TRACE 13448 --- [api-gateway] [    Test worker] o.s.b.f.s.DefaultListableBeanFactory     : Returning cached instance of singleton bean 'autoConfigurationReport'
2025-04-26T22:20:17.537+02:00 TRACE 13448 --- [api-gateway] [    Test worker] o.s.b.f.s.DefaultListableBeanFactory     : Returning cached instance of singleton bean 'autoConfigurationReport'
2025-04-26T22:20:17.537+02:00 TRACE 13448 --- [api-gateway] [    Test worker] o.s.b.f.s.DefaultListableBeanFactory     : Returning cached instance of singleton bean 'autoConfigurationReport'
2025-04-26T22:20:17.537+02:00 TRACE 13448 --- [api-gateway] [    Test worker] o.s.b.f.s.DefaultListableBeanFactory     : Returning cached instance of singleton bean 'autoConfigurationReport'
2025-04-26T22:20:17.537+02:00 TRACE 13448 --- [api-gateway] [    Test worker] o.s.b.f.s.DefaultListableBeanFactory     : Returning cached instance of singleton bean 'autoConfigurationReport'
2025-04-26T22:20:17.537+02:00 TRACE 13448 --- [api-gateway] [    Test worker] o.s.b.f.s.DefaultListableBeanFactory     : Returning cached instance of singleton bean 'autoConfigurationReport'
2025-04-26T22:20:17.537+02:00 TRACE 13448 --- [api-gateway] [    Test worker] o.s.b.f.s.DefaultListableBeanFactory     : Returning cached instance of singleton bean 'autoConfigurationReport'
2025-04-26T22:20:17.538+02:00 TRACE 13448 --- [api-gateway] [    Test worker] o.s.b.a.condition.OnClassCondition       : Condition OnClassCondition on org.springframework.boot.autoconfigure.jackson.JacksonAutoConfiguration matched due to @ConditionalOnClass found required class 'com.fasterxml.jackson.databind.ObjectMapper'
2025-04-26T22:20:17.538+02:00 TRACE 13448 --- [api-gateway] [    Test worker] o.s.b.f.s.DefaultListableBeanFactory     : Returning cached instance of singleton bean 'autoConfigurationReport'
2025-04-26T22:20:17.538+02:00 TRACE 13448 --- [api-gateway] [    Test worker] o.s.b.f.s.DefaultListableBeanFactory     : Returning cached instance of singleton bean 'autoConfigurationReport'
2025-04-26T22:20:17.539+02:00 TRACE 13448 --- [api-gateway] [    Test worker] o.s.b.f.s.DefaultListableBeanFactory     : Returning cached instance of singleton bean 'autoConfigurationReport'
2025-04-26T22:20:17.539+02:00 TRACE 13448 --- [api-gateway] [    Test worker] o.s.b.f.s.DefaultListableBeanFactory     : Returning cached instance of singleton bean 'autoConfigurationReport'
2025-04-26T22:20:17.541+02:00 TRACE 13448 --- [api-gateway] [    Test worker] o.s.b.a.condition.OnClassCondition       : Condition OnClassCondition on org.springframework.boot.autoconfigure.jackson.JacksonAutoConfiguration$Jackson2ObjectMapperBuilderCustomizerConfiguration matched due to @ConditionalOnClass found required class 'org.springframework.http.converter.json.Jackson2ObjectMapperBuilder'
2025-04-26T22:20:17.541+02:00 TRACE 13448 --- [api-gateway] [    Test worker] o.s.b.f.s.DefaultListableBeanFactory     : Returning cached instance of singleton bean 'autoConfigurationReport'
2025-04-26T22:20:17.541+02:00 TRACE 13448 --- [api-gateway] [    Test worker] o.s.b.f.s.DefaultListableBeanFactory     : Returning cached instance of singleton bean 'autoConfigurationReport'
2025-04-26T22:20:17.542+02:00 TRACE 13448 --- [api-gateway] [    Test worker] o.s.b.f.s.DefaultListableBeanFactory     : Returning cached instance of singleton bean 'autoConfigurationReport'
2025-04-26T22:20:17.542+02:00 TRACE 13448 --- [api-gateway] [    Test worker] o.s.b.f.s.DefaultListableBeanFactory     : Returning cached instance of singleton bean 'autoConfigurationReport'
2025-04-26T22:20:17.547+02:00 TRACE 13448 --- [api-gateway] [    Test worker] o.s.b.a.condition.OnClassCondition       : Condition OnClassCondition on org.springframework.boot.autoconfigure.jackson.JacksonAutoConfiguration$JacksonObjectMapperBuilderConfiguration matched due to @ConditionalOnClass found required class 'org.springframework.http.converter.json.Jackson2ObjectMapperBuilder'
2025-04-26T22:20:17.547+02:00 TRACE 13448 --- [api-gateway] [    Test worker] o.s.b.f.s.DefaultListableBeanFactory     : Returning cached instance of singleton bean 'autoConfigurationReport'
2025-04-26T22:20:17.547+02:00 TRACE 13448 --- [api-gateway] [    Test worker] o.s.b.f.s.DefaultListableBeanFactory     : Returning cached instance of singleton bean 'autoConfigurationReport'
2025-04-26T22:20:17.547+02:00 TRACE 13448 --- [api-gateway] [    Test worker] o.s.b.f.s.DefaultListableBeanFactory     : Returning cached instance of singleton bean 'autoConfigurationReport'
2025-04-26T22:20:17.548+02:00 TRACE 13448 --- [api-gateway] [    Test worker] o.s.b.f.s.DefaultListableBeanFactory     : Returning cached instance of singleton bean 'autoConfigurationReport'
2025-04-26T22:20:17.548+02:00 TRACE 13448 --- [api-gateway] [    Test worker] o.s.b.a.condition.OnClassCondition       : Condition OnClassCondition on org.springframework.boot.autoconfigure.jackson.JacksonAutoConfiguration$ParameterNamesModuleConfiguration matched due to @ConditionalOnClass found required class 'com.fasterxml.jackson.module.paramnames.ParameterNamesModule'
2025-04-26T22:20:17.548+02:00 TRACE 13448 --- [api-gateway] [    Test worker] o.s.b.f.s.DefaultListableBeanFactory     : Returning cached instance of singleton bean 'autoConfigurationReport'
2025-04-26T22:20:17.548+02:00 TRACE 13448 --- [api-gateway] [    Test worker] o.s.b.f.s.DefaultListableBeanFactory     : Returning cached instance of singleton bean 'autoConfigurationReport'
2025-04-26T22:20:17.548+02:00 TRACE 13448 --- [api-gateway] [    Test worker] o.s.b.f.s.DefaultListableBeanFactory     : Returning cached instance of singleton bean 'autoConfigurationReport'
2025-04-26T22:20:17.548+02:00 TRACE 13448 --- [api-gateway] [    Test worker] o.s.b.f.s.DefaultListableBeanFactory     : Returning cached instance of singleton bean 'autoConfigurationReport'
2025-04-26T22:20:17.549+02:00 TRACE 13448 --- [api-gateway] [    Test worker] o.s.b.a.condition.OnClassCondition       : Condition OnClassCondition on org.springframework.boot.autoconfigure.jackson.JacksonAutoConfiguration$JacksonObjectMapperConfiguration matched due to @ConditionalOnClass found required class 'org.springframework.http.converter.json.Jackson2ObjectMapperBuilder'
2025-04-26T22:20:17.549+02:00 TRACE 13448 --- [api-gateway] [    Test worker] o.s.b.f.s.DefaultListableBeanFactory     : Returning cached instance of singleton bean 'autoConfigurationReport'
2025-04-26T22:20:17.549+02:00 TRACE 13448 --- [api-gateway] [    Test worker] o.s.b.f.s.DefaultListableBeanFactory     : Returning cached instance of singleton bean 'autoConfigurationReport'
2025-04-26T22:20:17.549+02:00 TRACE 13448 --- [api-gateway] [    Test worker] o.s.b.f.s.DefaultListableBeanFactory     : Returning cached instance of singleton bean 'autoConfigurationReport'
2025-04-26T22:20:17.549+02:00 TRACE 13448 --- [api-gateway] [    Test worker] o.s.b.f.s.DefaultListableBeanFactory     : Returning cached instance of singleton bean 'autoConfigurationReport'
2025-04-26T22:20:17.549+02:00 TRACE 13448 --- [api-gateway] [    Test worker] o.s.b.f.s.DefaultListableBeanFactory     : Returning cached instance of singleton bean 'autoConfigurationReport'
2025-04-26T22:20:17.549+02:00 TRACE 13448 --- [api-gateway] [    Test worker] o.s.b.f.s.DefaultListableBeanFactory     : Returning cached instance of singleton bean 'autoConfigurationReport'
2025-04-26T22:20:17.549+02:00 TRACE 13448 --- [api-gateway] [    Test worker] o.s.b.f.s.DefaultListableBeanFactory     : Returning cached instance of singleton bean 'autoConfigurationReport'
2025-04-26T22:20:17.550+02:00 TRACE 13448 --- [api-gateway] [    Test worker] o.s.b.f.s.DefaultListableBeanFactory     : Returning cached instance of singleton bean 'autoConfigurationReport'
2025-04-26T22:20:17.550+02:00 TRACE 13448 --- [api-gateway] [    Test worker] o.s.b.f.s.DefaultListableBeanFactory     : Returning cached instance of singleton bean 'autoConfigurationReport'
2025-04-26T22:20:17.550+02:00 TRACE 13448 --- [api-gateway] [    Test worker] o.s.b.f.s.DefaultListableBeanFactory     : Returning cached instance of singleton bean 'autoConfigurationReport'
2025-04-26T22:20:17.550+02:00 TRACE 13448 --- [api-gateway] [    Test worker] o.s.b.f.s.DefaultListableBeanFactory     : Returning cached instance of singleton bean 'autoConfigurationReport'
2025-04-26T22:20:17.550+02:00 TRACE 13448 --- [api-gateway] [    Test worker] o.s.b.f.s.DefaultListableBeanFactory     : Returning cached instance of singleton bean 'autoConfigurationReport'
2025-04-26T22:20:17.550+02:00 TRACE 13448 --- [api-gateway] [    Test worker] o.s.b.f.s.DefaultListableBeanFactory     : Returning cached instance of singleton bean 'autoConfigurationReport'
2025-04-26T22:20:17.551+02:00 TRACE 13448 --- [api-gateway] [    Test worker] o.s.b.a.condition.OnClassCondition       : Condition OnClassCondition on org.springframework.boot.autoconfigure.http.codec.CodecsAutoConfiguration matched due to @ConditionalOnClass found required classes 'org.springframework.http.codec.CodecConfigurer', 'org.springframework.web.reactive.function.client.WebClient'
2025-04-26T22:20:17.551+02:00 TRACE 13448 --- [api-gateway] [    Test worker] o.s.b.f.s.DefaultListableBeanFactory     : Returning cached instance of singleton bean 'autoConfigurationReport'
2025-04-26T22:20:17.551+02:00 TRACE 13448 --- [api-gateway] [    Test worker] o.s.b.f.s.DefaultListableBeanFactory     : Returning cached instance of singleton bean 'autoConfigurationReport'
2025-04-26T22:20:17.551+02:00 TRACE 13448 --- [api-gateway] [    Test worker] o.s.b.f.s.DefaultListableBeanFactory     : Returning cached instance of singleton bean 'autoConfigurationReport'
2025-04-26T22:20:17.551+02:00 TRACE 13448 --- [api-gateway] [    Test worker] o.s.b.f.s.DefaultListableBeanFactory     : Returning cached instance of singleton bean 'autoConfigurationReport'
2025-04-26T22:20:17.552+02:00 TRACE 13448 --- [api-gateway] [    Test worker] o.s.b.f.s.DefaultListableBeanFactory     : Returning cached instance of singleton bean 'autoConfigurationReport'
2025-04-26T22:20:17.552+02:00 TRACE 13448 --- [api-gateway] [    Test worker] o.s.b.f.s.DefaultListableBeanFactory     : Returning cached instance of singleton bean 'autoConfigurationReport'
2025-04-26T22:20:17.552+02:00 TRACE 13448 --- [api-gateway] [    Test worker] o.s.b.f.s.DefaultListableBeanFactory     : Returning cached instance of singleton bean 'autoConfigurationReport'
2025-04-26T22:20:17.553+02:00 TRACE 13448 --- [api-gateway] [    Test worker] o.s.b.a.condition.OnClassCondition       : Condition OnClassCondition on org.springframework.boot.autoconfigure.http.codec.CodecsAutoConfiguration$JacksonCodecConfiguration matched due to @ConditionalOnClass found required class 'com.fasterxml.jackson.databind.ObjectMapper'
2025-04-26T22:20:17.553+02:00 TRACE 13448 --- [api-gateway] [    Test worker] o.s.b.f.s.DefaultListableBeanFactory     : Returning cached instance of singleton bean 'autoConfigurationReport'
2025-04-26T22:20:17.553+02:00 TRACE 13448 --- [api-gateway] [    Test worker] o.s.b.f.s.DefaultListableBeanFactory     : Returning cached instance of singleton bean 'autoConfigurationReport'
2025-04-26T22:20:17.553+02:00 TRACE 13448 --- [api-gateway] [    Test worker] o.s.b.f.s.DefaultListableBeanFactory     : Returning cached instance of singleton bean 'autoConfigurationReport'
2025-04-26T22:20:17.553+02:00 TRACE 13448 --- [api-gateway] [    Test worker] o.s.b.f.s.DefaultListableBeanFactory     : Returning cached instance of singleton bean 'autoConfigurationReport'
2025-04-26T22:20:17.554+02:00 TRACE 13448 --- [api-gateway] [    Test worker] o.s.b.f.s.DefaultListableBeanFactory     : Returning cached instance of singleton bean 'autoConfigurationReport'
2025-04-26T22:20:17.554+02:00 TRACE 13448 --- [api-gateway] [    Test worker] o.s.b.f.s.DefaultListableBeanFactory     : Returning cached instance of singleton bean 'autoConfigurationReport'
2025-04-26T22:20:17.554+02:00 TRACE 13448 --- [api-gateway] [    Test worker] o.s.b.f.s.DefaultListableBeanFactory     : Returning cached instance of singleton bean 'autoConfigurationReport'
2025-04-26T22:20:17.554+02:00 TRACE 13448 --- [api-gateway] [    Test worker] o.s.b.f.s.DefaultListableBeanFactory     : Returning cached instance of singleton bean 'autoConfigurationReport'
2025-04-26T22:20:17.554+02:00 TRACE 13448 --- [api-gateway] [    Test worker] o.s.b.f.s.DefaultListableBeanFactory     : Returning cached instance of singleton bean 'autoConfigurationReport'
2025-04-26T22:20:17.554+02:00 TRACE 13448 --- [api-gateway] [    Test worker] o.s.b.f.s.DefaultListableBeanFactory     : Returning cached instance of singleton bean 'autoConfigurationReport'
2025-04-26T22:20:17.556+02:00 TRACE 13448 --- [api-gateway] [    Test worker] o.s.b.a.condition.OnClassCondition       : Condition OnClassCondition on org.springframework.boot.autoconfigure.validation.ValidationAutoConfiguration matched due to @ConditionalOnClass found required class 'jakarta.validation.executable.ExecutableValidator'
2025-04-26T22:20:17.556+02:00 TRACE 13448 --- [api-gateway] [    Test worker] o.s.b.f.s.DefaultListableBeanFactory     : Returning cached instance of singleton bean 'autoConfigurationReport'
2025-04-26T22:20:17.557+02:00 TRACE 13448 --- [api-gateway] [    Test worker] o.s.b.a.condition.OnResourceCondition    : Condition OnResourceCondition on org.springframework.boot.autoconfigure.validation.ValidationAutoConfiguration matched due to @ConditionalOnResource found location classpath:META-INF/services/jakarta.validation.spi.ValidationProvider
2025-04-26T22:20:17.557+02:00 TRACE 13448 --- [api-gateway] [    Test worker] o.s.b.f.s.DefaultListableBeanFactory     : Returning cached instance of singleton bean 'autoConfigurationReport'
2025-04-26T22:20:17.557+02:00 TRACE 13448 --- [api-gateway] [    Test worker] o.s.b.f.s.DefaultListableBeanFactory     : Returning cached instance of singleton bean 'autoConfigurationReport'
2025-04-26T22:20:17.557+02:00 TRACE 13448 --- [api-gateway] [    Test worker] o.s.b.f.s.DefaultListableBeanFactory     : Returning cached instance of singleton bean 'autoConfigurationReport'
2025-04-26T22:20:17.557+02:00 TRACE 13448 --- [api-gateway] [    Test worker] o.s.b.f.s.DefaultListableBeanFactory     : Returning cached instance of singleton bean 'autoConfigurationReport'
2025-04-26T22:20:17.559+02:00 TRACE 13448 --- [api-gateway] [    Test worker] o.s.b.f.s.DefaultListableBeanFactory     : Returning cached instance of singleton bean 'autoConfigurationReport'
2025-04-26T22:20:17.559+02:00 TRACE 13448 --- [api-gateway] [    Test worker] o.s.b.f.s.DefaultListableBeanFactory     : Returning cached instance of singleton bean 'autoConfigurationReport'
2025-04-26T22:20:17.559+02:00 TRACE 13448 --- [api-gateway] [    Test worker] o.s.b.f.s.DefaultListableBeanFactory     : Returning cached instance of singleton bean 'autoConfigurationReport'
2025-04-26T22:20:17.559+02:00 TRACE 13448 --- [api-gateway] [    Test worker] o.s.b.f.s.DefaultListableBeanFactory     : Returning cached instance of singleton bean 'autoConfigurationReport'
2025-04-26T22:20:17.559+02:00 TRACE 13448 --- [api-gateway] [    Test worker] o.s.b.f.s.DefaultListableBeanFactory     : Returning cached instance of singleton bean 'autoConfigurationReport'
2025-04-26T22:20:17.559+02:00 TRACE 13448 --- [api-gateway] [    Test worker] o.s.b.f.s.DefaultListableBeanFactory     : Returning cached instance of singleton bean 'autoConfigurationReport'
2025-04-26T22:20:17.560+02:00 TRACE 13448 --- [api-gateway] [    Test worker] o.s.b.a.condition.OnClassCondition       : Condition OnClassCondition on org.springframework.boot.autoconfigure.web.reactive.ReactiveMultipartAutoConfiguration matched due to @ConditionalOnClass found required classes 'org.springframework.http.codec.multipart.DefaultPartHttpMessageReader', 'org.springframework.web.reactive.config.WebFluxConfigurer'
2025-04-26T22:20:17.560+02:00 TRACE 13448 --- [api-gateway] [    Test worker] o.s.b.f.s.DefaultListableBeanFactory     : Returning cached instance of singleton bean 'autoConfigurationReport'
2025-04-26T22:20:17.561+02:00 TRACE 13448 --- [api-gateway] [    Test worker] o.s.b.a.c.OnWebApplicationCondition      : Condition OnWebApplicationCondition on org.springframework.boot.autoconfigure.web.reactive.ReactiveMultipartAutoConfiguration matched due to found ConfigurableReactiveWebEnvironment
2025-04-26T22:20:17.561+02:00 TRACE 13448 --- [api-gateway] [    Test worker] o.s.b.f.s.DefaultListableBeanFactory     : Returning cached instance of singleton bean 'autoConfigurationReport'
2025-04-26T22:20:17.561+02:00 TRACE 13448 --- [api-gateway] [    Test worker] o.s.b.f.s.DefaultListableBeanFactory     : Returning cached instance of singleton bean 'autoConfigurationReport'
2025-04-26T22:20:17.561+02:00 TRACE 13448 --- [api-gateway] [    Test worker] o.s.b.f.s.DefaultListableBeanFactory     : Returning cached instance of singleton bean 'autoConfigurationReport'
2025-04-26T22:20:17.561+02:00 TRACE 13448 --- [api-gateway] [    Test worker] o.s.b.f.s.DefaultListableBeanFactory     : Returning cached instance of singleton bean 'autoConfigurationReport'
2025-04-26T22:20:17.561+02:00 TRACE 13448 --- [api-gateway] [    Test worker] o.s.b.f.s.DefaultListableBeanFactory     : Returning cached instance of singleton bean 'autoConfigurationReport'
2025-04-26T22:20:17.561+02:00 TRACE 13448 --- [api-gateway] [    Test worker] o.s.b.f.s.DefaultListableBeanFactory     : Returning cached instance of singleton bean 'autoConfigurationReport'
2025-04-26T22:20:17.561+02:00 TRACE 13448 --- [api-gateway] [    Test worker] o.s.b.f.s.DefaultListableBeanFactory     : Returning cached instance of singleton bean 'autoConfigurationReport'
2025-04-26T22:20:17.562+02:00 TRACE 13448 --- [api-gateway] [    Test worker] o.s.b.f.s.DefaultListableBeanFactory     : Returning cached instance of singleton bean 'autoConfigurationReport'
2025-04-26T22:20:17.562+02:00 TRACE 13448 --- [api-gateway] [    Test worker] o.s.b.f.s.DefaultListableBeanFactory     : Returning cached instance of singleton bean 'autoConfigurationReport'
2025-04-26T22:20:17.562+02:00 TRACE 13448 --- [api-gateway] [    Test worker] o.s.b.f.s.DefaultListableBeanFactory     : Returning cached instance of singleton bean 'autoConfigurationReport'
2025-04-26T22:20:17.563+02:00 TRACE 13448 --- [api-gateway] [    Test worker] o.s.b.a.condition.OnClassCondition       : Condition OnClassCondition on org.springframework.boot.autoconfigure.web.reactive.WebSessionIdResolverAutoConfiguration matched due to @ConditionalOnClass found required classes 'org.springframework.web.server.session.WebSessionManager', 'reactor.core.publisher.Mono'
2025-04-26T22:20:17.563+02:00 TRACE 13448 --- [api-gateway] [    Test worker] o.s.b.f.s.DefaultListableBeanFactory     : Returning cached instance of singleton bean 'autoConfigurationReport'
2025-04-26T22:20:17.563+02:00 TRACE 13448 --- [api-gateway] [    Test worker] o.s.b.a.c.OnWebApplicationCondition      : Condition OnWebApplicationCondition on org.springframework.boot.autoconfigure.web.reactive.WebSessionIdResolverAutoConfiguration matched due to found ConfigurableReactiveWebEnvironment
2025-04-26T22:20:17.563+02:00 TRACE 13448 --- [api-gateway] [    Test worker] o.s.b.f.s.DefaultListableBeanFactory     : Returning cached instance of singleton bean 'autoConfigurationReport'
2025-04-26T22:20:17.564+02:00 TRACE 13448 --- [api-gateway] [    Test worker] o.s.b.f.s.DefaultListableBeanFactory     : Returning cached instance of singleton bean 'autoConfigurationReport'
2025-04-26T22:20:17.564+02:00 TRACE 13448 --- [api-gateway] [    Test worker] o.s.b.f.s.DefaultListableBeanFactory     : Returning cached instance of singleton bean 'autoConfigurationReport'
2025-04-26T22:20:17.564+02:00 TRACE 13448 --- [api-gateway] [    Test worker] o.s.b.f.s.DefaultListableBeanFactory     : Returning cached instance of singleton bean 'autoConfigurationReport'
2025-04-26T22:20:17.564+02:00 TRACE 13448 --- [api-gateway] [    Test worker] o.s.b.f.s.DefaultListableBeanFactory     : Returning cached instance of singleton bean 'autoConfigurationReport'
2025-04-26T22:20:17.564+02:00 TRACE 13448 --- [api-gateway] [    Test worker] o.s.b.f.s.DefaultListableBeanFactory     : Returning cached instance of singleton bean 'autoConfigurationReport'
2025-04-26T22:20:17.564+02:00 TRACE 13448 --- [api-gateway] [    Test worker] o.s.b.f.s.DefaultListableBeanFactory     : Returning cached instance of singleton bean 'autoConfigurationReport'
2025-04-26T22:20:17.564+02:00 TRACE 13448 --- [api-gateway] [    Test worker] o.s.b.f.s.DefaultListableBeanFactory     : Returning cached instance of singleton bean 'autoConfigurationReport'
2025-04-26T22:20:17.564+02:00 TRACE 13448 --- [api-gateway] [    Test worker] o.s.b.f.s.DefaultListableBeanFactory     : Returning cached instance of singleton bean 'autoConfigurationReport'
2025-04-26T22:20:17.565+02:00 TRACE 13448 --- [api-gateway] [    Test worker] o.s.b.f.s.DefaultListableBeanFactory     : Returning cached instance of singleton bean 'autoConfigurationReport'
2025-04-26T22:20:17.565+02:00 TRACE 13448 --- [api-gateway] [    Test worker] o.s.b.a.condition.OnClassCondition       : Condition OnClassCondition on org.springframework.boot.autoconfigure.web.reactive.error.ErrorWebFluxAutoConfiguration matched due to @ConditionalOnClass found required class 'org.springframework.web.reactive.config.WebFluxConfigurer'
2025-04-26T22:20:17.565+02:00 TRACE 13448 --- [api-gateway] [    Test worker] o.s.b.f.s.DefaultListableBeanFactory     : Returning cached instance of singleton bean 'autoConfigurationReport'
2025-04-26T22:20:17.566+02:00 TRACE 13448 --- [api-gateway] [    Test worker] o.s.b.a.c.OnWebApplicationCondition      : Condition OnWebApplicationCondition on org.springframework.boot.autoconfigure.web.reactive.error.ErrorWebFluxAutoConfiguration matched due to found ConfigurableReactiveWebEnvironment
2025-04-26T22:20:17.566+02:00 TRACE 13448 --- [api-gateway] [    Test worker] o.s.b.f.s.DefaultListableBeanFactory     : Returning cached instance of singleton bean 'autoConfigurationReport'
2025-04-26T22:20:17.566+02:00 TRACE 13448 --- [api-gateway] [    Test worker] o.s.b.f.s.DefaultListableBeanFactory     : Returning cached instance of singleton bean 'autoConfigurationReport'
2025-04-26T22:20:17.566+02:00 TRACE 13448 --- [api-gateway] [    Test worker] o.s.b.f.s.DefaultListableBeanFactory     : Returning cached instance of singleton bean 'autoConfigurationReport'
2025-04-26T22:20:17.566+02:00 TRACE 13448 --- [api-gateway] [    Test worker] o.s.b.f.s.DefaultListableBeanFactory     : Returning cached instance of singleton bean 'autoConfigurationReport'
2025-04-26T22:20:17.566+02:00 TRACE 13448 --- [api-gateway] [    Test worker] o.s.b.f.s.DefaultListableBeanFactory     : Returning cached instance of singleton bean 'autoConfigurationReport'
2025-04-26T22:20:17.566+02:00 TRACE 13448 --- [api-gateway] [    Test worker] o.s.b.f.s.DefaultListableBeanFactory     : Returning cached instance of singleton bean 'autoConfigurationReport'
2025-04-26T22:20:17.566+02:00 TRACE 13448 --- [api-gateway] [    Test worker] o.s.b.f.s.DefaultListableBeanFactory     : Returning cached instance of singleton bean 'autoConfigurationReport'
2025-04-26T22:20:17.567+02:00 TRACE 13448 --- [api-gateway] [    Test worker] o.s.b.f.s.DefaultListableBeanFactory     : Returning cached instance of singleton bean 'autoConfigurationReport'
2025-04-26T22:20:17.567+02:00 TRACE 13448 --- [api-gateway] [    Test worker] o.s.b.f.s.DefaultListableBeanFactory     : Returning cached instance of singleton bean 'autoConfigurationReport'
2025-04-26T22:20:17.567+02:00 TRACE 13448 --- [api-gateway] [    Test worker] o.s.b.f.s.DefaultListableBeanFactory     : Returning cached instance of singleton bean 'autoConfigurationReport'
2025-04-26T22:20:17.570+02:00 TRACE 13448 --- [api-gateway] [    Test worker] o.s.b.a.condition.OnPropertyCondition    : Condition OnPropertyCondition on org.springframework.cloud.gateway.config.GatewayClassPathWarningAutoConfiguration matched due to @ConditionalOnProperty (spring.cloud.gateway.enabled) matched
2025-04-26T22:20:17.570+02:00 TRACE 13448 --- [api-gateway] [    Test worker] o.s.b.f.s.DefaultListableBeanFactory     : Returning cached instance of singleton bean 'autoConfigurationReport'
2025-04-26T22:20:17.570+02:00 TRACE 13448 --- [api-gateway] [    Test worker] o.s.b.f.s.DefaultListableBeanFactory     : Returning cached instance of singleton bean 'autoConfigurationReport'
2025-04-26T22:20:17.570+02:00 TRACE 13448 --- [api-gateway] [    Test worker] o.s.b.f.s.DefaultListableBeanFactory     : Returning cached instance of singleton bean 'autoConfigurationReport'
2025-04-26T22:20:17.570+02:00 TRACE 13448 --- [api-gateway] [    Test worker] o.s.b.f.s.DefaultListableBeanFactory     : Returning cached instance of singleton bean 'autoConfigurationReport'
2025-04-26T22:20:17.571+02:00 TRACE 13448 --- [api-gateway] [    Test worker] o.s.b.a.condition.OnClassCondition       : Condition OnClassCondition on org.springframework.cloud.gateway.config.GatewayClassPathWarningAutoConfiguration$WebfluxMissingFromClasspathConfiguration did not match due to @ConditionalOnMissingClass found unwanted class 'org.springframework.web.reactive.DispatcherHandler'
2025-04-26T22:20:17.572+02:00 TRACE 13448 --- [api-gateway] [    Test worker] o.s.b.f.s.DefaultListableBeanFactory     : Returning cached instance of singleton bean 'autoConfigurationReport'
2025-04-26T22:20:17.572+02:00 TRACE 13448 --- [api-gateway] [    Test worker] o.s.b.a.condition.OnClassCondition       : Condition OnClassCondition on org.springframework.cloud.gateway.config.GatewayClassPathWarningAutoConfiguration$SpringMvcFoundOnClasspathConfiguration did not match due to @ConditionalOnClass did not find required class 'org.springframework.web.servlet.DispatcherServlet'
2025-04-26T22:20:17.572+02:00 TRACE 13448 --- [api-gateway] [    Test worker] o.s.b.f.s.DefaultListableBeanFactory     : Returning cached instance of singleton bean 'autoConfigurationReport'
2025-04-26T22:20:17.573+02:00 TRACE 13448 --- [api-gateway] [    Test worker] o.s.b.f.s.DefaultListableBeanFactory     : Returning cached instance of singleton bean 'autoConfigurationReport'
2025-04-26T22:20:17.573+02:00 TRACE 13448 --- [api-gateway] [    Test worker] o.s.b.f.s.DefaultListableBeanFactory     : Returning cached instance of singleton bean 'autoConfigurationReport'
2025-04-26T22:20:17.574+02:00 TRACE 13448 --- [api-gateway] [    Test worker] o.s.b.f.s.DefaultListableBeanFactory     : Returning cached instance of singleton bean 'autoConfigurationReport'
2025-04-26T22:20:17.574+02:00 TRACE 13448 --- [api-gateway] [    Test worker] o.s.b.f.s.DefaultListableBeanFactory     : Returning cached instance of singleton bean 'autoConfigurationReport'
2025-04-26T22:20:17.574+02:00 TRACE 13448 --- [api-gateway] [    Test worker] o.s.b.f.s.DefaultListableBeanFactory     : Returning cached instance of singleton bean 'autoConfigurationReport'
2025-04-26T22:20:17.574+02:00 TRACE 13448 --- [api-gateway] [    Test worker] o.s.b.f.s.DefaultListableBeanFactory     : Returning cached instance of singleton bean 'autoConfigurationReport'
2025-04-26T22:20:17.577+02:00 TRACE 13448 --- [api-gateway] [    Test worker] o.s.b.a.condition.OnPropertyCondition    : Condition OnPropertyCondition on org.springframework.cloud.loadbalancer.config.LoadBalancerAutoConfiguration matched due to @ConditionalOnProperty (spring.cloud.loadbalancer.enabled=true) matched
2025-04-26T22:20:17.577+02:00 TRACE 13448 --- [api-gateway] [    Test worker] o.s.b.f.s.DefaultListableBeanFactory     : Returning cached instance of singleton bean 'autoConfigurationReport'
2025-04-26T22:20:17.577+02:00 TRACE 13448 --- [api-gateway] [    Test worker] o.s.b.f.s.DefaultListableBeanFactory     : Returning cached instance of singleton bean 'autoConfigurationReport'
2025-04-26T22:20:17.577+02:00 TRACE 13448 --- [api-gateway] [    Test worker] o.s.b.f.s.DefaultListableBeanFactory     : Returning cached instance of singleton bean 'autoConfigurationReport'
2025-04-26T22:20:17.577+02:00 TRACE 13448 --- [api-gateway] [    Test worker] o.s.b.f.s.DefaultListableBeanFactory     : Returning cached instance of singleton bean 'autoConfigurationReport'
2025-04-26T22:20:17.579+02:00 TRACE 13448 --- [api-gateway] [    Test worker] o.s.b.f.s.DefaultListableBeanFactory     : Returning cached instance of singleton bean 'autoConfigurationReport'
2025-04-26T22:20:17.579+02:00 TRACE 13448 --- [api-gateway] [    Test worker] o.s.b.f.s.DefaultListableBeanFactory     : Returning cached instance of singleton bean 'autoConfigurationReport'
2025-04-26T22:20:17.579+02:00 TRACE 13448 --- [api-gateway] [    Test worker] o.s.b.f.s.DefaultListableBeanFactory     : Returning cached instance of singleton bean 'autoConfigurationReport'
2025-04-26T22:20:17.579+02:00 TRACE 13448 --- [api-gateway] [    Test worker] o.s.b.f.s.DefaultListableBeanFactory     : Returning cached instance of singleton bean 'autoConfigurationReport'
2025-04-26T22:20:17.579+02:00 TRACE 13448 --- [api-gateway] [    Test worker] o.s.b.f.s.DefaultListableBeanFactory     : Returning cached instance of singleton bean 'autoConfigurationReport'
2025-04-26T22:20:17.579+02:00 TRACE 13448 --- [api-gateway] [    Test worker] o.s.b.f.s.DefaultListableBeanFactory     : Returning cached instance of singleton bean 'autoConfigurationReport'
2025-04-26T22:20:17.582+02:00 TRACE 13448 --- [api-gateway] [    Test worker] o.s.b.a.condition.OnClassCondition       : Condition OnClassCondition on org.springframework.cloud.gateway.config.GatewayReactiveLoadBalancerClientAutoConfiguration matched due to @ConditionalOnClass found required classes 'org.springframework.cloud.client.loadbalancer.reactive.ReactiveLoadBalancer', 'org.springframework.cloud.loadbalancer.config.LoadBalancerAutoConfiguration', 'org.springframework.web.reactive.DispatcherHandler'
2025-04-26T22:20:17.582+02:00 TRACE 13448 --- [api-gateway] [    Test worker] o.s.b.f.s.DefaultListableBeanFactory     : Returning cached instance of singleton bean 'autoConfigurationReport'
2025-04-26T22:20:17.583+02:00 TRACE 13448 --- [api-gateway] [    Test worker] o.s.b.f.s.DefaultListableBeanFactory     : Returning cached instance of singleton bean 'autoConfigurationReport'
2025-04-26T22:20:17.583+02:00 TRACE 13448 --- [api-gateway] [    Test worker] o.s.b.f.s.DefaultListableBeanFactory     : Returning cached instance of singleton bean 'autoConfigurationReport'
2025-04-26T22:20:17.583+02:00 TRACE 13448 --- [api-gateway] [    Test worker] o.s.b.f.s.DefaultListableBeanFactory     : Returning cached instance of singleton bean 'autoConfigurationReport'
2025-04-26T22:20:17.583+02:00 TRACE 13448 --- [api-gateway] [    Test worker] o.s.b.f.s.DefaultListableBeanFactory     : Returning cached instance of singleton bean 'autoConfigurationReport'
2025-04-26T22:20:17.583+02:00 TRACE 13448 --- [api-gateway] [    Test worker] o.s.b.f.s.DefaultListableBeanFactory     : Returning cached instance of singleton bean 'autoConfigurationReport'
2025-04-26T22:20:17.583+02:00 TRACE 13448 --- [api-gateway] [    Test worker] o.s.b.f.s.DefaultListableBeanFactory     : Returning cached instance of singleton bean 'autoConfigurationReport'
2025-04-26T22:20:17.583+02:00 TRACE 13448 --- [api-gateway] [    Test worker] o.s.b.f.s.DefaultListableBeanFactory     : Returning cached instance of singleton bean 'autoConfigurationReport'
2025-04-26T22:20:17.583+02:00 TRACE 13448 --- [api-gateway] [    Test worker] o.s.b.f.s.DefaultListableBeanFactory     : Returning cached instance of singleton bean 'autoConfigurationReport'
2025-04-26T22:20:17.583+02:00 TRACE 13448 --- [api-gateway] [    Test worker] o.s.b.f.s.DefaultListableBeanFactory     : Returning cached instance of singleton bean 'autoConfigurationReport'
2025-04-26T22:20:17.583+02:00 TRACE 13448 --- [api-gateway] [    Test worker] o.s.b.f.s.DefaultListableBeanFactory     : Returning cached instance of singleton bean 'autoConfigurationReport'
2025-04-26T22:20:17.583+02:00 TRACE 13448 --- [api-gateway] [    Test worker] o.s.b.f.s.DefaultListableBeanFactory     : Returning cached instance of singleton bean 'autoConfigurationReport'
2025-04-26T22:20:17.583+02:00 TRACE 13448 --- [api-gateway] [    Test worker] o.s.b.f.s.DefaultListableBeanFactory     : Returning cached instance of singleton bean 'autoConfigurationReport'
2025-04-26T22:20:17.584+02:00 TRACE 13448 --- [api-gateway] [    Test worker] o.s.b.f.s.DefaultListableBeanFactory     : Returning cached instance of singleton bean 'autoConfigurationReport'
2025-04-26T22:20:17.584+02:00 TRACE 13448 --- [api-gateway] [    Test worker] o.s.b.f.s.DefaultListableBeanFactory     : Returning cached instance of singleton bean 'autoConfigurationReport'
2025-04-26T22:20:17.584+02:00 TRACE 13448 --- [api-gateway] [    Test worker] o.s.b.f.s.DefaultListableBeanFactory     : Returning cached instance of singleton bean 'autoConfigurationReport'
2025-04-26T22:20:17.584+02:00 TRACE 13448 --- [api-gateway] [    Test worker] o.s.b.f.s.DefaultListableBeanFactory     : Returning cached instance of singleton bean 'autoConfigurationReport'
2025-04-26T22:20:17.584+02:00 TRACE 13448 --- [api-gateway] [    Test worker] o.s.b.f.s.DefaultListableBeanFactory     : Returning cached instance of singleton bean 'autoConfigurationReport'
2025-04-26T22:20:17.584+02:00 TRACE 13448 --- [api-gateway] [    Test worker] o.s.b.f.s.DefaultListableBeanFactory     : Returning cached instance of singleton bean 'autoConfigurationReport'
2025-04-26T22:20:17.585+02:00 TRACE 13448 --- [api-gateway] [    Test worker] o.s.b.a.condition.OnClassCondition       : Condition OnClassCondition on org.springframework.cloud.gateway.discovery.GatewayDiscoveryClientAutoConfiguration matched due to @ConditionalOnClass found required classes 'org.springframework.web.reactive.DispatcherHandler', 'org.springframework.cloud.client.discovery.composite.CompositeDiscoveryClientAutoConfiguration'
2025-04-26T22:20:17.585+02:00 TRACE 13448 --- [api-gateway] [    Test worker] o.s.b.f.s.DefaultListableBeanFactory     : Returning cached instance of singleton bean 'autoConfigurationReport'
2025-04-26T22:20:17.585+02:00 TRACE 13448 --- [api-gateway] [    Test worker] o.s.b.a.condition.OnPropertyCondition    : Condition OnPropertyCondition on org.springframework.cloud.gateway.discovery.GatewayDiscoveryClientAutoConfiguration matched due to @ConditionalOnProperty (spring.cloud.gateway.enabled) matched
2025-04-26T22:20:17.585+02:00 TRACE 13448 --- [api-gateway] [    Test worker] o.s.b.f.s.DefaultListableBeanFactory     : Returning cached instance of singleton bean 'autoConfigurationReport'
2025-04-26T22:20:17.585+02:00 TRACE 13448 --- [api-gateway] [    Test worker] o.s.b.f.s.DefaultListableBeanFactory     : Returning cached instance of singleton bean 'autoConfigurationReport'
2025-04-26T22:20:17.585+02:00 TRACE 13448 --- [api-gateway] [    Test worker] o.s.b.f.s.DefaultListableBeanFactory     : Returning cached instance of singleton bean 'autoConfigurationReport'
2025-04-26T22:20:17.585+02:00 TRACE 13448 --- [api-gateway] [    Test worker] o.s.b.f.s.DefaultListableBeanFactory     : Returning cached instance of singleton bean 'autoConfigurationReport'
2025-04-26T22:20:17.586+02:00 TRACE 13448 --- [api-gateway] [    Test worker] o.s.b.a.condition.OnPropertyCondition    : Condition OnPropertyCondition on org.springframework.cloud.gateway.discovery.GatewayDiscoveryClientAutoConfiguration$ReactiveDiscoveryClientRouteDefinitionLocatorConfiguration matched due to @ConditionalOnProperty (spring.cloud.discovery.reactive.enabled) matched
2025-04-26T22:20:17.586+02:00 TRACE 13448 --- [api-gateway] [    Test worker] o.s.b.f.s.DefaultListableBeanFactory     : Returning cached instance of singleton bean 'autoConfigurationReport'
2025-04-26T22:20:17.586+02:00 TRACE 13448 --- [api-gateway] [    Test worker] o.s.b.f.s.DefaultListableBeanFactory     : Returning cached instance of singleton bean 'autoConfigurationReport'
2025-04-26T22:20:17.586+02:00 TRACE 13448 --- [api-gateway] [    Test worker] o.s.b.f.s.DefaultListableBeanFactory     : Returning cached instance of singleton bean 'autoConfigurationReport'
2025-04-26T22:20:17.586+02:00 TRACE 13448 --- [api-gateway] [    Test worker] o.s.b.f.s.DefaultListableBeanFactory     : Returning cached instance of singleton bean 'autoConfigurationReport'
2025-04-26T22:20:17.587+02:00 TRACE 13448 --- [api-gateway] [    Test worker] o.s.b.f.s.DefaultListableBeanFactory     : Returning cached instance of singleton bean 'autoConfigurationReport'
2025-04-26T22:20:17.587+02:00 TRACE 13448 --- [api-gateway] [    Test worker] o.s.b.f.s.DefaultListableBeanFactory     : Returning cached instance of singleton bean 'autoConfigurationReport'
2025-04-26T22:20:17.587+02:00 TRACE 13448 --- [api-gateway] [    Test worker] o.s.b.f.s.DefaultListableBeanFactory     : Returning cached instance of singleton bean 'autoConfigurationReport'
2025-04-26T22:20:17.587+02:00 TRACE 13448 --- [api-gateway] [    Test worker] o.s.b.f.s.DefaultListableBeanFactory     : Returning cached instance of singleton bean 'autoConfigurationReport'
2025-04-26T22:20:17.587+02:00 TRACE 13448 --- [api-gateway] [    Test worker] o.s.b.f.s.DefaultListableBeanFactory     : Returning cached instance of singleton bean 'autoConfigurationReport'
2025-04-26T22:20:17.587+02:00 TRACE 13448 --- [api-gateway] [    Test worker] o.s.b.f.s.DefaultListableBeanFactory     : Returning cached instance of singleton bean 'autoConfigurationReport'
2025-04-26T22:20:17.594+02:00 TRACE 13448 --- [api-gateway] [    Test worker] o.s.b.a.condition.OnClassCondition       : Condition OnClassCondition on org.springframework.cloud.gateway.config.GatewayAutoConfiguration matched due to @ConditionalOnClass found required class 'org.springframework.web.reactive.DispatcherHandler'
2025-04-26T22:20:17.594+02:00 TRACE 13448 --- [api-gateway] [    Test worker] o.s.b.f.s.DefaultListableBeanFactory     : Returning cached instance of singleton bean 'autoConfigurationReport'
2025-04-26T22:20:17.595+02:00 TRACE 13448 --- [api-gateway] [    Test worker] o.s.b.a.condition.OnPropertyCondition    : Condition OnPropertyCondition on org.springframework.cloud.gateway.config.GatewayAutoConfiguration matched due to @ConditionalOnProperty (spring.cloud.gateway.enabled) matched
2025-04-26T22:20:17.595+02:00 TRACE 13448 --- [api-gateway] [    Test worker] o.s.b.f.s.DefaultListableBeanFactory     : Returning cached instance of singleton bean 'autoConfigurationReport'
2025-04-26T22:20:17.595+02:00 TRACE 13448 --- [api-gateway] [    Test worker] o.s.b.f.s.DefaultListableBeanFactory     : Returning cached instance of singleton bean 'autoConfigurationReport'
2025-04-26T22:20:17.595+02:00 TRACE 13448 --- [api-gateway] [    Test worker] o.s.b.f.s.DefaultListableBeanFactory     : Returning cached instance of singleton bean 'autoConfigurationReport'
2025-04-26T22:20:17.595+02:00 TRACE 13448 --- [api-gateway] [    Test worker] o.s.b.f.s.DefaultListableBeanFactory     : Returning cached instance of singleton bean 'autoConfigurationReport'
2025-04-26T22:20:17.599+02:00 TRACE 13448 --- [api-gateway] [    Test worker] o.s.b.a.condition.OnClassCondition       : Condition OnClassCondition on org.springframework.cloud.gateway.config.GatewayAutoConfiguration$TokenRelayConfiguration did not match due to @ConditionalOnClass did not find required class 'org.springframework.security.oauth2.client.OAuth2AuthorizedClient'
2025-04-26T22:20:17.599+02:00 TRACE 13448 --- [api-gateway] [    Test worker] o.s.b.f.s.DefaultListableBeanFactory     : Returning cached instance of singleton bean 'autoConfigurationReport'
2025-04-26T22:20:17.599+02:00 TRACE 13448 --- [api-gateway] [    Test worker] o.s.b.a.condition.OnClassCondition       : Condition OnClassCondition on org.springframework.cloud.gateway.config.GatewayAutoConfiguration$GatewayActuatorConfiguration did not match due to @ConditionalOnClass did not find required class 'org.springframework.boot.actuate.health.Health'
2025-04-26T22:20:17.599+02:00 TRACE 13448 --- [api-gateway] [    Test worker] o.s.b.f.s.DefaultListableBeanFactory     : Returning cached instance of singleton bean 'autoConfigurationReport'
2025-04-26T22:20:17.602+02:00 TRACE 13448 --- [api-gateway] [    Test worker] o.s.b.a.condition.OnClassCondition       : Condition OnClassCondition on org.springframework.cloud.gateway.config.GatewayAutoConfiguration$NettyConfiguration matched due to @ConditionalOnClass found required class 'reactor.netty.http.client.HttpClient'
2025-04-26T22:20:17.602+02:00 TRACE 13448 --- [api-gateway] [    Test worker] o.s.b.f.s.DefaultListableBeanFactory     : Returning cached instance of singleton bean 'autoConfigurationReport'
2025-04-26T22:20:17.602+02:00 TRACE 13448 --- [api-gateway] [    Test worker] o.s.b.f.s.DefaultListableBeanFactory     : Returning cached instance of singleton bean 'autoConfigurationReport'
2025-04-26T22:20:17.602+02:00 TRACE 13448 --- [api-gateway] [    Test worker] o.s.b.f.s.DefaultListableBeanFactory     : Returning cached instance of singleton bean 'autoConfigurationReport'
2025-04-26T22:20:17.602+02:00 TRACE 13448 --- [api-gateway] [    Test worker] o.s.b.f.s.DefaultListableBeanFactory     : Returning cached instance of singleton bean 'autoConfigurationReport'
2025-04-26T22:20:17.603+02:00 TRACE 13448 --- [api-gateway] [    Test worker] o.s.b.f.s.DefaultListableBeanFactory     : Returning cached instance of singleton bean 'autoConfigurationReport'
2025-04-26T22:20:17.603+02:00 TRACE 13448 --- [api-gateway] [    Test worker] o.s.b.f.s.DefaultListableBeanFactory     : Returning cached instance of singleton bean 'autoConfigurationReport'
2025-04-26T22:20:17.603+02:00 TRACE 13448 --- [api-gateway] [    Test worker] o.s.b.f.s.DefaultListableBeanFactory     : Returning cached instance of singleton bean 'autoConfigurationReport'
2025-04-26T22:20:17.603+02:00 TRACE 13448 --- [api-gateway] [    Test worker] o.s.b.f.s.DefaultListableBeanFactory     : Returning cached instance of singleton bean 'autoConfigurationReport'
2025-04-26T22:20:17.603+02:00 TRACE 13448 --- [api-gateway] [    Test worker] o.s.b.f.s.DefaultListableBeanFactory     : Returning cached instance of singleton bean 'autoConfigurationReport'
2025-04-26T22:20:17.603+02:00 TRACE 13448 --- [api-gateway] [    Test worker] o.s.b.f.s.DefaultListableBeanFactory     : Returning cached instance of singleton bean 'autoConfigurationReport'
2025-04-26T22:20:17.604+02:00 TRACE 13448 --- [api-gateway] [    Test worker] o.s.b.a.condition.OnClassCondition       : Condition OnClassCondition on org.springframework.boot.autoconfigure.web.reactive.WebFluxAutoConfiguration matched due to @ConditionalOnClass found required class 'org.springframework.web.reactive.config.WebFluxConfigurer'
2025-04-26T22:20:17.604+02:00 TRACE 13448 --- [api-gateway] [    Test worker] o.s.b.f.s.DefaultListableBeanFactory     : Returning cached instance of singleton bean 'autoConfigurationReport'
2025-04-26T22:20:17.604+02:00 TRACE 13448 --- [api-gateway] [    Test worker] o.s.b.a.c.OnWebApplicationCondition      : Condition OnWebApplicationCondition on org.springframework.boot.autoconfigure.web.reactive.WebFluxAutoConfiguration matched due to found ConfigurableReactiveWebEnvironment
2025-04-26T22:20:17.604+02:00 TRACE 13448 --- [api-gateway] [    Test worker] o.s.b.f.s.DefaultListableBeanFactory     : Returning cached instance of singleton bean 'autoConfigurationReport'
2025-04-26T22:20:17.604+02:00 TRACE 13448 --- [api-gateway] [    Test worker] o.s.b.f.s.DefaultListableBeanFactory     : Returning cached instance of singleton bean 'autoConfigurationReport'
2025-04-26T22:20:17.605+02:00 TRACE 13448 --- [api-gateway] [    Test worker] o.s.b.f.s.DefaultListableBeanFactory     : Returning cached instance of singleton bean 'autoConfigurationReport'
2025-04-26T22:20:17.605+02:00 TRACE 13448 --- [api-gateway] [    Test worker] o.s.b.f.s.DefaultListableBeanFactory     : Returning cached instance of singleton bean 'autoConfigurationReport'
2025-04-26T22:20:17.608+02:00 TRACE 13448 --- [api-gateway] [    Test worker] o.s.b.f.s.DefaultListableBeanFactory     : Returning cached instance of singleton bean 'autoConfigurationReport'
2025-04-26T22:20:17.609+02:00 TRACE 13448 --- [api-gateway] [    Test worker] o.s.b.f.s.DefaultListableBeanFactory     : Returning cached instance of singleton bean 'autoConfigurationReport'
2025-04-26T22:20:17.609+02:00 TRACE 13448 --- [api-gateway] [    Test worker] o.s.b.f.s.DefaultListableBeanFactory     : Returning cached instance of singleton bean 'autoConfigurationReport'
2025-04-26T22:20:17.611+02:00 TRACE 13448 --- [api-gateway] [    Test worker] o.s.b.f.s.DefaultListableBeanFactory     : Returning cached instance of singleton bean 'autoConfigurationReport'
2025-04-26T22:20:17.611+02:00 TRACE 13448 --- [api-gateway] [    Test worker] o.s.b.f.s.DefaultListableBeanFactory     : Returning cached instance of singleton bean 'autoConfigurationReport'
2025-04-26T22:20:17.611+02:00 TRACE 13448 --- [api-gateway] [    Test worker] o.s.b.f.s.DefaultListableBeanFactory     : Returning cached instance of singleton bean 'autoConfigurationReport'
2025-04-26T22:20:17.613+02:00 TRACE 13448 --- [api-gateway] [    Test worker] o.s.b.a.condition.OnPropertyCondition    : Condition OnPropertyCondition on org.springframework.boot.autoconfigure.web.reactive.WebFluxAutoConfiguration$ProblemDetailsErrorHandlingConfiguration did not match due to @ConditionalOnProperty (spring.webflux.problemdetails.enabled=true) did not find property 'enabled'
2025-04-26T22:20:17.613+02:00 TRACE 13448 --- [api-gateway] [    Test worker] o.s.b.f.s.DefaultListableBeanFactory     : Returning cached instance of singleton bean 'autoConfigurationReport'
2025-04-26T22:20:17.615+02:00 TRACE 13448 --- [api-gateway] [    Test worker] .s.b.a.w.OnEnabledResourceChainCondition : Condition OnEnabledResourceChainCondition on org.springframework.boot.autoconfigure.web.reactive.WebFluxAutoConfiguration$ResourceChainCustomizerConfiguration did not match due to @ConditionalOnEnabledResourceChain did not find class org.webjars.WebJarVersionLocator
2025-04-26T22:20:17.615+02:00 TRACE 13448 --- [api-gateway] [    Test worker] o.s.b.f.s.DefaultListableBeanFactory     : Returning cached instance of singleton bean 'autoConfigurationReport'
2025-04-26T22:20:17.615+02:00 TRACE 13448 --- [api-gateway] [    Test worker] o.s.b.f.s.DefaultListableBeanFactory     : Returning cached instance of singleton bean 'autoConfigurationReport'
2025-04-26T22:20:17.615+02:00 TRACE 13448 --- [api-gateway] [    Test worker] o.s.b.f.s.DefaultListableBeanFactory     : Returning cached instance of singleton bean 'autoConfigurationReport'
2025-04-26T22:20:17.615+02:00 TRACE 13448 --- [api-gateway] [    Test worker] o.s.b.f.s.DefaultListableBeanFactory     : Returning cached instance of singleton bean 'autoConfigurationReport'
2025-04-26T22:20:17.616+02:00 TRACE 13448 --- [api-gateway] [    Test worker] o.s.b.f.s.DefaultListableBeanFactory     : Returning cached instance of singleton bean 'autoConfigurationReport'
2025-04-26T22:20:17.616+02:00 TRACE 13448 --- [api-gateway] [    Test worker] o.s.b.f.s.DefaultListableBeanFactory     : Returning cached instance of singleton bean 'autoConfigurationReport'
2025-04-26T22:20:17.616+02:00 TRACE 13448 --- [api-gateway] [    Test worker] o.s.b.f.s.DefaultListableBeanFactory     : Returning cached instance of singleton bean 'autoConfigurationReport'
2025-04-26T22:20:17.616+02:00 TRACE 13448 --- [api-gateway] [    Test worker] o.s.b.f.s.DefaultListableBeanFactory     : Returning cached instance of singleton bean 'autoConfigurationReport'
2025-04-26T22:20:17.616+02:00 TRACE 13448 --- [api-gateway] [    Test worker] o.s.b.f.s.DefaultListableBeanFactory     : Returning cached instance of singleton bean 'autoConfigurationReport'
2025-04-26T22:20:17.616+02:00 TRACE 13448 --- [api-gateway] [    Test worker] o.s.b.f.s.DefaultListableBeanFactory     : Returning cached instance of singleton bean 'autoConfigurationReport'
2025-04-26T22:20:17.617+02:00 TRACE 13448 --- [api-gateway] [    Test worker] o.s.b.a.condition.OnClassCondition       : Condition OnClassCondition on org.springframework.boot.autoconfigure.web.reactive.HttpHandlerAutoConfiguration matched due to @ConditionalOnClass found required classes 'org.springframework.web.reactive.DispatcherHandler', 'org.springframework.http.server.reactive.HttpHandler'
2025-04-26T22:20:17.617+02:00 TRACE 13448 --- [api-gateway] [    Test worker] o.s.b.f.s.DefaultListableBeanFactory     : Returning cached instance of singleton bean 'autoConfigurationReport'
2025-04-26T22:20:17.617+02:00 TRACE 13448 --- [api-gateway] [    Test worker] o.s.b.a.c.OnWebApplicationCondition      : Condition OnWebApplicationCondition on org.springframework.boot.autoconfigure.web.reactive.HttpHandlerAutoConfiguration matched due to found ConfigurableReactiveWebEnvironment
2025-04-26T22:20:17.617+02:00 TRACE 13448 --- [api-gateway] [    Test worker] o.s.b.f.s.DefaultListableBeanFactory     : Returning cached instance of singleton bean 'autoConfigurationReport'
2025-04-26T22:20:17.617+02:00 TRACE 13448 --- [api-gateway] [    Test worker] o.s.b.f.s.DefaultListableBeanFactory     : Returning cached instance of singleton bean 'autoConfigurationReport'
2025-04-26T22:20:17.618+02:00 TRACE 13448 --- [api-gateway] [    Test worker] o.s.b.f.s.DefaultListableBeanFactory     : Returning cached instance of singleton bean 'autoConfigurationReport'
2025-04-26T22:20:17.618+02:00 TRACE 13448 --- [api-gateway] [    Test worker] o.s.b.f.s.DefaultListableBeanFactory     : Returning cached instance of singleton bean 'autoConfigurationReport'
2025-04-26T22:20:17.618+02:00 TRACE 13448 --- [api-gateway] [    Test worker] o.s.b.f.s.DefaultListableBeanFactory     : Returning cached instance of singleton bean 'autoConfigurationReport'
2025-04-26T22:20:17.618+02:00 TRACE 13448 --- [api-gateway] [    Test worker] o.s.b.f.s.DefaultListableBeanFactory     : Returning cached instance of singleton bean 'autoConfigurationReport'
2025-04-26T22:20:17.618+02:00 TRACE 13448 --- [api-gateway] [    Test worker] o.s.b.f.s.DefaultListableBeanFactory     : Returning cached instance of singleton bean 'autoConfigurationReport'
2025-04-26T22:20:17.619+02:00 TRACE 13448 --- [api-gateway] [    Test worker] o.s.b.f.s.DefaultListableBeanFactory     : Returning cached instance of singleton bean 'autoConfigurationReport'
2025-04-26T22:20:17.619+02:00 TRACE 13448 --- [api-gateway] [    Test worker] o.s.b.f.s.DefaultListableBeanFactory     : Returning cached instance of singleton bean 'autoConfigurationReport'
2025-04-26T22:20:17.619+02:00 TRACE 13448 --- [api-gateway] [    Test worker] o.s.b.f.s.DefaultListableBeanFactory     : Returning cached instance of singleton bean 'autoConfigurationReport'
2025-04-26T22:20:17.619+02:00 TRACE 13448 --- [api-gateway] [    Test worker] o.s.b.f.s.DefaultListableBeanFactory     : Returning cached instance of singleton bean 'autoConfigurationReport'
2025-04-26T22:20:17.619+02:00 TRACE 13448 --- [api-gateway] [    Test worker] o.s.b.f.s.DefaultListableBeanFactory     : Returning cached instance of singleton bean 'autoConfigurationReport'
2025-04-26T22:20:17.619+02:00 TRACE 13448 --- [api-gateway] [    Test worker] o.s.b.f.s.DefaultListableBeanFactory     : Returning cached instance of singleton bean 'autoConfigurationReport'
2025-04-26T22:20:17.620+02:00 TRACE 13448 --- [api-gateway] [    Test worker] o.s.b.a.condition.OnClassCondition       : Condition OnClassCondition on org.springframework.boot.autoconfigure.jmx.JmxAutoConfiguration matched due to @ConditionalOnClass found required class 'org.springframework.jmx.export.MBeanExporter'
2025-04-26T22:20:17.620+02:00 TRACE 13448 --- [api-gateway] [    Test worker] o.s.b.f.s.DefaultListableBeanFactory     : Returning cached instance of singleton bean 'autoConfigurationReport'
2025-04-26T22:20:17.620+02:00 TRACE 13448 --- [api-gateway] [    Test worker] o.s.b.a.condition.OnPropertyCondition    : Condition OnPropertyCondition on org.springframework.boot.autoconfigure.jmx.JmxAutoConfiguration did not match due to @ConditionalOnProperty (spring.jmx.enabled=true) found different value in property 'enabled'
2025-04-26T22:20:17.620+02:00 TRACE 13448 --- [api-gateway] [    Test worker] o.s.b.f.s.DefaultListableBeanFactory     : Returning cached instance of singleton bean 'autoConfigurationReport'
2025-04-26T22:20:17.620+02:00 TRACE 13448 --- [api-gateway] [    Test worker] o.s.b.f.s.DefaultListableBeanFactory     : Returning cached instance of singleton bean 'autoConfigurationReport'
2025-04-26T22:20:17.620+02:00 TRACE 13448 --- [api-gateway] [    Test worker] o.s.b.f.s.DefaultListableBeanFactory     : Returning cached instance of singleton bean 'autoConfigurationReport'
2025-04-26T22:20:17.620+02:00 TRACE 13448 --- [api-gateway] [    Test worker] o.s.b.f.s.DefaultListableBeanFactory     : Returning cached instance of singleton bean 'autoConfigurationReport'
2025-04-26T22:20:17.620+02:00 TRACE 13448 --- [api-gateway] [    Test worker] o.s.b.f.s.DefaultListableBeanFactory     : Returning cached instance of singleton bean 'autoConfigurationReport'
2025-04-26T22:20:17.621+02:00 TRACE 13448 --- [api-gateway] [    Test worker] o.s.b.f.s.DefaultListableBeanFactory     : Returning cached instance of singleton bean 'autoConfigurationReport'
2025-04-26T22:20:17.621+02:00 TRACE 13448 --- [api-gateway] [    Test worker] o.s.b.f.s.DefaultListableBeanFactory     : Returning cached instance of singleton bean 'autoConfigurationReport'
2025-04-26T22:20:17.621+02:00 TRACE 13448 --- [api-gateway] [    Test worker] o.s.b.a.condition.OnPropertyCondition    : Condition OnPropertyCondition on org.springframework.boot.autoconfigure.admin.SpringApplicationAdminJmxAutoConfiguration did not match due to @ConditionalOnProperty (spring.application.admin.enabled=true) did not find property 'enabled'
2025-04-26T22:20:17.622+02:00 TRACE 13448 --- [api-gateway] [    Test worker] o.s.b.f.s.DefaultListableBeanFactory     : Returning cached instance of singleton bean 'autoConfigurationReport'
2025-04-26T22:20:17.622+02:00 TRACE 13448 --- [api-gateway] [    Test worker] o.s.b.f.s.DefaultListableBeanFactory     : Returning cached instance of singleton bean 'autoConfigurationReport'
2025-04-26T22:20:17.622+02:00 TRACE 13448 --- [api-gateway] [    Test worker] o.s.b.f.s.DefaultListableBeanFactory     : Returning cached instance of singleton bean 'autoConfigurationReport'
2025-04-26T22:20:17.622+02:00 TRACE 13448 --- [api-gateway] [    Test worker] o.s.b.f.s.DefaultListableBeanFactory     : Returning cached instance of singleton bean 'autoConfigurationReport'
2025-04-26T22:20:17.622+02:00 TRACE 13448 --- [api-gateway] [    Test worker] o.s.b.f.s.DefaultListableBeanFactory     : Returning cached instance of singleton bean 'autoConfigurationReport'
2025-04-26T22:20:17.622+02:00 TRACE 13448 --- [api-gateway] [    Test worker] o.s.b.f.s.DefaultListableBeanFactory     : Returning cached instance of singleton bean 'autoConfigurationReport'
2025-04-26T22:20:17.622+02:00 TRACE 13448 --- [api-gateway] [    Test worker] o.s.b.f.s.DefaultListableBeanFactory     : Returning cached instance of singleton bean 'autoConfigurationReport'
2025-04-26T22:20:17.623+02:00 TRACE 13448 --- [api-gateway] [    Test worker] o.s.b.a.condition.OnPropertyCondition    : Condition OnPropertyCondition on org.springframework.boot.autoconfigure.aop.AopAutoConfiguration matched due to @ConditionalOnProperty (spring.aop.auto=true) matched
2025-04-26T22:20:17.623+02:00 TRACE 13448 --- [api-gateway] [    Test worker] o.s.b.f.s.DefaultListableBeanFactory     : Returning cached instance of singleton bean 'autoConfigurationReport'
2025-04-26T22:20:17.623+02:00 TRACE 13448 --- [api-gateway] [    Test worker] o.s.b.f.s.DefaultListableBeanFactory     : Returning cached instance of singleton bean 'autoConfigurationReport'
2025-04-26T22:20:17.623+02:00 TRACE 13448 --- [api-gateway] [    Test worker] o.s.b.f.s.DefaultListableBeanFactory     : Returning cached instance of singleton bean 'autoConfigurationReport'
2025-04-26T22:20:17.623+02:00 TRACE 13448 --- [api-gateway] [    Test worker] o.s.b.f.s.DefaultListableBeanFactory     : Returning cached instance of singleton bean 'autoConfigurationReport'
2025-04-26T22:20:17.624+02:00 TRACE 13448 --- [api-gateway] [    Test worker] o.s.b.a.condition.OnClassCondition       : Condition OnClassCondition on org.springframework.boot.autoconfigure.aop.AopAutoConfiguration$ClassProxyingConfiguration matched due to @ConditionalOnMissingClass did not find unwanted class 'org.aspectj.weaver.Advice'
2025-04-26T22:20:17.624+02:00 TRACE 13448 --- [api-gateway] [    Test worker] o.s.b.f.s.DefaultListableBeanFactory     : Returning cached instance of singleton bean 'autoConfigurationReport'
2025-04-26T22:20:17.624+02:00 TRACE 13448 --- [api-gateway] [    Test worker] o.s.b.a.condition.OnPropertyCondition    : Condition OnPropertyCondition on org.springframework.boot.autoconfigure.aop.AopAutoConfiguration$ClassProxyingConfiguration matched due to @ConditionalOnProperty (spring.aop.proxy-target-class=true) matched
2025-04-26T22:20:17.624+02:00 TRACE 13448 --- [api-gateway] [    Test worker] o.s.b.f.s.DefaultListableBeanFactory     : Returning cached instance of singleton bean 'autoConfigurationReport'
2025-04-26T22:20:17.625+02:00 TRACE 13448 --- [api-gateway] [    Test worker] o.s.b.f.s.DefaultListableBeanFactory     : Returning cached instance of singleton bean 'autoConfigurationReport'
2025-04-26T22:20:17.625+02:00 TRACE 13448 --- [api-gateway] [    Test worker] o.s.b.f.s.DefaultListableBeanFactory     : Returning cached instance of singleton bean 'autoConfigurationReport'
2025-04-26T22:20:17.625+02:00 TRACE 13448 --- [api-gateway] [    Test worker] o.s.b.f.s.DefaultListableBeanFactory     : Returning cached instance of singleton bean 'autoConfigurationReport'
2025-04-26T22:20:17.626+02:00 TRACE 13448 --- [api-gateway] [    Test worker] o.s.b.a.condition.OnClassCondition       : Condition OnClassCondition on org.springframework.boot.autoconfigure.aop.AopAutoConfiguration$AspectJAutoProxyingConfiguration did not match due to @ConditionalOnClass did not find required class 'org.aspectj.weaver.Advice'
2025-04-26T22:20:17.626+02:00 TRACE 13448 --- [api-gateway] [    Test worker] o.s.b.f.s.DefaultListableBeanFactory     : Returning cached instance of singleton bean 'autoConfigurationReport'
2025-04-26T22:20:17.626+02:00 TRACE 13448 --- [api-gateway] [    Test worker] o.s.b.f.s.DefaultListableBeanFactory     : Returning cached instance of singleton bean 'autoConfigurationReport'
2025-04-26T22:20:17.626+02:00 TRACE 13448 --- [api-gateway] [    Test worker] o.s.b.f.s.DefaultListableBeanFactory     : Returning cached instance of singleton bean 'autoConfigurationReport'
2025-04-26T22:20:17.626+02:00 TRACE 13448 --- [api-gateway] [    Test worker] o.s.b.f.s.DefaultListableBeanFactory     : Returning cached instance of singleton bean 'autoConfigurationReport'
2025-04-26T22:20:17.626+02:00 TRACE 13448 --- [api-gateway] [    Test worker] o.s.b.f.s.DefaultListableBeanFactory     : Returning cached instance of singleton bean 'autoConfigurationReport'
2025-04-26T22:20:17.627+02:00 TRACE 13448 --- [api-gateway] [    Test worker] o.s.b.f.s.DefaultListableBeanFactory     : Returning cached instance of singleton bean 'autoConfigurationReport'
2025-04-26T22:20:17.627+02:00 TRACE 13448 --- [api-gateway] [    Test worker] o.s.b.f.s.DefaultListableBeanFactory     : Returning cached instance of singleton bean 'autoConfigurationReport'
2025-04-26T22:20:17.627+02:00 TRACE 13448 --- [api-gateway] [    Test worker] o.s.b.f.s.DefaultListableBeanFactory     : Returning cached instance of singleton bean 'autoConfigurationReport'
2025-04-26T22:20:17.627+02:00 TRACE 13448 --- [api-gateway] [    Test worker] o.s.b.f.s.DefaultListableBeanFactory     : Returning cached instance of singleton bean 'autoConfigurationReport'
2025-04-26T22:20:17.627+02:00 TRACE 13448 --- [api-gateway] [    Test worker] o.s.b.f.s.DefaultListableBeanFactory     : Returning cached instance of singleton bean 'autoConfigurationReport'
2025-04-26T22:20:17.628+02:00 TRACE 13448 --- [api-gateway] [    Test worker] o.s.b.f.s.DefaultListableBeanFactory     : Returning cached instance of singleton bean 'autoConfigurationReport'
2025-04-26T22:20:17.628+02:00 TRACE 13448 --- [api-gateway] [    Test worker] o.s.b.f.s.DefaultListableBeanFactory     : Returning cached instance of singleton bean 'autoConfigurationReport'
2025-04-26T22:20:17.628+02:00 TRACE 13448 --- [api-gateway] [    Test worker] o.s.b.f.s.DefaultListableBeanFactory     : Returning cached instance of singleton bean 'autoConfigurationReport'
2025-04-26T22:20:17.628+02:00 TRACE 13448 --- [api-gateway] [    Test worker] o.s.b.f.s.DefaultListableBeanFactory     : Returning cached instance of singleton bean 'autoConfigurationReport'
2025-04-26T22:20:17.628+02:00 TRACE 13448 --- [api-gateway] [    Test worker] o.s.b.f.s.DefaultListableBeanFactory     : Returning cached instance of singleton bean 'autoConfigurationReport'
2025-04-26T22:20:17.628+02:00 TRACE 13448 --- [api-gateway] [    Test worker] o.s.b.f.s.DefaultListableBeanFactory     : Returning cached instance of singleton bean 'autoConfigurationReport'
2025-04-26T22:20:17.631+02:00 TRACE 13448 --- [api-gateway] [    Test worker] o.s.b.a.condition.OnClassCondition       : Condition OnClassCondition on org.springframework.cloud.autoconfigure.RefreshAutoConfiguration matched due to @ConditionalOnClass found required class 'org.springframework.cloud.context.scope.refresh.RefreshScope'
2025-04-26T22:20:17.631+02:00 TRACE 13448 --- [api-gateway] [    Test worker] o.s.b.f.s.DefaultListableBeanFactory     : Returning cached instance of singleton bean 'autoConfigurationReport'
2025-04-26T22:20:17.631+02:00 TRACE 13448 --- [api-gateway] [    Test worker] o.s.b.a.condition.OnPropertyCondition    : Condition OnPropertyCondition on org.springframework.cloud.autoconfigure.RefreshAutoConfiguration matched due to @ConditionalOnProperty (spring.cloud.refresh.enabled) matched
2025-04-26T22:20:17.631+02:00 TRACE 13448 --- [api-gateway] [    Test worker] o.s.b.f.s.DefaultListableBeanFactory     : Returning cached instance of singleton bean 'autoConfigurationReport'
2025-04-26T22:20:17.631+02:00 TRACE 13448 --- [api-gateway] [    Test worker] o.s.b.f.s.DefaultListableBeanFactory     : Returning cached instance of singleton bean 'autoConfigurationReport'
2025-04-26T22:20:17.631+02:00 TRACE 13448 --- [api-gateway] [    Test worker] o.s.b.f.s.DefaultListableBeanFactory     : Returning cached instance of singleton bean 'autoConfigurationReport'
2025-04-26T22:20:17.631+02:00 TRACE 13448 --- [api-gateway] [    Test worker] o.s.b.f.s.DefaultListableBeanFactory     : Returning cached instance of singleton bean 'autoConfigurationReport'
2025-04-26T22:20:17.632+02:00 TRACE 13448 --- [api-gateway] [    Test worker] o.s.b.f.s.DefaultListableBeanFactory     : Returning cached instance of singleton bean 'autoConfigurationReport'
2025-04-26T22:20:17.632+02:00 TRACE 13448 --- [api-gateway] [    Test worker] o.s.b.f.s.DefaultListableBeanFactory     : Returning cached instance of singleton bean 'autoConfigurationReport'
2025-04-26T22:20:17.632+02:00 TRACE 13448 --- [api-gateway] [    Test worker] o.s.b.f.s.DefaultListableBeanFactory     : Returning cached instance of singleton bean 'autoConfigurationReport'
2025-04-26T22:20:17.633+02:00 TRACE 13448 --- [api-gateway] [    Test worker] o.s.b.f.s.DefaultListableBeanFactory     : Returning cached instance of singleton bean 'autoConfigurationReport'
2025-04-26T22:20:17.634+02:00 TRACE 13448 --- [api-gateway] [    Test worker] o.s.b.f.s.DefaultListableBeanFactory     : Returning cached instance of singleton bean 'autoConfigurationReport'
2025-04-26T22:20:17.634+02:00 TRACE 13448 --- [api-gateway] [    Test worker] o.s.b.f.s.DefaultListableBeanFactory     : Returning cached instance of singleton bean 'autoConfigurationReport'
2025-04-26T22:20:17.634+02:00 TRACE 13448 --- [api-gateway] [    Test worker] o.s.b.f.s.DefaultListableBeanFactory     : Returning cached instance of singleton bean 'autoConfigurationReport'
2025-04-26T22:20:17.634+02:00 TRACE 13448 --- [api-gateway] [    Test worker] o.s.b.f.s.DefaultListableBeanFactory     : Returning cached instance of singleton bean 'autoConfigurationReport'
2025-04-26T22:20:17.634+02:00 TRACE 13448 --- [api-gateway] [    Test worker] o.s.b.f.s.DefaultListableBeanFactory     : Returning cached instance of singleton bean 'autoConfigurationReport'
2025-04-26T22:20:17.635+02:00 TRACE 13448 --- [api-gateway] [    Test worker] o.s.b.a.condition.OnClassCondition       : Condition OnClassCondition on org.springframework.boot.autoconfigure.cache.CacheAutoConfiguration matched due to @ConditionalOnClass found required class 'org.springframework.cache.CacheManager'
2025-04-26T22:20:17.635+02:00 TRACE 13448 --- [api-gateway] [    Test worker] o.s.b.f.s.DefaultListableBeanFactory     : Returning cached instance of singleton bean 'autoConfigurationReport'
2025-04-26T22:20:17.635+02:00 TRACE 13448 --- [api-gateway] [    Test worker] o.s.b.f.s.DefaultListableBeanFactory     : Returning cached instance of singleton bean 'autoConfigurationReport'
2025-04-26T22:20:17.635+02:00 TRACE 13448 --- [api-gateway] [    Test worker] o.s.b.f.s.DefaultListableBeanFactory     : Returning cached instance of singleton bean 'autoConfigurationReport'
2025-04-26T22:20:17.635+02:00 TRACE 13448 --- [api-gateway] [    Test worker] o.s.b.f.s.DefaultListableBeanFactory     : Returning cached instance of singleton bean 'autoConfigurationReport'
2025-04-26T22:20:17.641+02:00 TRACE 13448 --- [api-gateway] [    Test worker] o.s.b.f.s.DefaultListableBeanFactory     : Returning cached instance of singleton bean 'autoConfigurationReport'
2025-04-26T22:20:17.641+02:00 TRACE 13448 --- [api-gateway] [    Test worker] o.s.b.f.s.DefaultListableBeanFactory     : Returning cached instance of singleton bean 'autoConfigurationReport'
2025-04-26T22:20:17.641+02:00 TRACE 13448 --- [api-gateway] [    Test worker] o.s.b.f.s.DefaultListableBeanFactory     : Returning cached instance of singleton bean 'autoConfigurationReport'
2025-04-26T22:20:17.642+02:00 TRACE 13448 --- [api-gateway] [    Test worker] o.s.b.f.s.DefaultListableBeanFactory     : Returning cached instance of singleton bean 'autoConfigurationReport'
2025-04-26T22:20:17.642+02:00 TRACE 13448 --- [api-gateway] [    Test worker] o.s.b.a.condition.OnClassCondition       : Condition OnClassCondition on org.springframework.boot.autoconfigure.cache.JCacheCacheConfiguration did not match due to @ConditionalOnClass did not find required class 'javax.cache.Caching'
2025-04-26T22:20:17.643+02:00 TRACE 13448 --- [api-gateway] [    Test worker] o.s.b.f.s.DefaultListableBeanFactory     : Returning cached instance of singleton bean 'autoConfigurationReport'
2025-04-26T22:20:17.643+02:00 TRACE 13448 --- [api-gateway] [    Test worker] o.s.b.f.s.DefaultListableBeanFactory     : Returning cached instance of singleton bean 'autoConfigurationReport'
2025-04-26T22:20:17.643+02:00 TRACE 13448 --- [api-gateway] [    Test worker] o.s.b.a.AutoConfigurationImportSelector  : Filtered 1 auto configuration class in 0 ms
2025-04-26T22:20:17.643+02:00 TRACE 13448 --- [api-gateway] [    Test worker] o.s.b.f.s.DefaultListableBeanFactory     : Returning cached instance of singleton bean 'autoConfigurationReport'
2025-04-26T22:20:17.643+02:00 TRACE 13448 --- [api-gateway] [    Test worker] o.s.b.a.condition.OnClassCondition       : Condition OnClassCondition on org.springframework.boot.autoconfigure.cache.HazelcastCacheConfiguration did not match due to @ConditionalOnClass did not find required class 'com.hazelcast.core.HazelcastInstance'
2025-04-26T22:20:17.643+02:00 TRACE 13448 --- [api-gateway] [    Test worker] o.s.b.f.s.DefaultListableBeanFactory     : Returning cached instance of singleton bean 'autoConfigurationReport'
2025-04-26T22:20:17.643+02:00 TRACE 13448 --- [api-gateway] [    Test worker] o.s.b.f.s.DefaultListableBeanFactory     : Returning cached instance of singleton bean 'autoConfigurationReport'
2025-04-26T22:20:17.643+02:00 TRACE 13448 --- [api-gateway] [    Test worker] o.s.b.a.AutoConfigurationImportSelector  : Filtered 1 auto configuration class in 0 ms
2025-04-26T22:20:17.643+02:00 TRACE 13448 --- [api-gateway] [    Test worker] o.s.b.f.s.DefaultListableBeanFactory     : Returning cached instance of singleton bean 'autoConfigurationReport'
2025-04-26T22:20:17.644+02:00 TRACE 13448 --- [api-gateway] [    Test worker] o.s.b.a.condition.OnClassCondition       : Condition OnClassCondition on org.springframework.boot.autoconfigure.cache.CouchbaseCacheConfiguration did not match due to @ConditionalOnClass did not find required class 'com.couchbase.client.java.Cluster'
2025-04-26T22:20:17.644+02:00 TRACE 13448 --- [api-gateway] [    Test worker] o.s.b.f.s.DefaultListableBeanFactory     : Returning cached instance of singleton bean 'autoConfigurationReport'
2025-04-26T22:20:17.644+02:00 TRACE 13448 --- [api-gateway] [    Test worker] o.s.b.f.s.DefaultListableBeanFactory     : Returning cached instance of singleton bean 'autoConfigurationReport'
2025-04-26T22:20:17.644+02:00 TRACE 13448 --- [api-gateway] [    Test worker] o.s.b.a.AutoConfigurationImportSelector  : Filtered 1 auto configuration class in 0 ms
2025-04-26T22:20:17.644+02:00 TRACE 13448 --- [api-gateway] [    Test worker] o.s.b.f.s.DefaultListableBeanFactory     : Returning cached instance of singleton bean 'autoConfigurationReport'
2025-04-26T22:20:17.644+02:00 TRACE 13448 --- [api-gateway] [    Test worker] o.s.b.a.condition.OnClassCondition       : Condition OnClassCondition on org.springframework.boot.autoconfigure.cache.InfinispanCacheConfiguration did not match due to @ConditionalOnClass did not find required class 'org.infinispan.spring.embedded.provider.SpringEmbeddedCacheManager'
2025-04-26T22:20:17.644+02:00 TRACE 13448 --- [api-gateway] [    Test worker] o.s.b.f.s.DefaultListableBeanFactory     : Returning cached instance of singleton bean 'autoConfigurationReport'
2025-04-26T22:20:17.644+02:00 TRACE 13448 --- [api-gateway] [    Test worker] o.s.b.f.s.DefaultListableBeanFactory     : Returning cached instance of singleton bean 'autoConfigurationReport'
2025-04-26T22:20:17.644+02:00 TRACE 13448 --- [api-gateway] [    Test worker] o.s.b.a.AutoConfigurationImportSelector  : Filtered 1 auto configuration class in 0 ms
2025-04-26T22:20:17.644+02:00 TRACE 13448 --- [api-gateway] [    Test worker] o.s.b.f.s.DefaultListableBeanFactory     : Returning cached instance of singleton bean 'autoConfigurationReport'
2025-04-26T22:20:17.645+02:00 TRACE 13448 --- [api-gateway] [    Test worker] o.s.b.a.condition.OnClassCondition       : Condition OnClassCondition on org.springframework.boot.autoconfigure.cache.RedisCacheConfiguration did not match due to @ConditionalOnClass did not find required class 'org.springframework.data.redis.connection.RedisConnectionFactory'
2025-04-26T22:20:17.645+02:00 TRACE 13448 --- [api-gateway] [    Test worker] o.s.b.f.s.DefaultListableBeanFactory     : Returning cached instance of singleton bean 'autoConfigurationReport'
2025-04-26T22:20:17.645+02:00 TRACE 13448 --- [api-gateway] [    Test worker] o.s.b.f.s.DefaultListableBeanFactory     : Returning cached instance of singleton bean 'autoConfigurationReport'
2025-04-26T22:20:17.645+02:00 TRACE 13448 --- [api-gateway] [    Test worker] o.s.b.a.AutoConfigurationImportSelector  : Filtered 1 auto configuration class in 0 ms
2025-04-26T22:20:17.645+02:00 TRACE 13448 --- [api-gateway] [    Test worker] o.s.b.f.s.DefaultListableBeanFactory     : Returning cached instance of singleton bean 'autoConfigurationReport'
2025-04-26T22:20:17.645+02:00 TRACE 13448 --- [api-gateway] [    Test worker] o.s.b.a.condition.OnClassCondition       : Condition OnClassCondition on org.springframework.boot.autoconfigure.cache.Cache2kCacheConfiguration did not match due to @ConditionalOnClass did not find required class 'org.cache2k.Cache2kBuilder'
2025-04-26T22:20:17.645+02:00 TRACE 13448 --- [api-gateway] [    Test worker] o.s.b.f.s.DefaultListableBeanFactory     : Returning cached instance of singleton bean 'autoConfigurationReport'
2025-04-26T22:20:17.645+02:00 TRACE 13448 --- [api-gateway] [    Test worker] o.s.b.f.s.DefaultListableBeanFactory     : Returning cached instance of singleton bean 'autoConfigurationReport'
2025-04-26T22:20:17.645+02:00 TRACE 13448 --- [api-gateway] [    Test worker] o.s.b.a.AutoConfigurationImportSelector  : Filtered 1 auto configuration class in 0 ms
2025-04-26T22:20:17.645+02:00 TRACE 13448 --- [api-gateway] [    Test worker] o.s.b.f.s.DefaultListableBeanFactory     : Returning cached instance of singleton bean 'autoConfigurationReport'
2025-04-26T22:20:17.646+02:00 TRACE 13448 --- [api-gateway] [    Test worker] o.s.b.a.condition.OnClassCondition       : Condition OnClassCondition on org.springframework.boot.autoconfigure.cache.CaffeineCacheConfiguration did not match due to @ConditionalOnClass did not find required class 'com.github.benmanes.caffeine.cache.Caffeine'
2025-04-26T22:20:17.646+02:00 TRACE 13448 --- [api-gateway] [    Test worker] o.s.b.f.s.DefaultListableBeanFactory     : Returning cached instance of singleton bean 'autoConfigurationReport'
2025-04-26T22:20:17.646+02:00 TRACE 13448 --- [api-gateway] [    Test worker] o.s.b.f.s.DefaultListableBeanFactory     : Returning cached instance of singleton bean 'autoConfigurationReport'
2025-04-26T22:20:17.646+02:00 TRACE 13448 --- [api-gateway] [    Test worker] o.s.b.a.AutoConfigurationImportSelector  : Filtered 1 auto configuration class in 0 ms
2025-04-26T22:20:17.646+02:00 TRACE 13448 --- [api-gateway] [    Test worker] o.s.b.f.s.DefaultListableBeanFactory     : Returning cached instance of singleton bean 'autoConfigurationReport'
2025-04-26T22:20:17.646+02:00 TRACE 13448 --- [api-gateway] [    Test worker] o.s.b.f.s.DefaultListableBeanFactory     : Returning cached instance of singleton bean 'autoConfigurationReport'
2025-04-26T22:20:17.646+02:00 TRACE 13448 --- [api-gateway] [    Test worker] o.s.b.f.s.DefaultListableBeanFactory     : Returning cached instance of singleton bean 'autoConfigurationReport'
2025-04-26T22:20:17.646+02:00 TRACE 13448 --- [api-gateway] [    Test worker] o.s.b.f.s.DefaultListableBeanFactory     : Returning cached instance of singleton bean 'autoConfigurationReport'
2025-04-26T22:20:17.646+02:00 TRACE 13448 --- [api-gateway] [    Test worker] o.s.b.f.s.DefaultListableBeanFactory     : Returning cached instance of singleton bean 'autoConfigurationReport'
2025-04-26T22:20:17.646+02:00 TRACE 13448 --- [api-gateway] [    Test worker] o.s.b.f.s.DefaultListableBeanFactory     : Returning cached instance of singleton bean 'autoConfigurationReport'
2025-04-26T22:20:17.648+02:00 TRACE 13448 --- [api-gateway] [    Test worker] o.s.b.a.cache.CacheCondition             : Condition CacheCondition on org.springframework.boot.autoconfigure.cache.GenericCacheConfiguration matched due to Cache org.springframework.boot.autoconfigure.cache.GenericCacheConfiguration automatic cache type
2025-04-26T22:20:17.648+02:00 TRACE 13448 --- [api-gateway] [    Test worker] o.s.b.f.s.DefaultListableBeanFactory     : Returning cached instance of singleton bean 'autoConfigurationReport'
2025-04-26T22:20:17.648+02:00 TRACE 13448 --- [api-gateway] [    Test worker] o.s.b.f.s.DefaultListableBeanFactory     : Returning cached instance of singleton bean 'autoConfigurationReport'
2025-04-26T22:20:17.648+02:00 TRACE 13448 --- [api-gateway] [    Test worker] o.s.b.f.s.DefaultListableBeanFactory     : Returning cached instance of singleton bean 'autoConfigurationReport'
2025-04-26T22:20:17.648+02:00 TRACE 13448 --- [api-gateway] [    Test worker] o.s.b.f.s.DefaultListableBeanFactory     : Returning cached instance of singleton bean 'autoConfigurationReport'
2025-04-26T22:20:17.649+02:00 TRACE 13448 --- [api-gateway] [    Test worker] o.s.b.a.cache.CacheCondition             : Condition CacheCondition on org.springframework.boot.autoconfigure.cache.SimpleCacheConfiguration matched due to Cache org.springframework.boot.autoconfigure.cache.SimpleCacheConfiguration automatic cache type
2025-04-26T22:20:17.649+02:00 TRACE 13448 --- [api-gateway] [    Test worker] o.s.b.f.s.DefaultListableBeanFactory     : Returning cached instance of singleton bean 'autoConfigurationReport'
2025-04-26T22:20:17.649+02:00 TRACE 13448 --- [api-gateway] [    Test worker] o.s.b.f.s.DefaultListableBeanFactory     : Returning cached instance of singleton bean 'autoConfigurationReport'
2025-04-26T22:20:17.649+02:00 TRACE 13448 --- [api-gateway] [    Test worker] o.s.b.f.s.DefaultListableBeanFactory     : Returning cached instance of singleton bean 'autoConfigurationReport'
2025-04-26T22:20:17.649+02:00 TRACE 13448 --- [api-gateway] [    Test worker] o.s.b.f.s.DefaultListableBeanFactory     : Returning cached instance of singleton bean 'autoConfigurationReport'
2025-04-26T22:20:17.650+02:00 TRACE 13448 --- [api-gateway] [    Test worker] o.s.b.a.cache.CacheCondition             : Condition CacheCondition on org.springframework.boot.autoconfigure.cache.NoOpCacheConfiguration matched due to Cache org.springframework.boot.autoconfigure.cache.NoOpCacheConfiguration automatic cache type
2025-04-26T22:20:17.650+02:00 TRACE 13448 --- [api-gateway] [    Test worker] o.s.b.f.s.DefaultListableBeanFactory     : Returning cached instance of singleton bean 'autoConfigurationReport'
2025-04-26T22:20:17.650+02:00 TRACE 13448 --- [api-gateway] [    Test worker] o.s.b.f.s.DefaultListableBeanFactory     : Returning cached instance of singleton bean 'autoConfigurationReport'
2025-04-26T22:20:17.650+02:00 TRACE 13448 --- [api-gateway] [    Test worker] o.s.b.f.s.DefaultListableBeanFactory     : Returning cached instance of singleton bean 'autoConfigurationReport'
2025-04-26T22:20:17.650+02:00 TRACE 13448 --- [api-gateway] [    Test worker] o.s.b.f.s.DefaultListableBeanFactory     : Returning cached instance of singleton bean 'autoConfigurationReport'
2025-04-26T22:20:17.651+02:00 TRACE 13448 --- [api-gateway] [    Test worker] o.s.b.a.condition.OnClassCondition       : Condition OnClassCondition on org.springframework.boot.autoconfigure.cache.CacheAutoConfiguration$CacheManagerEntityManagerFactoryDependsOnPostProcessor did not match due to @ConditionalOnClass did not find required class 'org.springframework.orm.jpa.LocalContainerEntityManagerFactoryBean'
2025-04-26T22:20:17.651+02:00 TRACE 13448 --- [api-gateway] [    Test worker] o.s.b.f.s.DefaultListableBeanFactory     : Returning cached instance of singleton bean 'autoConfigurationReport'
2025-04-26T22:20:17.652+02:00 TRACE 13448 --- [api-gateway] [    Test worker] o.s.b.f.s.DefaultListableBeanFactory     : Returning cached instance of singleton bean 'autoConfigurationReport'
2025-04-26T22:20:17.652+02:00 TRACE 13448 --- [api-gateway] [    Test worker] o.s.b.f.s.DefaultListableBeanFactory     : Returning cached instance of singleton bean 'autoConfigurationReport'
2025-04-26T22:20:17.652+02:00 TRACE 13448 --- [api-gateway] [    Test worker] o.s.b.f.s.DefaultListableBeanFactory     : Returning cached instance of singleton bean 'autoConfigurationReport'
2025-04-26T22:20:17.652+02:00 TRACE 13448 --- [api-gateway] [    Test worker] o.s.b.f.s.DefaultListableBeanFactory     : Returning cached instance of singleton bean 'autoConfigurationReport'
2025-04-26T22:20:17.652+02:00 TRACE 13448 --- [api-gateway] [    Test worker] o.s.b.f.s.DefaultListableBeanFactory     : Returning cached instance of singleton bean 'autoConfigurationReport'
2025-04-26T22:20:17.652+02:00 TRACE 13448 --- [api-gateway] [    Test worker] o.s.b.f.s.DefaultListableBeanFactory     : Returning cached instance of singleton bean 'autoConfigurationReport'
2025-04-26T22:20:17.652+02:00 TRACE 13448 --- [api-gateway] [    Test worker] o.s.b.f.s.DefaultListableBeanFactory     : Returning cached instance of singleton bean 'autoConfigurationReport'
2025-04-26T22:20:17.652+02:00 TRACE 13448 --- [api-gateway] [    Test worker] o.s.b.f.s.DefaultListableBeanFactory     : Returning cached instance of singleton bean 'autoConfigurationReport'
2025-04-26T22:20:17.652+02:00 TRACE 13448 --- [api-gateway] [    Test worker] o.s.b.f.s.DefaultListableBeanFactory     : Returning cached instance of singleton bean 'autoConfigurationReport'
2025-04-26T22:20:17.653+02:00 TRACE 13448 --- [api-gateway] [    Test worker] o.s.b.f.s.DefaultListableBeanFactory     : Returning cached instance of singleton bean 'autoConfigurationReport'
2025-04-26T22:20:17.653+02:00 TRACE 13448 --- [api-gateway] [    Test worker] o.s.b.f.s.DefaultListableBeanFactory     : Returning cached instance of singleton bean 'autoConfigurationReport'
2025-04-26T22:20:17.653+02:00 TRACE 13448 --- [api-gateway] [    Test worker] o.s.b.f.s.DefaultListableBeanFactory     : Returning cached instance of singleton bean 'autoConfigurationReport'
2025-04-26T22:20:17.653+02:00 TRACE 13448 --- [api-gateway] [    Test worker] o.s.b.f.s.DefaultListableBeanFactory     : Returning cached instance of singleton bean 'autoConfigurationReport'
2025-04-26T22:20:17.653+02:00 TRACE 13448 --- [api-gateway] [    Test worker] o.s.b.f.s.DefaultListableBeanFactory     : Returning cached instance of singleton bean 'autoConfigurationReport'
2025-04-26T22:20:17.653+02:00 TRACE 13448 --- [api-gateway] [    Test worker] o.s.b.f.s.DefaultListableBeanFactory     : Returning cached instance of singleton bean 'autoConfigurationReport'
2025-04-26T22:20:17.653+02:00 TRACE 13448 --- [api-gateway] [    Test worker] o.s.b.f.s.DefaultListableBeanFactory     : Returning cached instance of singleton bean 'autoConfigurationReport'
2025-04-26T22:20:17.653+02:00 TRACE 13448 --- [api-gateway] [    Test worker] o.s.b.f.s.DefaultListableBeanFactory     : Returning cached instance of singleton bean 'autoConfigurationReport'
2025-04-26T22:20:17.653+02:00 TRACE 13448 --- [api-gateway] [    Test worker] o.s.b.f.s.DefaultListableBeanFactory     : Returning cached instance of singleton bean 'autoConfigurationReport'
2025-04-26T22:20:17.653+02:00 TRACE 13448 --- [api-gateway] [    Test worker] o.s.b.f.s.DefaultListableBeanFactory     : Returning cached instance of singleton bean 'autoConfigurationReport'
2025-04-26T22:20:17.653+02:00 TRACE 13448 --- [api-gateway] [    Test worker] o.s.b.f.s.DefaultListableBeanFactory     : Returning cached instance of singleton bean 'autoConfigurationReport'
2025-04-26T22:20:17.653+02:00 TRACE 13448 --- [api-gateway] [    Test worker] o.s.b.f.s.DefaultListableBeanFactory     : Returning cached instance of singleton bean 'autoConfigurationReport'
2025-04-26T22:20:17.653+02:00 TRACE 13448 --- [api-gateway] [    Test worker] o.s.b.f.s.DefaultListableBeanFactory     : Returning cached instance of singleton bean 'autoConfigurationReport'
2025-04-26T22:20:17.653+02:00 TRACE 13448 --- [api-gateway] [    Test worker] o.s.b.f.s.DefaultListableBeanFactory     : Returning cached instance of singleton bean 'autoConfigurationReport'
2025-04-26T22:20:17.653+02:00 TRACE 13448 --- [api-gateway] [    Test worker] o.s.b.f.s.DefaultListableBeanFactory     : Returning cached instance of singleton bean 'autoConfigurationReport'
2025-04-26T22:20:17.654+02:00 TRACE 13448 --- [api-gateway] [    Test worker] o.s.b.a.condition.OnClassCondition       : Condition OnClassCondition on org.springframework.boot.autoconfigure.gson.GsonAutoConfiguration matched due to @ConditionalOnClass found required class 'com.google.gson.Gson'
2025-04-26T22:20:17.654+02:00 TRACE 13448 --- [api-gateway] [    Test worker] o.s.b.f.s.DefaultListableBeanFactory     : Returning cached instance of singleton bean 'autoConfigurationReport'
2025-04-26T22:20:17.654+02:00 TRACE 13448 --- [api-gateway] [    Test worker] o.s.b.f.s.DefaultListableBeanFactory     : Returning cached instance of singleton bean 'autoConfigurationReport'
2025-04-26T22:20:17.654+02:00 TRACE 13448 --- [api-gateway] [    Test worker] o.s.b.f.s.DefaultListableBeanFactory     : Returning cached instance of singleton bean 'autoConfigurationReport'
2025-04-26T22:20:17.654+02:00 TRACE 13448 --- [api-gateway] [    Test worker] o.s.b.f.s.DefaultListableBeanFactory     : Returning cached instance of singleton bean 'autoConfigurationReport'
2025-04-26T22:20:17.655+02:00 TRACE 13448 --- [api-gateway] [    Test worker] o.s.b.f.s.DefaultListableBeanFactory     : Returning cached instance of singleton bean 'autoConfigurationReport'
2025-04-26T22:20:17.655+02:00 TRACE 13448 --- [api-gateway] [    Test worker] o.s.b.f.s.DefaultListableBeanFactory     : Returning cached instance of singleton bean 'autoConfigurationReport'
2025-04-26T22:20:17.655+02:00 TRACE 13448 --- [api-gateway] [    Test worker] o.s.b.f.s.DefaultListableBeanFactory     : Returning cached instance of singleton bean 'autoConfigurationReport'
2025-04-26T22:20:17.655+02:00 TRACE 13448 --- [api-gateway] [    Test worker] o.s.b.f.s.DefaultListableBeanFactory     : Returning cached instance of singleton bean 'autoConfigurationReport'
2025-04-26T22:20:17.655+02:00 TRACE 13448 --- [api-gateway] [    Test worker] o.s.b.f.s.DefaultListableBeanFactory     : Returning cached instance of singleton bean 'autoConfigurationReport'
2025-04-26T22:20:17.655+02:00 TRACE 13448 --- [api-gateway] [    Test worker] o.s.b.f.s.DefaultListableBeanFactory     : Returning cached instance of singleton bean 'autoConfigurationReport'
2025-04-26T22:20:17.656+02:00 TRACE 13448 --- [api-gateway] [    Test worker] o.s.b.a.condition.OnClassCondition       : Condition OnClassCondition on org.springframework.boot.autoconfigure.http.HttpMessageConvertersAutoConfiguration matched due to @ConditionalOnClass found required class 'org.springframework.http.converter.HttpMessageConverter'
2025-04-26T22:20:17.656+02:00 TRACE 13448 --- [api-gateway] [    Test worker] o.s.b.f.s.DefaultListableBeanFactory     : Returning cached instance of singleton bean 'autoConfigurationReport'
2025-04-26T22:20:17.663+02:00 TRACE 13448 --- [api-gateway] [    Test worker] ation$NotReactiveWebApplicationCondition : Condition HttpMessageConvertersAutoConfiguration.NotReactiveWebApplicationCondition on org.springframework.boot.autoconfigure.http.HttpMessageConvertersAutoConfiguration did not match due to NoneNestedConditions 1 matched 0 did not; NestedCondition on HttpMessageConvertersAutoConfiguration.NotReactiveWebApplicationCondition.ReactiveWebApplication found ConfigurableReactiveWebEnvironment
2025-04-26T22:20:17.663+02:00 TRACE 13448 --- [api-gateway] [    Test worker] o.s.b.f.s.DefaultListableBeanFactory     : Returning cached instance of singleton bean 'autoConfigurationReport'
2025-04-26T22:20:17.663+02:00 TRACE 13448 --- [api-gateway] [    Test worker] o.s.b.f.s.DefaultListableBeanFactory     : Returning cached instance of singleton bean 'autoConfigurationReport'
2025-04-26T22:20:17.663+02:00 TRACE 13448 --- [api-gateway] [    Test worker] o.s.b.f.s.DefaultListableBeanFactory     : Returning cached instance of singleton bean 'autoConfigurationReport'
2025-04-26T22:20:17.663+02:00 TRACE 13448 --- [api-gateway] [    Test worker] o.s.b.f.s.DefaultListableBeanFactory     : Returning cached instance of singleton bean 'autoConfigurationReport'
2025-04-26T22:20:17.664+02:00 TRACE 13448 --- [api-gateway] [    Test worker] o.s.b.f.s.DefaultListableBeanFactory     : Returning cached instance of singleton bean 'autoConfigurationReport'
2025-04-26T22:20:17.664+02:00 TRACE 13448 --- [api-gateway] [    Test worker] o.s.b.f.s.DefaultListableBeanFactory     : Returning cached instance of singleton bean 'autoConfigurationReport'
2025-04-26T22:20:17.664+02:00 TRACE 13448 --- [api-gateway] [    Test worker] o.s.b.f.s.DefaultListableBeanFactory     : Returning cached instance of singleton bean 'autoConfigurationReport'
2025-04-26T22:20:17.664+02:00 TRACE 13448 --- [api-gateway] [    Test worker] o.s.b.f.s.DefaultListableBeanFactory     : Returning cached instance of singleton bean 'autoConfigurationReport'
2025-04-26T22:20:17.664+02:00 TRACE 13448 --- [api-gateway] [    Test worker] o.s.b.f.s.DefaultListableBeanFactory     : Returning cached instance of singleton bean 'autoConfigurationReport'
2025-04-26T22:20:17.664+02:00 TRACE 13448 --- [api-gateway] [    Test worker] o.s.b.f.s.DefaultListableBeanFactory     : Returning cached instance of singleton bean 'autoConfigurationReport'
2025-04-26T22:20:17.665+02:00 TRACE 13448 --- [api-gateway] [    Test worker] o.s.b.f.s.DefaultListableBeanFactory     : Returning cached instance of singleton bean 'autoConfigurationReport'
2025-04-26T22:20:17.665+02:00 TRACE 13448 --- [api-gateway] [    Test worker] o.s.b.f.s.DefaultListableBeanFactory     : Returning cached instance of singleton bean 'autoConfigurationReport'
2025-04-26T22:20:17.665+02:00 TRACE 13448 --- [api-gateway] [    Test worker] o.s.b.f.s.DefaultListableBeanFactory     : Returning cached instance of singleton bean 'autoConfigurationReport'
2025-04-26T22:20:17.665+02:00 TRACE 13448 --- [api-gateway] [    Test worker] o.s.b.f.s.DefaultListableBeanFactory     : Returning cached instance of singleton bean 'autoConfigurationReport'
2025-04-26T22:20:17.665+02:00 TRACE 13448 --- [api-gateway] [    Test worker] o.s.b.f.s.DefaultListableBeanFactory     : Returning cached instance of singleton bean 'autoConfigurationReport'
2025-04-26T22:20:17.665+02:00 TRACE 13448 --- [api-gateway] [    Test worker] o.s.b.f.s.DefaultListableBeanFactory     : Returning cached instance of singleton bean 'autoConfigurationReport'
2025-04-26T22:20:17.666+02:00 TRACE 13448 --- [api-gateway] [    Test worker] o.s.b.a.condition.OnClassCondition       : Condition OnClassCondition on org.springframework.boot.autoconfigure.http.client.HttpClientAutoConfiguration matched due to @ConditionalOnClass found required class 'org.springframework.http.client.ClientHttpRequestFactory'
2025-04-26T22:20:17.666+02:00 TRACE 13448 --- [api-gateway] [    Test worker] o.s.b.f.s.DefaultListableBeanFactory     : Returning cached instance of singleton bean 'autoConfigurationReport'
2025-04-26T22:20:17.667+02:00 TRACE 13448 --- [api-gateway] [    Test worker] a.h.c.NotReactiveWebApplicationCondition : Condition NotReactiveWebApplicationCondition on org.springframework.boot.autoconfigure.http.client.HttpClientAutoConfiguration did not match due to NoneNestedConditions 1 matched 0 did not; NestedCondition on NotReactiveWebApplicationCondition.ReactiveWebApplication found ConfigurableReactiveWebEnvironment
2025-04-26T22:20:17.667+02:00 TRACE 13448 --- [api-gateway] [    Test worker] o.s.b.f.s.DefaultListableBeanFactory     : Returning cached instance of singleton bean 'autoConfigurationReport'
2025-04-26T22:20:17.667+02:00 TRACE 13448 --- [api-gateway] [    Test worker] o.s.b.f.s.DefaultListableBeanFactory     : Returning cached instance of singleton bean 'autoConfigurationReport'
2025-04-26T22:20:17.667+02:00 TRACE 13448 --- [api-gateway] [    Test worker] o.s.b.f.s.DefaultListableBeanFactory     : Returning cached instance of singleton bean 'autoConfigurationReport'
2025-04-26T22:20:17.668+02:00 TRACE 13448 --- [api-gateway] [    Test worker] o.s.b.f.s.DefaultListableBeanFactory     : Returning cached instance of singleton bean 'autoConfigurationReport'
2025-04-26T22:20:17.668+02:00 TRACE 13448 --- [api-gateway] [    Test worker] o.s.b.f.s.DefaultListableBeanFactory     : Returning cached instance of singleton bean 'autoConfigurationReport'
2025-04-26T22:20:17.668+02:00 TRACE 13448 --- [api-gateway] [    Test worker] o.s.b.f.s.DefaultListableBeanFactory     : Returning cached instance of singleton bean 'autoConfigurationReport'
2025-04-26T22:20:17.668+02:00 TRACE 13448 --- [api-gateway] [    Test worker] o.s.b.f.s.DefaultListableBeanFactory     : Returning cached instance of singleton bean 'autoConfigurationReport'
2025-04-26T22:20:17.668+02:00 TRACE 13448 --- [api-gateway] [    Test worker] o.s.b.f.s.DefaultListableBeanFactory     : Returning cached instance of singleton bean 'autoConfigurationReport'
2025-04-26T22:20:17.668+02:00 TRACE 13448 --- [api-gateway] [    Test worker] o.s.b.f.s.DefaultListableBeanFactory     : Returning cached instance of singleton bean 'autoConfigurationReport'
2025-04-26T22:20:17.668+02:00 TRACE 13448 --- [api-gateway] [    Test worker] o.s.b.f.s.DefaultListableBeanFactory     : Returning cached instance of singleton bean 'autoConfigurationReport'
2025-04-26T22:20:17.668+02:00 TRACE 13448 --- [api-gateway] [    Test worker] o.s.b.f.s.DefaultListableBeanFactory     : Returning cached instance of singleton bean 'autoConfigurationReport'
2025-04-26T22:20:17.669+02:00 TRACE 13448 --- [api-gateway] [    Test worker] o.s.b.f.s.DefaultListableBeanFactory     : Returning cached instance of singleton bean 'autoConfigurationReport'
2025-04-26T22:20:17.669+02:00 TRACE 13448 --- [api-gateway] [    Test worker] o.s.b.f.s.DefaultListableBeanFactory     : Returning cached instance of singleton bean 'autoConfigurationReport'
2025-04-26T22:20:17.669+02:00 TRACE 13448 --- [api-gateway] [    Test worker] o.s.b.f.s.DefaultListableBeanFactory     : Returning cached instance of singleton bean 'autoConfigurationReport'
2025-04-26T22:20:17.669+02:00 TRACE 13448 --- [api-gateway] [    Test worker] o.s.b.f.s.DefaultListableBeanFactory     : Returning cached instance of singleton bean 'autoConfigurationReport'
2025-04-26T22:20:17.669+02:00 TRACE 13448 --- [api-gateway] [    Test worker] o.s.b.f.s.DefaultListableBeanFactory     : Returning cached instance of singleton bean 'autoConfigurationReport'
2025-04-26T22:20:17.671+02:00 TRACE 13448 --- [api-gateway] [    Test worker] o.s.b.a.condition.OnPropertyCondition    : Condition OnPropertyCondition on org.springframework.boot.autoconfigure.mail.MailSenderValidatorAutoConfiguration did not match due to @ConditionalOnProperty (spring.mail.test-connection) did not find property 'test-connection'
2025-04-26T22:20:17.671+02:00 TRACE 13448 --- [api-gateway] [    Test worker] o.s.b.f.s.DefaultListableBeanFactory     : Returning cached instance of singleton bean 'autoConfigurationReport'
2025-04-26T22:20:17.671+02:00 TRACE 13448 --- [api-gateway] [    Test worker] o.s.b.f.s.DefaultListableBeanFactory     : Returning cached instance of singleton bean 'autoConfigurationReport'
2025-04-26T22:20:17.671+02:00 TRACE 13448 --- [api-gateway] [    Test worker] o.s.b.f.s.DefaultListableBeanFactory     : Returning cached instance of singleton bean 'autoConfigurationReport'
2025-04-26T22:20:17.671+02:00 TRACE 13448 --- [api-gateway] [    Test worker] o.s.b.f.s.DefaultListableBeanFactory     : Returning cached instance of singleton bean 'autoConfigurationReport'
2025-04-26T22:20:17.671+02:00 TRACE 13448 --- [api-gateway] [    Test worker] o.s.b.f.s.DefaultListableBeanFactory     : Returning cached instance of singleton bean 'autoConfigurationReport'
2025-04-26T22:20:17.671+02:00 TRACE 13448 --- [api-gateway] [    Test worker] o.s.b.f.s.DefaultListableBeanFactory     : Returning cached instance of singleton bean 'autoConfigurationReport'
2025-04-26T22:20:17.671+02:00 TRACE 13448 --- [api-gateway] [    Test worker] o.s.b.f.s.DefaultListableBeanFactory     : Returning cached instance of singleton bean 'autoConfigurationReport'
2025-04-26T22:20:17.672+02:00 TRACE 13448 --- [api-gateway] [    Test worker] o.s.b.a.condition.OnClassCondition       : Condition OnClassCondition on org.springframework.boot.autoconfigure.netty.NettyAutoConfiguration matched due to @ConditionalOnClass found required class 'io.netty.util.NettyRuntime'
2025-04-26T22:20:17.672+02:00 TRACE 13448 --- [api-gateway] [    Test worker] o.s.b.f.s.DefaultListableBeanFactory     : Returning cached instance of singleton bean 'autoConfigurationReport'
2025-04-26T22:20:17.672+02:00 TRACE 13448 --- [api-gateway] [    Test worker] o.s.b.f.s.DefaultListableBeanFactory     : Returning cached instance of singleton bean 'autoConfigurationReport'
2025-04-26T22:20:17.672+02:00 TRACE 13448 --- [api-gateway] [    Test worker] o.s.b.f.s.DefaultListableBeanFactory     : Returning cached instance of singleton bean 'autoConfigurationReport'
2025-04-26T22:20:17.672+02:00 TRACE 13448 --- [api-gateway] [    Test worker] o.s.b.f.s.DefaultListableBeanFactory     : Returning cached instance of singleton bean 'autoConfigurationReport'
2025-04-26T22:20:17.672+02:00 TRACE 13448 --- [api-gateway] [    Test worker] o.s.b.f.s.DefaultListableBeanFactory     : Returning cached instance of singleton bean 'autoConfigurationReport'
2025-04-26T22:20:17.672+02:00 TRACE 13448 --- [api-gateway] [    Test worker] o.s.b.f.s.DefaultListableBeanFactory     : Returning cached instance of singleton bean 'autoConfigurationReport'
2025-04-26T22:20:17.672+02:00 TRACE 13448 --- [api-gateway] [    Test worker] o.s.b.f.s.DefaultListableBeanFactory     : Returning cached instance of singleton bean 'autoConfigurationReport'
2025-04-26T22:20:17.672+02:00 TRACE 13448 --- [api-gateway] [    Test worker] o.s.b.f.s.DefaultListableBeanFactory     : Returning cached instance of singleton bean 'autoConfigurationReport'
2025-04-26T22:20:17.672+02:00 TRACE 13448 --- [api-gateway] [    Test worker] o.s.b.f.s.DefaultListableBeanFactory     : Returning cached instance of singleton bean 'autoConfigurationReport'
2025-04-26T22:20:17.672+02:00 TRACE 13448 --- [api-gateway] [    Test worker] o.s.b.f.s.DefaultListableBeanFactory     : Returning cached instance of singleton bean 'autoConfigurationReport'
2025-04-26T22:20:17.673+02:00 TRACE 13448 --- [api-gateway] [    Test worker] o.s.b.a.condition.OnClassCondition       : Condition OnClassCondition on org.springframework.boot.autoconfigure.reactor.ReactorAutoConfiguration matched due to @ConditionalOnClass found required class 'reactor.core.publisher.Hooks'
2025-04-26T22:20:17.673+02:00 TRACE 13448 --- [api-gateway] [    Test worker] o.s.b.f.s.DefaultListableBeanFactory     : Returning cached instance of singleton bean 'autoConfigurationReport'
2025-04-26T22:20:17.673+02:00 TRACE 13448 --- [api-gateway] [    Test worker] o.s.b.f.s.DefaultListableBeanFactory     : Returning cached instance of singleton bean 'autoConfigurationReport'
2025-04-26T22:20:17.673+02:00 TRACE 13448 --- [api-gateway] [    Test worker] o.s.b.f.s.DefaultListableBeanFactory     : Returning cached instance of singleton bean 'autoConfigurationReport'
2025-04-26T22:20:17.673+02:00 TRACE 13448 --- [api-gateway] [    Test worker] o.s.b.f.s.DefaultListableBeanFactory     : Returning cached instance of singleton bean 'autoConfigurationReport'
2025-04-26T22:20:17.673+02:00 TRACE 13448 --- [api-gateway] [    Test worker] o.s.b.f.s.DefaultListableBeanFactory     : Returning cached instance of singleton bean 'autoConfigurationReport'
2025-04-26T22:20:17.673+02:00 TRACE 13448 --- [api-gateway] [    Test worker] o.s.b.f.s.DefaultListableBeanFactory     : Returning cached instance of singleton bean 'autoConfigurationReport'
2025-04-26T22:20:17.673+02:00 TRACE 13448 --- [api-gateway] [    Test worker] o.s.b.f.s.DefaultListableBeanFactory     : Returning cached instance of singleton bean 'autoConfigurationReport'
2025-04-26T22:20:17.674+02:00 TRACE 13448 --- [api-gateway] [    Test worker] o.s.b.f.s.DefaultListableBeanFactory     : Returning cached instance of singleton bean 'autoConfigurationReport'
2025-04-26T22:20:17.674+02:00 TRACE 13448 --- [api-gateway] [    Test worker] o.s.b.f.s.DefaultListableBeanFactory     : Returning cached instance of singleton bean 'autoConfigurationReport'
2025-04-26T22:20:17.674+02:00 TRACE 13448 --- [api-gateway] [    Test worker] o.s.b.f.s.DefaultListableBeanFactory     : Returning cached instance of singleton bean 'autoConfigurationReport'
2025-04-26T22:20:17.674+02:00 TRACE 13448 --- [api-gateway] [    Test worker] o.s.b.a.condition.OnClassCondition       : Condition OnClassCondition on org.springframework.boot.autoconfigure.security.oauth2.resource.reactive.ReactiveOAuth2ResourceServerAutoConfiguration matched due to @ConditionalOnClass found required class 'org.springframework.security.config.annotation.web.reactive.EnableWebFluxSecurity'
2025-04-26T22:20:17.674+02:00 TRACE 13448 --- [api-gateway] [    Test worker] o.s.b.f.s.DefaultListableBeanFactory     : Returning cached instance of singleton bean 'autoConfigurationReport'
2025-04-26T22:20:17.674+02:00 TRACE 13448 --- [api-gateway] [    Test worker] o.s.b.a.c.OnWebApplicationCondition      : Condition OnWebApplicationCondition on org.springframework.boot.autoconfigure.security.oauth2.resource.reactive.ReactiveOAuth2ResourceServerAutoConfiguration matched due to found ConfigurableReactiveWebEnvironment
2025-04-26T22:20:17.674+02:00 TRACE 13448 --- [api-gateway] [    Test worker] o.s.b.f.s.DefaultListableBeanFactory     : Returning cached instance of singleton bean 'autoConfigurationReport'
2025-04-26T22:20:17.675+02:00 TRACE 13448 --- [api-gateway] [    Test worker] o.s.b.f.s.DefaultListableBeanFactory     : Returning cached instance of singleton bean 'autoConfigurationReport'
2025-04-26T22:20:17.675+02:00 TRACE 13448 --- [api-gateway] [    Test worker] o.s.b.f.s.DefaultListableBeanFactory     : Returning cached instance of singleton bean 'autoConfigurationReport'
2025-04-26T22:20:17.675+02:00 TRACE 13448 --- [api-gateway] [    Test worker] o.s.b.f.s.DefaultListableBeanFactory     : Returning cached instance of singleton bean 'autoConfigurationReport'
2025-04-26T22:20:17.676+02:00 TRACE 13448 --- [api-gateway] [    Test worker] o.s.b.a.condition.OnClassCondition       : Condition OnClassCondition on org.springframework.boot.autoconfigure.security.oauth2.resource.reactive.ReactiveOAuth2ResourceServerConfiguration$JwtConfiguration matched due to @ConditionalOnClass found required classes 'org.springframework.security.oauth2.server.resource.authentication.BearerTokenAuthenticationToken', 'org.springframework.security.oauth2.jwt.ReactiveJwtDecoder'
2025-04-26T22:20:17.676+02:00 TRACE 13448 --- [api-gateway] [    Test worker] o.s.b.f.s.DefaultListableBeanFactory     : Returning cached instance of singleton bean 'autoConfigurationReport'
2025-04-26T22:20:17.676+02:00 TRACE 13448 --- [api-gateway] [    Test worker] o.s.b.f.s.DefaultListableBeanFactory     : Returning cached instance of singleton bean 'autoConfigurationReport'
2025-04-26T22:20:17.676+02:00 TRACE 13448 --- [api-gateway] [    Test worker] o.s.b.f.s.DefaultListableBeanFactory     : Returning cached instance of singleton bean 'autoConfigurationReport'
2025-04-26T22:20:17.676+02:00 TRACE 13448 --- [api-gateway] [    Test worker] o.s.b.f.s.DefaultListableBeanFactory     : Returning cached instance of singleton bean 'autoConfigurationReport'
2025-04-26T22:20:17.678+02:00 TRACE 13448 --- [api-gateway] [    Test worker] o.s.b.f.s.DefaultListableBeanFactory     : Returning cached instance of singleton bean 'autoConfigurationReport'
2025-04-26T22:20:17.678+02:00 TRACE 13448 --- [api-gateway] [    Test worker] o.s.b.f.s.DefaultListableBeanFactory     : Returning cached instance of singleton bean 'autoConfigurationReport'
2025-04-26T22:20:17.678+02:00 TRACE 13448 --- [api-gateway] [    Test worker] o.s.b.f.s.DefaultListableBeanFactory     : Returning cached instance of singleton bean 'autoConfigurationReport'
2025-04-26T22:20:17.679+02:00 TRACE 13448 --- [api-gateway] [    Test worker] o.s.b.f.s.DefaultListableBeanFactory     : Returning cached instance of singleton bean 'autoConfigurationReport'
2025-04-26T22:20:17.679+02:00 TRACE 13448 --- [api-gateway] [    Test worker] o.s.b.f.s.DefaultListableBeanFactory     : Returning cached instance of singleton bean 'autoConfigurationReport'
2025-04-26T22:20:17.679+02:00 TRACE 13448 --- [api-gateway] [    Test worker] o.s.b.f.s.DefaultListableBeanFactory     : Returning cached instance of singleton bean 'autoConfigurationReport'
2025-04-26T22:20:17.679+02:00 TRACE 13448 --- [api-gateway] [    Test worker] o.s.b.f.s.DefaultListableBeanFactory     : Returning cached instance of singleton bean 'autoConfigurationReport'
2025-04-26T22:20:17.679+02:00 TRACE 13448 --- [api-gateway] [    Test worker] o.s.b.f.s.DefaultListableBeanFactory     : Returning cached instance of singleton bean 'autoConfigurationReport'
2025-04-26T22:20:17.679+02:00 TRACE 13448 --- [api-gateway] [    Test worker] o.s.b.f.s.DefaultListableBeanFactory     : Returning cached instance of singleton bean 'autoConfigurationReport'
2025-04-26T22:20:17.680+02:00 TRACE 13448 --- [api-gateway] [    Test worker] o.s.b.a.condition.OnClassCondition       : Condition OnClassCondition on org.springframework.boot.autoconfigure.security.oauth2.resource.reactive.ReactiveOAuth2ResourceServerConfiguration$OpaqueTokenConfiguration matched due to @ConditionalOnClass found required classes 'org.springframework.security.oauth2.server.resource.authentication.BearerTokenAuthenticationToken', 'org.springframework.security.oauth2.server.resource.introspection.ReactiveOpaqueTokenIntrospector'
2025-04-26T22:20:17.680+02:00 TRACE 13448 --- [api-gateway] [    Test worker] o.s.b.f.s.DefaultListableBeanFactory     : Returning cached instance of singleton bean 'autoConfigurationReport'
2025-04-26T22:20:17.680+02:00 TRACE 13448 --- [api-gateway] [    Test worker] o.s.b.f.s.DefaultListableBeanFactory     : Returning cached instance of singleton bean 'autoConfigurationReport'
2025-04-26T22:20:17.680+02:00 TRACE 13448 --- [api-gateway] [    Test worker] o.s.b.f.s.DefaultListableBeanFactory     : Returning cached instance of singleton bean 'autoConfigurationReport'
2025-04-26T22:20:17.680+02:00 TRACE 13448 --- [api-gateway] [    Test worker] o.s.b.f.s.DefaultListableBeanFactory     : Returning cached instance of singleton bean 'autoConfigurationReport'
2025-04-26T22:20:17.681+02:00 TRACE 13448 --- [api-gateway] [    Test worker] o.s.b.f.s.DefaultListableBeanFactory     : Returning cached instance of singleton bean 'autoConfigurationReport'
2025-04-26T22:20:17.682+02:00 TRACE 13448 --- [api-gateway] [    Test worker] o.s.b.f.s.DefaultListableBeanFactory     : Returning cached instance of singleton bean 'autoConfigurationReport'
2025-04-26T22:20:17.682+02:00 TRACE 13448 --- [api-gateway] [    Test worker] o.s.b.f.s.DefaultListableBeanFactory     : Returning cached instance of singleton bean 'autoConfigurationReport'
2025-04-26T22:20:17.682+02:00 TRACE 13448 --- [api-gateway] [    Test worker] o.s.b.f.s.DefaultListableBeanFactory     : Returning cached instance of singleton bean 'autoConfigurationReport'
2025-04-26T22:20:17.682+02:00 TRACE 13448 --- [api-gateway] [    Test worker] o.s.b.f.s.DefaultListableBeanFactory     : Returning cached instance of singleton bean 'autoConfigurationReport'
2025-04-26T22:20:17.682+02:00 TRACE 13448 --- [api-gateway] [    Test worker] o.s.b.f.s.DefaultListableBeanFactory     : Returning cached instance of singleton bean 'autoConfigurationReport'
2025-04-26T22:20:17.682+02:00 TRACE 13448 --- [api-gateway] [    Test worker] o.s.b.f.s.DefaultListableBeanFactory     : Returning cached instance of singleton bean 'autoConfigurationReport'
2025-04-26T22:20:17.682+02:00 TRACE 13448 --- [api-gateway] [    Test worker] o.s.b.f.s.DefaultListableBeanFactory     : Returning cached instance of singleton bean 'autoConfigurationReport'
2025-04-26T22:20:17.682+02:00 TRACE 13448 --- [api-gateway] [    Test worker] o.s.b.f.s.DefaultListableBeanFactory     : Returning cached instance of singleton bean 'autoConfigurationReport'
2025-04-26T22:20:17.682+02:00 TRACE 13448 --- [api-gateway] [    Test worker] o.s.b.f.s.DefaultListableBeanFactory     : Returning cached instance of singleton bean 'autoConfigurationReport'
2025-04-26T22:20:17.682+02:00 TRACE 13448 --- [api-gateway] [    Test worker] o.s.b.f.s.DefaultListableBeanFactory     : Returning cached instance of singleton bean 'autoConfigurationReport'
2025-04-26T22:20:17.682+02:00 TRACE 13448 --- [api-gateway] [    Test worker] o.s.b.f.s.DefaultListableBeanFactory     : Returning cached instance of singleton bean 'autoConfigurationReport'
2025-04-26T22:20:17.683+02:00 TRACE 13448 --- [api-gateway] [    Test worker] o.s.b.a.condition.OnClassCondition       : Condition OnClassCondition on org.springframework.boot.autoconfigure.security.oauth2.resource.servlet.OAuth2ResourceServerAutoConfiguration matched due to @ConditionalOnClass found required class 'org.springframework.security.oauth2.server.resource.authentication.BearerTokenAuthenticationToken'
2025-04-26T22:20:17.683+02:00 TRACE 13448 --- [api-gateway] [    Test worker] o.s.b.f.s.DefaultListableBeanFactory     : Returning cached instance of singleton bean 'autoConfigurationReport'
2025-04-26T22:20:17.684+02:00 TRACE 13448 --- [api-gateway] [    Test worker] o.s.b.a.c.OnWebApplicationCondition      : Condition OnWebApplicationCondition on org.springframework.boot.autoconfigure.security.oauth2.resource.servlet.OAuth2ResourceServerAutoConfiguration did not match due to not a servlet web application
2025-04-26T22:20:17.684+02:00 TRACE 13448 --- [api-gateway] [    Test worker] o.s.b.f.s.DefaultListableBeanFactory     : Returning cached instance of singleton bean 'autoConfigurationReport'
2025-04-26T22:20:17.684+02:00 TRACE 13448 --- [api-gateway] [    Test worker] o.s.b.f.s.DefaultListableBeanFactory     : Returning cached instance of singleton bean 'autoConfigurationReport'
2025-04-26T22:20:17.684+02:00 TRACE 13448 --- [api-gateway] [    Test worker] o.s.b.f.s.DefaultListableBeanFactory     : Returning cached instance of singleton bean 'autoConfigurationReport'
2025-04-26T22:20:17.684+02:00 TRACE 13448 --- [api-gateway] [    Test worker] o.s.b.f.s.DefaultListableBeanFactory     : Returning cached instance of singleton bean 'autoConfigurationReport'
2025-04-26T22:20:17.684+02:00 TRACE 13448 --- [api-gateway] [    Test worker] o.s.b.f.s.DefaultListableBeanFactory     : Returning cached instance of singleton bean 'autoConfigurationReport'
2025-04-26T22:20:17.684+02:00 TRACE 13448 --- [api-gateway] [    Test worker] o.s.b.f.s.DefaultListableBeanFactory     : Returning cached instance of singleton bean 'autoConfigurationReport'
2025-04-26T22:20:17.684+02:00 TRACE 13448 --- [api-gateway] [    Test worker] o.s.b.f.s.DefaultListableBeanFactory     : Returning cached instance of singleton bean 'autoConfigurationReport'
2025-04-26T22:20:17.685+02:00 TRACE 13448 --- [api-gateway] [    Test worker] o.s.b.a.condition.OnClassCondition       : Condition OnClassCondition on org.springframework.boot.autoconfigure.security.reactive.ReactiveUserDetailsServiceAutoConfiguration matched due to @ConditionalOnClass found required class 'org.springframework.security.authentication.ReactiveAuthenticationManager'
2025-04-26T22:20:17.686+02:00 TRACE 13448 --- [api-gateway] [    Test worker] o.s.b.f.s.DefaultListableBeanFactory     : Returning cached instance of singleton bean 'autoConfigurationReport'
2025-04-26T22:20:17.688+02:00 TRACE 13448 --- [api-gateway] [    Test worker] ingAlternativeOrUserPropertiesConfigured : Condition ReactiveUserDetailsServiceAutoConfiguration.MissingAlternativeOrUserPropertiesConfigured on org.springframework.boot.autoconfigure.security.reactive.ReactiveUserDetailsServiceAutoConfiguration did not match due to AnyNestedCondition 0 matched 3 did not; NestedCondition on ReactiveUserDetailsServiceAutoConfiguration.MissingAlternativeOrUserPropertiesConfigured.PasswordConfigured @ConditionalOnProperty (spring.security.user.password) did not find property 'password'; NestedCondition on ReactiveUserDetailsServiceAutoConfiguration.MissingAlternativeOrUserPropertiesConfigured.NameConfigured @ConditionalOnProperty (spring.security.user.name) did not find property 'name'; NestedCondition on ReactiveUserDetailsServiceAutoConfiguration.MissingAlternativeOrUserPropertiesConfigured.MissingAlternative @ConditionalOnMissingClass found unwanted class 'org.springframework.security.oauth2.server.resource.introspection.ReactiveOpaqueTokenIntrospector'
2025-04-26T22:20:17.688+02:00 TRACE 13448 --- [api-gateway] [    Test worker] o.s.b.f.s.DefaultListableBeanFactory     : Returning cached instance of singleton bean 'autoConfigurationReport'
2025-04-26T22:20:17.688+02:00 TRACE 13448 --- [api-gateway] [    Test worker] o.s.b.f.s.DefaultListableBeanFactory     : Returning cached instance of singleton bean 'autoConfigurationReport'
2025-04-26T22:20:17.688+02:00 TRACE 13448 --- [api-gateway] [    Test worker] o.s.b.f.s.DefaultListableBeanFactory     : Returning cached instance of singleton bean 'autoConfigurationReport'
2025-04-26T22:20:17.688+02:00 TRACE 13448 --- [api-gateway] [    Test worker] o.s.b.f.s.DefaultListableBeanFactory     : Returning cached instance of singleton bean 'autoConfigurationReport'
2025-04-26T22:20:17.688+02:00 TRACE 13448 --- [api-gateway] [    Test worker] o.s.b.f.s.DefaultListableBeanFactory     : Returning cached instance of singleton bean 'autoConfigurationReport'
2025-04-26T22:20:17.688+02:00 TRACE 13448 --- [api-gateway] [    Test worker] o.s.b.f.s.DefaultListableBeanFactory     : Returning cached instance of singleton bean 'autoConfigurationReport'
2025-04-26T22:20:17.688+02:00 TRACE 13448 --- [api-gateway] [    Test worker] o.s.b.f.s.DefaultListableBeanFactory     : Returning cached instance of singleton bean 'autoConfigurationReport'
2025-04-26T22:20:17.689+02:00 TRACE 13448 --- [api-gateway] [    Test worker] o.s.b.a.condition.OnClassCondition       : Condition OnClassCondition on org.springframework.boot.autoconfigure.security.reactive.ReactiveSecurityAutoConfiguration matched due to @ConditionalOnClass found required classes 'reactor.core.publisher.Flux', 'org.springframework.security.config.annotation.web.reactive.EnableWebFluxSecurity', 'org.springframework.security.web.server.WebFilterChainProxy', 'org.springframework.web.reactive.config.WebFluxConfigurer'
2025-04-26T22:20:17.689+02:00 TRACE 13448 --- [api-gateway] [    Test worker] o.s.b.f.s.DefaultListableBeanFactory     : Returning cached instance of singleton bean 'autoConfigurationReport'
2025-04-26T22:20:17.689+02:00 TRACE 13448 --- [api-gateway] [    Test worker] o.s.b.f.s.DefaultListableBeanFactory     : Returning cached instance of singleton bean 'autoConfigurationReport'
2025-04-26T22:20:17.689+02:00 TRACE 13448 --- [api-gateway] [    Test worker] o.s.b.f.s.DefaultListableBeanFactory     : Returning cached instance of singleton bean 'autoConfigurationReport'
2025-04-26T22:20:17.689+02:00 TRACE 13448 --- [api-gateway] [    Test worker] o.s.b.f.s.DefaultListableBeanFactory     : Returning cached instance of singleton bean 'autoConfigurationReport'
2025-04-26T22:20:17.690+02:00 TRACE 13448 --- [api-gateway] [    Test worker] o.s.b.a.c.OnWebApplicationCondition      : Condition OnWebApplicationCondition on org.springframework.boot.autoconfigure.security.reactive.ReactiveSecurityAutoConfiguration$SpringBootWebFluxSecurityConfiguration matched due to found ConfigurableReactiveWebEnvironment
2025-04-26T22:20:17.690+02:00 TRACE 13448 --- [api-gateway] [    Test worker] o.s.b.f.s.DefaultListableBeanFactory     : Returning cached instance of singleton bean 'autoConfigurationReport'
2025-04-26T22:20:17.690+02:00 TRACE 13448 --- [api-gateway] [    Test worker] o.s.b.f.s.DefaultListableBeanFactory     : Returning cached instance of singleton bean 'autoConfigurationReport'
2025-04-26T22:20:17.690+02:00 TRACE 13448 --- [api-gateway] [    Test worker] o.s.b.f.s.DefaultListableBeanFactory     : Returning cached instance of singleton bean 'autoConfigurationReport'
2025-04-26T22:20:17.690+02:00 TRACE 13448 --- [api-gateway] [    Test worker] o.s.b.f.s.DefaultListableBeanFactory     : Returning cached instance of singleton bean 'autoConfigurationReport'
2025-04-26T22:20:17.691+02:00 TRACE 13448 --- [api-gateway] [    Test worker] o.s.b.f.s.DefaultListableBeanFactory     : Returning cached instance of singleton bean 'autoConfigurationReport'
2025-04-26T22:20:17.691+02:00 TRACE 13448 --- [api-gateway] [    Test worker] o.s.b.f.s.DefaultListableBeanFactory     : Returning cached instance of singleton bean 'autoConfigurationReport'
2025-04-26T22:20:17.691+02:00 TRACE 13448 --- [api-gateway] [    Test worker] o.s.b.f.s.DefaultListableBeanFactory     : Returning cached instance of singleton bean 'autoConfigurationReport'
2025-04-26T22:20:17.691+02:00 TRACE 13448 --- [api-gateway] [    Test worker] o.s.b.f.s.DefaultListableBeanFactory     : Returning cached instance of singleton bean 'autoConfigurationReport'
2025-04-26T22:20:17.691+02:00 TRACE 13448 --- [api-gateway] [    Test worker] o.s.b.f.s.DefaultListableBeanFactory     : Returning cached instance of singleton bean 'autoConfigurationReport'
2025-04-26T22:20:17.691+02:00 TRACE 13448 --- [api-gateway] [    Test worker] o.s.b.f.s.DefaultListableBeanFactory     : Returning cached instance of singleton bean 'autoConfigurationReport'
2025-04-26T22:20:17.691+02:00 TRACE 13448 --- [api-gateway] [    Test worker] o.s.b.f.s.DefaultListableBeanFactory     : Returning cached instance of singleton bean 'autoConfigurationReport'
2025-04-26T22:20:17.692+02:00 TRACE 13448 --- [api-gateway] [    Test worker] o.s.b.f.s.DefaultListableBeanFactory     : Returning cached instance of singleton bean 'autoConfigurationReport'
2025-04-26T22:20:17.692+02:00 TRACE 13448 --- [api-gateway] [    Test worker] o.s.b.f.s.DefaultListableBeanFactory     : Returning cached instance of singleton bean 'autoConfigurationReport'
2025-04-26T22:20:17.692+02:00 TRACE 13448 --- [api-gateway] [    Test worker] o.s.b.f.s.DefaultListableBeanFactory     : Returning cached instance of singleton bean 'autoConfigurationReport'
2025-04-26T22:20:17.692+02:00 TRACE 13448 --- [api-gateway] [    Test worker] o.s.b.f.s.DefaultListableBeanFactory     : Returning cached instance of singleton bean 'autoConfigurationReport'
2025-04-26T22:20:17.692+02:00 TRACE 13448 --- [api-gateway] [    Test worker] o.s.b.f.s.DefaultListableBeanFactory     : Returning cached instance of singleton bean 'autoConfigurationReport'
2025-04-26T22:20:17.692+02:00 TRACE 13448 --- [api-gateway] [    Test worker] o.s.b.a.condition.OnClassCondition       : Condition OnClassCondition on org.springframework.boot.autoconfigure.security.servlet.SecurityAutoConfiguration matched due to @ConditionalOnClass found required class 'org.springframework.security.authentication.DefaultAuthenticationEventPublisher'
2025-04-26T22:20:17.692+02:00 TRACE 13448 --- [api-gateway] [    Test worker] o.s.b.f.s.DefaultListableBeanFactory     : Returning cached instance of singleton bean 'autoConfigurationReport'
2025-04-26T22:20:17.693+02:00 TRACE 13448 --- [api-gateway] [    Test worker] o.s.b.f.s.DefaultListableBeanFactory     : Returning cached instance of singleton bean 'autoConfigurationReport'
2025-04-26T22:20:17.693+02:00 TRACE 13448 --- [api-gateway] [    Test worker] o.s.b.f.s.DefaultListableBeanFactory     : Returning cached instance of singleton bean 'autoConfigurationReport'
2025-04-26T22:20:17.693+02:00 TRACE 13448 --- [api-gateway] [    Test worker] o.s.b.f.s.DefaultListableBeanFactory     : Returning cached instance of singleton bean 'autoConfigurationReport'
2025-04-26T22:20:17.694+02:00 TRACE 13448 --- [api-gateway] [    Test worker] o.s.b.a.c.OnWebApplicationCondition      : Condition OnWebApplicationCondition on org.springframework.boot.autoconfigure.security.servlet.SpringBootWebSecurityConfiguration did not match due to not a servlet web application
2025-04-26T22:20:17.694+02:00 TRACE 13448 --- [api-gateway] [    Test worker] o.s.b.f.s.DefaultListableBeanFactory     : Returning cached instance of singleton bean 'autoConfigurationReport'
2025-04-26T22:20:17.694+02:00 TRACE 13448 --- [api-gateway] [    Test worker] o.s.b.a.condition.OnClassCondition       : Condition OnClassCondition on org.springframework.boot.autoconfigure.security.SecurityDataConfiguration did not match due to @ConditionalOnClass did not find required class 'org.springframework.security.data.repository.query.SecurityEvaluationContextExtension'
2025-04-26T22:20:17.694+02:00 TRACE 13448 --- [api-gateway] [    Test worker] o.s.b.f.s.DefaultListableBeanFactory     : Returning cached instance of singleton bean 'autoConfigurationReport'
2025-04-26T22:20:17.694+02:00 TRACE 13448 --- [api-gateway] [    Test worker] o.s.b.f.s.DefaultListableBeanFactory     : Returning cached instance of singleton bean 'autoConfigurationReport'
2025-04-26T22:20:17.694+02:00 TRACE 13448 --- [api-gateway] [    Test worker] o.s.b.f.s.DefaultListableBeanFactory     : Returning cached instance of singleton bean 'autoConfigurationReport'
2025-04-26T22:20:17.694+02:00 TRACE 13448 --- [api-gateway] [    Test worker] o.s.b.f.s.DefaultListableBeanFactory     : Returning cached instance of singleton bean 'autoConfigurationReport'
2025-04-26T22:20:17.695+02:00 TRACE 13448 --- [api-gateway] [    Test worker] o.s.b.f.s.DefaultListableBeanFactory     : Returning cached instance of singleton bean 'autoConfigurationReport'
2025-04-26T22:20:17.695+02:00 TRACE 13448 --- [api-gateway] [    Test worker] o.s.b.f.s.DefaultListableBeanFactory     : Returning cached instance of singleton bean 'autoConfigurationReport'
2025-04-26T22:20:17.695+02:00 TRACE 13448 --- [api-gateway] [    Test worker] o.s.b.f.s.DefaultListableBeanFactory     : Returning cached instance of singleton bean 'autoConfigurationReport'
2025-04-26T22:20:17.696+02:00 TRACE 13448 --- [api-gateway] [    Test worker] o.s.b.a.condition.OnClassCondition       : Condition OnClassCondition on org.springframework.boot.autoconfigure.security.servlet.SecurityFilterAutoConfiguration matched due to @ConditionalOnClass found required classes 'org.springframework.security.web.context.AbstractSecurityWebApplicationInitializer', 'org.springframework.security.config.http.SessionCreationPolicy'
2025-04-26T22:20:17.696+02:00 TRACE 13448 --- [api-gateway] [    Test worker] o.s.b.f.s.DefaultListableBeanFactory     : Returning cached instance of singleton bean 'autoConfigurationReport'
2025-04-26T22:20:17.697+02:00 TRACE 13448 --- [api-gateway] [    Test worker] o.s.b.a.c.OnWebApplicationCondition      : Condition OnWebApplicationCondition on org.springframework.boot.autoconfigure.security.servlet.SecurityFilterAutoConfiguration did not match due to not a servlet web application
2025-04-26T22:20:17.697+02:00 TRACE 13448 --- [api-gateway] [    Test worker] o.s.b.f.s.DefaultListableBeanFactory     : Returning cached instance of singleton bean 'autoConfigurationReport'
2025-04-26T22:20:17.697+02:00 TRACE 13448 --- [api-gateway] [    Test worker] o.s.b.f.s.DefaultListableBeanFactory     : Returning cached instance of singleton bean 'autoConfigurationReport'
2025-04-26T22:20:17.697+02:00 TRACE 13448 --- [api-gateway] [    Test worker] o.s.b.f.s.DefaultListableBeanFactory     : Returning cached instance of singleton bean 'autoConfigurationReport'
2025-04-26T22:20:17.697+02:00 TRACE 13448 --- [api-gateway] [    Test worker] o.s.b.f.s.DefaultListableBeanFactory     : Returning cached instance of singleton bean 'autoConfigurationReport'
2025-04-26T22:20:17.697+02:00 TRACE 13448 --- [api-gateway] [    Test worker] o.s.b.f.s.DefaultListableBeanFactory     : Returning cached instance of singleton bean 'autoConfigurationReport'
2025-04-26T22:20:17.697+02:00 TRACE 13448 --- [api-gateway] [    Test worker] o.s.b.f.s.DefaultListableBeanFactory     : Returning cached instance of singleton bean 'autoConfigurationReport'
2025-04-26T22:20:17.697+02:00 TRACE 13448 --- [api-gateway] [    Test worker] o.s.b.f.s.DefaultListableBeanFactory     : Returning cached instance of singleton bean 'autoConfigurationReport'
2025-04-26T22:20:17.698+02:00 TRACE 13448 --- [api-gateway] [    Test worker] o.s.b.a.condition.OnClassCondition       : Condition OnClassCondition on org.springframework.boot.autoconfigure.security.servlet.UserDetailsServiceAutoConfiguration matched due to @ConditionalOnClass found required class 'org.springframework.security.authentication.AuthenticationManager'
2025-04-26T22:20:17.698+02:00 TRACE 13448 --- [api-gateway] [    Test worker] o.s.b.f.s.DefaultListableBeanFactory     : Returning cached instance of singleton bean 'autoConfigurationReport'
2025-04-26T22:20:17.698+02:00 TRACE 13448 --- [api-gateway] [    Test worker] o.s.b.a.c.OnWebApplicationCondition      : Condition OnWebApplicationCondition on org.springframework.boot.autoconfigure.security.servlet.UserDetailsServiceAutoConfiguration did not match due to not a servlet web application
2025-04-26T22:20:17.698+02:00 TRACE 13448 --- [api-gateway] [    Test worker] o.s.b.f.s.DefaultListableBeanFactory     : Returning cached instance of singleton bean 'autoConfigurationReport'
2025-04-26T22:20:17.699+02:00 TRACE 13448 --- [api-gateway] [    Test worker] o.s.b.f.s.DefaultListableBeanFactory     : Returning cached instance of singleton bean 'autoConfigurationReport'
2025-04-26T22:20:17.699+02:00 TRACE 13448 --- [api-gateway] [    Test worker] o.s.b.f.s.DefaultListableBeanFactory     : Returning cached instance of singleton bean 'autoConfigurationReport'
2025-04-26T22:20:17.699+02:00 TRACE 13448 --- [api-gateway] [    Test worker] o.s.b.f.s.DefaultListableBeanFactory     : Returning cached instance of singleton bean 'autoConfigurationReport'
2025-04-26T22:20:17.699+02:00 TRACE 13448 --- [api-gateway] [    Test worker] o.s.b.f.s.DefaultListableBeanFactory     : Returning cached instance of singleton bean 'autoConfigurationReport'
2025-04-26T22:20:17.699+02:00 TRACE 13448 --- [api-gateway] [    Test worker] o.s.b.f.s.DefaultListableBeanFactory     : Returning cached instance of singleton bean 'autoConfigurationReport'
2025-04-26T22:20:17.699+02:00 TRACE 13448 --- [api-gateway] [    Test worker] o.s.b.f.s.DefaultListableBeanFactory     : Returning cached instance of singleton bean 'autoConfigurationReport'
2025-04-26T22:20:17.700+02:00 TRACE 13448 --- [api-gateway] [    Test worker] o.s.b.a.condition.OnPropertyCondition    : Condition OnPropertyCondition on org.springframework.boot.autoconfigure.sql.init.SqlInitializationAutoConfiguration matched due to @ConditionalOnProperty (spring.sql.init.enabled) matched
2025-04-26T22:20:17.701+02:00 TRACE 13448 --- [api-gateway] [    Test worker] o.s.b.f.s.DefaultListableBeanFactory     : Returning cached instance of singleton bean 'autoConfigurationReport'
2025-04-26T22:20:17.702+02:00 TRACE 13448 --- [api-gateway] [    Test worker] iguration$SqlInitializationModeCondition : Condition SqlInitializationAutoConfiguration.SqlInitializationModeCondition on org.springframework.boot.autoconfigure.sql.init.SqlInitializationAutoConfiguration matched due to NoneNestedConditions 0 matched 1 did not; NestedCondition on SqlInitializationAutoConfiguration.SqlInitializationModeCondition.ModeIsNever @ConditionalOnProperty (spring.sql.init.mode=never) did not find property 'mode'
2025-04-26T22:20:17.702+02:00 TRACE 13448 --- [api-gateway] [    Test worker] o.s.b.f.s.DefaultListableBeanFactory     : Returning cached instance of singleton bean 'autoConfigurationReport'
2025-04-26T22:20:17.702+02:00 TRACE 13448 --- [api-gateway] [    Test worker] o.s.b.f.s.DefaultListableBeanFactory     : Returning cached instance of singleton bean 'autoConfigurationReport'
2025-04-26T22:20:17.702+02:00 TRACE 13448 --- [api-gateway] [    Test worker] o.s.b.f.s.DefaultListableBeanFactory     : Returning cached instance of singleton bean 'autoConfigurationReport'
2025-04-26T22:20:17.702+02:00 TRACE 13448 --- [api-gateway] [    Test worker] o.s.b.f.s.DefaultListableBeanFactory     : Returning cached instance of singleton bean 'autoConfigurationReport'
2025-04-26T22:20:17.704+02:00 TRACE 13448 --- [api-gateway] [    Test worker] o.s.b.a.condition.OnClassCondition       : Condition OnClassCondition on org.springframework.boot.autoconfigure.sql.init.R2dbcInitializationConfiguration did not match due to @ConditionalOnClass did not find required classes 'io.r2dbc.spi.ConnectionFactory', 'org.springframework.r2dbc.connection.init.DatabasePopulator'
2025-04-26T22:20:17.704+02:00 TRACE 13448 --- [api-gateway] [    Test worker] o.s.b.f.s.DefaultListableBeanFactory     : Returning cached instance of singleton bean 'autoConfigurationReport'
2025-04-26T22:20:17.705+02:00 TRACE 13448 --- [api-gateway] [    Test worker] o.s.b.a.condition.OnClassCondition       : Condition OnClassCondition on org.springframework.boot.autoconfigure.sql.init.DataSourceInitializationConfiguration did not match due to @ConditionalOnClass did not find required class 'org.springframework.jdbc.datasource.init.DatabasePopulator'
2025-04-26T22:20:17.705+02:00 TRACE 13448 --- [api-gateway] [    Test worker] o.s.b.f.s.DefaultListableBeanFactory     : Returning cached instance of singleton bean 'autoConfigurationReport'
2025-04-26T22:20:17.705+02:00 TRACE 13448 --- [api-gateway] [    Test worker] o.s.b.f.s.DefaultListableBeanFactory     : Returning cached instance of singleton bean 'autoConfigurationReport'
2025-04-26T22:20:17.705+02:00 TRACE 13448 --- [api-gateway] [    Test worker] o.s.b.f.s.DefaultListableBeanFactory     : Returning cached instance of singleton bean 'autoConfigurationReport'
2025-04-26T22:20:17.705+02:00 TRACE 13448 --- [api-gateway] [    Test worker] o.s.b.f.s.DefaultListableBeanFactory     : Returning cached instance of singleton bean 'autoConfigurationReport'
2025-04-26T22:20:17.705+02:00 TRACE 13448 --- [api-gateway] [    Test worker] o.s.b.f.s.DefaultListableBeanFactory     : Returning cached instance of singleton bean 'autoConfigurationReport'
2025-04-26T22:20:17.705+02:00 TRACE 13448 --- [api-gateway] [    Test worker] o.s.b.f.s.DefaultListableBeanFactory     : Returning cached instance of singleton bean 'autoConfigurationReport'
2025-04-26T22:20:17.705+02:00 TRACE 13448 --- [api-gateway] [    Test worker] o.s.b.f.s.DefaultListableBeanFactory     : Returning cached instance of singleton bean 'autoConfigurationReport'
2025-04-26T22:20:17.705+02:00 TRACE 13448 --- [api-gateway] [    Test worker] o.s.b.a.condition.OnClassCondition       : Condition OnClassCondition on org.springframework.boot.autoconfigure.task.TaskExecutionAutoConfiguration matched due to @ConditionalOnClass found required class 'org.springframework.scheduling.concurrent.ThreadPoolTaskExecutor'
2025-04-26T22:20:17.705+02:00 TRACE 13448 --- [api-gateway] [    Test worker] o.s.b.f.s.DefaultListableBeanFactory     : Returning cached instance of singleton bean 'autoConfigurationReport'
2025-04-26T22:20:17.706+02:00 TRACE 13448 --- [api-gateway] [    Test worker] o.s.b.f.s.DefaultListableBeanFactory     : Returning cached instance of singleton bean 'autoConfigurationReport'
2025-04-26T22:20:17.706+02:00 TRACE 13448 --- [api-gateway] [    Test worker] o.s.b.f.s.DefaultListableBeanFactory     : Returning cached instance of singleton bean 'autoConfigurationReport'
2025-04-26T22:20:17.706+02:00 TRACE 13448 --- [api-gateway] [    Test worker] o.s.b.f.s.DefaultListableBeanFactory     : Returning cached instance of singleton bean 'autoConfigurationReport'
2025-04-26T22:20:17.709+02:00 TRACE 13448 --- [api-gateway] [    Test worker] o.s.b.f.s.DefaultListableBeanFactory     : Returning cached instance of singleton bean 'autoConfigurationReport'
2025-04-26T22:20:17.709+02:00 TRACE 13448 --- [api-gateway] [    Test worker] o.s.b.f.s.DefaultListableBeanFactory     : Returning cached instance of singleton bean 'autoConfigurationReport'
2025-04-26T22:20:17.709+02:00 TRACE 13448 --- [api-gateway] [    Test worker] o.s.b.f.s.DefaultListableBeanFactory     : Returning cached instance of singleton bean 'autoConfigurationReport'
2025-04-26T22:20:17.709+02:00 TRACE 13448 --- [api-gateway] [    Test worker] o.s.b.f.s.DefaultListableBeanFactory     : Returning cached instance of singleton bean 'autoConfigurationReport'
2025-04-26T22:20:17.709+02:00 TRACE 13448 --- [api-gateway] [    Test worker] o.s.b.f.s.DefaultListableBeanFactory     : Returning cached instance of singleton bean 'autoConfigurationReport'
2025-04-26T22:20:17.709+02:00 TRACE 13448 --- [api-gateway] [    Test worker] o.s.b.f.s.DefaultListableBeanFactory     : Returning cached instance of singleton bean 'autoConfigurationReport'
2025-04-26T22:20:17.709+02:00 TRACE 13448 --- [api-gateway] [    Test worker] o.s.b.f.s.DefaultListableBeanFactory     : Returning cached instance of singleton bean 'autoConfigurationReport'
2025-04-26T22:20:17.709+02:00 TRACE 13448 --- [api-gateway] [    Test worker] o.s.b.f.s.DefaultListableBeanFactory     : Returning cached instance of singleton bean 'autoConfigurationReport'
2025-04-26T22:20:17.709+02:00 TRACE 13448 --- [api-gateway] [    Test worker] o.s.b.f.s.DefaultListableBeanFactory     : Returning cached instance of singleton bean 'autoConfigurationReport'
2025-04-26T22:20:17.709+02:00 TRACE 13448 --- [api-gateway] [    Test worker] o.s.b.f.s.DefaultListableBeanFactory     : Returning cached instance of singleton bean 'autoConfigurationReport'
2025-04-26T22:20:17.709+02:00 TRACE 13448 --- [api-gateway] [    Test worker] o.s.b.f.s.DefaultListableBeanFactory     : Returning cached instance of singleton bean 'autoConfigurationReport'
2025-04-26T22:20:17.709+02:00 TRACE 13448 --- [api-gateway] [    Test worker] o.s.b.f.s.DefaultListableBeanFactory     : Returning cached instance of singleton bean 'autoConfigurationReport'
2025-04-26T22:20:17.710+02:00 TRACE 13448 --- [api-gateway] [    Test worker] o.s.b.f.s.DefaultListableBeanFactory     : Returning cached instance of singleton bean 'autoConfigurationReport'
2025-04-26T22:20:17.710+02:00 TRACE 13448 --- [api-gateway] [    Test worker] o.s.b.f.s.DefaultListableBeanFactory     : Returning cached instance of singleton bean 'autoConfigurationReport'
2025-04-26T22:20:17.710+02:00 TRACE 13448 --- [api-gateway] [    Test worker] o.s.b.f.s.DefaultListableBeanFactory     : Returning cached instance of singleton bean 'autoConfigurationReport'
2025-04-26T22:20:17.710+02:00 TRACE 13448 --- [api-gateway] [    Test worker] o.s.b.a.condition.OnClassCondition       : Condition OnClassCondition on org.springframework.boot.autoconfigure.task.TaskSchedulingAutoConfiguration matched due to @ConditionalOnClass found required class 'org.springframework.scheduling.concurrent.ThreadPoolTaskScheduler'
2025-04-26T22:20:17.710+02:00 TRACE 13448 --- [api-gateway] [    Test worker] o.s.b.f.s.DefaultListableBeanFactory     : Returning cached instance of singleton bean 'autoConfigurationReport'
2025-04-26T22:20:17.710+02:00 TRACE 13448 --- [api-gateway] [    Test worker] o.s.b.f.s.DefaultListableBeanFactory     : Returning cached instance of singleton bean 'autoConfigurationReport'
2025-04-26T22:20:17.710+02:00 TRACE 13448 --- [api-gateway] [    Test worker] o.s.b.f.s.DefaultListableBeanFactory     : Returning cached instance of singleton bean 'autoConfigurationReport'
2025-04-26T22:20:17.710+02:00 TRACE 13448 --- [api-gateway] [    Test worker] o.s.b.f.s.DefaultListableBeanFactory     : Returning cached instance of singleton bean 'autoConfigurationReport'
2025-04-26T22:20:17.712+02:00 TRACE 13448 --- [api-gateway] [    Test worker] o.s.b.f.s.DefaultListableBeanFactory     : Returning cached instance of singleton bean 'autoConfigurationReport'
2025-04-26T22:20:17.712+02:00 TRACE 13448 --- [api-gateway] [    Test worker] o.s.b.f.s.DefaultListableBeanFactory     : Returning cached instance of singleton bean 'autoConfigurationReport'
2025-04-26T22:20:17.712+02:00 TRACE 13448 --- [api-gateway] [    Test worker] o.s.b.f.s.DefaultListableBeanFactory     : Returning cached instance of singleton bean 'autoConfigurationReport'
2025-04-26T22:20:17.712+02:00 TRACE 13448 --- [api-gateway] [    Test worker] o.s.b.f.s.DefaultListableBeanFactory     : Returning cached instance of singleton bean 'autoConfigurationReport'
2025-04-26T22:20:17.712+02:00 TRACE 13448 --- [api-gateway] [    Test worker] o.s.b.f.s.DefaultListableBeanFactory     : Returning cached instance of singleton bean 'autoConfigurationReport'
2025-04-26T22:20:17.712+02:00 TRACE 13448 --- [api-gateway] [    Test worker] o.s.b.f.s.DefaultListableBeanFactory     : Returning cached instance of singleton bean 'autoConfigurationReport'
2025-04-26T22:20:17.712+02:00 TRACE 13448 --- [api-gateway] [    Test worker] o.s.b.f.s.DefaultListableBeanFactory     : Returning cached instance of singleton bean 'autoConfigurationReport'
2025-04-26T22:20:17.712+02:00 TRACE 13448 --- [api-gateway] [    Test worker] o.s.b.f.s.DefaultListableBeanFactory     : Returning cached instance of singleton bean 'autoConfigurationReport'
2025-04-26T22:20:17.712+02:00 TRACE 13448 --- [api-gateway] [    Test worker] o.s.b.f.s.DefaultListableBeanFactory     : Returning cached instance of singleton bean 'autoConfigurationReport'
2025-04-26T22:20:17.713+02:00 TRACE 13448 --- [api-gateway] [    Test worker] o.s.b.f.s.DefaultListableBeanFactory     : Returning cached instance of singleton bean 'autoConfigurationReport'
2025-04-26T22:20:17.713+02:00 TRACE 13448 --- [api-gateway] [    Test worker] o.s.b.f.s.DefaultListableBeanFactory     : Returning cached instance of singleton bean 'autoConfigurationReport'
2025-04-26T22:20:17.713+02:00 TRACE 13448 --- [api-gateway] [    Test worker] o.s.b.f.s.DefaultListableBeanFactory     : Returning cached instance of singleton bean 'autoConfigurationReport'
2025-04-26T22:20:17.713+02:00 TRACE 13448 --- [api-gateway] [    Test worker] o.s.b.f.s.DefaultListableBeanFactory     : Returning cached instance of singleton bean 'autoConfigurationReport'
2025-04-26T22:20:17.713+02:00 TRACE 13448 --- [api-gateway] [    Test worker] o.s.b.f.s.DefaultListableBeanFactory     : Returning cached instance of singleton bean 'autoConfigurationReport'
2025-04-26T22:20:17.713+02:00 TRACE 13448 --- [api-gateway] [    Test worker] o.s.b.f.s.DefaultListableBeanFactory     : Returning cached instance of singleton bean 'autoConfigurationReport'
2025-04-26T22:20:17.714+02:00 TRACE 13448 --- [api-gateway] [    Test worker] o.s.b.a.condition.OnClassCondition       : Condition OnClassCondition on org.springframework.boot.autoconfigure.web.client.RestClientAutoConfiguration matched due to @ConditionalOnClass found required class 'org.springframework.web.client.RestClient'
2025-04-26T22:20:17.714+02:00 TRACE 13448 --- [api-gateway] [    Test worker] o.s.b.f.s.DefaultListableBeanFactory     : Returning cached instance of singleton bean 'autoConfigurationReport'
2025-04-26T22:20:17.715+02:00 TRACE 13448 --- [api-gateway] [    Test worker] a.w.c.NotReactiveWebApplicationCondition : Condition NotReactiveWebApplicationCondition on org.springframework.boot.autoconfigure.web.client.RestClientAutoConfiguration did not match due to NoneNestedConditions 1 matched 0 did not; NestedCondition on NotReactiveWebApplicationCondition.ReactiveWebApplication found ConfigurableReactiveWebEnvironment
2025-04-26T22:20:17.715+02:00 TRACE 13448 --- [api-gateway] [    Test worker] o.s.b.f.s.DefaultListableBeanFactory     : Returning cached instance of singleton bean 'autoConfigurationReport'
2025-04-26T22:20:17.715+02:00 TRACE 13448 --- [api-gateway] [    Test worker] o.s.b.f.s.DefaultListableBeanFactory     : Returning cached instance of singleton bean 'autoConfigurationReport'
2025-04-26T22:20:17.715+02:00 TRACE 13448 --- [api-gateway] [    Test worker] o.s.b.f.s.DefaultListableBeanFactory     : Returning cached instance of singleton bean 'autoConfigurationReport'
2025-04-26T22:20:17.715+02:00 TRACE 13448 --- [api-gateway] [    Test worker] o.s.b.f.s.DefaultListableBeanFactory     : Returning cached instance of singleton bean 'autoConfigurationReport'
2025-04-26T22:20:17.715+02:00 TRACE 13448 --- [api-gateway] [    Test worker] o.s.b.f.s.DefaultListableBeanFactory     : Returning cached instance of singleton bean 'autoConfigurationReport'
2025-04-26T22:20:17.715+02:00 TRACE 13448 --- [api-gateway] [    Test worker] o.s.b.f.s.DefaultListableBeanFactory     : Returning cached instance of singleton bean 'autoConfigurationReport'
2025-04-26T22:20:17.715+02:00 TRACE 13448 --- [api-gateway] [    Test worker] o.s.b.f.s.DefaultListableBeanFactory     : Returning cached instance of singleton bean 'autoConfigurationReport'
2025-04-26T22:20:17.716+02:00 TRACE 13448 --- [api-gateway] [    Test worker] o.s.b.a.condition.OnClassCondition       : Condition OnClassCondition on org.springframework.boot.autoconfigure.web.client.RestTemplateAutoConfiguration matched due to @ConditionalOnClass found required class 'org.springframework.web.client.RestTemplate'
2025-04-26T22:20:17.716+02:00 TRACE 13448 --- [api-gateway] [    Test worker] o.s.b.f.s.DefaultListableBeanFactory     : Returning cached instance of singleton bean 'autoConfigurationReport'
2025-04-26T22:20:17.716+02:00 TRACE 13448 --- [api-gateway] [    Test worker] a.w.c.NotReactiveWebApplicationCondition : Condition NotReactiveWebApplicationCondition on org.springframework.boot.autoconfigure.web.client.RestTemplateAutoConfiguration did not match due to NoneNestedConditions 1 matched 0 did not; NestedCondition on NotReactiveWebApplicationCondition.ReactiveWebApplication found ConfigurableReactiveWebEnvironment
2025-04-26T22:20:17.716+02:00 TRACE 13448 --- [api-gateway] [    Test worker] o.s.b.f.s.DefaultListableBeanFactory     : Returning cached instance of singleton bean 'autoConfigurationReport'
2025-04-26T22:20:17.716+02:00 TRACE 13448 --- [api-gateway] [    Test worker] o.s.b.f.s.DefaultListableBeanFactory     : Returning cached instance of singleton bean 'autoConfigurationReport'
2025-04-26T22:20:17.716+02:00 TRACE 13448 --- [api-gateway] [    Test worker] o.s.b.f.s.DefaultListableBeanFactory     : Returning cached instance of singleton bean 'autoConfigurationReport'
2025-04-26T22:20:17.716+02:00 TRACE 13448 --- [api-gateway] [    Test worker] o.s.b.f.s.DefaultListableBeanFactory     : Returning cached instance of singleton bean 'autoConfigurationReport'
2025-04-26T22:20:17.716+02:00 TRACE 13448 --- [api-gateway] [    Test worker] o.s.b.f.s.DefaultListableBeanFactory     : Returning cached instance of singleton bean 'autoConfigurationReport'
2025-04-26T22:20:17.716+02:00 TRACE 13448 --- [api-gateway] [    Test worker] o.s.b.f.s.DefaultListableBeanFactory     : Returning cached instance of singleton bean 'autoConfigurationReport'
2025-04-26T22:20:17.716+02:00 TRACE 13448 --- [api-gateway] [    Test worker] o.s.b.f.s.DefaultListableBeanFactory     : Returning cached instance of singleton bean 'autoConfigurationReport'
2025-04-26T22:20:17.719+02:00 TRACE 13448 --- [api-gateway] [    Test worker] o.s.b.a.c.OnWebApplicationCondition      : Condition OnWebApplicationCondition on org.springframework.boot.autoconfigure.web.embedded.EmbeddedWebServerFactoryCustomizerAutoConfiguration matched due to @ConditionalOnWebApplication (required) found ConfigurableReactiveWebEnvironment
2025-04-26T22:20:17.719+02:00 TRACE 13448 --- [api-gateway] [    Test worker] o.s.b.f.s.DefaultListableBeanFactory     : Returning cached instance of singleton bean 'autoConfigurationReport'
2025-04-26T22:20:17.719+02:00 TRACE 13448 --- [api-gateway] [    Test worker] o.s.b.a.c.OnWarDeploymentCondition       : Condition OnWarDeploymentCondition on org.springframework.boot.autoconfigure.web.embedded.EmbeddedWebServerFactoryCustomizerAutoConfiguration matched due to @ConditionalOnWarDeployment the application is not deployed as a WAR file.
2025-04-26T22:20:17.719+02:00 TRACE 13448 --- [api-gateway] [    Test worker] o.s.b.f.s.DefaultListableBeanFactory     : Returning cached instance of singleton bean 'autoConfigurationReport'
2025-04-26T22:20:17.719+02:00 TRACE 13448 --- [api-gateway] [    Test worker] o.s.b.f.s.DefaultListableBeanFactory     : Returning cached instance of singleton bean 'autoConfigurationReport'
2025-04-26T22:20:17.719+02:00 TRACE 13448 --- [api-gateway] [    Test worker] o.s.b.f.s.DefaultListableBeanFactory     : Returning cached instance of singleton bean 'autoConfigurationReport'
2025-04-26T22:20:17.719+02:00 TRACE 13448 --- [api-gateway] [    Test worker] o.s.b.f.s.DefaultListableBeanFactory     : Returning cached instance of singleton bean 'autoConfigurationReport'
2025-04-26T22:20:17.721+02:00 TRACE 13448 --- [api-gateway] [    Test worker] o.s.b.a.condition.OnClassCondition       : Condition OnClassCondition on org.springframework.boot.autoconfigure.web.embedded.EmbeddedWebServerFactoryCustomizerAutoConfiguration$NettyWebServerFactoryCustomizerConfiguration matched due to @ConditionalOnClass found required class 'reactor.netty.http.server.HttpServer'
2025-04-26T22:20:17.721+02:00 TRACE 13448 --- [api-gateway] [    Test worker] o.s.b.f.s.DefaultListableBeanFactory     : Returning cached instance of singleton bean 'autoConfigurationReport'
2025-04-26T22:20:17.721+02:00 TRACE 13448 --- [api-gateway] [    Test worker] o.s.b.f.s.DefaultListableBeanFactory     : Returning cached instance of singleton bean 'autoConfigurationReport'
2025-04-26T22:20:17.721+02:00 TRACE 13448 --- [api-gateway] [    Test worker] o.s.b.f.s.DefaultListableBeanFactory     : Returning cached instance of singleton bean 'autoConfigurationReport'
2025-04-26T22:20:17.721+02:00 TRACE 13448 --- [api-gateway] [    Test worker] o.s.b.f.s.DefaultListableBeanFactory     : Returning cached instance of singleton bean 'autoConfigurationReport'
2025-04-26T22:20:17.722+02:00 TRACE 13448 --- [api-gateway] [    Test worker] o.s.b.a.condition.OnClassCondition       : Condition OnClassCondition on org.springframework.boot.autoconfigure.web.embedded.EmbeddedWebServerFactoryCustomizerAutoConfiguration$UndertowWebServerFactoryCustomizerConfiguration did not match due to @ConditionalOnClass did not find required classes 'io.undertow.Undertow', 'org.xnio.SslClientAuthMode'
2025-04-26T22:20:17.722+02:00 TRACE 13448 --- [api-gateway] [    Test worker] o.s.b.f.s.DefaultListableBeanFactory     : Returning cached instance of singleton bean 'autoConfigurationReport'
2025-04-26T22:20:17.723+02:00 TRACE 13448 --- [api-gateway] [    Test worker] o.s.b.a.condition.OnClassCondition       : Condition OnClassCondition on org.springframework.boot.autoconfigure.web.embedded.EmbeddedWebServerFactoryCustomizerAutoConfiguration$JettyWebServerFactoryCustomizerConfiguration did not match due to @ConditionalOnClass did not find required classes 'org.eclipse.jetty.server.Server', 'org.eclipse.jetty.util.Loader', 'org.eclipse.jetty.ee10.webapp.WebAppContext'
2025-04-26T22:20:17.723+02:00 TRACE 13448 --- [api-gateway] [    Test worker] o.s.b.f.s.DefaultListableBeanFactory     : Returning cached instance of singleton bean 'autoConfigurationReport'
2025-04-26T22:20:17.724+02:00 TRACE 13448 --- [api-gateway] [    Test worker] o.s.b.a.condition.OnClassCondition       : Condition OnClassCondition on org.springframework.boot.autoconfigure.web.embedded.EmbeddedWebServerFactoryCustomizerAutoConfiguration$TomcatWebServerFactoryCustomizerConfiguration did not match due to @ConditionalOnClass did not find required classes 'org.apache.catalina.startup.Tomcat', 'org.apache.coyote.UpgradeProtocol'
2025-04-26T22:20:17.724+02:00 TRACE 13448 --- [api-gateway] [    Test worker] o.s.b.f.s.DefaultListableBeanFactory     : Returning cached instance of singleton bean 'autoConfigurationReport'
2025-04-26T22:20:17.724+02:00 TRACE 13448 --- [api-gateway] [    Test worker] o.s.b.f.s.DefaultListableBeanFactory     : Returning cached instance of singleton bean 'autoConfigurationReport'
2025-04-26T22:20:17.724+02:00 TRACE 13448 --- [api-gateway] [    Test worker] o.s.b.f.s.DefaultListableBeanFactory     : Returning cached instance of singleton bean 'autoConfigurationReport'
2025-04-26T22:20:17.724+02:00 TRACE 13448 --- [api-gateway] [    Test worker] o.s.b.f.s.DefaultListableBeanFactory     : Returning cached instance of singleton bean 'autoConfigurationReport'
2025-04-26T22:20:17.724+02:00 TRACE 13448 --- [api-gateway] [    Test worker] o.s.b.f.s.DefaultListableBeanFactory     : Returning cached instance of singleton bean 'autoConfigurationReport'
2025-04-26T22:20:17.724+02:00 TRACE 13448 --- [api-gateway] [    Test worker] o.s.b.f.s.DefaultListableBeanFactory     : Returning cached instance of singleton bean 'autoConfigurationReport'
2025-04-26T22:20:17.724+02:00 TRACE 13448 --- [api-gateway] [    Test worker] o.s.b.f.s.DefaultListableBeanFactory     : Returning cached instance of singleton bean 'autoConfigurationReport'
2025-04-26T22:20:17.725+02:00 TRACE 13448 --- [api-gateway] [    Test worker] o.s.b.a.condition.OnClassCondition       : Condition OnClassCondition on org.springframework.boot.autoconfigure.web.reactive.function.client.ClientHttpConnectorAutoConfiguration matched due to @ConditionalOnClass found required class 'org.springframework.web.reactive.function.client.WebClient'
2025-04-26T22:20:17.725+02:00 TRACE 13448 --- [api-gateway] [    Test worker] o.s.b.f.s.DefaultListableBeanFactory     : Returning cached instance of singleton bean 'autoConfigurationReport'
2025-04-26T22:20:17.725+02:00 TRACE 13448 --- [api-gateway] [    Test worker] o.s.b.f.s.DefaultListableBeanFactory     : Returning cached instance of singleton bean 'autoConfigurationReport'
2025-04-26T22:20:17.725+02:00 TRACE 13448 --- [api-gateway] [    Test worker] o.s.b.f.s.DefaultListableBeanFactory     : Returning cached instance of singleton bean 'autoConfigurationReport'
2025-04-26T22:20:17.725+02:00 TRACE 13448 --- [api-gateway] [    Test worker] o.s.b.f.s.DefaultListableBeanFactory     : Returning cached instance of singleton bean 'autoConfigurationReport'
2025-04-26T22:20:17.726+02:00 TRACE 13448 --- [api-gateway] [    Test worker] o.s.b.a.condition.OnClassCondition       : Condition OnClassCondition on org.springframework.boot.autoconfigure.web.reactive.function.client.ClientHttpConnectorFactoryConfiguration$ReactorNetty matched due to @ConditionalOnClass found required class 'reactor.netty.http.client.HttpClient'
2025-04-26T22:20:17.727+02:00 TRACE 13448 --- [api-gateway] [    Test worker] o.s.b.f.s.DefaultListableBeanFactory     : Returning cached instance of singleton bean 'autoConfigurationReport'
2025-04-26T22:20:17.727+02:00 TRACE 13448 --- [api-gateway] [    Test worker] o.s.b.f.s.DefaultListableBeanFactory     : Returning cached instance of singleton bean 'autoConfigurationReport'
2025-04-26T22:20:17.727+02:00 TRACE 13448 --- [api-gateway] [    Test worker] o.s.b.f.s.DefaultListableBeanFactory     : Returning cached instance of singleton bean 'autoConfigurationReport'
2025-04-26T22:20:17.727+02:00 TRACE 13448 --- [api-gateway] [    Test worker] o.s.b.f.s.DefaultListableBeanFactory     : Returning cached instance of singleton bean 'autoConfigurationReport'
2025-04-26T22:20:17.729+02:00 TRACE 13448 --- [api-gateway] [    Test worker] o.s.b.a.condition.OnClassCondition       : Condition OnClassCondition on org.springframework.boot.autoconfigure.web.reactive.function.client.ClientHttpConnectorFactoryConfiguration$HttpClient5 did not match due to @ConditionalOnClass did not find required class 'org.apache.hc.core5.reactive.ReactiveResponseConsumer'
2025-04-26T22:20:17.730+02:00 TRACE 13448 --- [api-gateway] [    Test worker] o.s.b.f.s.DefaultListableBeanFactory     : Returning cached instance of singleton bean 'autoConfigurationReport'
2025-04-26T22:20:17.730+02:00 TRACE 13448 --- [api-gateway] [    Test worker] o.s.b.a.condition.OnClassCondition       : Condition OnClassCondition on org.springframework.boot.autoconfigure.web.reactive.function.client.ClientHttpConnectorFactoryConfiguration$JdkClient matched due to @ConditionalOnClass found required class 'java.net.http.HttpClient'
2025-04-26T22:20:17.730+02:00 TRACE 13448 --- [api-gateway] [    Test worker] o.s.b.f.s.DefaultListableBeanFactory     : Returning cached instance of singleton bean 'autoConfigurationReport'
2025-04-26T22:20:17.730+02:00 TRACE 13448 --- [api-gateway] [    Test worker] o.s.b.f.s.DefaultListableBeanFactory     : Returning cached instance of singleton bean 'autoConfigurationReport'
2025-04-26T22:20:17.730+02:00 TRACE 13448 --- [api-gateway] [    Test worker] o.s.b.f.s.DefaultListableBeanFactory     : Returning cached instance of singleton bean 'autoConfigurationReport'
2025-04-26T22:20:17.730+02:00 TRACE 13448 --- [api-gateway] [    Test worker] o.s.b.f.s.DefaultListableBeanFactory     : Returning cached instance of singleton bean 'autoConfigurationReport'
2025-04-26T22:20:17.731+02:00 TRACE 13448 --- [api-gateway] [    Test worker] o.s.b.f.s.DefaultListableBeanFactory     : Returning cached instance of singleton bean 'autoConfigurationReport'
2025-04-26T22:20:17.731+02:00 TRACE 13448 --- [api-gateway] [    Test worker] o.s.b.f.s.DefaultListableBeanFactory     : Returning cached instance of singleton bean 'autoConfigurationReport'
2025-04-26T22:20:17.731+02:00 TRACE 13448 --- [api-gateway] [    Test worker] o.s.b.f.s.DefaultListableBeanFactory     : Returning cached instance of singleton bean 'autoConfigurationReport'
2025-04-26T22:20:17.731+02:00 TRACE 13448 --- [api-gateway] [    Test worker] o.s.b.f.s.DefaultListableBeanFactory     : Returning cached instance of singleton bean 'autoConfigurationReport'
2025-04-26T22:20:17.731+02:00 TRACE 13448 --- [api-gateway] [    Test worker] o.s.b.f.s.DefaultListableBeanFactory     : Returning cached instance of singleton bean 'autoConfigurationReport'
2025-04-26T22:20:17.731+02:00 TRACE 13448 --- [api-gateway] [    Test worker] o.s.b.f.s.DefaultListableBeanFactory     : Returning cached instance of singleton bean 'autoConfigurationReport'
2025-04-26T22:20:17.732+02:00 TRACE 13448 --- [api-gateway] [    Test worker] o.s.b.a.condition.OnClassCondition       : Condition OnClassCondition on org.springframework.boot.autoconfigure.web.reactive.function.client.WebClientAutoConfiguration matched due to @ConditionalOnClass found required class 'org.springframework.web.reactive.function.client.WebClient'
2025-04-26T22:20:17.732+02:00 TRACE 13448 --- [api-gateway] [    Test worker] o.s.b.f.s.DefaultListableBeanFactory     : Returning cached instance of singleton bean 'autoConfigurationReport'
2025-04-26T22:20:17.732+02:00 TRACE 13448 --- [api-gateway] [    Test worker] o.s.b.f.s.DefaultListableBeanFactory     : Returning cached instance of singleton bean 'autoConfigurationReport'
2025-04-26T22:20:17.732+02:00 TRACE 13448 --- [api-gateway] [    Test worker] o.s.b.f.s.DefaultListableBeanFactory     : Returning cached instance of singleton bean 'autoConfigurationReport'
2025-04-26T22:20:17.732+02:00 TRACE 13448 --- [api-gateway] [    Test worker] o.s.b.f.s.DefaultListableBeanFactory     : Returning cached instance of singleton bean 'autoConfigurationReport'
2025-04-26T22:20:17.732+02:00 TRACE 13448 --- [api-gateway] [    Test worker] o.s.b.f.s.DefaultListableBeanFactory     : Returning cached instance of singleton bean 'autoConfigurationReport'
2025-04-26T22:20:17.732+02:00 TRACE 13448 --- [api-gateway] [    Test worker] o.s.b.f.s.DefaultListableBeanFactory     : Returning cached instance of singleton bean 'autoConfigurationReport'
2025-04-26T22:20:17.732+02:00 TRACE 13448 --- [api-gateway] [    Test worker] o.s.b.f.s.DefaultListableBeanFactory     : Returning cached instance of singleton bean 'autoConfigurationReport'
2025-04-26T22:20:17.733+02:00 TRACE 13448 --- [api-gateway] [    Test worker] o.s.b.f.s.DefaultListableBeanFactory     : Returning cached instance of singleton bean 'autoConfigurationReport'
2025-04-26T22:20:17.733+02:00 TRACE 13448 --- [api-gateway] [    Test worker] o.s.b.f.s.DefaultListableBeanFactory     : Returning cached instance of singleton bean 'autoConfigurationReport'
2025-04-26T22:20:17.733+02:00 TRACE 13448 --- [api-gateway] [    Test worker] o.s.b.f.s.DefaultListableBeanFactory     : Returning cached instance of singleton bean 'autoConfigurationReport'
2025-04-26T22:20:17.733+02:00 TRACE 13448 --- [api-gateway] [    Test worker] o.s.b.f.s.DefaultListableBeanFactory     : Returning cached instance of singleton bean 'autoConfigurationReport'
2025-04-26T22:20:17.733+02:00 TRACE 13448 --- [api-gateway] [    Test worker] o.s.b.f.s.DefaultListableBeanFactory     : Returning cached instance of singleton bean 'autoConfigurationReport'
2025-04-26T22:20:17.733+02:00 TRACE 13448 --- [api-gateway] [    Test worker] o.s.b.f.s.DefaultListableBeanFactory     : Returning cached instance of singleton bean 'autoConfigurationReport'
2025-04-26T22:20:17.734+02:00 TRACE 13448 --- [api-gateway] [    Test worker] o.s.b.f.s.DefaultListableBeanFactory     : Returning cached instance of singleton bean 'autoConfigurationReport'
2025-04-26T22:20:17.734+02:00 TRACE 13448 --- [api-gateway] [    Test worker] o.s.b.f.s.DefaultListableBeanFactory     : Returning cached instance of singleton bean 'autoConfigurationReport'
2025-04-26T22:20:17.734+02:00 TRACE 13448 --- [api-gateway] [    Test worker] o.s.b.f.s.DefaultListableBeanFactory     : Returning cached instance of singleton bean 'autoConfigurationReport'
2025-04-26T22:20:17.734+02:00 TRACE 13448 --- [api-gateway] [    Test worker] o.s.b.f.s.DefaultListableBeanFactory     : Returning cached instance of singleton bean 'autoConfigurationReport'
2025-04-26T22:20:17.734+02:00 TRACE 13448 --- [api-gateway] [    Test worker] o.s.b.f.s.DefaultListableBeanFactory     : Returning cached instance of singleton bean 'autoConfigurationReport'
2025-04-26T22:20:17.734+02:00 TRACE 13448 --- [api-gateway] [    Test worker] o.s.b.f.s.DefaultListableBeanFactory     : Returning cached instance of singleton bean 'autoConfigurationReport'
2025-04-26T22:20:17.734+02:00 TRACE 13448 --- [api-gateway] [    Test worker] o.s.b.f.s.DefaultListableBeanFactory     : Returning cached instance of singleton bean 'autoConfigurationReport'
2025-04-26T22:20:17.734+02:00 TRACE 13448 --- [api-gateway] [    Test worker] o.s.b.f.s.DefaultListableBeanFactory     : Returning cached instance of singleton bean 'autoConfigurationReport'
2025-04-26T22:20:17.734+02:00 TRACE 13448 --- [api-gateway] [    Test worker] o.s.b.f.s.DefaultListableBeanFactory     : Returning cached instance of singleton bean 'autoConfigurationReport'
2025-04-26T22:20:17.735+02:00 TRACE 13448 --- [api-gateway] [    Test worker] o.s.b.f.s.DefaultListableBeanFactory     : Returning cached instance of singleton bean 'autoConfigurationReport'
2025-04-26T22:20:17.735+02:00 TRACE 13448 --- [api-gateway] [    Test worker] o.s.b.f.s.DefaultListableBeanFactory     : Returning cached instance of singleton bean 'autoConfigurationReport'
2025-04-26T22:20:17.735+02:00 TRACE 13448 --- [api-gateway] [    Test worker] o.s.b.f.s.DefaultListableBeanFactory     : Returning cached instance of singleton bean 'autoConfigurationReport'
2025-04-26T22:20:17.735+02:00 TRACE 13448 --- [api-gateway] [    Test worker] o.s.b.f.s.DefaultListableBeanFactory     : Returning cached instance of singleton bean 'autoConfigurationReport'
2025-04-26T22:20:17.735+02:00 TRACE 13448 --- [api-gateway] [    Test worker] o.s.b.f.s.DefaultListableBeanFactory     : Returning cached instance of singleton bean 'autoConfigurationReport'
2025-04-26T22:20:17.735+02:00 TRACE 13448 --- [api-gateway] [    Test worker] o.s.b.f.s.DefaultListableBeanFactory     : Returning cached instance of singleton bean 'autoConfigurationReport'
2025-04-26T22:20:17.735+02:00 TRACE 13448 --- [api-gateway] [    Test worker] o.s.b.f.s.DefaultListableBeanFactory     : Returning cached instance of singleton bean 'autoConfigurationReport'
2025-04-26T22:20:17.735+02:00 TRACE 13448 --- [api-gateway] [    Test worker] o.s.b.f.s.DefaultListableBeanFactory     : Returning cached instance of singleton bean 'autoConfigurationReport'
2025-04-26T22:20:17.735+02:00 TRACE 13448 --- [api-gateway] [    Test worker] o.s.b.f.s.DefaultListableBeanFactory     : Returning cached instance of singleton bean 'autoConfigurationReport'
2025-04-26T22:20:17.735+02:00 TRACE 13448 --- [api-gateway] [    Test worker] o.s.b.f.s.DefaultListableBeanFactory     : Returning cached instance of singleton bean 'autoConfigurationReport'
2025-04-26T22:20:17.735+02:00 TRACE 13448 --- [api-gateway] [    Test worker] o.s.b.f.s.DefaultListableBeanFactory     : Returning cached instance of singleton bean 'autoConfigurationReport'
2025-04-26T22:20:17.735+02:00 TRACE 13448 --- [api-gateway] [    Test worker] o.s.b.f.s.DefaultListableBeanFactory     : Returning cached instance of singleton bean 'autoConfigurationReport'
2025-04-26T22:20:17.736+02:00 TRACE 13448 --- [api-gateway] [    Test worker] o.s.b.f.s.DefaultListableBeanFactory     : Returning cached instance of singleton bean 'autoConfigurationReport'
2025-04-26T22:20:17.736+02:00 TRACE 13448 --- [api-gateway] [    Test worker] o.s.b.f.s.DefaultListableBeanFactory     : Returning cached instance of singleton bean 'autoConfigurationReport'
2025-04-26T22:20:17.736+02:00 TRACE 13448 --- [api-gateway] [    Test worker] o.s.b.f.s.DefaultListableBeanFactory     : Returning cached instance of singleton bean 'autoConfigurationReport'
2025-04-26T22:20:17.736+02:00 TRACE 13448 --- [api-gateway] [    Test worker] o.s.b.f.s.DefaultListableBeanFactory     : Returning cached instance of singleton bean 'autoConfigurationReport'
2025-04-26T22:20:17.736+02:00 TRACE 13448 --- [api-gateway] [    Test worker] o.s.b.f.s.DefaultListableBeanFactory     : Returning cached instance of singleton bean 'autoConfigurationReport'
2025-04-26T22:20:17.736+02:00 TRACE 13448 --- [api-gateway] [    Test worker] o.s.b.f.s.DefaultListableBeanFactory     : Returning cached instance of singleton bean 'autoConfigurationReport'
2025-04-26T22:20:17.737+02:00 TRACE 13448 --- [api-gateway] [    Test worker] o.s.b.a.condition.OnPropertyCondition    : Condition OnPropertyCondition on org.springframework.cloud.client.serviceregistry.AutoServiceRegistrationAutoConfiguration matched due to @ConditionalOnProperty (spring.cloud.service-registry.auto-registration.enabled) matched
2025-04-26T22:20:17.737+02:00 TRACE 13448 --- [api-gateway] [    Test worker] o.s.b.f.s.DefaultListableBeanFactory     : Returning cached instance of singleton bean 'autoConfigurationReport'
2025-04-26T22:20:17.737+02:00 TRACE 13448 --- [api-gateway] [    Test worker] o.s.b.f.s.DefaultListableBeanFactory     : Returning cached instance of singleton bean 'autoConfigurationReport'
2025-04-26T22:20:17.737+02:00 TRACE 13448 --- [api-gateway] [    Test worker] o.s.b.f.s.DefaultListableBeanFactory     : Returning cached instance of singleton bean 'autoConfigurationReport'
2025-04-26T22:20:17.737+02:00 TRACE 13448 --- [api-gateway] [    Test worker] o.s.b.f.s.DefaultListableBeanFactory     : Returning cached instance of singleton bean 'autoConfigurationReport'
2025-04-26T22:20:17.738+02:00 TRACE 13448 --- [api-gateway] [    Test worker] o.s.b.a.condition.OnPropertyCondition    : Condition OnPropertyCondition on org.springframework.cloud.client.serviceregistry.AutoServiceRegistrationConfiguration matched due to @ConditionalOnProperty (spring.cloud.service-registry.auto-registration.enabled) matched
2025-04-26T22:20:17.738+02:00 TRACE 13448 --- [api-gateway] [    Test worker] o.s.b.f.s.DefaultListableBeanFactory     : Returning cached instance of singleton bean 'autoConfigurationReport'
2025-04-26T22:20:17.738+02:00 TRACE 13448 --- [api-gateway] [    Test worker] o.s.b.f.s.DefaultListableBeanFactory     : Returning cached instance of singleton bean 'autoConfigurationReport'
2025-04-26T22:20:17.738+02:00 TRACE 13448 --- [api-gateway] [    Test worker] o.s.b.f.s.DefaultListableBeanFactory     : Returning cached instance of singleton bean 'autoConfigurationReport'
2025-04-26T22:20:17.738+02:00 TRACE 13448 --- [api-gateway] [    Test worker] o.s.b.f.s.DefaultListableBeanFactory     : Returning cached instance of singleton bean 'autoConfigurationReport'
2025-04-26T22:20:17.738+02:00 TRACE 13448 --- [api-gateway] [    Test worker] o.s.b.f.s.DefaultListableBeanFactory     : Returning cached instance of singleton bean 'autoConfigurationReport'
2025-04-26T22:20:17.738+02:00 TRACE 13448 --- [api-gateway] [    Test worker] o.s.b.f.s.DefaultListableBeanFactory     : Returning cached instance of singleton bean 'autoConfigurationReport'
2025-04-26T22:20:17.738+02:00 TRACE 13448 --- [api-gateway] [    Test worker] o.s.b.f.s.DefaultListableBeanFactory     : Returning cached instance of singleton bean 'autoConfigurationReport'
2025-04-26T22:20:17.738+02:00 TRACE 13448 --- [api-gateway] [    Test worker] o.s.b.f.s.DefaultListableBeanFactory     : Returning cached instance of singleton bean 'autoConfigurationReport'
2025-04-26T22:20:17.738+02:00 TRACE 13448 --- [api-gateway] [    Test worker] o.s.b.f.s.DefaultListableBeanFactory     : Returning cached instance of singleton bean 'autoConfigurationReport'
2025-04-26T22:20:17.738+02:00 TRACE 13448 --- [api-gateway] [    Test worker] o.s.b.f.s.DefaultListableBeanFactory     : Returning cached instance of singleton bean 'autoConfigurationReport'
2025-04-26T22:20:17.739+02:00 TRACE 13448 --- [api-gateway] [    Test worker] o.s.b.a.condition.OnClassCondition       : Condition OnClassCondition on org.springframework.cloud.netflix.eureka.EurekaDiscoveryClientConfiguration matched due to @ConditionalOnClass found required class 'com.netflix.discovery.EurekaClientConfig'
2025-04-26T22:20:17.739+02:00 TRACE 13448 --- [api-gateway] [    Test worker] o.s.b.f.s.DefaultListableBeanFactory     : Returning cached instance of singleton bean 'autoConfigurationReport'
2025-04-26T22:20:17.740+02:00 TRACE 13448 --- [api-gateway] [    Test worker] o.s.b.a.condition.OnPropertyCondition    : Condition OnPropertyCondition on org.springframework.cloud.netflix.eureka.EurekaDiscoveryClientConfiguration matched due to @ConditionalOnProperty (eureka.client.enabled) matched; @ConditionalOnProperty (spring.cloud.discovery.enabled) matched; @ConditionalOnProperty (spring.cloud.discovery.blocking.enabled) matched
2025-04-26T22:20:17.740+02:00 TRACE 13448 --- [api-gateway] [    Test worker] o.s.b.f.s.DefaultListableBeanFactory     : Returning cached instance of singleton bean 'autoConfigurationReport'
2025-04-26T22:20:17.740+02:00 TRACE 13448 --- [api-gateway] [    Test worker] o.s.b.a.condition.OnPropertyCondition    : Condition OnPropertyCondition on org.springframework.cloud.netflix.eureka.EurekaDiscoveryClientConfiguration matched due to @ConditionalOnProperty (eureka.client.enabled) matched; @ConditionalOnProperty (spring.cloud.discovery.enabled) matched; @ConditionalOnProperty (spring.cloud.discovery.blocking.enabled) matched
2025-04-26T22:20:17.740+02:00 TRACE 13448 --- [api-gateway] [    Test worker] o.s.b.f.s.DefaultListableBeanFactory     : Returning cached instance of singleton bean 'autoConfigurationReport'
2025-04-26T22:20:17.741+02:00 TRACE 13448 --- [api-gateway] [    Test worker] o.s.b.a.condition.OnPropertyCondition    : Condition OnPropertyCondition on org.springframework.cloud.netflix.eureka.EurekaDiscoveryClientConfiguration matched due to @ConditionalOnProperty (eureka.client.enabled) matched; @ConditionalOnProperty (spring.cloud.discovery.enabled) matched; @ConditionalOnProperty (spring.cloud.discovery.blocking.enabled) matched
2025-04-26T22:20:17.741+02:00 TRACE 13448 --- [api-gateway] [    Test worker] o.s.b.f.s.DefaultListableBeanFactory     : Returning cached instance of singleton bean 'autoConfigurationReport'
2025-04-26T22:20:17.741+02:00 TRACE 13448 --- [api-gateway] [    Test worker] o.s.b.f.s.DefaultListableBeanFactory     : Returning cached instance of singleton bean 'autoConfigurationReport'
2025-04-26T22:20:17.741+02:00 TRACE 13448 --- [api-gateway] [    Test worker] o.s.b.f.s.DefaultListableBeanFactory     : Returning cached instance of singleton bean 'autoConfigurationReport'
2025-04-26T22:20:17.741+02:00 TRACE 13448 --- [api-gateway] [    Test worker] o.s.b.f.s.DefaultListableBeanFactory     : Returning cached instance of singleton bean 'autoConfigurationReport'
2025-04-26T22:20:17.742+02:00 TRACE 13448 --- [api-gateway] [    Test worker] o.s.b.a.condition.OnClassCondition       : Condition OnClassCondition on org.springframework.cloud.netflix.eureka.EurekaDiscoveryClientConfiguration$EurekaClientConfigurationRefresher matched due to @ConditionalOnClass found required class 'org.springframework.cloud.context.scope.refresh.RefreshScopeRefreshedEvent'
2025-04-26T22:20:17.742+02:00 TRACE 13448 --- [api-gateway] [    Test worker] o.s.b.f.s.DefaultListableBeanFactory     : Returning cached instance of singleton bean 'autoConfigurationReport'
2025-04-26T22:20:17.742+02:00 TRACE 13448 --- [api-gateway] [    Test worker] o.s.b.f.s.DefaultListableBeanFactory     : Returning cached instance of singleton bean 'autoConfigurationReport'
2025-04-26T22:20:17.742+02:00 TRACE 13448 --- [api-gateway] [    Test worker] o.s.b.f.s.DefaultListableBeanFactory     : Returning cached instance of singleton bean 'autoConfigurationReport'
2025-04-26T22:20:17.743+02:00 TRACE 13448 --- [api-gateway] [    Test worker] o.s.b.f.s.DefaultListableBeanFactory     : Returning cached instance of singleton bean 'autoConfigurationReport'
2025-04-26T22:20:17.743+02:00 TRACE 13448 --- [api-gateway] [    Test worker] o.s.b.a.condition.OnPropertyCondition    : Condition OnPropertyCondition on org.springframework.cloud.netflix.eureka.EurekaDiscoveryClientConfiguration$EurekaHealthCheckHandlerConfiguration did not match due to @ConditionalOnProperty (eureka.client.healthcheck.enabled) did not find property 'eureka.client.healthcheck.enabled'
2025-04-26T22:20:17.743+02:00 TRACE 13448 --- [api-gateway] [    Test worker] o.s.b.f.s.DefaultListableBeanFactory     : Returning cached instance of singleton bean 'autoConfigurationReport'
2025-04-26T22:20:17.744+02:00 TRACE 13448 --- [api-gateway] [    Test worker] o.s.b.f.s.DefaultListableBeanFactory     : Returning cached instance of singleton bean 'autoConfigurationReport'
2025-04-26T22:20:17.744+02:00 TRACE 13448 --- [api-gateway] [    Test worker] o.s.b.f.s.DefaultListableBeanFactory     : Returning cached instance of singleton bean 'autoConfigurationReport'
2025-04-26T22:20:17.744+02:00 TRACE 13448 --- [api-gateway] [    Test worker] o.s.b.f.s.DefaultListableBeanFactory     : Returning cached instance of singleton bean 'autoConfigurationReport'
2025-04-26T22:20:17.744+02:00 TRACE 13448 --- [api-gateway] [    Test worker] o.s.b.f.s.DefaultListableBeanFactory     : Returning cached instance of singleton bean 'autoConfigurationReport'
2025-04-26T22:20:17.744+02:00 TRACE 13448 --- [api-gateway] [    Test worker] o.s.b.f.s.DefaultListableBeanFactory     : Returning cached instance of singleton bean 'autoConfigurationReport'
2025-04-26T22:20:17.744+02:00 TRACE 13448 --- [api-gateway] [    Test worker] o.s.b.f.s.DefaultListableBeanFactory     : Returning cached instance of singleton bean 'autoConfigurationReport'
2025-04-26T22:20:17.744+02:00 TRACE 13448 --- [api-gateway] [    Test worker] o.s.b.f.s.DefaultListableBeanFactory     : Returning cached instance of singleton bean 'autoConfigurationReport'
2025-04-26T22:20:17.744+02:00 TRACE 13448 --- [api-gateway] [    Test worker] o.s.b.f.s.DefaultListableBeanFactory     : Returning cached instance of singleton bean 'autoConfigurationReport'
2025-04-26T22:20:17.744+02:00 TRACE 13448 --- [api-gateway] [    Test worker] o.s.b.f.s.DefaultListableBeanFactory     : Returning cached instance of singleton bean 'autoConfigurationReport'
2025-04-26T22:20:17.747+02:00 TRACE 13448 --- [api-gateway] [    Test worker] o.s.b.f.s.DefaultListableBeanFactory     : Returning cached instance of singleton bean 'autoConfigurationReport'
2025-04-26T22:20:17.747+02:00 TRACE 13448 --- [api-gateway] [    Test worker] o.s.b.f.s.DefaultListableBeanFactory     : Returning cached instance of singleton bean 'autoConfigurationReport'
2025-04-26T22:20:17.747+02:00 TRACE 13448 --- [api-gateway] [    Test worker] o.s.b.f.s.DefaultListableBeanFactory     : Returning cached instance of singleton bean 'autoConfigurationReport'
2025-04-26T22:20:17.748+02:00 TRACE 13448 --- [api-gateway] [    Test worker] o.s.b.a.condition.OnClassCondition       : Condition OnClassCondition on org.springframework.cloud.netflix.eureka.config.DiscoveryClientOptionalArgsConfiguration$WebClientNotFoundConfiguration did not match due to @ConditionalOnMissingClass found unwanted class 'org.springframework.web.reactive.function.client.WebClient'
2025-04-26T22:20:17.748+02:00 TRACE 13448 --- [api-gateway] [    Test worker] o.s.b.f.s.DefaultListableBeanFactory     : Returning cached instance of singleton bean 'autoConfigurationReport'
2025-04-26T22:20:17.748+02:00 TRACE 13448 --- [api-gateway] [    Test worker] o.s.b.a.condition.OnClassCondition       : Condition OnClassCondition on org.springframework.cloud.netflix.eureka.config.DiscoveryClientOptionalArgsConfiguration$WebClientConfiguration matched due to @ConditionalOnClass found required class 'org.springframework.web.reactive.function.client.WebClient'
2025-04-26T22:20:17.748+02:00 TRACE 13448 --- [api-gateway] [    Test worker] o.s.b.f.s.DefaultListableBeanFactory     : Returning cached instance of singleton bean 'autoConfigurationReport'
2025-04-26T22:20:17.749+02:00 TRACE 13448 --- [api-gateway] [    Test worker] o.s.b.a.condition.OnPropertyCondition    : Condition OnPropertyCondition on org.springframework.cloud.netflix.eureka.config.DiscoveryClientOptionalArgsConfiguration$WebClientConfiguration matched due to @ConditionalOnProperty (eureka.client.webclient.enabled=true) matched
2025-04-26T22:20:17.749+02:00 TRACE 13448 --- [api-gateway] [    Test worker] o.s.b.f.s.DefaultListableBeanFactory     : Returning cached instance of singleton bean 'autoConfigurationReport'
2025-04-26T22:20:17.749+02:00 TRACE 13448 --- [api-gateway] [    Test worker] o.s.b.f.s.DefaultListableBeanFactory     : Returning cached instance of singleton bean 'autoConfigurationReport'
2025-04-26T22:20:17.749+02:00 TRACE 13448 --- [api-gateway] [    Test worker] o.s.b.f.s.DefaultListableBeanFactory     : Returning cached instance of singleton bean 'autoConfigurationReport'
2025-04-26T22:20:17.749+02:00 TRACE 13448 --- [api-gateway] [    Test worker] o.s.b.f.s.DefaultListableBeanFactory     : Returning cached instance of singleton bean 'autoConfigurationReport'
2025-04-26T22:20:17.750+02:00 TRACE 13448 --- [api-gateway] [    Test worker] o.s.b.f.s.DefaultListableBeanFactory     : Returning cached instance of singleton bean 'autoConfigurationReport'
2025-04-26T22:20:17.750+02:00 TRACE 13448 --- [api-gateway] [    Test worker] o.s.b.f.s.DefaultListableBeanFactory     : Returning cached instance of singleton bean 'autoConfigurationReport'
2025-04-26T22:20:17.750+02:00 TRACE 13448 --- [api-gateway] [    Test worker] o.s.b.f.s.DefaultListableBeanFactory     : Returning cached instance of singleton bean 'autoConfigurationReport'
2025-04-26T22:20:17.751+02:00 TRACE 13448 --- [api-gateway] [    Test worker] o.s.b.f.s.DefaultListableBeanFactory     : Returning cached instance of singleton bean 'autoConfigurationReport'
2025-04-26T22:20:17.751+02:00 TRACE 13448 --- [api-gateway] [    Test worker] o.s.b.f.s.DefaultListableBeanFactory     : Returning cached instance of singleton bean 'autoConfigurationReport'
2025-04-26T22:20:17.751+02:00 TRACE 13448 --- [api-gateway] [    Test worker] o.s.b.f.s.DefaultListableBeanFactory     : Returning cached instance of singleton bean 'autoConfigurationReport'
2025-04-26T22:20:17.751+02:00 TRACE 13448 --- [api-gateway] [    Test worker] o.s.b.f.s.DefaultListableBeanFactory     : Returning cached instance of singleton bean 'autoConfigurationReport'
2025-04-26T22:20:17.751+02:00 TRACE 13448 --- [api-gateway] [    Test worker] o.s.b.f.s.DefaultListableBeanFactory     : Returning cached instance of singleton bean 'autoConfigurationReport'
2025-04-26T22:20:17.751+02:00 TRACE 13448 --- [api-gateway] [    Test worker] o.s.b.f.s.DefaultListableBeanFactory     : Returning cached instance of singleton bean 'autoConfigurationReport'
2025-04-26T22:20:17.751+02:00 TRACE 13448 --- [api-gateway] [    Test worker] o.s.b.f.s.DefaultListableBeanFactory     : Returning cached instance of singleton bean 'autoConfigurationReport'
2025-04-26T22:20:17.751+02:00 TRACE 13448 --- [api-gateway] [    Test worker] o.s.b.f.s.DefaultListableBeanFactory     : Returning cached instance of singleton bean 'autoConfigurationReport'
2025-04-26T22:20:17.751+02:00 TRACE 13448 --- [api-gateway] [    Test worker] o.s.b.f.s.DefaultListableBeanFactory     : Returning cached instance of singleton bean 'autoConfigurationReport'
2025-04-26T22:20:17.752+02:00 TRACE 13448 --- [api-gateway] [    Test worker] o.s.b.a.condition.OnClassCondition       : Condition OnClassCondition on org.springframework.cloud.netflix.eureka.EurekaClientAutoConfiguration matched due to @ConditionalOnClass found required class 'com.netflix.discovery.EurekaClientConfig'
2025-04-26T22:20:17.752+02:00 TRACE 13448 --- [api-gateway] [    Test worker] o.s.b.f.s.DefaultListableBeanFactory     : Returning cached instance of singleton bean 'autoConfigurationReport'
2025-04-26T22:20:17.753+02:00 TRACE 13448 --- [api-gateway] [    Test worker] o.s.b.a.condition.OnPropertyCondition    : Condition OnPropertyCondition on org.springframework.cloud.netflix.eureka.EurekaClientAutoConfiguration matched due to @ConditionalOnProperty (eureka.client.enabled) matched; @ConditionalOnProperty (spring.cloud.discovery.enabled) matched
2025-04-26T22:20:17.753+02:00 TRACE 13448 --- [api-gateway] [    Test worker] o.s.b.f.s.DefaultListableBeanFactory     : Returning cached instance of singleton bean 'autoConfigurationReport'
2025-04-26T22:20:17.753+02:00 TRACE 13448 --- [api-gateway] [    Test worker] o.s.b.a.condition.OnPropertyCondition    : Condition OnPropertyCondition on org.springframework.cloud.netflix.eureka.EurekaClientAutoConfiguration matched due to @ConditionalOnProperty (eureka.client.enabled) matched; @ConditionalOnProperty (spring.cloud.discovery.enabled) matched
2025-04-26T22:20:17.753+02:00 TRACE 13448 --- [api-gateway] [    Test worker] o.s.b.f.s.DefaultListableBeanFactory     : Returning cached instance of singleton bean 'autoConfigurationReport'
2025-04-26T22:20:17.753+02:00 TRACE 13448 --- [api-gateway] [    Test worker] o.s.b.f.s.DefaultListableBeanFactory     : Returning cached instance of singleton bean 'autoConfigurationReport'
2025-04-26T22:20:17.753+02:00 TRACE 13448 --- [api-gateway] [    Test worker] o.s.b.f.s.DefaultListableBeanFactory     : Returning cached instance of singleton bean 'autoConfigurationReport'
2025-04-26T22:20:17.753+02:00 TRACE 13448 --- [api-gateway] [    Test worker] o.s.b.f.s.DefaultListableBeanFactory     : Returning cached instance of singleton bean 'autoConfigurationReport'
2025-04-26T22:20:17.759+02:00 TRACE 13448 --- [api-gateway] [    Test worker] o.s.b.a.condition.OnClassCondition       : Condition OnClassCondition on org.springframework.cloud.netflix.eureka.EurekaClientAutoConfiguration$EurekaHealthIndicatorConfiguration did not match due to @ConditionalOnClass did not find required class 'org.springframework.boot.actuate.health.Health'
2025-04-26T22:20:17.759+02:00 TRACE 13448 --- [api-gateway] [    Test worker] o.s.b.f.s.DefaultListableBeanFactory     : Returning cached instance of singleton bean 'autoConfigurationReport'
2025-04-26T22:20:17.760+02:00 TRACE 13448 --- [api-gateway] [    Test worker] o.s.b.a.condition.OnClassCondition       : Condition OnClassCondition on org.springframework.cloud.netflix.eureka.EurekaClientAutoConfiguration$RefreshableEurekaClientConfiguration matched due to @ConditionalOnClass found required class 'org.springframework.cloud.context.scope.refresh.RefreshScope'
2025-04-26T22:20:17.760+02:00 TRACE 13448 --- [api-gateway] [    Test worker] o.s.b.f.s.DefaultListableBeanFactory     : Returning cached instance of singleton bean 'autoConfigurationReport'
2025-04-26T22:20:17.760+02:00 TRACE 13448 --- [api-gateway] [    Test worker] o.s.b.a.condition.OnPropertyCondition    : Condition OnPropertyCondition on org.springframework.cloud.netflix.eureka.EurekaClientAutoConfiguration$RefreshableEurekaClientConfiguration matched due to @ConditionalOnProperty (eureka.client.refresh.enable=true) matched
2025-04-26T22:20:17.760+02:00 TRACE 13448 --- [api-gateway] [    Test worker] o.s.b.f.s.DefaultListableBeanFactory     : Returning cached instance of singleton bean 'autoConfigurationReport'
2025-04-26T22:20:17.760+02:00 TRACE 13448 --- [api-gateway] [    Test worker] o.s.b.f.s.DefaultListableBeanFactory     : Returning cached instance of singleton bean 'autoConfigurationReport'
2025-04-26T22:20:17.760+02:00 TRACE 13448 --- [api-gateway] [    Test worker] o.s.b.f.s.DefaultListableBeanFactory     : Returning cached instance of singleton bean 'autoConfigurationReport'
2025-04-26T22:20:17.760+02:00 TRACE 13448 --- [api-gateway] [    Test worker] o.s.b.f.s.DefaultListableBeanFactory     : Returning cached instance of singleton bean 'autoConfigurationReport'
2025-04-26T22:20:17.760+02:00 TRACE 13448 --- [api-gateway] [    Test worker] o.s.b.f.s.DefaultListableBeanFactory     : Returning cached instance of singleton bean 'autoConfigurationReport'
2025-04-26T22:20:17.760+02:00 TRACE 13448 --- [api-gateway] [    Test worker] o.s.b.f.s.DefaultListableBeanFactory     : Returning cached instance of singleton bean 'autoConfigurationReport'
2025-04-26T22:20:17.760+02:00 TRACE 13448 --- [api-gateway] [    Test worker] o.s.b.f.s.DefaultListableBeanFactory     : Returning cached instance of singleton bean 'autoConfigurationReport'
2025-04-26T22:20:17.761+02:00 TRACE 13448 --- [api-gateway] [    Test worker] o.s.b.f.s.DefaultListableBeanFactory     : Returning cached instance of singleton bean 'autoConfigurationReport'
2025-04-26T22:20:17.761+02:00 TRACE 13448 --- [api-gateway] [    Test worker] o.s.b.f.s.DefaultListableBeanFactory     : Returning cached instance of singleton bean 'autoConfigurationReport'
2025-04-26T22:20:17.761+02:00 TRACE 13448 --- [api-gateway] [    Test worker] o.s.b.f.s.DefaultListableBeanFactory     : Returning cached instance of singleton bean 'autoConfigurationReport'
2025-04-26T22:20:17.761+02:00 TRACE 13448 --- [api-gateway] [    Test worker] o.s.b.f.s.DefaultListableBeanFactory     : Returning cached instance of singleton bean 'autoConfigurationReport'
2025-04-26T22:20:17.761+02:00 TRACE 13448 --- [api-gateway] [    Test worker] o.s.b.f.s.DefaultListableBeanFactory     : Returning cached instance of singleton bean 'autoConfigurationReport'
2025-04-26T22:20:17.761+02:00 TRACE 13448 --- [api-gateway] [    Test worker] o.s.b.f.s.DefaultListableBeanFactory     : Returning cached instance of singleton bean 'autoConfigurationReport'
2025-04-26T22:20:17.761+02:00 TRACE 13448 --- [api-gateway] [    Test worker] o.s.b.f.s.DefaultListableBeanFactory     : Returning cached instance of singleton bean 'autoConfigurationReport'
2025-04-26T22:20:17.761+02:00 TRACE 13448 --- [api-gateway] [    Test worker] o.s.b.f.s.DefaultListableBeanFactory     : Returning cached instance of singleton bean 'autoConfigurationReport'
2025-04-26T22:20:17.761+02:00 TRACE 13448 --- [api-gateway] [    Test worker] o.s.b.f.s.DefaultListableBeanFactory     : Returning cached instance of singleton bean 'autoConfigurationReport'
2025-04-26T22:20:17.763+02:00 TRACE 13448 --- [api-gateway] [    Test worker] o.s.b.a.condition.OnClassCondition       : Condition OnClassCondition on org.springframework.cloud.client.CommonsClientAutoConfiguration$ActuatorConfiguration did not match due to @ConditionalOnClass did not find required class 'org.springframework.boot.actuate.endpoint.annotation.Endpoint'
2025-04-26T22:20:17.763+02:00 TRACE 13448 --- [api-gateway] [    Test worker] o.s.b.f.s.DefaultListableBeanFactory     : Returning cached instance of singleton bean 'autoConfigurationReport'
2025-04-26T22:20:17.764+02:00 TRACE 13448 --- [api-gateway] [    Test worker] o.s.b.a.condition.OnClassCondition       : Condition OnClassCondition on org.springframework.cloud.client.CommonsClientAutoConfiguration$DiscoveryLoadBalancerConfiguration did not match due to @ConditionalOnClass did not find required class 'org.springframework.boot.actuate.health.HealthIndicator'
2025-04-26T22:20:17.764+02:00 TRACE 13448 --- [api-gateway] [    Test worker] o.s.b.f.s.DefaultListableBeanFactory     : Returning cached instance of singleton bean 'autoConfigurationReport'
2025-04-26T22:20:17.764+02:00 TRACE 13448 --- [api-gateway] [    Test worker] o.s.b.f.s.DefaultListableBeanFactory     : Returning cached instance of singleton bean 'autoConfigurationReport'
2025-04-26T22:20:17.764+02:00 TRACE 13448 --- [api-gateway] [    Test worker] o.s.b.f.s.DefaultListableBeanFactory     : Returning cached instance of singleton bean 'autoConfigurationReport'
2025-04-26T22:20:17.764+02:00 TRACE 13448 --- [api-gateway] [    Test worker] o.s.b.f.s.DefaultListableBeanFactory     : Returning cached instance of singleton bean 'autoConfigurationReport'
2025-04-26T22:20:17.764+02:00 TRACE 13448 --- [api-gateway] [    Test worker] o.s.b.f.s.DefaultListableBeanFactory     : Returning cached instance of singleton bean 'autoConfigurationReport'
2025-04-26T22:20:17.764+02:00 TRACE 13448 --- [api-gateway] [    Test worker] o.s.b.f.s.DefaultListableBeanFactory     : Returning cached instance of singleton bean 'autoConfigurationReport'
2025-04-26T22:20:17.764+02:00 TRACE 13448 --- [api-gateway] [    Test worker] o.s.b.f.s.DefaultListableBeanFactory     : Returning cached instance of singleton bean 'autoConfigurationReport'
2025-04-26T22:20:17.764+02:00 TRACE 13448 --- [api-gateway] [    Test worker] o.s.b.a.condition.OnClassCondition       : Condition OnClassCondition on org.springframework.cloud.client.discovery.composite.reactive.ReactiveCompositeDiscoveryClientAutoConfiguration matched due to @ConditionalOnClass found required class 'org.springframework.web.reactive.function.client.WebClient'
2025-04-26T22:20:17.764+02:00 TRACE 13448 --- [api-gateway] [    Test worker] o.s.b.f.s.DefaultListableBeanFactory     : Returning cached instance of singleton bean 'autoConfigurationReport'
2025-04-26T22:20:17.765+02:00 TRACE 13448 --- [api-gateway] [    Test worker] o.s.b.a.condition.OnPropertyCondition    : Condition OnPropertyCondition on org.springframework.cloud.client.discovery.composite.reactive.ReactiveCompositeDiscoveryClientAutoConfiguration matched due to @ConditionalOnProperty (spring.cloud.discovery.enabled) matched; @ConditionalOnProperty (spring.cloud.discovery.reactive.enabled) matched
2025-04-26T22:20:17.765+02:00 TRACE 13448 --- [api-gateway] [    Test worker] o.s.b.f.s.DefaultListableBeanFactory     : Returning cached instance of singleton bean 'autoConfigurationReport'
2025-04-26T22:20:17.765+02:00 TRACE 13448 --- [api-gateway] [    Test worker] o.s.b.a.condition.OnPropertyCondition    : Condition OnPropertyCondition on org.springframework.cloud.client.discovery.composite.reactive.ReactiveCompositeDiscoveryClientAutoConfiguration matched due to @ConditionalOnProperty (spring.cloud.discovery.enabled) matched; @ConditionalOnProperty (spring.cloud.discovery.reactive.enabled) matched
2025-04-26T22:20:17.765+02:00 TRACE 13448 --- [api-gateway] [    Test worker] o.s.b.f.s.DefaultListableBeanFactory     : Returning cached instance of singleton bean 'autoConfigurationReport'
2025-04-26T22:20:17.765+02:00 TRACE 13448 --- [api-gateway] [    Test worker] o.s.b.f.s.DefaultListableBeanFactory     : Returning cached instance of singleton bean 'autoConfigurationReport'
2025-04-26T22:20:17.765+02:00 TRACE 13448 --- [api-gateway] [    Test worker] o.s.b.f.s.DefaultListableBeanFactory     : Returning cached instance of singleton bean 'autoConfigurationReport'
2025-04-26T22:20:17.765+02:00 TRACE 13448 --- [api-gateway] [    Test worker] o.s.b.f.s.DefaultListableBeanFactory     : Returning cached instance of singleton bean 'autoConfigurationReport'
2025-04-26T22:20:17.766+02:00 TRACE 13448 --- [api-gateway] [    Test worker] o.s.b.f.s.DefaultListableBeanFactory     : Returning cached instance of singleton bean 'autoConfigurationReport'
2025-04-26T22:20:17.766+02:00 TRACE 13448 --- [api-gateway] [    Test worker] o.s.b.f.s.DefaultListableBeanFactory     : Returning cached instance of singleton bean 'autoConfigurationReport'
2025-04-26T22:20:17.766+02:00 TRACE 13448 --- [api-gateway] [    Test worker] o.s.b.f.s.DefaultListableBeanFactory     : Returning cached instance of singleton bean 'autoConfigurationReport'
2025-04-26T22:20:17.766+02:00 TRACE 13448 --- [api-gateway] [    Test worker] o.s.b.f.s.DefaultListableBeanFactory     : Returning cached instance of singleton bean 'autoConfigurationReport'
2025-04-26T22:20:17.766+02:00 TRACE 13448 --- [api-gateway] [    Test worker] o.s.b.f.s.DefaultListableBeanFactory     : Returning cached instance of singleton bean 'autoConfigurationReport'
2025-04-26T22:20:17.766+02:00 TRACE 13448 --- [api-gateway] [    Test worker] o.s.b.f.s.DefaultListableBeanFactory     : Returning cached instance of singleton bean 'autoConfigurationReport'
2025-04-26T22:20:17.766+02:00 TRACE 13448 --- [api-gateway] [    Test worker] o.s.b.a.condition.OnClassCondition       : Condition OnClassCondition on org.springframework.cloud.client.discovery.simple.reactive.SimpleReactiveDiscoveryClientAutoConfiguration matched due to @ConditionalOnClass found required class 'org.springframework.web.reactive.function.client.WebClient'
2025-04-26T22:20:17.766+02:00 TRACE 13448 --- [api-gateway] [    Test worker] o.s.b.f.s.DefaultListableBeanFactory     : Returning cached instance of singleton bean 'autoConfigurationReport'
2025-04-26T22:20:17.767+02:00 TRACE 13448 --- [api-gateway] [    Test worker] o.s.b.a.condition.OnPropertyCondition    : Condition OnPropertyCondition on org.springframework.cloud.client.discovery.simple.reactive.SimpleReactiveDiscoveryClientAutoConfiguration matched due to @ConditionalOnProperty (spring.cloud.discovery.enabled) matched; @ConditionalOnProperty (spring.cloud.discovery.reactive.enabled) matched
2025-04-26T22:20:17.767+02:00 TRACE 13448 --- [api-gateway] [    Test worker] o.s.b.f.s.DefaultListableBeanFactory     : Returning cached instance of singleton bean 'autoConfigurationReport'
2025-04-26T22:20:17.767+02:00 TRACE 13448 --- [api-gateway] [    Test worker] o.s.b.a.condition.OnPropertyCondition    : Condition OnPropertyCondition on org.springframework.cloud.client.discovery.simple.reactive.SimpleReactiveDiscoveryClientAutoConfiguration matched due to @ConditionalOnProperty (spring.cloud.discovery.enabled) matched; @ConditionalOnProperty (spring.cloud.discovery.reactive.enabled) matched
2025-04-26T22:20:17.767+02:00 TRACE 13448 --- [api-gateway] [    Test worker] o.s.b.f.s.DefaultListableBeanFactory     : Returning cached instance of singleton bean 'autoConfigurationReport'
2025-04-26T22:20:17.767+02:00 TRACE 13448 --- [api-gateway] [    Test worker] o.s.b.f.s.DefaultListableBeanFactory     : Returning cached instance of singleton bean 'autoConfigurationReport'
2025-04-26T22:20:17.767+02:00 TRACE 13448 --- [api-gateway] [    Test worker] o.s.b.f.s.DefaultListableBeanFactory     : Returning cached instance of singleton bean 'autoConfigurationReport'
2025-04-26T22:20:17.767+02:00 TRACE 13448 --- [api-gateway] [    Test worker] o.s.b.f.s.DefaultListableBeanFactory     : Returning cached instance of singleton bean 'autoConfigurationReport'
2025-04-26T22:20:17.768+02:00 TRACE 13448 --- [api-gateway] [    Test worker] o.s.b.a.condition.OnClassCondition       : Condition OnClassCondition on org.springframework.cloud.client.discovery.simple.reactive.SimpleReactiveDiscoveryClientAutoConfiguration$HealthConfiguration did not match due to @ConditionalOnClass did not find required class 'org.springframework.boot.actuate.health.ReactiveHealthIndicator'
2025-04-26T22:20:17.768+02:00 TRACE 13448 --- [api-gateway] [    Test worker] o.s.b.f.s.DefaultListableBeanFactory     : Returning cached instance of singleton bean 'autoConfigurationReport'
2025-04-26T22:20:17.768+02:00 TRACE 13448 --- [api-gateway] [    Test worker] o.s.b.f.s.DefaultListableBeanFactory     : Returning cached instance of singleton bean 'autoConfigurationReport'
2025-04-26T22:20:17.768+02:00 TRACE 13448 --- [api-gateway] [    Test worker] o.s.b.f.s.DefaultListableBeanFactory     : Returning cached instance of singleton bean 'autoConfigurationReport'
2025-04-26T22:20:17.768+02:00 TRACE 13448 --- [api-gateway] [    Test worker] o.s.b.f.s.DefaultListableBeanFactory     : Returning cached instance of singleton bean 'autoConfigurationReport'
2025-04-26T22:20:17.768+02:00 TRACE 13448 --- [api-gateway] [    Test worker] o.s.b.f.s.DefaultListableBeanFactory     : Returning cached instance of singleton bean 'autoConfigurationReport'
2025-04-26T22:20:17.768+02:00 TRACE 13448 --- [api-gateway] [    Test worker] o.s.b.f.s.DefaultListableBeanFactory     : Returning cached instance of singleton bean 'autoConfigurationReport'
2025-04-26T22:20:17.768+02:00 TRACE 13448 --- [api-gateway] [    Test worker] o.s.b.f.s.DefaultListableBeanFactory     : Returning cached instance of singleton bean 'autoConfigurationReport'
2025-04-26T22:20:17.771+02:00 TRACE 13448 --- [api-gateway] [    Test worker] o.s.b.a.condition.OnClassCondition       : Condition OnClassCondition on org.springframework.cloud.netflix.eureka.reactive.EurekaReactiveDiscoveryClientConfiguration matched due to @ConditionalOnClass found required classes 'com.netflix.discovery.EurekaClientConfig', 'org.springframework.web.reactive.function.client.WebClient'
2025-04-26T22:20:17.771+02:00 TRACE 13448 --- [api-gateway] [    Test worker] o.s.b.f.s.DefaultListableBeanFactory     : Returning cached instance of singleton bean 'autoConfigurationReport'
2025-04-26T22:20:17.771+02:00 TRACE 13448 --- [api-gateway] [    Test worker] o.s.b.a.condition.OnClassCondition       : Condition OnClassCondition on org.springframework.cloud.netflix.eureka.reactive.EurekaReactiveDiscoveryClientConfiguration matched due to @ConditionalOnClass found required classes 'com.netflix.discovery.EurekaClientConfig', 'org.springframework.web.reactive.function.client.WebClient'
2025-04-26T22:20:17.771+02:00 TRACE 13448 --- [api-gateway] [    Test worker] o.s.b.f.s.DefaultListableBeanFactory     : Returning cached instance of singleton bean 'autoConfigurationReport'
2025-04-26T22:20:17.772+02:00 TRACE 13448 --- [api-gateway] [    Test worker] o.s.b.a.condition.OnPropertyCondition    : Condition OnPropertyCondition on org.springframework.cloud.netflix.eureka.reactive.EurekaReactiveDiscoveryClientConfiguration matched due to @ConditionalOnProperty (eureka.client.enabled) matched; @ConditionalOnProperty (spring.cloud.discovery.enabled) matched; @ConditionalOnProperty (spring.cloud.discovery.reactive.enabled) matched
2025-04-26T22:20:17.772+02:00 TRACE 13448 --- [api-gateway] [    Test worker] o.s.b.f.s.DefaultListableBeanFactory     : Returning cached instance of singleton bean 'autoConfigurationReport'
2025-04-26T22:20:17.772+02:00 TRACE 13448 --- [api-gateway] [    Test worker] o.s.b.a.condition.OnPropertyCondition    : Condition OnPropertyCondition on org.springframework.cloud.netflix.eureka.reactive.EurekaReactiveDiscoveryClientConfiguration matched due to @ConditionalOnProperty (eureka.client.enabled) matched; @ConditionalOnProperty (spring.cloud.discovery.enabled) matched; @ConditionalOnProperty (spring.cloud.discovery.reactive.enabled) matched
2025-04-26T22:20:17.772+02:00 TRACE 13448 --- [api-gateway] [    Test worker] o.s.b.f.s.DefaultListableBeanFactory     : Returning cached instance of singleton bean 'autoConfigurationReport'
2025-04-26T22:20:17.772+02:00 TRACE 13448 --- [api-gateway] [    Test worker] o.s.b.a.condition.OnPropertyCondition    : Condition OnPropertyCondition on org.springframework.cloud.netflix.eureka.reactive.EurekaReactiveDiscoveryClientConfiguration matched due to @ConditionalOnProperty (eureka.client.enabled) matched; @ConditionalOnProperty (spring.cloud.discovery.enabled) matched; @ConditionalOnProperty (spring.cloud.discovery.reactive.enabled) matched
2025-04-26T22:20:17.772+02:00 TRACE 13448 --- [api-gateway] [    Test worker] o.s.b.f.s.DefaultListableBeanFactory     : Returning cached instance of singleton bean 'autoConfigurationReport'
2025-04-26T22:20:17.772+02:00 TRACE 13448 --- [api-gateway] [    Test worker] o.s.b.f.s.DefaultListableBeanFactory     : Returning cached instance of singleton bean 'autoConfigurationReport'
2025-04-26T22:20:17.772+02:00 TRACE 13448 --- [api-gateway] [    Test worker] o.s.b.f.s.DefaultListableBeanFactory     : Returning cached instance of singleton bean 'autoConfigurationReport'
2025-04-26T22:20:17.772+02:00 TRACE 13448 --- [api-gateway] [    Test worker] o.s.b.f.s.DefaultListableBeanFactory     : Returning cached instance of singleton bean 'autoConfigurationReport'
2025-04-26T22:20:17.781+02:00 TRACE 13448 --- [api-gateway] [    Test worker] o.s.c.io.support.SpringFactoriesLoader   : Loaded [org.springframework.boot.autoconfigure.AutoConfigurationImportFilter] names: [org.springframework.boot.autoconfigure.condition.OnBeanCondition, org.springframework.boot.autoconfigure.condition.OnClassCondition, org.springframework.boot.autoconfigure.condition.OnWebApplicationCondition]
2025-04-26T22:20:17.783+02:00 TRACE 13448 --- [api-gateway] [    Test worker] o.s.b.f.s.DefaultListableBeanFactory     : Returning cached instance of singleton bean 'autoConfigurationReport'
2025-04-26T22:20:17.783+02:00 TRACE 13448 --- [api-gateway] [    Test worker] o.s.b.f.s.DefaultListableBeanFactory     : Returning cached instance of singleton bean 'autoConfigurationReport'
2025-04-26T22:20:17.783+02:00 TRACE 13448 --- [api-gateway] [    Test worker] o.s.b.f.s.DefaultListableBeanFactory     : Returning cached instance of singleton bean 'autoConfigurationReport'
2025-04-26T22:20:17.783+02:00 TRACE 13448 --- [api-gateway] [    Test worker] o.s.c.io.support.SpringFactoriesLoader   : Loaded [org.springframework.boot.autoconfigure.AutoConfigurationImportListener] names: [org.springframework.boot.autoconfigure.condition.ConditionEvaluationReportAutoConfigurationImportListener]
2025-04-26T22:20:17.784+02:00 TRACE 13448 --- [api-gateway] [    Test worker] o.s.b.f.s.DefaultListableBeanFactory     : Returning cached instance of singleton bean 'autoConfigurationReport'
2025-04-26T22:20:17.785+02:00 TRACE 13448 --- [api-gateway] [    Test worker] o.s.b.f.s.DefaultListableBeanFactory     : Returning cached instance of singleton bean 'org.springframework.boot.autoconfigure.internalCachingMetadataReaderFactory'
2025-04-26T22:20:17.786+02:00 TRACE 13448 --- [api-gateway] [    Test worker] o.s.b.f.s.DefaultListableBeanFactory     : Returning cached instance of singleton bean 'autoConfigurationReport'
2025-04-26T22:20:17.786+02:00 TRACE 13448 --- [api-gateway] [    Test worker] o.s.b.f.s.DefaultListableBeanFactory     : Returning cached instance of singleton bean 'autoConfigurationReport'
2025-04-26T22:20:17.786+02:00 TRACE 13448 --- [api-gateway] [    Test worker] o.s.b.f.s.DefaultListableBeanFactory     : Returning cached instance of singleton bean 'autoConfigurationReport'
2025-04-26T22:20:17.786+02:00 TRACE 13448 --- [api-gateway] [    Test worker] o.s.b.f.s.DefaultListableBeanFactory     : Returning cached instance of singleton bean 'autoConfigurationReport'
2025-04-26T22:20:17.786+02:00 TRACE 13448 --- [api-gateway] [    Test worker] o.s.b.f.s.DefaultListableBeanFactory     : Returning cached instance of singleton bean 'autoConfigurationReport'
2025-04-26T22:20:17.786+02:00 TRACE 13448 --- [api-gateway] [    Test worker] o.s.b.f.s.DefaultListableBeanFactory     : Returning cached instance of singleton bean 'autoConfigurationReport'
2025-04-26T22:20:17.786+02:00 TRACE 13448 --- [api-gateway] [    Test worker] o.s.b.a.condition.OnClassCondition       : Condition OnClassCondition on org.springframework.cloud.netflix.eureka.EurekaClientAutoConfiguration matched due to @ConditionalOnClass found required class 'com.netflix.discovery.EurekaClientConfig'
2025-04-26T22:20:17.786+02:00 TRACE 13448 --- [api-gateway] [    Test worker] o.s.b.f.s.DefaultListableBeanFactory     : Returning cached instance of singleton bean 'autoConfigurationReport'
2025-04-26T22:20:17.787+02:00 TRACE 13448 --- [api-gateway] [    Test worker] o.s.b.a.condition.OnPropertyCondition    : Condition OnPropertyCondition on org.springframework.cloud.netflix.eureka.EurekaClientAutoConfiguration matched due to @ConditionalOnProperty (eureka.client.enabled) matched; @ConditionalOnProperty (spring.cloud.discovery.enabled) matched
2025-04-26T22:20:17.787+02:00 TRACE 13448 --- [api-gateway] [    Test worker] o.s.b.f.s.DefaultListableBeanFactory     : Returning cached instance of singleton bean 'autoConfigurationReport'
2025-04-26T22:20:17.787+02:00 TRACE 13448 --- [api-gateway] [    Test worker] o.s.b.a.condition.OnPropertyCondition    : Condition OnPropertyCondition on org.springframework.cloud.netflix.eureka.EurekaClientAutoConfiguration matched due to @ConditionalOnProperty (eureka.client.enabled) matched; @ConditionalOnProperty (spring.cloud.discovery.enabled) matched
2025-04-26T22:20:17.787+02:00 TRACE 13448 --- [api-gateway] [    Test worker] o.s.b.f.s.DefaultListableBeanFactory     : Returning cached instance of singleton bean 'autoConfigurationReport'
2025-04-26T22:20:17.787+02:00 TRACE 13448 --- [api-gateway] [    Test worker] o.s.b.f.s.DefaultListableBeanFactory     : Returning cached instance of singleton bean 'autoConfigurationReport'
2025-04-26T22:20:17.787+02:00 TRACE 13448 --- [api-gateway] [    Test worker] o.s.b.f.s.DefaultListableBeanFactory     : Returning cached instance of singleton bean 'autoConfigurationReport'
2025-04-26T22:20:17.787+02:00 TRACE 13448 --- [api-gateway] [    Test worker] o.s.b.f.s.DefaultListableBeanFactory     : Returning cached instance of singleton bean 'autoConfigurationReport'
2025-04-26T22:20:17.787+02:00 TRACE 13448 --- [api-gateway] [    Test worker] o.s.b.f.s.DefaultListableBeanFactory     : Returning cached instance of singleton bean 'autoConfigurationReport'
2025-04-26T22:20:17.788+02:00 TRACE 13448 --- [api-gateway] [    Test worker] o.s.b.f.s.DefaultListableBeanFactory     : Returning cached instance of singleton bean 'autoConfigurationReport'
2025-04-26T22:20:17.788+02:00 TRACE 13448 --- [api-gateway] [    Test worker] o.s.b.f.s.DefaultListableBeanFactory     : Returning cached instance of singleton bean 'autoConfigurationReport'
2025-04-26T22:20:17.788+02:00 TRACE 13448 --- [api-gateway] [    Test worker] o.s.b.f.s.DefaultListableBeanFactory     : Returning cached instance of singleton bean 'autoConfigurationReport'
2025-04-26T22:20:17.788+02:00 TRACE 13448 --- [api-gateway] [    Test worker] o.s.b.f.s.DefaultListableBeanFactory     : Returning cached instance of singleton bean 'autoConfigurationReport'
2025-04-26T22:20:17.788+02:00 TRACE 13448 --- [api-gateway] [    Test worker] o.s.b.f.s.DefaultListableBeanFactory     : Returning cached instance of singleton bean 'autoConfigurationReport'
2025-04-26T22:20:17.788+02:00 TRACE 13448 --- [api-gateway] [    Test worker] o.s.b.a.condition.OnClassCondition       : Condition OnClassCondition on org.springframework.cloud.client.ReactiveCommonsClientAutoConfiguration$ReactiveDiscoveryLoadBalancerConfiguration did not match due to @ConditionalOnClass did not find required class 'org.springframework.boot.actuate.health.ReactiveHealthIndicator'
2025-04-26T22:20:17.789+02:00 TRACE 13448 --- [api-gateway] [    Test worker] o.s.b.f.s.DefaultListableBeanFactory     : Returning cached instance of singleton bean 'autoConfigurationReport'
2025-04-26T22:20:17.789+02:00 TRACE 13448 --- [api-gateway] [    Test worker] o.s.b.f.s.DefaultListableBeanFactory     : Returning cached instance of singleton bean 'autoConfigurationReport'
2025-04-26T22:20:17.789+02:00 TRACE 13448 --- [api-gateway] [    Test worker] o.s.b.f.s.DefaultListableBeanFactory     : Returning cached instance of singleton bean 'autoConfigurationReport'
2025-04-26T22:20:17.789+02:00 TRACE 13448 --- [api-gateway] [    Test worker] o.s.b.f.s.DefaultListableBeanFactory     : Returning cached instance of singleton bean 'autoConfigurationReport'
2025-04-26T22:20:17.789+02:00 TRACE 13448 --- [api-gateway] [    Test worker] o.s.b.f.s.DefaultListableBeanFactory     : Returning cached instance of singleton bean 'autoConfigurationReport'
2025-04-26T22:20:17.789+02:00 TRACE 13448 --- [api-gateway] [    Test worker] o.s.b.f.s.DefaultListableBeanFactory     : Returning cached instance of singleton bean 'autoConfigurationReport'
2025-04-26T22:20:17.789+02:00 TRACE 13448 --- [api-gateway] [    Test worker] o.s.b.f.s.DefaultListableBeanFactory     : Returning cached instance of singleton bean 'autoConfigurationReport'
2025-04-26T22:20:17.789+02:00 TRACE 13448 --- [api-gateway] [    Test worker] o.s.b.a.condition.OnClassCondition       : Condition OnClassCondition on org.springframework.cloud.client.hypermedia.CloudHypermediaAutoConfiguration did not match due to @ConditionalOnClass did not find required class 'org.springframework.hateoas.Link'
2025-04-26T22:20:17.789+02:00 TRACE 13448 --- [api-gateway] [    Test worker] o.s.b.f.s.DefaultListableBeanFactory     : Returning cached instance of singleton bean 'autoConfigurationReport'
2025-04-26T22:20:17.789+02:00 TRACE 13448 --- [api-gateway] [    Test worker] o.s.b.f.s.DefaultListableBeanFactory     : Returning cached instance of singleton bean 'autoConfigurationReport'
2025-04-26T22:20:17.790+02:00 TRACE 13448 --- [api-gateway] [    Test worker] o.s.b.f.s.DefaultListableBeanFactory     : Returning cached instance of singleton bean 'autoConfigurationReport'
2025-04-26T22:20:17.790+02:00 TRACE 13448 --- [api-gateway] [    Test worker] o.s.b.f.s.DefaultListableBeanFactory     : Returning cached instance of singleton bean 'autoConfigurationReport'
2025-04-26T22:20:17.790+02:00 TRACE 13448 --- [api-gateway] [    Test worker] o.s.b.f.s.DefaultListableBeanFactory     : Returning cached instance of singleton bean 'autoConfigurationReport'
2025-04-26T22:20:17.790+02:00 TRACE 13448 --- [api-gateway] [    Test worker] o.s.b.f.s.DefaultListableBeanFactory     : Returning cached instance of singleton bean 'autoConfigurationReport'
2025-04-26T22:20:17.790+02:00 TRACE 13448 --- [api-gateway] [    Test worker] o.s.b.f.s.DefaultListableBeanFactory     : Returning cached instance of singleton bean 'autoConfigurationReport'
2025-04-26T22:20:17.791+02:00 TRACE 13448 --- [api-gateway] [    Test worker] o.s.b.a.condition.OnPropertyCondition    : Condition OnPropertyCondition on org.springframework.cloud.loadbalancer.config.BlockingLoadBalancerClientAutoConfiguration matched due to @ConditionalOnProperty (spring.cloud.loadbalancer.enabled=true) matched
2025-04-26T22:20:17.791+02:00 TRACE 13448 --- [api-gateway] [    Test worker] o.s.b.f.s.DefaultListableBeanFactory     : Returning cached instance of singleton bean 'autoConfigurationReport'
2025-04-26T22:20:17.791+02:00 TRACE 13448 --- [api-gateway] [    Test worker] o.s.b.f.s.DefaultListableBeanFactory     : Returning cached instance of singleton bean 'autoConfigurationReport'
2025-04-26T22:20:17.791+02:00 TRACE 13448 --- [api-gateway] [    Test worker] o.s.b.f.s.DefaultListableBeanFactory     : Returning cached instance of singleton bean 'autoConfigurationReport'
2025-04-26T22:20:17.791+02:00 TRACE 13448 --- [api-gateway] [    Test worker] o.s.b.f.s.DefaultListableBeanFactory     : Returning cached instance of singleton bean 'autoConfigurationReport'
2025-04-26T22:20:17.792+02:00 TRACE 13448 --- [api-gateway] [    Test worker] o.s.b.a.condition.OnClassCondition       : Condition OnClassCondition on org.springframework.cloud.loadbalancer.config.BlockingLoadBalancerClientAutoConfiguration$BlockingLoadBalancerRetryConfig did not match due to @ConditionalOnClass did not find required class 'org.springframework.retry.support.RetryTemplate'
2025-04-26T22:20:17.792+02:00 TRACE 13448 --- [api-gateway] [    Test worker] o.s.b.f.s.DefaultListableBeanFactory     : Returning cached instance of singleton bean 'autoConfigurationReport'
2025-04-26T22:20:17.793+02:00 TRACE 13448 --- [api-gateway] [    Test worker] o.s.b.f.s.DefaultListableBeanFactory     : Returning cached instance of singleton bean 'autoConfigurationReport'
2025-04-26T22:20:17.793+02:00 TRACE 13448 --- [api-gateway] [    Test worker] o.s.b.f.s.DefaultListableBeanFactory     : Returning cached instance of singleton bean 'autoConfigurationReport'
2025-04-26T22:20:17.793+02:00 TRACE 13448 --- [api-gateway] [    Test worker] o.s.b.f.s.DefaultListableBeanFactory     : Returning cached instance of singleton bean 'autoConfigurationReport'
2025-04-26T22:20:17.793+02:00 TRACE 13448 --- [api-gateway] [    Test worker] o.s.b.f.s.DefaultListableBeanFactory     : Returning cached instance of singleton bean 'autoConfigurationReport'
2025-04-26T22:20:17.793+02:00 TRACE 13448 --- [api-gateway] [    Test worker] o.s.b.f.s.DefaultListableBeanFactory     : Returning cached instance of singleton bean 'autoConfigurationReport'
2025-04-26T22:20:17.793+02:00 TRACE 13448 --- [api-gateway] [    Test worker] o.s.b.f.s.DefaultListableBeanFactory     : Returning cached instance of singleton bean 'autoConfigurationReport'
2025-04-26T22:20:17.793+02:00 TRACE 13448 --- [api-gateway] [    Test worker] o.s.b.f.s.DefaultListableBeanFactory     : Returning cached instance of singleton bean 'autoConfigurationReport'
2025-04-26T22:20:17.793+02:00 TRACE 13448 --- [api-gateway] [    Test worker] o.s.b.f.s.DefaultListableBeanFactory     : Returning cached instance of singleton bean 'autoConfigurationReport'
2025-04-26T22:20:17.793+02:00 TRACE 13448 --- [api-gateway] [    Test worker] o.s.b.f.s.DefaultListableBeanFactory     : Returning cached instance of singleton bean 'autoConfigurationReport'
2025-04-26T22:20:17.795+02:00 TRACE 13448 --- [api-gateway] [    Test worker] o.s.b.a.condition.OnClassCondition       : Condition OnClassCondition on org.springframework.cloud.client.loadbalancer.LoadBalancerAutoConfiguration$RetryInterceptorAutoConfiguration did not match due to @ConditionalOnClass did not find required class 'org.springframework.retry.support.RetryTemplate'
2025-04-26T22:20:17.795+02:00 TRACE 13448 --- [api-gateway] [    Test worker] o.s.b.f.s.DefaultListableBeanFactory     : Returning cached instance of singleton bean 'autoConfigurationReport'
2025-04-26T22:20:17.795+02:00 TRACE 13448 --- [api-gateway] [    Test worker] o.s.b.a.condition.OnClassCondition       : Condition OnClassCondition on org.springframework.cloud.client.loadbalancer.LoadBalancerAutoConfiguration$RetryAutoConfiguration did not match due to @ConditionalOnClass did not find required class 'org.springframework.retry.support.RetryTemplate'
2025-04-26T22:20:17.795+02:00 TRACE 13448 --- [api-gateway] [    Test worker] o.s.b.f.s.DefaultListableBeanFactory     : Returning cached instance of singleton bean 'autoConfigurationReport'
2025-04-26T22:20:17.796+02:00 TRACE 13448 --- [api-gateway] [    Test worker] o.s.b.f.s.DefaultListableBeanFactory     : Returning cached instance of singleton bean 'autoConfigurationReport'
2025-04-26T22:20:17.796+02:00 TRACE 13448 --- [api-gateway] [    Test worker] o.s.b.f.s.DefaultListableBeanFactory     : Returning cached instance of singleton bean 'autoConfigurationReport'
2025-04-26T22:20:17.796+02:00 TRACE 13448 --- [api-gateway] [    Test worker] o.s.b.f.s.DefaultListableBeanFactory     : Returning cached instance of singleton bean 'autoConfigurationReport'
2025-04-26T22:20:17.796+02:00 TRACE 13448 --- [api-gateway] [    Test worker] o.s.b.f.s.DefaultListableBeanFactory     : Returning cached instance of singleton bean 'autoConfigurationReport'
2025-04-26T22:20:17.796+02:00 TRACE 13448 --- [api-gateway] [    Test worker] o.s.b.f.s.DefaultListableBeanFactory     : Returning cached instance of singleton bean 'autoConfigurationReport'
2025-04-26T22:20:17.796+02:00 TRACE 13448 --- [api-gateway] [    Test worker] o.s.b.f.s.DefaultListableBeanFactory     : Returning cached instance of singleton bean 'autoConfigurationReport'
2025-04-26T22:20:17.797+02:00 TRACE 13448 --- [api-gateway] [    Test worker] o.s.b.f.s.DefaultListableBeanFactory     : Returning cached instance of singleton bean 'autoConfigurationReport'
2025-04-26T22:20:17.797+02:00 TRACE 13448 --- [api-gateway] [    Test worker] o.s.b.f.s.DefaultListableBeanFactory     : Returning cached instance of singleton bean 'autoConfigurationReport'
2025-04-26T22:20:17.797+02:00 TRACE 13448 --- [api-gateway] [    Test worker] o.s.b.f.s.DefaultListableBeanFactory     : Returning cached instance of singleton bean 'autoConfigurationReport'
2025-04-26T22:20:17.797+02:00 TRACE 13448 --- [api-gateway] [    Test worker] o.s.b.f.s.DefaultListableBeanFactory     : Returning cached instance of singleton bean 'autoConfigurationReport'
2025-04-26T22:20:17.797+02:00 TRACE 13448 --- [api-gateway] [    Test worker] o.s.b.f.s.DefaultListableBeanFactory     : Returning cached instance of singleton bean 'autoConfigurationReport'
2025-04-26T22:20:17.797+02:00 TRACE 13448 --- [api-gateway] [    Test worker] o.s.b.f.s.DefaultListableBeanFactory     : Returning cached instance of singleton bean 'autoConfigurationReport'
2025-04-26T22:20:17.797+02:00 TRACE 13448 --- [api-gateway] [    Test worker] o.s.b.f.s.DefaultListableBeanFactory     : Returning cached instance of singleton bean 'autoConfigurationReport'
2025-04-26T22:20:17.797+02:00 TRACE 13448 --- [api-gateway] [    Test worker] o.s.b.f.s.DefaultListableBeanFactory     : Returning cached instance of singleton bean 'autoConfigurationReport'
2025-04-26T22:20:17.797+02:00 TRACE 13448 --- [api-gateway] [    Test worker] o.s.b.f.s.DefaultListableBeanFactory     : Returning cached instance of singleton bean 'autoConfigurationReport'
2025-04-26T22:20:17.797+02:00 TRACE 13448 --- [api-gateway] [    Test worker] o.s.b.f.s.DefaultListableBeanFactory     : Returning cached instance of singleton bean 'autoConfigurationReport'
2025-04-26T22:20:17.797+02:00 TRACE 13448 --- [api-gateway] [    Test worker] o.s.b.f.s.DefaultListableBeanFactory     : Returning cached instance of singleton bean 'autoConfigurationReport'
2025-04-26T22:20:17.797+02:00 TRACE 13448 --- [api-gateway] [    Test worker] o.s.b.f.s.DefaultListableBeanFactory     : Returning cached instance of singleton bean 'autoConfigurationReport'
2025-04-26T22:20:17.797+02:00 TRACE 13448 --- [api-gateway] [    Test worker] o.s.b.f.s.DefaultListableBeanFactory     : Returning cached instance of singleton bean 'autoConfigurationReport'
2025-04-26T22:20:17.797+02:00 TRACE 13448 --- [api-gateway] [    Test worker] o.s.b.f.s.DefaultListableBeanFactory     : Returning cached instance of singleton bean 'autoConfigurationReport'
2025-04-26T22:20:17.797+02:00 TRACE 13448 --- [api-gateway] [    Test worker] o.s.b.f.s.DefaultListableBeanFactory     : Returning cached instance of singleton bean 'autoConfigurationReport'
2025-04-26T22:20:17.798+02:00 TRACE 13448 --- [api-gateway] [    Test worker] o.s.b.a.condition.OnClassCondition       : Condition OnClassCondition on org.springframework.cloud.client.loadbalancer.reactive.LoadBalancerBeanPostProcessorAutoConfiguration matched due to @ConditionalOnClass found required class 'org.springframework.web.reactive.function.client.WebClient'
2025-04-26T22:20:17.798+02:00 TRACE 13448 --- [api-gateway] [    Test worker] o.s.b.f.s.DefaultListableBeanFactory     : Returning cached instance of singleton bean 'autoConfigurationReport'
2025-04-26T22:20:17.798+02:00 TRACE 13448 --- [api-gateway] [    Test worker] o.s.b.f.s.DefaultListableBeanFactory     : Returning cached instance of singleton bean 'autoConfigurationReport'
2025-04-26T22:20:17.798+02:00 TRACE 13448 --- [api-gateway] [    Test worker] o.s.b.f.s.DefaultListableBeanFactory     : Returning cached instance of singleton bean 'autoConfigurationReport'
2025-04-26T22:20:17.798+02:00 TRACE 13448 --- [api-gateway] [    Test worker] o.s.b.f.s.DefaultListableBeanFactory     : Returning cached instance of singleton bean 'autoConfigurationReport'
2025-04-26T22:20:17.799+02:00 TRACE 13448 --- [api-gateway] [    Test worker] o.s.b.f.s.DefaultListableBeanFactory     : Returning cached instance of singleton bean 'autoConfigurationReport'
2025-04-26T22:20:17.799+02:00 TRACE 13448 --- [api-gateway] [    Test worker] o.s.b.f.s.DefaultListableBeanFactory     : Returning cached instance of singleton bean 'autoConfigurationReport'
2025-04-26T22:20:17.799+02:00 TRACE 13448 --- [api-gateway] [    Test worker] o.s.b.f.s.DefaultListableBeanFactory     : Returning cached instance of singleton bean 'autoConfigurationReport'
2025-04-26T22:20:17.799+02:00 TRACE 13448 --- [api-gateway] [    Test worker] o.s.b.f.s.DefaultListableBeanFactory     : Returning cached instance of singleton bean 'autoConfigurationReport'
2025-04-26T22:20:17.799+02:00 TRACE 13448 --- [api-gateway] [    Test worker] o.s.b.f.s.DefaultListableBeanFactory     : Returning cached instance of singleton bean 'autoConfigurationReport'
2025-04-26T22:20:17.799+02:00 TRACE 13448 --- [api-gateway] [    Test worker] o.s.b.f.s.DefaultListableBeanFactory     : Returning cached instance of singleton bean 'autoConfigurationReport'
2025-04-26T22:20:17.799+02:00 TRACE 13448 --- [api-gateway] [    Test worker] o.s.b.f.s.DefaultListableBeanFactory     : Returning cached instance of singleton bean 'autoConfigurationReport'
2025-04-26T22:20:17.799+02:00 TRACE 13448 --- [api-gateway] [    Test worker] o.s.b.f.s.DefaultListableBeanFactory     : Returning cached instance of singleton bean 'autoConfigurationReport'
2025-04-26T22:20:17.799+02:00 TRACE 13448 --- [api-gateway] [    Test worker] o.s.b.f.s.DefaultListableBeanFactory     : Returning cached instance of singleton bean 'autoConfigurationReport'
2025-04-26T22:20:17.800+02:00 TRACE 13448 --- [api-gateway] [    Test worker] o.s.b.a.condition.OnClassCondition       : Condition OnClassCondition on org.springframework.cloud.client.loadbalancer.reactive.ReactorLoadBalancerClientAutoConfiguration matched due to @ConditionalOnClass found required class 'org.springframework.web.reactive.function.client.WebClient'
2025-04-26T22:20:17.800+02:00 TRACE 13448 --- [api-gateway] [    Test worker] o.s.b.f.s.DefaultListableBeanFactory     : Returning cached instance of singleton bean 'autoConfigurationReport'
2025-04-26T22:20:17.800+02:00 TRACE 13448 --- [api-gateway] [    Test worker] o.s.b.f.s.DefaultListableBeanFactory     : Returning cached instance of singleton bean 'autoConfigurationReport'
2025-04-26T22:20:17.800+02:00 TRACE 13448 --- [api-gateway] [    Test worker] o.s.b.f.s.DefaultListableBeanFactory     : Returning cached instance of singleton bean 'autoConfigurationReport'
2025-04-26T22:20:17.800+02:00 TRACE 13448 --- [api-gateway] [    Test worker] o.s.b.f.s.DefaultListableBeanFactory     : Returning cached instance of singleton bean 'autoConfigurationReport'
2025-04-26T22:20:17.800+02:00 TRACE 13448 --- [api-gateway] [    Test worker] o.s.b.f.s.DefaultListableBeanFactory     : Returning cached instance of singleton bean 'autoConfigurationReport'
2025-04-26T22:20:17.800+02:00 TRACE 13448 --- [api-gateway] [    Test worker] o.s.b.f.s.DefaultListableBeanFactory     : Returning cached instance of singleton bean 'autoConfigurationReport'
2025-04-26T22:20:17.800+02:00 TRACE 13448 --- [api-gateway] [    Test worker] o.s.b.f.s.DefaultListableBeanFactory     : Returning cached instance of singleton bean 'autoConfigurationReport'
2025-04-26T22:20:17.800+02:00 TRACE 13448 --- [api-gateway] [    Test worker] o.s.b.f.s.DefaultListableBeanFactory     : Returning cached instance of singleton bean 'autoConfigurationReport'
2025-04-26T22:20:17.800+02:00 TRACE 13448 --- [api-gateway] [    Test worker] o.s.b.f.s.DefaultListableBeanFactory     : Returning cached instance of singleton bean 'autoConfigurationReport'
2025-04-26T22:20:17.800+02:00 TRACE 13448 --- [api-gateway] [    Test worker] o.s.b.f.s.DefaultListableBeanFactory     : Returning cached instance of singleton bean 'autoConfigurationReport'
2025-04-26T22:20:17.800+02:00 TRACE 13448 --- [api-gateway] [    Test worker] o.s.b.f.s.DefaultListableBeanFactory     : Returning cached instance of singleton bean 'autoConfigurationReport'
2025-04-26T22:20:17.800+02:00 TRACE 13448 --- [api-gateway] [    Test worker] o.s.b.f.s.DefaultListableBeanFactory     : Returning cached instance of singleton bean 'autoConfigurationReport'
2025-04-26T22:20:17.800+02:00 TRACE 13448 --- [api-gateway] [    Test worker] o.s.b.f.s.DefaultListableBeanFactory     : Returning cached instance of singleton bean 'autoConfigurationReport'
2025-04-26T22:20:17.801+02:00 TRACE 13448 --- [api-gateway] [    Test worker] o.s.b.a.condition.OnClassCondition       : Condition OnClassCondition on org.springframework.cloud.client.serviceregistry.ServiceRegistryAutoConfiguration$ServiceRegistryEndpointConfiguration did not match due to @ConditionalOnClass did not find required class 'org.springframework.boot.actuate.endpoint.annotation.Endpoint'
2025-04-26T22:20:17.801+02:00 TRACE 13448 --- [api-gateway] [    Test worker] o.s.b.f.s.DefaultListableBeanFactory     : Returning cached instance of singleton bean 'autoConfigurationReport'
2025-04-26T22:20:17.801+02:00 TRACE 13448 --- [api-gateway] [    Test worker] o.s.b.f.s.DefaultListableBeanFactory     : Returning cached instance of singleton bean 'autoConfigurationReport'
2025-04-26T22:20:17.801+02:00 TRACE 13448 --- [api-gateway] [    Test worker] o.s.b.f.s.DefaultListableBeanFactory     : Returning cached instance of singleton bean 'autoConfigurationReport'
2025-04-26T22:20:17.801+02:00 TRACE 13448 --- [api-gateway] [    Test worker] o.s.b.f.s.DefaultListableBeanFactory     : Returning cached instance of singleton bean 'autoConfigurationReport'
2025-04-26T22:20:17.801+02:00 TRACE 13448 --- [api-gateway] [    Test worker] o.s.b.f.s.DefaultListableBeanFactory     : Returning cached instance of singleton bean 'autoConfigurationReport'
2025-04-26T22:20:17.801+02:00 TRACE 13448 --- [api-gateway] [    Test worker] o.s.b.f.s.DefaultListableBeanFactory     : Returning cached instance of singleton bean 'autoConfigurationReport'
2025-04-26T22:20:17.801+02:00 TRACE 13448 --- [api-gateway] [    Test worker] o.s.b.f.s.DefaultListableBeanFactory     : Returning cached instance of singleton bean 'autoConfigurationReport'
2025-04-26T22:20:17.802+02:00 TRACE 13448 --- [api-gateway] [    Test worker] o.s.b.f.s.DefaultListableBeanFactory     : Returning cached instance of singleton bean 'autoConfigurationReport'
2025-04-26T22:20:17.802+02:00 TRACE 13448 --- [api-gateway] [    Test worker] o.s.b.f.s.DefaultListableBeanFactory     : Returning cached instance of singleton bean 'autoConfigurationReport'
2025-04-26T22:20:17.802+02:00 TRACE 13448 --- [api-gateway] [    Test worker] o.s.b.f.s.DefaultListableBeanFactory     : Returning cached instance of singleton bean 'autoConfigurationReport'
2025-04-26T22:20:17.802+02:00 TRACE 13448 --- [api-gateway] [    Test worker] o.s.b.f.s.DefaultListableBeanFactory     : Returning cached instance of singleton bean 'autoConfigurationReport'
2025-04-26T22:20:17.802+02:00 TRACE 13448 --- [api-gateway] [    Test worker] o.s.b.f.s.DefaultListableBeanFactory     : Returning cached instance of singleton bean 'autoConfigurationReport'
2025-04-26T22:20:17.802+02:00 TRACE 13448 --- [api-gateway] [    Test worker] o.s.b.f.s.DefaultListableBeanFactory     : Returning cached instance of singleton bean 'autoConfigurationReport'
2025-04-26T22:20:17.802+02:00 TRACE 13448 --- [api-gateway] [    Test worker] o.s.b.f.s.DefaultListableBeanFactory     : Returning cached instance of singleton bean 'autoConfigurationReport'
2025-04-26T22:20:17.802+02:00 TRACE 13448 --- [api-gateway] [    Test worker] o.s.b.f.s.DefaultListableBeanFactory     : Returning cached instance of singleton bean 'autoConfigurationReport'
2025-04-26T22:20:17.802+02:00 TRACE 13448 --- [api-gateway] [    Test worker] o.s.b.f.s.DefaultListableBeanFactory     : Returning cached instance of singleton bean 'autoConfigurationReport'
2025-04-26T22:20:17.802+02:00 TRACE 13448 --- [api-gateway] [    Test worker] o.s.b.a.condition.OnClassCondition       : Condition OnClassCondition on org.springframework.cloud.commons.security.ResourceServerTokenRelayAutoConfiguration did not match due to @ConditionalOnClass did not find required class 'org.springframework.web.servlet.config.annotation.WebMvcConfigurer'
2025-04-26T22:20:17.802+02:00 TRACE 13448 --- [api-gateway] [    Test worker] o.s.b.f.s.DefaultListableBeanFactory     : Returning cached instance of singleton bean 'autoConfigurationReport'
2025-04-26T22:20:17.803+02:00 TRACE 13448 --- [api-gateway] [    Test worker] o.s.b.f.s.DefaultListableBeanFactory     : Returning cached instance of singleton bean 'autoConfigurationReport'
2025-04-26T22:20:17.803+02:00 TRACE 13448 --- [api-gateway] [    Test worker] o.s.b.f.s.DefaultListableBeanFactory     : Returning cached instance of singleton bean 'autoConfigurationReport'
2025-04-26T22:20:17.803+02:00 TRACE 13448 --- [api-gateway] [    Test worker] o.s.b.f.s.DefaultListableBeanFactory     : Returning cached instance of singleton bean 'autoConfigurationReport'
2025-04-26T22:20:17.803+02:00 TRACE 13448 --- [api-gateway] [    Test worker] o.s.b.f.s.DefaultListableBeanFactory     : Returning cached instance of singleton bean 'autoConfigurationReport'
2025-04-26T22:20:17.803+02:00 TRACE 13448 --- [api-gateway] [    Test worker] o.s.b.f.s.DefaultListableBeanFactory     : Returning cached instance of singleton bean 'autoConfigurationReport'
2025-04-26T22:20:17.803+02:00 TRACE 13448 --- [api-gateway] [    Test worker] o.s.b.f.s.DefaultListableBeanFactory     : Returning cached instance of singleton bean 'autoConfigurationReport'
2025-04-26T22:20:17.803+02:00 TRACE 13448 --- [api-gateway] [    Test worker] o.s.b.a.condition.OnPropertyCondition    : Condition OnPropertyCondition on org.springframework.cloud.commons.util.UtilAutoConfiguration matched due to @ConditionalOnProperty (spring.cloud.util.enabled) matched
2025-04-26T22:20:17.803+02:00 TRACE 13448 --- [api-gateway] [    Test worker] o.s.b.f.s.DefaultListableBeanFactory     : Returning cached instance of singleton bean 'autoConfigurationReport'
2025-04-26T22:20:17.803+02:00 TRACE 13448 --- [api-gateway] [    Test worker] o.s.b.f.s.DefaultListableBeanFactory     : Returning cached instance of singleton bean 'autoConfigurationReport'
2025-04-26T22:20:17.803+02:00 TRACE 13448 --- [api-gateway] [    Test worker] o.s.b.f.s.DefaultListableBeanFactory     : Returning cached instance of singleton bean 'autoConfigurationReport'
2025-04-26T22:20:17.803+02:00 TRACE 13448 --- [api-gateway] [    Test worker] o.s.b.f.s.DefaultListableBeanFactory     : Returning cached instance of singleton bean 'autoConfigurationReport'
2025-04-26T22:20:17.803+02:00 TRACE 13448 --- [api-gateway] [    Test worker] o.s.b.f.s.DefaultListableBeanFactory     : Returning cached instance of singleton bean 'autoConfigurationReport'
2025-04-26T22:20:17.803+02:00 TRACE 13448 --- [api-gateway] [    Test worker] o.s.b.f.s.DefaultListableBeanFactory     : Returning cached instance of singleton bean 'autoConfigurationReport'
2025-04-26T22:20:17.803+02:00 TRACE 13448 --- [api-gateway] [    Test worker] o.s.b.f.s.DefaultListableBeanFactory     : Returning cached instance of singleton bean 'autoConfigurationReport'
2025-04-26T22:20:17.803+02:00 TRACE 13448 --- [api-gateway] [    Test worker] o.s.b.f.s.DefaultListableBeanFactory     : Returning cached instance of singleton bean 'autoConfigurationReport'
2025-04-26T22:20:17.803+02:00 TRACE 13448 --- [api-gateway] [    Test worker] o.s.b.f.s.DefaultListableBeanFactory     : Returning cached instance of singleton bean 'autoConfigurationReport'
2025-04-26T22:20:17.803+02:00 TRACE 13448 --- [api-gateway] [    Test worker] o.s.b.f.s.DefaultListableBeanFactory     : Returning cached instance of singleton bean 'autoConfigurationReport'
2025-04-26T22:20:17.804+02:00 TRACE 13448 --- [api-gateway] [    Test worker] o.s.b.a.condition.OnPropertyCondition    : Condition OnPropertyCondition on org.springframework.cloud.configuration.CompatibilityVerifierAutoConfiguration matched due to @ConditionalOnProperty (spring.cloud.compatibility-verifier.enabled) matched
2025-04-26T22:20:17.804+02:00 TRACE 13448 --- [api-gateway] [    Test worker] o.s.b.f.s.DefaultListableBeanFactory     : Returning cached instance of singleton bean 'autoConfigurationReport'
2025-04-26T22:20:17.804+02:00 TRACE 13448 --- [api-gateway] [    Test worker] o.s.b.f.s.DefaultListableBeanFactory     : Returning cached instance of singleton bean 'autoConfigurationReport'
2025-04-26T22:20:17.804+02:00 TRACE 13448 --- [api-gateway] [    Test worker] o.s.b.f.s.DefaultListableBeanFactory     : Returning cached instance of singleton bean 'autoConfigurationReport'
2025-04-26T22:20:17.804+02:00 TRACE 13448 --- [api-gateway] [    Test worker] o.s.b.f.s.DefaultListableBeanFactory     : Returning cached instance of singleton bean 'autoConfigurationReport'
2025-04-26T22:20:17.804+02:00 TRACE 13448 --- [api-gateway] [    Test worker] o.s.b.f.s.DefaultListableBeanFactory     : Returning cached instance of singleton bean 'autoConfigurationReport'
2025-04-26T22:20:17.804+02:00 TRACE 13448 --- [api-gateway] [    Test worker] o.s.b.f.s.DefaultListableBeanFactory     : Returning cached instance of singleton bean 'autoConfigurationReport'
2025-04-26T22:20:17.804+02:00 TRACE 13448 --- [api-gateway] [    Test worker] o.s.b.f.s.DefaultListableBeanFactory     : Returning cached instance of singleton bean 'autoConfigurationReport'
2025-04-26T22:20:17.804+02:00 TRACE 13448 --- [api-gateway] [    Test worker] o.s.b.f.s.DefaultListableBeanFactory     : Returning cached instance of singleton bean 'autoConfigurationReport'
2025-04-26T22:20:17.804+02:00 TRACE 13448 --- [api-gateway] [    Test worker] o.s.b.f.s.DefaultListableBeanFactory     : Returning cached instance of singleton bean 'autoConfigurationReport'
2025-04-26T22:20:17.804+02:00 TRACE 13448 --- [api-gateway] [    Test worker] o.s.b.f.s.DefaultListableBeanFactory     : Returning cached instance of singleton bean 'autoConfigurationReport'
2025-04-26T22:20:17.805+02:00 TRACE 13448 --- [api-gateway] [    Test worker] o.s.b.a.condition.OnClassCondition       : Condition OnClassCondition on org.springframework.cloud.gateway.config.GatewayNoLoadBalancerClientAutoConfiguration did not match due to @ConditionalOnMissingClass found unwanted class 'org.springframework.cloud.loadbalancer.core.ReactorLoadBalancer'
2025-04-26T22:20:17.805+02:00 TRACE 13448 --- [api-gateway] [    Test worker] o.s.b.f.s.DefaultListableBeanFactory     : Returning cached instance of singleton bean 'autoConfigurationReport'
2025-04-26T22:20:17.805+02:00 TRACE 13448 --- [api-gateway] [    Test worker] o.s.b.f.s.DefaultListableBeanFactory     : Returning cached instance of singleton bean 'autoConfigurationReport'
2025-04-26T22:20:17.805+02:00 TRACE 13448 --- [api-gateway] [    Test worker] o.s.b.f.s.DefaultListableBeanFactory     : Returning cached instance of singleton bean 'autoConfigurationReport'
2025-04-26T22:20:17.805+02:00 TRACE 13448 --- [api-gateway] [    Test worker] o.s.b.f.s.DefaultListableBeanFactory     : Returning cached instance of singleton bean 'autoConfigurationReport'
2025-04-26T22:20:17.805+02:00 TRACE 13448 --- [api-gateway] [    Test worker] o.s.b.f.s.DefaultListableBeanFactory     : Returning cached instance of singleton bean 'autoConfigurationReport'
2025-04-26T22:20:17.805+02:00 TRACE 13448 --- [api-gateway] [    Test worker] o.s.b.f.s.DefaultListableBeanFactory     : Returning cached instance of singleton bean 'autoConfigurationReport'
2025-04-26T22:20:17.805+02:00 TRACE 13448 --- [api-gateway] [    Test worker] o.s.b.f.s.DefaultListableBeanFactory     : Returning cached instance of singleton bean 'autoConfigurationReport'
2025-04-26T22:20:17.806+02:00 TRACE 13448 --- [api-gateway] [    Test worker] o.s.b.a.condition.OnClassCondition       : Condition OnClassCondition on org.springframework.cloud.gateway.config.SimpleUrlHandlerMappingGlobalCorsAutoConfiguration matched due to @ConditionalOnClass found required class 'org.springframework.web.reactive.handler.SimpleUrlHandlerMapping'
2025-04-26T22:20:17.806+02:00 TRACE 13448 --- [api-gateway] [    Test worker] o.s.b.f.s.DefaultListableBeanFactory     : Returning cached instance of singleton bean 'autoConfigurationReport'
2025-04-26T22:20:17.806+02:00 TRACE 13448 --- [api-gateway] [    Test worker] o.s.b.a.condition.OnPropertyCondition    : Condition OnPropertyCondition on org.springframework.cloud.gateway.config.SimpleUrlHandlerMappingGlobalCorsAutoConfiguration did not match due to @ConditionalOnProperty (spring.cloud.gateway.globalcors.add-to-simple-url-handler-mapping) did not find property 'spring.cloud.gateway.globalcors.add-to-simple-url-handler-mapping'
2025-04-26T22:20:17.806+02:00 TRACE 13448 --- [api-gateway] [    Test worker] o.s.b.f.s.DefaultListableBeanFactory     : Returning cached instance of singleton bean 'autoConfigurationReport'
2025-04-26T22:20:17.806+02:00 TRACE 13448 --- [api-gateway] [    Test worker] o.s.b.f.s.DefaultListableBeanFactory     : Returning cached instance of singleton bean 'autoConfigurationReport'
2025-04-26T22:20:17.806+02:00 TRACE 13448 --- [api-gateway] [    Test worker] o.s.b.f.s.DefaultListableBeanFactory     : Returning cached instance of singleton bean 'autoConfigurationReport'
2025-04-26T22:20:17.806+02:00 TRACE 13448 --- [api-gateway] [    Test worker] o.s.b.f.s.DefaultListableBeanFactory     : Returning cached instance of singleton bean 'autoConfigurationReport'
2025-04-26T22:20:17.807+02:00 TRACE 13448 --- [api-gateway] [    Test worker] o.s.b.f.s.DefaultListableBeanFactory     : Returning cached instance of singleton bean 'autoConfigurationReport'
2025-04-26T22:20:17.807+02:00 TRACE 13448 --- [api-gateway] [    Test worker] o.s.b.f.s.DefaultListableBeanFactory     : Returning cached instance of singleton bean 'autoConfigurationReport'
2025-04-26T22:20:17.807+02:00 TRACE 13448 --- [api-gateway] [    Test worker] o.s.b.f.s.DefaultListableBeanFactory     : Returning cached instance of singleton bean 'autoConfigurationReport'
2025-04-26T22:20:17.808+02:00 TRACE 13448 --- [api-gateway] [    Test worker] o.s.b.a.condition.OnClassCondition       : Condition OnClassCondition on org.springframework.cloud.loadbalancer.config.LoadBalancerCacheAutoConfiguration matched due to @ConditionalOnClass found required classes 'org.springframework.cache.CacheManager', 'org.springframework.boot.autoconfigure.cache.CacheAutoConfiguration'
2025-04-26T22:20:17.808+02:00 TRACE 13448 --- [api-gateway] [    Test worker] o.s.b.f.s.DefaultListableBeanFactory     : Returning cached instance of singleton bean 'autoConfigurationReport'
2025-04-26T22:20:17.808+02:00 TRACE 13448 --- [api-gateway] [    Test worker] o.s.b.f.s.DefaultListableBeanFactory     : Returning cached instance of singleton bean 'autoConfigurationReport'
2025-04-26T22:20:17.808+02:00 TRACE 13448 --- [api-gateway] [    Test worker] o.s.b.f.s.DefaultListableBeanFactory     : Returning cached instance of singleton bean 'autoConfigurationReport'
2025-04-26T22:20:17.808+02:00 TRACE 13448 --- [api-gateway] [    Test worker] o.s.b.f.s.DefaultListableBeanFactory     : Returning cached instance of singleton bean 'autoConfigurationReport'
2025-04-26T22:20:17.810+02:00 TRACE 13448 --- [api-gateway] [    Test worker] o.s.b.a.condition.OnClassCondition       : Condition OnClassCondition on org.springframework.cloud.loadbalancer.config.LoadBalancerCacheAutoConfiguration$DefaultLoadBalancerCacheManagerConfiguration matched due to @ConditionalOnClass found required class 'com.stoyanr.evictor.ConcurrentMapWithTimedEviction'
2025-04-26T22:20:17.810+02:00 TRACE 13448 --- [api-gateway] [    Test worker] o.s.b.f.s.DefaultListableBeanFactory     : Returning cached instance of singleton bean 'autoConfigurationReport'
2025-04-26T22:20:17.810+02:00 TRACE 13448 --- [api-gateway] [    Test worker] o.s.b.f.s.DefaultListableBeanFactory     : Returning cached instance of singleton bean 'autoConfigurationReport'
2025-04-26T22:20:17.810+02:00 TRACE 13448 --- [api-gateway] [    Test worker] o.s.b.f.s.DefaultListableBeanFactory     : Returning cached instance of singleton bean 'autoConfigurationReport'
2025-04-26T22:20:17.810+02:00 TRACE 13448 --- [api-gateway] [    Test worker] o.s.b.f.s.DefaultListableBeanFactory     : Returning cached instance of singleton bean 'autoConfigurationReport'
2025-04-26T22:20:17.811+02:00 TRACE 13448 --- [api-gateway] [    Test worker] o.s.b.a.condition.OnClassCondition       : Condition OnClassCondition on org.springframework.cloud.loadbalancer.config.LoadBalancerCacheAutoConfiguration$CaffeineLoadBalancerCacheManagerConfiguration did not match due to @ConditionalOnClass did not find required class 'com.github.benmanes.caffeine.cache.Caffeine'
2025-04-26T22:20:17.811+02:00 TRACE 13448 --- [api-gateway] [    Test worker] o.s.b.f.s.DefaultListableBeanFactory     : Returning cached instance of singleton bean 'autoConfigurationReport'
2025-04-26T22:20:17.811+02:00 TRACE 13448 --- [api-gateway] [    Test worker] o.s.b.f.s.DefaultListableBeanFactory     : Returning cached instance of singleton bean 'autoConfigurationReport'
2025-04-26T22:20:17.811+02:00 TRACE 13448 --- [api-gateway] [    Test worker] o.s.b.f.s.DefaultListableBeanFactory     : Returning cached instance of singleton bean 'autoConfigurationReport'
2025-04-26T22:20:17.811+02:00 TRACE 13448 --- [api-gateway] [    Test worker] o.s.b.f.s.DefaultListableBeanFactory     : Returning cached instance of singleton bean 'autoConfigurationReport'
2025-04-26T22:20:17.812+02:00 TRACE 13448 --- [api-gateway] [    Test worker] o.s.b.f.s.DefaultListableBeanFactory     : Returning cached instance of singleton bean 'autoConfigurationReport'
2025-04-26T22:20:17.812+02:00 TRACE 13448 --- [api-gateway] [    Test worker] o.s.b.f.s.DefaultListableBeanFactory     : Returning cached instance of singleton bean 'autoConfigurationReport'
2025-04-26T22:20:17.812+02:00 TRACE 13448 --- [api-gateway] [    Test worker] o.s.b.f.s.DefaultListableBeanFactory     : Returning cached instance of singleton bean 'autoConfigurationReport'
2025-04-26T22:20:17.812+02:00 TRACE 13448 --- [api-gateway] [    Test worker] o.s.b.f.s.DefaultListableBeanFactory     : Returning cached instance of singleton bean 'autoConfigurationReport'
2025-04-26T22:20:17.812+02:00 TRACE 13448 --- [api-gateway] [    Test worker] o.s.b.f.s.DefaultListableBeanFactory     : Returning cached instance of singleton bean 'autoConfigurationReport'
2025-04-26T22:20:17.812+02:00 TRACE 13448 --- [api-gateway] [    Test worker] o.s.b.f.s.DefaultListableBeanFactory     : Returning cached instance of singleton bean 'autoConfigurationReport'
2025-04-26T22:20:17.812+02:00 TRACE 13448 --- [api-gateway] [    Test worker] o.s.b.a.condition.OnPropertyCondition    : Condition OnPropertyCondition on org.springframework.cloud.loadbalancer.security.OAuth2LoadBalancerClientAutoConfiguration did not match due to @ConditionalOnProperty (spring.cloud.oauth2.load-balanced.enabled) did not find property 'spring.cloud.oauth2.load-balanced.enabled'
2025-04-26T22:20:17.812+02:00 TRACE 13448 --- [api-gateway] [    Test worker] o.s.b.f.s.DefaultListableBeanFactory     : Returning cached instance of singleton bean 'autoConfigurationReport'
2025-04-26T22:20:17.812+02:00 TRACE 13448 --- [api-gateway] [    Test worker] o.s.b.f.s.DefaultListableBeanFactory     : Returning cached instance of singleton bean 'autoConfigurationReport'
2025-04-26T22:20:17.812+02:00 TRACE 13448 --- [api-gateway] [    Test worker] o.s.b.f.s.DefaultListableBeanFactory     : Returning cached instance of singleton bean 'autoConfigurationReport'
2025-04-26T22:20:17.812+02:00 TRACE 13448 --- [api-gateway] [    Test worker] o.s.b.f.s.DefaultListableBeanFactory     : Returning cached instance of singleton bean 'autoConfigurationReport'
2025-04-26T22:20:17.812+02:00 TRACE 13448 --- [api-gateway] [    Test worker] o.s.b.f.s.DefaultListableBeanFactory     : Returning cached instance of singleton bean 'autoConfigurationReport'
2025-04-26T22:20:17.812+02:00 TRACE 13448 --- [api-gateway] [    Test worker] o.s.b.f.s.DefaultListableBeanFactory     : Returning cached instance of singleton bean 'autoConfigurationReport'
2025-04-26T22:20:17.812+02:00 TRACE 13448 --- [api-gateway] [    Test worker] o.s.b.f.s.DefaultListableBeanFactory     : Returning cached instance of singleton bean 'autoConfigurationReport'
2025-04-26T22:20:17.813+02:00 TRACE 13448 --- [api-gateway] [    Test worker] o.s.b.a.condition.OnClassCondition       : Condition OnClassCondition on org.springframework.cloud.netflix.eureka.loadbalancer.LoadBalancerEurekaAutoConfiguration matched due to @ConditionalOnClass found required class 'org.springframework.cloud.loadbalancer.annotation.LoadBalancerClientConfigurationRegistrar'
2025-04-26T22:20:17.813+02:00 TRACE 13448 --- [api-gateway] [    Test worker] o.s.b.f.s.DefaultListableBeanFactory     : Returning cached instance of singleton bean 'autoConfigurationReport'
2025-04-26T22:20:17.813+02:00 TRACE 13448 --- [api-gateway] [    Test worker] o.s.b.a.condition.OnPropertyCondition    : Condition OnPropertyCondition on org.springframework.cloud.netflix.eureka.loadbalancer.LoadBalancerEurekaAutoConfiguration matched due to @ConditionalOnProperty (eureka.client.enabled) matched
2025-04-26T22:20:17.813+02:00 TRACE 13448 --- [api-gateway] [    Test worker] o.s.b.f.s.DefaultListableBeanFactory     : Returning cached instance of singleton bean 'autoConfigurationReport'
2025-04-26T22:20:17.813+02:00 TRACE 13448 --- [api-gateway] [    Test worker] o.s.b.f.s.DefaultListableBeanFactory     : Returning cached instance of singleton bean 'autoConfigurationReport'
2025-04-26T22:20:17.814+02:00 TRACE 13448 --- [api-gateway] [    Test worker] o.s.b.f.s.DefaultListableBeanFactory     : Returning cached instance of singleton bean 'autoConfigurationReport'
2025-04-26T22:20:17.814+02:00 TRACE 13448 --- [api-gateway] [    Test worker] o.s.b.f.s.DefaultListableBeanFactory     : Returning cached instance of singleton bean 'autoConfigurationReport'
2025-04-26T22:20:17.821+02:00 TRACE 13448 --- [api-gateway] [    Test worker] a.ConfigurationClassBeanDefinitionReader : Registering bean definition for @Bean method com.pibbletv.api_gateway.GatewayConfig.customRouteLocator()
2025-04-26T22:20:17.823+02:00 TRACE 13448 --- [api-gateway] [    Test worker] a.ConfigurationClassBeanDefinitionReader : Registered bean definition for imported class 'org.springframework.security.config.annotation.web.reactive.ServerHttpSecurityConfiguration'
2025-04-26T22:20:17.823+02:00 TRACE 13448 --- [api-gateway] [    Test worker] a.ConfigurationClassBeanDefinitionReader : Registering bean definition for @Bean method org.springframework.security.config.annotation.web.reactive.ServerHttpSecurityConfiguration.authenticationPrincipalArgumentResolverConfigurer()
2025-04-26T22:20:17.823+02:00 TRACE 13448 --- [api-gateway] [    Test worker] a.ConfigurationClassBeanDefinitionReader : Registering bean definition for @Bean method org.springframework.security.config.annotation.web.reactive.ServerHttpSecurityConfiguration.authenticationPrincipalArgumentResolver()
2025-04-26T22:20:17.823+02:00 TRACE 13448 --- [api-gateway] [    Test worker] a.ConfigurationClassBeanDefinitionReader : Registering bean definition for @Bean method org.springframework.security.config.annotation.web.reactive.ServerHttpSecurityConfiguration.reactiveCurrentSecurityContextArgumentResolver()
2025-04-26T22:20:17.823+02:00 TRACE 13448 --- [api-gateway] [    Test worker] a.ConfigurationClassBeanDefinitionReader : Registering bean definition for @Bean method org.springframework.security.config.annotation.web.reactive.ServerHttpSecurityConfiguration.org.springframework.security.config.annotation.web.reactive.HttpSecurityConfiguration.httpSecurity()
2025-04-26T22:20:17.823+02:00 TRACE 13448 --- [api-gateway] [    Test worker] a.ConfigurationClassBeanDefinitionReader : Registered bean definition for imported class 'org.springframework.security.config.annotation.web.reactive.WebFluxSecurityConfiguration'
2025-04-26T22:20:17.823+02:00 TRACE 13448 --- [api-gateway] [    Test worker] a.ConfigurationClassBeanDefinitionReader : Registering bean definition for @Bean method org.springframework.security.config.annotation.web.reactive.WebFluxSecurityConfiguration.org.springframework.security.config.annotation.web.reactive.WebFluxSecurityConfiguration.WebFilterChainFilter()
2025-04-26T22:20:17.823+02:00 TRACE 13448 --- [api-gateway] [    Test worker] a.ConfigurationClassBeanDefinitionReader : Registering bean definition for @Bean method org.springframework.security.config.annotation.web.reactive.WebFluxSecurityConfiguration.requestDataValueProcessor()
2025-04-26T22:20:17.824+02:00 TRACE 13448 --- [api-gateway] [    Test worker] a.ConfigurationClassBeanDefinitionReader : Registering bean definition for @Bean method org.springframework.security.config.annotation.web.reactive.WebFluxSecurityConfiguration.conversionServicePostProcessor()
2025-04-26T22:20:17.824+02:00 TRACE 13448 --- [api-gateway] [    Test worker] a.ConfigurationClassBeanDefinitionReader : Registered bean definition for imported class 'org.springframework.security.config.annotation.web.reactive.ReactiveObservationConfiguration'
2025-04-26T22:20:17.824+02:00 TRACE 13448 --- [api-gateway] [    Test worker] a.ConfigurationClassBeanDefinitionReader : Registering bean definition for @Bean method org.springframework.security.config.annotation.web.reactive.ReactiveObservationConfiguration.webAuthorizationManagerPostProcessor()
2025-04-26T22:20:17.824+02:00 TRACE 13448 --- [api-gateway] [    Test worker] a.ConfigurationClassBeanDefinitionReader : Registering bean definition for @Bean method org.springframework.security.config.annotation.web.reactive.ReactiveObservationConfiguration.reactiveAuthenticationManagerPostProcessor()
2025-04-26T22:20:17.824+02:00 TRACE 13448 --- [api-gateway] [    Test worker] a.ConfigurationClassBeanDefinitionReader : Registering bean definition for @Bean method org.springframework.security.config.annotation.web.reactive.ReactiveObservationConfiguration.filterChainDecoratorPostProcessor()
2025-04-26T22:20:17.824+02:00 TRACE 13448 --- [api-gateway] [    Test worker] a.ConfigurationClassBeanDefinitionReader : Registered bean definition for imported class '_prePostMethodSecurityConfiguration'
2025-04-26T22:20:17.824+02:00 TRACE 13448 --- [api-gateway] [    Test worker] a.ConfigurationClassBeanDefinitionReader : Registering bean definition for @Bean method org.springframework.security.config.annotation.method.configuration.PrePostMethodSecurityConfiguration.preFilterAuthorizationMethodInterceptor()
2025-04-26T22:20:17.824+02:00 TRACE 13448 --- [api-gateway] [    Test worker] a.ConfigurationClassBeanDefinitionReader : Registering bean definition for @Bean method org.springframework.security.config.annotation.method.configuration.PrePostMethodSecurityConfiguration.preAuthorizeAuthorizationMethodInterceptor()
2025-04-26T22:20:17.824+02:00 TRACE 13448 --- [api-gateway] [    Test worker] a.ConfigurationClassBeanDefinitionReader : Registering bean definition for @Bean method org.springframework.security.config.annotation.method.configuration.PrePostMethodSecurityConfiguration.postAuthorizeAuthorizationMethodInterceptor()
2025-04-26T22:20:17.824+02:00 TRACE 13448 --- [api-gateway] [    Test worker] a.ConfigurationClassBeanDefinitionReader : Registering bean definition for @Bean method org.springframework.security.config.annotation.method.configuration.PrePostMethodSecurityConfiguration.postFilterAuthorizationMethodInterceptor()
2025-04-26T22:20:17.824+02:00 TRACE 13448 --- [api-gateway] [    Test worker] a.ConfigurationClassBeanDefinitionReader : Registering bean definition for @Bean method org.springframework.security.config.annotation.method.configuration.PrePostMethodSecurityConfiguration.prePostAuthorizeExpressionHintsRegistrar()
2025-04-26T22:20:17.825+02:00 TRACE 13448 --- [api-gateway] [    Test worker] a.ConfigurationClassBeanDefinitionReader : Registered bean definition for imported class '_jsr250MethodSecurityConfiguration'
2025-04-26T22:20:17.825+02:00 TRACE 13448 --- [api-gateway] [    Test worker] a.ConfigurationClassBeanDefinitionReader : Registering bean definition for @Bean method org.springframework.security.config.annotation.method.configuration.Jsr250MethodSecurityConfiguration.jsr250AuthorizationMethodInterceptor()
2025-04-26T22:20:17.825+02:00 TRACE 13448 --- [api-gateway] [    Test worker] a.ConfigurationClassBeanDefinitionReader : Registered bean definition for imported class 'org.springframework.security.config.annotation.method.configuration.AuthorizationProxyConfiguration'
2025-04-26T22:20:17.825+02:00 TRACE 13448 --- [api-gateway] [    Test worker] a.ConfigurationClassBeanDefinitionReader : Registering bean definition for @Bean method org.springframework.security.config.annotation.method.configuration.AuthorizationProxyConfiguration.authorizationProxyFactory()
2025-04-26T22:20:17.825+02:00 TRACE 13448 --- [api-gateway] [    Test worker] a.ConfigurationClassBeanDefinitionReader : Registering bean definition for @Bean method org.springframework.security.config.annotation.method.configuration.AuthorizationProxyConfiguration.authorizeReturnObjectMethodInterceptor()
2025-04-26T22:20:17.825+02:00 TRACE 13448 --- [api-gateway] [    Test worker] a.ConfigurationClassBeanDefinitionReader : Registering bean definition for @Bean method org.springframework.security.config.annotation.method.configuration.AuthorizationProxyConfiguration.authorizeReturnObjectHintsRegistrar()
2025-04-26T22:20:17.825+02:00 TRACE 13448 --- [api-gateway] [    Test worker] a.ConfigurationClassBeanDefinitionReader : Registered bean definition for imported class 'org.springframework.security.config.annotation.method.configuration.MethodObservationConfiguration'
2025-04-26T22:20:17.825+02:00 TRACE 13448 --- [api-gateway] [    Test worker] a.ConfigurationClassBeanDefinitionReader : Registering bean definition for @Bean method org.springframework.security.config.annotation.method.configuration.MethodObservationConfiguration.methodAuthorizationManagerPostProcessor()
2025-04-26T22:20:17.825+02:00 TRACE 13448 --- [api-gateway] [    Test worker] a.ConfigurationClassBeanDefinitionReader : Registering bean definition for @Bean method org.springframework.security.config.annotation.method.configuration.MethodObservationConfiguration.methodResultAuthorizationManagerPostProcessor()
2025-04-26T22:20:17.825+02:00 TRACE 13448 --- [api-gateway] [    Test worker] a.ConfigurationClassBeanDefinitionReader : Registering bean definition for @Bean method com.pibbletv.api_gateway.SecurityConfig.securityWebFilterChain()
2025-04-26T22:20:17.825+02:00 TRACE 13448 --- [api-gateway] [    Test worker] a.ConfigurationClassBeanDefinitionReader : Registering bean definition for @Bean method com.pibbletv.api_gateway.SecurityConfig.corsConfigurationSource()
2025-04-26T22:20:17.832+02:00 TRACE 13448 --- [api-gateway] [    Test worker] a.ConfigurationClassBeanDefinitionReader : Registered bean definition for imported class 'org.springframework.boot.autoconfigure.context.PropertyPlaceholderAutoConfiguration'
2025-04-26T22:20:17.859+02:00 TRACE 13448 --- [api-gateway] [    Test worker] o.s.b.a.condition.OnBeanCondition        : Condition OnBeanCondition on org.springframework.boot.autoconfigure.context.PropertyPlaceholderAutoConfiguration#propertySourcesPlaceholderConfigurer matched due to @ConditionalOnMissingBean (types: org.springframework.context.support.PropertySourcesPlaceholderConfigurer; SearchStrategy: current) did not find any beans
2025-04-26T22:20:17.859+02:00 TRACE 13448 --- [api-gateway] [    Test worker] o.s.b.f.s.DefaultListableBeanFactory     : Returning cached instance of singleton bean 'autoConfigurationReport'
2025-04-26T22:20:17.860+02:00 TRACE 13448 --- [api-gateway] [    Test worker] a.ConfigurationClassBeanDefinitionReader : Registering bean definition for @Bean method org.springframework.boot.autoconfigure.context.PropertyPlaceholderAutoConfiguration.propertySourcesPlaceholderConfigurer()
2025-04-26T22:20:17.860+02:00 TRACE 13448 --- [api-gateway] [    Test worker] o.s.b.a.condition.OnClassCondition       : Condition OnClassCondition on org.springframework.boot.autoconfigure.web.reactive.ReactiveWebServerFactoryAutoConfiguration matched due to @ConditionalOnClass found required class 'org.springframework.http.ReactiveHttpInputMessage'
2025-04-26T22:20:17.860+02:00 TRACE 13448 --- [api-gateway] [    Test worker] o.s.b.f.s.DefaultListableBeanFactory     : Returning cached instance of singleton bean 'autoConfigurationReport'
2025-04-26T22:20:17.860+02:00 TRACE 13448 --- [api-gateway] [    Test worker] o.s.b.a.c.OnWebApplicationCondition      : Condition OnWebApplicationCondition on org.springframework.boot.autoconfigure.web.reactive.ReactiveWebServerFactoryAutoConfiguration matched due to found ConfigurableReactiveWebEnvironment
2025-04-26T22:20:17.860+02:00 TRACE 13448 --- [api-gateway] [    Test worker] o.s.b.f.s.DefaultListableBeanFactory     : Returning cached instance of singleton bean 'autoConfigurationReport'
2025-04-26T22:20:17.860+02:00 TRACE 13448 --- [api-gateway] [    Test worker] o.s.b.a.condition.OnClassCondition       : Condition OnClassCondition on org.springframework.boot.autoconfigure.web.reactive.ReactiveWebServerFactoryConfiguration$EmbeddedNetty matched due to @ConditionalOnClass found required class 'reactor.netty.http.server.HttpServer'
2025-04-26T22:20:17.860+02:00 TRACE 13448 --- [api-gateway] [    Test worker] o.s.b.f.s.DefaultListableBeanFactory     : Returning cached instance of singleton bean 'autoConfigurationReport'
2025-04-26T22:20:17.862+02:00 TRACE 13448 --- [api-gateway] [    Test worker] o.s.b.a.condition.OnBeanCondition        : Condition OnBeanCondition on org.springframework.boot.autoconfigure.web.reactive.ReactiveWebServerFactoryConfiguration$EmbeddedNetty matched due to @ConditionalOnMissingBean (types: org.springframework.boot.web.reactive.server.ReactiveWebServerFactory; SearchStrategy: all) did not find any beans
2025-04-26T22:20:17.862+02:00 TRACE 13448 --- [api-gateway] [    Test worker] o.s.b.f.s.DefaultListableBeanFactory     : Returning cached instance of singleton bean 'autoConfigurationReport'
2025-04-26T22:20:17.863+02:00 TRACE 13448 --- [api-gateway] [    Test worker] a.ConfigurationClassBeanDefinitionReader : Registered bean definition for imported class 'org.springframework.boot.autoconfigure.reactor.netty.ReactorNettyConfigurations$ReactorResourceFactoryConfiguration'
2025-04-26T22:20:17.864+02:00 TRACE 13448 --- [api-gateway] [    Test worker] o.s.b.a.condition.OnBeanCondition        : Condition OnBeanCondition on org.springframework.boot.autoconfigure.reactor.netty.ReactorNettyConfigurations$ReactorResourceFactoryConfiguration#reactorResourceFactory matched due to @ConditionalOnMissingBean (types: org.springframework.http.client.ReactorResourceFactory; SearchStrategy: all) did not find any beans
2025-04-26T22:20:17.864+02:00 TRACE 13448 --- [api-gateway] [    Test worker] o.s.b.f.s.DefaultListableBeanFactory     : Returning cached instance of singleton bean 'autoConfigurationReport'
2025-04-26T22:20:17.864+02:00 TRACE 13448 --- [api-gateway] [    Test worker] a.ConfigurationClassBeanDefinitionReader : Registering bean definition for @Bean method org.springframework.boot.autoconfigure.reactor.netty.ReactorNettyConfigurations$ReactorResourceFactoryConfiguration.reactorResourceFactory()
2025-04-26T22:20:17.872+02:00 TRACE 13448 --- [api-gateway] [    Test worker] a.ConfigurationClassBeanDefinitionReader : Registered bean definition for imported class 'org.springframework.boot.autoconfigure.web.reactive.ReactiveWebServerFactoryConfiguration$EmbeddedNetty'
2025-04-26T22:20:17.873+02:00 TRACE 13448 --- [api-gateway] [    Test worker] a.ConfigurationClassBeanDefinitionReader : Registering bean definition for @Bean method org.springframework.boot.autoconfigure.web.reactive.ReactiveWebServerFactoryConfiguration$EmbeddedNetty.nettyReactiveWebServerFactory()
2025-04-26T22:20:17.874+02:00 TRACE 13448 --- [api-gateway] [    Test worker] a.ConfigurationClassBeanDefinitionReader : Registered bean definition for imported class 'org.springframework.boot.autoconfigure.web.reactive.ReactiveWebServerFactoryAutoConfiguration'
2025-04-26T22:20:17.875+02:00 TRACE 13448 --- [api-gateway] [    Test worker] a.ConfigurationClassBeanDefinitionReader : Registering bean definition for @Bean method org.springframework.boot.autoconfigure.web.reactive.ReactiveWebServerFactoryAutoConfiguration.reactiveWebServerFactoryCustomizer()
2025-04-26T22:20:17.875+02:00 TRACE 13448 --- [api-gateway] [    Test worker] o.s.b.a.condition.OnClassCondition       : Condition OnClassCondition on org.springframework.boot.autoconfigure.web.reactive.ReactiveWebServerFactoryAutoConfiguration#tomcatReactiveWebServerFactoryCustomizer did not match due to @ConditionalOnClass did not find required class 'org.apache.catalina.startup.Tomcat'
2025-04-26T22:20:17.875+02:00 TRACE 13448 --- [api-gateway] [    Test worker] o.s.b.f.s.DefaultListableBeanFactory     : Returning cached instance of singleton bean 'autoConfigurationReport'
2025-04-26T22:20:17.876+02:00 TRACE 13448 --- [api-gateway] [    Test worker] o.s.b.a.condition.OnPropertyCondition    : Condition OnPropertyCondition on org.springframework.boot.autoconfigure.web.reactive.ReactiveWebServerFactoryAutoConfiguration#forwardedHeaderTransformer did not match due to @ConditionalOnProperty (server.forward-headers-strategy=framework) did not find property 'server.forward-headers-strategy'
2025-04-26T22:20:17.876+02:00 TRACE 13448 --- [api-gateway] [    Test worker] o.s.b.f.s.DefaultListableBeanFactory     : Returning cached instance of singleton bean 'autoConfigurationReport'
2025-04-26T22:20:17.887+02:00 TRACE 13448 --- [api-gateway] [    Test worker] o.s.b.a.condition.OnClassCondition       : Condition OnClassCondition on org.springframework.boot.autoconfigure.jackson.JacksonAutoConfiguration matched due to @ConditionalOnClass found required class 'com.fasterxml.jackson.databind.ObjectMapper'
2025-04-26T22:20:17.887+02:00 TRACE 13448 --- [api-gateway] [    Test worker] o.s.b.f.s.DefaultListableBeanFactory     : Returning cached instance of singleton bean 'autoConfigurationReport'
2025-04-26T22:20:17.888+02:00 TRACE 13448 --- [api-gateway] [    Test worker] o.s.b.a.condition.OnClassCondition       : Condition OnClassCondition on org.springframework.boot.autoconfigure.jackson.JacksonAutoConfiguration$Jackson2ObjectMapperBuilderCustomizerConfiguration matched due to @ConditionalOnClass found required class 'org.springframework.http.converter.json.Jackson2ObjectMapperBuilder'
2025-04-26T22:20:17.888+02:00 TRACE 13448 --- [api-gateway] [    Test worker] o.s.b.f.s.DefaultListableBeanFactory     : Returning cached instance of singleton bean 'autoConfigurationReport'
2025-04-26T22:20:17.888+02:00 TRACE 13448 --- [api-gateway] [    Test worker] a.ConfigurationClassBeanDefinitionReader : Registered bean definition for imported class 'org.springframework.boot.autoconfigure.jackson.JacksonAutoConfiguration$Jackson2ObjectMapperBuilderCustomizerConfiguration'
2025-04-26T22:20:17.888+02:00 TRACE 13448 --- [api-gateway] [    Test worker] a.ConfigurationClassBeanDefinitionReader : Registering bean definition for @Bean method org.springframework.boot.autoconfigure.jackson.JacksonAutoConfiguration$Jackson2ObjectMapperBuilderCustomizerConfiguration.standardJacksonObjectMapperBuilderCustomizer()
2025-04-26T22:20:17.890+02:00 TRACE 13448 --- [api-gateway] [    Test worker] o.s.b.a.condition.OnClassCondition       : Condition OnClassCondition on org.springframework.boot.autoconfigure.jackson.JacksonAutoConfiguration$JacksonObjectMapperBuilderConfiguration matched due to @ConditionalOnClass found required class 'org.springframework.http.converter.json.Jackson2ObjectMapperBuilder'
2025-04-26T22:20:17.890+02:00 TRACE 13448 --- [api-gateway] [    Test worker] o.s.b.f.s.DefaultListableBeanFactory     : Returning cached instance of singleton bean 'autoConfigurationReport'
2025-04-26T22:20:17.890+02:00 TRACE 13448 --- [api-gateway] [    Test worker] a.ConfigurationClassBeanDefinitionReader : Registered bean definition for imported class 'org.springframework.boot.autoconfigure.jackson.JacksonAutoConfiguration$JacksonObjectMapperBuilderConfiguration'
2025-04-26T22:20:17.894+02:00 TRACE 13448 --- [api-gateway] [    Test worker] o.s.b.a.condition.OnBeanCondition        : Condition OnBeanCondition on org.springframework.boot.autoconfigure.jackson.JacksonAutoConfiguration$JacksonObjectMapperBuilderConfiguration#jacksonObjectMapperBuilder matched due to @ConditionalOnMissingBean (types: org.springframework.http.converter.json.Jackson2ObjectMapperBuilder; SearchStrategy: all) did not find any beans
2025-04-26T22:20:17.894+02:00 TRACE 13448 --- [api-gateway] [    Test worker] o.s.b.f.s.DefaultListableBeanFactory     : Returning cached instance of singleton bean 'autoConfigurationReport'
2025-04-26T22:20:17.894+02:00 TRACE 13448 --- [api-gateway] [    Test worker] a.ConfigurationClassBeanDefinitionReader : Registering bean definition for @Bean method org.springframework.boot.autoconfigure.jackson.JacksonAutoConfiguration$JacksonObjectMapperBuilderConfiguration.jacksonObjectMapperBuilder()
2025-04-26T22:20:17.894+02:00 TRACE 13448 --- [api-gateway] [    Test worker] o.s.b.a.condition.OnClassCondition       : Condition OnClassCondition on org.springframework.boot.autoconfigure.jackson.JacksonAutoConfiguration$ParameterNamesModuleConfiguration matched due to @ConditionalOnClass found required class 'com.fasterxml.jackson.module.paramnames.ParameterNamesModule'
2025-04-26T22:20:17.894+02:00 TRACE 13448 --- [api-gateway] [    Test worker] o.s.b.f.s.DefaultListableBeanFactory     : Returning cached instance of singleton bean 'autoConfigurationReport'
2025-04-26T22:20:17.895+02:00 TRACE 13448 --- [api-gateway] [    Test worker] a.ConfigurationClassBeanDefinitionReader : Registered bean definition for imported class 'org.springframework.boot.autoconfigure.jackson.JacksonAutoConfiguration$ParameterNamesModuleConfiguration'
2025-04-26T22:20:17.896+02:00 TRACE 13448 --- [api-gateway] [    Test worker] o.s.b.a.condition.OnBeanCondition        : Condition OnBeanCondition on org.springframework.boot.autoconfigure.jackson.JacksonAutoConfiguration$ParameterNamesModuleConfiguration#parameterNamesModule matched due to @ConditionalOnMissingBean (types: com.fasterxml.jackson.module.paramnames.ParameterNamesModule; SearchStrategy: all) did not find any beans
2025-04-26T22:20:17.896+02:00 TRACE 13448 --- [api-gateway] [    Test worker] o.s.b.f.s.DefaultListableBeanFactory     : Returning cached instance of singleton bean 'autoConfigurationReport'
2025-04-26T22:20:17.896+02:00 TRACE 13448 --- [api-gateway] [    Test worker] a.ConfigurationClassBeanDefinitionReader : Registering bean definition for @Bean method org.springframework.boot.autoconfigure.jackson.JacksonAutoConfiguration$ParameterNamesModuleConfiguration.parameterNamesModule()
2025-04-26T22:20:17.896+02:00 TRACE 13448 --- [api-gateway] [    Test worker] o.s.b.a.condition.OnClassCondition       : Condition OnClassCondition on org.springframework.boot.autoconfigure.jackson.JacksonAutoConfiguration$JacksonObjectMapperConfiguration matched due to @ConditionalOnClass found required class 'org.springframework.http.converter.json.Jackson2ObjectMapperBuilder'
2025-04-26T22:20:17.896+02:00 TRACE 13448 --- [api-gateway] [    Test worker] o.s.b.f.s.DefaultListableBeanFactory     : Returning cached instance of singleton bean 'autoConfigurationReport'
2025-04-26T22:20:17.896+02:00 TRACE 13448 --- [api-gateway] [    Test worker] a.ConfigurationClassBeanDefinitionReader : Registered bean definition for imported class 'org.springframework.boot.autoconfigure.jackson.JacksonAutoConfiguration$JacksonObjectMapperConfiguration'
2025-04-26T22:20:17.897+02:00 TRACE 13448 --- [api-gateway] [    Test worker] o.s.b.a.condition.OnBeanCondition        : Condition OnBeanCondition on org.springframework.boot.autoconfigure.jackson.JacksonAutoConfiguration$JacksonObjectMapperConfiguration#jacksonObjectMapper matched due to @ConditionalOnMissingBean (types: com.fasterxml.jackson.databind.ObjectMapper; SearchStrategy: all) did not find any beans
2025-04-26T22:20:17.898+02:00 TRACE 13448 --- [api-gateway] [    Test worker] o.s.b.f.s.DefaultListableBeanFactory     : Returning cached instance of singleton bean 'autoConfigurationReport'
2025-04-26T22:20:17.898+02:00 TRACE 13448 --- [api-gateway] [    Test worker] a.ConfigurationClassBeanDefinitionReader : Registering bean definition for @Bean method org.springframework.boot.autoconfigure.jackson.JacksonAutoConfiguration$JacksonObjectMapperConfiguration.jacksonObjectMapper()
2025-04-26T22:20:17.898+02:00 TRACE 13448 --- [api-gateway] [    Test worker] a.ConfigurationClassBeanDefinitionReader : Registered bean definition for imported class 'org.springframework.boot.autoconfigure.jackson.JacksonAutoConfiguration$JacksonMixinConfiguration'
2025-04-26T22:20:17.898+02:00 TRACE 13448 --- [api-gateway] [    Test worker] a.ConfigurationClassBeanDefinitionReader : Registering bean definition for @Bean method org.springframework.boot.autoconfigure.jackson.JacksonAutoConfiguration$JacksonMixinConfiguration.jsonMixinModuleEntries()
2025-04-26T22:20:17.898+02:00 TRACE 13448 --- [api-gateway] [    Test worker] a.ConfigurationClassBeanDefinitionReader : Registering bean definition for @Bean method org.springframework.boot.autoconfigure.jackson.JacksonAutoConfiguration$JacksonMixinConfiguration.jsonMixinModule()
2025-04-26T22:20:17.898+02:00 TRACE 13448 --- [api-gateway] [    Test worker] a.ConfigurationClassBeanDefinitionReader : Registered bean definition for imported class 'org.springframework.boot.autoconfigure.jackson.JacksonAutoConfiguration'
2025-04-26T22:20:17.898+02:00 TRACE 13448 --- [api-gateway] [    Test worker] a.ConfigurationClassBeanDefinitionReader : Registering bean definition for @Bean method org.springframework.boot.autoconfigure.jackson.JacksonAutoConfiguration.jsonComponentModule()
2025-04-26T22:20:17.898+02:00 TRACE 13448 --- [api-gateway] [    Test worker] o.s.b.a.condition.OnClassCondition       : Condition OnClassCondition on org.springframework.boot.autoconfigure.http.codec.CodecsAutoConfiguration matched due to @ConditionalOnClass found required classes 'org.springframework.http.codec.CodecConfigurer', 'org.springframework.web.reactive.function.client.WebClient'
2025-04-26T22:20:17.898+02:00 TRACE 13448 --- [api-gateway] [    Test worker] o.s.b.f.s.DefaultListableBeanFactory     : Returning cached instance of singleton bean 'autoConfigurationReport'
2025-04-26T22:20:17.898+02:00 TRACE 13448 --- [api-gateway] [    Test worker] a.ConfigurationClassBeanDefinitionReader : Registered bean definition for imported class 'org.springframework.boot.autoconfigure.http.codec.CodecsAutoConfiguration$DefaultCodecsConfiguration'
2025-04-26T22:20:17.898+02:00 TRACE 13448 --- [api-gateway] [    Test worker] a.ConfigurationClassBeanDefinitionReader : Registering bean definition for @Bean method org.springframework.boot.autoconfigure.http.codec.CodecsAutoConfiguration$DefaultCodecsConfiguration.defaultCodecCustomizer()
2025-04-26T22:20:17.899+02:00 TRACE 13448 --- [api-gateway] [    Test worker] o.s.b.a.condition.OnClassCondition       : Condition OnClassCondition on org.springframework.boot.autoconfigure.http.codec.CodecsAutoConfiguration$JacksonCodecConfiguration matched due to @ConditionalOnClass found required class 'com.fasterxml.jackson.databind.ObjectMapper'
2025-04-26T22:20:17.899+02:00 TRACE 13448 --- [api-gateway] [    Test worker] o.s.b.f.s.DefaultListableBeanFactory     : Returning cached instance of singleton bean 'autoConfigurationReport'
2025-04-26T22:20:17.899+02:00 TRACE 13448 --- [api-gateway] [    Test worker] a.ConfigurationClassBeanDefinitionReader : Registered bean definition for imported class 'org.springframework.boot.autoconfigure.http.codec.CodecsAutoConfiguration$JacksonCodecConfiguration'
2025-04-26T22:20:17.906+02:00 TRACE 13448 --- [api-gateway] [    Test worker] o.s.b.a.condition.OnBeanCondition        : Condition OnBeanCondition on org.springframework.boot.autoconfigure.http.codec.CodecsAutoConfiguration$JacksonCodecConfiguration#jacksonCodecCustomizer matched due to @ConditionalOnBean (types: com.fasterxml.jackson.databind.ObjectMapper; SearchStrategy: all) found bean 'jacksonObjectMapper'
2025-04-26T22:20:17.906+02:00 TRACE 13448 --- [api-gateway] [    Test worker] o.s.b.f.s.DefaultListableBeanFactory     : Returning cached instance of singleton bean 'autoConfigurationReport'
2025-04-26T22:20:17.906+02:00 TRACE 13448 --- [api-gateway] [    Test worker] a.ConfigurationClassBeanDefinitionReader : Registering bean definition for @Bean method org.springframework.boot.autoconfigure.http.codec.CodecsAutoConfiguration$JacksonCodecConfiguration.jacksonCodecCustomizer()
2025-04-26T22:20:17.906+02:00 TRACE 13448 --- [api-gateway] [    Test worker] a.ConfigurationClassBeanDefinitionReader : Registered bean definition for imported class 'org.springframework.boot.autoconfigure.http.codec.CodecsAutoConfiguration'
2025-04-26T22:20:17.906+02:00 TRACE 13448 --- [api-gateway] [    Test worker] o.s.b.a.condition.OnClassCondition       : Condition OnClassCondition on org.springframework.boot.autoconfigure.validation.ValidationAutoConfiguration matched due to @ConditionalOnClass found required class 'jakarta.validation.executable.ExecutableValidator'
2025-04-26T22:20:17.907+02:00 TRACE 13448 --- [api-gateway] [    Test worker] o.s.b.f.s.DefaultListableBeanFactory     : Returning cached instance of singleton bean 'autoConfigurationReport'
2025-04-26T22:20:17.908+02:00 TRACE 13448 --- [api-gateway] [    Test worker] o.s.b.a.condition.OnResourceCondition    : Condition OnResourceCondition on org.springframework.boot.autoconfigure.validation.ValidationAutoConfiguration matched due to @ConditionalOnResource found location classpath:META-INF/services/jakarta.validation.spi.ValidationProvider
2025-04-26T22:20:17.908+02:00 TRACE 13448 --- [api-gateway] [    Test worker] o.s.b.f.s.DefaultListableBeanFactory     : Returning cached instance of singleton bean 'autoConfigurationReport'
2025-04-26T22:20:17.908+02:00 TRACE 13448 --- [api-gateway] [    Test worker] a.ConfigurationClassBeanDefinitionReader : Registered bean definition for imported class 'org.springframework.boot.autoconfigure.validation.ValidationAutoConfiguration'
2025-04-26T22:20:17.910+02:00 TRACE 13448 --- [api-gateway] [    Test worker] o.s.b.a.condition.OnBeanCondition        : Condition OnBeanCondition on org.springframework.boot.autoconfigure.validation.ValidationAutoConfiguration#defaultValidator matched due to @ConditionalOnMissingBean (types: jakarta.validation.Validator; SearchStrategy: all) did not find any beans
2025-04-26T22:20:17.910+02:00 TRACE 13448 --- [api-gateway] [    Test worker] o.s.b.f.s.DefaultListableBeanFactory     : Returning cached instance of singleton bean 'autoConfigurationReport'
2025-04-26T22:20:17.910+02:00 TRACE 13448 --- [api-gateway] [    Test worker] a.ConfigurationClassBeanDefinitionReader : Registering bean definition for @Bean method org.springframework.boot.autoconfigure.validation.ValidationAutoConfiguration.defaultValidator()
2025-04-26T22:20:17.915+02:00 TRACE 13448 --- [api-gateway] [    Test worker] o.s.b.a.condition.OnBeanCondition        : Condition OnBeanCondition on org.springframework.boot.autoconfigure.validation.ValidationAutoConfiguration#methodValidationPostProcessor matched due to @ConditionalOnMissingBean (types: org.springframework.validation.beanvalidation.MethodValidationPostProcessor; SearchStrategy: current) did not find any beans
2025-04-26T22:20:17.915+02:00 TRACE 13448 --- [api-gateway] [    Test worker] o.s.b.f.s.DefaultListableBeanFactory     : Returning cached instance of singleton bean 'autoConfigurationReport'
2025-04-26T22:20:17.915+02:00 TRACE 13448 --- [api-gateway] [    Test worker] a.ConfigurationClassBeanDefinitionReader : Registering bean definition for @Bean method org.springframework.boot.autoconfigure.validation.ValidationAutoConfiguration.methodValidationPostProcessor()
2025-04-26T22:20:17.916+02:00 TRACE 13448 --- [api-gateway] [    Test worker] o.s.b.a.condition.OnClassCondition       : Condition OnClassCondition on org.springframework.boot.autoconfigure.web.reactive.ReactiveMultipartAutoConfiguration matched due to @ConditionalOnClass found required classes 'org.springframework.http.codec.multipart.DefaultPartHttpMessageReader', 'org.springframework.web.reactive.config.WebFluxConfigurer'
2025-04-26T22:20:17.916+02:00 TRACE 13448 --- [api-gateway] [    Test worker] o.s.b.f.s.DefaultListableBeanFactory     : Returning cached instance of singleton bean 'autoConfigurationReport'
2025-04-26T22:20:17.916+02:00 TRACE 13448 --- [api-gateway] [    Test worker] o.s.b.a.c.OnWebApplicationCondition      : Condition OnWebApplicationCondition on org.springframework.boot.autoconfigure.web.reactive.ReactiveMultipartAutoConfiguration matched due to found ConfigurableReactiveWebEnvironment
2025-04-26T22:20:17.916+02:00 TRACE 13448 --- [api-gateway] [    Test worker] o.s.b.f.s.DefaultListableBeanFactory     : Returning cached instance of singleton bean 'autoConfigurationReport'
2025-04-26T22:20:17.916+02:00 TRACE 13448 --- [api-gateway] [    Test worker] a.ConfigurationClassBeanDefinitionReader : Registered bean definition for imported class 'org.springframework.boot.autoconfigure.web.reactive.ReactiveMultipartAutoConfiguration'
2025-04-26T22:20:17.917+02:00 TRACE 13448 --- [api-gateway] [    Test worker] a.ConfigurationClassBeanDefinitionReader : Registering bean definition for @Bean method org.springframework.boot.autoconfigure.web.reactive.ReactiveMultipartAutoConfiguration.defaultPartHttpMessageReaderCustomizer()
2025-04-26T22:20:17.918+02:00 TRACE 13448 --- [api-gateway] [    Test worker] o.s.b.a.condition.OnClassCondition       : Condition OnClassCondition on org.springframework.boot.autoconfigure.web.reactive.WebSessionIdResolverAutoConfiguration matched due to @ConditionalOnClass found required classes 'org.springframework.web.server.session.WebSessionManager', 'reactor.core.publisher.Mono'
2025-04-26T22:20:17.918+02:00 TRACE 13448 --- [api-gateway] [    Test worker] o.s.b.f.s.DefaultListableBeanFactory     : Returning cached instance of singleton bean 'autoConfigurationReport'
2025-04-26T22:20:17.918+02:00 TRACE 13448 --- [api-gateway] [    Test worker] o.s.b.a.c.OnWebApplicationCondition      : Condition OnWebApplicationCondition on org.springframework.boot.autoconfigure.web.reactive.WebSessionIdResolverAutoConfiguration matched due to found ConfigurableReactiveWebEnvironment
2025-04-26T22:20:17.918+02:00 TRACE 13448 --- [api-gateway] [    Test worker] o.s.b.f.s.DefaultListableBeanFactory     : Returning cached instance of singleton bean 'autoConfigurationReport'
2025-04-26T22:20:17.918+02:00 TRACE 13448 --- [api-gateway] [    Test worker] a.ConfigurationClassBeanDefinitionReader : Registered bean definition for imported class 'org.springframework.boot.autoconfigure.web.reactive.WebSessionIdResolverAutoConfiguration'
2025-04-26T22:20:17.919+02:00 TRACE 13448 --- [api-gateway] [    Test worker] o.s.b.a.condition.OnBeanCondition        : Condition OnBeanCondition on org.springframework.boot.autoconfigure.web.reactive.WebSessionIdResolverAutoConfiguration#webSessionIdResolver matched due to @ConditionalOnMissingBean (types: org.springframework.web.server.session.WebSessionIdResolver; SearchStrategy: all) did not find any beans
2025-04-26T22:20:17.919+02:00 TRACE 13448 --- [api-gateway] [    Test worker] o.s.b.f.s.DefaultListableBeanFactory     : Returning cached instance of singleton bean 'autoConfigurationReport'
2025-04-26T22:20:17.919+02:00 TRACE 13448 --- [api-gateway] [    Test worker] a.ConfigurationClassBeanDefinitionReader : Registering bean definition for @Bean method org.springframework.boot.autoconfigure.web.reactive.WebSessionIdResolverAutoConfiguration.webSessionIdResolver()
2025-04-26T22:20:17.922+02:00 TRACE 13448 --- [api-gateway] [    Test worker] o.s.b.a.condition.OnClassCondition       : Condition OnClassCondition on org.springframework.boot.autoconfigure.web.reactive.error.ErrorWebFluxAutoConfiguration matched due to @ConditionalOnClass found required class 'org.springframework.web.reactive.config.WebFluxConfigurer'
2025-04-26T22:20:17.922+02:00 TRACE 13448 --- [api-gateway] [    Test worker] o.s.b.f.s.DefaultListableBeanFactory     : Returning cached instance of singleton bean 'autoConfigurationReport'
2025-04-26T22:20:17.922+02:00 TRACE 13448 --- [api-gateway] [    Test worker] o.s.b.a.c.OnWebApplicationCondition      : Condition OnWebApplicationCondition on org.springframework.boot.autoconfigure.web.reactive.error.ErrorWebFluxAutoConfiguration matched due to found ConfigurableReactiveWebEnvironment
2025-04-26T22:20:17.922+02:00 TRACE 13448 --- [api-gateway] [    Test worker] o.s.b.f.s.DefaultListableBeanFactory     : Returning cached instance of singleton bean 'autoConfigurationReport'
2025-04-26T22:20:17.922+02:00 TRACE 13448 --- [api-gateway] [    Test worker] a.ConfigurationClassBeanDefinitionReader : Registered bean definition for imported class 'org.springframework.boot.autoconfigure.web.reactive.error.ErrorWebFluxAutoConfiguration'
2025-04-26T22:20:17.925+02:00 TRACE 13448 --- [api-gateway] [    Test worker] o.s.b.a.condition.OnBeanCondition        : Condition OnBeanCondition on org.springframework.boot.autoconfigure.web.reactive.error.ErrorWebFluxAutoConfiguration#errorWebExceptionHandler matched due to @ConditionalOnMissingBean (types: org.springframework.boot.web.reactive.error.ErrorWebExceptionHandler; SearchStrategy: current) did not find any beans
2025-04-26T22:20:17.925+02:00 TRACE 13448 --- [api-gateway] [    Test worker] o.s.b.f.s.DefaultListableBeanFactory     : Returning cached instance of singleton bean 'autoConfigurationReport'
2025-04-26T22:20:17.925+02:00 TRACE 13448 --- [api-gateway] [    Test worker] a.ConfigurationClassBeanDefinitionReader : Registering bean definition for @Bean method org.springframework.boot.autoconfigure.web.reactive.error.ErrorWebFluxAutoConfiguration.errorWebExceptionHandler()
2025-04-26T22:20:17.927+02:00 TRACE 13448 --- [api-gateway] [    Test worker] o.s.b.a.condition.OnBeanCondition        : Condition OnBeanCondition on org.springframework.boot.autoconfigure.web.reactive.error.ErrorWebFluxAutoConfiguration#errorAttributes matched due to @ConditionalOnMissingBean (types: org.springframework.boot.web.reactive.error.ErrorAttributes; SearchStrategy: current) did not find any beans
2025-04-26T22:20:17.927+02:00 TRACE 13448 --- [api-gateway] [    Test worker] o.s.b.f.s.DefaultListableBeanFactory     : Returning cached instance of singleton bean 'autoConfigurationReport'
2025-04-26T22:20:17.927+02:00 TRACE 13448 --- [api-gateway] [    Test worker] a.ConfigurationClassBeanDefinitionReader : Registering bean definition for @Bean method org.springframework.boot.autoconfigure.web.reactive.error.ErrorWebFluxAutoConfiguration.errorAttributes()
2025-04-26T22:20:17.929+02:00 TRACE 13448 --- [api-gateway] [    Test worker] o.s.b.a.condition.OnPropertyCondition    : Condition OnPropertyCondition on org.springframework.cloud.gateway.config.GatewayClassPathWarningAutoConfiguration matched due to @ConditionalOnProperty (spring.cloud.gateway.enabled) matched
2025-04-26T22:20:17.929+02:00 TRACE 13448 --- [api-gateway] [    Test worker] o.s.b.f.s.DefaultListableBeanFactory     : Returning cached instance of singleton bean 'autoConfigurationReport'
2025-04-26T22:20:17.930+02:00 TRACE 13448 --- [api-gateway] [    Test worker] a.ConfigurationClassBeanDefinitionReader : Registered bean definition for imported class 'org.springframework.cloud.gateway.config.GatewayClassPathWarningAutoConfiguration'
2025-04-26T22:20:17.931+02:00 TRACE 13448 --- [api-gateway] [    Test worker] o.s.b.a.condition.OnPropertyCondition    : Condition OnPropertyCondition on org.springframework.cloud.loadbalancer.config.LoadBalancerAutoConfiguration matched due to @ConditionalOnProperty (spring.cloud.loadbalancer.enabled=true) matched
2025-04-26T22:20:17.931+02:00 TRACE 13448 --- [api-gateway] [    Test worker] o.s.b.f.s.DefaultListableBeanFactory     : Returning cached instance of singleton bean 'autoConfigurationReport'
2025-04-26T22:20:17.933+02:00 TRACE 13448 --- [api-gateway] [    Test worker] a.ConfigurationClassBeanDefinitionReader : Registered bean definition for imported class 'org.springframework.cloud.loadbalancer.config.LoadBalancerAutoConfiguration'
2025-04-26T22:20:17.934+02:00 TRACE 13448 --- [api-gateway] [    Test worker] o.s.b.a.condition.OnBeanCondition        : Condition OnBeanCondition on org.springframework.cloud.loadbalancer.config.LoadBalancerAutoConfiguration#zoneConfig matched due to @ConditionalOnMissingBean (types: org.springframework.cloud.loadbalancer.config.LoadBalancerZoneConfig; SearchStrategy: all) did not find any beans
2025-04-26T22:20:17.934+02:00 TRACE 13448 --- [api-gateway] [    Test worker] o.s.b.f.s.DefaultListableBeanFactory     : Returning cached instance of singleton bean 'autoConfigurationReport'
2025-04-26T22:20:17.935+02:00 TRACE 13448 --- [api-gateway] [    Test worker] a.ConfigurationClassBeanDefinitionReader : Registering bean definition for @Bean method org.springframework.cloud.loadbalancer.config.LoadBalancerAutoConfiguration.zoneConfig()
2025-04-26T22:20:17.937+02:00 TRACE 13448 --- [api-gateway] [    Test worker] o.s.b.a.condition.OnBeanCondition        : Condition OnBeanCondition on org.springframework.cloud.loadbalancer.config.LoadBalancerAutoConfiguration#loadBalancerClientFactory matched due to @ConditionalOnMissingBean (types: org.springframework.cloud.loadbalancer.support.LoadBalancerClientFactory; SearchStrategy: all) did not find any beans
2025-04-26T22:20:17.937+02:00 TRACE 13448 --- [api-gateway] [    Test worker] o.s.b.f.s.DefaultListableBeanFactory     : Returning cached instance of singleton bean 'autoConfigurationReport'
2025-04-26T22:20:17.937+02:00 TRACE 13448 --- [api-gateway] [    Test worker] a.ConfigurationClassBeanDefinitionReader : Registering bean definition for @Bean method org.springframework.cloud.loadbalancer.config.LoadBalancerAutoConfiguration.loadBalancerClientFactory()
2025-04-26T22:20:17.937+02:00 TRACE 13448 --- [api-gateway] [    Test worker] a.ConfigurationClassBeanDefinitionReader : Registering bean definition for @Bean method org.springframework.cloud.loadbalancer.config.LoadBalancerAutoConfiguration.loadBalancerEagerContextInitializer()
2025-04-26T22:20:17.938+02:00 TRACE 13448 --- [api-gateway] [    Test worker] a.ConfigurationClassBeanDefinitionReader : Registering bean definition for @Bean method org.springframework.cloud.loadbalancer.config.LoadBalancerAutoConfiguration.loadBalancerChildContextInitializer()
2025-04-26T22:20:17.940+02:00 TRACE 13448 --- [api-gateway] [    Test worker] o.s.b.a.condition.OnClassCondition       : Condition OnClassCondition on org.springframework.cloud.gateway.config.GatewayReactiveLoadBalancerClientAutoConfiguration matched due to @ConditionalOnClass found required classes 'org.springframework.cloud.client.loadbalancer.reactive.ReactiveLoadBalancer', 'org.springframework.cloud.loadbalancer.config.LoadBalancerAutoConfiguration', 'org.springframework.web.reactive.DispatcherHandler'
2025-04-26T22:20:17.940+02:00 TRACE 13448 --- [api-gateway] [    Test worker] o.s.b.f.s.DefaultListableBeanFactory     : Returning cached instance of singleton bean 'autoConfigurationReport'
2025-04-26T22:20:17.940+02:00 TRACE 13448 --- [api-gateway] [    Test worker] a.ConfigurationClassBeanDefinitionReader : Registered bean definition for imported class 'org.springframework.cloud.gateway.config.GatewayReactiveLoadBalancerClientAutoConfiguration'
2025-04-26T22:20:17.942+02:00 TRACE 13448 --- [api-gateway] [    Test worker] o.s.b.a.condition.OnBeanCondition        : Condition OnBeanCondition on org.springframework.cloud.gateway.config.GatewayReactiveLoadBalancerClientAutoConfiguration#gatewayLoadBalancerClientFilter matched due to @ConditionalOnBean (types: org.springframework.cloud.loadbalancer.support.LoadBalancerClientFactory; SearchStrategy: all) found bean 'loadBalancerClientFactory'; @ConditionalOnMissingBean (types: org.springframework.cloud.gateway.filter.ReactiveLoadBalancerClientFilter; SearchStrategy: all) did not find any beans
2025-04-26T22:20:17.942+02:00 TRACE 13448 --- [api-gateway] [    Test worker] o.s.b.f.s.DefaultListableBeanFactory     : Returning cached instance of singleton bean 'autoConfigurationReport'
2025-04-26T22:20:17.944+02:00 TRACE 13448 --- [api-gateway] [    Test worker] o.s.b.a.condition.OnBeanCondition        : Condition OnBeanCondition on org.springframework.cloud.gateway.config.GatewayReactiveLoadBalancerClientAutoConfiguration#gatewayLoadBalancerClientFilter matched due to @ConditionalOnBean (types: org.springframework.cloud.loadbalancer.support.LoadBalancerClientFactory; SearchStrategy: all) found bean 'loadBalancerClientFactory'; @ConditionalOnMissingBean (types: org.springframework.cloud.gateway.filter.ReactiveLoadBalancerClientFilter; SearchStrategy: all) did not find any beans
2025-04-26T22:20:17.944+02:00 TRACE 13448 --- [api-gateway] [    Test worker] o.s.b.f.s.DefaultListableBeanFactory     : Returning cached instance of singleton bean 'autoConfigurationReport'
2025-04-26T22:20:17.944+02:00 TRACE 13448 --- [api-gateway] [    Test worker] o.s.c.g.c.c.OnEnabledGlobalFilter        : Condition OnEnabledGlobalFilter on org.springframework.cloud.gateway.config.GatewayReactiveLoadBalancerClientAutoConfiguration#gatewayLoadBalancerClientFilter matched
2025-04-26T22:20:17.944+02:00 TRACE 13448 --- [api-gateway] [    Test worker] o.s.b.f.s.DefaultListableBeanFactory     : Returning cached instance of singleton bean 'autoConfigurationReport'
2025-04-26T22:20:17.944+02:00 TRACE 13448 --- [api-gateway] [    Test worker] a.ConfigurationClassBeanDefinitionReader : Registering bean definition for @Bean method org.springframework.cloud.gateway.config.GatewayReactiveLoadBalancerClientAutoConfiguration.gatewayLoadBalancerClientFilter()
2025-04-26T22:20:17.948+02:00 TRACE 13448 --- [api-gateway] [    Test worker] o.s.b.a.condition.OnBeanCondition        : Condition OnBeanCondition on org.springframework.cloud.gateway.config.GatewayReactiveLoadBalancerClientAutoConfiguration#loadBalancerServiceInstanceCookieFilter matched due to @ConditionalOnBean (types: org.springframework.cloud.gateway.filter.ReactiveLoadBalancerClientFilter,org.springframework.cloud.loadbalancer.support.LoadBalancerClientFactory; SearchStrategy: all) found beans 'loadBalancerClientFactory', 'gatewayLoadBalancerClientFilter'; @ConditionalOnMissingBean (types: org.springframework.cloud.gateway.filter.LoadBalancerServiceInstanceCookieFilter; SearchStrategy: all) did not find any beans
2025-04-26T22:20:17.948+02:00 TRACE 13448 --- [api-gateway] [    Test worker] o.s.b.f.s.DefaultListableBeanFactory     : Returning cached instance of singleton bean 'autoConfigurationReport'
2025-04-26T22:20:17.948+02:00 TRACE 13448 --- [api-gateway] [    Test worker] o.s.b.a.condition.OnBeanCondition        : Condition OnBeanCondition on org.springframework.cloud.gateway.config.GatewayReactiveLoadBalancerClientAutoConfiguration#loadBalancerServiceInstanceCookieFilter matched due to @ConditionalOnBean (types: org.springframework.cloud.gateway.filter.ReactiveLoadBalancerClientFilter,org.springframework.cloud.loadbalancer.support.LoadBalancerClientFactory; SearchStrategy: all) found beans 'loadBalancerClientFactory', 'gatewayLoadBalancerClientFilter'; @ConditionalOnMissingBean (types: org.springframework.cloud.gateway.filter.LoadBalancerServiceInstanceCookieFilter; SearchStrategy: all) did not find any beans
2025-04-26T22:20:17.948+02:00 TRACE 13448 --- [api-gateway] [    Test worker] o.s.b.f.s.DefaultListableBeanFactory     : Returning cached instance of singleton bean 'autoConfigurationReport'
2025-04-26T22:20:17.948+02:00 TRACE 13448 --- [api-gateway] [    Test worker] o.s.c.g.c.c.OnEnabledGlobalFilter        : Condition OnEnabledGlobalFilter on org.springframework.cloud.gateway.config.GatewayReactiveLoadBalancerClientAutoConfiguration#loadBalancerServiceInstanceCookieFilter matched
2025-04-26T22:20:17.948+02:00 TRACE 13448 --- [api-gateway] [    Test worker] o.s.b.f.s.DefaultListableBeanFactory     : Returning cached instance of singleton bean 'autoConfigurationReport'
2025-04-26T22:20:17.948+02:00 TRACE 13448 --- [api-gateway] [    Test worker] a.ConfigurationClassBeanDefinitionReader : Registering bean definition for @Bean method org.springframework.cloud.gateway.config.GatewayReactiveLoadBalancerClientAutoConfiguration.loadBalancerServiceInstanceCookieFilter()
2025-04-26T22:20:17.949+02:00 TRACE 13448 --- [api-gateway] [    Test worker] a.ConfigurationClassBeanDefinitionReader : Registered bean definition for imported class 'org.springframework.cloud.client.discovery.composite.CompositeDiscoveryClientAutoConfiguration'
2025-04-26T22:20:17.949+02:00 TRACE 13448 --- [api-gateway] [    Test worker] a.ConfigurationClassBeanDefinitionReader : Registering bean definition for @Bean method org.springframework.cloud.client.discovery.composite.CompositeDiscoveryClientAutoConfiguration.compositeDiscoveryClient()
2025-04-26T22:20:17.949+02:00 TRACE 13448 --- [api-gateway] [    Test worker] o.s.b.a.condition.OnClassCondition       : Condition OnClassCondition on org.springframework.cloud.gateway.discovery.GatewayDiscoveryClientAutoConfiguration matched due to @ConditionalOnClass found required classes 'org.springframework.web.reactive.DispatcherHandler', 'org.springframework.cloud.client.discovery.composite.CompositeDiscoveryClientAutoConfiguration'
2025-04-26T22:20:17.949+02:00 TRACE 13448 --- [api-gateway] [    Test worker] o.s.b.f.s.DefaultListableBeanFactory     : Returning cached instance of singleton bean 'autoConfigurationReport'
2025-04-26T22:20:17.950+02:00 TRACE 13448 --- [api-gateway] [    Test worker] o.s.b.a.condition.OnPropertyCondition    : Condition OnPropertyCondition on org.springframework.cloud.gateway.discovery.GatewayDiscoveryClientAutoConfiguration matched due to @ConditionalOnProperty (spring.cloud.gateway.enabled) matched
2025-04-26T22:20:17.950+02:00 TRACE 13448 --- [api-gateway] [    Test worker] o.s.b.f.s.DefaultListableBeanFactory     : Returning cached instance of singleton bean 'autoConfigurationReport'
2025-04-26T22:20:17.950+02:00 TRACE 13448 --- [api-gateway] [    Test worker] o.s.b.a.condition.OnPropertyCondition    : Condition OnPropertyCondition on org.springframework.cloud.gateway.discovery.GatewayDiscoveryClientAutoConfiguration$ReactiveDiscoveryClientRouteDefinitionLocatorConfiguration matched due to @ConditionalOnProperty (spring.cloud.discovery.reactive.enabled) matched
2025-04-26T22:20:17.950+02:00 TRACE 13448 --- [api-gateway] [    Test worker] o.s.b.f.s.DefaultListableBeanFactory     : Returning cached instance of singleton bean 'autoConfigurationReport'
2025-04-26T22:20:17.950+02:00 TRACE 13448 --- [api-gateway] [    Test worker] a.ConfigurationClassBeanDefinitionReader : Registered bean definition for imported class 'org.springframework.cloud.gateway.discovery.GatewayDiscoveryClientAutoConfiguration$ReactiveDiscoveryClientRouteDefinitionLocatorConfiguration'
2025-04-26T22:20:17.950+02:00 TRACE 13448 --- [api-gateway] [    Test worker] o.s.b.a.condition.OnPropertyCondition    : Condition OnPropertyCondition on org.springframework.cloud.gateway.discovery.GatewayDiscoveryClientAutoConfiguration$ReactiveDiscoveryClientRouteDefinitionLocatorConfiguration#discoveryClientRouteDefinitionLocator did not match due to @ConditionalOnProperty (spring.cloud.gateway.discovery.locator.enabled) did not find property 'spring.cloud.gateway.discovery.locator.enabled'
2025-04-26T22:20:17.950+02:00 TRACE 13448 --- [api-gateway] [    Test worker] o.s.b.f.s.DefaultListableBeanFactory     : Returning cached instance of singleton bean 'autoConfigurationReport'
2025-04-26T22:20:17.950+02:00 TRACE 13448 --- [api-gateway] [    Test worker] a.ConfigurationClassBeanDefinitionReader : Registered bean definition for imported class 'org.springframework.cloud.gateway.discovery.GatewayDiscoveryClientAutoConfiguration'
2025-04-26T22:20:17.950+02:00 TRACE 13448 --- [api-gateway] [    Test worker] a.ConfigurationClassBeanDefinitionReader : Registering bean definition for @Bean method org.springframework.cloud.gateway.discovery.GatewayDiscoveryClientAutoConfiguration.discoveryLocatorProperties()
2025-04-26T22:20:17.951+02:00 TRACE 13448 --- [api-gateway] [    Test worker] o.s.b.a.condition.OnClassCondition       : Condition OnClassCondition on org.springframework.cloud.gateway.config.GatewayAutoConfiguration matched due to @ConditionalOnClass found required class 'org.springframework.web.reactive.DispatcherHandler'
2025-04-26T22:20:17.951+02:00 TRACE 13448 --- [api-gateway] [    Test worker] o.s.b.f.s.DefaultListableBeanFactory     : Returning cached instance of singleton bean 'autoConfigurationReport'
2025-04-26T22:20:17.951+02:00 TRACE 13448 --- [api-gateway] [    Test worker] o.s.b.a.condition.OnPropertyCondition    : Condition OnPropertyCondition on org.springframework.cloud.gateway.config.GatewayAutoConfiguration matched due to @ConditionalOnProperty (spring.cloud.gateway.enabled) matched
2025-04-26T22:20:17.951+02:00 TRACE 13448 --- [api-gateway] [    Test worker] o.s.b.f.s.DefaultListableBeanFactory     : Returning cached instance of singleton bean 'autoConfigurationReport'
2025-04-26T22:20:17.951+02:00 TRACE 13448 --- [api-gateway] [    Test worker] o.s.b.a.condition.OnClassCondition       : Condition OnClassCondition on org.springframework.cloud.gateway.config.GatewayAutoConfiguration$NettyConfiguration matched due to @ConditionalOnClass found required class 'reactor.netty.http.client.HttpClient'
2025-04-26T22:20:17.951+02:00 TRACE 13448 --- [api-gateway] [    Test worker] o.s.b.f.s.DefaultListableBeanFactory     : Returning cached instance of singleton bean 'autoConfigurationReport'
2025-04-26T22:20:17.951+02:00 TRACE 13448 --- [api-gateway] [    Test worker] a.ConfigurationClassBeanDefinitionReader : Registered bean definition for imported class 'org.springframework.cloud.gateway.config.GatewayAutoConfiguration$NettyConfiguration'
2025-04-26T22:20:17.951+02:00 TRACE 13448 --- [api-gateway] [    Test worker] o.s.b.a.condition.OnPropertyCondition    : Condition OnPropertyCondition on org.springframework.cloud.gateway.config.GatewayAutoConfiguration$NettyConfiguration#nettyServerWiretapCustomizer did not match due to @ConditionalOnProperty (spring.cloud.gateway.httpserver.wiretap) did not find property 'spring.cloud.gateway.httpserver.wiretap'
2025-04-26T22:20:17.951+02:00 TRACE 13448 --- [api-gateway] [    Test worker] o.s.b.f.s.DefaultListableBeanFactory     : Returning cached instance of singleton bean 'autoConfigurationReport'
2025-04-26T22:20:17.951+02:00 TRACE 13448 --- [api-gateway] [    Test worker] a.ConfigurationClassBeanDefinitionReader : Registering bean definition for @Bean method org.springframework.cloud.gateway.config.GatewayAutoConfiguration$NettyConfiguration.httpClientSslConfigurer()
2025-04-26T22:20:17.962+02:00 TRACE 13448 --- [api-gateway] [    Test worker] o.s.b.a.condition.OnBeanCondition        : Condition OnBeanCondition on org.springframework.cloud.gateway.config.GatewayAutoConfiguration$NettyConfiguration#gatewayHttpClientFactory matched due to @ConditionalOnMissingBean (types: reactor.netty.http.client.HttpClient,org.springframework.cloud.gateway.config.HttpClientFactory; SearchStrategy: all) did not find any beans
2025-04-26T22:20:17.962+02:00 TRACE 13448 --- [api-gateway] [    Test worker] o.s.b.f.s.DefaultListableBeanFactory     : Returning cached instance of singleton bean 'autoConfigurationReport'
2025-04-26T22:20:17.962+02:00 TRACE 13448 --- [api-gateway] [    Test worker] a.ConfigurationClassBeanDefinitionReader : Registering bean definition for @Bean method org.springframework.cloud.gateway.config.GatewayAutoConfiguration$NettyConfiguration.gatewayHttpClientFactory()
2025-04-26T22:20:17.962+02:00 TRACE 13448 --- [api-gateway] [    Test worker] a.ConfigurationClassBeanDefinitionReader : Registering bean definition for @Bean method org.springframework.cloud.gateway.config.GatewayAutoConfiguration$NettyConfiguration.httpClientProperties()
2025-04-26T22:20:17.963+02:00 TRACE 13448 --- [api-gateway] [    Test worker] o.s.c.g.c.c.OnEnabledGlobalFilter        : Condition OnEnabledGlobalFilter on org.springframework.cloud.gateway.config.GatewayAutoConfiguration$NettyConfiguration#routingFilter matched
2025-04-26T22:20:17.963+02:00 TRACE 13448 --- [api-gateway] [    Test worker] o.s.b.f.s.DefaultListableBeanFactory     : Returning cached instance of singleton bean 'autoConfigurationReport'
2025-04-26T22:20:17.963+02:00 TRACE 13448 --- [api-gateway] [    Test worker] a.ConfigurationClassBeanDefinitionReader : Registering bean definition for @Bean method org.springframework.cloud.gateway.config.GatewayAutoConfiguration$NettyConfiguration.routingFilter()
2025-04-26T22:20:17.963+02:00 TRACE 13448 --- [api-gateway] [    Test worker] o.s.c.g.c.c.OnEnabledGlobalFilter        : Condition OnEnabledGlobalFilter on org.springframework.cloud.gateway.config.GatewayAutoConfiguration$NettyConfiguration#nettyWriteResponseFilter matched
2025-04-26T22:20:17.963+02:00 TRACE 13448 --- [api-gateway] [    Test worker] o.s.b.f.s.DefaultListableBeanFactory     : Returning cached instance of singleton bean 'autoConfigurationReport'
2025-04-26T22:20:17.964+02:00 TRACE 13448 --- [api-gateway] [    Test worker] a.ConfigurationClassBeanDefinitionReader : Registering bean definition for @Bean method org.springframework.cloud.gateway.config.GatewayAutoConfiguration$NettyConfiguration.nettyWriteResponseFilter()
2025-04-26T22:20:17.964+02:00 TRACE 13448 --- [api-gateway] [    Test worker] o.s.c.g.c.c.OnEnabledGlobalFilter        : Condition OnEnabledGlobalFilter on org.springframework.cloud.gateway.config.GatewayAutoConfiguration$NettyConfiguration#reactorNettyWebSocketClient matched
2025-04-26T22:20:17.964+02:00 TRACE 13448 --- [api-gateway] [    Test worker] o.s.b.f.s.DefaultListableBeanFactory     : Returning cached instance of singleton bean 'autoConfigurationReport'
2025-04-26T22:20:17.965+02:00 TRACE 13448 --- [api-gateway] [    Test worker] a.ConfigurationClassBeanDefinitionReader : Registering bean definition for @Bean method org.springframework.cloud.gateway.config.GatewayAutoConfiguration$NettyConfiguration.reactorNettyWebSocketClient()
2025-04-26T22:20:17.965+02:00 TRACE 13448 --- [api-gateway] [    Test worker] o.s.c.g.c.c.OnEnabledGlobalFilter        : Condition OnEnabledGlobalFilter on org.springframework.cloud.gateway.config.GatewayAutoConfiguration$NettyConfiguration#reactorNettyRequestUpgradeStrategy matched
2025-04-26T22:20:17.965+02:00 TRACE 13448 --- [api-gateway] [    Test worker] o.s.b.f.s.DefaultListableBeanFactory     : Returning cached instance of singleton bean 'autoConfigurationReport'
2025-04-26T22:20:17.965+02:00 TRACE 13448 --- [api-gateway] [    Test worker] a.ConfigurationClassBeanDefinitionReader : Registering bean definition for @Bean method org.springframework.cloud.gateway.config.GatewayAutoConfiguration$NettyConfiguration.reactorNettyRequestUpgradeStrategy()
2025-04-26T22:20:17.965+02:00 TRACE 13448 --- [api-gateway] [    Test worker] a.ConfigurationClassBeanDefinitionReader : Registered bean definition for imported class 'org.springframework.cloud.gateway.config.GatewayAutoConfiguration'
2025-04-26T22:20:17.966+02:00 TRACE 13448 --- [api-gateway] [    Test worker] a.ConfigurationClassBeanDefinitionReader : Registering bean definition for @Bean method org.springframework.cloud.gateway.config.GatewayAutoConfiguration.stringToZonedDateTimeConverter()
2025-04-26T22:20:17.966+02:00 TRACE 13448 --- [api-gateway] [    Test worker] a.ConfigurationClassBeanDefinitionReader : Registering bean definition for @Bean method org.springframework.cloud.gateway.config.GatewayAutoConfiguration.deprecatedKeyValueConverter()
2025-04-26T22:20:17.966+02:00 TRACE 13448 --- [api-gateway] [    Test worker] a.ConfigurationClassBeanDefinitionReader : Registering bean definition for @Bean method org.springframework.cloud.gateway.config.GatewayAutoConfiguration.keyValueConverter()
2025-04-26T22:20:17.966+02:00 TRACE 13448 --- [api-gateway] [    Test worker] a.ConfigurationClassBeanDefinitionReader : Registering bean definition for @Bean method org.springframework.cloud.gateway.config.GatewayAutoConfiguration.routeLocatorBuilder()
2025-04-26T22:20:17.997+02:00 TRACE 13448 --- [api-gateway] [    Test worker] o.s.b.a.condition.OnBeanCondition        : Condition OnBeanCondition on org.springframework.cloud.gateway.config.GatewayAutoConfiguration#propertiesRouteDefinitionLocator matched due to @ConditionalOnMissingBean (types: org.springframework.cloud.gateway.config.PropertiesRouteDefinitionLocator; SearchStrategy: all) did not find any beans
2025-04-26T22:20:17.997+02:00 TRACE 13448 --- [api-gateway] [    Test worker] o.s.b.f.s.DefaultListableBeanFactory     : Returning cached instance of singleton bean 'autoConfigurationReport'
2025-04-26T22:20:17.997+02:00 TRACE 13448 --- [api-gateway] [    Test worker] a.ConfigurationClassBeanDefinitionReader : Registering bean definition for @Bean method org.springframework.cloud.gateway.config.GatewayAutoConfiguration.propertiesRouteDefinitionLocator()
2025-04-26T22:20:17.998+02:00 TRACE 13448 --- [api-gateway] [    Test worker] o.s.b.a.condition.OnBeanCondition        : Condition OnBeanCondition on org.springframework.cloud.gateway.config.GatewayAutoConfiguration#inMemoryRouteDefinitionRepository matched due to @ConditionalOnMissingBean (types: org.springframework.cloud.gateway.route.RouteDefinitionRepository; SearchStrategy: all) did not find any beans
2025-04-26T22:20:17.998+02:00 TRACE 13448 --- [api-gateway] [    Test worker] o.s.b.f.s.DefaultListableBeanFactory     : Returning cached instance of singleton bean 'autoConfigurationReport'
2025-04-26T22:20:17.998+02:00 TRACE 13448 --- [api-gateway] [    Test worker] a.ConfigurationClassBeanDefinitionReader : Registering bean definition for @Bean method org.springframework.cloud.gateway.config.GatewayAutoConfiguration.inMemoryRouteDefinitionRepository()
2025-04-26T22:20:17.998+02:00 TRACE 13448 --- [api-gateway] [    Test worker] a.ConfigurationClassBeanDefinitionReader : Registering bean definition for @Bean method org.springframework.cloud.gateway.config.GatewayAutoConfiguration.routeDefinitionLocator()
2025-04-26T22:20:17.999+02:00 TRACE 13448 --- [api-gateway] [    Test worker] a.ConfigurationClassBeanDefinitionReader : Registering bean definition for @Bean method org.springframework.cloud.gateway.config.GatewayAutoConfiguration.gatewayConfigurationService()
2025-04-26T22:20:17.999+02:00 TRACE 13448 --- [api-gateway] [    Test worker] a.ConfigurationClassBeanDefinitionReader : Registering bean definition for @Bean method org.springframework.cloud.gateway.config.GatewayAutoConfiguration.routeDefinitionRouteLocator()
2025-04-26T22:20:17.999+02:00 TRACE 13448 --- [api-gateway] [    Test worker] o.s.b.a.condition.OnBeanCondition        : Condition OnBeanCondition on org.springframework.cloud.gateway.config.GatewayAutoConfiguration#cachedCompositeRouteLocator matched due to @ConditionalOnMissingBean (names: cachedCompositeRouteLocator; SearchStrategy: all) did not find any beans
2025-04-26T22:20:17.999+02:00 TRACE 13448 --- [api-gateway] [    Test worker] o.s.b.f.s.DefaultListableBeanFactory     : Returning cached instance of singleton bean 'autoConfigurationReport'
2025-04-26T22:20:17.999+02:00 TRACE 13448 --- [api-gateway] [    Test worker] a.ConfigurationClassBeanDefinitionReader : Registering bean definition for @Bean method org.springframework.cloud.gateway.config.GatewayAutoConfiguration.cachedCompositeRouteLocator()
2025-04-26T22:20:17.999+02:00 TRACE 13448 --- [api-gateway] [    Test worker] o.s.b.a.condition.OnClassCondition       : Condition OnClassCondition on org.springframework.cloud.gateway.config.GatewayAutoConfiguration#routeRefreshListener matched due to @ConditionalOnClass found required class 'org.springframework.cloud.client.discovery.event.HeartbeatMonitor'
2025-04-26T22:20:17.999+02:00 TRACE 13448 --- [api-gateway] [    Test worker] o.s.b.f.s.DefaultListableBeanFactory     : Returning cached instance of singleton bean 'autoConfigurationReport'
2025-04-26T22:20:18.000+02:00 TRACE 13448 --- [api-gateway] [    Test worker] o.s.b.a.condition.OnPropertyCondition    : Condition OnPropertyCondition on org.springframework.cloud.gateway.config.GatewayAutoConfiguration#routeRefreshListener matched due to @ConditionalOnProperty (spring.cloud.gateway..route-refresh-listener.enabled) matched
2025-04-26T22:20:18.000+02:00 TRACE 13448 --- [api-gateway] [    Test worker] o.s.b.f.s.DefaultListableBeanFactory     : Returning cached instance of singleton bean 'autoConfigurationReport'
2025-04-26T22:20:18.000+02:00 TRACE 13448 --- [api-gateway] [    Test worker] a.ConfigurationClassBeanDefinitionReader : Registering bean definition for @Bean method org.springframework.cloud.gateway.config.GatewayAutoConfiguration.routeRefreshListener()
2025-04-26T22:20:18.001+02:00 TRACE 13448 --- [api-gateway] [    Test worker] o.s.b.a.condition.OnBeanCondition        : Condition OnBeanCondition on org.springframework.cloud.gateway.config.GatewayAutoConfiguration#filteringWebHandler matched due to @ConditionalOnMissingBean (types: org.springframework.cloud.gateway.handler.FilteringWebHandler; SearchStrategy: all) did not find any beans
2025-04-26T22:20:18.001+02:00 TRACE 13448 --- [api-gateway] [    Test worker] o.s.b.f.s.DefaultListableBeanFactory     : Returning cached instance of singleton bean 'autoConfigurationReport'
2025-04-26T22:20:18.002+02:00 TRACE 13448 --- [api-gateway] [    Test worker] a.ConfigurationClassBeanDefinitionReader : Registering bean definition for @Bean method org.springframework.cloud.gateway.config.GatewayAutoConfiguration.filteringWebHandler()
2025-04-26T22:20:18.002+02:00 TRACE 13448 --- [api-gateway] [    Test worker] a.ConfigurationClassBeanDefinitionReader : Registering bean definition for @Bean method org.springframework.cloud.gateway.config.GatewayAutoConfiguration.globalCorsProperties()
2025-04-26T22:20:18.002+02:00 TRACE 13448 --- [api-gateway] [    Test worker] o.s.b.a.condition.OnPropertyCondition    : Condition OnPropertyCondition on org.springframework.cloud.gateway.config.GatewayAutoConfiguration#corsGatewayFilterApplicationListener matched due to @ConditionalOnProperty (spring.cloud.gateway.globalcors.enabled) matched
2025-04-26T22:20:18.002+02:00 TRACE 13448 --- [api-gateway] [    Test worker] o.s.b.f.s.DefaultListableBeanFactory     : Returning cached instance of singleton bean 'autoConfigurationReport'
2025-04-26T22:20:18.002+02:00 TRACE 13448 --- [api-gateway] [    Test worker] a.ConfigurationClassBeanDefinitionReader : Registering bean definition for @Bean method org.springframework.cloud.gateway.config.GatewayAutoConfiguration.corsGatewayFilterApplicationListener()
2025-04-26T22:20:18.003+02:00 TRACE 13448 --- [api-gateway] [    Test worker] o.s.b.a.condition.OnBeanCondition        : Condition OnBeanCondition on org.springframework.cloud.gateway.config.GatewayAutoConfiguration#routePredicateHandlerMapping matched due to @ConditionalOnMissingBean (types: org.springframework.cloud.gateway.handler.RoutePredicateHandlerMapping; SearchStrategy: all) did not find any beans
2025-04-26T22:20:18.003+02:00 TRACE 13448 --- [api-gateway] [    Test worker] o.s.b.f.s.DefaultListableBeanFactory     : Returning cached instance of singleton bean 'autoConfigurationReport'
2025-04-26T22:20:18.003+02:00 TRACE 13448 --- [api-gateway] [    Test worker] a.ConfigurationClassBeanDefinitionReader : Registering bean definition for @Bean method org.springframework.cloud.gateway.config.GatewayAutoConfiguration.routePredicateHandlerMapping()
2025-04-26T22:20:18.003+02:00 TRACE 13448 --- [api-gateway] [    Test worker] a.ConfigurationClassBeanDefinitionReader : Registering bean definition for @Bean method org.springframework.cloud.gateway.config.GatewayAutoConfiguration.gatewayProperties()
2025-04-26T22:20:18.003+02:00 TRACE 13448 --- [api-gateway] [    Test worker] a.ConfigurationClassBeanDefinitionReader : Registering bean definition for @Bean method org.springframework.cloud.gateway.config.GatewayAutoConfiguration.secureHeadersProperties()
2025-04-26T22:20:18.003+02:00 TRACE 13448 --- [api-gateway] [    Test worker] o.s.b.a.condition.OnPropertyCondition    : Condition OnPropertyCondition on org.springframework.cloud.gateway.config.GatewayAutoConfiguration#forwardedHeadersFilter matched due to @ConditionalOnProperty (spring.cloud.gateway.forwarded.enabled) matched
2025-04-26T22:20:18.003+02:00 TRACE 13448 --- [api-gateway] [    Test worker] o.s.b.f.s.DefaultListableBeanFactory     : Returning cached instance of singleton bean 'autoConfigurationReport'
2025-04-26T22:20:18.003+02:00 TRACE 13448 --- [api-gateway] [    Test worker] a.ConfigurationClassBeanDefinitionReader : Registering bean definition for @Bean method org.springframework.cloud.gateway.config.GatewayAutoConfiguration.forwardedHeadersFilter()
2025-04-26T22:20:18.003+02:00 TRACE 13448 --- [api-gateway] [    Test worker] a.ConfigurationClassBeanDefinitionReader : Registering bean definition for @Bean method org.springframework.cloud.gateway.config.GatewayAutoConfiguration.removeHopByHopHeadersFilter()
2025-04-26T22:20:18.004+02:00 TRACE 13448 --- [api-gateway] [    Test worker] o.s.b.a.condition.OnPropertyCondition    : Condition OnPropertyCondition on org.springframework.cloud.gateway.config.GatewayAutoConfiguration#xForwardedHeadersFilter matched due to @ConditionalOnProperty (spring.cloud.gateway.x-forwarded.enabled) matched
2025-04-26T22:20:18.004+02:00 TRACE 13448 --- [api-gateway] [    Test worker] o.s.b.f.s.DefaultListableBeanFactory     : Returning cached instance of singleton bean 'autoConfigurationReport'
2025-04-26T22:20:18.004+02:00 TRACE 13448 --- [api-gateway] [    Test worker] a.ConfigurationClassBeanDefinitionReader : Registering bean definition for @Bean method org.springframework.cloud.gateway.config.GatewayAutoConfiguration.xForwardedHeadersFilter()
2025-04-26T22:20:18.004+02:00 TRACE 13448 --- [api-gateway] [    Test worker] o.s.b.a.condition.OnPropertyCondition    : Condition OnPropertyCondition on org.springframework.cloud.gateway.config.GatewayAutoConfiguration#gRPCRequestHeadersFilter matched due to @ConditionalOnProperty (server.http2.enabled) matched
2025-04-26T22:20:18.004+02:00 TRACE 13448 --- [api-gateway] [    Test worker] o.s.b.f.s.DefaultListableBeanFactory     : Returning cached instance of singleton bean 'autoConfigurationReport'
2025-04-26T22:20:18.004+02:00 TRACE 13448 --- [api-gateway] [    Test worker] a.ConfigurationClassBeanDefinitionReader : Registering bean definition for @Bean method org.springframework.cloud.gateway.config.GatewayAutoConfiguration.gRPCRequestHeadersFilter()
2025-04-26T22:20:18.004+02:00 TRACE 13448 --- [api-gateway] [    Test worker] o.s.b.a.condition.OnPropertyCondition    : Condition OnPropertyCondition on org.springframework.cloud.gateway.config.GatewayAutoConfiguration#gRPCResponseHeadersFilter matched due to @ConditionalOnProperty (server.http2.enabled) matched
2025-04-26T22:20:18.004+02:00 TRACE 13448 --- [api-gateway] [    Test worker] o.s.b.f.s.DefaultListableBeanFactory     : Returning cached instance of singleton bean 'autoConfigurationReport'
2025-04-26T22:20:18.004+02:00 TRACE 13448 --- [api-gateway] [    Test worker] a.ConfigurationClassBeanDefinitionReader : Registering bean definition for @Bean method org.springframework.cloud.gateway.config.GatewayAutoConfiguration.gRPCResponseHeadersFilter()
2025-04-26T22:20:18.005+02:00 TRACE 13448 --- [api-gateway] [    Test worker] o.s.b.a.condition.OnClassCondition       : Condition OnClassCondition on org.springframework.cloud.gateway.config.GatewayAutoConfiguration#jsonToGRPCFilterFactory did not match due to @ConditionalOnClass did not find required class 'io.grpc.Channel'
2025-04-26T22:20:18.005+02:00 TRACE 13448 --- [api-gateway] [    Test worker] o.s.b.f.s.DefaultListableBeanFactory     : Returning cached instance of singleton bean 'autoConfigurationReport'
2025-04-26T22:20:18.005+02:00 TRACE 13448 --- [api-gateway] [    Test worker] o.s.b.a.condition.OnClassCondition       : Condition OnClassCondition on org.springframework.cloud.gateway.config.GatewayAutoConfiguration#grpcSslConfigurer did not match due to @ConditionalOnClass did not find required class 'io.grpc.Channel'
2025-04-26T22:20:18.005+02:00 TRACE 13448 --- [api-gateway] [    Test worker] o.s.b.f.s.DefaultListableBeanFactory     : Returning cached instance of singleton bean 'autoConfigurationReport'
2025-04-26T22:20:18.006+02:00 TRACE 13448 --- [api-gateway] [    Test worker] a.ConfigurationClassBeanDefinitionReader : Registering bean definition for @Bean method org.springframework.cloud.gateway.config.GatewayAutoConfiguration.transferEncodingNormalizationHeadersFilter()
2025-04-26T22:20:18.006+02:00 TRACE 13448 --- [api-gateway] [    Test worker] o.s.c.g.c.c.OnEnabledGlobalFilter        : Condition OnEnabledGlobalFilter on org.springframework.cloud.gateway.config.GatewayAutoConfiguration#adaptCachedBodyGlobalFilter matched
2025-04-26T22:20:18.006+02:00 TRACE 13448 --- [api-gateway] [    Test worker] o.s.b.f.s.DefaultListableBeanFactory     : Returning cached instance of singleton bean 'autoConfigurationReport'
2025-04-26T22:20:18.006+02:00 TRACE 13448 --- [api-gateway] [    Test worker] a.ConfigurationClassBeanDefinitionReader : Registering bean definition for @Bean method org.springframework.cloud.gateway.config.GatewayAutoConfiguration.adaptCachedBodyGlobalFilter()
2025-04-26T22:20:18.006+02:00 TRACE 13448 --- [api-gateway] [    Test worker] o.s.c.g.c.c.OnEnabledGlobalFilter        : Condition OnEnabledGlobalFilter on org.springframework.cloud.gateway.config.GatewayAutoConfiguration#removeCachedBodyFilter matched
2025-04-26T22:20:18.006+02:00 TRACE 13448 --- [api-gateway] [    Test worker] o.s.b.f.s.DefaultListableBeanFactory     : Returning cached instance of singleton bean 'autoConfigurationReport'
2025-04-26T22:20:18.006+02:00 TRACE 13448 --- [api-gateway] [    Test worker] a.ConfigurationClassBeanDefinitionReader : Registering bean definition for @Bean method org.springframework.cloud.gateway.config.GatewayAutoConfiguration.removeCachedBodyFilter()
2025-04-26T22:20:18.007+02:00 TRACE 13448 --- [api-gateway] [    Test worker] o.s.c.g.c.c.OnEnabledGlobalFilter        : Condition OnEnabledGlobalFilter on org.springframework.cloud.gateway.config.GatewayAutoConfiguration#routeToRequestUrlFilter matched
2025-04-26T22:20:18.007+02:00 TRACE 13448 --- [api-gateway] [    Test worker] o.s.b.f.s.DefaultListableBeanFactory     : Returning cached instance of singleton bean 'autoConfigurationReport'
2025-04-26T22:20:18.007+02:00 TRACE 13448 --- [api-gateway] [    Test worker] a.ConfigurationClassBeanDefinitionReader : Registering bean definition for @Bean method org.springframework.cloud.gateway.config.GatewayAutoConfiguration.routeToRequestUrlFilter()
2025-04-26T22:20:18.007+02:00 TRACE 13448 --- [api-gateway] [    Test worker] o.s.c.g.c.c.OnEnabledGlobalFilter        : Condition OnEnabledGlobalFilter on org.springframework.cloud.gateway.config.GatewayAutoConfiguration#forwardRoutingFilter matched
2025-04-26T22:20:18.007+02:00 TRACE 13448 --- [api-gateway] [    Test worker] o.s.b.f.s.DefaultListableBeanFactory     : Returning cached instance of singleton bean 'autoConfigurationReport'
2025-04-26T22:20:18.007+02:00 TRACE 13448 --- [api-gateway] [    Test worker] a.ConfigurationClassBeanDefinitionReader : Registering bean definition for @Bean method org.springframework.cloud.gateway.config.GatewayAutoConfiguration.forwardRoutingFilter()
2025-04-26T22:20:18.007+02:00 TRACE 13448 --- [api-gateway] [    Test worker] o.s.c.g.c.c.OnEnabledGlobalFilter        : Condition OnEnabledGlobalFilter on org.springframework.cloud.gateway.config.GatewayAutoConfiguration#forwardPathFilter matched
2025-04-26T22:20:18.007+02:00 TRACE 13448 --- [api-gateway] [    Test worker] o.s.b.f.s.DefaultListableBeanFactory     : Returning cached instance of singleton bean 'autoConfigurationReport'
2025-04-26T22:20:18.008+02:00 TRACE 13448 --- [api-gateway] [    Test worker] a.ConfigurationClassBeanDefinitionReader : Registering bean definition for @Bean method org.springframework.cloud.gateway.config.GatewayAutoConfiguration.forwardPathFilter()
2025-04-26T22:20:18.008+02:00 TRACE 13448 --- [api-gateway] [    Test worker] o.s.c.g.c.c.OnEnabledGlobalFilter        : Condition OnEnabledGlobalFilter on org.springframework.cloud.gateway.config.GatewayAutoConfiguration#webSocketService matched
2025-04-26T22:20:18.008+02:00 TRACE 13448 --- [api-gateway] [    Test worker] o.s.b.f.s.DefaultListableBeanFactory     : Returning cached instance of singleton bean 'autoConfigurationReport'
2025-04-26T22:20:18.008+02:00 TRACE 13448 --- [api-gateway] [    Test worker] a.ConfigurationClassBeanDefinitionReader : Registering bean definition for @Bean method org.springframework.cloud.gateway.config.GatewayAutoConfiguration.webSocketService()
2025-04-26T22:20:18.008+02:00 TRACE 13448 --- [api-gateway] [    Test worker] o.s.c.g.c.c.OnEnabledGlobalFilter        : Condition OnEnabledGlobalFilter on org.springframework.cloud.gateway.config.GatewayAutoConfiguration#websocketRoutingFilter matched
2025-04-26T22:20:18.008+02:00 TRACE 13448 --- [api-gateway] [    Test worker] o.s.b.f.s.DefaultListableBeanFactory     : Returning cached instance of singleton bean 'autoConfigurationReport'
2025-04-26T22:20:18.008+02:00 TRACE 13448 --- [api-gateway] [    Test worker] a.ConfigurationClassBeanDefinitionReader : Registering bean definition for @Bean method org.springframework.cloud.gateway.config.GatewayAutoConfiguration.websocketRoutingFilter()
2025-04-26T22:20:18.009+02:00 TRACE 13448 --- [api-gateway] [    Test worker] o.s.c.g.c.c.OnEnabledPredicate           : Condition OnEnabledPredicate on org.springframework.cloud.gateway.config.GatewayAutoConfiguration#weightCalculatorWebFilter matched
2025-04-26T22:20:18.009+02:00 TRACE 13448 --- [api-gateway] [    Test worker] o.s.b.f.s.DefaultListableBeanFactory     : Returning cached instance of singleton bean 'autoConfigurationReport'
2025-04-26T22:20:18.009+02:00 TRACE 13448 --- [api-gateway] [    Test worker] a.ConfigurationClassBeanDefinitionReader : Registering bean definition for @Bean method org.springframework.cloud.gateway.config.GatewayAutoConfiguration.weightCalculatorWebFilter()
2025-04-26T22:20:18.009+02:00 TRACE 13448 --- [api-gateway] [    Test worker] o.s.c.g.c.c.OnEnabledPredicate           : Condition OnEnabledPredicate on org.springframework.cloud.gateway.config.GatewayAutoConfiguration#afterRoutePredicateFactory matched
2025-04-26T22:20:18.009+02:00 TRACE 13448 --- [api-gateway] [    Test worker] o.s.b.f.s.DefaultListableBeanFactory     : Returning cached instance of singleton bean 'autoConfigurationReport'
2025-04-26T22:20:18.010+02:00 TRACE 13448 --- [api-gateway] [    Test worker] a.ConfigurationClassBeanDefinitionReader : Registering bean definition for @Bean method org.springframework.cloud.gateway.config.GatewayAutoConfiguration.afterRoutePredicateFactory()
2025-04-26T22:20:18.010+02:00 TRACE 13448 --- [api-gateway] [    Test worker] o.s.c.g.c.c.OnEnabledPredicate           : Condition OnEnabledPredicate on org.springframework.cloud.gateway.config.GatewayAutoConfiguration#beforeRoutePredicateFactory matched
2025-04-26T22:20:18.010+02:00 TRACE 13448 --- [api-gateway] [    Test worker] o.s.b.f.s.DefaultListableBeanFactory     : Returning cached instance of singleton bean 'autoConfigurationReport'
2025-04-26T22:20:18.010+02:00 TRACE 13448 --- [api-gateway] [    Test worker] a.ConfigurationClassBeanDefinitionReader : Registering bean definition for @Bean method org.springframework.cloud.gateway.config.GatewayAutoConfiguration.beforeRoutePredicateFactory()
2025-04-26T22:20:18.010+02:00 TRACE 13448 --- [api-gateway] [    Test worker] o.s.c.g.c.c.OnEnabledPredicate           : Condition OnEnabledPredicate on org.springframework.cloud.gateway.config.GatewayAutoConfiguration#betweenRoutePredicateFactory matched
2025-04-26T22:20:18.010+02:00 TRACE 13448 --- [api-gateway] [    Test worker] o.s.b.f.s.DefaultListableBeanFactory     : Returning cached instance of singleton bean 'autoConfigurationReport'
2025-04-26T22:20:18.010+02:00 TRACE 13448 --- [api-gateway] [    Test worker] a.ConfigurationClassBeanDefinitionReader : Registering bean definition for @Bean method org.springframework.cloud.gateway.config.GatewayAutoConfiguration.betweenRoutePredicateFactory()
2025-04-26T22:20:18.011+02:00 TRACE 13448 --- [api-gateway] [    Test worker] o.s.c.g.c.c.OnEnabledPredicate           : Condition OnEnabledPredicate on org.springframework.cloud.gateway.config.GatewayAutoConfiguration#cookieRoutePredicateFactory matched
2025-04-26T22:20:18.011+02:00 TRACE 13448 --- [api-gateway] [    Test worker] o.s.b.f.s.DefaultListableBeanFactory     : Returning cached instance of singleton bean 'autoConfigurationReport'
2025-04-26T22:20:18.011+02:00 TRACE 13448 --- [api-gateway] [    Test worker] a.ConfigurationClassBeanDefinitionReader : Registering bean definition for @Bean method org.springframework.cloud.gateway.config.GatewayAutoConfiguration.cookieRoutePredicateFactory()
2025-04-26T22:20:18.011+02:00 TRACE 13448 --- [api-gateway] [    Test worker] o.s.c.g.c.c.OnEnabledPredicate           : Condition OnEnabledPredicate on org.springframework.cloud.gateway.config.GatewayAutoConfiguration#headerRoutePredicateFactory matched
2025-04-26T22:20:18.011+02:00 TRACE 13448 --- [api-gateway] [    Test worker] o.s.b.f.s.DefaultListableBeanFactory     : Returning cached instance of singleton bean 'autoConfigurationReport'
2025-04-26T22:20:18.011+02:00 TRACE 13448 --- [api-gateway] [    Test worker] a.ConfigurationClassBeanDefinitionReader : Registering bean definition for @Bean method org.springframework.cloud.gateway.config.GatewayAutoConfiguration.headerRoutePredicateFactory()
2025-04-26T22:20:18.011+02:00 TRACE 13448 --- [api-gateway] [    Test worker] o.s.c.g.c.c.OnEnabledPredicate           : Condition OnEnabledPredicate on org.springframework.cloud.gateway.config.GatewayAutoConfiguration#hostRoutePredicateFactory matched
2025-04-26T22:20:18.011+02:00 TRACE 13448 --- [api-gateway] [    Test worker] o.s.b.f.s.DefaultListableBeanFactory     : Returning cached instance of singleton bean 'autoConfigurationReport'
2025-04-26T22:20:18.011+02:00 TRACE 13448 --- [api-gateway] [    Test worker] a.ConfigurationClassBeanDefinitionReader : Registering bean definition for @Bean method org.springframework.cloud.gateway.config.GatewayAutoConfiguration.hostRoutePredicateFactory()
2025-04-26T22:20:18.011+02:00 TRACE 13448 --- [api-gateway] [    Test worker] o.s.c.g.c.c.OnEnabledPredicate           : Condition OnEnabledPredicate on org.springframework.cloud.gateway.config.GatewayAutoConfiguration#methodRoutePredicateFactory matched
2025-04-26T22:20:18.011+02:00 TRACE 13448 --- [api-gateway] [    Test worker] o.s.b.f.s.DefaultListableBeanFactory     : Returning cached instance of singleton bean 'autoConfigurationReport'
2025-04-26T22:20:18.012+02:00 TRACE 13448 --- [api-gateway] [    Test worker] a.ConfigurationClassBeanDefinitionReader : Registering bean definition for @Bean method org.springframework.cloud.gateway.config.GatewayAutoConfiguration.methodRoutePredicateFactory()
2025-04-26T22:20:18.012+02:00 TRACE 13448 --- [api-gateway] [    Test worker] o.s.c.g.c.c.OnEnabledPredicate           : Condition OnEnabledPredicate on org.springframework.cloud.gateway.config.GatewayAutoConfiguration#pathRoutePredicateFactory matched
2025-04-26T22:20:18.012+02:00 TRACE 13448 --- [api-gateway] [    Test worker] o.s.b.f.s.DefaultListableBeanFactory     : Returning cached instance of singleton bean 'autoConfigurationReport'
2025-04-26T22:20:18.012+02:00 TRACE 13448 --- [api-gateway] [    Test worker] a.ConfigurationClassBeanDefinitionReader : Registering bean definition for @Bean method org.springframework.cloud.gateway.config.GatewayAutoConfiguration.pathRoutePredicateFactory()
2025-04-26T22:20:18.012+02:00 TRACE 13448 --- [api-gateway] [    Test worker] o.s.c.g.c.c.OnEnabledPredicate           : Condition OnEnabledPredicate on org.springframework.cloud.gateway.config.GatewayAutoConfiguration#queryRoutePredicateFactory matched
2025-04-26T22:20:18.012+02:00 TRACE 13448 --- [api-gateway] [    Test worker] o.s.b.f.s.DefaultListableBeanFactory     : Returning cached instance of singleton bean 'autoConfigurationReport'
2025-04-26T22:20:18.012+02:00 TRACE 13448 --- [api-gateway] [    Test worker] a.ConfigurationClassBeanDefinitionReader : Registering bean definition for @Bean method org.springframework.cloud.gateway.config.GatewayAutoConfiguration.queryRoutePredicateFactory()
2025-04-26T22:20:18.012+02:00 TRACE 13448 --- [api-gateway] [    Test worker] o.s.c.g.c.c.OnEnabledPredicate           : Condition OnEnabledPredicate on org.springframework.cloud.gateway.config.GatewayAutoConfiguration#readBodyPredicateFactory matched
2025-04-26T22:20:18.012+02:00 TRACE 13448 --- [api-gateway] [    Test worker] o.s.b.f.s.DefaultListableBeanFactory     : Returning cached instance of singleton bean 'autoConfigurationReport'
2025-04-26T22:20:18.012+02:00 TRACE 13448 --- [api-gateway] [    Test worker] a.ConfigurationClassBeanDefinitionReader : Registering bean definition for @Bean method org.springframework.cloud.gateway.config.GatewayAutoConfiguration.readBodyPredicateFactory()
2025-04-26T22:20:18.013+02:00 TRACE 13448 --- [api-gateway] [    Test worker] o.s.c.g.c.c.OnEnabledPredicate           : Condition OnEnabledPredicate on org.springframework.cloud.gateway.config.GatewayAutoConfiguration#remoteAddrRoutePredicateFactory matched
2025-04-26T22:20:18.013+02:00 TRACE 13448 --- [api-gateway] [    Test worker] o.s.b.f.s.DefaultListableBeanFactory     : Returning cached instance of singleton bean 'autoConfigurationReport'
2025-04-26T22:20:18.013+02:00 TRACE 13448 --- [api-gateway] [    Test worker] a.ConfigurationClassBeanDefinitionReader : Registering bean definition for @Bean method org.springframework.cloud.gateway.config.GatewayAutoConfiguration.remoteAddrRoutePredicateFactory()
2025-04-26T22:20:18.013+02:00 TRACE 13448 --- [api-gateway] [    Test worker] o.s.c.g.c.c.OnEnabledPredicate           : Condition OnEnabledPredicate on org.springframework.cloud.gateway.config.GatewayAutoConfiguration#xForwardedRemoteAddrRoutePredicateFactory matched
2025-04-26T22:20:18.013+02:00 TRACE 13448 --- [api-gateway] [    Test worker] o.s.b.f.s.DefaultListableBeanFactory     : Returning cached instance of singleton bean 'autoConfigurationReport'
2025-04-26T22:20:18.013+02:00 TRACE 13448 --- [api-gateway] [    Test worker] a.ConfigurationClassBeanDefinitionReader : Registering bean definition for @Bean method org.springframework.cloud.gateway.config.GatewayAutoConfiguration.xForwardedRemoteAddrRoutePredicateFactory()
2025-04-26T22:20:18.013+02:00 TRACE 13448 --- [api-gateway] [    Test worker] o.s.c.g.c.c.OnEnabledPredicate           : Condition OnEnabledPredicate on org.springframework.cloud.gateway.config.GatewayAutoConfiguration#weightRoutePredicateFactory matched
2025-04-26T22:20:18.013+02:00 TRACE 13448 --- [api-gateway] [    Test worker] o.s.b.f.s.DefaultListableBeanFactory     : Returning cached instance of singleton bean 'autoConfigurationReport'
2025-04-26T22:20:18.014+02:00 TRACE 13448 --- [api-gateway] [    Test worker] a.ConfigurationClassBeanDefinitionReader : Registering bean definition for @Bean method org.springframework.cloud.gateway.config.GatewayAutoConfiguration.weightRoutePredicateFactory()
2025-04-26T22:20:18.014+02:00 TRACE 13448 --- [api-gateway] [    Test worker] o.s.c.g.c.c.OnEnabledPredicate           : Condition OnEnabledPredicate on org.springframework.cloud.gateway.config.GatewayAutoConfiguration#cloudFoundryRouteServiceRoutePredicateFactory matched
2025-04-26T22:20:18.014+02:00 TRACE 13448 --- [api-gateway] [    Test worker] o.s.b.f.s.DefaultListableBeanFactory     : Returning cached instance of singleton bean 'autoConfigurationReport'
2025-04-26T22:20:18.014+02:00 TRACE 13448 --- [api-gateway] [    Test worker] a.ConfigurationClassBeanDefinitionReader : Registering bean definition for @Bean method org.springframework.cloud.gateway.config.GatewayAutoConfiguration.cloudFoundryRouteServiceRoutePredicateFactory()
2025-04-26T22:20:18.015+02:00 TRACE 13448 --- [api-gateway] [    Test worker] o.s.c.g.c.conditional.OnEnabledFilter    : Condition OnEnabledFilter on org.springframework.cloud.gateway.config.GatewayAutoConfiguration#addRequestHeaderGatewayFilterFactory matched
2025-04-26T22:20:18.015+02:00 TRACE 13448 --- [api-gateway] [    Test worker] o.s.b.f.s.DefaultListableBeanFactory     : Returning cached instance of singleton bean 'autoConfigurationReport'
2025-04-26T22:20:18.015+02:00 TRACE 13448 --- [api-gateway] [    Test worker] a.ConfigurationClassBeanDefinitionReader : Registering bean definition for @Bean method org.springframework.cloud.gateway.config.GatewayAutoConfiguration.addRequestHeaderGatewayFilterFactory()
2025-04-26T22:20:18.016+02:00 TRACE 13448 --- [api-gateway] [    Test worker] o.s.c.g.c.conditional.OnEnabledFilter    : Condition OnEnabledFilter on org.springframework.cloud.gateway.config.GatewayAutoConfiguration#addRequestHeadersIfNotPresentGatewayFilterFactory matched
2025-04-26T22:20:18.016+02:00 TRACE 13448 --- [api-gateway] [    Test worker] o.s.b.f.s.DefaultListableBeanFactory     : Returning cached instance of singleton bean 'autoConfigurationReport'
2025-04-26T22:20:18.016+02:00 TRACE 13448 --- [api-gateway] [    Test worker] a.ConfigurationClassBeanDefinitionReader : Registering bean definition for @Bean method org.springframework.cloud.gateway.config.GatewayAutoConfiguration.addRequestHeadersIfNotPresentGatewayFilterFactory()
2025-04-26T22:20:18.016+02:00 TRACE 13448 --- [api-gateway] [    Test worker] o.s.c.g.c.conditional.OnEnabledFilter    : Condition OnEnabledFilter on org.springframework.cloud.gateway.config.GatewayAutoConfiguration#mapRequestHeaderGatewayFilterFactory matched
2025-04-26T22:20:18.016+02:00 TRACE 13448 --- [api-gateway] [    Test worker] o.s.b.f.s.DefaultListableBeanFactory     : Returning cached instance of singleton bean 'autoConfigurationReport'
2025-04-26T22:20:18.016+02:00 TRACE 13448 --- [api-gateway] [    Test worker] a.ConfigurationClassBeanDefinitionReader : Registering bean definition for @Bean method org.springframework.cloud.gateway.config.GatewayAutoConfiguration.mapRequestHeaderGatewayFilterFactory()
2025-04-26T22:20:18.016+02:00 TRACE 13448 --- [api-gateway] [    Test worker] o.s.c.g.c.conditional.OnEnabledFilter    : Condition OnEnabledFilter on org.springframework.cloud.gateway.config.GatewayAutoConfiguration#addRequestParameterGatewayFilterFactory matched
2025-04-26T22:20:18.016+02:00 TRACE 13448 --- [api-gateway] [    Test worker] o.s.b.f.s.DefaultListableBeanFactory     : Returning cached instance of singleton bean 'autoConfigurationReport'
2025-04-26T22:20:18.017+02:00 TRACE 13448 --- [api-gateway] [    Test worker] a.ConfigurationClassBeanDefinitionReader : Registering bean definition for @Bean method org.springframework.cloud.gateway.config.GatewayAutoConfiguration.addRequestParameterGatewayFilterFactory()
2025-04-26T22:20:18.017+02:00 TRACE 13448 --- [api-gateway] [    Test worker] o.s.c.g.c.conditional.OnEnabledFilter    : Condition OnEnabledFilter on org.springframework.cloud.gateway.config.GatewayAutoConfiguration#addResponseHeaderGatewayFilterFactory matched
2025-04-26T22:20:18.017+02:00 TRACE 13448 --- [api-gateway] [    Test worker] o.s.b.f.s.DefaultListableBeanFactory     : Returning cached instance of singleton bean 'autoConfigurationReport'
2025-04-26T22:20:18.017+02:00 TRACE 13448 --- [api-gateway] [    Test worker] a.ConfigurationClassBeanDefinitionReader : Registering bean definition for @Bean method org.springframework.cloud.gateway.config.GatewayAutoConfiguration.addResponseHeaderGatewayFilterFactory()
2025-04-26T22:20:18.017+02:00 TRACE 13448 --- [api-gateway] [    Test worker] o.s.c.g.c.conditional.OnEnabledFilter    : Condition OnEnabledFilter on org.springframework.cloud.gateway.config.GatewayAutoConfiguration#modifyRequestBodyGatewayFilterFactory matched
2025-04-26T22:20:18.017+02:00 TRACE 13448 --- [api-gateway] [    Test worker] o.s.b.f.s.DefaultListableBeanFactory     : Returning cached instance of singleton bean 'autoConfigurationReport'
2025-04-26T22:20:18.018+02:00 TRACE 13448 --- [api-gateway] [    Test worker] a.ConfigurationClassBeanDefinitionReader : Registering bean definition for @Bean method org.springframework.cloud.gateway.config.GatewayAutoConfiguration.modifyRequestBodyGatewayFilterFactory()
2025-04-26T22:20:18.018+02:00 TRACE 13448 --- [api-gateway] [    Test worker] o.s.c.g.c.conditional.OnEnabledFilter    : Condition OnEnabledFilter on org.springframework.cloud.gateway.config.GatewayAutoConfiguration#dedupeResponseHeaderGatewayFilterFactory matched
2025-04-26T22:20:18.018+02:00 TRACE 13448 --- [api-gateway] [    Test worker] o.s.b.f.s.DefaultListableBeanFactory     : Returning cached instance of singleton bean 'autoConfigurationReport'
2025-04-26T22:20:18.018+02:00 TRACE 13448 --- [api-gateway] [    Test worker] a.ConfigurationClassBeanDefinitionReader : Registering bean definition for @Bean method org.springframework.cloud.gateway.config.GatewayAutoConfiguration.dedupeResponseHeaderGatewayFilterFactory()
2025-04-26T22:20:18.018+02:00 TRACE 13448 --- [api-gateway] [    Test worker] o.s.c.g.c.conditional.OnEnabledFilter    : Condition OnEnabledFilter on org.springframework.cloud.gateway.config.GatewayAutoConfiguration#modifyResponseBodyGatewayFilterFactory matched
2025-04-26T22:20:18.018+02:00 TRACE 13448 --- [api-gateway] [    Test worker] o.s.b.f.s.DefaultListableBeanFactory     : Returning cached instance of singleton bean 'autoConfigurationReport'
2025-04-26T22:20:18.018+02:00 TRACE 13448 --- [api-gateway] [    Test worker] a.ConfigurationClassBeanDefinitionReader : Registering bean definition for @Bean method org.springframework.cloud.gateway.config.GatewayAutoConfiguration.modifyResponseBodyGatewayFilterFactory()
2025-04-26T22:20:18.019+02:00 TRACE 13448 --- [api-gateway] [    Test worker] o.s.c.g.c.conditional.OnEnabledFilter    : Condition OnEnabledFilter on org.springframework.cloud.gateway.config.GatewayAutoConfiguration#cacheRequestBodyGatewayFilterFactory matched
2025-04-26T22:20:18.019+02:00 TRACE 13448 --- [api-gateway] [    Test worker] o.s.b.f.s.DefaultListableBeanFactory     : Returning cached instance of singleton bean 'autoConfigurationReport'
2025-04-26T22:20:18.019+02:00 TRACE 13448 --- [api-gateway] [    Test worker] a.ConfigurationClassBeanDefinitionReader : Registering bean definition for @Bean method org.springframework.cloud.gateway.config.GatewayAutoConfiguration.cacheRequestBodyGatewayFilterFactory()
2025-04-26T22:20:18.019+02:00 TRACE 13448 --- [api-gateway] [    Test worker] o.s.c.g.c.conditional.OnEnabledFilter    : Condition OnEnabledFilter on org.springframework.cloud.gateway.config.GatewayAutoConfiguration#prefixPathGatewayFilterFactory matched
2025-04-26T22:20:18.019+02:00 TRACE 13448 --- [api-gateway] [    Test worker] o.s.b.f.s.DefaultListableBeanFactory     : Returning cached instance of singleton bean 'autoConfigurationReport'
2025-04-26T22:20:18.019+02:00 TRACE 13448 --- [api-gateway] [    Test worker] a.ConfigurationClassBeanDefinitionReader : Registering bean definition for @Bean method org.springframework.cloud.gateway.config.GatewayAutoConfiguration.prefixPathGatewayFilterFactory()
2025-04-26T22:20:18.019+02:00 TRACE 13448 --- [api-gateway] [    Test worker] o.s.c.g.c.conditional.OnEnabledFilter    : Condition OnEnabledFilter on org.springframework.cloud.gateway.config.GatewayAutoConfiguration#preserveHostHeaderGatewayFilterFactory matched
2025-04-26T22:20:18.019+02:00 TRACE 13448 --- [api-gateway] [    Test worker] o.s.b.f.s.DefaultListableBeanFactory     : Returning cached instance of singleton bean 'autoConfigurationReport'
2025-04-26T22:20:18.019+02:00 TRACE 13448 --- [api-gateway] [    Test worker] a.ConfigurationClassBeanDefinitionReader : Registering bean definition for @Bean method org.springframework.cloud.gateway.config.GatewayAutoConfiguration.preserveHostHeaderGatewayFilterFactory()
2025-04-26T22:20:18.020+02:00 TRACE 13448 --- [api-gateway] [    Test worker] o.s.c.g.c.conditional.OnEnabledFilter    : Condition OnEnabledFilter on org.springframework.cloud.gateway.config.GatewayAutoConfiguration#redirectToGatewayFilterFactory matched
2025-04-26T22:20:18.020+02:00 TRACE 13448 --- [api-gateway] [    Test worker] o.s.b.f.s.DefaultListableBeanFactory     : Returning cached instance of singleton bean 'autoConfigurationReport'
2025-04-26T22:20:18.020+02:00 TRACE 13448 --- [api-gateway] [    Test worker] a.ConfigurationClassBeanDefinitionReader : Registering bean definition for @Bean method org.springframework.cloud.gateway.config.GatewayAutoConfiguration.redirectToGatewayFilterFactory()
2025-04-26T22:20:18.020+02:00 TRACE 13448 --- [api-gateway] [    Test worker] o.s.c.g.c.conditional.OnEnabledFilter    : Condition OnEnabledFilter on org.springframework.cloud.gateway.config.GatewayAutoConfiguration#removeJsonAttributesResponseBodyGatewayFilterFactory matched
2025-04-26T22:20:18.020+02:00 TRACE 13448 --- [api-gateway] [    Test worker] o.s.b.f.s.DefaultListableBeanFactory     : Returning cached instance of singleton bean 'autoConfigurationReport'
2025-04-26T22:20:18.021+02:00 TRACE 13448 --- [api-gateway] [    Test worker] a.ConfigurationClassBeanDefinitionReader : Registering bean definition for @Bean method org.springframework.cloud.gateway.config.GatewayAutoConfiguration.removeJsonAttributesResponseBodyGatewayFilterFactory()
2025-04-26T22:20:18.021+02:00 TRACE 13448 --- [api-gateway] [    Test worker] o.s.c.g.c.conditional.OnEnabledFilter    : Condition OnEnabledFilter on org.springframework.cloud.gateway.config.GatewayAutoConfiguration#removeRequestHeaderGatewayFilterFactory matched
2025-04-26T22:20:18.021+02:00 TRACE 13448 --- [api-gateway] [    Test worker] o.s.b.f.s.DefaultListableBeanFactory     : Returning cached instance of singleton bean 'autoConfigurationReport'
2025-04-26T22:20:18.021+02:00 TRACE 13448 --- [api-gateway] [    Test worker] a.ConfigurationClassBeanDefinitionReader : Registering bean definition for @Bean method org.springframework.cloud.gateway.config.GatewayAutoConfiguration.removeRequestHeaderGatewayFilterFactory()
2025-04-26T22:20:18.021+02:00 TRACE 13448 --- [api-gateway] [    Test worker] o.s.c.g.c.conditional.OnEnabledFilter    : Condition OnEnabledFilter on org.springframework.cloud.gateway.config.GatewayAutoConfiguration#removeRequestParameterGatewayFilterFactory matched
2025-04-26T22:20:18.021+02:00 TRACE 13448 --- [api-gateway] [    Test worker] o.s.b.f.s.DefaultListableBeanFactory     : Returning cached instance of singleton bean 'autoConfigurationReport'
2025-04-26T22:20:18.021+02:00 TRACE 13448 --- [api-gateway] [    Test worker] a.ConfigurationClassBeanDefinitionReader : Registering bean definition for @Bean method org.springframework.cloud.gateway.config.GatewayAutoConfiguration.removeRequestParameterGatewayFilterFactory()
2025-04-26T22:20:18.021+02:00 TRACE 13448 --- [api-gateway] [    Test worker] o.s.c.g.c.conditional.OnEnabledFilter    : Condition OnEnabledFilter on org.springframework.cloud.gateway.config.GatewayAutoConfiguration#removeResponseHeaderGatewayFilterFactory matched
2025-04-26T22:20:18.021+02:00 TRACE 13448 --- [api-gateway] [    Test worker] o.s.b.f.s.DefaultListableBeanFactory     : Returning cached instance of singleton bean 'autoConfigurationReport'
2025-04-26T22:20:18.021+02:00 TRACE 13448 --- [api-gateway] [    Test worker] a.ConfigurationClassBeanDefinitionReader : Registering bean definition for @Bean method org.springframework.cloud.gateway.config.GatewayAutoConfiguration.removeResponseHeaderGatewayFilterFactory()
2025-04-26T22:20:18.028+02:00 TRACE 13448 --- [api-gateway] [    Test worker] o.s.b.a.condition.OnBeanCondition        : Condition OnBeanCondition on org.springframework.cloud.gateway.config.GatewayAutoConfiguration#principalNameKeyResolver did not match due to @ConditionalOnBean (types: org.springframework.cloud.gateway.filter.ratelimit.RateLimiter; SearchStrategy: all) did not find any beans of type org.springframework.cloud.gateway.filter.ratelimit.RateLimiter
2025-04-26T22:20:18.028+02:00 TRACE 13448 --- [api-gateway] [    Test worker] o.s.b.f.s.DefaultListableBeanFactory     : Returning cached instance of singleton bean 'autoConfigurationReport'
2025-04-26T22:20:18.029+02:00 TRACE 13448 --- [api-gateway] [    Test worker] o.s.b.a.condition.OnBeanCondition        : Condition OnBeanCondition on org.springframework.cloud.gateway.config.GatewayAutoConfiguration#requestRateLimiterGatewayFilterFactory did not match due to @ConditionalOnBean (types: org.springframework.cloud.gateway.filter.ratelimit.RateLimiter,org.springframework.cloud.gateway.filter.ratelimit.KeyResolver; SearchStrategy: all) did not find any beans of type org.springframework.cloud.gateway.filter.ratelimit.RateLimiter, org.springframework.cloud.gateway.filter.ratelimit.KeyResolver
2025-04-26T22:20:18.029+02:00 TRACE 13448 --- [api-gateway] [    Test worker] o.s.b.f.s.DefaultListableBeanFactory     : Returning cached instance of singleton bean 'autoConfigurationReport'
2025-04-26T22:20:18.029+02:00 TRACE 13448 --- [api-gateway] [    Test worker] o.s.c.g.c.conditional.OnEnabledFilter    : Condition OnEnabledFilter on org.springframework.cloud.gateway.config.GatewayAutoConfiguration#rewritePathGatewayFilterFactory matched
2025-04-26T22:20:18.029+02:00 TRACE 13448 --- [api-gateway] [    Test worker] o.s.b.f.s.DefaultListableBeanFactory     : Returning cached instance of singleton bean 'autoConfigurationReport'
2025-04-26T22:20:18.029+02:00 TRACE 13448 --- [api-gateway] [    Test worker] a.ConfigurationClassBeanDefinitionReader : Registering bean definition for @Bean method org.springframework.cloud.gateway.config.GatewayAutoConfiguration.rewritePathGatewayFilterFactory()
2025-04-26T22:20:18.029+02:00 TRACE 13448 --- [api-gateway] [    Test worker] o.s.c.g.c.conditional.OnEnabledFilter    : Condition OnEnabledFilter on org.springframework.cloud.gateway.config.GatewayAutoConfiguration#retryGatewayFilterFactory matched
2025-04-26T22:20:18.029+02:00 TRACE 13448 --- [api-gateway] [    Test worker] o.s.b.f.s.DefaultListableBeanFactory     : Returning cached instance of singleton bean 'autoConfigurationReport'
2025-04-26T22:20:18.030+02:00 TRACE 13448 --- [api-gateway] [    Test worker] a.ConfigurationClassBeanDefinitionReader : Registering bean definition for @Bean method org.springframework.cloud.gateway.config.GatewayAutoConfiguration.retryGatewayFilterFactory()
2025-04-26T22:20:18.030+02:00 TRACE 13448 --- [api-gateway] [    Test worker] o.s.c.g.c.conditional.OnEnabledFilter    : Condition OnEnabledFilter on org.springframework.cloud.gateway.config.GatewayAutoConfiguration#setPathGatewayFilterFactory matched
2025-04-26T22:20:18.030+02:00 TRACE 13448 --- [api-gateway] [    Test worker] o.s.b.f.s.DefaultListableBeanFactory     : Returning cached instance of singleton bean 'autoConfigurationReport'
2025-04-26T22:20:18.030+02:00 TRACE 13448 --- [api-gateway] [    Test worker] a.ConfigurationClassBeanDefinitionReader : Registering bean definition for @Bean method org.springframework.cloud.gateway.config.GatewayAutoConfiguration.setPathGatewayFilterFactory()
2025-04-26T22:20:18.030+02:00 TRACE 13448 --- [api-gateway] [    Test worker] o.s.c.g.c.conditional.OnEnabledFilter    : Condition OnEnabledFilter on org.springframework.cloud.gateway.config.GatewayAutoConfiguration#secureHeadersGatewayFilterFactory matched
2025-04-26T22:20:18.030+02:00 TRACE 13448 --- [api-gateway] [    Test worker] o.s.b.f.s.DefaultListableBeanFactory     : Returning cached instance of singleton bean 'autoConfigurationReport'
2025-04-26T22:20:18.030+02:00 TRACE 13448 --- [api-gateway] [    Test worker] a.ConfigurationClassBeanDefinitionReader : Registering bean definition for @Bean method org.springframework.cloud.gateway.config.GatewayAutoConfiguration.secureHeadersGatewayFilterFactory()
2025-04-26T22:20:18.030+02:00 TRACE 13448 --- [api-gateway] [    Test worker] o.s.c.g.c.conditional.OnEnabledFilter    : Condition OnEnabledFilter on org.springframework.cloud.gateway.config.GatewayAutoConfiguration#setRequestHeaderGatewayFilterFactory matched
2025-04-26T22:20:18.030+02:00 TRACE 13448 --- [api-gateway] [    Test worker] o.s.b.f.s.DefaultListableBeanFactory     : Returning cached instance of singleton bean 'autoConfigurationReport'
2025-04-26T22:20:18.031+02:00 TRACE 13448 --- [api-gateway] [    Test worker] a.ConfigurationClassBeanDefinitionReader : Registering bean definition for @Bean method org.springframework.cloud.gateway.config.GatewayAutoConfiguration.setRequestHeaderGatewayFilterFactory()
2025-04-26T22:20:18.031+02:00 TRACE 13448 --- [api-gateway] [    Test worker] o.s.c.g.c.conditional.OnEnabledFilter    : Condition OnEnabledFilter on org.springframework.cloud.gateway.config.GatewayAutoConfiguration#setRequestHostHeaderGatewayFilterFactory matched
2025-04-26T22:20:18.031+02:00 TRACE 13448 --- [api-gateway] [    Test worker] o.s.b.f.s.DefaultListableBeanFactory     : Returning cached instance of singleton bean 'autoConfigurationReport'
2025-04-26T22:20:18.031+02:00 TRACE 13448 --- [api-gateway] [    Test worker] a.ConfigurationClassBeanDefinitionReader : Registering bean definition for @Bean method org.springframework.cloud.gateway.config.GatewayAutoConfiguration.setRequestHostHeaderGatewayFilterFactory()
2025-04-26T22:20:18.031+02:00 TRACE 13448 --- [api-gateway] [    Test worker] o.s.c.g.c.conditional.OnEnabledFilter    : Condition OnEnabledFilter on org.springframework.cloud.gateway.config.GatewayAutoConfiguration#setResponseHeaderGatewayFilterFactory matched
2025-04-26T22:20:18.031+02:00 TRACE 13448 --- [api-gateway] [    Test worker] o.s.b.f.s.DefaultListableBeanFactory     : Returning cached instance of singleton bean 'autoConfigurationReport'
2025-04-26T22:20:18.031+02:00 TRACE 13448 --- [api-gateway] [    Test worker] a.ConfigurationClassBeanDefinitionReader : Registering bean definition for @Bean method org.springframework.cloud.gateway.config.GatewayAutoConfiguration.setResponseHeaderGatewayFilterFactory()
2025-04-26T22:20:18.031+02:00 TRACE 13448 --- [api-gateway] [    Test worker] o.s.c.g.c.conditional.OnEnabledFilter    : Condition OnEnabledFilter on org.springframework.cloud.gateway.config.GatewayAutoConfiguration#rewriteResponseHeaderGatewayFilterFactory matched
2025-04-26T22:20:18.031+02:00 TRACE 13448 --- [api-gateway] [    Test worker] o.s.b.f.s.DefaultListableBeanFactory     : Returning cached instance of singleton bean 'autoConfigurationReport'
2025-04-26T22:20:18.031+02:00 TRACE 13448 --- [api-gateway] [    Test worker] a.ConfigurationClassBeanDefinitionReader : Registering bean definition for @Bean method org.springframework.cloud.gateway.config.GatewayAutoConfiguration.rewriteResponseHeaderGatewayFilterFactory()
2025-04-26T22:20:18.032+02:00 TRACE 13448 --- [api-gateway] [    Test worker] o.s.c.g.c.conditional.OnEnabledFilter    : Condition OnEnabledFilter on org.springframework.cloud.gateway.config.GatewayAutoConfiguration#rewriteLocationResponseHeaderGatewayFilterFactory matched
2025-04-26T22:20:18.032+02:00 TRACE 13448 --- [api-gateway] [    Test worker] o.s.b.f.s.DefaultListableBeanFactory     : Returning cached instance of singleton bean 'autoConfigurationReport'
2025-04-26T22:20:18.032+02:00 TRACE 13448 --- [api-gateway] [    Test worker] a.ConfigurationClassBeanDefinitionReader : Registering bean definition for @Bean method org.springframework.cloud.gateway.config.GatewayAutoConfiguration.rewriteLocationResponseHeaderGatewayFilterFactory()
2025-04-26T22:20:18.032+02:00 TRACE 13448 --- [api-gateway] [    Test worker] o.s.c.g.c.conditional.OnEnabledFilter    : Condition OnEnabledFilter on org.springframework.cloud.gateway.config.GatewayAutoConfiguration#setStatusGatewayFilterFactory matched
2025-04-26T22:20:18.032+02:00 TRACE 13448 --- [api-gateway] [    Test worker] o.s.b.f.s.DefaultListableBeanFactory     : Returning cached instance of singleton bean 'autoConfigurationReport'
2025-04-26T22:20:18.032+02:00 TRACE 13448 --- [api-gateway] [    Test worker] a.ConfigurationClassBeanDefinitionReader : Registering bean definition for @Bean method org.springframework.cloud.gateway.config.GatewayAutoConfiguration.setStatusGatewayFilterFactory()
2025-04-26T22:20:18.032+02:00 TRACE 13448 --- [api-gateway] [    Test worker] o.s.c.g.c.conditional.OnEnabledFilter    : Condition OnEnabledFilter on org.springframework.cloud.gateway.config.GatewayAutoConfiguration#saveSessionGatewayFilterFactory matched
2025-04-26T22:20:18.032+02:00 TRACE 13448 --- [api-gateway] [    Test worker] o.s.b.f.s.DefaultListableBeanFactory     : Returning cached instance of singleton bean 'autoConfigurationReport'
2025-04-26T22:20:18.032+02:00 TRACE 13448 --- [api-gateway] [    Test worker] a.ConfigurationClassBeanDefinitionReader : Registering bean definition for @Bean method org.springframework.cloud.gateway.config.GatewayAutoConfiguration.saveSessionGatewayFilterFactory()
2025-04-26T22:20:18.033+02:00 TRACE 13448 --- [api-gateway] [    Test worker] o.s.c.g.c.conditional.OnEnabledFilter    : Condition OnEnabledFilter on org.springframework.cloud.gateway.config.GatewayAutoConfiguration#stripPrefixGatewayFilterFactory matched
2025-04-26T22:20:18.033+02:00 TRACE 13448 --- [api-gateway] [    Test worker] o.s.b.f.s.DefaultListableBeanFactory     : Returning cached instance of singleton bean 'autoConfigurationReport'
2025-04-26T22:20:18.033+02:00 TRACE 13448 --- [api-gateway] [    Test worker] a.ConfigurationClassBeanDefinitionReader : Registering bean definition for @Bean method org.springframework.cloud.gateway.config.GatewayAutoConfiguration.stripPrefixGatewayFilterFactory()
2025-04-26T22:20:18.033+02:00 TRACE 13448 --- [api-gateway] [    Test worker] o.s.c.g.c.conditional.OnEnabledFilter    : Condition OnEnabledFilter on org.springframework.cloud.gateway.config.GatewayAutoConfiguration#requestHeaderToRequestUriGatewayFilterFactory matched
2025-04-26T22:20:18.033+02:00 TRACE 13448 --- [api-gateway] [    Test worker] o.s.b.f.s.DefaultListableBeanFactory     : Returning cached instance of singleton bean 'autoConfigurationReport'
2025-04-26T22:20:18.033+02:00 TRACE 13448 --- [api-gateway] [    Test worker] a.ConfigurationClassBeanDefinitionReader : Registering bean definition for @Bean method org.springframework.cloud.gateway.config.GatewayAutoConfiguration.requestHeaderToRequestUriGatewayFilterFactory()
2025-04-26T22:20:18.033+02:00 TRACE 13448 --- [api-gateway] [    Test worker] o.s.c.g.c.conditional.OnEnabledFilter    : Condition OnEnabledFilter on org.springframework.cloud.gateway.config.GatewayAutoConfiguration#requestSizeGatewayFilterFactory matched
2025-04-26T22:20:18.033+02:00 TRACE 13448 --- [api-gateway] [    Test worker] o.s.b.f.s.DefaultListableBeanFactory     : Returning cached instance of singleton bean 'autoConfigurationReport'
2025-04-26T22:20:18.033+02:00 TRACE 13448 --- [api-gateway] [    Test worker] a.ConfigurationClassBeanDefinitionReader : Registering bean definition for @Bean method org.springframework.cloud.gateway.config.GatewayAutoConfiguration.requestSizeGatewayFilterFactory()
2025-04-26T22:20:18.033+02:00 TRACE 13448 --- [api-gateway] [    Test worker] o.s.c.g.c.conditional.OnEnabledFilter    : Condition OnEnabledFilter on org.springframework.cloud.gateway.config.GatewayAutoConfiguration#requestHeaderSizeGatewayFilterFactory matched
2025-04-26T22:20:18.033+02:00 TRACE 13448 --- [api-gateway] [    Test worker] o.s.b.f.s.DefaultListableBeanFactory     : Returning cached instance of singleton bean 'autoConfigurationReport'
2025-04-26T22:20:18.034+02:00 TRACE 13448 --- [api-gateway] [    Test worker] a.ConfigurationClassBeanDefinitionReader : Registering bean definition for @Bean method org.springframework.cloud.gateway.config.GatewayAutoConfiguration.requestHeaderSizeGatewayFilterFactory()
2025-04-26T22:20:18.034+02:00 TRACE 13448 --- [api-gateway] [    Test worker] o.s.c.g.c.conditional.OnEnabledFilter    : Condition OnEnabledFilter on org.springframework.cloud.gateway.config.GatewayAutoConfiguration#rewriteRequestParameterGatewayFilterFactory matched
2025-04-26T22:20:18.034+02:00 TRACE 13448 --- [api-gateway] [    Test worker] o.s.b.f.s.DefaultListableBeanFactory     : Returning cached instance of singleton bean 'autoConfigurationReport'
2025-04-26T22:20:18.034+02:00 TRACE 13448 --- [api-gateway] [    Test worker] a.ConfigurationClassBeanDefinitionReader : Registering bean definition for @Bean method org.springframework.cloud.gateway.config.GatewayAutoConfiguration.rewriteRequestParameterGatewayFilterFactory()
2025-04-26T22:20:18.034+02:00 TRACE 13448 --- [api-gateway] [    Test worker] a.ConfigurationClassBeanDefinitionReader : Registering bean definition for @Bean method org.springframework.cloud.gateway.config.GatewayAutoConfiguration.gzipMessageBodyResolver()
2025-04-26T22:20:18.034+02:00 TRACE 13448 --- [api-gateway] [    Test worker] a.ConfigurationClassBeanDefinitionReader : Registering bean definition for @Bean method org.springframework.cloud.gateway.config.GatewayAutoConfiguration.configurableHintsRegistrationProcessor()
2025-04-26T22:20:18.034+02:00 TRACE 13448 --- [api-gateway] [    Test worker] o.s.b.a.condition.OnClassCondition       : Condition OnClassCondition on org.springframework.boot.autoconfigure.web.reactive.WebFluxAutoConfiguration matched due to @ConditionalOnClass found required class 'org.springframework.web.reactive.config.WebFluxConfigurer'
2025-04-26T22:20:18.034+02:00 TRACE 13448 --- [api-gateway] [    Test worker] o.s.b.f.s.DefaultListableBeanFactory     : Returning cached instance of singleton bean 'autoConfigurationReport'
2025-04-26T22:20:18.034+02:00 TRACE 13448 --- [api-gateway] [    Test worker] o.s.b.a.c.OnWebApplicationCondition      : Condition OnWebApplicationCondition on org.springframework.boot.autoconfigure.web.reactive.WebFluxAutoConfiguration matched due to found ConfigurableReactiveWebEnvironment
2025-04-26T22:20:18.034+02:00 TRACE 13448 --- [api-gateway] [    Test worker] o.s.b.f.s.DefaultListableBeanFactory     : Returning cached instance of singleton bean 'autoConfigurationReport'
2025-04-26T22:20:18.038+02:00 TRACE 13448 --- [api-gateway] [    Test worker] o.s.b.a.condition.OnBeanCondition        : Condition OnBeanCondition on org.springframework.boot.autoconfigure.web.reactive.WebFluxAutoConfiguration matched due to @ConditionalOnMissingBean (types: org.springframework.web.reactive.config.WebFluxConfigurationSupport; SearchStrategy: all) did not find any beans
2025-04-26T22:20:18.038+02:00 TRACE 13448 --- [api-gateway] [    Test worker] o.s.b.f.s.DefaultListableBeanFactory     : Returning cached instance of singleton bean 'autoConfigurationReport'
2025-04-26T22:20:18.038+02:00 TRACE 13448 --- [api-gateway] [    Test worker] a.ConfigurationClassBeanDefinitionReader : Registered bean definition for imported class 'org.springframework.boot.autoconfigure.web.reactive.WebFluxAutoConfiguration$EnableWebFluxConfiguration'
2025-04-26T22:20:18.038+02:00 TRACE 13448 --- [api-gateway] [    Test worker] a.ConfigurationClassBeanDefinitionReader : Registering bean definition for @Bean method org.springframework.boot.autoconfigure.web.reactive.WebFluxAutoConfiguration$EnableWebFluxConfiguration.webFluxConversionService()
2025-04-26T22:20:18.038+02:00 TRACE 13448 --- [api-gateway] [    Test worker] a.ConfigurationClassBeanDefinitionReader : Registering bean definition for @Bean method org.springframework.boot.autoconfigure.web.reactive.WebFluxAutoConfiguration$EnableWebFluxConfiguration.webFluxValidator()
2025-04-26T22:20:18.039+02:00 TRACE 13448 --- [api-gateway] [    Test worker] o.s.b.a.condition.OnBeanCondition        : Condition OnBeanCondition on org.springframework.boot.autoconfigure.web.reactive.WebFluxAutoConfiguration$EnableWebFluxConfiguration#localeContextResolver matched due to @ConditionalOnMissingBean (names: localeContextResolver; SearchStrategy: all) did not find any beans
2025-04-26T22:20:18.039+02:00 TRACE 13448 --- [api-gateway] [    Test worker] o.s.b.f.s.DefaultListableBeanFactory     : Returning cached instance of singleton bean 'autoConfigurationReport'
2025-04-26T22:20:18.039+02:00 TRACE 13448 --- [api-gateway] [    Test worker] a.ConfigurationClassBeanDefinitionReader : Registering bean definition for @Bean method org.springframework.boot.autoconfigure.web.reactive.WebFluxAutoConfiguration$EnableWebFluxConfiguration.localeContextResolver()
2025-04-26T22:20:18.039+02:00 TRACE 13448 --- [api-gateway] [    Test worker] o.s.b.a.condition.OnBeanCondition        : Condition OnBeanCondition on org.springframework.boot.autoconfigure.web.reactive.WebFluxAutoConfiguration$EnableWebFluxConfiguration#webSessionManager matched due to @ConditionalOnMissingBean (names: webSessionManager; SearchStrategy: all) did not find any beans
2025-04-26T22:20:18.039+02:00 TRACE 13448 --- [api-gateway] [    Test worker] o.s.b.f.s.DefaultListableBeanFactory     : Returning cached instance of singleton bean 'autoConfigurationReport'
2025-04-26T22:20:18.039+02:00 TRACE 13448 --- [api-gateway] [    Test worker] a.ConfigurationClassBeanDefinitionReader : Registering bean definition for @Bean method org.springframework.boot.autoconfigure.web.reactive.WebFluxAutoConfiguration$EnableWebFluxConfiguration.webSessionManager()
2025-04-26T22:20:18.039+02:00 TRACE 13448 --- [api-gateway] [    Test worker] a.ConfigurationClassBeanDefinitionReader : Registering bean definition for @Bean method org.springframework.boot.autoconfigure.web.reactive.WebFluxAutoConfiguration$EnableWebFluxConfiguration.webHandler()
2025-04-26T22:20:18.039+02:00 TRACE 13448 --- [api-gateway] [    Test worker] a.ConfigurationClassBeanDefinitionReader : Registering bean definition for @Bean method org.springframework.boot.autoconfigure.web.reactive.WebFluxAutoConfiguration$EnableWebFluxConfiguration.responseStatusExceptionHandler()
2025-04-26T22:20:18.039+02:00 TRACE 13448 --- [api-gateway] [    Test worker] a.ConfigurationClassBeanDefinitionReader : Registering bean definition for @Bean method org.springframework.boot.autoconfigure.web.reactive.WebFluxAutoConfiguration$EnableWebFluxConfiguration.requestMappingHandlerMapping()
2025-04-26T22:20:18.039+02:00 TRACE 13448 --- [api-gateway] [    Test worker] a.ConfigurationClassBeanDefinitionReader : Registering bean definition for @Bean method org.springframework.boot.autoconfigure.web.reactive.WebFluxAutoConfiguration$EnableWebFluxConfiguration.webFluxContentTypeResolver()
2025-04-26T22:20:18.039+02:00 TRACE 13448 --- [api-gateway] [    Test worker] a.ConfigurationClassBeanDefinitionReader : Registering bean definition for @Bean method org.springframework.boot.autoconfigure.web.reactive.WebFluxAutoConfiguration$EnableWebFluxConfiguration.routerFunctionMapping()
2025-04-26T22:20:18.039+02:00 TRACE 13448 --- [api-gateway] [    Test worker] a.ConfigurationClassBeanDefinitionReader : Registering bean definition for @Bean method org.springframework.boot.autoconfigure.web.reactive.WebFluxAutoConfiguration$EnableWebFluxConfiguration.resourceHandlerMapping()
2025-04-26T22:20:18.039+02:00 TRACE 13448 --- [api-gateway] [    Test worker] a.ConfigurationClassBeanDefinitionReader : Registering bean definition for @Bean method org.springframework.boot.autoconfigure.web.reactive.WebFluxAutoConfiguration$EnableWebFluxConfiguration.resourceUrlProvider()
2025-04-26T22:20:18.039+02:00 TRACE 13448 --- [api-gateway] [    Test worker] a.ConfigurationClassBeanDefinitionReader : Registering bean definition for @Bean method org.springframework.boot.autoconfigure.web.reactive.WebFluxAutoConfiguration$EnableWebFluxConfiguration.requestMappingHandlerAdapter()
2025-04-26T22:20:18.039+02:00 TRACE 13448 --- [api-gateway] [    Test worker] a.ConfigurationClassBeanDefinitionReader : Registering bean definition for @Bean method org.springframework.boot.autoconfigure.web.reactive.WebFluxAutoConfiguration$EnableWebFluxConfiguration.serverCodecConfigurer()
2025-04-26T22:20:18.040+02:00 TRACE 13448 --- [api-gateway] [    Test worker] a.ConfigurationClassBeanDefinitionReader : Registering bean definition for @Bean method org.springframework.boot.autoconfigure.web.reactive.WebFluxAutoConfiguration$EnableWebFluxConfiguration.webFluxAdapterRegistry()
2025-04-26T22:20:18.040+02:00 TRACE 13448 --- [api-gateway] [    Test worker] a.ConfigurationClassBeanDefinitionReader : Registering bean definition for @Bean method org.springframework.boot.autoconfigure.web.reactive.WebFluxAutoConfiguration$EnableWebFluxConfiguration.handlerFunctionAdapter()
2025-04-26T22:20:18.040+02:00 TRACE 13448 --- [api-gateway] [    Test worker] a.ConfigurationClassBeanDefinitionReader : Registering bean definition for @Bean method org.springframework.boot.autoconfigure.web.reactive.WebFluxAutoConfiguration$EnableWebFluxConfiguration.simpleHandlerAdapter()
2025-04-26T22:20:18.040+02:00 TRACE 13448 --- [api-gateway] [    Test worker] a.ConfigurationClassBeanDefinitionReader : Registering bean definition for @Bean method org.springframework.boot.autoconfigure.web.reactive.WebFluxAutoConfiguration$EnableWebFluxConfiguration.webFluxWebSocketHandlerAdapter()
2025-04-26T22:20:18.040+02:00 TRACE 13448 --- [api-gateway] [    Test worker] a.ConfigurationClassBeanDefinitionReader : Registering bean definition for @Bean method org.springframework.boot.autoconfigure.web.reactive.WebFluxAutoConfiguration$EnableWebFluxConfiguration.responseEntityResultHandler()
2025-04-26T22:20:18.040+02:00 TRACE 13448 --- [api-gateway] [    Test worker] a.ConfigurationClassBeanDefinitionReader : Registering bean definition for @Bean method org.springframework.boot.autoconfigure.web.reactive.WebFluxAutoConfiguration$EnableWebFluxConfiguration.responseBodyResultHandler()
2025-04-26T22:20:18.040+02:00 TRACE 13448 --- [api-gateway] [    Test worker] a.ConfigurationClassBeanDefinitionReader : Registering bean definition for @Bean method org.springframework.boot.autoconfigure.web.reactive.WebFluxAutoConfiguration$EnableWebFluxConfiguration.viewResolutionResultHandler()
2025-04-26T22:20:18.040+02:00 TRACE 13448 --- [api-gateway] [    Test worker] a.ConfigurationClassBeanDefinitionReader : Registering bean definition for @Bean method org.springframework.boot.autoconfigure.web.reactive.WebFluxAutoConfiguration$EnableWebFluxConfiguration.serverResponseResultHandler()
2025-04-26T22:20:18.041+02:00 TRACE 13448 --- [api-gateway] [    Test worker] a.ConfigurationClassBeanDefinitionReader : Registered bean definition for imported class 'org.springframework.boot.autoconfigure.web.reactive.WebFluxAutoConfiguration$WebFluxConfig'
2025-04-26T22:20:18.042+02:00 TRACE 13448 --- [api-gateway] [    Test worker] a.ConfigurationClassBeanDefinitionReader : Registered bean definition for imported class 'org.springframework.boot.autoconfigure.web.reactive.WebFluxAutoConfiguration$WelcomePageConfiguration'
2025-04-26T22:20:18.042+02:00 TRACE 13448 --- [api-gateway] [    Test worker] a.ConfigurationClassBeanDefinitionReader : Registering bean definition for @Bean method org.springframework.boot.autoconfigure.web.reactive.WebFluxAutoConfiguration$WelcomePageConfiguration.welcomePageRouterFunctionMapping()
2025-04-26T22:20:18.043+02:00 TRACE 13448 --- [api-gateway] [    Test worker] a.ConfigurationClassBeanDefinitionReader : Registered bean definition for imported class 'org.springframework.boot.autoconfigure.web.reactive.WebFluxAutoConfiguration'
2025-04-26T22:20:18.044+02:00 TRACE 13448 --- [api-gateway] [    Test worker] o.s.b.a.condition.OnPropertyCondition    : Condition OnPropertyCondition on org.springframework.boot.autoconfigure.web.reactive.WebFluxAutoConfiguration#hiddenHttpMethodFilter did not match due to @ConditionalOnProperty (spring.webflux.hiddenmethod.filter.enabled) found different value in property 'enabled'
2025-04-26T22:20:18.044+02:00 TRACE 13448 --- [api-gateway] [    Test worker] o.s.b.f.s.DefaultListableBeanFactory     : Returning cached instance of singleton bean 'autoConfigurationReport'
2025-04-26T22:20:18.044+02:00 TRACE 13448 --- [api-gateway] [    Test worker] o.s.b.a.condition.OnClassCondition       : Condition OnClassCondition on org.springframework.boot.autoconfigure.web.reactive.HttpHandlerAutoConfiguration matched due to @ConditionalOnClass found required classes 'org.springframework.web.reactive.DispatcherHandler', 'org.springframework.http.server.reactive.HttpHandler'
2025-04-26T22:20:18.044+02:00 TRACE 13448 --- [api-gateway] [    Test worker] o.s.b.f.s.DefaultListableBeanFactory     : Returning cached instance of singleton bean 'autoConfigurationReport'
2025-04-26T22:20:18.044+02:00 TRACE 13448 --- [api-gateway] [    Test worker] o.s.b.a.c.OnWebApplicationCondition      : Condition OnWebApplicationCondition on org.springframework.boot.autoconfigure.web.reactive.HttpHandlerAutoConfiguration matched due to found ConfigurableReactiveWebEnvironment
2025-04-26T22:20:18.044+02:00 TRACE 13448 --- [api-gateway] [    Test worker] o.s.b.f.s.DefaultListableBeanFactory     : Returning cached instance of singleton bean 'autoConfigurationReport'
2025-04-26T22:20:18.059+02:00 TRACE 13448 --- [api-gateway] [    Test worker] o.s.b.a.condition.OnBeanCondition        : Condition OnBeanCondition on org.springframework.boot.autoconfigure.web.reactive.HttpHandlerAutoConfiguration matched due to @ConditionalOnMissingBean (types: org.springframework.http.server.reactive.HttpHandler; SearchStrategy: all) did not find any beans
2025-04-26T22:20:18.059+02:00 TRACE 13448 --- [api-gateway] [    Test worker] o.s.b.f.s.DefaultListableBeanFactory     : Returning cached instance of singleton bean 'autoConfigurationReport'
2025-04-26T22:20:18.059+02:00 TRACE 13448 --- [api-gateway] [    Test worker] a.ConfigurationClassBeanDefinitionReader : Registered bean definition for imported class 'org.springframework.boot.autoconfigure.web.reactive.HttpHandlerAutoConfiguration$AnnotationConfig'
2025-04-26T22:20:18.059+02:00 TRACE 13448 --- [api-gateway] [    Test worker] a.ConfigurationClassBeanDefinitionReader : Registering bean definition for @Bean method org.springframework.boot.autoconfigure.web.reactive.HttpHandlerAutoConfiguration$AnnotationConfig.httpHandler()
2025-04-26T22:20:18.060+02:00 TRACE 13448 --- [api-gateway] [    Test worker] a.ConfigurationClassBeanDefinitionReader : Registered bean definition for imported class 'org.springframework.boot.autoconfigure.web.reactive.HttpHandlerAutoConfiguration'
2025-04-26T22:20:18.060+02:00 TRACE 13448 --- [api-gateway] [    Test worker] o.s.b.a.condition.OnPropertyCondition    : Condition OnPropertyCondition on org.springframework.boot.autoconfigure.aop.AopAutoConfiguration matched due to @ConditionalOnProperty (spring.aop.auto=true) matched
2025-04-26T22:20:18.060+02:00 TRACE 13448 --- [api-gateway] [    Test worker] o.s.b.f.s.DefaultListableBeanFactory     : Returning cached instance of singleton bean 'autoConfigurationReport'
2025-04-26T22:20:18.060+02:00 TRACE 13448 --- [api-gateway] [    Test worker] o.s.b.a.condition.OnClassCondition       : Condition OnClassCondition on org.springframework.boot.autoconfigure.aop.AopAutoConfiguration$ClassProxyingConfiguration matched due to @ConditionalOnMissingClass did not find unwanted class 'org.aspectj.weaver.Advice'
2025-04-26T22:20:18.060+02:00 TRACE 13448 --- [api-gateway] [    Test worker] o.s.b.f.s.DefaultListableBeanFactory     : Returning cached instance of singleton bean 'autoConfigurationReport'
2025-04-26T22:20:18.060+02:00 TRACE 13448 --- [api-gateway] [    Test worker] o.s.b.a.condition.OnPropertyCondition    : Condition OnPropertyCondition on org.springframework.boot.autoconfigure.aop.AopAutoConfiguration$ClassProxyingConfiguration matched due to @ConditionalOnProperty (spring.aop.proxy-target-class=true) matched
2025-04-26T22:20:18.060+02:00 TRACE 13448 --- [api-gateway] [    Test worker] o.s.b.f.s.DefaultListableBeanFactory     : Returning cached instance of singleton bean 'autoConfigurationReport'
2025-04-26T22:20:18.061+02:00 TRACE 13448 --- [api-gateway] [    Test worker] a.ConfigurationClassBeanDefinitionReader : Registered bean definition for imported class 'org.springframework.boot.autoconfigure.aop.AopAutoConfiguration$ClassProxyingConfiguration'
2025-04-26T22:20:18.061+02:00 TRACE 13448 --- [api-gateway] [    Test worker] a.ConfigurationClassBeanDefinitionReader : Registering bean definition for @Bean method org.springframework.boot.autoconfigure.aop.AopAutoConfiguration$ClassProxyingConfiguration.forceAutoProxyCreatorToUseClassProxying()
2025-04-26T22:20:18.061+02:00 TRACE 13448 --- [api-gateway] [    Test worker] a.ConfigurationClassBeanDefinitionReader : Registered bean definition for imported class 'org.springframework.boot.autoconfigure.aop.AopAutoConfiguration'
2025-04-26T22:20:18.061+02:00 TRACE 13448 --- [api-gateway] [    Test worker] a.ConfigurationClassBeanDefinitionReader : Registered bean definition for imported class 'org.springframework.boot.autoconfigure.availability.ApplicationAvailabilityAutoConfiguration'
2025-04-26T22:20:18.064+02:00 TRACE 13448 --- [api-gateway] [    Test worker] o.s.b.a.condition.OnBeanCondition        : Condition OnBeanCondition on org.springframework.boot.autoconfigure.availability.ApplicationAvailabilityAutoConfiguration#applicationAvailability matched due to @ConditionalOnMissingBean (types: org.springframework.boot.availability.ApplicationAvailability; SearchStrategy: all) did not find any beans
2025-04-26T22:20:18.064+02:00 TRACE 13448 --- [api-gateway] [    Test worker] o.s.b.f.s.DefaultListableBeanFactory     : Returning cached instance of singleton bean 'autoConfigurationReport'
2025-04-26T22:20:18.064+02:00 TRACE 13448 --- [api-gateway] [    Test worker] a.ConfigurationClassBeanDefinitionReader : Registering bean definition for @Bean method org.springframework.boot.autoconfigure.availability.ApplicationAvailabilityAutoConfiguration.applicationAvailability()
2025-04-26T22:20:18.064+02:00 TRACE 13448 --- [api-gateway] [    Test worker] o.s.b.a.condition.OnClassCondition       : Condition OnClassCondition on org.springframework.cloud.autoconfigure.RefreshAutoConfiguration matched due to @ConditionalOnClass found required class 'org.springframework.cloud.context.scope.refresh.RefreshScope'
2025-04-26T22:20:18.064+02:00 TRACE 13448 --- [api-gateway] [    Test worker] o.s.b.f.s.DefaultListableBeanFactory     : Returning cached instance of singleton bean 'autoConfigurationReport'
2025-04-26T22:20:18.064+02:00 TRACE 13448 --- [api-gateway] [    Test worker] o.s.b.a.condition.OnPropertyCondition    : Condition OnPropertyCondition on org.springframework.cloud.autoconfigure.RefreshAutoConfiguration matched due to @ConditionalOnProperty (spring.cloud.refresh.enabled) matched
2025-04-26T22:20:18.064+02:00 TRACE 13448 --- [api-gateway] [    Test worker] o.s.b.f.s.DefaultListableBeanFactory     : Returning cached instance of singleton bean 'autoConfigurationReport'
2025-04-26T22:20:18.065+02:00 TRACE 13448 --- [api-gateway] [    Test worker] a.ConfigurationClassBeanDefinitionReader : Registered bean definition for imported class 'org.springframework.cloud.autoconfigure.RefreshAutoConfiguration$RefreshScopeBeanDefinitionEnhancer'
2025-04-26T22:20:18.066+02:00 TRACE 13448 --- [api-gateway] [    Test worker] a.ConfigurationClassBeanDefinitionReader : Registered bean definition for imported class 'org.springframework.cloud.autoconfigure.RefreshAutoConfiguration'
2025-04-26T22:20:18.067+02:00 TRACE 13448 --- [api-gateway] [    Test worker] o.s.b.a.condition.OnBeanCondition        : Condition OnBeanCondition on org.springframework.cloud.autoconfigure.RefreshAutoConfiguration#refreshScope matched due to @ConditionalOnMissingBean (types: org.springframework.cloud.context.scope.refresh.RefreshScope; SearchStrategy: all) did not find any beans
2025-04-26T22:20:18.068+02:00 TRACE 13448 --- [api-gateway] [    Test worker] o.s.b.f.s.DefaultListableBeanFactory     : Returning cached instance of singleton bean 'autoConfigurationReport'
2025-04-26T22:20:18.068+02:00 TRACE 13448 --- [api-gateway] [    Test worker] a.ConfigurationClassBeanDefinitionReader : Registering bean definition for @Bean method org.springframework.cloud.autoconfigure.RefreshAutoConfiguration.refreshScope()
2025-04-26T22:20:18.071+02:00 TRACE 13448 --- [api-gateway] [    Test worker] o.s.b.a.condition.OnBeanCondition        : Condition OnBeanCondition on org.springframework.cloud.autoconfigure.RefreshAutoConfiguration#loggingRebinder matched due to @ConditionalOnMissingBean (types: org.springframework.cloud.logging.LoggingRebinder; SearchStrategy: all) did not find any beans
2025-04-26T22:20:18.071+02:00 TRACE 13448 --- [api-gateway] [    Test worker] o.s.b.f.s.DefaultListableBeanFactory     : Returning cached instance of singleton bean 'autoConfigurationReport'
2025-04-26T22:20:18.072+02:00 TRACE 13448 --- [api-gateway] [    Test worker] a.ConfigurationClassBeanDefinitionReader : Registering bean definition for @Bean method org.springframework.cloud.autoconfigure.RefreshAutoConfiguration.loggingRebinder()
2025-04-26T22:20:18.073+02:00 TRACE 13448 --- [api-gateway] [    Test worker] strapEnabled$OnBootstrapEnabledCondition : Condition ConditionalOnBootstrapEnabled.OnBootstrapEnabledCondition on org.springframework.cloud.autoconfigure.RefreshAutoConfiguration#legacyContextRefresher did not match due to AnyNestedCondition 0 matched 3 did not; NestedCondition on ConditionalOnBootstrapEnabled.OnBootstrapEnabledCondition.OnBootstrapEnabled @ConditionalOnProperty (spring.cloud.bootstrap.enabled) did not find property 'spring.cloud.bootstrap.enabled'; NestedCondition on ConditionalOnBootstrapEnabled.OnBootstrapEnabledCondition.OnUseLegacyProcessingEnabled @ConditionalOnProperty (spring.config.use-legacy-processing) did not find property 'spring.config.use-legacy-processing'; NestedCondition on ConditionalOnBootstrapEnabled.OnBootstrapEnabledCondition.OnBootstrapMarkerClassPresent @ConditionalOnClass did not find required class 'org.springframework.cloud.bootstrap.marker.Marker'
2025-04-26T22:20:18.074+02:00 TRACE 13448 --- [api-gateway] [    Test worker] o.s.b.f.s.DefaultListableBeanFactory     : Returning cached instance of singleton bean 'autoConfigurationReport'
2025-04-26T22:20:18.074+02:00 TRACE 13448 --- [api-gateway] [    Test worker] o.s.b.a.condition.OnBeanCondition        : Condition OnBeanCondition on org.springframework.cloud.autoconfigure.RefreshAutoConfiguration#configDataContextRefresher matched due to @ConditionalOnMissingBean (types: org.springframework.cloud.context.refresh.ConfigDataContextRefresher; SearchStrategy: all) did not find any beans
2025-04-26T22:20:18.074+02:00 TRACE 13448 --- [api-gateway] [    Test worker] o.s.b.f.s.DefaultListableBeanFactory     : Returning cached instance of singleton bean 'autoConfigurationReport'
2025-04-26T22:20:18.076+02:00 TRACE 13448 --- [api-gateway] [    Test worker] rapDisabled$OnBootstrapDisabledCondition : Condition ConditionalOnBootstrapDisabled.OnBootstrapDisabledCondition on org.springframework.cloud.autoconfigure.RefreshAutoConfiguration#configDataContextRefresher matched due to NoneNestedConditions 0 matched 3 did not; NestedCondition on ConditionalOnBootstrapDisabled.OnBootstrapDisabledCondition.OnBootstrapEnabled @ConditionalOnProperty (spring.cloud.bootstrap.enabled) did not find property 'spring.cloud.bootstrap.enabled'; NestedCondition on ConditionalOnBootstrapDisabled.OnBootstrapDisabledCondition.OnUseLegacyProcessingEnabled @ConditionalOnProperty (spring.config.use-legacy-processing) did not find property 'spring.config.use-legacy-processing'; NestedCondition on ConditionalOnBootstrapDisabled.OnBootstrapDisabledCondition.OnBootstrapMarkerClassPresent @ConditionalOnClass did not find required class 'org.springframework.cloud.bootstrap.marker.Marker'
2025-04-26T22:20:18.076+02:00 TRACE 13448 --- [api-gateway] [    Test worker] o.s.b.f.s.DefaultListableBeanFactory     : Returning cached instance of singleton bean 'autoConfigurationReport'
2025-04-26T22:20:18.076+02:00 TRACE 13448 --- [api-gateway] [    Test worker] a.ConfigurationClassBeanDefinitionReader : Registering bean definition for @Bean method org.springframework.cloud.autoconfigure.RefreshAutoConfiguration.configDataContextRefresher()
2025-04-26T22:20:18.076+02:00 TRACE 13448 --- [api-gateway] [    Test worker] o.s.b.a.condition.OnPropertyCondition    : Condition OnPropertyCondition on org.springframework.cloud.autoconfigure.RefreshAutoConfiguration#refreshScopeLifecycle matched due to @ConditionalOnProperty (spring.cloud.refresh.on-restart.enabled) matched
2025-04-26T22:20:18.076+02:00 TRACE 13448 --- [api-gateway] [    Test worker] o.s.b.f.s.DefaultListableBeanFactory     : Returning cached instance of singleton bean 'autoConfigurationReport'
2025-04-26T22:20:18.077+02:00 TRACE 13448 --- [api-gateway] [    Test worker] a.ConfigurationClassBeanDefinitionReader : Registering bean definition for @Bean method org.springframework.cloud.autoconfigure.RefreshAutoConfiguration.refreshScopeLifecycle()
2025-04-26T22:20:18.077+02:00 TRACE 13448 --- [api-gateway] [    Test worker] a.ConfigurationClassBeanDefinitionReader : Registering bean definition for @Bean method org.springframework.cloud.autoconfigure.RefreshAutoConfiguration.refreshEventListener()
2025-04-26T22:20:18.077+02:00 TRACE 13448 --- [api-gateway] [    Test worker] o.s.b.a.condition.OnClassCondition       : Condition OnClassCondition on org.springframework.boot.autoconfigure.cache.CacheAutoConfiguration matched due to @ConditionalOnClass found required class 'org.springframework.cache.CacheManager'
2025-04-26T22:20:18.077+02:00 TRACE 13448 --- [api-gateway] [    Test worker] o.s.b.f.s.DefaultListableBeanFactory     : Returning cached instance of singleton bean 'autoConfigurationReport'
2025-04-26T22:20:18.079+02:00 TRACE 13448 --- [api-gateway] [    Test worker] o.s.b.a.condition.OnBeanCondition        : Condition OnBeanCondition on org.springframework.boot.autoconfigure.cache.CacheAutoConfiguration did not match due to @ConditionalOnBean (types: org.springframework.cache.interceptor.CacheAspectSupport; SearchStrategy: all) did not find any beans of type org.springframework.cache.interceptor.CacheAspectSupport
2025-04-26T22:20:18.079+02:00 TRACE 13448 --- [api-gateway] [    Test worker] o.s.b.f.s.DefaultListableBeanFactory     : Returning cached instance of singleton bean 'autoConfigurationReport'
2025-04-26T22:20:18.079+02:00 TRACE 13448 --- [api-gateway] [    Test worker] a.ConfigurationClassBeanDefinitionReader : Registered bean definition for imported class 'org.springframework.boot.autoconfigure.context.ConfigurationPropertiesAutoConfiguration'
2025-04-26T22:20:18.080+02:00 TRACE 13448 --- [api-gateway] [    Test worker] a.ConfigurationClassBeanDefinitionReader : Registered bean definition for imported class 'org.springframework.boot.autoconfigure.context.LifecycleAutoConfiguration'
2025-04-26T22:20:18.080+02:00 TRACE 13448 --- [api-gateway] [    Test worker] o.s.b.a.condition.OnBeanCondition        : Condition OnBeanCondition on org.springframework.boot.autoconfigure.context.LifecycleAutoConfiguration#defaultLifecycleProcessor matched due to @ConditionalOnMissingBean (names: lifecycleProcessor; SearchStrategy: current) did not find any beans
2025-04-26T22:20:18.080+02:00 TRACE 13448 --- [api-gateway] [    Test worker] o.s.b.f.s.DefaultListableBeanFactory     : Returning cached instance of singleton bean 'autoConfigurationReport'
2025-04-26T22:20:18.080+02:00 TRACE 13448 --- [api-gateway] [    Test worker] a.ConfigurationClassBeanDefinitionReader : Registering bean definition for @Bean method org.springframework.boot.autoconfigure.context.LifecycleAutoConfiguration.lifecycleProcessor()
2025-04-26T22:20:18.081+02:00 TRACE 13448 --- [api-gateway] [    Test worker] o.s.b.a.condition.OnClassCondition       : Condition OnClassCondition on org.springframework.boot.autoconfigure.gson.GsonAutoConfiguration matched due to @ConditionalOnClass found required class 'com.google.gson.Gson'
2025-04-26T22:20:18.081+02:00 TRACE 13448 --- [api-gateway] [    Test worker] o.s.b.f.s.DefaultListableBeanFactory     : Returning cached instance of singleton bean 'autoConfigurationReport'
2025-04-26T22:20:18.081+02:00 TRACE 13448 --- [api-gateway] [    Test worker] a.ConfigurationClassBeanDefinitionReader : Registered bean definition for imported class 'org.springframework.boot.autoconfigure.gson.GsonAutoConfiguration'
2025-04-26T22:20:18.085+02:00 TRACE 13448 --- [api-gateway] [    Test worker] o.s.b.a.condition.OnBeanCondition        : Condition OnBeanCondition on org.springframework.boot.autoconfigure.gson.GsonAutoConfiguration#gsonBuilder matched due to @ConditionalOnMissingBean (types: com.google.gson.GsonBuilder; SearchStrategy: all) did not find any beans
2025-04-26T22:20:18.085+02:00 TRACE 13448 --- [api-gateway] [    Test worker] o.s.b.f.s.DefaultListableBeanFactory     : Returning cached instance of singleton bean 'autoConfigurationReport'
2025-04-26T22:20:18.085+02:00 TRACE 13448 --- [api-gateway] [    Test worker] a.ConfigurationClassBeanDefinitionReader : Registering bean definition for @Bean method org.springframework.boot.autoconfigure.gson.GsonAutoConfiguration.gsonBuilder()
2025-04-26T22:20:18.087+02:00 TRACE 13448 --- [api-gateway] [    Test worker] o.s.b.a.condition.OnBeanCondition        : Condition OnBeanCondition on org.springframework.boot.autoconfigure.gson.GsonAutoConfiguration#gson matched due to @ConditionalOnMissingBean (types: com.google.gson.Gson; SearchStrategy: all) did not find any beans
2025-04-26T22:20:18.087+02:00 TRACE 13448 --- [api-gateway] [    Test worker] o.s.b.f.s.DefaultListableBeanFactory     : Returning cached instance of singleton bean 'autoConfigurationReport'
2025-04-26T22:20:18.087+02:00 TRACE 13448 --- [api-gateway] [    Test worker] a.ConfigurationClassBeanDefinitionReader : Registering bean definition for @Bean method org.springframework.boot.autoconfigure.gson.GsonAutoConfiguration.gson()
2025-04-26T22:20:18.087+02:00 TRACE 13448 --- [api-gateway] [    Test worker] a.ConfigurationClassBeanDefinitionReader : Registering bean definition for @Bean method org.springframework.boot.autoconfigure.gson.GsonAutoConfiguration.standardGsonBuilderCustomizer()
2025-04-26T22:20:18.089+02:00 TRACE 13448 --- [api-gateway] [    Test worker] a.ConfigurationClassBeanDefinitionReader : Registered bean definition for imported class 'org.springframework.boot.autoconfigure.ssl.SslAutoConfiguration'
2025-04-26T22:20:18.090+02:00 TRACE 13448 --- [api-gateway] [    Test worker] a.ConfigurationClassBeanDefinitionReader : Registering bean definition for @Bean method org.springframework.boot.autoconfigure.ssl.SslAutoConfiguration.fileWatcher()
2025-04-26T22:20:18.090+02:00 TRACE 13448 --- [api-gateway] [    Test worker] a.ConfigurationClassBeanDefinitionReader : Registering bean definition for @Bean method org.springframework.boot.autoconfigure.ssl.SslAutoConfiguration.sslPropertiesSslBundleRegistrar()
2025-04-26T22:20:18.095+02:00 TRACE 13448 --- [api-gateway] [    Test worker] o.s.b.a.condition.OnBeanCondition        : Condition OnBeanCondition on org.springframework.boot.autoconfigure.ssl.SslAutoConfiguration#sslBundleRegistry matched due to @ConditionalOnMissingBean (types: org.springframework.boot.ssl.SslBundleRegistry,org.springframework.boot.ssl.SslBundles; SearchStrategy: all) did not find any beans
2025-04-26T22:20:18.095+02:00 TRACE 13448 --- [api-gateway] [    Test worker] o.s.b.f.s.DefaultListableBeanFactory     : Returning cached instance of singleton bean 'autoConfigurationReport'
2025-04-26T22:20:18.095+02:00 TRACE 13448 --- [api-gateway] [    Test worker] a.ConfigurationClassBeanDefinitionReader : Registering bean definition for @Bean method org.springframework.boot.autoconfigure.ssl.SslAutoConfiguration.sslBundleRegistry()
2025-04-26T22:20:18.097+02:00 TRACE 13448 --- [api-gateway] [    Test worker] a.ConfigurationClassBeanDefinitionReader : Registered bean definition for imported class 'org.springframework.boot.autoconfigure.info.ProjectInfoAutoConfiguration'
2025-04-26T22:20:18.098+02:00 TRACE 13448 --- [api-gateway] [    Test worker] figuration$GitResourceAvailableCondition : Condition ProjectInfoAutoConfiguration.GitResourceAvailableCondition on org.springframework.boot.autoconfigure.info.ProjectInfoAutoConfiguration#gitProperties did not match due to GitResource did not find git info at classpath:git.properties
2025-04-26T22:20:18.099+02:00 TRACE 13448 --- [api-gateway] [    Test worker] o.s.b.f.s.DefaultListableBeanFactory     : Returning cached instance of singleton bean 'autoConfigurationReport'
2025-04-26T22:20:18.100+02:00 TRACE 13448 --- [api-gateway] [    Test worker] ySourcesPropertyResolver$DefaultResolver : Searching for key 'spring.info.build.location:classpath:META-INF/build-info.properties' in PropertySource 'configurationProperties'
2025-04-26T22:20:18.100+02:00 TRACE 13448 --- [api-gateway] [    Test worker] ySourcesPropertyResolver$DefaultResolver : Searching for key 'spring.info.build.location:classpath:META-INF/build-info.properties' in PropertySource 'test'
2025-04-26T22:20:18.100+02:00 TRACE 13448 --- [api-gateway] [    Test worker] ySourcesPropertyResolver$DefaultResolver : Searching for key 'spring.info.build.location:classpath:META-INF/build-info.properties' in PropertySource 'gateway-properties'
2025-04-26T22:20:18.100+02:00 TRACE 13448 --- [api-gateway] [    Test worker] ySourcesPropertyResolver$DefaultResolver : Searching for key 'spring.info.build.location:classpath:META-INF/build-info.properties' in PropertySource 'Inlined Test Properties'
2025-04-26T22:20:18.100+02:00 TRACE 13448 --- [api-gateway] [    Test worker] ySourcesPropertyResolver$DefaultResolver : Searching for key 'spring.info.build.location:classpath:META-INF/build-info.properties' in PropertySource 'systemProperties'
2025-04-26T22:20:18.100+02:00 TRACE 13448 --- [api-gateway] [    Test worker] ySourcesPropertyResolver$DefaultResolver : Searching for key 'spring.info.build.location:classpath:META-INF/build-info.properties' in PropertySource 'systemEnvironment'
2025-04-26T22:20:18.100+02:00 TRACE 13448 --- [api-gateway] [    Test worker] ySourcesPropertyResolver$DefaultResolver : Searching for key 'spring.info.build.location:classpath:META-INF/build-info.properties' in PropertySource 'random'
2025-04-26T22:20:18.100+02:00 TRACE 13448 --- [api-gateway] [    Test worker] ySourcesPropertyResolver$DefaultResolver : Searching for key 'spring.info.build.location:classpath:META-INF/build-info.properties' in PropertySource 'cachedrandom'
2025-04-26T22:20:18.100+02:00 TRACE 13448 --- [api-gateway] [    Test worker] ySourcesPropertyResolver$DefaultResolver : Searching for key 'spring.info.build.location:classpath:META-INF/build-info.properties' in PropertySource 'Config resource 'class path resource [application.properties]' via location 'optional:classpath:/''
2025-04-26T22:20:18.100+02:00 TRACE 13448 --- [api-gateway] [    Test worker] ySourcesPropertyResolver$DefaultResolver : Searching for key 'spring.info.build.location:classpath:META-INF/build-info.properties' in PropertySource 'springCloudClientHostInfo'
2025-04-26T22:20:18.100+02:00 TRACE 13448 --- [api-gateway] [    Test worker] ySourcesPropertyResolver$DefaultResolver : Searching for key 'spring.info.build.location:classpath:META-INF/build-info.properties' in PropertySource 'applicationInfo'
2025-04-26T22:20:18.100+02:00 TRACE 13448 --- [api-gateway] [    Test worker] ySourcesPropertyResolver$DefaultResolver : Could not find key 'spring.info.build.location:classpath:META-INF/build-info.properties' in any property source
2025-04-26T22:20:18.101+02:00 TRACE 13448 --- [api-gateway] [    Test worker] o.s.b.a.condition.OnResourceCondition    : Condition OnResourceCondition on org.springframework.boot.autoconfigure.info.ProjectInfoAutoConfiguration#buildProperties did not match due to @ConditionalOnResource did not find resource '${spring.info.build.location:classpath:META-INF/build-info.properties}'
2025-04-26T22:20:18.101+02:00 TRACE 13448 --- [api-gateway] [    Test worker] o.s.b.f.s.DefaultListableBeanFactory     : Returning cached instance of singleton bean 'autoConfigurationReport'
2025-04-26T22:20:18.102+02:00 TRACE 13448 --- [api-gateway] [    Test worker] o.s.b.a.condition.OnClassCondition       : Condition OnClassCondition on org.springframework.boot.autoconfigure.netty.NettyAutoConfiguration matched due to @ConditionalOnClass found required class 'io.netty.util.NettyRuntime'
2025-04-26T22:20:18.102+02:00 TRACE 13448 --- [api-gateway] [    Test worker] o.s.b.f.s.DefaultListableBeanFactory     : Returning cached instance of singleton bean 'autoConfigurationReport'
2025-04-26T22:20:18.102+02:00 TRACE 13448 --- [api-gateway] [    Test worker] a.ConfigurationClassBeanDefinitionReader : Registered bean definition for imported class 'org.springframework.boot.autoconfigure.netty.NettyAutoConfiguration'
2025-04-26T22:20:18.104+02:00 TRACE 13448 --- [api-gateway] [    Test worker] o.s.b.a.condition.OnClassCondition       : Condition OnClassCondition on org.springframework.boot.autoconfigure.reactor.ReactorAutoConfiguration matched due to @ConditionalOnClass found required class 'reactor.core.publisher.Hooks'
2025-04-26T22:20:18.104+02:00 TRACE 13448 --- [api-gateway] [    Test worker] o.s.b.f.s.DefaultListableBeanFactory     : Returning cached instance of singleton bean 'autoConfigurationReport'
2025-04-26T22:20:18.104+02:00 TRACE 13448 --- [api-gateway] [    Test worker] a.ConfigurationClassBeanDefinitionReader : Registered bean definition for imported class 'org.springframework.boot.autoconfigure.reactor.ReactorAutoConfiguration'
2025-04-26T22:20:18.105+02:00 TRACE 13448 --- [api-gateway] [    Test worker] o.s.b.a.condition.OnClassCondition       : Condition OnClassCondition on org.springframework.boot.autoconfigure.security.oauth2.resource.reactive.ReactiveOAuth2ResourceServerAutoConfiguration matched due to @ConditionalOnClass found required class 'org.springframework.security.config.annotation.web.reactive.EnableWebFluxSecurity'
2025-04-26T22:20:18.105+02:00 TRACE 13448 --- [api-gateway] [    Test worker] o.s.b.f.s.DefaultListableBeanFactory     : Returning cached instance of singleton bean 'autoConfigurationReport'
2025-04-26T22:20:18.105+02:00 TRACE 13448 --- [api-gateway] [    Test worker] o.s.b.a.c.OnWebApplicationCondition      : Condition OnWebApplicationCondition on org.springframework.boot.autoconfigure.security.oauth2.resource.reactive.ReactiveOAuth2ResourceServerAutoConfiguration matched due to found ConfigurableReactiveWebEnvironment
2025-04-26T22:20:18.105+02:00 TRACE 13448 --- [api-gateway] [    Test worker] o.s.b.f.s.DefaultListableBeanFactory     : Returning cached instance of singleton bean 'autoConfigurationReport'
2025-04-26T22:20:18.105+02:00 TRACE 13448 --- [api-gateway] [    Test worker] o.s.b.a.condition.OnClassCondition       : Condition OnClassCondition on org.springframework.boot.autoconfigure.security.oauth2.resource.reactive.ReactiveOAuth2ResourceServerConfiguration$JwtConfiguration matched due to @ConditionalOnClass found required classes 'org.springframework.security.oauth2.server.resource.authentication.BearerTokenAuthenticationToken', 'org.springframework.security.oauth2.jwt.ReactiveJwtDecoder'
2025-04-26T22:20:18.106+02:00 TRACE 13448 --- [api-gateway] [    Test worker] o.s.b.f.s.DefaultListableBeanFactory     : Returning cached instance of singleton bean 'autoConfigurationReport'
2025-04-26T22:20:18.108+02:00 TRACE 13448 --- [api-gateway] [    Test worker] o.s.b.a.condition.OnBeanCondition        : Condition OnBeanCondition on org.springframework.boot.autoconfigure.security.oauth2.resource.reactive.ReactiveOAuth2ResourceServerJwkConfiguration$JwtConfiguration matched due to @ConditionalOnMissingBean (types: org.springframework.security.oauth2.jwt.ReactiveJwtDecoder; SearchStrategy: all) did not find any beans
2025-04-26T22:20:18.108+02:00 TRACE 13448 --- [api-gateway] [    Test worker] o.s.b.f.s.DefaultListableBeanFactory     : Returning cached instance of singleton bean 'autoConfigurationReport'
2025-04-26T22:20:18.109+02:00 TRACE 13448 --- [api-gateway] [    Test worker] a.ConfigurationClassBeanDefinitionReader : Registered bean definition for imported class 'org.springframework.boot.autoconfigure.security.oauth2.resource.reactive.ReactiveOAuth2ResourceServerJwkConfiguration$JwtConfiguration'
2025-04-26T22:20:18.109+02:00 TRACE 13448 --- [api-gateway] [    Test worker] o.s.b.a.condition.OnPropertyCondition    : Condition OnPropertyCondition on org.springframework.boot.autoconfigure.security.oauth2.resource.reactive.ReactiveOAuth2ResourceServerJwkConfiguration$JwtConfiguration#jwtDecoder did not match due to @ConditionalOnProperty (spring.security.oauth2.resourceserver.jwt.jwk-set-uri) did not find property 'spring.security.oauth2.resourceserver.jwt.jwk-set-uri'
2025-04-26T22:20:18.109+02:00 TRACE 13448 --- [api-gateway] [    Test worker] o.s.b.f.s.DefaultListableBeanFactory     : Returning cached instance of singleton bean 'autoConfigurationReport'
2025-04-26T22:20:18.110+02:00 TRACE 13448 --- [api-gateway] [    Test worker] o.s.b.a.s.o.resource.KeyValueCondition   : Condition KeyValueCondition on org.springframework.boot.autoconfigure.security.oauth2.resource.reactive.ReactiveOAuth2ResourceServerJwkConfiguration$JwtConfiguration#jwtDecoderByPublicKeyValue did not match due to Public Key Value Condition did not find public-key-location property
2025-04-26T22:20:18.110+02:00 TRACE 13448 --- [api-gateway] [    Test worker] o.s.b.f.s.DefaultListableBeanFactory     : Returning cached instance of singleton bean 'autoConfigurationReport'
2025-04-26T22:20:18.111+02:00 TRACE 13448 --- [api-gateway] [    Test worker] o.s.b.a.s.o.resource.IssuerUriCondition  : Condition IssuerUriCondition on org.springframework.boot.autoconfigure.security.oauth2.resource.reactive.ReactiveOAuth2ResourceServerJwkConfiguration$JwtConfiguration#jwtDecoderByIssuerUri matched due to OpenID Connect Issuer URI Condition found issuer-uri property
2025-04-26T22:20:18.111+02:00 TRACE 13448 --- [api-gateway] [    Test worker] o.s.b.f.s.DefaultListableBeanFactory     : Returning cached instance of singleton bean 'autoConfigurationReport'
2025-04-26T22:20:18.111+02:00 TRACE 13448 --- [api-gateway] [    Test worker] a.ConfigurationClassBeanDefinitionReader : Registering bean definition for @Bean method org.springframework.boot.autoconfigure.security.oauth2.resource.reactive.ReactiveOAuth2ResourceServerJwkConfiguration$JwtConfiguration.jwtDecoderByIssuerUri()
2025-04-26T22:20:18.112+02:00 TRACE 13448 --- [api-gateway] [    Test worker] guration$JwtConverterPropertiesCondition : Condition ReactiveOAuth2ResourceServerJwkConfiguration.JwtConverterPropertiesCondition on org.springframework.boot.autoconfigure.security.oauth2.resource.reactive.ReactiveOAuth2ResourceServerJwkConfiguration$JwtConverterConfiguration did not match due to AnyNestedCondition 0 matched 3 did not; NestedCondition on ReactiveOAuth2ResourceServerJwkConfiguration.JwtConverterPropertiesCondition.OnAuthoritiesClaimName @ConditionalOnProperty (spring.security.oauth2.resourceserver.jwt.authorities-claim-name) did not find property 'authorities-claim-name'; NestedCondition on ReactiveOAuth2ResourceServerJwkConfiguration.JwtConverterPropertiesCondition.OnPrincipalClaimName @ConditionalOnProperty (spring.security.oauth2.resourceserver.jwt.principal-claim-name) did not find property 'principal-claim-name'; NestedCondition on ReactiveOAuth2ResourceServerJwkConfiguration.JwtConverterPropertiesCondition.OnAuthorityPrefix @ConditionalOnProperty (spring.security.oauth2.resourceserver.jwt.authority-prefix) did not find property 'authority-prefix'
2025-04-26T22:20:18.112+02:00 TRACE 13448 --- [api-gateway] [    Test worker] o.s.b.f.s.DefaultListableBeanFactory     : Returning cached instance of singleton bean 'autoConfigurationReport'
2025-04-26T22:20:18.121+02:00 TRACE 13448 --- [api-gateway] [    Test worker] o.s.b.a.condition.OnBeanCondition        : Condition OnBeanCondition on org.springframework.boot.autoconfigure.security.oauth2.resource.reactive.ReactiveOAuth2ResourceServerJwkConfiguration$WebSecurityConfiguration did not match due to @ConditionalOnMissingBean (types: org.springframework.security.web.server.SecurityWebFilterChain; SearchStrategy: all) found beans of type 'org.springframework.security.web.server.SecurityWebFilterChain' securityWebFilterChain
2025-04-26T22:20:18.121+02:00 TRACE 13448 --- [api-gateway] [    Test worker] o.s.b.f.s.DefaultListableBeanFactory     : Returning cached instance of singleton bean 'autoConfigurationReport'
2025-04-26T22:20:18.123+02:00 TRACE 13448 --- [api-gateway] [    Test worker] a.ConfigurationClassBeanDefinitionReader : Registered bean definition for imported class 'org.springframework.boot.autoconfigure.security.oauth2.resource.reactive.ReactiveOAuth2ResourceServerConfiguration$JwtConfiguration'
2025-04-26T22:20:18.123+02:00 TRACE 13448 --- [api-gateway] [    Test worker] o.s.b.a.condition.OnClassCondition       : Condition OnClassCondition on org.springframework.boot.autoconfigure.security.oauth2.resource.reactive.ReactiveOAuth2ResourceServerConfiguration$OpaqueTokenConfiguration matched due to @ConditionalOnClass found required classes 'org.springframework.security.oauth2.server.resource.authentication.BearerTokenAuthenticationToken', 'org.springframework.security.oauth2.server.resource.introspection.ReactiveOpaqueTokenIntrospector'
2025-04-26T22:20:18.123+02:00 TRACE 13448 --- [api-gateway] [    Test worker] o.s.b.f.s.DefaultListableBeanFactory     : Returning cached instance of singleton bean 'autoConfigurationReport'
2025-04-26T22:20:18.124+02:00 TRACE 13448 --- [api-gateway] [    Test worker] o.s.b.a.condition.OnBeanCondition        : Condition OnBeanCondition on org.springframework.boot.autoconfigure.security.oauth2.resource.reactive.ReactiveOAuth2ResourceServerOpaqueTokenConfiguration$OpaqueTokenIntrospectionClientConfiguration matched due to @ConditionalOnMissingBean (types: org.springframework.security.oauth2.server.resource.introspection.ReactiveOpaqueTokenIntrospector; SearchStrategy: all) did not find any beans
2025-04-26T22:20:18.124+02:00 TRACE 13448 --- [api-gateway] [    Test worker] o.s.b.f.s.DefaultListableBeanFactory     : Returning cached instance of singleton bean 'autoConfigurationReport'
2025-04-26T22:20:18.124+02:00 TRACE 13448 --- [api-gateway] [    Test worker] a.ConfigurationClassBeanDefinitionReader : Registered bean definition for imported class 'org.springframework.boot.autoconfigure.security.oauth2.resource.reactive.ReactiveOAuth2ResourceServerOpaqueTokenConfiguration$OpaqueTokenIntrospectionClientConfiguration'
2025-04-26T22:20:18.124+02:00 TRACE 13448 --- [api-gateway] [    Test worker] o.s.b.a.condition.OnPropertyCondition    : Condition OnPropertyCondition on org.springframework.boot.autoconfigure.security.oauth2.resource.reactive.ReactiveOAuth2ResourceServerOpaqueTokenConfiguration$OpaqueTokenIntrospectionClientConfiguration#opaqueTokenIntrospector did not match due to @ConditionalOnProperty (spring.security.oauth2.resourceserver.opaquetoken.introspection-uri) did not find property 'spring.security.oauth2.resourceserver.opaquetoken.introspection-uri'
2025-04-26T22:20:18.124+02:00 TRACE 13448 --- [api-gateway] [    Test worker] o.s.b.f.s.DefaultListableBeanFactory     : Returning cached instance of singleton bean 'autoConfigurationReport'
2025-04-26T22:20:18.125+02:00 TRACE 13448 --- [api-gateway] [    Test worker] o.s.b.a.condition.OnBeanCondition        : Condition OnBeanCondition on org.springframework.boot.autoconfigure.security.oauth2.resource.reactive.ReactiveOAuth2ResourceServerOpaqueTokenConfiguration$WebSecurityConfiguration did not match due to @ConditionalOnMissingBean (types: org.springframework.security.web.server.SecurityWebFilterChain; SearchStrategy: all) found beans of type 'org.springframework.security.web.server.SecurityWebFilterChain' securityWebFilterChain
2025-04-26T22:20:18.125+02:00 TRACE 13448 --- [api-gateway] [    Test worker] o.s.b.f.s.DefaultListableBeanFactory     : Returning cached instance of singleton bean 'autoConfigurationReport'
2025-04-26T22:20:18.126+02:00 TRACE 13448 --- [api-gateway] [    Test worker] a.ConfigurationClassBeanDefinitionReader : Registered bean definition for imported class 'org.springframework.boot.autoconfigure.security.oauth2.resource.reactive.ReactiveOAuth2ResourceServerConfiguration$OpaqueTokenConfiguration'
2025-04-26T22:20:18.128+02:00 TRACE 13448 --- [api-gateway] [    Test worker] a.ConfigurationClassBeanDefinitionReader : Registered bean definition for imported class 'org.springframework.boot.autoconfigure.security.oauth2.resource.reactive.ReactiveOAuth2ResourceServerAutoConfiguration'
2025-04-26T22:20:18.130+02:00 TRACE 13448 --- [api-gateway] [    Test worker] o.s.b.a.condition.OnClassCondition       : Condition OnClassCondition on org.springframework.boot.autoconfigure.security.reactive.ReactiveSecurityAutoConfiguration matched due to @ConditionalOnClass found required classes 'reactor.core.publisher.Flux', 'org.springframework.security.config.annotation.web.reactive.EnableWebFluxSecurity', 'org.springframework.security.web.server.WebFilterChainProxy', 'org.springframework.web.reactive.config.WebFluxConfigurer'
2025-04-26T22:20:18.130+02:00 TRACE 13448 --- [api-gateway] [    Test worker] o.s.b.f.s.DefaultListableBeanFactory     : Returning cached instance of singleton bean 'autoConfigurationReport'
2025-04-26T22:20:18.130+02:00 TRACE 13448 --- [api-gateway] [    Test worker] o.s.b.a.c.OnWebApplicationCondition      : Condition OnWebApplicationCondition on org.springframework.boot.autoconfigure.security.reactive.ReactiveSecurityAutoConfiguration$SpringBootWebFluxSecurityConfiguration matched due to found ConfigurableReactiveWebEnvironment
2025-04-26T22:20:18.130+02:00 TRACE 13448 --- [api-gateway] [    Test worker] o.s.b.f.s.DefaultListableBeanFactory     : Returning cached instance of singleton bean 'autoConfigurationReport'
2025-04-26T22:20:18.131+02:00 TRACE 13448 --- [api-gateway] [    Test worker] o.s.b.a.condition.OnBeanCondition        : Condition OnBeanCondition on org.springframework.boot.autoconfigure.security.reactive.ReactiveSecurityAutoConfiguration$SpringBootWebFluxSecurityConfiguration$EnableWebFluxSecurityConfiguration did not match due to @ConditionalOnMissingBean (types: org.springframework.security.web.server.WebFilterChainProxy; SearchStrategy: all) found beans of type 'org.springframework.security.web.server.WebFilterChainProxy' org.springframework.security.config.annotation.web.reactive.WebFluxSecurityConfiguration.WebFilterChainFilter
2025-04-26T22:20:18.131+02:00 TRACE 13448 --- [api-gateway] [    Test worker] o.s.b.f.s.DefaultListableBeanFactory     : Returning cached instance of singleton bean 'autoConfigurationReport'
2025-04-26T22:20:18.132+02:00 TRACE 13448 --- [api-gateway] [    Test worker] a.ConfigurationClassBeanDefinitionReader : Registered bean definition for imported class 'org.springframework.boot.autoconfigure.security.reactive.ReactiveSecurityAutoConfiguration$SpringBootWebFluxSecurityConfiguration'
2025-04-26T22:20:18.133+02:00 TRACE 13448 --- [api-gateway] [    Test worker] o.s.b.a.condition.OnBeanCondition        : Condition OnBeanCondition on org.springframework.boot.autoconfigure.security.reactive.ReactiveSecurityAutoConfiguration$SpringBootWebFluxSecurityConfiguration#denyAllAuthenticationManager did not match due to @ConditionalOnMissingBean (types: org.springframework.security.authentication.ReactiveAuthenticationManager,org.springframework.security.core.userdetails.ReactiveUserDetailsService,org.springframework.security.web.server.SecurityWebFilterChain; SearchStrategy: all) found beans of type 'org.springframework.security.web.server.SecurityWebFilterChain' securityWebFilterChain
2025-04-26T22:20:18.133+02:00 TRACE 13448 --- [api-gateway] [    Test worker] o.s.b.f.s.DefaultListableBeanFactory     : Returning cached instance of singleton bean 'autoConfigurationReport'
2025-04-26T22:20:18.133+02:00 TRACE 13448 --- [api-gateway] [    Test worker] a.ConfigurationClassBeanDefinitionReader : Registered bean definition for imported class 'org.springframework.boot.autoconfigure.security.reactive.ReactiveSecurityAutoConfiguration'
2025-04-26T22:20:18.135+02:00 TRACE 13448 --- [api-gateway] [    Test worker] o.s.b.a.condition.OnClassCondition       : Condition OnClassCondition on org.springframework.boot.autoconfigure.security.servlet.SecurityAutoConfiguration matched due to @ConditionalOnClass found required class 'org.springframework.security.authentication.DefaultAuthenticationEventPublisher'
2025-04-26T22:20:18.135+02:00 TRACE 13448 --- [api-gateway] [    Test worker] o.s.b.f.s.DefaultListableBeanFactory     : Returning cached instance of singleton bean 'autoConfigurationReport'
2025-04-26T22:20:18.136+02:00 TRACE 13448 --- [api-gateway] [    Test worker] a.ConfigurationClassBeanDefinitionReader : Registered bean definition for imported class 'org.springframework.boot.autoconfigure.security.servlet.SecurityAutoConfiguration'
2025-04-26T22:20:18.137+02:00 TRACE 13448 --- [api-gateway] [    Test worker] o.s.b.a.condition.OnBeanCondition        : Condition OnBeanCondition on org.springframework.boot.autoconfigure.security.servlet.SecurityAutoConfiguration#authenticationEventPublisher matched due to @ConditionalOnMissingBean (types: org.springframework.security.authentication.AuthenticationEventPublisher; SearchStrategy: all) did not find any beans
2025-04-26T22:20:18.137+02:00 TRACE 13448 --- [api-gateway] [    Test worker] o.s.b.f.s.DefaultListableBeanFactory     : Returning cached instance of singleton bean 'autoConfigurationReport'
2025-04-26T22:20:18.137+02:00 TRACE 13448 --- [api-gateway] [    Test worker] a.ConfigurationClassBeanDefinitionReader : Registering bean definition for @Bean method org.springframework.boot.autoconfigure.security.servlet.SecurityAutoConfiguration.authenticationEventPublisher()
2025-04-26T22:20:18.137+02:00 TRACE 13448 --- [api-gateway] [    Test worker] o.s.b.a.condition.OnPropertyCondition    : Condition OnPropertyCondition on org.springframework.boot.autoconfigure.sql.init.SqlInitializationAutoConfiguration matched due to @ConditionalOnProperty (spring.sql.init.enabled) matched
2025-04-26T22:20:18.137+02:00 TRACE 13448 --- [api-gateway] [    Test worker] o.s.b.f.s.DefaultListableBeanFactory     : Returning cached instance of singleton bean 'autoConfigurationReport'
2025-04-26T22:20:18.139+02:00 TRACE 13448 --- [api-gateway] [    Test worker] a.ConfigurationClassBeanDefinitionReader : Registered bean definition for imported class 'org.springframework.boot.autoconfigure.sql.init.SqlInitializationAutoConfiguration'
2025-04-26T22:20:18.140+02:00 TRACE 13448 --- [api-gateway] [    Test worker] o.s.b.a.condition.OnClassCondition       : Condition OnClassCondition on org.springframework.boot.autoconfigure.task.TaskExecutionAutoConfiguration matched due to @ConditionalOnClass found required class 'org.springframework.scheduling.concurrent.ThreadPoolTaskExecutor'
2025-04-26T22:20:18.140+02:00 TRACE 13448 --- [api-gateway] [    Test worker] o.s.b.f.s.DefaultListableBeanFactory     : Returning cached instance of singleton bean 'autoConfigurationReport'
2025-04-26T22:20:18.140+02:00 TRACE 13448 --- [api-gateway] [    Test worker] a.ConfigurationClassBeanDefinitionReader : Registered bean definition for imported class 'org.springframework.boot.autoconfigure.task.TaskExecutorConfigurations$ThreadPoolTaskExecutorBuilderConfiguration'
2025-04-26T22:20:18.143+02:00 TRACE 13448 --- [api-gateway] [    Test worker] o.s.b.a.condition.OnBeanCondition        : Condition OnBeanCondition on org.springframework.boot.autoconfigure.task.TaskExecutorConfigurations$ThreadPoolTaskExecutorBuilderConfiguration#threadPoolTaskExecutorBuilder matched due to @ConditionalOnMissingBean (types: org.springframework.boot.task.ThreadPoolTaskExecutorBuilder; SearchStrategy: all) did not find any beans
2025-04-26T22:20:18.143+02:00 TRACE 13448 --- [api-gateway] [    Test worker] o.s.b.f.s.DefaultListableBeanFactory     : Returning cached instance of singleton bean 'autoConfigurationReport'
2025-04-26T22:20:18.143+02:00 TRACE 13448 --- [api-gateway] [    Test worker] a.ConfigurationClassBeanDefinitionReader : Registering bean definition for @Bean method org.springframework.boot.autoconfigure.task.TaskExecutorConfigurations$ThreadPoolTaskExecutorBuilderConfiguration.threadPoolTaskExecutorBuilder()
2025-04-26T22:20:18.143+02:00 TRACE 13448 --- [api-gateway] [    Test worker] a.ConfigurationClassBeanDefinitionReader : Registered bean definition for imported class 'org.springframework.boot.autoconfigure.task.TaskExecutorConfigurations$SimpleAsyncTaskExecutorBuilderConfiguration'
2025-04-26T22:20:18.145+02:00 TRACE 13448 --- [api-gateway] [    Test worker] o.s.b.a.condition.OnBeanCondition        : Condition OnBeanCondition on org.springframework.boot.autoconfigure.task.TaskExecutorConfigurations$SimpleAsyncTaskExecutorBuilderConfiguration#simpleAsyncTaskExecutorBuilder matched due to @ConditionalOnMissingBean (types: org.springframework.boot.task.SimpleAsyncTaskExecutorBuilder; SearchStrategy: all) did not find any beans
2025-04-26T22:20:18.145+02:00 TRACE 13448 --- [api-gateway] [    Test worker] o.s.b.f.s.DefaultListableBeanFactory     : Returning cached instance of singleton bean 'autoConfigurationReport'
2025-04-26T22:20:18.146+02:00 TRACE 13448 --- [api-gateway] [    Test worker] o.s.b.a.condition.OnThreadingCondition   : Condition OnThreadingCondition on org.springframework.boot.autoconfigure.task.TaskExecutorConfigurations$SimpleAsyncTaskExecutorBuilderConfiguration#simpleAsyncTaskExecutorBuilder matched due to @ConditionalOnThreading found PLATFORM
2025-04-26T22:20:18.146+02:00 TRACE 13448 --- [api-gateway] [    Test worker] o.s.b.f.s.DefaultListableBeanFactory     : Returning cached instance of singleton bean 'autoConfigurationReport'
2025-04-26T22:20:18.146+02:00 TRACE 13448 --- [api-gateway] [    Test worker] a.ConfigurationClassBeanDefinitionReader : Registering bean definition for @Bean method org.springframework.boot.autoconfigure.task.TaskExecutorConfigurations$SimpleAsyncTaskExecutorBuilderConfiguration.simpleAsyncTaskExecutorBuilder()
2025-04-26T22:20:18.147+02:00 TRACE 13448 --- [api-gateway] [    Test worker] o.s.b.a.condition.OnBeanCondition        : Condition OnBeanCondition on org.springframework.boot.autoconfigure.task.TaskExecutorConfigurations$SimpleAsyncTaskExecutorBuilderConfiguration#simpleAsyncTaskExecutorBuilderVirtualThreads did not match due to @ConditionalOnMissingBean (types: org.springframework.boot.task.SimpleAsyncTaskExecutorBuilder; SearchStrategy: all) found beans of type 'org.springframework.boot.task.SimpleAsyncTaskExecutorBuilder' simpleAsyncTaskExecutorBuilder
2025-04-26T22:20:18.147+02:00 TRACE 13448 --- [api-gateway] [    Test worker] o.s.b.f.s.DefaultListableBeanFactory     : Returning cached instance of singleton bean 'autoConfigurationReport'
2025-04-26T22:20:18.148+02:00 TRACE 13448 --- [api-gateway] [    Test worker] o.s.b.a.condition.OnBeanCondition        : Condition OnBeanCondition on org.springframework.boot.autoconfigure.task.TaskExecutorConfigurations$TaskExecutorConfiguration matched due to @ConditionalOnMissingBean (types: java.util.concurrent.Executor; SearchStrategy: all) did not find any beans
2025-04-26T22:20:18.148+02:00 TRACE 13448 --- [api-gateway] [    Test worker] o.s.b.f.s.DefaultListableBeanFactory     : Returning cached instance of singleton bean 'autoConfigurationReport'
2025-04-26T22:20:18.148+02:00 TRACE 13448 --- [api-gateway] [    Test worker] a.ConfigurationClassBeanDefinitionReader : Registered bean definition for imported class 'org.springframework.boot.autoconfigure.task.TaskExecutorConfigurations$TaskExecutorConfiguration'
2025-04-26T22:20:18.149+02:00 TRACE 13448 --- [api-gateway] [    Test worker] o.s.b.a.condition.OnThreadingCondition   : Condition OnThreadingCondition on org.springframework.boot.autoconfigure.task.TaskExecutorConfigurations$TaskExecutorConfiguration#applicationTaskExecutorVirtualThreads did not match due to @ConditionalOnThreading did not find VIRTUAL
2025-04-26T22:20:18.149+02:00 TRACE 13448 --- [api-gateway] [    Test worker] o.s.b.f.s.DefaultListableBeanFactory     : Returning cached instance of singleton bean 'autoConfigurationReport'
2025-04-26T22:20:18.149+02:00 TRACE 13448 --- [api-gateway] [    Test worker] o.s.b.a.condition.OnThreadingCondition   : Condition OnThreadingCondition on org.springframework.boot.autoconfigure.task.TaskExecutorConfigurations$TaskExecutorConfiguration#applicationTaskExecutor matched due to @ConditionalOnThreading found PLATFORM
2025-04-26T22:20:18.149+02:00 TRACE 13448 --- [api-gateway] [    Test worker] o.s.b.f.s.DefaultListableBeanFactory     : Returning cached instance of singleton bean 'autoConfigurationReport'
2025-04-26T22:20:18.149+02:00 TRACE 13448 --- [api-gateway] [    Test worker] o.s.b.f.s.DefaultListableBeanFactory     : Alias definition 'taskExecutor' registered for name 'applicationTaskExecutor'
2025-04-26T22:20:18.149+02:00 TRACE 13448 --- [api-gateway] [    Test worker] a.ConfigurationClassBeanDefinitionReader : Registering bean definition for @Bean method org.springframework.boot.autoconfigure.task.TaskExecutorConfigurations$TaskExecutorConfiguration.applicationTaskExecutor()
2025-04-26T22:20:18.150+02:00 TRACE 13448 --- [api-gateway] [    Test worker] a.ConfigurationClassBeanDefinitionReader : Registered bean definition for imported class 'org.springframework.boot.autoconfigure.task.TaskExecutionAutoConfiguration'
2025-04-26T22:20:18.151+02:00 TRACE 13448 --- [api-gateway] [    Test worker] o.s.b.a.condition.OnClassCondition       : Condition OnClassCondition on org.springframework.boot.autoconfigure.task.TaskSchedulingAutoConfiguration matched due to @ConditionalOnClass found required class 'org.springframework.scheduling.concurrent.ThreadPoolTaskScheduler'
2025-04-26T22:20:18.151+02:00 TRACE 13448 --- [api-gateway] [    Test worker] o.s.b.f.s.DefaultListableBeanFactory     : Returning cached instance of singleton bean 'autoConfigurationReport'
2025-04-26T22:20:18.151+02:00 TRACE 13448 --- [api-gateway] [    Test worker] a.ConfigurationClassBeanDefinitionReader : Registered bean definition for imported class 'org.springframework.boot.autoconfigure.task.TaskSchedulingConfigurations$ThreadPoolTaskSchedulerBuilderConfiguration'
2025-04-26T22:20:18.155+02:00 TRACE 13448 --- [api-gateway] [    Test worker] o.s.b.a.condition.OnBeanCondition        : Condition OnBeanCondition on org.springframework.boot.autoconfigure.task.TaskSchedulingConfigurations$ThreadPoolTaskSchedulerBuilderConfiguration#threadPoolTaskSchedulerBuilder matched due to @ConditionalOnMissingBean (types: org.springframework.boot.task.ThreadPoolTaskSchedulerBuilder; SearchStrategy: all) did not find any beans
2025-04-26T22:20:18.155+02:00 TRACE 13448 --- [api-gateway] [    Test worker] o.s.b.f.s.DefaultListableBeanFactory     : Returning cached instance of singleton bean 'autoConfigurationReport'
2025-04-26T22:20:18.155+02:00 TRACE 13448 --- [api-gateway] [    Test worker] a.ConfigurationClassBeanDefinitionReader : Registering bean definition for @Bean method org.springframework.boot.autoconfigure.task.TaskSchedulingConfigurations$ThreadPoolTaskSchedulerBuilderConfiguration.threadPoolTaskSchedulerBuilder()
2025-04-26T22:20:18.155+02:00 TRACE 13448 --- [api-gateway] [    Test worker] a.ConfigurationClassBeanDefinitionReader : Registered bean definition for imported class 'org.springframework.boot.autoconfigure.task.TaskSchedulingConfigurations$SimpleAsyncTaskSchedulerBuilderConfiguration'
2025-04-26T22:20:18.157+02:00 TRACE 13448 --- [api-gateway] [    Test worker] o.s.b.a.condition.OnBeanCondition        : Condition OnBeanCondition on org.springframework.boot.autoconfigure.task.TaskSchedulingConfigurations$SimpleAsyncTaskSchedulerBuilderConfiguration#simpleAsyncTaskSchedulerBuilder matched due to @ConditionalOnMissingBean (types: org.springframework.boot.task.SimpleAsyncTaskSchedulerBuilder; SearchStrategy: all) did not find any beans
2025-04-26T22:20:18.158+02:00 TRACE 13448 --- [api-gateway] [    Test worker] o.s.b.f.s.DefaultListableBeanFactory     : Returning cached instance of singleton bean 'autoConfigurationReport'
2025-04-26T22:20:18.158+02:00 TRACE 13448 --- [api-gateway] [    Test worker] o.s.b.a.condition.OnThreadingCondition   : Condition OnThreadingCondition on org.springframework.boot.autoconfigure.task.TaskSchedulingConfigurations$SimpleAsyncTaskSchedulerBuilderConfiguration#simpleAsyncTaskSchedulerBuilder matched due to @ConditionalOnThreading found PLATFORM
2025-04-26T22:20:18.158+02:00 TRACE 13448 --- [api-gateway] [    Test worker] o.s.b.f.s.DefaultListableBeanFactory     : Returning cached instance of singleton bean 'autoConfigurationReport'
2025-04-26T22:20:18.158+02:00 TRACE 13448 --- [api-gateway] [    Test worker] a.ConfigurationClassBeanDefinitionReader : Registering bean definition for @Bean method org.springframework.boot.autoconfigure.task.TaskSchedulingConfigurations$SimpleAsyncTaskSchedulerBuilderConfiguration.simpleAsyncTaskSchedulerBuilder()
2025-04-26T22:20:18.159+02:00 TRACE 13448 --- [api-gateway] [    Test worker] o.s.b.a.condition.OnBeanCondition        : Condition OnBeanCondition on org.springframework.boot.autoconfigure.task.TaskSchedulingConfigurations$SimpleAsyncTaskSchedulerBuilderConfiguration#simpleAsyncTaskSchedulerBuilderVirtualThreads did not match due to @ConditionalOnMissingBean (types: org.springframework.boot.task.SimpleAsyncTaskSchedulerBuilder; SearchStrategy: all) found beans of type 'org.springframework.boot.task.SimpleAsyncTaskSchedulerBuilder' simpleAsyncTaskSchedulerBuilder
2025-04-26T22:20:18.159+02:00 TRACE 13448 --- [api-gateway] [    Test worker] o.s.b.f.s.DefaultListableBeanFactory     : Returning cached instance of singleton bean 'autoConfigurationReport'
2025-04-26T22:20:18.159+02:00 TRACE 13448 --- [api-gateway] [    Test worker] o.s.b.a.condition.OnBeanCondition        : Condition OnBeanCondition on org.springframework.boot.autoconfigure.task.TaskSchedulingConfigurations$TaskSchedulerConfiguration did not match due to @ConditionalOnBean (names: org.springframework.context.annotation.internalScheduledAnnotationProcessor; SearchStrategy: all) did not find any beans named org.springframework.context.annotation.internalScheduledAnnotationProcessor
2025-04-26T22:20:18.159+02:00 TRACE 13448 --- [api-gateway] [    Test worker] o.s.b.f.s.DefaultListableBeanFactory     : Returning cached instance of singleton bean 'autoConfigurationReport'
2025-04-26T22:20:18.160+02:00 TRACE 13448 --- [api-gateway] [    Test worker] a.ConfigurationClassBeanDefinitionReader : Registered bean definition for imported class 'org.springframework.boot.autoconfigure.task.TaskSchedulingAutoConfiguration'
2025-04-26T22:20:18.160+02:00 TRACE 13448 --- [api-gateway] [    Test worker] o.s.b.a.condition.OnBeanCondition        : Condition OnBeanCondition on org.springframework.boot.autoconfigure.task.TaskSchedulingAutoConfiguration#scheduledBeanLazyInitializationExcludeFilter did not match due to @ConditionalOnBean (names: org.springframework.context.annotation.internalScheduledAnnotationProcessor; SearchStrategy: all) did not find any beans named org.springframework.context.annotation.internalScheduledAnnotationProcessor
2025-04-26T22:20:18.160+02:00 TRACE 13448 --- [api-gateway] [    Test worker] o.s.b.f.s.DefaultListableBeanFactory     : Returning cached instance of singleton bean 'autoConfigurationReport'
2025-04-26T22:20:18.161+02:00 TRACE 13448 --- [api-gateway] [    Test worker] o.s.b.a.c.OnWebApplicationCondition      : Condition OnWebApplicationCondition on org.springframework.boot.autoconfigure.web.embedded.EmbeddedWebServerFactoryCustomizerAutoConfiguration matched due to @ConditionalOnWebApplication (required) found ConfigurableReactiveWebEnvironment
2025-04-26T22:20:18.161+02:00 TRACE 13448 --- [api-gateway] [    Test worker] o.s.b.f.s.DefaultListableBeanFactory     : Returning cached instance of singleton bean 'autoConfigurationReport'
2025-04-26T22:20:18.161+02:00 TRACE 13448 --- [api-gateway] [    Test worker] o.s.b.a.c.OnWarDeploymentCondition       : Condition OnWarDeploymentCondition on org.springframework.boot.autoconfigure.web.embedded.EmbeddedWebServerFactoryCustomizerAutoConfiguration matched due to @ConditionalOnWarDeployment the application is not deployed as a WAR file.
2025-04-26T22:20:18.161+02:00 TRACE 13448 --- [api-gateway] [    Test worker] o.s.b.f.s.DefaultListableBeanFactory     : Returning cached instance of singleton bean 'autoConfigurationReport'
2025-04-26T22:20:18.162+02:00 TRACE 13448 --- [api-gateway] [    Test worker] o.s.b.a.condition.OnClassCondition       : Condition OnClassCondition on org.springframework.boot.autoconfigure.web.embedded.EmbeddedWebServerFactoryCustomizerAutoConfiguration$NettyWebServerFactoryCustomizerConfiguration matched due to @ConditionalOnClass found required class 'reactor.netty.http.server.HttpServer'
2025-04-26T22:20:18.162+02:00 TRACE 13448 --- [api-gateway] [    Test worker] o.s.b.f.s.DefaultListableBeanFactory     : Returning cached instance of singleton bean 'autoConfigurationReport'
2025-04-26T22:20:18.162+02:00 TRACE 13448 --- [api-gateway] [    Test worker] a.ConfigurationClassBeanDefinitionReader : Registered bean definition for imported class 'org.springframework.boot.autoconfigure.web.embedded.EmbeddedWebServerFactoryCustomizerAutoConfiguration$NettyWebServerFactoryCustomizerConfiguration'
2025-04-26T22:20:18.162+02:00 TRACE 13448 --- [api-gateway] [    Test worker] a.ConfigurationClassBeanDefinitionReader : Registering bean definition for @Bean method org.springframework.boot.autoconfigure.web.embedded.EmbeddedWebServerFactoryCustomizerAutoConfiguration$NettyWebServerFactoryCustomizerConfiguration.nettyWebServerFactoryCustomizer()
2025-04-26T22:20:18.162+02:00 TRACE 13448 --- [api-gateway] [    Test worker] a.ConfigurationClassBeanDefinitionReader : Registered bean definition for imported class 'org.springframework.boot.autoconfigure.web.embedded.EmbeddedWebServerFactoryCustomizerAutoConfiguration'
2025-04-26T22:20:18.162+02:00 TRACE 13448 --- [api-gateway] [    Test worker] o.s.b.a.condition.OnClassCondition       : Condition OnClassCondition on org.springframework.boot.autoconfigure.web.reactive.function.client.ClientHttpConnectorAutoConfiguration matched due to @ConditionalOnClass found required class 'org.springframework.web.reactive.function.client.WebClient'
2025-04-26T22:20:18.162+02:00 TRACE 13448 --- [api-gateway] [    Test worker] o.s.b.f.s.DefaultListableBeanFactory     : Returning cached instance of singleton bean 'autoConfigurationReport'
2025-04-26T22:20:18.162+02:00 TRACE 13448 --- [api-gateway] [    Test worker] o.s.b.a.condition.OnClassCondition       : Condition OnClassCondition on org.springframework.boot.autoconfigure.web.reactive.function.client.ClientHttpConnectorFactoryConfiguration$ReactorNetty matched due to @ConditionalOnClass found required class 'reactor.netty.http.client.HttpClient'
2025-04-26T22:20:18.162+02:00 TRACE 13448 --- [api-gateway] [    Test worker] o.s.b.f.s.DefaultListableBeanFactory     : Returning cached instance of singleton bean 'autoConfigurationReport'
2025-04-26T22:20:18.164+02:00 TRACE 13448 --- [api-gateway] [    Test worker] o.s.b.a.condition.OnBeanCondition        : Condition OnBeanCondition on org.springframework.boot.autoconfigure.web.reactive.function.client.ClientHttpConnectorFactoryConfiguration$ReactorNetty matched due to @ConditionalOnMissingBean (types: org.springframework.boot.autoconfigure.web.reactive.function.client.ClientHttpConnectorFactory; SearchStrategy: all) did not find any beans
2025-04-26T22:20:18.164+02:00 TRACE 13448 --- [api-gateway] [    Test worker] o.s.b.f.s.DefaultListableBeanFactory     : Returning cached instance of singleton bean 'autoConfigurationReport'
2025-04-26T22:20:18.165+02:00 TRACE 13448 --- [api-gateway] [    Test worker] a.ConfigurationClassBeanDefinitionReader : Registered bean definition for imported class 'org.springframework.boot.autoconfigure.web.reactive.function.client.ClientHttpConnectorFactoryConfiguration$ReactorNetty'
2025-04-26T22:20:18.165+02:00 TRACE 13448 --- [api-gateway] [    Test worker] a.ConfigurationClassBeanDefinitionReader : Registering bean definition for @Bean method org.springframework.boot.autoconfigure.web.reactive.function.client.ClientHttpConnectorFactoryConfiguration$ReactorNetty.reactorClientHttpConnectorFactory()
2025-04-26T22:20:18.165+02:00 TRACE 13448 --- [api-gateway] [    Test worker] o.s.b.a.condition.OnClassCondition       : Condition OnClassCondition on org.springframework.boot.autoconfigure.web.reactive.function.client.ClientHttpConnectorFactoryConfiguration$JdkClient matched due to @ConditionalOnClass found required class 'java.net.http.HttpClient'
2025-04-26T22:20:18.165+02:00 TRACE 13448 --- [api-gateway] [    Test worker] o.s.b.f.s.DefaultListableBeanFactory     : Returning cached instance of singleton bean 'autoConfigurationReport'
2025-04-26T22:20:18.166+02:00 TRACE 13448 --- [api-gateway] [    Test worker] o.s.b.a.condition.OnBeanCondition        : Condition OnBeanCondition on org.springframework.boot.autoconfigure.web.reactive.function.client.ClientHttpConnectorFactoryConfiguration$JdkClient did not match due to @ConditionalOnMissingBean (types: org.springframework.boot.autoconfigure.web.reactive.function.client.ClientHttpConnectorFactory; SearchStrategy: all) found beans of type 'org.springframework.boot.autoconfigure.web.reactive.function.client.ClientHttpConnectorFactory' reactorClientHttpConnectorFactory
2025-04-26T22:20:18.166+02:00 TRACE 13448 --- [api-gateway] [    Test worker] o.s.b.f.s.DefaultListableBeanFactory     : Returning cached instance of singleton bean 'autoConfigurationReport'
2025-04-26T22:20:18.167+02:00 TRACE 13448 --- [api-gateway] [    Test worker] a.ConfigurationClassBeanDefinitionReader : Registered bean definition for imported class 'org.springframework.boot.autoconfigure.web.reactive.function.client.ClientHttpConnectorAutoConfiguration'
2025-04-26T22:20:18.168+02:00 TRACE 13448 --- [api-gateway] [    Test worker] o.s.b.a.condition.OnBeanCondition        : Condition OnBeanCondition on org.springframework.boot.autoconfigure.web.reactive.function.client.ClientHttpConnectorAutoConfiguration#webClientHttpConnector matched due to @ConditionalOnMissingBean (types: org.springframework.http.client.reactive.ClientHttpConnector; SearchStrategy: all) did not find any beans
2025-04-26T22:20:18.168+02:00 TRACE 13448 --- [api-gateway] [    Test worker] o.s.b.f.s.DefaultListableBeanFactory     : Returning cached instance of singleton bean 'autoConfigurationReport'
2025-04-26T22:20:18.169+02:00 TRACE 13448 --- [api-gateway] [    Test worker] a.ConfigurationClassBeanDefinitionReader : Registering bean definition for @Bean method org.springframework.boot.autoconfigure.web.reactive.function.client.ClientHttpConnectorAutoConfiguration.webClientHttpConnector()
2025-04-26T22:20:18.170+02:00 TRACE 13448 --- [api-gateway] [    Test worker] o.s.b.a.condition.OnBeanCondition        : Condition OnBeanCondition on org.springframework.boot.autoconfigure.web.reactive.function.client.ClientHttpConnectorAutoConfiguration#webClientHttpConnectorCustomizer matched due to @ConditionalOnBean (types: org.springframework.http.client.reactive.ClientHttpConnector; SearchStrategy: all) found bean 'webClientHttpConnector'
2025-04-26T22:20:18.170+02:00 TRACE 13448 --- [api-gateway] [    Test worker] o.s.b.f.s.DefaultListableBeanFactory     : Returning cached instance of singleton bean 'autoConfigurationReport'
2025-04-26T22:20:18.170+02:00 TRACE 13448 --- [api-gateway] [    Test worker] a.ConfigurationClassBeanDefinitionReader : Registering bean definition for @Bean method org.springframework.boot.autoconfigure.web.reactive.function.client.ClientHttpConnectorAutoConfiguration.webClientHttpConnectorCustomizer()
2025-04-26T22:20:18.170+02:00 TRACE 13448 --- [api-gateway] [    Test worker] o.s.b.a.condition.OnClassCondition       : Condition OnClassCondition on org.springframework.boot.autoconfigure.web.reactive.function.client.WebClientAutoConfiguration matched due to @ConditionalOnClass found required class 'org.springframework.web.reactive.function.client.WebClient'
2025-04-26T22:20:18.170+02:00 TRACE 13448 --- [api-gateway] [    Test worker] o.s.b.f.s.DefaultListableBeanFactory     : Returning cached instance of singleton bean 'autoConfigurationReport'
2025-04-26T22:20:18.171+02:00 TRACE 13448 --- [api-gateway] [    Test worker] o.s.b.a.condition.OnBeanCondition        : Condition OnBeanCondition on org.springframework.boot.autoconfigure.web.reactive.function.client.WebClientAutoConfiguration$WebClientCodecsConfiguration matched due to @ConditionalOnBean (types: org.springframework.boot.web.codec.CodecCustomizer; SearchStrategy: all) found beans 'jacksonCodecCustomizer', 'defaultCodecCustomizer', 'defaultPartHttpMessageReaderCustomizer'
2025-04-26T22:20:18.171+02:00 TRACE 13448 --- [api-gateway] [    Test worker] o.s.b.f.s.DefaultListableBeanFactory     : Returning cached instance of singleton bean 'autoConfigurationReport'
2025-04-26T22:20:18.172+02:00 TRACE 13448 --- [api-gateway] [    Test worker] a.ConfigurationClassBeanDefinitionReader : Registered bean definition for imported class 'org.springframework.boot.autoconfigure.web.reactive.function.client.WebClientAutoConfiguration$WebClientCodecsConfiguration'
2025-04-26T22:20:18.173+02:00 TRACE 13448 --- [api-gateway] [    Test worker] o.s.b.a.condition.OnBeanCondition        : Condition OnBeanCondition on org.springframework.boot.autoconfigure.web.reactive.function.client.WebClientAutoConfiguration$WebClientCodecsConfiguration#exchangeStrategiesCustomizer matched due to @ConditionalOnMissingBean (types: org.springframework.boot.autoconfigure.web.reactive.function.client.WebClientCodecCustomizer; SearchStrategy: all) did not find any beans
2025-04-26T22:20:18.173+02:00 TRACE 13448 --- [api-gateway] [    Test worker] o.s.b.f.s.DefaultListableBeanFactory     : Returning cached instance of singleton bean 'autoConfigurationReport'
2025-04-26T22:20:18.173+02:00 TRACE 13448 --- [api-gateway] [    Test worker] a.ConfigurationClassBeanDefinitionReader : Registering bean definition for @Bean method org.springframework.boot.autoconfigure.web.reactive.function.client.WebClientAutoConfiguration$WebClientCodecsConfiguration.exchangeStrategiesCustomizer()
2025-04-26T22:20:18.173+02:00 TRACE 13448 --- [api-gateway] [    Test worker] a.ConfigurationClassBeanDefinitionReader : Registered bean definition for imported class 'org.springframework.boot.autoconfigure.web.reactive.function.client.WebClientAutoConfiguration'
2025-04-26T22:20:18.175+02:00 TRACE 13448 --- [api-gateway] [    Test worker] o.s.b.a.condition.OnBeanCondition        : Condition OnBeanCondition on org.springframework.boot.autoconfigure.web.reactive.function.client.WebClientAutoConfiguration#webClientBuilder matched due to @ConditionalOnMissingBean (types: org.springframework.web.reactive.function.client.WebClient$Builder; SearchStrategy: all) did not find any beans
2025-04-26T22:20:18.175+02:00 TRACE 13448 --- [api-gateway] [    Test worker] o.s.b.f.s.DefaultListableBeanFactory     : Returning cached instance of singleton bean 'autoConfigurationReport'
2025-04-26T22:20:18.175+02:00 TRACE 13448 --- [api-gateway] [    Test worker] a.ConfigurationClassBeanDefinitionReader : Registering bean definition for @Bean method org.springframework.boot.autoconfigure.web.reactive.function.client.WebClientAutoConfiguration.webClientBuilder()
2025-04-26T22:20:18.177+02:00 TRACE 13448 --- [api-gateway] [    Test worker] o.s.b.a.condition.OnBeanCondition        : Condition OnBeanCondition on org.springframework.boot.autoconfigure.web.reactive.function.client.WebClientAutoConfiguration#webClientSsl matched due to @ConditionalOnBean (types: org.springframework.boot.ssl.SslBundles; SearchStrategy: all) found bean 'sslBundleRegistry'; @ConditionalOnMissingBean (types: org.springframework.boot.autoconfigure.web.reactive.function.client.WebClientSsl; SearchStrategy: all) did not find any beans
2025-04-26T22:20:18.177+02:00 TRACE 13448 --- [api-gateway] [    Test worker] o.s.b.f.s.DefaultListableBeanFactory     : Returning cached instance of singleton bean 'autoConfigurationReport'
2025-04-26T22:20:18.178+02:00 TRACE 13448 --- [api-gateway] [    Test worker] o.s.b.a.condition.OnBeanCondition        : Condition OnBeanCondition on org.springframework.boot.autoconfigure.web.reactive.function.client.WebClientAutoConfiguration#webClientSsl matched due to @ConditionalOnBean (types: org.springframework.boot.ssl.SslBundles; SearchStrategy: all) found bean 'sslBundleRegistry'; @ConditionalOnMissingBean (types: org.springframework.boot.autoconfigure.web.reactive.function.client.WebClientSsl; SearchStrategy: all) did not find any beans
2025-04-26T22:20:18.178+02:00 TRACE 13448 --- [api-gateway] [    Test worker] o.s.b.f.s.DefaultListableBeanFactory     : Returning cached instance of singleton bean 'autoConfigurationReport'
2025-04-26T22:20:18.178+02:00 TRACE 13448 --- [api-gateway] [    Test worker] a.ConfigurationClassBeanDefinitionReader : Registering bean definition for @Bean method org.springframework.boot.autoconfigure.web.reactive.function.client.WebClientAutoConfiguration.webClientSsl()
2025-04-26T22:20:18.178+02:00 TRACE 13448 --- [api-gateway] [    Test worker] o.s.b.a.condition.OnBeanCondition        : Condition OnBeanCondition on org.springframework.cloud.autoconfigure.ConfigurationPropertiesRebinderAutoConfiguration matched due to @ConditionalOnBean (types: org.springframework.boot.context.properties.ConfigurationPropertiesBindingPostProcessor; SearchStrategy: all) found bean 'org.springframework.boot.context.properties.ConfigurationPropertiesBindingPostProcessor'
2025-04-26T22:20:18.178+02:00 TRACE 13448 --- [api-gateway] [    Test worker] o.s.b.f.s.DefaultListableBeanFactory     : Returning cached instance of singleton bean 'autoConfigurationReport'
2025-04-26T22:20:18.179+02:00 TRACE 13448 --- [api-gateway] [    Test worker] a.ConfigurationClassBeanDefinitionReader : Registered bean definition for imported class 'org.springframework.cloud.autoconfigure.ConfigurationPropertiesRebinderAutoConfiguration'
2025-04-26T22:20:18.181+02:00 TRACE 13448 --- [api-gateway] [    Test worker] o.s.b.a.condition.OnBeanCondition        : Condition OnBeanCondition on org.springframework.cloud.autoconfigure.ConfigurationPropertiesRebinderAutoConfiguration#configurationPropertiesBeans matched due to @ConditionalOnMissingBean (types: org.springframework.cloud.context.properties.ConfigurationPropertiesBeans; SearchStrategy: current) did not find any beans
2025-04-26T22:20:18.181+02:00 TRACE 13448 --- [api-gateway] [    Test worker] o.s.b.f.s.DefaultListableBeanFactory     : Returning cached instance of singleton bean 'autoConfigurationReport'
2025-04-26T22:20:18.182+02:00 TRACE 13448 --- [api-gateway] [    Test worker] a.ConfigurationClassBeanDefinitionReader : Registering bean definition for @Bean method org.springframework.cloud.autoconfigure.ConfigurationPropertiesRebinderAutoConfiguration.configurationPropertiesBeans()
2025-04-26T22:20:18.183+02:00 TRACE 13448 --- [api-gateway] [    Test worker] o.s.b.a.condition.OnBeanCondition        : Condition OnBeanCondition on org.springframework.cloud.autoconfigure.ConfigurationPropertiesRebinderAutoConfiguration#configurationPropertiesRebinder matched due to @ConditionalOnMissingBean (types: org.springframework.cloud.context.properties.ConfigurationPropertiesRebinder; SearchStrategy: current) did not find any beans
2025-04-26T22:20:18.183+02:00 TRACE 13448 --- [api-gateway] [    Test worker] o.s.b.f.s.DefaultListableBeanFactory     : Returning cached instance of singleton bean 'autoConfigurationReport'
2025-04-26T22:20:18.184+02:00 TRACE 13448 --- [api-gateway] [    Test worker] a.ConfigurationClassBeanDefinitionReader : Registering bean definition for @Bean method org.springframework.cloud.autoconfigure.ConfigurationPropertiesRebinderAutoConfiguration.configurationPropertiesRebinder()
2025-04-26T22:20:18.184+02:00 TRACE 13448 --- [api-gateway] [    Test worker] a.ConfigurationClassBeanDefinitionReader : Registered bean definition for imported class 'org.springframework.cloud.autoconfigure.LifecycleMvcEndpointAutoConfiguration'
2025-04-26T22:20:18.186+02:00 TRACE 13448 --- [api-gateway] [    Test worker] o.s.b.a.condition.OnBeanCondition        : Condition OnBeanCondition on org.springframework.cloud.autoconfigure.LifecycleMvcEndpointAutoConfiguration#environmentManager matched due to @ConditionalOnMissingBean (types: org.springframework.cloud.context.environment.EnvironmentManager; SearchStrategy: all) did not find any beans
2025-04-26T22:20:18.186+02:00 TRACE 13448 --- [api-gateway] [    Test worker] o.s.b.f.s.DefaultListableBeanFactory     : Returning cached instance of singleton bean 'autoConfigurationReport'
2025-04-26T22:20:18.186+02:00 TRACE 13448 --- [api-gateway] [    Test worker] a.ConfigurationClassBeanDefinitionReader : Registering bean definition for @Bean method org.springframework.cloud.autoconfigure.LifecycleMvcEndpointAutoConfiguration.environmentManager()
2025-04-26T22:20:18.186+02:00 TRACE 13448 --- [api-gateway] [    Test worker] a.ConfigurationClassBeanDefinitionReader : Registered bean definition for imported class 'org.springframework.cloud.client.discovery.simple.SimpleDiscoveryClientAutoConfiguration'
2025-04-26T22:20:18.187+02:00 TRACE 13448 --- [api-gateway] [    Test worker] o.s.b.a.condition.OnBeanCondition        : Condition OnBeanCondition on org.springframework.cloud.client.discovery.simple.SimpleDiscoveryClientAutoConfiguration#simpleDiscoveryProperties matched due to @ConditionalOnMissingBean (types: org.springframework.cloud.client.discovery.simple.SimpleDiscoveryProperties; SearchStrategy: all) did not find any beans
2025-04-26T22:20:18.188+02:00 TRACE 13448 --- [api-gateway] [    Test worker] o.s.b.f.s.DefaultListableBeanFactory     : Returning cached instance of singleton bean 'autoConfigurationReport'
2025-04-26T22:20:18.188+02:00 TRACE 13448 --- [api-gateway] [    Test worker] a.ConfigurationClassBeanDefinitionReader : Registering bean definition for @Bean method org.springframework.cloud.client.discovery.simple.SimpleDiscoveryClientAutoConfiguration.simpleDiscoveryProperties()
2025-04-26T22:20:18.188+02:00 TRACE 13448 --- [api-gateway] [    Test worker] a.ConfigurationClassBeanDefinitionReader : Registering bean definition for @Bean method org.springframework.cloud.client.discovery.simple.SimpleDiscoveryClientAutoConfiguration.simpleDiscoveryClient()
2025-04-26T22:20:18.188+02:00 TRACE 13448 --- [api-gateway] [    Test worker] o.s.b.a.condition.OnPropertyCondition    : Condition OnPropertyCondition on org.springframework.cloud.client.serviceregistry.AutoServiceRegistrationAutoConfiguration matched due to @ConditionalOnProperty (spring.cloud.service-registry.auto-registration.enabled) matched
2025-04-26T22:20:18.188+02:00 TRACE 13448 --- [api-gateway] [    Test worker] o.s.b.f.s.DefaultListableBeanFactory     : Returning cached instance of singleton bean 'autoConfigurationReport'
2025-04-26T22:20:18.188+02:00 TRACE 13448 --- [api-gateway] [    Test worker] o.s.b.a.condition.OnPropertyCondition    : Condition OnPropertyCondition on org.springframework.cloud.client.serviceregistry.AutoServiceRegistrationConfiguration matched due to @ConditionalOnProperty (spring.cloud.service-registry.auto-registration.enabled) matched
2025-04-26T22:20:18.188+02:00 TRACE 13448 --- [api-gateway] [    Test worker] o.s.b.f.s.DefaultListableBeanFactory     : Returning cached instance of singleton bean 'autoConfigurationReport'
2025-04-26T22:20:18.189+02:00 TRACE 13448 --- [api-gateway] [    Test worker] a.ConfigurationClassBeanDefinitionReader : Registered bean definition for imported class 'org.springframework.cloud.client.serviceregistry.AutoServiceRegistrationConfiguration'
2025-04-26T22:20:18.190+02:00 TRACE 13448 --- [api-gateway] [    Test worker] a.ConfigurationClassBeanDefinitionReader : Registered bean definition for imported class 'org.springframework.cloud.client.serviceregistry.AutoServiceRegistrationAutoConfiguration'
2025-04-26T22:20:18.190+02:00 TRACE 13448 --- [api-gateway] [    Test worker] o.s.b.a.condition.OnClassCondition       : Condition OnClassCondition on org.springframework.cloud.netflix.eureka.EurekaDiscoveryClientConfiguration matched due to @ConditionalOnClass found required class 'com.netflix.discovery.EurekaClientConfig'
2025-04-26T22:20:18.190+02:00 TRACE 13448 --- [api-gateway] [    Test worker] o.s.b.f.s.DefaultListableBeanFactory     : Returning cached instance of singleton bean 'autoConfigurationReport'
2025-04-26T22:20:18.190+02:00 TRACE 13448 --- [api-gateway] [    Test worker] o.s.b.a.condition.OnPropertyCondition    : Condition OnPropertyCondition on org.springframework.cloud.netflix.eureka.EurekaDiscoveryClientConfiguration matched due to @ConditionalOnProperty (eureka.client.enabled) matched; @ConditionalOnProperty (spring.cloud.discovery.enabled) matched; @ConditionalOnProperty (spring.cloud.discovery.blocking.enabled) matched
2025-04-26T22:20:18.190+02:00 TRACE 13448 --- [api-gateway] [    Test worker] o.s.b.f.s.DefaultListableBeanFactory     : Returning cached instance of singleton bean 'autoConfigurationReport'
2025-04-26T22:20:18.191+02:00 TRACE 13448 --- [api-gateway] [    Test worker] o.s.b.a.condition.OnPropertyCondition    : Condition OnPropertyCondition on org.springframework.cloud.netflix.eureka.EurekaDiscoveryClientConfiguration matched due to @ConditionalOnProperty (eureka.client.enabled) matched; @ConditionalOnProperty (spring.cloud.discovery.enabled) matched; @ConditionalOnProperty (spring.cloud.discovery.blocking.enabled) matched
2025-04-26T22:20:18.191+02:00 TRACE 13448 --- [api-gateway] [    Test worker] o.s.b.f.s.DefaultListableBeanFactory     : Returning cached instance of singleton bean 'autoConfigurationReport'
2025-04-26T22:20:18.191+02:00 TRACE 13448 --- [api-gateway] [    Test worker] o.s.b.a.condition.OnPropertyCondition    : Condition OnPropertyCondition on org.springframework.cloud.netflix.eureka.EurekaDiscoveryClientConfiguration matched due to @ConditionalOnProperty (eureka.client.enabled) matched; @ConditionalOnProperty (spring.cloud.discovery.enabled) matched; @ConditionalOnProperty (spring.cloud.discovery.blocking.enabled) matched
2025-04-26T22:20:18.191+02:00 TRACE 13448 --- [api-gateway] [    Test worker] o.s.b.f.s.DefaultListableBeanFactory     : Returning cached instance of singleton bean 'autoConfigurationReport'
2025-04-26T22:20:18.191+02:00 TRACE 13448 --- [api-gateway] [    Test worker] o.s.b.a.condition.OnClassCondition       : Condition OnClassCondition on org.springframework.cloud.netflix.eureka.EurekaDiscoveryClientConfiguration$EurekaClientConfigurationRefresher matched due to @ConditionalOnClass found required class 'org.springframework.cloud.context.scope.refresh.RefreshScopeRefreshedEvent'
2025-04-26T22:20:18.191+02:00 TRACE 13448 --- [api-gateway] [    Test worker] o.s.b.f.s.DefaultListableBeanFactory     : Returning cached instance of singleton bean 'autoConfigurationReport'
2025-04-26T22:20:18.191+02:00 TRACE 13448 --- [api-gateway] [    Test worker] a.ConfigurationClassBeanDefinitionReader : Registered bean definition for imported class 'org.springframework.cloud.netflix.eureka.EurekaDiscoveryClientConfiguration$EurekaClientConfigurationRefresher'
2025-04-26T22:20:18.191+02:00 TRACE 13448 --- [api-gateway] [    Test worker] a.ConfigurationClassBeanDefinitionReader : Registered bean definition for imported class 'org.springframework.cloud.netflix.eureka.EurekaDiscoveryClientConfiguration'
2025-04-26T22:20:18.194+02:00 TRACE 13448 --- [api-gateway] [    Test worker] o.s.b.a.condition.OnBeanCondition        : Condition OnBeanCondition on org.springframework.cloud.netflix.eureka.EurekaDiscoveryClientConfiguration#discoveryClient matched due to @ConditionalOnMissingBean (types: org.springframework.cloud.netflix.eureka.EurekaDiscoveryClient; SearchStrategy: all) did not find any beans
2025-04-26T22:20:18.194+02:00 TRACE 13448 --- [api-gateway] [    Test worker] o.s.b.f.s.DefaultListableBeanFactory     : Returning cached instance of singleton bean 'autoConfigurationReport'
2025-04-26T22:20:18.194+02:00 TRACE 13448 --- [api-gateway] [    Test worker] a.ConfigurationClassBeanDefinitionReader : Registering bean definition for @Bean method org.springframework.cloud.netflix.eureka.EurekaDiscoveryClientConfiguration.discoveryClient()
2025-04-26T22:20:18.197+02:00 TRACE 13448 --- [api-gateway] [    Test worker] n$OnRestClientPresentAndEnabledCondition : Condition DiscoveryClientOptionalArgsConfiguration.OnRestClientPresentAndEnabledCondition on org.springframework.cloud.netflix.eureka.config.DiscoveryClientOptionalArgsConfiguration$RestClientConfiguration did not match due to AllNestedConditions 2 matched 2 did not; NestedCondition on DiscoveryClientOptionalArgsConfiguration.OnRestClientPresentAndEnabledCondition.OnRestClientEnabled @ConditionalOnProperty (eureka.client.restclient.enabled=true) did not find property 'restclient.enabled'; NestedCondition on DiscoveryClientOptionalArgsConfiguration.OnRestClientPresentAndEnabledCondition.OnWebClientDisabled @ConditionalOnProperty (eureka.client.webclient.enabled=false) found different value in property 'webclient.enabled'; NestedCondition on DiscoveryClientOptionalArgsConfiguration.OnRestClientPresentAndEnabledCondition.OnJerseyClientNotPresentOrNotEnabled AnyNestedCondition 1 matched 1 did not; NestedCondition on DiscoveryClientOptionalArgsConfiguration.OnJerseyClientNotPresentOrNotEnabledCondition.OnJerseyClientDisabled @ConditionalOnProperty (eureka.client.jersey.enabled=false) did not find property 'eureka.client.jersey.enabled'; NestedCondition on DiscoveryClientOptionalArgsConfiguration.OnJerseyClientNotPresentOrNotEnabledCondition.OnJerseyClientMissing @ConditionalOnMissingClass did not find unwanted class 'org.glassfish.jersey.client.JerseyClient'; NestedCondition on DiscoveryClientOptionalArgsConfiguration.OnRestClientPresentAndEnabledCondition.OnRestClientPresent @ConditionalOnClass found required class 'org.springframework.web.client.RestClient'
2025-04-26T22:20:18.198+02:00 TRACE 13448 --- [api-gateway] [    Test worker] o.s.b.f.s.DefaultListableBeanFactory     : Returning cached instance of singleton bean 'autoConfigurationReport'
2025-04-26T22:20:18.198+02:00 TRACE 13448 --- [api-gateway] [    Test worker] o.s.b.a.condition.OnClassCondition       : Condition OnClassCondition on org.springframework.cloud.netflix.eureka.config.DiscoveryClientOptionalArgsConfiguration$WebClientConfiguration matched due to @ConditionalOnClass found required class 'org.springframework.web.reactive.function.client.WebClient'
2025-04-26T22:20:18.198+02:00 TRACE 13448 --- [api-gateway] [    Test worker] o.s.b.f.s.DefaultListableBeanFactory     : Returning cached instance of singleton bean 'autoConfigurationReport'
2025-04-26T22:20:18.198+02:00 TRACE 13448 --- [api-gateway] [    Test worker] o.s.b.a.condition.OnPropertyCondition    : Condition OnPropertyCondition on org.springframework.cloud.netflix.eureka.config.DiscoveryClientOptionalArgsConfiguration$WebClientConfiguration matched due to @ConditionalOnProperty (eureka.client.webclient.enabled=true) matched
2025-04-26T22:20:18.198+02:00 TRACE 13448 --- [api-gateway] [    Test worker] o.s.b.f.s.DefaultListableBeanFactory     : Returning cached instance of singleton bean 'autoConfigurationReport'
2025-04-26T22:20:18.199+02:00 TRACE 13448 --- [api-gateway] [    Test worker] seyClientNotPresentOrNotEnabledCondition : Condition DiscoveryClientOptionalArgsConfiguration.OnJerseyClientNotPresentOrNotEnabledCondition on org.springframework.cloud.netflix.eureka.config.DiscoveryClientOptionalArgsConfiguration$WebClientConfiguration matched due to AnyNestedCondition 1 matched 1 did not; NestedCondition on DiscoveryClientOptionalArgsConfiguration.OnJerseyClientNotPresentOrNotEnabledCondition.OnJerseyClientDisabled @ConditionalOnProperty (eureka.client.jersey.enabled=false) did not find property 'eureka.client.jersey.enabled'; NestedCondition on DiscoveryClientOptionalArgsConfiguration.OnJerseyClientNotPresentOrNotEnabledCondition.OnJerseyClientMissing @ConditionalOnMissingClass did not find unwanted class 'org.glassfish.jersey.client.JerseyClient'
2025-04-26T22:20:18.199+02:00 TRACE 13448 --- [api-gateway] [    Test worker] o.s.b.f.s.DefaultListableBeanFactory     : Returning cached instance of singleton bean 'autoConfigurationReport'
2025-04-26T22:20:18.200+02:00 TRACE 13448 --- [api-gateway] [    Test worker] a.ConfigurationClassBeanDefinitionReader : Registered bean definition for imported class 'org.springframework.cloud.netflix.eureka.config.DiscoveryClientOptionalArgsConfiguration$WebClientConfiguration'
2025-04-26T22:20:18.201+02:00 TRACE 13448 --- [api-gateway] [    Test worker] o.s.b.a.condition.OnBeanCondition        : Condition OnBeanCondition on org.springframework.cloud.netflix.eureka.config.DiscoveryClientOptionalArgsConfiguration$WebClientConfiguration#webClientDiscoveryClientOptionalArgs matched due to @ConditionalOnMissingBean (types: com.netflix.discovery.AbstractDiscoveryClientOptionalArgs,org.springframework.cloud.netflix.eureka.http.RestTemplateDiscoveryClientOptionalArgs; SearchStrategy: current) did not find any beans
2025-04-26T22:20:18.202+02:00 TRACE 13448 --- [api-gateway] [    Test worker] o.s.b.f.s.DefaultListableBeanFactory     : Returning cached instance of singleton bean 'autoConfigurationReport'
2025-04-26T22:20:18.202+02:00 TRACE 13448 --- [api-gateway] [    Test worker] a.ConfigurationClassBeanDefinitionReader : Registering bean definition for @Bean method org.springframework.cloud.netflix.eureka.config.DiscoveryClientOptionalArgsConfiguration$WebClientConfiguration.webClientDiscoveryClientOptionalArgs()
2025-04-26T22:20:18.204+02:00 TRACE 13448 --- [api-gateway] [    Test worker] o.s.b.a.condition.OnBeanCondition        : Condition OnBeanCondition on org.springframework.cloud.netflix.eureka.config.DiscoveryClientOptionalArgsConfiguration$WebClientConfiguration#webClientTransportClientFactories matched due to @ConditionalOnMissingBean (types: com.netflix.discovery.shared.transport.jersey.TransportClientFactories; SearchStrategy: current) did not find any beans
2025-04-26T22:20:18.204+02:00 TRACE 13448 --- [api-gateway] [    Test worker] o.s.b.f.s.DefaultListableBeanFactory     : Returning cached instance of singleton bean 'autoConfigurationReport'
2025-04-26T22:20:18.204+02:00 TRACE 13448 --- [api-gateway] [    Test worker] a.ConfigurationClassBeanDefinitionReader : Registering bean definition for @Bean method org.springframework.cloud.netflix.eureka.config.DiscoveryClientOptionalArgsConfiguration$WebClientConfiguration.webClientTransportClientFactories()
2025-04-26T22:20:18.205+02:00 TRACE 13448 --- [api-gateway] [    Test worker] OnJerseyClientPresentAndEnabledCondition : Condition DiscoveryClientOptionalArgsConfiguration.OnJerseyClientPresentAndEnabledCondition on org.springframework.cloud.netflix.eureka.config.DiscoveryClientOptionalArgsConfiguration$DiscoveryClientOptionalArgsTlsConfiguration did not match due to AllNestedConditions 1 matched 1 did not; NestedCondition on DiscoveryClientOptionalArgsConfiguration.OnJerseyClientPresentAndEnabledCondition.OnJerseyClientEnabled @ConditionalOnProperty (eureka.client.jersey.enabled) matched; NestedCondition on DiscoveryClientOptionalArgsConfiguration.OnJerseyClientPresentAndEnabledCondition.OnJerseyClientPresent @ConditionalOnClass did not find required class 'org.glassfish.jersey.client.JerseyClient'
2025-04-26T22:20:18.205+02:00 TRACE 13448 --- [api-gateway] [    Test worker] o.s.b.f.s.DefaultListableBeanFactory     : Returning cached instance of singleton bean 'autoConfigurationReport'
2025-04-26T22:20:18.208+02:00 TRACE 13448 --- [api-gateway] [    Test worker] OnRestTemplatePresentAndEnabledCondition : Condition DiscoveryClientOptionalArgsConfiguration.OnRestTemplatePresentAndEnabledCondition on org.springframework.cloud.netflix.eureka.config.DiscoveryClientOptionalArgsConfiguration$RestTemplateConfiguration did not match due to AllNestedConditions 3 matched 1 did not; NestedCondition on DiscoveryClientOptionalArgsConfiguration.OnRestTemplatePresentAndEnabledCondition.OnRestClientDisabled @ConditionalOnProperty (eureka.client.restclient.enabled=false) matched; NestedCondition on DiscoveryClientOptionalArgsConfiguration.OnRestTemplatePresentAndEnabledCondition.OnWebClientDisabled @ConditionalOnProperty (eureka.client.webclient.enabled=false) found different value in property 'webclient.enabled'; NestedCondition on DiscoveryClientOptionalArgsConfiguration.OnRestTemplatePresentAndEnabledCondition.OnJerseyClientNotPresentOrNotEnabled AnyNestedCondition 1 matched 1 did not; NestedCondition on DiscoveryClientOptionalArgsConfiguration.OnJerseyClientNotPresentOrNotEnabledCondition.OnJerseyClientDisabled @ConditionalOnProperty (eureka.client.jersey.enabled=false) did not find property 'eureka.client.jersey.enabled'; NestedCondition on DiscoveryClientOptionalArgsConfiguration.OnJerseyClientNotPresentOrNotEnabledCondition.OnJerseyClientMissing @ConditionalOnMissingClass did not find unwanted class 'org.glassfish.jersey.client.JerseyClient'; NestedCondition on DiscoveryClientOptionalArgsConfiguration.OnRestTemplatePresentAndEnabledCondition.OnRestTemplatePresent @ConditionalOnClass found required class 'org.springframework.web.client.RestTemplate'
2025-04-26T22:20:18.208+02:00 TRACE 13448 --- [api-gateway] [    Test worker] o.s.b.f.s.DefaultListableBeanFactory     : Returning cached instance of singleton bean 'autoConfigurationReport'
2025-04-26T22:20:18.209+02:00 TRACE 13448 --- [api-gateway] [    Test worker] a.ConfigurationClassBeanDefinitionReader : Registered bean definition for imported class 'org.springframework.cloud.netflix.eureka.config.DiscoveryClientOptionalArgsConfiguration'
2025-04-26T22:20:18.209+02:00 TRACE 13448 --- [api-gateway] [    Test worker] a.ConfigurationClassBeanDefinitionReader : Registering bean definition for @Bean method org.springframework.cloud.netflix.eureka.config.DiscoveryClientOptionalArgsConfiguration.tlsProperties()
2025-04-26T22:20:18.210+02:00 TRACE 13448 --- [api-gateway] [    Test worker] o.s.b.a.condition.OnClassCondition       : Condition OnClassCondition on org.springframework.cloud.netflix.eureka.EurekaClientAutoConfiguration matched due to @ConditionalOnClass found required class 'com.netflix.discovery.EurekaClientConfig'
2025-04-26T22:20:18.210+02:00 TRACE 13448 --- [api-gateway] [    Test worker] o.s.b.f.s.DefaultListableBeanFactory     : Returning cached instance of singleton bean 'autoConfigurationReport'
2025-04-26T22:20:18.210+02:00 TRACE 13448 --- [api-gateway] [    Test worker] o.s.b.a.condition.OnPropertyCondition    : Condition OnPropertyCondition on org.springframework.cloud.netflix.eureka.EurekaClientAutoConfiguration matched due to @ConditionalOnProperty (eureka.client.enabled) matched; @ConditionalOnProperty (spring.cloud.discovery.enabled) matched
2025-04-26T22:20:18.210+02:00 TRACE 13448 --- [api-gateway] [    Test worker] o.s.b.f.s.DefaultListableBeanFactory     : Returning cached instance of singleton bean 'autoConfigurationReport'
2025-04-26T22:20:18.210+02:00 TRACE 13448 --- [api-gateway] [    Test worker] o.s.b.a.condition.OnPropertyCondition    : Condition OnPropertyCondition on org.springframework.cloud.netflix.eureka.EurekaClientAutoConfiguration matched due to @ConditionalOnProperty (eureka.client.enabled) matched; @ConditionalOnProperty (spring.cloud.discovery.enabled) matched
2025-04-26T22:20:18.210+02:00 TRACE 13448 --- [api-gateway] [    Test worker] o.s.b.f.s.DefaultListableBeanFactory     : Returning cached instance of singleton bean 'autoConfigurationReport'
2025-04-26T22:20:18.210+02:00 TRACE 13448 --- [api-gateway] [    Test worker] o.s.b.a.condition.OnClassCondition       : Condition OnClassCondition on org.springframework.cloud.netflix.eureka.EurekaClientAutoConfiguration$RefreshableEurekaClientConfiguration matched due to @ConditionalOnClass found required class 'org.springframework.cloud.context.scope.refresh.RefreshScope'
2025-04-26T22:20:18.210+02:00 TRACE 13448 --- [api-gateway] [    Test worker] o.s.b.f.s.DefaultListableBeanFactory     : Returning cached instance of singleton bean 'autoConfigurationReport'
2025-04-26T22:20:18.210+02:00 TRACE 13448 --- [api-gateway] [    Test worker] o.s.b.a.condition.OnPropertyCondition    : Condition OnPropertyCondition on org.springframework.cloud.netflix.eureka.EurekaClientAutoConfiguration$RefreshableEurekaClientConfiguration matched due to @ConditionalOnProperty (eureka.client.refresh.enable=true) matched
2025-04-26T22:20:18.210+02:00 TRACE 13448 --- [api-gateway] [    Test worker] o.s.b.f.s.DefaultListableBeanFactory     : Returning cached instance of singleton bean 'autoConfigurationReport'
2025-04-26T22:20:18.212+02:00 TRACE 13448 --- [api-gateway] [    Test worker] o.s.b.a.condition.OnBeanCondition        : Condition OnBeanCondition on org.springframework.cloud.netflix.eureka.EurekaClientAutoConfiguration$RefreshableEurekaClientConfiguration matched due to @ConditionalOnBean (types: org.springframework.cloud.autoconfigure.RefreshAutoConfiguration; SearchStrategy: all) found bean 'org.springframework.cloud.autoconfigure.RefreshAutoConfiguration'
2025-04-26T22:20:18.212+02:00 TRACE 13448 --- [api-gateway] [    Test worker] o.s.b.f.s.DefaultListableBeanFactory     : Returning cached instance of singleton bean 'autoConfigurationReport'
2025-04-26T22:20:18.212+02:00 TRACE 13448 --- [api-gateway] [    Test worker] a.ConfigurationClassBeanDefinitionReader : Registered bean definition for imported class 'org.springframework.cloud.netflix.eureka.EurekaClientAutoConfiguration$RefreshableEurekaClientConfiguration'
2025-04-26T22:20:18.213+02:00 TRACE 13448 --- [api-gateway] [    Test worker] o.s.b.a.condition.OnBeanCondition        : Condition OnBeanCondition on org.springframework.cloud.netflix.eureka.EurekaClientAutoConfiguration$RefreshableEurekaClientConfiguration#eurekaClient matched due to @ConditionalOnMissingBean (types: com.netflix.discovery.EurekaClient; SearchStrategy: current) did not find any beans
2025-04-26T22:20:18.213+02:00 TRACE 13448 --- [api-gateway] [    Test worker] o.s.b.f.s.DefaultListableBeanFactory     : Returning cached instance of singleton bean 'autoConfigurationReport'
2025-04-26T22:20:18.214+02:00 TRACE 13448 --- [api-gateway] [    Test worker] a.ConfigurationClassBeanDefinitionReader : Registering bean definition for @Bean method org.springframework.cloud.netflix.eureka.EurekaClientAutoConfiguration$RefreshableEurekaClientConfiguration.eurekaClient()
2025-04-26T22:20:18.219+02:00 TRACE 13448 --- [api-gateway] [    Test worker] o.s.b.a.condition.OnBeanCondition        : Condition OnBeanCondition on org.springframework.cloud.netflix.eureka.EurekaClientAutoConfiguration$RefreshableEurekaClientConfiguration#eurekaApplicationInfoManager matched due to @ConditionalOnMissingBean (types: com.netflix.appinfo.ApplicationInfoManager; SearchStrategy: current) did not find any beans
2025-04-26T22:20:18.219+02:00 TRACE 13448 --- [api-gateway] [    Test worker] o.s.b.f.s.DefaultListableBeanFactory     : Returning cached instance of singleton bean 'autoConfigurationReport'
2025-04-26T22:20:18.219+02:00 TRACE 13448 --- [api-gateway] [    Test worker] a.ConfigurationClassBeanDefinitionReader : Registering bean definition for @Bean method org.springframework.cloud.netflix.eureka.EurekaClientAutoConfiguration$RefreshableEurekaClientConfiguration.eurekaApplicationInfoManager()
2025-04-26T22:20:18.220+02:00 TRACE 13448 --- [api-gateway] [    Test worker] o.s.b.a.condition.OnPropertyCondition    : Condition OnPropertyCondition on org.springframework.cloud.netflix.eureka.EurekaClientAutoConfiguration$RefreshableEurekaClientConfiguration#eurekaRegistration matched due to @ConditionalOnProperty (spring.cloud.service-registry.auto-registration.enabled) matched
2025-04-26T22:20:18.220+02:00 TRACE 13448 --- [api-gateway] [    Test worker] o.s.b.f.s.DefaultListableBeanFactory     : Returning cached instance of singleton bean 'autoConfigurationReport'
2025-04-26T22:20:18.220+02:00 TRACE 13448 --- [api-gateway] [    Test worker] o.s.b.a.condition.OnBeanCondition        : Condition OnBeanCondition on org.springframework.cloud.netflix.eureka.EurekaClientAutoConfiguration$RefreshableEurekaClientConfiguration#eurekaRegistration matched due to @ConditionalOnBean (types: org.springframework.cloud.client.serviceregistry.AutoServiceRegistrationProperties; SearchStrategy: all) found bean 'spring.cloud.service-registry.auto-registration-org.springframework.cloud.client.serviceregistry.AutoServiceRegistrationProperties'
2025-04-26T22:20:18.220+02:00 TRACE 13448 --- [api-gateway] [    Test worker] o.s.b.f.s.DefaultListableBeanFactory     : Returning cached instance of singleton bean 'autoConfigurationReport'
2025-04-26T22:20:18.221+02:00 TRACE 13448 --- [api-gateway] [    Test worker] a.ConfigurationClassBeanDefinitionReader : Registering bean definition for @Bean method org.springframework.cloud.netflix.eureka.EurekaClientAutoConfiguration$RefreshableEurekaClientConfiguration.eurekaRegistration()
2025-04-26T22:20:18.223+02:00 TRACE 13448 --- [api-gateway] [    Test worker] iguration$OnMissingRefreshScopeCondition : Condition EurekaClientAutoConfiguration.OnMissingRefreshScopeCondition on org.springframework.cloud.netflix.eureka.EurekaClientAutoConfiguration$EurekaClientConfiguration did not match due to AnyNestedCondition 0 matched 3 did not; NestedCondition on EurekaClientAutoConfiguration.OnMissingRefreshScopeCondition.OnPropertyDisabled @ConditionalOnProperty (eureka.client.refresh.enable=false) did not find property 'eureka.client.refresh.enable'; NestedCondition on EurekaClientAutoConfiguration.OnMissingRefreshScopeCondition.MissingScope @ConditionalOnMissingBean (types: org.springframework.cloud.autoconfigure.RefreshAutoConfiguration; SearchStrategy: all) found beans of type 'org.springframework.cloud.autoconfigure.RefreshAutoConfiguration' org.springframework.cloud.autoconfigure.RefreshAutoConfiguration; NestedCondition on EurekaClientAutoConfiguration.OnMissingRefreshScopeCondition.MissingClass @ConditionalOnMissingClass found unwanted class 'org.springframework.cloud.context.scope.refresh.RefreshScope'
2025-04-26T22:20:18.223+02:00 TRACE 13448 --- [api-gateway] [    Test worker] o.s.b.f.s.DefaultListableBeanFactory     : Returning cached instance of singleton bean 'autoConfigurationReport'
2025-04-26T22:20:18.223+02:00 TRACE 13448 --- [api-gateway] [    Test worker] a.ConfigurationClassBeanDefinitionReader : Registered bean definition for imported class 'org.springframework.cloud.netflix.eureka.EurekaClientAutoConfiguration'
2025-04-26T22:20:18.223+02:00 TRACE 13448 --- [api-gateway] [    Test worker] a.ConfigurationClassBeanDefinitionReader : Registering bean definition for @Bean method org.springframework.cloud.netflix.eureka.EurekaClientAutoConfiguration.eurekaFeature()
2025-04-26T22:20:18.229+02:00 TRACE 13448 --- [api-gateway] [    Test worker] o.s.b.a.condition.OnBeanCondition        : Condition OnBeanCondition on org.springframework.cloud.netflix.eureka.EurekaClientAutoConfiguration#eurekaClientConfigBean matched due to @ConditionalOnMissingBean (types: com.netflix.discovery.EurekaClientConfig; SearchStrategy: current) did not find any beans
2025-04-26T22:20:18.229+02:00 TRACE 13448 --- [api-gateway] [    Test worker] o.s.b.f.s.DefaultListableBeanFactory     : Returning cached instance of singleton bean 'autoConfigurationReport'
2025-04-26T22:20:18.229+02:00 TRACE 13448 --- [api-gateway] [    Test worker] a.ConfigurationClassBeanDefinitionReader : Registering bean definition for @Bean method org.springframework.cloud.netflix.eureka.EurekaClientAutoConfiguration.eurekaClientConfigBean()
2025-04-26T22:20:18.230+02:00 TRACE 13448 --- [api-gateway] [    Test worker] o.s.b.a.condition.OnBeanCondition        : Condition OnBeanCondition on org.springframework.cloud.netflix.eureka.EurekaClientAutoConfiguration#serviceManagementMetadataProvider matched due to @ConditionalOnMissingBean (types: org.springframework.cloud.netflix.eureka.metadata.ManagementMetadataProvider; SearchStrategy: all) did not find any beans
2025-04-26T22:20:18.230+02:00 TRACE 13448 --- [api-gateway] [    Test worker] o.s.b.f.s.DefaultListableBeanFactory     : Returning cached instance of singleton bean 'autoConfigurationReport'
2025-04-26T22:20:18.230+02:00 TRACE 13448 --- [api-gateway] [    Test worker] a.ConfigurationClassBeanDefinitionReader : Registering bean definition for @Bean method org.springframework.cloud.netflix.eureka.EurekaClientAutoConfiguration.serviceManagementMetadataProvider()
2025-04-26T22:20:18.231+02:00 TRACE 13448 --- [api-gateway] [    Test worker] o.s.b.a.condition.OnBeanCondition        : Condition OnBeanCondition on org.springframework.cloud.netflix.eureka.EurekaClientAutoConfiguration#eurekaInstanceConfigBean matched due to @ConditionalOnMissingBean (types: com.netflix.appinfo.EurekaInstanceConfig; SearchStrategy: current) did not find any beans
2025-04-26T22:20:18.231+02:00 TRACE 13448 --- [api-gateway] [    Test worker] o.s.b.f.s.DefaultListableBeanFactory     : Returning cached instance of singleton bean 'autoConfigurationReport'
2025-04-26T22:20:18.231+02:00 TRACE 13448 --- [api-gateway] [    Test worker] a.ConfigurationClassBeanDefinitionReader : Registering bean definition for @Bean method org.springframework.cloud.netflix.eureka.EurekaClientAutoConfiguration.eurekaInstanceConfigBean()
2025-04-26T22:20:18.231+02:00 TRACE 13448 --- [api-gateway] [    Test worker] a.ConfigurationClassBeanDefinitionReader : Registering bean definition for @Bean method org.springframework.cloud.netflix.eureka.EurekaClientAutoConfiguration.eurekaServiceRegistry()
2025-04-26T22:20:18.232+02:00 TRACE 13448 --- [api-gateway] [    Test worker] o.s.b.a.condition.OnPropertyCondition    : Condition OnPropertyCondition on org.springframework.cloud.netflix.eureka.EurekaClientAutoConfiguration#eurekaAutoServiceRegistration matched due to @ConditionalOnProperty (spring.cloud.service-registry.auto-registration.enabled) matched
2025-04-26T22:20:18.232+02:00 TRACE 13448 --- [api-gateway] [    Test worker] o.s.b.f.s.DefaultListableBeanFactory     : Returning cached instance of singleton bean 'autoConfigurationReport'
2025-04-26T22:20:18.232+02:00 TRACE 13448 --- [api-gateway] [    Test worker] o.s.b.a.condition.OnBeanCondition        : Condition OnBeanCondition on org.springframework.cloud.netflix.eureka.EurekaClientAutoConfiguration#eurekaAutoServiceRegistration matched due to @ConditionalOnBean (types: org.springframework.cloud.client.serviceregistry.AutoServiceRegistrationProperties; SearchStrategy: all) found bean 'spring.cloud.service-registry.auto-registration-org.springframework.cloud.client.serviceregistry.AutoServiceRegistrationProperties'
2025-04-26T22:20:18.232+02:00 TRACE 13448 --- [api-gateway] [    Test worker] o.s.b.f.s.DefaultListableBeanFactory     : Returning cached instance of singleton bean 'autoConfigurationReport'
2025-04-26T22:20:18.232+02:00 TRACE 13448 --- [api-gateway] [    Test worker] a.ConfigurationClassBeanDefinitionReader : Registering bean definition for @Bean method org.springframework.cloud.netflix.eureka.EurekaClientAutoConfiguration.eurekaAutoServiceRegistration()
2025-04-26T22:20:18.233+02:00 TRACE 13448 --- [api-gateway] [    Test worker] a.ConfigurationClassBeanDefinitionReader : Registered bean definition for imported class 'org.springframework.cloud.client.CommonsClientAutoConfiguration'
2025-04-26T22:20:18.233+02:00 TRACE 13448 --- [api-gateway] [    Test worker] o.s.b.a.condition.OnClassCondition       : Condition OnClassCondition on org.springframework.cloud.client.discovery.composite.reactive.ReactiveCompositeDiscoveryClientAutoConfiguration matched due to @ConditionalOnClass found required class 'org.springframework.web.reactive.function.client.WebClient'
2025-04-26T22:20:18.233+02:00 TRACE 13448 --- [api-gateway] [    Test worker] o.s.b.f.s.DefaultListableBeanFactory     : Returning cached instance of singleton bean 'autoConfigurationReport'
2025-04-26T22:20:18.233+02:00 TRACE 13448 --- [api-gateway] [    Test worker] o.s.b.a.condition.OnPropertyCondition    : Condition OnPropertyCondition on org.springframework.cloud.client.discovery.composite.reactive.ReactiveCompositeDiscoveryClientAutoConfiguration matched due to @ConditionalOnProperty (spring.cloud.discovery.enabled) matched; @ConditionalOnProperty (spring.cloud.discovery.reactive.enabled) matched
2025-04-26T22:20:18.233+02:00 TRACE 13448 --- [api-gateway] [    Test worker] o.s.b.f.s.DefaultListableBeanFactory     : Returning cached instance of singleton bean 'autoConfigurationReport'
2025-04-26T22:20:18.233+02:00 TRACE 13448 --- [api-gateway] [    Test worker] o.s.b.a.condition.OnPropertyCondition    : Condition OnPropertyCondition on org.springframework.cloud.client.discovery.composite.reactive.ReactiveCompositeDiscoveryClientAutoConfiguration matched due to @ConditionalOnProperty (spring.cloud.discovery.enabled) matched; @ConditionalOnProperty (spring.cloud.discovery.reactive.enabled) matched
2025-04-26T22:20:18.233+02:00 TRACE 13448 --- [api-gateway] [    Test worker] o.s.b.f.s.DefaultListableBeanFactory     : Returning cached instance of singleton bean 'autoConfigurationReport'
2025-04-26T22:20:18.233+02:00 TRACE 13448 --- [api-gateway] [    Test worker] a.ConfigurationClassBeanDefinitionReader : Registered bean definition for imported class 'org.springframework.cloud.client.discovery.composite.reactive.ReactiveCompositeDiscoveryClientAutoConfiguration'
2025-04-26T22:20:18.233+02:00 TRACE 13448 --- [api-gateway] [    Test worker] a.ConfigurationClassBeanDefinitionReader : Registering bean definition for @Bean method org.springframework.cloud.client.discovery.composite.reactive.ReactiveCompositeDiscoveryClientAutoConfiguration.reactiveCompositeDiscoveryClient()
2025-04-26T22:20:18.234+02:00 TRACE 13448 --- [api-gateway] [    Test worker] o.s.b.a.condition.OnClassCondition       : Condition OnClassCondition on org.springframework.cloud.client.discovery.simple.reactive.SimpleReactiveDiscoveryClientAutoConfiguration matched due to @ConditionalOnClass found required class 'org.springframework.web.reactive.function.client.WebClient'
2025-04-26T22:20:18.234+02:00 TRACE 13448 --- [api-gateway] [    Test worker] o.s.b.f.s.DefaultListableBeanFactory     : Returning cached instance of singleton bean 'autoConfigurationReport'
2025-04-26T22:20:18.234+02:00 TRACE 13448 --- [api-gateway] [    Test worker] o.s.b.a.condition.OnPropertyCondition    : Condition OnPropertyCondition on org.springframework.cloud.client.discovery.simple.reactive.SimpleReactiveDiscoveryClientAutoConfiguration matched due to @ConditionalOnProperty (spring.cloud.discovery.enabled) matched; @ConditionalOnProperty (spring.cloud.discovery.reactive.enabled) matched
2025-04-26T22:20:18.234+02:00 TRACE 13448 --- [api-gateway] [    Test worker] o.s.b.f.s.DefaultListableBeanFactory     : Returning cached instance of singleton bean 'autoConfigurationReport'
2025-04-26T22:20:18.234+02:00 TRACE 13448 --- [api-gateway] [    Test worker] o.s.b.a.condition.OnPropertyCondition    : Condition OnPropertyCondition on org.springframework.cloud.client.discovery.simple.reactive.SimpleReactiveDiscoveryClientAutoConfiguration matched due to @ConditionalOnProperty (spring.cloud.discovery.enabled) matched; @ConditionalOnProperty (spring.cloud.discovery.reactive.enabled) matched
2025-04-26T22:20:18.234+02:00 TRACE 13448 --- [api-gateway] [    Test worker] o.s.b.f.s.DefaultListableBeanFactory     : Returning cached instance of singleton bean 'autoConfigurationReport'
2025-04-26T22:20:18.235+02:00 TRACE 13448 --- [api-gateway] [    Test worker] a.ConfigurationClassBeanDefinitionReader : Registered bean definition for imported class 'org.springframework.cloud.client.discovery.simple.reactive.SimpleReactiveDiscoveryClientAutoConfiguration'
2025-04-26T22:20:18.235+02:00 TRACE 13448 --- [api-gateway] [    Test worker] a.ConfigurationClassBeanDefinitionReader : Registering bean definition for @Bean method org.springframework.cloud.client.discovery.simple.reactive.SimpleReactiveDiscoveryClientAutoConfiguration.simpleReactiveDiscoveryProperties()
2025-04-26T22:20:18.235+02:00 TRACE 13448 --- [api-gateway] [    Test worker] a.ConfigurationClassBeanDefinitionReader : Registering bean definition for @Bean method org.springframework.cloud.client.discovery.simple.reactive.SimpleReactiveDiscoveryClientAutoConfiguration.simpleReactiveDiscoveryClient()
2025-04-26T22:20:18.236+02:00 TRACE 13448 --- [api-gateway] [    Test worker] o.s.b.a.condition.OnClassCondition       : Condition OnClassCondition on org.springframework.cloud.netflix.eureka.reactive.EurekaReactiveDiscoveryClientConfiguration matched due to @ConditionalOnClass found required classes 'com.netflix.discovery.EurekaClientConfig', 'org.springframework.web.reactive.function.client.WebClient'
2025-04-26T22:20:18.236+02:00 TRACE 13448 --- [api-gateway] [    Test worker] o.s.b.f.s.DefaultListableBeanFactory     : Returning cached instance of singleton bean 'autoConfigurationReport'
2025-04-26T22:20:18.236+02:00 TRACE 13448 --- [api-gateway] [    Test worker] o.s.b.a.condition.OnClassCondition       : Condition OnClassCondition on org.springframework.cloud.netflix.eureka.reactive.EurekaReactiveDiscoveryClientConfiguration matched due to @ConditionalOnClass found required classes 'com.netflix.discovery.EurekaClientConfig', 'org.springframework.web.reactive.function.client.WebClient'
2025-04-26T22:20:18.236+02:00 TRACE 13448 --- [api-gateway] [    Test worker] o.s.b.f.s.DefaultListableBeanFactory     : Returning cached instance of singleton bean 'autoConfigurationReport'
2025-04-26T22:20:18.236+02:00 TRACE 13448 --- [api-gateway] [    Test worker] o.s.b.a.condition.OnPropertyCondition    : Condition OnPropertyCondition on org.springframework.cloud.netflix.eureka.reactive.EurekaReactiveDiscoveryClientConfiguration matched due to @ConditionalOnProperty (eureka.client.enabled) matched; @ConditionalOnProperty (spring.cloud.discovery.enabled) matched; @ConditionalOnProperty (spring.cloud.discovery.reactive.enabled) matched
2025-04-26T22:20:18.236+02:00 TRACE 13448 --- [api-gateway] [    Test worker] o.s.b.f.s.DefaultListableBeanFactory     : Returning cached instance of singleton bean 'autoConfigurationReport'
2025-04-26T22:20:18.236+02:00 TRACE 13448 --- [api-gateway] [    Test worker] o.s.b.a.condition.OnPropertyCondition    : Condition OnPropertyCondition on org.springframework.cloud.netflix.eureka.reactive.EurekaReactiveDiscoveryClientConfiguration matched due to @ConditionalOnProperty (eureka.client.enabled) matched; @ConditionalOnProperty (spring.cloud.discovery.enabled) matched; @ConditionalOnProperty (spring.cloud.discovery.reactive.enabled) matched
2025-04-26T22:20:18.236+02:00 TRACE 13448 --- [api-gateway] [    Test worker] o.s.b.f.s.DefaultListableBeanFactory     : Returning cached instance of singleton bean 'autoConfigurationReport'
2025-04-26T22:20:18.237+02:00 TRACE 13448 --- [api-gateway] [    Test worker] o.s.b.a.condition.OnPropertyCondition    : Condition OnPropertyCondition on org.springframework.cloud.netflix.eureka.reactive.EurekaReactiveDiscoveryClientConfiguration matched due to @ConditionalOnProperty (eureka.client.enabled) matched; @ConditionalOnProperty (spring.cloud.discovery.enabled) matched; @ConditionalOnProperty (spring.cloud.discovery.reactive.enabled) matched
2025-04-26T22:20:18.237+02:00 TRACE 13448 --- [api-gateway] [    Test worker] o.s.b.f.s.DefaultListableBeanFactory     : Returning cached instance of singleton bean 'autoConfigurationReport'
2025-04-26T22:20:18.237+02:00 TRACE 13448 --- [api-gateway] [    Test worker] a.ConfigurationClassBeanDefinitionReader : Registered bean definition for imported class 'org.springframework.cloud.netflix.eureka.reactive.EurekaReactiveDiscoveryClientConfiguration'
2025-04-26T22:20:18.242+02:00 TRACE 13448 --- [api-gateway] [    Test worker] o.s.b.a.condition.OnBeanCondition        : Condition OnBeanCondition on org.springframework.cloud.netflix.eureka.reactive.EurekaReactiveDiscoveryClientConfiguration#eurekaReactiveDiscoveryClient matched due to @ConditionalOnMissingBean (types: org.springframework.cloud.netflix.eureka.reactive.EurekaReactiveDiscoveryClient; SearchStrategy: all) did not find any beans
2025-04-26T22:20:18.242+02:00 TRACE 13448 --- [api-gateway] [    Test worker] o.s.b.f.s.DefaultListableBeanFactory     : Returning cached instance of singleton bean 'autoConfigurationReport'
2025-04-26T22:20:18.242+02:00 TRACE 13448 --- [api-gateway] [    Test worker] a.ConfigurationClassBeanDefinitionReader : Registering bean definition for @Bean method org.springframework.cloud.netflix.eureka.reactive.EurekaReactiveDiscoveryClientConfiguration.eurekaReactiveDiscoveryClient()
2025-04-26T22:20:18.242+02:00 TRACE 13448 --- [api-gateway] [    Test worker] o.s.b.a.condition.OnClassCondition       : Condition OnClassCondition on org.springframework.cloud.netflix.eureka.reactive.EurekaReactiveDiscoveryClientConfiguration#eurekaReactiveDiscoveryClientHealthIndicator did not match due to @ConditionalOnClass did not find required class 'org.springframework.boot.actuate.health.ReactiveHealthIndicator'
2025-04-26T22:20:18.242+02:00 TRACE 13448 --- [api-gateway] [    Test worker] o.s.b.f.s.DefaultListableBeanFactory     : Returning cached instance of singleton bean 'autoConfigurationReport'
2025-04-26T22:20:18.242+02:00 TRACE 13448 --- [api-gateway] [    Test worker] a.ConfigurationClassBeanDefinitionReader : Registered bean definition for imported class 'org.springframework.cloud.client.ReactiveCommonsClientAutoConfiguration'
2025-04-26T22:20:18.243+02:00 TRACE 13448 --- [api-gateway] [    Test worker] o.s.b.a.condition.OnPropertyCondition    : Condition OnPropertyCondition on org.springframework.cloud.loadbalancer.config.BlockingLoadBalancerClientAutoConfiguration matched due to @ConditionalOnProperty (spring.cloud.loadbalancer.enabled=true) matched
2025-04-26T22:20:18.243+02:00 TRACE 13448 --- [api-gateway] [    Test worker] o.s.b.f.s.DefaultListableBeanFactory     : Returning cached instance of singleton bean 'autoConfigurationReport'
2025-04-26T22:20:18.244+02:00 TRACE 13448 --- [api-gateway] [    Test worker] .c.l.BlockingRestClassesPresentCondition : Condition BlockingRestClassesPresentCondition on org.springframework.cloud.loadbalancer.config.BlockingLoadBalancerClientAutoConfiguration matched due to AnyNestedCondition 2 matched 0 did not; NestedCondition on BlockingRestClassesPresentCondition.RestClientPresent @ConditionalOnClass found required class 'org.springframework.web.client.RestClient'; NestedCondition on BlockingRestClassesPresentCondition.RestTemplatePresent @ConditionalOnClass found required class 'org.springframework.web.client.RestTemplate'
2025-04-26T22:20:18.244+02:00 TRACE 13448 --- [api-gateway] [    Test worker] o.s.b.f.s.DefaultListableBeanFactory     : Returning cached instance of singleton bean 'autoConfigurationReport'
2025-04-26T22:20:18.244+02:00 TRACE 13448 --- [api-gateway] [    Test worker] a.ConfigurationClassBeanDefinitionReader : Registered bean definition for imported class 'org.springframework.cloud.loadbalancer.config.BlockingLoadBalancerClientAutoConfiguration'
2025-04-26T22:20:18.248+02:00 TRACE 13448 --- [api-gateway] [    Test worker] o.s.b.a.condition.OnBeanCondition        : Condition OnBeanCondition on org.springframework.cloud.loadbalancer.config.BlockingLoadBalancerClientAutoConfiguration#blockingLoadBalancerClient matched due to @ConditionalOnBean (types: org.springframework.cloud.loadbalancer.support.LoadBalancerClientFactory; SearchStrategy: all) found bean 'loadBalancerClientFactory'; @ConditionalOnMissingBean (types: org.springframework.cloud.client.loadbalancer.LoadBalancerClient; SearchStrategy: all) did not find any beans
2025-04-26T22:20:18.248+02:00 TRACE 13448 --- [api-gateway] [    Test worker] o.s.b.f.s.DefaultListableBeanFactory     : Returning cached instance of singleton bean 'autoConfigurationReport'
2025-04-26T22:20:18.250+02:00 TRACE 13448 --- [api-gateway] [    Test worker] o.s.b.a.condition.OnBeanCondition        : Condition OnBeanCondition on org.springframework.cloud.loadbalancer.config.BlockingLoadBalancerClientAutoConfiguration#blockingLoadBalancerClient matched due to @ConditionalOnBean (types: org.springframework.cloud.loadbalancer.support.LoadBalancerClientFactory; SearchStrategy: all) found bean 'loadBalancerClientFactory'; @ConditionalOnMissingBean (types: org.springframework.cloud.client.loadbalancer.LoadBalancerClient; SearchStrategy: all) did not find any beans
2025-04-26T22:20:18.250+02:00 TRACE 13448 --- [api-gateway] [    Test worker] o.s.b.f.s.DefaultListableBeanFactory     : Returning cached instance of singleton bean 'autoConfigurationReport'
2025-04-26T22:20:18.250+02:00 TRACE 13448 --- [api-gateway] [    Test worker] a.ConfigurationClassBeanDefinitionReader : Registering bean definition for @Bean method org.springframework.cloud.loadbalancer.config.BlockingLoadBalancerClientAutoConfiguration.blockingLoadBalancerClient()
2025-04-26T22:20:18.252+02:00 TRACE 13448 --- [api-gateway] [    Test worker] o.s.b.a.condition.OnBeanCondition        : Condition OnBeanCondition on org.springframework.cloud.loadbalancer.config.BlockingLoadBalancerClientAutoConfiguration#loadBalancerServiceInstanceCookieTransformer matched due to @ConditionalOnBean (types: org.springframework.cloud.loadbalancer.support.LoadBalancerClientFactory; SearchStrategy: all) found bean 'loadBalancerClientFactory'; @ConditionalOnMissingBean (types: org.springframework.cloud.loadbalancer.core.LoadBalancerServiceInstanceCookieTransformer; SearchStrategy: all) did not find any beans
2025-04-26T22:20:18.252+02:00 TRACE 13448 --- [api-gateway] [    Test worker] o.s.b.f.s.DefaultListableBeanFactory     : Returning cached instance of singleton bean 'autoConfigurationReport'
2025-04-26T22:20:18.253+02:00 TRACE 13448 --- [api-gateway] [    Test worker] o.s.b.a.condition.OnBeanCondition        : Condition OnBeanCondition on org.springframework.cloud.loadbalancer.config.BlockingLoadBalancerClientAutoConfiguration#loadBalancerServiceInstanceCookieTransformer matched due to @ConditionalOnBean (types: org.springframework.cloud.loadbalancer.support.LoadBalancerClientFactory; SearchStrategy: all) found bean 'loadBalancerClientFactory'; @ConditionalOnMissingBean (types: org.springframework.cloud.loadbalancer.core.LoadBalancerServiceInstanceCookieTransformer; SearchStrategy: all) did not find any beans
2025-04-26T22:20:18.253+02:00 TRACE 13448 --- [api-gateway] [    Test worker] o.s.b.f.s.DefaultListableBeanFactory     : Returning cached instance of singleton bean 'autoConfigurationReport'
2025-04-26T22:20:18.253+02:00 TRACE 13448 --- [api-gateway] [    Test worker] a.ConfigurationClassBeanDefinitionReader : Registering bean definition for @Bean method org.springframework.cloud.loadbalancer.config.BlockingLoadBalancerClientAutoConfiguration.loadBalancerServiceInstanceCookieTransformer()
2025-04-26T22:20:18.255+02:00 TRACE 13448 --- [api-gateway] [    Test worker] o.s.b.a.condition.OnBeanCondition        : Condition OnBeanCondition on org.springframework.cloud.loadbalancer.config.BlockingLoadBalancerClientAutoConfiguration#xForwarderHeadersTransformer matched due to @ConditionalOnBean (types: org.springframework.cloud.loadbalancer.support.LoadBalancerClientFactory; SearchStrategy: all) found bean 'loadBalancerClientFactory'; @ConditionalOnMissingBean (types: org.springframework.cloud.loadbalancer.blocking.XForwardedHeadersTransformer; SearchStrategy: all) did not find any beans
2025-04-26T22:20:18.255+02:00 TRACE 13448 --- [api-gateway] [    Test worker] o.s.b.f.s.DefaultListableBeanFactory     : Returning cached instance of singleton bean 'autoConfigurationReport'
2025-04-26T22:20:18.256+02:00 TRACE 13448 --- [api-gateway] [    Test worker] o.s.b.a.condition.OnBeanCondition        : Condition OnBeanCondition on org.springframework.cloud.loadbalancer.config.BlockingLoadBalancerClientAutoConfiguration#xForwarderHeadersTransformer matched due to @ConditionalOnBean (types: org.springframework.cloud.loadbalancer.support.LoadBalancerClientFactory; SearchStrategy: all) found bean 'loadBalancerClientFactory'; @ConditionalOnMissingBean (types: org.springframework.cloud.loadbalancer.blocking.XForwardedHeadersTransformer; SearchStrategy: all) did not find any beans
2025-04-26T22:20:18.256+02:00 TRACE 13448 --- [api-gateway] [    Test worker] o.s.b.f.s.DefaultListableBeanFactory     : Returning cached instance of singleton bean 'autoConfigurationReport'
2025-04-26T22:20:18.256+02:00 TRACE 13448 --- [api-gateway] [    Test worker] a.ConfigurationClassBeanDefinitionReader : Registering bean definition for @Bean method org.springframework.cloud.loadbalancer.config.BlockingLoadBalancerClientAutoConfiguration.xForwarderHeadersTransformer()
2025-04-26T22:20:18.257+02:00 TRACE 13448 --- [api-gateway] [    Test worker] .c.l.BlockingRestClassesPresentCondition : Condition BlockingRestClassesPresentCondition on org.springframework.cloud.client.loadbalancer.LoadBalancerAutoConfiguration matched due to AnyNestedCondition 2 matched 0 did not; NestedCondition on BlockingRestClassesPresentCondition.RestClientPresent @ConditionalOnClass found required class 'org.springframework.web.client.RestClient'; NestedCondition on BlockingRestClassesPresentCondition.RestTemplatePresent @ConditionalOnClass found required class 'org.springframework.web.client.RestTemplate'
2025-04-26T22:20:18.257+02:00 TRACE 13448 --- [api-gateway] [    Test worker] o.s.b.f.s.DefaultListableBeanFactory     : Returning cached instance of singleton bean 'autoConfigurationReport'
2025-04-26T22:20:18.258+02:00 TRACE 13448 --- [api-gateway] [    Test worker] o.s.b.a.condition.OnBeanCondition        : Condition OnBeanCondition on org.springframework.cloud.client.loadbalancer.LoadBalancerAutoConfiguration matched due to @ConditionalOnBean (types: org.springframework.cloud.client.loadbalancer.LoadBalancerClient; SearchStrategy: all) found bean 'blockingLoadBalancerClient'
2025-04-26T22:20:18.258+02:00 TRACE 13448 --- [api-gateway] [    Test worker] o.s.b.f.s.DefaultListableBeanFactory     : Returning cached instance of singleton bean 'autoConfigurationReport'
2025-04-26T22:20:18.260+02:00 TRACE 13448 --- [api-gateway] [    Test worker] guration$RetryMissingOrDisabledCondition : Condition LoadBalancerAutoConfiguration.RetryMissingOrDisabledCondition on org.springframework.cloud.client.loadbalancer.LoadBalancerAutoConfiguration$LoadBalancerInterceptorConfig matched due to AnyNestedCondition 1 matched 1 did not; NestedCondition on LoadBalancerAutoConfiguration.RetryMissingOrDisabledCondition.RetryDisabled @ConditionalOnProperty (spring.cloud.loadbalancer.retry.enabled=false) did not find property 'spring.cloud.loadbalancer.retry.enabled'; NestedCondition on LoadBalancerAutoConfiguration.RetryMissingOrDisabledCondition.RetryTemplateMissing @ConditionalOnMissingClass did not find unwanted class 'org.springframework.retry.support.RetryTemplate'
2025-04-26T22:20:18.260+02:00 TRACE 13448 --- [api-gateway] [    Test worker] o.s.b.f.s.DefaultListableBeanFactory     : Returning cached instance of singleton bean 'autoConfigurationReport'
2025-04-26T22:20:18.261+02:00 TRACE 13448 --- [api-gateway] [    Test worker] a.ConfigurationClassBeanDefinitionReader : Registered bean definition for imported class 'org.springframework.cloud.client.loadbalancer.LoadBalancerAutoConfiguration$LoadBalancerInterceptorConfig'
2025-04-26T22:20:18.261+02:00 TRACE 13448 --- [api-gateway] [    Test worker] a.ConfigurationClassBeanDefinitionReader : Registering bean definition for @Bean method org.springframework.cloud.client.loadbalancer.LoadBalancerAutoConfiguration$LoadBalancerInterceptorConfig.loadBalancerInterceptor()
2025-04-26T22:20:18.263+02:00 TRACE 13448 --- [api-gateway] [    Test worker] o.s.b.a.condition.OnBeanCondition        : Condition OnBeanCondition on org.springframework.cloud.client.loadbalancer.LoadBalancerAutoConfiguration$LoadBalancerInterceptorConfig#restTemplateCustomizer matched due to @ConditionalOnMissingBean (types: org.springframework.cloud.client.loadbalancer.RestTemplateCustomizer; SearchStrategy: all) did not find any beans
2025-04-26T22:20:18.263+02:00 TRACE 13448 --- [api-gateway] [    Test worker] o.s.b.f.s.DefaultListableBeanFactory     : Returning cached instance of singleton bean 'autoConfigurationReport'
2025-04-26T22:20:18.264+02:00 TRACE 13448 --- [api-gateway] [    Test worker] a.ConfigurationClassBeanDefinitionReader : Registering bean definition for @Bean method org.springframework.cloud.client.loadbalancer.LoadBalancerAutoConfiguration$LoadBalancerInterceptorConfig.restTemplateCustomizer()
2025-04-26T22:20:18.264+02:00 TRACE 13448 --- [api-gateway] [    Test worker] a.ConfigurationClassBeanDefinitionReader : Registered bean definition for imported class 'org.springframework.cloud.client.loadbalancer.LoadBalancerAutoConfiguration$DeferringLoadBalancerInterceptorConfig'
2025-04-26T22:20:18.266+02:00 TRACE 13448 --- [api-gateway] [    Test worker] o.s.b.a.condition.OnBeanCondition        : Condition OnBeanCondition on org.springframework.cloud.client.loadbalancer.LoadBalancerAutoConfiguration$DeferringLoadBalancerInterceptorConfig#deferringLoadBalancerInterceptor matched due to @ConditionalOnMissingBean (types: org.springframework.cloud.client.loadbalancer.DeferringLoadBalancerInterceptor; SearchStrategy: all) did not find any beans
2025-04-26T22:20:18.266+02:00 TRACE 13448 --- [api-gateway] [    Test worker] o.s.b.f.s.DefaultListableBeanFactory     : Returning cached instance of singleton bean 'autoConfigurationReport'
2025-04-26T22:20:18.266+02:00 TRACE 13448 --- [api-gateway] [    Test worker] a.ConfigurationClassBeanDefinitionReader : Registering bean definition for @Bean method org.springframework.cloud.client.loadbalancer.LoadBalancerAutoConfiguration$DeferringLoadBalancerInterceptorConfig.deferringLoadBalancerInterceptor()
2025-04-26T22:20:18.268+02:00 TRACE 13448 --- [api-gateway] [    Test worker] o.s.b.a.condition.OnBeanCondition        : Condition OnBeanCondition on org.springframework.cloud.client.loadbalancer.LoadBalancerAutoConfiguration$DeferringLoadBalancerInterceptorConfig#lbRestClientPostProcessor matched due to @ConditionalOnBean (types: org.springframework.cloud.client.loadbalancer.DeferringLoadBalancerInterceptor; SearchStrategy: all) found bean 'deferringLoadBalancerInterceptor'; @ConditionalOnMissingBean (types: org.springframework.cloud.client.loadbalancer.LoadBalancerRestClientBuilderBeanPostProcessor; SearchStrategy: all) did not find any beans
2025-04-26T22:20:18.268+02:00 TRACE 13448 --- [api-gateway] [    Test worker] o.s.b.f.s.DefaultListableBeanFactory     : Returning cached instance of singleton bean 'autoConfigurationReport'
2025-04-26T22:20:18.269+02:00 TRACE 13448 --- [api-gateway] [    Test worker] o.s.b.a.condition.OnBeanCondition        : Condition OnBeanCondition on org.springframework.cloud.client.loadbalancer.LoadBalancerAutoConfiguration$DeferringLoadBalancerInterceptorConfig#lbRestClientPostProcessor matched due to @ConditionalOnBean (types: org.springframework.cloud.client.loadbalancer.DeferringLoadBalancerInterceptor; SearchStrategy: all) found bean 'deferringLoadBalancerInterceptor'; @ConditionalOnMissingBean (types: org.springframework.cloud.client.loadbalancer.LoadBalancerRestClientBuilderBeanPostProcessor; SearchStrategy: all) did not find any beans
2025-04-26T22:20:18.269+02:00 TRACE 13448 --- [api-gateway] [    Test worker] o.s.b.f.s.DefaultListableBeanFactory     : Returning cached instance of singleton bean 'autoConfigurationReport'
2025-04-26T22:20:18.269+02:00 TRACE 13448 --- [api-gateway] [    Test worker] a.ConfigurationClassBeanDefinitionReader : Registering bean definition for @Bean method org.springframework.cloud.client.loadbalancer.LoadBalancerAutoConfiguration$DeferringLoadBalancerInterceptorConfig.lbRestClientPostProcessor()
2025-04-26T22:20:18.270+02:00 TRACE 13448 --- [api-gateway] [    Test worker] o.s.b.a.condition.OnBeanCondition        : Condition OnBeanCondition on org.springframework.cloud.client.loadbalancer.LoadBalancerAutoConfiguration$DeferringLoadBalancerInterceptorConfig#lbRestTemplateBuilderPostProcessor matched due to @ConditionalOnBean (types: org.springframework.cloud.client.loadbalancer.DeferringLoadBalancerInterceptor; SearchStrategy: all) found bean 'deferringLoadBalancerInterceptor'; @ConditionalOnMissingBean (types: org.springframework.cloud.client.loadbalancer.LoadBalancerRestTemplateBuilderBeanPostProcessor; SearchStrategy: all) did not find any beans
2025-04-26T22:20:18.270+02:00 TRACE 13448 --- [api-gateway] [    Test worker] o.s.b.f.s.DefaultListableBeanFactory     : Returning cached instance of singleton bean 'autoConfigurationReport'
2025-04-26T22:20:18.271+02:00 TRACE 13448 --- [api-gateway] [    Test worker] o.s.b.a.condition.OnBeanCondition        : Condition OnBeanCondition on org.springframework.cloud.client.loadbalancer.LoadBalancerAutoConfiguration$DeferringLoadBalancerInterceptorConfig#lbRestTemplateBuilderPostProcessor matched due to @ConditionalOnBean (types: org.springframework.cloud.client.loadbalancer.DeferringLoadBalancerInterceptor; SearchStrategy: all) found bean 'deferringLoadBalancerInterceptor'; @ConditionalOnMissingBean (types: org.springframework.cloud.client.loadbalancer.LoadBalancerRestTemplateBuilderBeanPostProcessor; SearchStrategy: all) did not find any beans
2025-04-26T22:20:18.271+02:00 TRACE 13448 --- [api-gateway] [    Test worker] o.s.b.f.s.DefaultListableBeanFactory     : Returning cached instance of singleton bean 'autoConfigurationReport'
2025-04-26T22:20:18.271+02:00 TRACE 13448 --- [api-gateway] [    Test worker] a.ConfigurationClassBeanDefinitionReader : Registering bean definition for @Bean method org.springframework.cloud.client.loadbalancer.LoadBalancerAutoConfiguration$DeferringLoadBalancerInterceptorConfig.lbRestTemplateBuilderPostProcessor()
2025-04-26T22:20:18.271+02:00 TRACE 13448 --- [api-gateway] [    Test worker] a.ConfigurationClassBeanDefinitionReader : Registered bean definition for imported class 'org.springframework.cloud.client.loadbalancer.LoadBalancerAutoConfiguration'
2025-04-26T22:20:18.271+02:00 TRACE 13448 --- [api-gateway] [    Test worker] a.ConfigurationClassBeanDefinitionReader : Registering bean definition for @Bean method org.springframework.cloud.client.loadbalancer.LoadBalancerAutoConfiguration.loadBalancedRestTemplateInitializerDeprecated()
2025-04-26T22:20:18.272+02:00 TRACE 13448 --- [api-gateway] [    Test worker] o.s.b.a.condition.OnBeanCondition        : Condition OnBeanCondition on org.springframework.cloud.client.loadbalancer.LoadBalancerAutoConfiguration#loadBalancerRequestFactory matched due to @ConditionalOnMissingBean (types: org.springframework.cloud.client.loadbalancer.LoadBalancerRequestFactory; SearchStrategy: all) did not find any beans
2025-04-26T22:20:18.272+02:00 TRACE 13448 --- [api-gateway] [    Test worker] o.s.b.f.s.DefaultListableBeanFactory     : Returning cached instance of singleton bean 'autoConfigurationReport'
2025-04-26T22:20:18.272+02:00 TRACE 13448 --- [api-gateway] [    Test worker] a.ConfigurationClassBeanDefinitionReader : Registering bean definition for @Bean method org.springframework.cloud.client.loadbalancer.LoadBalancerAutoConfiguration.loadBalancerRequestFactory()
2025-04-26T22:20:18.273+02:00 TRACE 13448 --- [api-gateway] [    Test worker] a.ConfigurationClassBeanDefinitionReader : Registered bean definition for imported class 'org.springframework.cloud.client.loadbalancer.LoadBalancerDefaultMappingsProviderAutoConfiguration'
2025-04-26T22:20:18.273+02:00 TRACE 13448 --- [api-gateway] [    Test worker] a.ConfigurationClassBeanDefinitionReader : Registering bean definition for @Bean method org.springframework.cloud.client.loadbalancer.LoadBalancerDefaultMappingsProviderAutoConfiguration.loadBalancerClientsDefaultsMappingsProvider()
2025-04-26T22:20:18.273+02:00 TRACE 13448 --- [api-gateway] [    Test worker] o.s.b.a.condition.OnClassCondition       : Condition OnClassCondition on org.springframework.cloud.client.loadbalancer.reactive.LoadBalancerBeanPostProcessorAutoConfiguration matched due to @ConditionalOnClass found required class 'org.springframework.web.reactive.function.client.WebClient'
2025-04-26T22:20:18.273+02:00 TRACE 13448 --- [api-gateway] [    Test worker] o.s.b.f.s.DefaultListableBeanFactory     : Returning cached instance of singleton bean 'autoConfigurationReport'
2025-04-26T22:20:18.276+02:00 TRACE 13448 --- [api-gateway] [    Test worker] adBalancerImplementationPresentCondition : Condition LoadBalancerBeanPostProcessorAutoConfiguration.OnAnyLoadBalancerImplementationPresentCondition on org.springframework.cloud.client.loadbalancer.reactive.LoadBalancerBeanPostProcessorAutoConfiguration matched due to AnyNestedCondition 2 matched 0 did not; NestedCondition on LoadBalancerBeanPostProcessorAutoConfiguration.OnAnyLoadBalancerImplementationPresentCondition.LoadBalancerClientPresent @ConditionalOnBean (types: org.springframework.cloud.client.loadbalancer.LoadBalancerClient; SearchStrategy: all) found bean 'blockingLoadBalancerClient'; NestedCondition on LoadBalancerBeanPostProcessorAutoConfiguration.OnAnyLoadBalancerImplementationPresentCondition.ReactiveLoadBalancerFactoryPresent @ConditionalOnBean (types: org.springframework.cloud.client.loadbalancer.reactive.ReactiveLoadBalancer$Factory; SearchStrategy: all) found bean 'loadBalancerClientFactory'
2025-04-26T22:20:18.276+02:00 TRACE 13448 --- [api-gateway] [    Test worker] o.s.b.f.s.DefaultListableBeanFactory     : Returning cached instance of singleton bean 'autoConfigurationReport'
2025-04-26T22:20:18.276+02:00 TRACE 13448 --- [api-gateway] [    Test worker] o.s.b.a.condition.OnBeanCondition        : Condition OnBeanCondition on org.springframework.cloud.client.loadbalancer.reactive.LoadBalancerBeanPostProcessorAutoConfiguration$ReactorDeferringLoadBalancerFilterConfig matched due to @ConditionalOnBean (types: org.springframework.cloud.client.loadbalancer.reactive.ReactiveLoadBalancer$Factory; SearchStrategy: all) found bean 'loadBalancerClientFactory'
2025-04-26T22:20:18.276+02:00 TRACE 13448 --- [api-gateway] [    Test worker] o.s.b.f.s.DefaultListableBeanFactory     : Returning cached instance of singleton bean 'autoConfigurationReport'
2025-04-26T22:20:18.276+02:00 TRACE 13448 --- [api-gateway] [    Test worker] a.ConfigurationClassBeanDefinitionReader : Registered bean definition for imported class 'org.springframework.cloud.client.loadbalancer.reactive.LoadBalancerBeanPostProcessorAutoConfiguration$ReactorDeferringLoadBalancerFilterConfig'
2025-04-26T22:20:18.277+02:00 TRACE 13448 --- [api-gateway] [    Test worker] a.ConfigurationClassBeanDefinitionReader : Registering bean definition for @Bean method org.springframework.cloud.client.loadbalancer.reactive.LoadBalancerBeanPostProcessorAutoConfiguration$ReactorDeferringLoadBalancerFilterConfig.reactorDeferringLoadBalancerExchangeFilterFunction()
2025-04-26T22:20:18.277+02:00 TRACE 13448 --- [api-gateway] [    Test worker] a.ConfigurationClassBeanDefinitionReader : Registered bean definition for imported class 'org.springframework.cloud.client.loadbalancer.reactive.LoadBalancerBeanPostProcessorAutoConfiguration'
2025-04-26T22:20:18.277+02:00 TRACE 13448 --- [api-gateway] [    Test worker] a.ConfigurationClassBeanDefinitionReader : Registering bean definition for @Bean method org.springframework.cloud.client.loadbalancer.reactive.LoadBalancerBeanPostProcessorAutoConfiguration.loadBalancerWebClientBuilderBeanPostProcessor()
2025-04-26T22:20:18.277+02:00 TRACE 13448 --- [api-gateway] [    Test worker] o.s.b.a.condition.OnClassCondition       : Condition OnClassCondition on org.springframework.cloud.client.loadbalancer.reactive.ReactorLoadBalancerClientAutoConfiguration matched due to @ConditionalOnClass found required class 'org.springframework.web.reactive.function.client.WebClient'
2025-04-26T22:20:18.277+02:00 TRACE 13448 --- [api-gateway] [    Test worker] o.s.b.f.s.DefaultListableBeanFactory     : Returning cached instance of singleton bean 'autoConfigurationReport'
2025-04-26T22:20:18.280+02:00 TRACE 13448 --- [api-gateway] [    Test worker] o.s.b.a.condition.OnBeanCondition        : Condition OnBeanCondition on org.springframework.cloud.client.loadbalancer.reactive.ReactorLoadBalancerClientAutoConfiguration matched due to @ConditionalOnBean (types: org.springframework.cloud.client.loadbalancer.reactive.ReactiveLoadBalancer$Factory; SearchStrategy: all) found bean 'loadBalancerClientFactory'
2025-04-26T22:20:18.280+02:00 TRACE 13448 --- [api-gateway] [    Test worker] o.s.b.f.s.DefaultListableBeanFactory     : Returning cached instance of singleton bean 'autoConfigurationReport'
2025-04-26T22:20:18.280+02:00 TRACE 13448 --- [api-gateway] [    Test worker] a.ConfigurationClassBeanDefinitionReader : Registered bean definition for imported class 'org.springframework.cloud.client.loadbalancer.reactive.ReactorLoadBalancerClientAutoConfiguration'
2025-04-26T22:20:18.280+02:00 TRACE 13448 --- [api-gateway] [    Test worker] o.s.b.a.condition.OnPropertyCondition    : Condition OnPropertyCondition on org.springframework.cloud.client.loadbalancer.reactive.ReactorLoadBalancerClientAutoConfiguration#loadBalancerExchangeFilterFunction matched due to @ConditionalOnProperty (spring.cloud.loadbalancer.retry.enabled=false) matched
2025-04-26T22:20:18.280+02:00 TRACE 13448 --- [api-gateway] [    Test worker] o.s.b.f.s.DefaultListableBeanFactory     : Returning cached instance of singleton bean 'autoConfigurationReport'
2025-04-26T22:20:18.281+02:00 TRACE 13448 --- [api-gateway] [    Test worker] o.s.b.a.condition.OnBeanCondition        : Condition OnBeanCondition on org.springframework.cloud.client.loadbalancer.reactive.ReactorLoadBalancerClientAutoConfiguration#loadBalancerExchangeFilterFunction matched due to @ConditionalOnMissingBean (types: org.springframework.cloud.client.loadbalancer.reactive.ReactorLoadBalancerExchangeFilterFunction; SearchStrategy: all) did not find any beans
2025-04-26T22:20:18.281+02:00 TRACE 13448 --- [api-gateway] [    Test worker] o.s.b.f.s.DefaultListableBeanFactory     : Returning cached instance of singleton bean 'autoConfigurationReport'
2025-04-26T22:20:18.282+02:00 TRACE 13448 --- [api-gateway] [    Test worker] a.ConfigurationClassBeanDefinitionReader : Registering bean definition for @Bean method org.springframework.cloud.client.loadbalancer.reactive.ReactorLoadBalancerClientAutoConfiguration.loadBalancerExchangeFilterFunction()
2025-04-26T22:20:18.282+02:00 TRACE 13448 --- [api-gateway] [    Test worker] o.s.b.a.condition.OnPropertyCondition    : Condition OnPropertyCondition on org.springframework.cloud.client.loadbalancer.reactive.ReactorLoadBalancerClientAutoConfiguration#retryableLoadBalancerExchangeFilterFunction did not match due to @ConditionalOnProperty (spring.cloud.loadbalancer.retry.enabled=true) did not find property 'spring.cloud.loadbalancer.retry.enabled'
2025-04-26T22:20:18.282+02:00 TRACE 13448 --- [api-gateway] [    Test worker] o.s.b.f.s.DefaultListableBeanFactory     : Returning cached instance of singleton bean 'autoConfigurationReport'
2025-04-26T22:20:18.282+02:00 TRACE 13448 --- [api-gateway] [    Test worker] o.s.b.a.condition.OnPropertyCondition    : Condition OnPropertyCondition on org.springframework.cloud.client.loadbalancer.reactive.ReactorLoadBalancerClientAutoConfiguration#loadBalancerRetryPolicy did not match due to @ConditionalOnProperty (spring.cloud.loadbalancer.retry.enabled=true) did not find property 'spring.cloud.loadbalancer.retry.enabled'
2025-04-26T22:20:18.282+02:00 TRACE 13448 --- [api-gateway] [    Test worker] o.s.b.f.s.DefaultListableBeanFactory     : Returning cached instance of singleton bean 'autoConfigurationReport'
2025-04-26T22:20:18.282+02:00 TRACE 13448 --- [api-gateway] [    Test worker] a.ConfigurationClassBeanDefinitionReader : Registered bean definition for imported class 'org.springframework.cloud.client.serviceregistry.ServiceRegistryAutoConfiguration'
2025-04-26T22:20:18.282+02:00 TRACE 13448 --- [api-gateway] [    Test worker] a.ConfigurationClassBeanDefinitionReader : Registered bean definition for imported class 'org.springframework.cloud.commons.config.CommonsConfigAutoConfiguration'
2025-04-26T22:20:18.282+02:00 TRACE 13448 --- [api-gateway] [    Test worker] a.ConfigurationClassBeanDefinitionReader : Registering bean definition for @Bean method org.springframework.cloud.commons.config.CommonsConfigAutoConfiguration.defaultsBindHandlerAdvisor()
2025-04-26T22:20:18.283+02:00 TRACE 13448 --- [api-gateway] [    Test worker] o.s.b.a.condition.OnPropertyCondition    : Condition OnPropertyCondition on org.springframework.cloud.commons.util.UtilAutoConfiguration matched due to @ConditionalOnProperty (spring.cloud.util.enabled) matched
2025-04-26T22:20:18.283+02:00 TRACE 13448 --- [api-gateway] [    Test worker] o.s.b.f.s.DefaultListableBeanFactory     : Returning cached instance of singleton bean 'autoConfigurationReport'
2025-04-26T22:20:18.283+02:00 TRACE 13448 --- [api-gateway] [    Test worker] a.ConfigurationClassBeanDefinitionReader : Registered bean definition for imported class 'org.springframework.cloud.commons.util.UtilAutoConfiguration'
2025-04-26T22:20:18.283+02:00 TRACE 13448 --- [api-gateway] [    Test worker] a.ConfigurationClassBeanDefinitionReader : Registering bean definition for @Bean method org.springframework.cloud.commons.util.UtilAutoConfiguration.inetUtilsProperties()
2025-04-26T22:20:18.288+02:00 TRACE 13448 --- [api-gateway] [    Test worker] o.s.b.a.condition.OnBeanCondition        : Condition OnBeanCondition on org.springframework.cloud.commons.util.UtilAutoConfiguration#inetUtils matched due to @ConditionalOnMissingBean (types: org.springframework.cloud.commons.util.InetUtils; SearchStrategy: all) did not find any beans
2025-04-26T22:20:18.288+02:00 TRACE 13448 --- [api-gateway] [    Test worker] o.s.b.f.s.DefaultListableBeanFactory     : Returning cached instance of singleton bean 'autoConfigurationReport'
2025-04-26T22:20:18.288+02:00 TRACE 13448 --- [api-gateway] [    Test worker] a.ConfigurationClassBeanDefinitionReader : Registering bean definition for @Bean method org.springframework.cloud.commons.util.UtilAutoConfiguration.inetUtils()
2025-04-26T22:20:18.288+02:00 TRACE 13448 --- [api-gateway] [    Test worker] o.s.b.a.condition.OnPropertyCondition    : Condition OnPropertyCondition on org.springframework.cloud.configuration.CompatibilityVerifierAutoConfiguration matched due to @ConditionalOnProperty (spring.cloud.compatibility-verifier.enabled) matched
2025-04-26T22:20:18.288+02:00 TRACE 13448 --- [api-gateway] [    Test worker] o.s.b.f.s.DefaultListableBeanFactory     : Returning cached instance of singleton bean 'autoConfigurationReport'
2025-04-26T22:20:18.289+02:00 TRACE 13448 --- [api-gateway] [    Test worker] a.ConfigurationClassBeanDefinitionReader : Registered bean definition for imported class 'org.springframework.cloud.configuration.CompatibilityVerifierAutoConfiguration'
2025-04-26T22:20:18.289+02:00 TRACE 13448 --- [api-gateway] [    Test worker] a.ConfigurationClassBeanDefinitionReader : Registering bean definition for @Bean method org.springframework.cloud.configuration.CompatibilityVerifierAutoConfiguration.compositeCompatibilityVerifier()
2025-04-26T22:20:18.289+02:00 TRACE 13448 --- [api-gateway] [    Test worker] a.ConfigurationClassBeanDefinitionReader : Registering bean definition for @Bean method org.springframework.cloud.configuration.CompatibilityVerifierAutoConfiguration.springBootVersionVerifier()
2025-04-26T22:20:18.289+02:00 TRACE 13448 --- [api-gateway] [    Test worker] a.ConfigurationClassBeanDefinitionReader : Registering bean definition for @Bean method org.springframework.cloud.configuration.CompatibilityVerifierAutoConfiguration.sleuthPresentVerifier()
2025-04-26T22:20:18.289+02:00 TRACE 13448 --- [api-gateway] [    Test worker] o.s.b.a.condition.OnClassCondition       : Condition OnClassCondition on org.springframework.cloud.loadbalancer.config.LoadBalancerCacheAutoConfiguration matched due to @ConditionalOnClass found required classes 'org.springframework.cache.CacheManager', 'org.springframework.boot.autoconfigure.cache.CacheAutoConfiguration'
2025-04-26T22:20:18.289+02:00 TRACE 13448 --- [api-gateway] [    Test worker] o.s.b.f.s.DefaultListableBeanFactory     : Returning cached instance of singleton bean 'autoConfigurationReport'
2025-04-26T22:20:18.290+02:00 TRACE 13448 --- [api-gateway] [    Test worker] o.s.b.f.s.DefaultListableBeanFactory     : Returning cached instance of singleton bean 'autoConfigurationReport'
2025-04-26T22:20:18.291+02:00 TRACE 13448 --- [api-gateway] [    Test worker] o.s.b.a.condition.OnClassCondition       : Condition OnClassCondition on org.springframework.cloud.loadbalancer.config.LoadBalancerCacheAutoConfiguration$DefaultLoadBalancerCacheManagerConfiguration matched due to @ConditionalOnClass found required class 'com.stoyanr.evictor.ConcurrentMapWithTimedEviction'
2025-04-26T22:20:18.291+02:00 TRACE 13448 --- [api-gateway] [    Test worker] o.s.b.f.s.DefaultListableBeanFactory     : Returning cached instance of singleton bean 'autoConfigurationReport'
2025-04-26T22:20:18.292+02:00 TRACE 13448 --- [api-gateway] [    Test worker] o.s.b.f.s.DefaultListableBeanFactory     : Returning cached instance of singleton bean 'autoConfigurationReport'
2025-04-26T22:20:18.292+02:00 TRACE 13448 --- [api-gateway] [    Test worker] a.ConfigurationClassBeanDefinitionReader : Registered bean definition for imported class 'org.springframework.cloud.loadbalancer.config.LoadBalancerCacheAutoConfiguration$DefaultLoadBalancerCacheManagerConfiguration'
2025-04-26T22:20:18.295+02:00 TRACE 13448 --- [api-gateway] [    Test worker] o.s.b.a.condition.OnBeanCondition        : Condition OnBeanCondition on org.springframework.cloud.loadbalancer.config.LoadBalancerCacheAutoConfiguration$DefaultLoadBalancerCacheManagerConfiguration#defaultLoadBalancerCacheManager matched due to @ConditionalOnMissingBean (types: org.springframework.cloud.loadbalancer.cache.LoadBalancerCacheManager; SearchStrategy: all) did not find any beans
2025-04-26T22:20:18.295+02:00 TRACE 13448 --- [api-gateway] [    Test worker] o.s.b.f.s.DefaultListableBeanFactory     : Returning cached instance of singleton bean 'autoConfigurationReport'
2025-04-26T22:20:18.295+02:00 TRACE 13448 --- [api-gateway] [    Test worker] a.ConfigurationClassBeanDefinitionReader : Registering bean definition for @Bean method org.springframework.cloud.loadbalancer.config.LoadBalancerCacheAutoConfiguration$DefaultLoadBalancerCacheManagerConfiguration.defaultLoadBalancerCacheManager()
2025-04-26T22:20:18.296+02:00 TRACE 13448 --- [api-gateway] [    Test worker] o.s.b.f.s.DefaultListableBeanFactory     : Returning cached instance of singleton bean 'autoConfigurationReport'
2025-04-26T22:20:18.296+02:00 TRACE 13448 --- [api-gateway] [    Test worker] a.ConfigurationClassBeanDefinitionReader : Registered bean definition for imported class 'org.springframework.cloud.loadbalancer.config.LoadBalancerCacheAutoConfiguration$LoadBalancerCacheManagerWarnConfiguration'
2025-04-26T22:20:18.296+02:00 TRACE 13448 --- [api-gateway] [    Test worker] a.ConfigurationClassBeanDefinitionReader : Registering bean definition for @Bean method org.springframework.cloud.loadbalancer.config.LoadBalancerCacheAutoConfiguration$LoadBalancerCacheManagerWarnConfiguration.caffeineWarnLogger()
2025-04-26T22:20:18.297+02:00 TRACE 13448 --- [api-gateway] [    Test worker] a.ConfigurationClassBeanDefinitionReader : Registered bean definition for imported class 'org.springframework.cloud.loadbalancer.config.LoadBalancerCacheAutoConfiguration'
2025-04-26T22:20:18.298+02:00 TRACE 13448 --- [api-gateway] [    Test worker] o.s.b.a.condition.OnClassCondition       : Condition OnClassCondition on org.springframework.cloud.netflix.eureka.loadbalancer.LoadBalancerEurekaAutoConfiguration matched due to @ConditionalOnClass found required class 'org.springframework.cloud.loadbalancer.annotation.LoadBalancerClientConfigurationRegistrar'
2025-04-26T22:20:18.298+02:00 TRACE 13448 --- [api-gateway] [    Test worker] o.s.b.f.s.DefaultListableBeanFactory     : Returning cached instance of singleton bean 'autoConfigurationReport'
2025-04-26T22:20:18.298+02:00 TRACE 13448 --- [api-gateway] [    Test worker] o.s.b.a.condition.OnPropertyCondition    : Condition OnPropertyCondition on org.springframework.cloud.netflix.eureka.loadbalancer.LoadBalancerEurekaAutoConfiguration matched due to @ConditionalOnProperty (eureka.client.enabled) matched
2025-04-26T22:20:18.298+02:00 TRACE 13448 --- [api-gateway] [    Test worker] o.s.b.f.s.DefaultListableBeanFactory     : Returning cached instance of singleton bean 'autoConfigurationReport'
2025-04-26T22:20:18.299+02:00 TRACE 13448 --- [api-gateway] [    Test worker] a.ConfigurationClassBeanDefinitionReader : Registered bean definition for imported class 'org.springframework.cloud.netflix.eureka.loadbalancer.LoadBalancerEurekaAutoConfiguration'
2025-04-26T22:20:18.304+02:00 TRACE 13448 --- [api-gateway] [    Test worker] o.s.b.a.condition.OnBeanCondition        : Condition OnBeanCondition on org.springframework.cloud.netflix.eureka.loadbalancer.LoadBalancerEurekaAutoConfiguration#eurekaLoadBalancerProperties matched due to @ConditionalOnMissingBean (types: org.springframework.cloud.netflix.eureka.loadbalancer.EurekaLoadBalancerProperties; SearchStrategy: all) did not find any beans
2025-04-26T22:20:18.304+02:00 TRACE 13448 --- [api-gateway] [    Test worker] o.s.b.f.s.DefaultListableBeanFactory     : Returning cached instance of singleton bean 'autoConfigurationReport'
2025-04-26T22:20:18.304+02:00 TRACE 13448 --- [api-gateway] [    Test worker] a.ConfigurationClassBeanDefinitionReader : Registering bean definition for @Bean method org.springframework.cloud.netflix.eureka.loadbalancer.LoadBalancerEurekaAutoConfiguration.eurekaLoadBalancerProperties()
2025-04-26T22:20:18.305+02:00 TRACE 13448 --- [api-gateway] [    Test worker] o.s.b.a.condition.OnBeanCondition        : Condition OnBeanCondition on org.springframework.cloud.netflix.eureka.loadbalancer.LoadBalancerEurekaAutoConfiguration#zoneConfig did not match due to @ConditionalOnMissingBean (types: org.springframework.cloud.loadbalancer.config.LoadBalancerZoneConfig; SearchStrategy: all) found beans of type 'org.springframework.cloud.loadbalancer.config.LoadBalancerZoneConfig' zoneConfig
2025-04-26T22:20:18.305+02:00 TRACE 13448 --- [api-gateway] [    Test worker] o.s.b.f.s.DefaultListableBeanFactory     : Returning cached instance of singleton bean 'autoConfigurationReport'
2025-04-26T22:20:18.310+02:00 DEBUG 13448 --- [api-gateway] [    Test worker] o.s.b.f.s.DefaultListableBeanFactory     : Creating shared instance of singleton bean 'refreshScope'
2025-04-26T22:20:18.310+02:00 TRACE 13448 --- [api-gateway] [    Test worker] o.s.b.f.s.DefaultListableBeanFactory     : Creating instance of bean 'refreshScope'
2025-04-26T22:20:18.316+02:00 TRACE 13448 --- [api-gateway] [    Test worker] o.s.b.f.s.DefaultListableBeanFactory     : Finished creating instance of bean 'refreshScope'
2025-04-26T22:20:18.318+02:00 DEBUG 13448 --- [api-gateway] [    Test worker] o.s.b.f.s.DefaultListableBeanFactory     : Creating shared instance of singleton bean 'org.springframework.cloud.autoconfigure.RefreshAutoConfiguration$RefreshScopeBeanDefinitionEnhancer'
2025-04-26T22:20:18.318+02:00 TRACE 13448 --- [api-gateway] [    Test worker] o.s.b.f.s.DefaultListableBeanFactory     : Creating instance of bean 'org.springframework.cloud.autoconfigure.RefreshAutoConfiguration$RefreshScopeBeanDefinitionEnhancer'
2025-04-26T22:20:18.318+02:00 TRACE 13448 --- [api-gateway] [    Test worker] o.s.b.f.s.DefaultListableBeanFactory     : Finished creating instance of bean 'org.springframework.cloud.autoconfigure.RefreshAutoConfiguration$RefreshScopeBeanDefinitionEnhancer'
2025-04-26T22:20:18.409+02:00 TRACE 13448 --- [api-gateway] [    Test worker] o.s.c.a.ConfigurationClassEnhancer       : Successfully enhanced com.pibbletv.api_gateway.GatewayConfig; enhanced class name is: com.pibbletv.api_gateway.GatewayConfig$$SpringCGLIB$$0
2025-04-26T22:20:18.409+02:00 TRACE 13448 --- [api-gateway] [    Test worker] o.s.c.a.ConfigurationClassPostProcessor  : Replacing bean definition 'gatewayConfig' existing class 'com.pibbletv.api_gateway.GatewayConfig' with enhanced class 'com.pibbletv.api_gateway.GatewayConfig$$SpringCGLIB$$0'
2025-04-26T22:20:18.415+02:00 TRACE 13448 --- [api-gateway] [    Test worker] o.s.c.a.ConfigurationClassEnhancer       : Successfully enhanced com.pibbletv.api_gateway.SecurityConfig; enhanced class name is: com.pibbletv.api_gateway.SecurityConfig$$SpringCGLIB$$0
2025-04-26T22:20:18.415+02:00 TRACE 13448 --- [api-gateway] [    Test worker] o.s.c.a.ConfigurationClassPostProcessor  : Replacing bean definition 'securityConfig' existing class 'com.pibbletv.api_gateway.SecurityConfig' with enhanced class 'com.pibbletv.api_gateway.SecurityConfig$$SpringCGLIB$$0'
2025-04-26T22:20:18.416+02:00 TRACE 13448 --- [api-gateway] [    Test worker] o.s.b.f.s.DefaultListableBeanFactory     : Registering scope 'refresh' with implementation [org.springframework.cloud.context.scope.refresh.RefreshScope@691500ab]
2025-04-26T22:20:18.417+02:00 DEBUG 13448 --- [api-gateway] [    Test worker] o.s.cloud.context.scope.GenericScope     : Generating bean factory id from names: [_jsr250MethodSecurityConfiguration, _prePostMethodSecurityConfiguration, adaptCachedBodyGlobalFilter, addRequestHeaderGatewayFilterFactory, addRequestHeadersIfNotPresentGatewayFilterFactory, addRequestParameterGatewayFilterFactory, addResponseHeaderGatewayFilterFactory, afterRoutePredicateFactory, apiGatewayApplication, applicationAvailability, applicationTaskExecutor, authenticationEventPublisher, authenticationPrincipalArgumentResolver, authenticationPrincipalArgumentResolverConfigurer, authorizationProxyFactory, authorizeReturnObjectAdvisor, authorizeReturnObjectHintsRegistrar, authorizeReturnObjectMethodInterceptor, beforeRoutePredicateFactory, betweenRoutePredicateFactory, blockingLoadBalancerClient, cacheRequestBodyGatewayFilterFactory, cachedCompositeRouteLocator, caffeineWarnLogger, cloudFoundryRouteServiceRoutePredicateFactory, compositeCompatibilityVerifier, compositeDiscoveryClient, configDataContextRefresher, configurableHintsRegistrationProcessor, configurationPropertiesBeans, configurationPropertiesRebinder, conversionServicePostProcessor, cookieRoutePredicateFactory, corsConfigurationSource, corsGatewayFilterApplicationListener, customRouteLocator, dedupeResponseHeaderGatewayFilterFactory, default.org.springframework.cloud.loadbalancer.config.BlockingLoadBalancerClientAutoConfiguration.LoadBalancerClientSpecification, default.org.springframework.cloud.loadbalancer.config.LoadBalancerAutoConfiguration.LoadBalancerClientSpecification, default.org.springframework.cloud.netflix.eureka.loadbalancer.LoadBalancerEurekaAutoConfiguration.LoadBalancerClientSpecification, defaultCodecCustomizer, defaultLoadBalancerCacheManager, defaultPartHttpMessageReaderCustomizer, defaultValidator, defaultsBindHandlerAdvisor, deferringLoadBalancerInterceptor, deprecatedKeyValueConverter, discoveryClient, discoveryLocatorProperties, environmentManager, errorAttributes, errorWebExceptionHandler, eureka.client.rest-template-timeout-org.springframework.cloud.netflix.eureka.RestTemplateTimeoutProperties, eureka.client.restclient.timeout-org.springframework.cloud.netflix.eureka.RestClientTimeoutProperties, eurekaApplicationInfoManager, eurekaAutoServiceRegistration, eurekaClient, eurekaClientConfigBean, eurekaFeature, eurekaInstanceConfigBean, eurekaLoadBalancerProperties, eurekaReactiveDiscoveryClient, eurekaRegistration, eurekaServiceRegistry, exchangeStrategiesCustomizer, fileWatcher, filterChainDecoratorPostProcessor, filteringWebHandler, forceAutoProxyCreatorToUseClassProxying, forwardPathFilter, forwardRoutingFilter, forwardedHeadersFilter, gRPCRequestHeadersFilter, gRPCResponseHeadersFilter, gatewayConfig, gatewayConfigurationService, gatewayHttpClientFactory, gatewayLoadBalancerClientFilter, gatewayProperties, globalCorsProperties, gson, gsonBuilder, gzipMessageBodyResolver, handlerFunctionAdapter, headerRoutePredicateFactory, hostRoutePredicateFactory, httpClientProperties, httpClientSslConfigurer, httpHandler, inMemoryRouteDefinitionRepository, inetUtils, inetUtilsProperties, jacksonCodecCustomizer, jacksonObjectMapper, jacksonObjectMapperBuilder, jsonComponentModule, jsonMixinModule, jsonMixinModuleEntries, jsr250AuthorizationAdvisor, jsr250AuthorizationMethodInterceptor, jwtDecoderByIssuerUri, keyValueConverter, lbRestClientPostProcessor, lbRestTemplateBuilderPostProcessor, lifecycleProcessor, loadBalancedRestTemplateInitializerDeprecated, loadBalancerChildContextInitializer, loadBalancerClientFactory, loadBalancerClientsDefaultsMappingsProvider, loadBalancerEagerContextInitializer, loadBalancerExchangeFilterFunction, loadBalancerInterceptor, loadBalancerRequestFactory, loadBalancerServiceInstanceCookieFilter, loadBalancerServiceInstanceCookieTransformer, loadBalancerWebClientBuilderBeanPostProcessor, localeContextResolver, loggingRebinder, mapRequestHeaderGatewayFilterFactory, methodAuthorizationManagerPostProcessor, methodResultAuthorizationManagerPostProcessor, methodRoutePredicateFactory, methodValidationPostProcessor, modifyRequestBodyGatewayFilterFactory, modifyResponseBodyGatewayFilterFactory, nettyReactiveWebServerFactory, nettyWebServerFactoryCustomizer, nettyWriteResponseFilter, org.springframework.aop.config.internalAutoProxyCreator, org.springframework.boot.autoconfigure.AutoConfigurationPackages, org.springframework.boot.autoconfigure.aop.AopAutoConfiguration, org.springframework.boot.autoconfigure.aop.AopAutoConfiguration$ClassProxyingConfiguration, org.springframework.boot.autoconfigure.availability.ApplicationAvailabilityAutoConfiguration, org.springframework.boot.autoconfigure.context.ConfigurationPropertiesAutoConfiguration, org.springframework.boot.autoconfigure.context.LifecycleAutoConfiguration, org.springframework.boot.autoconfigure.context.PropertyPlaceholderAutoConfiguration, org.springframework.boot.autoconfigure.gson.GsonAutoConfiguration, org.springframework.boot.autoconfigure.http.codec.CodecsAutoConfiguration, org.springframework.boot.autoconfigure.http.codec.CodecsAutoConfiguration$DefaultCodecsConfiguration, org.springframework.boot.autoconfigure.http.codec.CodecsAutoConfiguration$JacksonCodecConfiguration, org.springframework.boot.autoconfigure.info.ProjectInfoAutoConfiguration, org.springframework.boot.autoconfigure.internalCachingMetadataReaderFactory, org.springframework.boot.autoconfigure.jackson.JacksonAutoConfiguration, org.springframework.boot.autoconfigure.jackson.JacksonAutoConfiguration$Jackson2ObjectMapperBuilderCustomizerConfiguration, org.springframework.boot.autoconfigure.jackson.JacksonAutoConfiguration$JacksonMixinConfiguration, org.springframework.boot.autoconfigure.jackson.JacksonAutoConfiguration$JacksonObjectMapperBuilderConfiguration, org.springframework.boot.autoconfigure.jackson.JacksonAutoConfiguration$JacksonObjectMapperConfiguration, org.springframework.boot.autoconfigure.jackson.JacksonAutoConfiguration$ParameterNamesModuleConfiguration, org.springframework.boot.autoconfigure.netty.NettyAutoConfiguration, org.springframework.boot.autoconfigure.reactor.ReactorAutoConfiguration, org.springframework.boot.autoconfigure.reactor.netty.ReactorNettyConfigurations$ReactorResourceFactoryConfiguration, org.springframework.boot.autoconfigure.security.oauth2.resource.reactive.ReactiveOAuth2ResourceServerAutoConfiguration, org.springframework.boot.autoconfigure.security.oauth2.resource.reactive.ReactiveOAuth2ResourceServerConfiguration$JwtConfiguration, org.springframework.boot.autoconfigure.security.oauth2.resource.reactive.ReactiveOAuth2ResourceServerConfiguration$OpaqueTokenConfiguration, org.springframework.boot.autoconfigure.security.oauth2.resource.reactive.ReactiveOAuth2ResourceServerJwkConfiguration$JwtConfiguration, org.springframework.boot.autoconfigure.security.oauth2.resource.reactive.ReactiveOAuth2ResourceServerOpaqueTokenConfiguration$OpaqueTokenIntrospectionClientConfiguration, org.springframework.boot.autoconfigure.security.reactive.ReactiveSecurityAutoConfiguration, org.springframework.boot.autoconfigure.security.reactive.ReactiveSecurityAutoConfiguration$SpringBootWebFluxSecurityConfiguration, org.springframework.boot.autoconfigure.security.servlet.SecurityAutoConfiguration, org.springframework.boot.autoconfigure.sql.init.SqlInitializationAutoConfiguration, org.springframework.boot.autoconfigure.ssl.SslAutoConfiguration, org.springframework.boot.autoconfigure.task.TaskExecutionAutoConfiguration, org.springframework.boot.autoconfigure.task.TaskExecutorConfigurations$SimpleAsyncTaskExecutorBuilderConfiguration, org.springframework.boot.autoconfigure.task.TaskExecutorConfigurations$TaskExecutorConfiguration, org.springframework.boot.autoconfigure.task.TaskExecutorConfigurations$ThreadPoolTaskExecutorBuilderConfiguration, org.springframework.boot.autoconfigure.task.TaskSchedulingAutoConfiguration, org.springframework.boot.autoconfigure.task.TaskSchedulingConfigurations$SimpleAsyncTaskSchedulerBuilderConfiguration, org.springframework.boot.autoconfigure.task.TaskSchedulingConfigurations$ThreadPoolTaskSchedulerBuilderConfiguration, org.springframework.boot.autoconfigure.validation.ValidationAutoConfiguration, org.springframework.boot.autoconfigure.web.embedded.EmbeddedWebServerFactoryCustomizerAutoConfiguration, org.springframework.boot.autoconfigure.web.embedded.EmbeddedWebServerFactoryCustomizerAutoConfiguration$NettyWebServerFactoryCustomizerConfiguration, org.springframework.boot.autoconfigure.web.reactive.HttpHandlerAutoConfiguration, org.springframework.boot.autoconfigure.web.reactive.HttpHandlerAutoConfiguration$AnnotationConfig, org.springframework.boot.autoconfigure.web.reactive.ReactiveMultipartAutoConfiguration, org.springframework.boot.autoconfigure.web.reactive.ReactiveWebServerFactoryAutoConfiguration, org.springframework.boot.autoconfigure.web.reactive.ReactiveWebServerFactoryConfiguration$EmbeddedNetty, org.springframework.boot.autoconfigure.web.reactive.WebFluxAutoConfiguration, org.springframework.boot.autoconfigure.web.reactive.WebFluxAutoConfiguration$EnableWebFluxConfiguration, org.springframework.boot.autoconfigure.web.reactive.WebFluxAutoConfiguration$WebFluxConfig, org.springframework.boot.autoconfigure.web.reactive.WebFluxAutoConfiguration$WelcomePageConfiguration, org.springframework.boot.autoconfigure.web.reactive.WebSessionIdResolverAutoConfiguration, org.springframework.boot.autoconfigure.web.reactive.error.ErrorWebFluxAutoConfiguration, org.springframework.boot.autoconfigure.web.reactive.function.client.ClientHttpConnectorAutoConfiguration, org.springframework.boot.autoconfigure.web.reactive.function.client.ClientHttpConnectorFactoryConfiguration$ReactorNetty, org.springframework.boot.autoconfigure.web.reactive.function.client.WebClientAutoConfiguration, org.springframework.boot.autoconfigure.web.reactive.function.client.WebClientAutoConfiguration$WebClientCodecsConfiguration, org.springframework.boot.context.internalConfigurationPropertiesBinder, org.springframework.boot.context.properties.BoundConfigurationProperties, org.springframework.boot.context.properties.ConfigurationPropertiesBindingPostProcessor, org.springframework.boot.context.properties.EnableConfigurationPropertiesRegistrar.methodValidationExcludeFilter, org.springframework.boot.sql.init.dependency.DatabaseInitializationDependencyConfigurer$DependsOnDatabaseInitializationPostProcessor, org.springframework.boot.test.mock.mockito.MockitoPostProcessor, org.springframework.boot.test.mock.mockito.MockitoPostProcessor$SpyPostProcessor, org.springframework.cloud.autoconfigure.ConfigurationPropertiesRebinderAutoConfiguration, org.springframework.cloud.autoconfigure.LifecycleMvcEndpointAutoConfiguration, org.springframework.cloud.autoconfigure.RefreshAutoConfiguration, org.springframework.cloud.autoconfigure.RefreshAutoConfiguration$RefreshScopeBeanDefinitionEnhancer, org.springframework.cloud.client.CommonsClientAutoConfiguration, org.springframework.cloud.client.ReactiveCommonsClientAutoConfiguration, org.springframework.cloud.client.discovery.composite.CompositeDiscoveryClientAutoConfiguration, org.springframework.cloud.client.discovery.composite.reactive.ReactiveCompositeDiscoveryClientAutoConfiguration, org.springframework.cloud.client.discovery.simple.SimpleDiscoveryClientAutoConfiguration, org.springframework.cloud.client.discovery.simple.reactive.SimpleReactiveDiscoveryClientAutoConfiguration, org.springframework.cloud.client.loadbalancer.LoadBalancerAutoConfiguration, org.springframework.cloud.client.loadbalancer.LoadBalancerAutoConfiguration$DeferringLoadBalancerInterceptorConfig, org.springframework.cloud.client.loadbalancer.LoadBalancerAutoConfiguration$LoadBalancerInterceptorConfig, org.springframework.cloud.client.loadbalancer.LoadBalancerDefaultMappingsProviderAutoConfiguration, org.springframework.cloud.client.loadbalancer.reactive.LoadBalancerBeanPostProcessorAutoConfiguration, org.springframework.cloud.client.loadbalancer.reactive.LoadBalancerBeanPostProcessorAutoConfiguration$ReactorDeferringLoadBalancerFilterConfig, org.springframework.cloud.client.loadbalancer.reactive.ReactorLoadBalancerClientAutoConfiguration, org.springframework.cloud.client.serviceregistry.AutoServiceRegistrationAutoConfiguration, org.springframework.cloud.client.serviceregistry.AutoServiceRegistrationConfiguration, org.springframework.cloud.client.serviceregistry.ServiceRegistryAutoConfiguration, org.springframework.cloud.commons.config.CommonsConfigAutoConfiguration, org.springframework.cloud.commons.util.UtilAutoConfiguration, org.springframework.cloud.configuration.CompatibilityVerifierAutoConfiguration, org.springframework.cloud.gateway.config.GatewayAutoConfiguration, org.springframework.cloud.gateway.config.GatewayAutoConfiguration$NettyConfiguration, org.springframework.cloud.gateway.config.GatewayClassPathWarningAutoConfiguration, org.springframework.cloud.gateway.config.GatewayReactiveLoadBalancerClientAutoConfiguration, org.springframework.cloud.gateway.discovery.GatewayDiscoveryClientAutoConfiguration, org.springframework.cloud.gateway.discovery.GatewayDiscoveryClientAutoConfiguration$ReactiveDiscoveryClientRouteDefinitionLocatorConfiguration, org.springframework.cloud.loadbalancer.config.BlockingLoadBalancerClientAutoConfiguration, org.springframework.cloud.loadbalancer.config.LoadBalancerAutoConfiguration, org.springframework.cloud.loadbalancer.config.LoadBalancerCacheAutoConfiguration, org.springframework.cloud.loadbalancer.config.LoadBalancerCacheAutoConfiguration$DefaultLoadBalancerCacheManagerConfiguration, org.springframework.cloud.loadbalancer.config.LoadBalancerCacheAutoConfiguration$LoadBalancerCacheManagerWarnConfiguration, org.springframework.cloud.netflix.eureka.EurekaClientAutoConfiguration, org.springframework.cloud.netflix.eureka.EurekaClientAutoConfiguration$RefreshableEurekaClientConfiguration, org.springframework.cloud.netflix.eureka.EurekaDiscoveryClientConfiguration, org.springframework.cloud.netflix.eureka.EurekaDiscoveryClientConfiguration$EurekaClientConfigurationRefresher, org.springframework.cloud.netflix.eureka.config.DiscoveryClientOptionalArgsConfiguration, org.springframework.cloud.netflix.eureka.config.DiscoveryClientOptionalArgsConfiguration$WebClientConfiguration, org.springframework.cloud.netflix.eureka.loadbalancer.LoadBalancerEurekaAutoConfiguration, org.springframework.cloud.netflix.eureka.reactive.EurekaReactiveDiscoveryClientConfiguration, org.springframework.context.annotation.internalAutowiredAnnotationProcessor, org.springframework.context.annotation.internalCommonAnnotationProcessor, org.springframework.context.annotation.internalConfigurationAnnotationProcessor, org.springframework.context.event.internalEventListenerFactory, org.springframework.context.event.internalEventListenerProcessor, org.springframework.security.config.annotation.method.configuration.AuthorizationProxyConfiguration, org.springframework.security.config.annotation.method.configuration.MethodObservationConfiguration, org.springframework.security.config.annotation.web.reactive.HttpSecurityConfiguration.httpSecurity, org.springframework.security.config.annotation.web.reactive.ReactiveObservationConfiguration, org.springframework.security.config.annotation.web.reactive.ServerHttpSecurityConfiguration, org.springframework.security.config.annotation.web.reactive.WebFluxSecurityConfiguration, org.springframework.security.config.annotation.web.reactive.WebFluxSecurityConfiguration.WebFilterChainFilter, org.springframework.test.context.support.internalDynamicPropertyRegistrarBeanInitializer, parameterNamesModule, pathRoutePredicateFactory, postAuthorizeAuthorizationAdvisor, postAuthorizeAuthorizationMethodInterceptor, postFilterAuthorizationAdvisor, postFilterAuthorizationMethodInterceptor, preAuthorizeAuthorizationAdvisor, preAuthorizeAuthorizationMethodInterceptor, preFilterAuthorizationAdvisor, preFilterAuthorizationMethodInterceptor, prePostAuthorizeExpressionHintsRegistrar, prefixPathGatewayFilterFactory, preserveHostHeaderGatewayFilterFactory, propertiesRouteDefinitionLocator, propertySourcesPlaceholderConfigurer, queryRoutePredicateFactory, reactiveAuthenticationManagerPostProcessor, reactiveCompositeDiscoveryClient, reactiveCurrentSecurityContextArgumentResolver, reactiveWebServerFactoryCustomizer, reactorClientHttpConnectorFactory, reactorDeferringLoadBalancerExchangeFilterFunction, reactorNettyRequestUpgradeStrategy, reactorNettyWebSocketClient, reactorResourceFactory, readBodyPredicateFactory, redirectToGatewayFilterFactory, refreshEventListener, refreshScope, refreshScopeLifecycle, remoteAddrRoutePredicateFactory, removeCachedBodyFilter, removeHopByHopHeadersFilter, removeJsonAttributesResponseBodyGatewayFilterFactory, removeRequestHeaderGatewayFilterFactory, removeRequestParameterGatewayFilterFactory, removeResponseHeaderGatewayFilterFactory, requestDataValueProcessor, requestHeaderSizeGatewayFilterFactory, requestHeaderToRequestUriGatewayFilterFactory, requestMappingHandlerAdapter, requestMappingHandlerMapping, requestSizeGatewayFilterFactory, resourceHandlerMapping, resourceUrlProvider, responseBodyResultHandler, responseEntityResultHandler, responseStatusExceptionHandler, restTemplateCustomizer, retryGatewayFilterFactory, rewriteLocationResponseHeaderGatewayFilterFactory, rewritePathGatewayFilterFactory, rewriteRequestParameterGatewayFilterFactory, rewriteResponseHeaderGatewayFilterFactory, routeDefinitionLocator, routeDefinitionRouteLocator, routeLocatorBuilder, routePredicateHandlerMapping, routeRefreshListener, routeToRequestUrlFilter, routerFunctionMapping, routingFilter, saveSessionGatewayFilterFactory, scopedTarget.eurekaApplicationInfoManager, scopedTarget.eurekaClient, scopedTarget.eurekaRegistration, secureHeadersGatewayFilterFactory, secureHeadersProperties, securityConfig, securityWebFilterChain, server-org.springframework.boot.autoconfigure.web.ServerProperties, serverCodecConfigurer, serverResponseResultHandler, serviceManagementMetadataProvider, setPathGatewayFilterFactory, setRequestHeaderGatewayFilterFactory, setRequestHostHeaderGatewayFilterFactory, setResponseHeaderGatewayFilterFactory, setStatusGatewayFilterFactory, simpleAsyncTaskExecutorBuilder, simpleAsyncTaskSchedulerBuilder, simpleDiscoveryClient, simpleDiscoveryProperties, simpleHandlerAdapter, simpleReactiveDiscoveryClient, simpleReactiveDiscoveryProperties, sleuthPresentVerifier, spring.cloud.compatibility-verifier-org.springframework.cloud.configuration.CompatibilityVerifierProperties, spring.cloud.discovery.client.health-indicator-org.springframework.cloud.client.discovery.health.DiscoveryClientHealthIndicatorProperties, spring.cloud.gateway.loadbalancer-org.springframework.cloud.gateway.config.GatewayLoadBalancerProperties, spring.cloud.loadbalancer-org.springframework.cloud.client.loadbalancer.LoadBalancerClientsProperties, spring.cloud.loadbalancer.cache-org.springframework.cloud.loadbalancer.cache.LoadBalancerCacheProperties, spring.cloud.loadbalancer.eager-load-org.springframework.cloud.client.loadbalancer.LoadBalancerEagerLoadProperties, spring.cloud.refresh-org.springframework.cloud.autoconfigure.RefreshAutoConfiguration$RefreshProperties, spring.cloud.service-registry.auto-registration-org.springframework.cloud.client.serviceregistry.AutoServiceRegistrationProperties, spring.codec-org.springframework.boot.autoconfigure.codec.CodecProperties, spring.gson-org.springframework.boot.autoconfigure.gson.GsonProperties, spring.info-org.springframework.boot.autoconfigure.info.ProjectInfoProperties, spring.jackson-org.springframework.boot.autoconfigure.jackson.JacksonProperties, spring.lifecycle-org.springframework.boot.autoconfigure.context.LifecycleProperties, spring.netty-org.springframework.boot.autoconfigure.netty.NettyProperties, spring.reactor-org.springframework.boot.autoconfigure.reactor.ReactorProperties, spring.reactor.netty-org.springframework.boot.autoconfigure.reactor.netty.ReactorNettyProperties, spring.security-org.springframework.boot.autoconfigure.security.SecurityProperties, spring.security.oauth2.resourceserver-org.springframework.boot.autoconfigure.security.oauth2.resource.OAuth2ResourceServerProperties, spring.sql.init-org.springframework.boot.autoconfigure.sql.init.SqlInitializationProperties, spring.ssl-org.springframework.boot.autoconfigure.ssl.SslProperties, spring.task.execution-org.springframework.boot.autoconfigure.task.TaskExecutionProperties, spring.task.scheduling-org.springframework.boot.autoconfigure.task.TaskSchedulingProperties, spring.web-org.springframework.boot.autoconfigure.web.WebProperties, spring.webflux-org.springframework.boot.autoconfigure.web.reactive.WebFluxProperties, spring.webflux.multipart-org.springframework.boot.autoconfigure.web.reactive.ReactiveMultipartProperties, springBootVersionVerifier, sslBundleRegistry, sslPropertiesSslBundleRegistrar, standardGsonBuilderCustomizer, standardJacksonObjectMapperBuilderCustomizer, stringToZonedDateTimeConverter, stripPrefixGatewayFilterFactory, threadPoolTaskExecutorBuilder, threadPoolTaskSchedulerBuilder, tlsProperties, transferEncodingNormalizationHeadersFilter, viewResolutionResultHandler, webAuthorizationManagerPostProcessor, webClientBuilder, webClientDiscoveryClientOptionalArgs, webClientHttpConnector, webClientHttpConnectorCustomizer, webClientSsl, webClientTransportClientFactories, webFluxAdapterRegistry, webFluxContentTypeResolver, webFluxConversionService, webFluxValidator, webFluxWebSocketHandlerAdapter, webHandler, webServerFactoryCustomizerBeanPostProcessor, webSessionIdResolver, webSessionManager, webSocketService, websocketRoutingFilter, weightCalculatorWebFilter, weightRoutePredicateFactory, welcomePageRouterFunctionMapping, xForwardedHeadersFilter, xForwardedRemoteAddrRoutePredicateFactory, xForwarderHeadersTransformer, zoneConfig]
2025-04-26T22:20:18.420+02:00  INFO 13448 --- [api-gateway] [    Test worker] o.s.cloud.context.scope.GenericScope     : BeanFactory id=bd4f73e7-ec6e-3bfd-9eac-6713a865d0eb
2025-04-26T22:20:18.421+02:00 DEBUG 13448 --- [api-gateway] [    Test worker] o.s.b.f.s.DefaultListableBeanFactory     : Creating shared instance of singleton bean 'propertySourcesPlaceholderConfigurer'
2025-04-26T22:20:18.421+02:00 TRACE 13448 --- [api-gateway] [    Test worker] o.s.b.f.s.DefaultListableBeanFactory     : Creating instance of bean 'propertySourcesPlaceholderConfigurer'
2025-04-26T22:20:18.423+02:00 TRACE 13448 --- [api-gateway] [    Test worker] o.s.b.f.s.DefaultListableBeanFactory     : Finished creating instance of bean 'propertySourcesPlaceholderConfigurer'
2025-04-26T22:20:18.428+02:00 DEBUG 13448 --- [api-gateway] [    Test worker] o.s.b.f.s.DefaultListableBeanFactory     : Creating shared instance of singleton bean 'org.springframework.boot.test.mock.mockito.MockitoPostProcessor'
2025-04-26T22:20:18.428+02:00 TRACE 13448 --- [api-gateway] [    Test worker] o.s.b.f.s.DefaultListableBeanFactory     : Creating instance of bean 'org.springframework.boot.test.mock.mockito.MockitoPostProcessor'
2025-04-26T22:20:18.433+02:00 TRACE 13448 --- [api-gateway] [    Test worker] o.s.b.f.s.DefaultListableBeanFactory     : Finished creating instance of bean 'org.springframework.boot.test.mock.mockito.MockitoPostProcessor'
2025-04-26T22:20:18.433+02:00 DEBUG 13448 --- [api-gateway] [    Test worker] o.s.b.f.s.DefaultListableBeanFactory     : Creating shared instance of singleton bean 'org.springframework.boot.sql.init.dependency.DatabaseInitializationDependencyConfigurer$DependsOnDatabaseInitializationPostProcessor'
2025-04-26T22:20:18.433+02:00 TRACE 13448 --- [api-gateway] [    Test worker] o.s.b.f.s.DefaultListableBeanFactory     : Creating instance of bean 'org.springframework.boot.sql.init.dependency.DatabaseInitializationDependencyConfigurer$DependsOnDatabaseInitializationPostProcessor'
2025-04-26T22:20:18.433+02:00 TRACE 13448 --- [api-gateway] [    Test worker] o.s.b.f.s.DefaultListableBeanFactory     : Finished creating instance of bean 'org.springframework.boot.sql.init.dependency.DatabaseInitializationDependencyConfigurer$DependsOnDatabaseInitializationPostProcessor'
2025-04-26T22:20:18.434+02:00 TRACE 13448 --- [api-gateway] [    Test worker] o.s.c.io.support.SpringFactoriesLoader   : Loaded [org.springframework.boot.sql.init.dependency.DatabaseInitializerDetector] names: [org.springframework.boot.autoconfigure.flyway.FlywayMigrationInitializerDatabaseInitializerDetector, org.springframework.boot.flyway.FlywayDatabaseInitializerDetector, org.springframework.boot.jdbc.init.DataSourceScriptDatabaseInitializerDetector, org.springframework.boot.liquibase.LiquibaseDatabaseInitializerDetector, org.springframework.boot.orm.jpa.JpaDatabaseInitializerDetector, org.springframework.boot.r2dbc.init.R2dbcScriptDatabaseInitializerDetector]
2025-04-26T22:20:18.468+02:00 DEBUG 13448 --- [api-gateway] [    Test worker] o.s.b.f.s.DefaultListableBeanFactory     : Creating shared instance of singleton bean 'org.springframework.context.event.internalEventListenerProcessor'
2025-04-26T22:20:18.468+02:00 TRACE 13448 --- [api-gateway] [    Test worker] o.s.b.f.s.DefaultListableBeanFactory     : Creating instance of bean 'org.springframework.context.event.internalEventListenerProcessor'
2025-04-26T22:20:18.469+02:00 TRACE 13448 --- [api-gateway] [    Test worker] o.s.b.f.s.DefaultListableBeanFactory     : Finished creating instance of bean 'org.springframework.context.event.internalEventListenerProcessor'
2025-04-26T22:20:18.469+02:00 DEBUG 13448 --- [api-gateway] [    Test worker] o.s.b.f.s.DefaultListableBeanFactory     : Creating shared instance of singleton bean 'conversionServicePostProcessor'
2025-04-26T22:20:18.470+02:00 TRACE 13448 --- [api-gateway] [    Test worker] o.s.b.f.s.DefaultListableBeanFactory     : Creating instance of bean 'conversionServicePostProcessor'
2025-04-26T22:20:18.473+02:00 TRACE 13448 --- [api-gateway] [    Test worker] o.s.b.f.s.DefaultListableBeanFactory     : Finished creating instance of bean 'conversionServicePostProcessor'
2025-04-26T22:20:18.473+02:00 DEBUG 13448 --- [api-gateway] [    Test worker] o.s.b.f.s.DefaultListableBeanFactory     : Creating shared instance of singleton bean 'forceAutoProxyCreatorToUseClassProxying'
2025-04-26T22:20:18.473+02:00 TRACE 13448 --- [api-gateway] [    Test worker] o.s.b.f.s.DefaultListableBeanFactory     : Creating instance of bean 'forceAutoProxyCreatorToUseClassProxying'
2025-04-26T22:20:18.474+02:00 TRACE 13448 --- [api-gateway] [    Test worker] o.s.b.f.s.DefaultListableBeanFactory     : Finished creating instance of bean 'forceAutoProxyCreatorToUseClassProxying'
2025-04-26T22:20:18.475+02:00 DEBUG 13448 --- [api-gateway] [    Test worker] o.s.b.f.s.DefaultListableBeanFactory     : Creating shared instance of singleton bean 'org.springframework.context.event.internalEventListenerFactory'
2025-04-26T22:20:18.475+02:00 TRACE 13448 --- [api-gateway] [    Test worker] o.s.b.f.s.DefaultListableBeanFactory     : Creating instance of bean 'org.springframework.context.event.internalEventListenerFactory'
2025-04-26T22:20:18.475+02:00 TRACE 13448 --- [api-gateway] [    Test worker] o.s.b.f.s.DefaultListableBeanFactory     : Finished creating instance of bean 'org.springframework.context.event.internalEventListenerFactory'
2025-04-26T22:20:18.479+02:00 DEBUG 13448 --- [api-gateway] [    Test worker] o.s.b.f.s.DefaultListableBeanFactory     : Creating shared instance of singleton bean 'org.springframework.boot.test.mock.mockito.MockitoPostProcessor$SpyPostProcessor'
2025-04-26T22:20:18.479+02:00 TRACE 13448 --- [api-gateway] [    Test worker] o.s.b.f.s.DefaultListableBeanFactory     : Creating instance of bean 'org.springframework.boot.test.mock.mockito.MockitoPostProcessor$SpyPostProcessor'
2025-04-26T22:20:18.479+02:00 TRACE 13448 --- [api-gateway] [    Test worker] o.s.b.f.s.DefaultListableBeanFactory     : Returning cached instance of singleton bean 'org.springframework.boot.test.mock.mockito.MockitoPostProcessor'
2025-04-26T22:20:18.481+02:00 TRACE 13448 --- [api-gateway] [    Test worker] o.s.b.f.s.DefaultListableBeanFactory     : Finished creating instance of bean 'org.springframework.boot.test.mock.mockito.MockitoPostProcessor$SpyPostProcessor'
2025-04-26T22:20:18.481+02:00 DEBUG 13448 --- [api-gateway] [    Test worker] o.s.b.f.s.DefaultListableBeanFactory     : Creating shared instance of singleton bean 'org.springframework.context.annotation.internalAutowiredAnnotationProcessor'
2025-04-26T22:20:18.481+02:00 TRACE 13448 --- [api-gateway] [    Test worker] o.s.b.f.s.DefaultListableBeanFactory     : Creating instance of bean 'org.springframework.context.annotation.internalAutowiredAnnotationProcessor'
2025-04-26T22:20:18.482+02:00 TRACE 13448 --- [api-gateway] [    Test worker] f.a.AutowiredAnnotationBeanPostProcessor : 'jakarta.inject.Inject' annotation found and supported for autowiring
2025-04-26T22:20:18.482+02:00 TRACE 13448 --- [api-gateway] [    Test worker] o.s.b.f.s.DefaultListableBeanFactory     : Finished creating instance of bean 'org.springframework.context.annotation.internalAutowiredAnnotationProcessor'
2025-04-26T22:20:18.482+02:00 DEBUG 13448 --- [api-gateway] [    Test worker] o.s.b.f.s.DefaultListableBeanFactory     : Creating shared instance of singleton bean 'org.springframework.context.annotation.internalCommonAnnotationProcessor'
2025-04-26T22:20:18.483+02:00 TRACE 13448 --- [api-gateway] [    Test worker] o.s.b.f.s.DefaultListableBeanFactory     : Creating instance of bean 'org.springframework.context.annotation.internalCommonAnnotationProcessor'
2025-04-26T22:20:18.488+02:00 TRACE 13448 --- [api-gateway] [    Test worker] o.s.b.f.s.DefaultListableBeanFactory     : Finished creating instance of bean 'org.springframework.context.annotation.internalCommonAnnotationProcessor'
2025-04-26T22:20:18.488+02:00 DEBUG 13448 --- [api-gateway] [    Test worker] o.s.b.f.s.DefaultListableBeanFactory     : Creating shared instance of singleton bean 'org.springframework.boot.context.properties.ConfigurationPropertiesBindingPostProcessor'
2025-04-26T22:20:18.488+02:00 TRACE 13448 --- [api-gateway] [    Test worker] o.s.b.f.s.DefaultListableBeanFactory     : Creating instance of bean 'org.springframework.boot.context.properties.ConfigurationPropertiesBindingPostProcessor'
2025-04-26T22:20:18.488+02:00 TRACE 13448 --- [api-gateway] [    Test worker] o.s.b.f.s.DefaultListableBeanFactory     : Invoking afterPropertiesSet() on bean with name 'org.springframework.boot.context.properties.ConfigurationPropertiesBindingPostProcessor'
2025-04-26T22:20:18.488+02:00 DEBUG 13448 --- [api-gateway] [    Test worker] o.s.b.f.s.DefaultListableBeanFactory     : Creating shared instance of singleton bean 'org.springframework.boot.context.internalConfigurationPropertiesBinder'
2025-04-26T22:20:18.488+02:00 TRACE 13448 --- [api-gateway] [    Test worker] o.s.b.f.s.DefaultListableBeanFactory     : Creating instance of bean 'org.springframework.boot.context.internalConfigurationPropertiesBinder'
2025-04-26T22:20:18.489+02:00 TRACE 13448 --- [api-gateway] [    Test worker] o.s.b.f.s.DefaultListableBeanFactory     : Returning cached instance of singleton bean 'propertySourcesPlaceholderConfigurer'
2025-04-26T22:20:18.490+02:00 TRACE 13448 --- [api-gateway] [    Test worker] o.s.b.f.s.DefaultListableBeanFactory     : Finished creating instance of bean 'org.springframework.boot.context.internalConfigurationPropertiesBinder'
2025-04-26T22:20:18.490+02:00 TRACE 13448 --- [api-gateway] [    Test worker] o.s.b.f.s.DefaultListableBeanFactory     : Finished creating instance of bean 'org.springframework.boot.context.properties.ConfigurationPropertiesBindingPostProcessor'
2025-04-26T22:20:18.491+02:00 TRACE 13448 --- [api-gateway] [    Test worker] o.s.b.f.s.DefaultListableBeanFactory     : Returning cached instance of singleton bean 'org.springframework.boot.test.mock.mockito.MockitoPostProcessor'
2025-04-26T22:20:18.491+02:00 DEBUG 13448 --- [api-gateway] [    Test worker] o.s.b.f.s.DefaultListableBeanFactory     : Creating shared instance of singleton bean 'org.springframework.aop.config.internalAutoProxyCreator'
2025-04-26T22:20:18.491+02:00 TRACE 13448 --- [api-gateway] [    Test worker] o.s.b.f.s.DefaultListableBeanFactory     : Creating instance of bean 'org.springframework.aop.config.internalAutoProxyCreator'
2025-04-26T22:20:18.503+02:00 TRACE 13448 --- [api-gateway] [    Test worker] o.s.beans.CachedIntrospectionResults     : Getting BeanInfo for class [org.springframework.aop.framework.autoproxy.InfrastructureAdvisorAutoProxyCreator]
2025-04-26T22:20:18.504+02:00 TRACE 13448 --- [api-gateway] [    Test worker] o.s.beans.CachedIntrospectionResults     : Caching PropertyDescriptors for class [org.springframework.aop.framework.autoproxy.InfrastructureAdvisorAutoProxyCreator]
2025-04-26T22:20:18.504+02:00 TRACE 13448 --- [api-gateway] [    Test worker] o.s.beans.CachedIntrospectionResults     : Found bean property 'advisorAdapterRegistry' of type [org.springframework.aop.framework.adapter.AdvisorAdapterRegistry]
2025-04-26T22:20:18.504+02:00 TRACE 13448 --- [api-gateway] [    Test worker] o.s.beans.CachedIntrospectionResults     : Found bean property 'applyCommonInterceptorsFirst' of type [boolean]
2025-04-26T22:20:18.504+02:00 TRACE 13448 --- [api-gateway] [    Test worker] o.s.beans.CachedIntrospectionResults     : Found bean property 'beanClassLoader' of type [java.lang.ClassLoader]
2025-04-26T22:20:18.504+02:00 TRACE 13448 --- [api-gateway] [    Test worker] o.s.beans.CachedIntrospectionResults     : Found bean property 'beanFactory' of type [org.springframework.beans.factory.BeanFactory]
2025-04-26T22:20:18.504+02:00 TRACE 13448 --- [api-gateway] [    Test worker] o.s.beans.CachedIntrospectionResults     : Found bean property 'class' of type [java.lang.Class]
2025-04-26T22:20:18.504+02:00 TRACE 13448 --- [api-gateway] [    Test worker] o.s.beans.CachedIntrospectionResults     : Found bean property 'customTargetSourceCreators' of type [[Lorg.springframework.aop.framework.autoproxy.TargetSourceCreator;]
2025-04-26T22:20:18.504+02:00 TRACE 13448 --- [api-gateway] [    Test worker] o.s.beans.CachedIntrospectionResults     : Found bean property 'exposeProxy' of type [boolean]
2025-04-26T22:20:18.504+02:00 TRACE 13448 --- [api-gateway] [    Test worker] o.s.beans.CachedIntrospectionResults     : Found bean property 'frozen' of type [boolean]
2025-04-26T22:20:18.504+02:00 TRACE 13448 --- [api-gateway] [    Test worker] o.s.beans.CachedIntrospectionResults     : Found bean property 'interceptorNames' of type [[Ljava.lang.String;]
2025-04-26T22:20:18.504+02:00 TRACE 13448 --- [api-gateway] [    Test worker] o.s.beans.CachedIntrospectionResults     : Found bean property 'opaque' of type [boolean]
2025-04-26T22:20:18.505+02:00 TRACE 13448 --- [api-gateway] [    Test worker] o.s.beans.CachedIntrospectionResults     : Found bean property 'optimize' of type [boolean]
2025-04-26T22:20:18.505+02:00 TRACE 13448 --- [api-gateway] [    Test worker] o.s.beans.CachedIntrospectionResults     : Found bean property 'order' of type [int]
2025-04-26T22:20:18.505+02:00 TRACE 13448 --- [api-gateway] [    Test worker] o.s.beans.CachedIntrospectionResults     : Found bean property 'proxyClassLoader' of type [java.lang.ClassLoader]
2025-04-26T22:20:18.505+02:00 TRACE 13448 --- [api-gateway] [    Test worker] o.s.beans.CachedIntrospectionResults     : Found bean property 'proxyTargetClass' of type [boolean]
2025-04-26T22:20:18.506+02:00 TRACE 13448 --- [api-gateway] [    Test worker] o.s.b.f.s.DefaultListableBeanFactory     : Finished creating instance of bean 'org.springframework.aop.config.internalAutoProxyCreator'
2025-04-26T22:20:18.506+02:00 DEBUG 13448 --- [api-gateway] [    Test worker] o.s.b.f.s.DefaultListableBeanFactory     : Creating shared instance of singleton bean 'methodValidationPostProcessor'
2025-04-26T22:20:18.508+02:00 TRACE 13448 --- [api-gateway] [    Test worker] o.s.b.f.s.DefaultListableBeanFactory     : Creating instance of bean 'methodValidationPostProcessor'
2025-04-26T22:20:18.510+02:00 TRACE 13448 --- [api-gateway] [    Test worker] o.s.b.f.s.DefaultListableBeanFactory     : Returning cached instance of singleton bean 'environment'
2025-04-26T22:20:18.512+02:00 DEBUG 13448 --- [api-gateway] [    Test worker] o.s.b.f.s.DefaultListableBeanFactory     : Autowiring by type from bean name 'methodValidationPostProcessor' via factory method to bean named 'environment'
2025-04-26T22:20:18.513+02:00 DEBUG 13448 --- [api-gateway] [    Test worker] o.s.b.f.s.DefaultListableBeanFactory     : Creating shared instance of singleton bean 'org.springframework.boot.context.properties.EnableConfigurationPropertiesRegistrar.methodValidationExcludeFilter'
2025-04-26T22:20:18.514+02:00 TRACE 13448 --- [api-gateway] [    Test worker] o.s.b.f.s.DefaultListableBeanFactory     : Creating instance of bean 'org.springframework.boot.context.properties.EnableConfigurationPropertiesRegistrar.methodValidationExcludeFilter'
2025-04-26T22:20:18.516+02:00 TRACE 13448 --- [api-gateway] [    Test worker] o.s.b.f.s.DefaultListableBeanFactory     : Ignoring factory method [public static org.springframework.boot.validation.beanvalidation.MethodValidationExcludeFilter org.springframework.boot.validation.beanvalidation.MethodValidationExcludeFilter.byAnnotation(java.lang.Class,org.springframework.core.annotation.MergedAnnotations$SearchStrategy)] of bean 'org.springframework.boot.context.properties.EnableConfigurationPropertiesRegistrar.methodValidationExcludeFilter': org.springframework.beans.factory.UnsatisfiedDependencyException: Error creating bean with name 'org.springframework.boot.context.properties.EnableConfigurationPropertiesRegistrar.methodValidationExcludeFilter': Unsatisfied dependency expressed through method 'byAnnotation' parameter 1: Ambiguous argument values for parameter of type [org.springframework.core.annotation.MergedAnnotations$SearchStrategy] - did you specify the correct bean references as arguments?
2025-04-26T22:20:18.518+02:00 TRACE 13448 --- [api-gateway] [    Test worker] o.s.b.f.s.DefaultListableBeanFactory     : Finished creating instance of bean 'org.springframework.boot.context.properties.EnableConfigurationPropertiesRegistrar.methodValidationExcludeFilter'
2025-04-26T22:20:18.521+02:00 TRACE 13448 --- [api-gateway] [    Test worker] o.s.b.f.s.DefaultListableBeanFactory     : Returning cached instance of singleton bean 'org.springframework.boot.context.properties.EnableConfigurationPropertiesRegistrar.methodValidationExcludeFilter'
2025-04-26T22:20:18.522+02:00 TRACE 13448 --- [api-gateway] [    Test worker] o.s.b.f.s.DefaultListableBeanFactory     : Invoking afterPropertiesSet() on bean with name 'methodValidationPostProcessor'
2025-04-26T22:20:18.533+02:00 TRACE 13448 --- [api-gateway] [    Test worker] o.s.b.f.s.DefaultListableBeanFactory     : Finished creating instance of bean 'methodValidationPostProcessor'
2025-04-26T22:20:18.533+02:00 DEBUG 13448 --- [api-gateway] [    Test worker] o.s.b.f.s.DefaultListableBeanFactory     : Creating shared instance of singleton bean 'webServerFactoryCustomizerBeanPostProcessor'
2025-04-26T22:20:18.533+02:00 TRACE 13448 --- [api-gateway] [    Test worker] o.s.b.f.s.DefaultListableBeanFactory     : Creating instance of bean 'webServerFactoryCustomizerBeanPostProcessor'
2025-04-26T22:20:18.534+02:00 TRACE 13448 --- [api-gateway] [    Test worker] o.s.b.f.s.DefaultListableBeanFactory     : Finished creating instance of bean 'webServerFactoryCustomizerBeanPostProcessor'
2025-04-26T22:20:18.534+02:00 DEBUG 13448 --- [api-gateway] [    Test worker] o.s.b.f.s.DefaultListableBeanFactory     : Creating shared instance of singleton bean 'configurationPropertiesBeans'
2025-04-26T22:20:18.534+02:00 TRACE 13448 --- [api-gateway] [    Test worker] o.s.b.f.s.DefaultListableBeanFactory     : Creating instance of bean 'configurationPropertiesBeans'
2025-04-26T22:20:18.536+02:00 DEBUG 13448 --- [api-gateway] [    Test worker] o.s.b.f.s.DefaultListableBeanFactory     : Creating shared instance of singleton bean 'preFilterAuthorizationAdvisor'
2025-04-26T22:20:18.536+02:00 TRACE 13448 --- [api-gateway] [    Test worker] o.s.b.f.s.DefaultListableBeanFactory     : Creating instance of bean 'preFilterAuthorizationAdvisor'
2025-04-26T22:20:18.536+02:00 TRACE 13448 --- [api-gateway] [    Test worker] .a.InfrastructureAdvisorAutoProxyCreator : Did not attempt to auto-proxy infrastructure class [org.springframework.aop.Advisor]
2025-04-26T22:20:18.536+02:00 DEBUG 13448 --- [api-gateway] [    Test worker] o.s.b.f.s.DefaultListableBeanFactory     : Creating shared instance of singleton bean 'preFilterAuthorizationMethodInterceptor'
2025-04-26T22:20:18.536+02:00 TRACE 13448 --- [api-gateway] [    Test worker] o.s.b.f.s.DefaultListableBeanFactory     : Creating instance of bean 'preFilterAuthorizationMethodInterceptor'
2025-04-26T22:20:18.536+02:00 TRACE 13448 --- [api-gateway] [    Test worker] .a.InfrastructureAdvisorAutoProxyCreator : Did not attempt to auto-proxy infrastructure class [org.aopalliance.intercept.MethodInterceptor]
2025-04-26T22:20:18.550+02:00 TRACE 13448 --- [api-gateway] [    Test worker] o.s.b.f.s.DefaultListableBeanFactory     : Finished creating instance of bean 'preFilterAuthorizationMethodInterceptor'
2025-04-26T22:20:18.551+02:00 TRACE 13448 --- [api-gateway] [    Test worker] o.s.b.f.s.DefaultListableBeanFactory     : Finished creating instance of bean 'preFilterAuthorizationAdvisor'
2025-04-26T22:20:18.551+02:00 DEBUG 13448 --- [api-gateway] [    Test worker] o.s.b.f.s.DefaultListableBeanFactory     : Creating shared instance of singleton bean 'preAuthorizeAuthorizationAdvisor'
2025-04-26T22:20:18.551+02:00 TRACE 13448 --- [api-gateway] [    Test worker] o.s.b.f.s.DefaultListableBeanFactory     : Creating instance of bean 'preAuthorizeAuthorizationAdvisor'
2025-04-26T22:20:18.551+02:00 TRACE 13448 --- [api-gateway] [    Test worker] .a.InfrastructureAdvisorAutoProxyCreator : Did not attempt to auto-proxy infrastructure class [org.springframework.aop.Advisor]
2025-04-26T22:20:18.551+02:00 DEBUG 13448 --- [api-gateway] [    Test worker] o.s.b.f.s.DefaultListableBeanFactory     : Creating shared instance of singleton bean 'preAuthorizeAuthorizationMethodInterceptor'
2025-04-26T22:20:18.552+02:00 TRACE 13448 --- [api-gateway] [    Test worker] o.s.b.f.s.DefaultListableBeanFactory     : Creating instance of bean 'preAuthorizeAuthorizationMethodInterceptor'
2025-04-26T22:20:18.552+02:00 TRACE 13448 --- [api-gateway] [    Test worker] .a.InfrastructureAdvisorAutoProxyCreator : Did not attempt to auto-proxy infrastructure class [org.aopalliance.intercept.MethodInterceptor]
2025-04-26T22:20:18.552+02:00 TRACE 13448 --- [api-gateway] [    Test worker] o.s.b.f.s.DefaultListableBeanFactory     : Finished creating instance of bean 'preAuthorizeAuthorizationMethodInterceptor'
2025-04-26T22:20:18.552+02:00 TRACE 13448 --- [api-gateway] [    Test worker] o.s.b.f.s.DefaultListableBeanFactory     : Finished creating instance of bean 'preAuthorizeAuthorizationAdvisor'
2025-04-26T22:20:18.552+02:00 DEBUG 13448 --- [api-gateway] [    Test worker] o.s.b.f.s.DefaultListableBeanFactory     : Creating shared instance of singleton bean 'postFilterAuthorizationAdvisor'
2025-04-26T22:20:18.552+02:00 TRACE 13448 --- [api-gateway] [    Test worker] o.s.b.f.s.DefaultListableBeanFactory     : Creating instance of bean 'postFilterAuthorizationAdvisor'
2025-04-26T22:20:18.552+02:00 TRACE 13448 --- [api-gateway] [    Test worker] .a.InfrastructureAdvisorAutoProxyCreator : Did not attempt to auto-proxy infrastructure class [org.springframework.aop.Advisor]
2025-04-26T22:20:18.552+02:00 DEBUG 13448 --- [api-gateway] [    Test worker] o.s.b.f.s.DefaultListableBeanFactory     : Creating shared instance of singleton bean 'postFilterAuthorizationMethodInterceptor'
2025-04-26T22:20:18.552+02:00 TRACE 13448 --- [api-gateway] [    Test worker] o.s.b.f.s.DefaultListableBeanFactory     : Creating instance of bean 'postFilterAuthorizationMethodInterceptor'
2025-04-26T22:20:18.553+02:00 TRACE 13448 --- [api-gateway] [    Test worker] .a.InfrastructureAdvisorAutoProxyCreator : Did not attempt to auto-proxy infrastructure class [org.aopalliance.intercept.MethodInterceptor]
2025-04-26T22:20:18.553+02:00 TRACE 13448 --- [api-gateway] [    Test worker] o.s.b.f.s.DefaultListableBeanFactory     : Finished creating instance of bean 'postFilterAuthorizationMethodInterceptor'
2025-04-26T22:20:18.553+02:00 TRACE 13448 --- [api-gateway] [    Test worker] o.s.b.f.s.DefaultListableBeanFactory     : Finished creating instance of bean 'postFilterAuthorizationAdvisor'
2025-04-26T22:20:18.553+02:00 DEBUG 13448 --- [api-gateway] [    Test worker] o.s.b.f.s.DefaultListableBeanFactory     : Creating shared instance of singleton bean 'postAuthorizeAuthorizationAdvisor'
2025-04-26T22:20:18.553+02:00 TRACE 13448 --- [api-gateway] [    Test worker] o.s.b.f.s.DefaultListableBeanFactory     : Creating instance of bean 'postAuthorizeAuthorizationAdvisor'
2025-04-26T22:20:18.553+02:00 TRACE 13448 --- [api-gateway] [    Test worker] .a.InfrastructureAdvisorAutoProxyCreator : Did not attempt to auto-proxy infrastructure class [org.springframework.aop.Advisor]
2025-04-26T22:20:18.553+02:00 DEBUG 13448 --- [api-gateway] [    Test worker] o.s.b.f.s.DefaultListableBeanFactory     : Creating shared instance of singleton bean 'postAuthorizeAuthorizationMethodInterceptor'
2025-04-26T22:20:18.553+02:00 TRACE 13448 --- [api-gateway] [    Test worker] o.s.b.f.s.DefaultListableBeanFactory     : Creating instance of bean 'postAuthorizeAuthorizationMethodInterceptor'
2025-04-26T22:20:18.553+02:00 TRACE 13448 --- [api-gateway] [    Test worker] .a.InfrastructureAdvisorAutoProxyCreator : Did not attempt to auto-proxy infrastructure class [org.aopalliance.intercept.MethodInterceptor]
2025-04-26T22:20:18.554+02:00 TRACE 13448 --- [api-gateway] [    Test worker] o.s.b.f.s.DefaultListableBeanFactory     : Finished creating instance of bean 'postAuthorizeAuthorizationMethodInterceptor'
2025-04-26T22:20:18.554+02:00 TRACE 13448 --- [api-gateway] [    Test worker] o.s.b.f.s.DefaultListableBeanFactory     : Finished creating instance of bean 'postAuthorizeAuthorizationAdvisor'
2025-04-26T22:20:18.555+02:00 DEBUG 13448 --- [api-gateway] [    Test worker] o.s.b.f.s.DefaultListableBeanFactory     : Creating shared instance of singleton bean 'jsr250AuthorizationAdvisor'
2025-04-26T22:20:18.555+02:00 TRACE 13448 --- [api-gateway] [    Test worker] o.s.b.f.s.DefaultListableBeanFactory     : Creating instance of bean 'jsr250AuthorizationAdvisor'
2025-04-26T22:20:18.555+02:00 TRACE 13448 --- [api-gateway] [    Test worker] .a.InfrastructureAdvisorAutoProxyCreator : Did not attempt to auto-proxy infrastructure class [org.springframework.aop.Advisor]
2025-04-26T22:20:18.555+02:00 DEBUG 13448 --- [api-gateway] [    Test worker] o.s.b.f.s.DefaultListableBeanFactory     : Creating shared instance of singleton bean 'jsr250AuthorizationMethodInterceptor'
2025-04-26T22:20:18.555+02:00 TRACE 13448 --- [api-gateway] [    Test worker] o.s.b.f.s.DefaultListableBeanFactory     : Creating instance of bean 'jsr250AuthorizationMethodInterceptor'
2025-04-26T22:20:18.555+02:00 TRACE 13448 --- [api-gateway] [    Test worker] .a.InfrastructureAdvisorAutoProxyCreator : Did not attempt to auto-proxy infrastructure class [org.aopalliance.intercept.MethodInterceptor]
2025-04-26T22:20:18.560+02:00 TRACE 13448 --- [api-gateway] [    Test worker] o.s.b.f.s.DefaultListableBeanFactory     : Finished creating instance of bean 'jsr250AuthorizationMethodInterceptor'
2025-04-26T22:20:18.560+02:00 TRACE 13448 --- [api-gateway] [    Test worker] o.s.b.f.s.DefaultListableBeanFactory     : Finished creating instance of bean 'jsr250AuthorizationAdvisor'
2025-04-26T22:20:18.560+02:00 DEBUG 13448 --- [api-gateway] [    Test worker] o.s.b.f.s.DefaultListableBeanFactory     : Creating shared instance of singleton bean 'authorizeReturnObjectAdvisor'
2025-04-26T22:20:18.560+02:00 TRACE 13448 --- [api-gateway] [    Test worker] o.s.b.f.s.DefaultListableBeanFactory     : Creating instance of bean 'authorizeReturnObjectAdvisor'
2025-04-26T22:20:18.560+02:00 TRACE 13448 --- [api-gateway] [    Test worker] .a.InfrastructureAdvisorAutoProxyCreator : Did not attempt to auto-proxy infrastructure class [org.springframework.aop.Advisor]
2025-04-26T22:20:18.560+02:00 DEBUG 13448 --- [api-gateway] [    Test worker] o.s.b.f.s.DefaultListableBeanFactory     : Creating shared instance of singleton bean 'authorizeReturnObjectMethodInterceptor'
2025-04-26T22:20:18.560+02:00 TRACE 13448 --- [api-gateway] [    Test worker] o.s.b.f.s.DefaultListableBeanFactory     : Creating instance of bean 'authorizeReturnObjectMethodInterceptor'
2025-04-26T22:20:18.560+02:00 TRACE 13448 --- [api-gateway] [    Test worker] .a.InfrastructureAdvisorAutoProxyCreator : Did not attempt to auto-proxy infrastructure class [org.aopalliance.intercept.MethodInterceptor]
2025-04-26T22:20:18.560+02:00 DEBUG 13448 --- [api-gateway] [    Test worker] o.s.b.f.s.DefaultListableBeanFactory     : Creating shared instance of singleton bean 'authorizationProxyFactory'
2025-04-26T22:20:18.561+02:00 TRACE 13448 --- [api-gateway] [    Test worker] o.s.b.f.s.DefaultListableBeanFactory     : Creating instance of bean 'authorizationProxyFactory'
2025-04-26T22:20:18.561+02:00 TRACE 13448 --- [api-gateway] [    Test worker] .a.InfrastructureAdvisorAutoProxyCreator : Did not attempt to auto-proxy infrastructure class [org.springframework.security.authorization.method.AuthorizationAdvisorProxyFactory]
2025-04-26T22:20:18.566+02:00 TRACE 13448 --- [api-gateway] [    Test worker] o.s.b.f.s.DefaultListableBeanFactory     : Finished creating instance of bean 'authorizationProxyFactory'
2025-04-26T22:20:18.566+02:00 DEBUG 13448 --- [api-gateway] [    Test worker] o.s.b.f.s.DefaultListableBeanFactory     : Autowiring by type from bean name 'authorizeReturnObjectMethodInterceptor' via factory method to bean named 'authorizationProxyFactory'
2025-04-26T22:20:18.567+02:00 TRACE 13448 --- [api-gateway] [    Test worker] o.s.b.f.s.DefaultListableBeanFactory     : Returning cached instance of singleton bean 'preFilterAuthorizationMethodInterceptor'
2025-04-26T22:20:18.567+02:00 TRACE 13448 --- [api-gateway] [    Test worker] o.s.b.f.s.DefaultListableBeanFactory     : Returning cached instance of singleton bean 'preAuthorizeAuthorizationMethodInterceptor'
2025-04-26T22:20:18.567+02:00 TRACE 13448 --- [api-gateway] [    Test worker] o.s.b.f.s.DefaultListableBeanFactory     : Returning cached instance of singleton bean 'postAuthorizeAuthorizationMethodInterceptor'
2025-04-26T22:20:18.567+02:00 TRACE 13448 --- [api-gateway] [    Test worker] o.s.b.f.s.DefaultListableBeanFactory     : Returning cached instance of singleton bean 'postFilterAuthorizationMethodInterceptor'
2025-04-26T22:20:18.567+02:00 TRACE 13448 --- [api-gateway] [    Test worker] o.s.b.f.s.DefaultListableBeanFactory     : Returning cached instance of singleton bean 'jsr250AuthorizationMethodInterceptor'
2025-04-26T22:20:18.567+02:00 TRACE 13448 --- [api-gateway] [    Test worker] o.s.b.f.s.DefaultListableBeanFactory     : Returning cached instance of singleton bean 'preFilterAuthorizationMethodInterceptor'
2025-04-26T22:20:18.568+02:00 TRACE 13448 --- [api-gateway] [    Test worker] o.s.b.f.s.DefaultListableBeanFactory     : Returning cached instance of singleton bean 'preAuthorizeAuthorizationMethodInterceptor'
2025-04-26T22:20:18.568+02:00 TRACE 13448 --- [api-gateway] [    Test worker] o.s.b.f.s.DefaultListableBeanFactory     : Returning cached instance of singleton bean 'postAuthorizeAuthorizationMethodInterceptor'
2025-04-26T22:20:18.568+02:00 TRACE 13448 --- [api-gateway] [    Test worker] o.s.b.f.s.DefaultListableBeanFactory     : Returning cached instance of singleton bean 'postFilterAuthorizationMethodInterceptor'
2025-04-26T22:20:18.568+02:00 TRACE 13448 --- [api-gateway] [    Test worker] o.s.b.f.s.DefaultListableBeanFactory     : Returning cached instance of singleton bean 'jsr250AuthorizationMethodInterceptor'
2025-04-26T22:20:18.570+02:00 TRACE 13448 --- [api-gateway] [    Test worker] o.s.b.f.s.DefaultListableBeanFactory     : Finished creating instance of bean 'authorizeReturnObjectMethodInterceptor'
2025-04-26T22:20:18.570+02:00 TRACE 13448 --- [api-gateway] [    Test worker] o.s.b.f.s.DefaultListableBeanFactory     : Finished creating instance of bean 'authorizeReturnObjectAdvisor'
2025-04-26T22:20:18.574+02:00 TRACE 13448 --- [api-gateway] [    Test worker] o.s.b.f.s.DefaultListableBeanFactory     : Finished creating instance of bean 'configurationPropertiesBeans'
2025-04-26T22:20:18.574+02:00 DEBUG 13448 --- [api-gateway] [    Test worker] o.s.b.f.s.DefaultListableBeanFactory     : Creating shared instance of singleton bean 'lbRestClientPostProcessor'
2025-04-26T22:20:18.574+02:00 TRACE 13448 --- [api-gateway] [    Test worker] o.s.b.f.s.DefaultListableBeanFactory     : Creating instance of bean 'lbRestClientPostProcessor'
2025-04-26T22:20:18.575+02:00 DEBUG 13448 --- [api-gateway] [    Test worker] o.s.b.f.s.DefaultListableBeanFactory     : Autowiring by type from bean name 'lbRestClientPostProcessor' via factory method to bean named 'org.springframework.boot.web.reactive.context.GenericReactiveWebApplicationContext@79d743e6'
2025-04-26T22:20:18.576+02:00 TRACE 13448 --- [api-gateway] [    Test worker] o.s.b.f.s.DefaultListableBeanFactory     : Returning cached instance of singleton bean 'preFilterAuthorizationAdvisor'
2025-04-26T22:20:18.576+02:00 TRACE 13448 --- [api-gateway] [    Test worker] o.s.b.f.s.DefaultListableBeanFactory     : Returning cached instance of singleton bean 'preAuthorizeAuthorizationAdvisor'
2025-04-26T22:20:18.576+02:00 TRACE 13448 --- [api-gateway] [    Test worker] o.s.b.f.s.DefaultListableBeanFactory     : Returning cached instance of singleton bean 'postFilterAuthorizationAdvisor'
2025-04-26T22:20:18.576+02:00 TRACE 13448 --- [api-gateway] [    Test worker] o.s.b.f.s.DefaultListableBeanFactory     : Returning cached instance of singleton bean 'postAuthorizeAuthorizationAdvisor'
2025-04-26T22:20:18.576+02:00 TRACE 13448 --- [api-gateway] [    Test worker] o.s.b.f.s.DefaultListableBeanFactory     : Returning cached instance of singleton bean 'jsr250AuthorizationAdvisor'
2025-04-26T22:20:18.576+02:00 TRACE 13448 --- [api-gateway] [    Test worker] o.s.b.f.s.DefaultListableBeanFactory     : Returning cached instance of singleton bean 'authorizeReturnObjectAdvisor'
2025-04-26T22:20:18.578+02:00 TRACE 13448 --- [api-gateway] [    Test worker] o.s.b.f.s.DefaultListableBeanFactory     : Finished creating instance of bean 'lbRestClientPostProcessor'
2025-04-26T22:20:18.578+02:00 DEBUG 13448 --- [api-gateway] [    Test worker] o.s.b.f.s.DefaultListableBeanFactory     : Creating shared instance of singleton bean 'lbRestTemplateBuilderPostProcessor'
2025-04-26T22:20:18.578+02:00 TRACE 13448 --- [api-gateway] [    Test worker] o.s.b.f.s.DefaultListableBeanFactory     : Creating instance of bean 'lbRestTemplateBuilderPostProcessor'
2025-04-26T22:20:18.579+02:00 DEBUG 13448 --- [api-gateway] [    Test worker] o.s.b.f.s.DefaultListableBeanFactory     : Autowiring by type from bean name 'lbRestTemplateBuilderPostProcessor' via factory method to bean named 'org.springframework.boot.web.reactive.context.GenericReactiveWebApplicationContext@79d743e6'
2025-04-26T22:20:18.579+02:00 TRACE 13448 --- [api-gateway] [    Test worker] o.s.b.f.s.DefaultListableBeanFactory     : Returning cached instance of singleton bean 'preFilterAuthorizationAdvisor'
2025-04-26T22:20:18.579+02:00 TRACE 13448 --- [api-gateway] [    Test worker] o.s.b.f.s.DefaultListableBeanFactory     : Returning cached instance of singleton bean 'preAuthorizeAuthorizationAdvisor'
2025-04-26T22:20:18.579+02:00 TRACE 13448 --- [api-gateway] [    Test worker] o.s.b.f.s.DefaultListableBeanFactory     : Returning cached instance of singleton bean 'postFilterAuthorizationAdvisor'
2025-04-26T22:20:18.579+02:00 TRACE 13448 --- [api-gateway] [    Test worker] o.s.b.f.s.DefaultListableBeanFactory     : Returning cached instance of singleton bean 'postAuthorizeAuthorizationAdvisor'
2025-04-26T22:20:18.579+02:00 TRACE 13448 --- [api-gateway] [    Test worker] o.s.b.f.s.DefaultListableBeanFactory     : Returning cached instance of singleton bean 'jsr250AuthorizationAdvisor'
2025-04-26T22:20:18.579+02:00 TRACE 13448 --- [api-gateway] [    Test worker] o.s.b.f.s.DefaultListableBeanFactory     : Returning cached instance of singleton bean 'authorizeReturnObjectAdvisor'
2025-04-26T22:20:18.580+02:00 TRACE 13448 --- [api-gateway] [    Test worker] o.s.b.f.s.DefaultListableBeanFactory     : Finished creating instance of bean 'lbRestTemplateBuilderPostProcessor'
2025-04-26T22:20:18.580+02:00 DEBUG 13448 --- [api-gateway] [    Test worker] o.s.b.f.s.DefaultListableBeanFactory     : Creating shared instance of singleton bean 'loadBalancerWebClientBuilderBeanPostProcessor'
2025-04-26T22:20:18.580+02:00 TRACE 13448 --- [api-gateway] [    Test worker] o.s.b.f.s.DefaultListableBeanFactory     : Creating instance of bean 'loadBalancerWebClientBuilderBeanPostProcessor'
2025-04-26T22:20:18.581+02:00 DEBUG 13448 --- [api-gateway] [    Test worker] o.s.b.f.s.DefaultListableBeanFactory     : Autowiring by type from bean name 'loadBalancerWebClientBuilderBeanPostProcessor' via factory method to bean named 'org.springframework.boot.web.reactive.context.GenericReactiveWebApplicationContext@79d743e6'
2025-04-26T22:20:18.581+02:00 TRACE 13448 --- [api-gateway] [    Test worker] o.s.b.f.s.DefaultListableBeanFactory     : Returning cached instance of singleton bean 'preFilterAuthorizationAdvisor'
2025-04-26T22:20:18.581+02:00 TRACE 13448 --- [api-gateway] [    Test worker] o.s.b.f.s.DefaultListableBeanFactory     : Returning cached instance of singleton bean 'preAuthorizeAuthorizationAdvisor'
2025-04-26T22:20:18.581+02:00 TRACE 13448 --- [api-gateway] [    Test worker] o.s.b.f.s.DefaultListableBeanFactory     : Returning cached instance of singleton bean 'postFilterAuthorizationAdvisor'
2025-04-26T22:20:18.581+02:00 TRACE 13448 --- [api-gateway] [    Test worker] o.s.b.f.s.DefaultListableBeanFactory     : Returning cached instance of singleton bean 'postAuthorizeAuthorizationAdvisor'
2025-04-26T22:20:18.581+02:00 TRACE 13448 --- [api-gateway] [    Test worker] o.s.b.f.s.DefaultListableBeanFactory     : Returning cached instance of singleton bean 'jsr250AuthorizationAdvisor'
2025-04-26T22:20:18.581+02:00 TRACE 13448 --- [api-gateway] [    Test worker] o.s.b.f.s.DefaultListableBeanFactory     : Returning cached instance of singleton bean 'authorizeReturnObjectAdvisor'
2025-04-26T22:20:18.582+02:00 TRACE 13448 --- [api-gateway] [    Test worker] o.s.b.f.s.DefaultListableBeanFactory     : Finished creating instance of bean 'loadBalancerWebClientBuilderBeanPostProcessor'
2025-04-26T22:20:18.582+02:00 TRACE 13448 --- [api-gateway] [    Test worker] o.s.b.f.s.DefaultListableBeanFactory     : Returning cached instance of singleton bean 'org.springframework.boot.test.autoconfigure.properties.PropertyMappingContextCustomizer$PropertyMappingCheckBeanPostProcessor'
2025-04-26T22:20:18.582+02:00 TRACE 13448 --- [api-gateway] [    Test worker] o.s.b.f.s.DefaultListableBeanFactory     : Returning cached instance of singleton bean 'org.springframework.boot.test.web.reactor.netty.DisableReactorResourceFactoryGlobalResourcesBeanPostProcessor'
2025-04-26T22:20:18.585+02:00 TRACE 13448 --- [api-gateway] [    Test worker] r.c.GenericReactiveWebApplicationContext : No 'messageSource' bean, using [Empty MessageSource]
2025-04-26T22:20:18.585+02:00 TRACE 13448 --- [api-gateway] [    Test worker] r.c.GenericReactiveWebApplicationContext : No 'applicationEventMulticaster' bean, using [SimpleApplicationEventMulticaster]
2025-04-26T22:20:18.586+02:00 DEBUG 13448 --- [api-gateway] [    Test worker] o.s.b.f.s.DefaultListableBeanFactory     : Creating shared instance of singleton bean 'org.springframework.test.context.support.internalDynamicPropertyRegistrarBeanInitializer'
2025-04-26T22:20:18.586+02:00 TRACE 13448 --- [api-gateway] [    Test worker] o.s.b.f.s.DefaultListableBeanFactory     : Creating instance of bean 'org.springframework.test.context.support.internalDynamicPropertyRegistrarBeanInitializer'
2025-04-26T22:20:18.588+02:00 TRACE 13448 --- [api-gateway] [    Test worker] o.s.b.f.s.DefaultListableBeanFactory     : Returning cached instance of singleton bean 'preFilterAuthorizationAdvisor'
2025-04-26T22:20:18.588+02:00 TRACE 13448 --- [api-gateway] [    Test worker] o.s.b.f.s.DefaultListableBeanFactory     : Returning cached instance of singleton bean 'preAuthorizeAuthorizationAdvisor'
2025-04-26T22:20:18.588+02:00 TRACE 13448 --- [api-gateway] [    Test worker] o.s.b.f.s.DefaultListableBeanFactory     : Returning cached instance of singleton bean 'postFilterAuthorizationAdvisor'
2025-04-26T22:20:18.588+02:00 TRACE 13448 --- [api-gateway] [    Test worker] o.s.b.f.s.DefaultListableBeanFactory     : Returning cached instance of singleton bean 'postAuthorizeAuthorizationAdvisor'
2025-04-26T22:20:18.588+02:00 TRACE 13448 --- [api-gateway] [    Test worker] o.s.b.f.s.DefaultListableBeanFactory     : Returning cached instance of singleton bean 'jsr250AuthorizationAdvisor'
2025-04-26T22:20:18.588+02:00 TRACE 13448 --- [api-gateway] [    Test worker] o.s.b.f.s.DefaultListableBeanFactory     : Returning cached instance of singleton bean 'authorizeReturnObjectAdvisor'
2025-04-26T22:20:18.589+02:00 TRACE 13448 --- [api-gateway] [    Test worker] o.s.b.f.s.DefaultListableBeanFactory     : Finished creating instance of bean 'org.springframework.test.context.support.internalDynamicPropertyRegistrarBeanInitializer'
2025-04-26T22:20:18.591+02:00 TRACE 13448 --- [api-gateway] [    Test worker] o.s.b.f.s.DefaultListableBeanFactory     : Pre-instantiating singletons in org.springframework.beans.factory.support.DefaultListableBeanFactory@47447ccf: defining beans [org.springframework.boot.test.mock.mockito.MockitoPostProcessor$SpyPostProcessor,org.springframework.boot.test.mock.mockito.MockitoPostProcessor,org.springframework.test.context.support.internalDynamicPropertyRegistrarBeanInitializer,org.springframework.context.annotation.internalConfigurationAnnotationProcessor,org.springframework.context.annotation.internalAutowiredAnnotationProcessor,org.springframework.context.annotation.internalCommonAnnotationProcessor,org.springframework.context.event.internalEventListenerProcessor,org.springframework.context.event.internalEventListenerFactory,apiGatewayApplication,org.springframework.boot.autoconfigure.internalCachingMetadataReaderFactory,gatewayConfig,securityConfig,customRouteLocator,org.springframework.security.config.annotation.web.reactive.ServerHttpSecurityConfiguration,authenticationPrincipalArgumentResolverConfigurer,authenticationPrincipalArgumentResolver,reactiveCurrentSecurityContextArgumentResolver,org.springframework.security.config.annotation.web.reactive.HttpSecurityConfiguration.httpSecurity,org.springframework.security.config.annotation.web.reactive.WebFluxSecurityConfiguration,org.springframework.security.config.annotation.web.reactive.WebFluxSecurityConfiguration.WebFilterChainFilter,requestDataValueProcessor,conversionServicePostProcessor,org.springframework.security.config.annotation.web.reactive.ReactiveObservationConfiguration,webAuthorizationManagerPostProcessor,reactiveAuthenticationManagerPostProcessor,filterChainDecoratorPostProcessor,_prePostMethodSecurityConfiguration,preFilterAuthorizationMethodInterceptor,preAuthorizeAuthorizationMethodInterceptor,postAuthorizeAuthorizationMethodInterceptor,postFilterAuthorizationMethodInterceptor,prePostAuthorizeExpressionHintsRegistrar,_jsr250MethodSecurityConfiguration,jsr250AuthorizationMethodInterceptor,org.springframework.security.config.annotation.method.configuration.AuthorizationProxyConfiguration,authorizationProxyFactory,authorizeReturnObjectMethodInterceptor,authorizeReturnObjectHintsRegistrar,org.springframework.security.config.annotation.method.configuration.MethodObservationConfiguration,methodAuthorizationManagerPostProcessor,methodResultAuthorizationManagerPostProcessor,securityWebFilterChain,corsConfigurationSource,org.springframework.aop.config.internalAutoProxyCreator,preFilterAuthorizationAdvisor,preAuthorizeAuthorizationAdvisor,postFilterAuthorizationAdvisor,postAuthorizeAuthorizationAdvisor,jsr250AuthorizationAdvisor,authorizeReturnObjectAdvisor,org.springframework.boot.autoconfigure.AutoConfigurationPackages,org.springframework.boot.autoconfigure.context.PropertyPlaceholderAutoConfiguration,propertySourcesPlaceholderConfigurer,org.springframework.boot.autoconfigure.reactor.netty.ReactorNettyConfigurations$ReactorResourceFactoryConfiguration,reactorResourceFactory,org.springframework.boot.context.properties.ConfigurationPropertiesBindingPostProcessor,org.springframework.boot.context.internalConfigurationPropertiesBinder,org.springframework.boot.context.properties.BoundConfigurationProperties,org.springframework.boot.context.properties.EnableConfigurationPropertiesRegistrar.methodValidationExcludeFilter,spring.reactor.netty-org.springframework.boot.autoconfigure.reactor.netty.ReactorNettyProperties,org.springframework.boot.autoconfigure.web.reactive.ReactiveWebServerFactoryConfiguration$EmbeddedNetty,nettyReactiveWebServerFactory,org.springframework.boot.autoconfigure.web.reactive.ReactiveWebServerFactoryAutoConfiguration,reactiveWebServerFactoryCustomizer,server-org.springframework.boot.autoconfigure.web.ServerProperties,webServerFactoryCustomizerBeanPostProcessor,org.springframework.boot.autoconfigure.jackson.JacksonAutoConfiguration$Jackson2ObjectMapperBuilderCustomizerConfiguration,standardJacksonObjectMapperBuilderCustomizer,spring.jackson-org.springframework.boot.autoconfigure.jackson.JacksonProperties,org.springframework.boot.autoconfigure.jackson.JacksonAutoConfiguration$JacksonObjectMapperBuilderConfiguration,jacksonObjectMapperBuilder,org.springframework.boot.autoconfigure.jackson.JacksonAutoConfiguration$ParameterNamesModuleConfiguration,parameterNamesModule,org.springframework.boot.autoconfigure.jackson.JacksonAutoConfiguration$JacksonObjectMapperConfiguration,jacksonObjectMapper,org.springframework.boot.autoconfigure.jackson.JacksonAutoConfiguration$JacksonMixinConfiguration,jsonMixinModuleEntries,jsonMixinModule,org.springframework.boot.autoconfigure.jackson.JacksonAutoConfiguration,jsonComponentModule,org.springframework.boot.autoconfigure.http.codec.CodecsAutoConfiguration$DefaultCodecsConfiguration,defaultCodecCustomizer,org.springframework.boot.autoconfigure.http.codec.CodecsAutoConfiguration$JacksonCodecConfiguration,jacksonCodecCustomizer,org.springframework.boot.autoconfigure.http.codec.CodecsAutoConfiguration,spring.codec-org.springframework.boot.autoconfigure.codec.CodecProperties,org.springframework.boot.autoconfigure.validation.ValidationAutoConfiguration,defaultValidator,methodValidationPostProcessor,org.springframework.boot.autoconfigure.web.reactive.ReactiveMultipartAutoConfiguration,defaultPartHttpMessageReaderCustomizer,spring.webflux.multipart-org.springframework.boot.autoconfigure.web.reactive.ReactiveMultipartProperties,org.springframework.boot.autoconfigure.web.reactive.WebSessionIdResolverAutoConfiguration,webSessionIdResolver,spring.webflux-org.springframework.boot.autoconfigure.web.reactive.WebFluxProperties,org.springframework.boot.autoconfigure.web.reactive.error.ErrorWebFluxAutoConfiguration,errorWebExceptionHandler,errorAttributes,spring.web-org.springframework.boot.autoconfigure.web.WebProperties,org.springframework.cloud.gateway.config.GatewayClassPathWarningAutoConfiguration,org.springframework.cloud.loadbalancer.config.LoadBalancerAutoConfiguration,zoneConfig,loadBalancerClientFactory,loadBalancerEagerContextInitializer,loadBalancerChildContextInitializer,default.org.springframework.cloud.loadbalancer.config.LoadBalancerAutoConfiguration.LoadBalancerClientSpecification,spring.cloud.loadbalancer.eager-load-org.springframework.cloud.client.loadbalancer.LoadBalancerEagerLoadProperties,spring.cloud.loadbalancer-org.springframework.cloud.client.loadbalancer.LoadBalancerClientsProperties,org.springframework.cloud.gateway.config.GatewayReactiveLoadBalancerClientAutoConfiguration,gatewayLoadBalancerClientFilter,loadBalancerServiceInstanceCookieFilter,spring.cloud.gateway.loadbalancer-org.springframework.cloud.gateway.config.GatewayLoadBalancerProperties,org.springframework.cloud.client.discovery.composite.CompositeDiscoveryClientAutoConfiguration,compositeDiscoveryClient,org.springframework.cloud.gateway.discovery.GatewayDiscoveryClientAutoConfiguration$ReactiveDiscoveryClientRouteDefinitionLocatorConfiguration,org.springframework.cloud.gateway.discovery.GatewayDiscoveryClientAutoConfiguration,discoveryLocatorProperties,org.springframework.cloud.gateway.config.GatewayAutoConfiguration$NettyConfiguration,httpClientSslConfigurer,gatewayHttpClientFactory,httpClientProperties,routingFilter,nettyWriteResponseFilter,reactorNettyWebSocketClient,reactorNettyRequestUpgradeStrategy,org.springframework.cloud.gateway.config.GatewayAutoConfiguration,stringToZonedDateTimeConverter,deprecatedKeyValueConverter,keyValueConverter,routeLocatorBuilder,propertiesRouteDefinitionLocator,inMemoryRouteDefinitionRepository,routeDefinitionLocator,gatewayConfigurationService,routeDefinitionRouteLocator,cachedCompositeRouteLocator,routeRefreshListener,filteringWebHandler,globalCorsProperties,corsGatewayFilterApplicationListener,routePredicateHandlerMapping,gatewayProperties,secureHeadersProperties,forwardedHeadersFilter,removeHopByHopHeadersFilter,xForwardedHeadersFilter,gRPCRequestHeadersFilter,gRPCResponseHeadersFilter,transferEncodingNormalizationHeadersFilter,adaptCachedBodyGlobalFilter,removeCachedBodyFilter,routeToRequestUrlFilter,forwardRoutingFilter,forwardPathFilter,webSocketService,websocketRoutingFilter,weightCalculatorWebFilter,afterRoutePredicateFactory,beforeRoutePredicateFactory,betweenRoutePredicateFactory,cookieRoutePredicateFactory,headerRoutePredicateFactory,hostRoutePredicateFactory,methodRoutePredicateFactory,pathRoutePredicateFactory,queryRoutePredicateFactory,readBodyPredicateFactory,remoteAddrRoutePredicateFactory,xForwardedRemoteAddrRoutePredicateFactory,weightRoutePredicateFactory,cloudFoundryRouteServiceRoutePredicateFactory,addRequestHeaderGatewayFilterFactory,addRequestHeadersIfNotPresentGatewayFilterFactory,mapRequestHeaderGatewayFilterFactory,addRequestParameterGatewayFilterFactory,addResponseHeaderGatewayFilterFactory,modifyRequestBodyGatewayFilterFactory,dedupeResponseHeaderGatewayFilterFactory,modifyResponseBodyGatewayFilterFactory,cacheRequestBodyGatewayFilterFactory,prefixPathGatewayFilterFactory,preserveHostHeaderGatewayFilterFactory,redirectToGatewayFilterFactory,removeJsonAttributesResponseBodyGatewayFilterFactory,removeRequestHeaderGatewayFilterFactory,removeRequestParameterGatewayFilterFactory,removeResponseHeaderGatewayFilterFactory,rewritePathGatewayFilterFactory,retryGatewayFilterFactory,setPathGatewayFilterFactory,secureHeadersGatewayFilterFactory,setRequestHeaderGatewayFilterFactory,setRequestHostHeaderGatewayFilterFactory,setResponseHeaderGatewayFilterFactory,rewriteResponseHeaderGatewayFilterFactory,rewriteLocationResponseHeaderGatewayFilterFactory,setStatusGatewayFilterFactory,saveSessionGatewayFilterFactory,stripPrefixGatewayFilterFactory,requestHeaderToRequestUriGatewayFilterFactory,requestSizeGatewayFilterFactory,requestHeaderSizeGatewayFilterFactory,rewriteRequestParameterGatewayFilterFactory,gzipMessageBodyResolver,configurableHintsRegistrationProcessor,org.springframework.boot.autoconfigure.web.reactive.WebFluxAutoConfiguration$EnableWebFluxConfiguration,webFluxConversionService,webFluxValidator,localeContextResolver,webSessionManager,webHandler,responseStatusExceptionHandler,requestMappingHandlerMapping,webFluxContentTypeResolver,routerFunctionMapping,resourceHandlerMapping,resourceUrlProvider,requestMappingHandlerAdapter,serverCodecConfigurer,webFluxAdapterRegistry,handlerFunctionAdapter,simpleHandlerAdapter,webFluxWebSocketHandlerAdapter,responseEntityResultHandler,responseBodyResultHandler,viewResolutionResultHandler,serverResponseResultHandler,org.springframework.boot.autoconfigure.web.reactive.WebFluxAutoConfiguration$WebFluxConfig,org.springframework.boot.autoconfigure.web.reactive.WebFluxAutoConfiguration$WelcomePageConfiguration,welcomePageRouterFunctionMapping,org.springframework.boot.autoconfigure.web.reactive.WebFluxAutoConfiguration,org.springframework.boot.autoconfigure.web.reactive.HttpHandlerAutoConfiguration$AnnotationConfig,httpHandler,org.springframework.boot.autoconfigure.web.reactive.HttpHandlerAutoConfiguration,org.springframework.boot.autoconfigure.aop.AopAutoConfiguration$ClassProxyingConfiguration,forceAutoProxyCreatorToUseClassProxying,org.springframework.boot.autoconfigure.aop.AopAutoConfiguration,org.springframework.boot.autoconfigure.availability.ApplicationAvailabilityAutoConfiguration,applicationAvailability,org.springframework.cloud.autoconfigure.RefreshAutoConfiguration$RefreshScopeBeanDefinitionEnhancer,org.springframework.cloud.autoconfigure.RefreshAutoConfiguration,refreshScope,loggingRebinder,configDataContextRefresher,refreshScopeLifecycle,refreshEventListener,spring.cloud.refresh-org.springframework.cloud.autoconfigure.RefreshAutoConfiguration$RefreshProperties,org.springframework.boot.autoconfigure.context.ConfigurationPropertiesAutoConfiguration,org.springframework.boot.autoconfigure.context.LifecycleAutoConfiguration,lifecycleProcessor,spring.lifecycle-org.springframework.boot.autoconfigure.context.LifecycleProperties,org.springframework.boot.autoconfigure.gson.GsonAutoConfiguration,gsonBuilder,gson,standardGsonBuilderCustomizer,spring.gson-org.springframework.boot.autoconfigure.gson.GsonProperties,org.springframework.boot.autoconfigure.ssl.SslAutoConfiguration,fileWatcher,sslPropertiesSslBundleRegistrar,sslBundleRegistry,spring.ssl-org.springframework.boot.autoconfigure.ssl.SslProperties,org.springframework.boot.autoconfigure.info.ProjectInfoAutoConfiguration,spring.info-org.springframework.boot.autoconfigure.info.ProjectInfoProperties,org.springframework.boot.autoconfigure.netty.NettyAutoConfiguration,spring.netty-org.springframework.boot.autoconfigure.netty.NettyProperties,org.springframework.boot.autoconfigure.reactor.ReactorAutoConfiguration,spring.reactor-org.springframework.boot.autoconfigure.reactor.ReactorProperties,org.springframework.boot.autoconfigure.security.oauth2.resource.reactive.ReactiveOAuth2ResourceServerJwkConfiguration$JwtConfiguration,jwtDecoderByIssuerUri,org.springframework.boot.autoconfigure.security.oauth2.resource.reactive.ReactiveOAuth2ResourceServerConfiguration$JwtConfiguration,org.springframework.boot.autoconfigure.security.oauth2.resource.reactive.ReactiveOAuth2ResourceServerOpaqueTokenConfiguration$OpaqueTokenIntrospectionClientConfiguration,org.springframework.boot.autoconfigure.security.oauth2.resource.reactive.ReactiveOAuth2ResourceServerConfiguration$OpaqueTokenConfiguration,org.springframework.boot.autoconfigure.security.oauth2.resource.reactive.ReactiveOAuth2ResourceServerAutoConfiguration,spring.security.oauth2.resourceserver-org.springframework.boot.autoconfigure.security.oauth2.resource.OAuth2ResourceServerProperties,org.springframework.boot.autoconfigure.security.reactive.ReactiveSecurityAutoConfiguration$SpringBootWebFluxSecurityConfiguration,org.springframework.boot.autoconfigure.security.reactive.ReactiveSecurityAutoConfiguration,spring.security-org.springframework.boot.autoconfigure.security.SecurityProperties,org.springframework.boot.autoconfigure.security.servlet.SecurityAutoConfiguration,authenticationEventPublisher,org.springframework.boot.autoconfigure.sql.init.SqlInitializationAutoConfiguration,spring.sql.init-org.springframework.boot.autoconfigure.sql.init.SqlInitializationProperties,org.springframework.boot.sql.init.dependency.DatabaseInitializationDependencyConfigurer$DependsOnDatabaseInitializationPostProcessor,org.springframework.boot.autoconfigure.task.TaskExecutorConfigurations$ThreadPoolTaskExecutorBuilderConfiguration,threadPoolTaskExecutorBuilder,org.springframework.boot.autoconfigure.task.TaskExecutorConfigurations$SimpleAsyncTaskExecutorBuilderConfiguration,simpleAsyncTaskExecutorBuilder,org.springframework.boot.autoconfigure.task.TaskExecutorConfigurations$TaskExecutorConfiguration,applicationTaskExecutor,org.springframework.boot.autoconfigure.task.TaskExecutionAutoConfiguration,spring.task.execution-org.springframework.boot.autoconfigure.task.TaskExecutionProperties,org.springframework.boot.autoconfigure.task.TaskSchedulingConfigurations$ThreadPoolTaskSchedulerBuilderConfiguration,threadPoolTaskSchedulerBuilder,org.springframework.boot.autoconfigure.task.TaskSchedulingConfigurations$SimpleAsyncTaskSchedulerBuilderConfiguration,simpleAsyncTaskSchedulerBuilder,org.springframework.boot.autoconfigure.task.TaskSchedulingAutoConfiguration,spring.task.scheduling-org.springframework.boot.autoconfigure.task.TaskSchedulingProperties,org.springframework.boot.autoconfigure.web.embedded.EmbeddedWebServerFactoryCustomizerAutoConfiguration$NettyWebServerFactoryCustomizerConfiguration,nettyWebServerFactoryCustomizer,org.springframework.boot.autoconfigure.web.embedded.EmbeddedWebServerFactoryCustomizerAutoConfiguration,org.springframework.boot.autoconfigure.web.reactive.function.client.ClientHttpConnectorFactoryConfiguration$ReactorNetty,reactorClientHttpConnectorFactory,org.springframework.boot.autoconfigure.web.reactive.function.client.ClientHttpConnectorAutoConfiguration,webClientHttpConnector,webClientHttpConnectorCustomizer,org.springframework.boot.autoconfigure.web.reactive.function.client.WebClientAutoConfiguration$WebClientCodecsConfiguration,exchangeStrategiesCustomizer,org.springframework.boot.autoconfigure.web.reactive.function.client.WebClientAutoConfiguration,webClientBuilder,webClientSsl,org.springframework.cloud.autoconfigure.ConfigurationPropertiesRebinderAutoConfiguration,configurationPropertiesBeans,configurationPropertiesRebinder,org.springframework.cloud.autoconfigure.LifecycleMvcEndpointAutoConfiguration,environmentManager,org.springframework.cloud.client.discovery.simple.SimpleDiscoveryClientAutoConfiguration,simpleDiscoveryProperties,simpleDiscoveryClient,org.springframework.cloud.client.serviceregistry.AutoServiceRegistrationConfiguration,spring.cloud.service-registry.auto-registration-org.springframework.cloud.client.serviceregistry.AutoServiceRegistrationProperties,org.springframework.cloud.client.serviceregistry.AutoServiceRegistrationAutoConfiguration,org.springframework.cloud.netflix.eureka.EurekaDiscoveryClientConfiguration$EurekaClientConfigurationRefresher,org.springframework.cloud.netflix.eureka.EurekaDiscoveryClientConfiguration,discoveryClient,org.springframework.cloud.netflix.eureka.config.DiscoveryClientOptionalArgsConfiguration$WebClientConfiguration,webClientDiscoveryClientOptionalArgs,webClientTransportClientFactories,org.springframework.cloud.netflix.eureka.config.DiscoveryClientOptionalArgsConfiguration,tlsProperties,eureka.client.restclient.timeout-org.springframework.cloud.netflix.eureka.RestClientTimeoutProperties,eureka.client.rest-template-timeout-org.springframework.cloud.netflix.eureka.RestTemplateTimeoutProperties,org.springframework.cloud.netflix.eureka.EurekaClientAutoConfiguration$RefreshableEurekaClientConfiguration,scopedTarget.eurekaClient,eurekaClient,scopedTarget.eurekaApplicationInfoManager,eurekaApplicationInfoManager,scopedTarget.eurekaRegistration,eurekaRegistration,org.springframework.cloud.netflix.eureka.EurekaClientAutoConfiguration,eurekaFeature,eurekaClientConfigBean,serviceManagementMetadataProvider,eurekaInstanceConfigBean,eurekaServiceRegistry,eurekaAutoServiceRegistration,org.springframework.cloud.client.CommonsClientAutoConfiguration,org.springframework.cloud.client.discovery.composite.reactive.ReactiveCompositeDiscoveryClientAutoConfiguration,reactiveCompositeDiscoveryClient,org.springframework.cloud.client.discovery.simple.reactive.SimpleReactiveDiscoveryClientAutoConfiguration,simpleReactiveDiscoveryProperties,simpleReactiveDiscoveryClient,spring.cloud.discovery.client.health-indicator-org.springframework.cloud.client.discovery.health.DiscoveryClientHealthIndicatorProperties,org.springframework.cloud.netflix.eureka.reactive.EurekaReactiveDiscoveryClientConfiguration,eurekaReactiveDiscoveryClient,org.springframework.cloud.client.ReactiveCommonsClientAutoConfiguration,org.springframework.cloud.loadbalancer.config.BlockingLoadBalancerClientAutoConfiguration,blockingLoadBalancerClient,loadBalancerServiceInstanceCookieTransformer,xForwarderHeadersTransformer,default.org.springframework.cloud.loadbalancer.config.BlockingLoadBalancerClientAutoConfiguration.LoadBalancerClientSpecification,org.springframework.cloud.client.loadbalancer.LoadBalancerAutoConfiguration$LoadBalancerInterceptorConfig,loadBalancerInterceptor,restTemplateCustomizer,org.springframework.cloud.client.loadbalancer.LoadBalancerAutoConfiguration$DeferringLoadBalancerInterceptorConfig,deferringLoadBalancerInterceptor,lbRestClientPostProcessor,lbRestTemplateBuilderPostProcessor,org.springframework.cloud.client.loadbalancer.LoadBalancerAutoConfiguration,loadBalancedRestTemplateInitializerDeprecated,loadBalancerRequestFactory,org.springframework.cloud.client.loadbalancer.LoadBalancerDefaultMappingsProviderAutoConfiguration,loadBalancerClientsDefaultsMappingsProvider,org.springframework.cloud.client.loadbalancer.reactive.LoadBalancerBeanPostProcessorAutoConfiguration$ReactorDeferringLoadBalancerFilterConfig,reactorDeferringLoadBalancerExchangeFilterFunction,org.springframework.cloud.client.loadbalancer.reactive.LoadBalancerBeanPostProcessorAutoConfiguration,loadBalancerWebClientBuilderBeanPostProcessor,org.springframework.cloud.client.loadbalancer.reactive.ReactorLoadBalancerClientAutoConfiguration,loadBalancerExchangeFilterFunction,org.springframework.cloud.client.serviceregistry.ServiceRegistryAutoConfiguration,org.springframework.cloud.commons.config.CommonsConfigAutoConfiguration,defaultsBindHandlerAdvisor,org.springframework.cloud.commons.util.UtilAutoConfiguration,inetUtilsProperties,inetUtils,org.springframework.cloud.configuration.CompatibilityVerifierAutoConfiguration,compositeCompatibilityVerifier,springBootVersionVerifier,sleuthPresentVerifier,spring.cloud.compatibility-verifier-org.springframework.cloud.configuration.CompatibilityVerifierProperties,org.springframework.cloud.loadbalancer.config.LoadBalancerCacheAutoConfiguration$DefaultLoadBalancerCacheManagerConfiguration,defaultLoadBalancerCacheManager,org.springframework.cloud.loadbalancer.config.LoadBalancerCacheAutoConfiguration$LoadBalancerCacheManagerWarnConfiguration,caffeineWarnLogger,org.springframework.cloud.loadbalancer.config.LoadBalancerCacheAutoConfiguration,spring.cloud.loadbalancer.cache-org.springframework.cloud.loadbalancer.cache.LoadBalancerCacheProperties,org.springframework.cloud.netflix.eureka.loadbalancer.LoadBalancerEurekaAutoConfiguration,eurekaLoadBalancerProperties,default.org.springframework.cloud.netflix.eureka.loadbalancer.LoadBalancerEurekaAutoConfiguration.LoadBalancerClientSpecification]; root of factory hierarchy
2025-04-26T22:20:18.591+02:00 TRACE 13448 --- [api-gateway] [    Test worker] o.s.b.f.s.DefaultListableBeanFactory     : Returning cached instance of singleton bean 'org.springframework.boot.test.mock.mockito.MockitoPostProcessor$SpyPostProcessor'
2025-04-26T22:20:18.591+02:00 TRACE 13448 --- [api-gateway] [    Test worker] o.s.b.f.s.DefaultListableBeanFactory     : Returning cached instance of singleton bean 'org.springframework.boot.test.mock.mockito.MockitoPostProcessor'
2025-04-26T22:20:18.591+02:00 TRACE 13448 --- [api-gateway] [    Test worker] o.s.b.f.s.DefaultListableBeanFactory     : Returning cached instance of singleton bean 'org.springframework.test.context.support.internalDynamicPropertyRegistrarBeanInitializer'
2025-04-26T22:20:18.592+02:00 TRACE 13448 --- [api-gateway] [    Test worker] o.s.b.f.s.DefaultListableBeanFactory     : Returning cached instance of singleton bean 'org.springframework.context.annotation.internalConfigurationAnnotationProcessor'
2025-04-26T22:20:18.592+02:00 TRACE 13448 --- [api-gateway] [    Test worker] o.s.b.f.s.DefaultListableBeanFactory     : Returning cached instance of singleton bean 'org.springframework.context.annotation.internalAutowiredAnnotationProcessor'
2025-04-26T22:20:18.592+02:00 TRACE 13448 --- [api-gateway] [    Test worker] o.s.b.f.s.DefaultListableBeanFactory     : Returning cached instance of singleton bean 'org.springframework.context.annotation.internalCommonAnnotationProcessor'
2025-04-26T22:20:18.592+02:00 TRACE 13448 --- [api-gateway] [    Test worker] o.s.b.f.s.DefaultListableBeanFactory     : Returning cached instance of singleton bean 'org.springframework.context.event.internalEventListenerProcessor'
2025-04-26T22:20:18.592+02:00 TRACE 13448 --- [api-gateway] [    Test worker] o.s.b.f.s.DefaultListableBeanFactory     : Returning cached instance of singleton bean 'org.springframework.context.event.internalEventListenerFactory'
2025-04-26T22:20:18.592+02:00 DEBUG 13448 --- [api-gateway] [    Test worker] o.s.b.f.s.DefaultListableBeanFactory     : Creating shared instance of singleton bean 'apiGatewayApplication'
2025-04-26T22:20:18.592+02:00 TRACE 13448 --- [api-gateway] [    Test worker] o.s.b.f.s.DefaultListableBeanFactory     : Creating instance of bean 'apiGatewayApplication'
2025-04-26T22:20:18.592+02:00 TRACE 13448 --- [api-gateway] [    Test worker] o.s.b.f.s.DefaultListableBeanFactory     : Returning cached instance of singleton bean 'preFilterAuthorizationAdvisor'
2025-04-26T22:20:18.592+02:00 TRACE 13448 --- [api-gateway] [    Test worker] o.s.b.f.s.DefaultListableBeanFactory     : Returning cached instance of singleton bean 'preAuthorizeAuthorizationAdvisor'
2025-04-26T22:20:18.592+02:00 TRACE 13448 --- [api-gateway] [    Test worker] o.s.b.f.s.DefaultListableBeanFactory     : Returning cached instance of singleton bean 'postFilterAuthorizationAdvisor'
2025-04-26T22:20:18.592+02:00 TRACE 13448 --- [api-gateway] [    Test worker] o.s.b.f.s.DefaultListableBeanFactory     : Returning cached instance of singleton bean 'postAuthorizeAuthorizationAdvisor'
2025-04-26T22:20:18.592+02:00 TRACE 13448 --- [api-gateway] [    Test worker] o.s.b.f.s.DefaultListableBeanFactory     : Returning cached instance of singleton bean 'jsr250AuthorizationAdvisor'
2025-04-26T22:20:18.592+02:00 TRACE 13448 --- [api-gateway] [    Test worker] o.s.b.f.s.DefaultListableBeanFactory     : Returning cached instance of singleton bean 'authorizeReturnObjectAdvisor'
2025-04-26T22:20:18.593+02:00 TRACE 13448 --- [api-gateway] [    Test worker] o.s.b.f.s.DefaultListableBeanFactory     : Finished creating instance of bean 'apiGatewayApplication'
2025-04-26T22:20:18.593+02:00 TRACE 13448 --- [api-gateway] [    Test worker] o.s.b.f.s.DefaultListableBeanFactory     : Returning cached instance of singleton bean 'org.springframework.boot.autoconfigure.internalCachingMetadataReaderFactory'
2025-04-26T22:20:18.594+02:00 DEBUG 13448 --- [api-gateway] [    Test worker] o.s.b.f.s.DefaultListableBeanFactory     : Creating shared instance of singleton bean 'gatewayConfig'
2025-04-26T22:20:18.594+02:00 TRACE 13448 --- [api-gateway] [    Test worker] o.s.b.f.s.DefaultListableBeanFactory     : Creating instance of bean 'gatewayConfig'
2025-04-26T22:20:18.595+02:00 TRACE 13448 --- [api-gateway] [    Test worker] o.s.b.f.s.DefaultListableBeanFactory     : Returning cached instance of singleton bean 'preFilterAuthorizationAdvisor'
2025-04-26T22:20:18.595+02:00 TRACE 13448 --- [api-gateway] [    Test worker] o.s.b.f.s.DefaultListableBeanFactory     : Returning cached instance of singleton bean 'preAuthorizeAuthorizationAdvisor'
2025-04-26T22:20:18.595+02:00 TRACE 13448 --- [api-gateway] [    Test worker] o.s.b.f.s.DefaultListableBeanFactory     : Returning cached instance of singleton bean 'postFilterAuthorizationAdvisor'
2025-04-26T22:20:18.595+02:00 TRACE 13448 --- [api-gateway] [    Test worker] o.s.b.f.s.DefaultListableBeanFactory     : Returning cached instance of singleton bean 'postAuthorizeAuthorizationAdvisor'
2025-04-26T22:20:18.595+02:00 TRACE 13448 --- [api-gateway] [    Test worker] o.s.b.f.s.DefaultListableBeanFactory     : Returning cached instance of singleton bean 'jsr250AuthorizationAdvisor'
2025-04-26T22:20:18.595+02:00 TRACE 13448 --- [api-gateway] [    Test worker] o.s.b.f.s.DefaultListableBeanFactory     : Returning cached instance of singleton bean 'authorizeReturnObjectAdvisor'
2025-04-26T22:20:18.596+02:00 TRACE 13448 --- [api-gateway] [    Test worker] o.s.b.f.s.DefaultListableBeanFactory     : Finished creating instance of bean 'gatewayConfig'
2025-04-26T22:20:18.596+02:00 DEBUG 13448 --- [api-gateway] [    Test worker] o.s.b.f.s.DefaultListableBeanFactory     : Creating shared instance of singleton bean 'securityConfig'
2025-04-26T22:20:18.596+02:00 TRACE 13448 --- [api-gateway] [    Test worker] o.s.b.f.s.DefaultListableBeanFactory     : Creating instance of bean 'securityConfig'
2025-04-26T22:20:18.596+02:00 TRACE 13448 --- [api-gateway] [    Test worker] o.s.b.f.s.DefaultListableBeanFactory     : Returning cached instance of singleton bean 'preFilterAuthorizationAdvisor'
2025-04-26T22:20:18.596+02:00 TRACE 13448 --- [api-gateway] [    Test worker] o.s.b.f.s.DefaultListableBeanFactory     : Returning cached instance of singleton bean 'preAuthorizeAuthorizationAdvisor'
2025-04-26T22:20:18.596+02:00 TRACE 13448 --- [api-gateway] [    Test worker] o.s.b.f.s.DefaultListableBeanFactory     : Returning cached instance of singleton bean 'postFilterAuthorizationAdvisor'
2025-04-26T22:20:18.596+02:00 TRACE 13448 --- [api-gateway] [    Test worker] o.s.b.f.s.DefaultListableBeanFactory     : Returning cached instance of singleton bean 'postAuthorizeAuthorizationAdvisor'
2025-04-26T22:20:18.596+02:00 TRACE 13448 --- [api-gateway] [    Test worker] o.s.b.f.s.DefaultListableBeanFactory     : Returning cached instance of singleton bean 'jsr250AuthorizationAdvisor'
2025-04-26T22:20:18.596+02:00 TRACE 13448 --- [api-gateway] [    Test worker] o.s.b.f.s.DefaultListableBeanFactory     : Returning cached instance of singleton bean 'authorizeReturnObjectAdvisor'
2025-04-26T22:20:18.597+02:00 TRACE 13448 --- [api-gateway] [    Test worker] o.s.b.f.s.DefaultListableBeanFactory     : Finished creating instance of bean 'securityConfig'
2025-04-26T22:20:18.597+02:00 DEBUG 13448 --- [api-gateway] [    Test worker] o.s.b.f.s.DefaultListableBeanFactory     : Creating shared instance of singleton bean 'customRouteLocator'
2025-04-26T22:20:18.597+02:00 TRACE 13448 --- [api-gateway] [    Test worker] o.s.b.f.s.DefaultListableBeanFactory     : Creating instance of bean 'customRouteLocator'
2025-04-26T22:20:18.597+02:00 TRACE 13448 --- [api-gateway] [    Test worker] o.s.b.f.s.DefaultListableBeanFactory     : Returning cached instance of singleton bean 'gatewayConfig'
2025-04-26T22:20:18.599+02:00 DEBUG 13448 --- [api-gateway] [    Test worker] o.s.b.f.s.DefaultListableBeanFactory     : Creating shared instance of singleton bean 'routeLocatorBuilder'
2025-04-26T22:20:18.599+02:00 TRACE 13448 --- [api-gateway] [    Test worker] o.s.b.f.s.DefaultListableBeanFactory     : Creating instance of bean 'routeLocatorBuilder'
2025-04-26T22:20:18.599+02:00 DEBUG 13448 --- [api-gateway] [    Test worker] o.s.b.f.s.DefaultListableBeanFactory     : Creating shared instance of singleton bean 'org.springframework.cloud.gateway.config.GatewayAutoConfiguration'
2025-04-26T22:20:18.599+02:00 TRACE 13448 --- [api-gateway] [    Test worker] o.s.b.f.s.DefaultListableBeanFactory     : Creating instance of bean 'org.springframework.cloud.gateway.config.GatewayAutoConfiguration'
2025-04-26T22:20:18.600+02:00 TRACE 13448 --- [api-gateway] [    Test worker] o.s.b.f.s.DefaultListableBeanFactory     : Returning cached instance of singleton bean 'preFilterAuthorizationAdvisor'
2025-04-26T22:20:18.600+02:00 TRACE 13448 --- [api-gateway] [    Test worker] o.s.b.f.s.DefaultListableBeanFactory     : Returning cached instance of singleton bean 'preAuthorizeAuthorizationAdvisor'
2025-04-26T22:20:18.600+02:00 TRACE 13448 --- [api-gateway] [    Test worker] o.s.b.f.s.DefaultListableBeanFactory     : Returning cached instance of singleton bean 'postFilterAuthorizationAdvisor'
2025-04-26T22:20:18.600+02:00 TRACE 13448 --- [api-gateway] [    Test worker] o.s.b.f.s.DefaultListableBeanFactory     : Returning cached instance of singleton bean 'postAuthorizeAuthorizationAdvisor'
2025-04-26T22:20:18.600+02:00 TRACE 13448 --- [api-gateway] [    Test worker] o.s.b.f.s.DefaultListableBeanFactory     : Returning cached instance of singleton bean 'jsr250AuthorizationAdvisor'
2025-04-26T22:20:18.600+02:00 TRACE 13448 --- [api-gateway] [    Test worker] o.s.b.f.s.DefaultListableBeanFactory     : Returning cached instance of singleton bean 'authorizeReturnObjectAdvisor'
2025-04-26T22:20:18.605+02:00 TRACE 13448 --- [api-gateway] [    Test worker] o.s.b.f.s.DefaultListableBeanFactory     : Finished creating instance of bean 'org.springframework.cloud.gateway.config.GatewayAutoConfiguration'
2025-04-26T22:20:18.606+02:00 DEBUG 13448 --- [api-gateway] [    Test worker] o.s.b.f.s.DefaultListableBeanFactory     : Autowiring by type from bean name 'routeLocatorBuilder' via factory method to bean named 'org.springframework.boot.web.reactive.context.GenericReactiveWebApplicationContext@79d743e6'
2025-04-26T22:20:18.607+02:00 TRACE 13448 --- [api-gateway] [    Test worker] o.s.b.f.s.DefaultListableBeanFactory     : Returning cached instance of singleton bean 'preFilterAuthorizationAdvisor'
2025-04-26T22:20:18.607+02:00 TRACE 13448 --- [api-gateway] [    Test worker] o.s.b.f.s.DefaultListableBeanFactory     : Returning cached instance of singleton bean 'preAuthorizeAuthorizationAdvisor'
2025-04-26T22:20:18.607+02:00 TRACE 13448 --- [api-gateway] [    Test worker] o.s.b.f.s.DefaultListableBeanFactory     : Returning cached instance of singleton bean 'postFilterAuthorizationAdvisor'
2025-04-26T22:20:18.607+02:00 TRACE 13448 --- [api-gateway] [    Test worker] o.s.b.f.s.DefaultListableBeanFactory     : Returning cached instance of singleton bean 'postAuthorizeAuthorizationAdvisor'
2025-04-26T22:20:18.607+02:00 TRACE 13448 --- [api-gateway] [    Test worker] o.s.b.f.s.DefaultListableBeanFactory     : Returning cached instance of singleton bean 'jsr250AuthorizationAdvisor'
2025-04-26T22:20:18.607+02:00 TRACE 13448 --- [api-gateway] [    Test worker] o.s.b.f.s.DefaultListableBeanFactory     : Returning cached instance of singleton bean 'authorizeReturnObjectAdvisor'
2025-04-26T22:20:18.607+02:00 TRACE 13448 --- [api-gateway] [    Test worker] o.s.b.f.s.DefaultListableBeanFactory     : Finished creating instance of bean 'routeLocatorBuilder'
2025-04-26T22:20:18.607+02:00 DEBUG 13448 --- [api-gateway] [    Test worker] o.s.b.f.s.DefaultListableBeanFactory     : Autowiring by type from bean name 'customRouteLocator' via factory method to bean named 'routeLocatorBuilder'
2025-04-26T22:20:18.612+02:00 DEBUG 13448 --- [api-gateway] [    Test worker] o.s.b.f.s.DefaultListableBeanFactory     : Creating shared instance of singleton bean 'pathRoutePredicateFactory'
2025-04-26T22:20:18.612+02:00 TRACE 13448 --- [api-gateway] [    Test worker] o.s.b.f.s.DefaultListableBeanFactory     : Creating instance of bean 'pathRoutePredicateFactory'
2025-04-26T22:20:18.612+02:00 TRACE 13448 --- [api-gateway] [    Test worker] o.s.b.f.s.DefaultListableBeanFactory     : Returning cached instance of singleton bean 'org.springframework.cloud.gateway.config.GatewayAutoConfiguration'
2025-04-26T22:20:18.618+02:00 TRACE 13448 --- [api-gateway] [    Test worker] o.s.b.f.s.DefaultListableBeanFactory     : Returning cached instance of singleton bean 'preFilterAuthorizationAdvisor'
2025-04-26T22:20:18.618+02:00 TRACE 13448 --- [api-gateway] [    Test worker] o.s.b.f.s.DefaultListableBeanFactory     : Returning cached instance of singleton bean 'preAuthorizeAuthorizationAdvisor'
2025-04-26T22:20:18.618+02:00 TRACE 13448 --- [api-gateway] [    Test worker] o.s.b.f.s.DefaultListableBeanFactory     : Returning cached instance of singleton bean 'postFilterAuthorizationAdvisor'
2025-04-26T22:20:18.618+02:00 TRACE 13448 --- [api-gateway] [    Test worker] o.s.b.f.s.DefaultListableBeanFactory     : Returning cached instance of singleton bean 'postAuthorizeAuthorizationAdvisor'
2025-04-26T22:20:18.618+02:00 TRACE 13448 --- [api-gateway] [    Test worker] o.s.b.f.s.DefaultListableBeanFactory     : Returning cached instance of singleton bean 'jsr250AuthorizationAdvisor'
2025-04-26T22:20:18.618+02:00 TRACE 13448 --- [api-gateway] [    Test worker] o.s.b.f.s.DefaultListableBeanFactory     : Returning cached instance of singleton bean 'authorizeReturnObjectAdvisor'
2025-04-26T22:20:18.621+02:00 TRACE 13448 --- [api-gateway] [    Test worker] o.s.b.f.s.DefaultListableBeanFactory     : Finished creating instance of bean 'pathRoutePredicateFactory'
2025-04-26T22:20:18.634+02:00 DEBUG 13448 --- [api-gateway] [    Test worker] o.s.b.f.s.DefaultListableBeanFactory     : Creating shared instance of singleton bean 'addRequestHeaderGatewayFilterFactory'
2025-04-26T22:20:18.634+02:00 TRACE 13448 --- [api-gateway] [    Test worker] o.s.b.f.s.DefaultListableBeanFactory     : Creating instance of bean 'addRequestHeaderGatewayFilterFactory'
2025-04-26T22:20:18.634+02:00 TRACE 13448 --- [api-gateway] [    Test worker] o.s.b.f.s.DefaultListableBeanFactory     : Returning cached instance of singleton bean 'org.springframework.cloud.gateway.config.GatewayAutoConfiguration'
2025-04-26T22:20:18.636+02:00 TRACE 13448 --- [api-gateway] [    Test worker] o.s.b.f.s.DefaultListableBeanFactory     : Returning cached instance of singleton bean 'preFilterAuthorizationAdvisor'
2025-04-26T22:20:18.636+02:00 TRACE 13448 --- [api-gateway] [    Test worker] o.s.b.f.s.DefaultListableBeanFactory     : Returning cached instance of singleton bean 'preAuthorizeAuthorizationAdvisor'
2025-04-26T22:20:18.636+02:00 TRACE 13448 --- [api-gateway] [    Test worker] o.s.b.f.s.DefaultListableBeanFactory     : Returning cached instance of singleton bean 'postFilterAuthorizationAdvisor'
2025-04-26T22:20:18.636+02:00 TRACE 13448 --- [api-gateway] [    Test worker] o.s.b.f.s.DefaultListableBeanFactory     : Returning cached instance of singleton bean 'postAuthorizeAuthorizationAdvisor'
2025-04-26T22:20:18.636+02:00 TRACE 13448 --- [api-gateway] [    Test worker] o.s.b.f.s.DefaultListableBeanFactory     : Returning cached instance of singleton bean 'jsr250AuthorizationAdvisor'
2025-04-26T22:20:18.636+02:00 TRACE 13448 --- [api-gateway] [    Test worker] o.s.b.f.s.DefaultListableBeanFactory     : Returning cached instance of singleton bean 'authorizeReturnObjectAdvisor'
2025-04-26T22:20:18.638+02:00 TRACE 13448 --- [api-gateway] [    Test worker] o.s.b.f.s.DefaultListableBeanFactory     : Finished creating instance of bean 'addRequestHeaderGatewayFilterFactory'
2025-04-26T22:20:18.640+02:00 DEBUG 13448 --- [api-gateway] [    Test worker] o.s.b.f.s.DefaultListableBeanFactory     : Creating shared instance of singleton bean 'rewritePathGatewayFilterFactory'
2025-04-26T22:20:18.640+02:00 TRACE 13448 --- [api-gateway] [    Test worker] o.s.b.f.s.DefaultListableBeanFactory     : Creating instance of bean 'rewritePathGatewayFilterFactory'
2025-04-26T22:20:18.640+02:00 TRACE 13448 --- [api-gateway] [    Test worker] o.s.b.f.s.DefaultListableBeanFactory     : Returning cached instance of singleton bean 'org.springframework.cloud.gateway.config.GatewayAutoConfiguration'
2025-04-26T22:20:18.642+02:00 TRACE 13448 --- [api-gateway] [    Test worker] o.s.b.f.s.DefaultListableBeanFactory     : Returning cached instance of singleton bean 'preFilterAuthorizationAdvisor'
2025-04-26T22:20:18.642+02:00 TRACE 13448 --- [api-gateway] [    Test worker] o.s.b.f.s.DefaultListableBeanFactory     : Returning cached instance of singleton bean 'preAuthorizeAuthorizationAdvisor'
2025-04-26T22:20:18.642+02:00 TRACE 13448 --- [api-gateway] [    Test worker] o.s.b.f.s.DefaultListableBeanFactory     : Returning cached instance of singleton bean 'postFilterAuthorizationAdvisor'
2025-04-26T22:20:18.642+02:00 TRACE 13448 --- [api-gateway] [    Test worker] o.s.b.f.s.DefaultListableBeanFactory     : Returning cached instance of singleton bean 'postAuthorizeAuthorizationAdvisor'
2025-04-26T22:20:18.642+02:00 TRACE 13448 --- [api-gateway] [    Test worker] o.s.b.f.s.DefaultListableBeanFactory     : Returning cached instance of singleton bean 'jsr250AuthorizationAdvisor'
2025-04-26T22:20:18.642+02:00 TRACE 13448 --- [api-gateway] [    Test worker] o.s.b.f.s.DefaultListableBeanFactory     : Returning cached instance of singleton bean 'authorizeReturnObjectAdvisor'
2025-04-26T22:20:18.644+02:00 TRACE 13448 --- [api-gateway] [    Test worker] o.s.b.f.s.DefaultListableBeanFactory     : Finished creating instance of bean 'rewritePathGatewayFilterFactory'
2025-04-26T22:20:18.646+02:00 TRACE 13448 --- [api-gateway] [    Test worker] o.s.b.f.s.DefaultListableBeanFactory     : Returning cached instance of singleton bean 'pathRoutePredicateFactory'
2025-04-26T22:20:18.646+02:00 TRACE 13448 --- [api-gateway] [    Test worker] o.s.b.f.s.DefaultListableBeanFactory     : Returning cached instance of singleton bean 'rewritePathGatewayFilterFactory'
2025-04-26T22:20:18.647+02:00 TRACE 13448 --- [api-gateway] [    Test worker] o.s.b.f.s.DefaultListableBeanFactory     : Returning cached instance of singleton bean 'pathRoutePredicateFactory'
2025-04-26T22:20:18.647+02:00 TRACE 13448 --- [api-gateway] [    Test worker] o.s.b.f.s.DefaultListableBeanFactory     : Returning cached instance of singleton bean 'addRequestHeaderGatewayFilterFactory'
2025-04-26T22:20:18.647+02:00 TRACE 13448 --- [api-gateway] [    Test worker] o.s.b.f.s.DefaultListableBeanFactory     : Returning cached instance of singleton bean 'rewritePathGatewayFilterFactory'
2025-04-26T22:20:18.648+02:00 TRACE 13448 --- [api-gateway] [    Test worker] o.s.b.f.s.DefaultListableBeanFactory     : Returning cached instance of singleton bean 'pathRoutePredicateFactory'
2025-04-26T22:20:18.648+02:00 TRACE 13448 --- [api-gateway] [    Test worker] o.s.b.f.s.DefaultListableBeanFactory     : Returning cached instance of singleton bean 'addRequestHeaderGatewayFilterFactory'
2025-04-26T22:20:18.648+02:00 TRACE 13448 --- [api-gateway] [    Test worker] o.s.b.f.s.DefaultListableBeanFactory     : Returning cached instance of singleton bean 'rewritePathGatewayFilterFactory'
2025-04-26T22:20:18.648+02:00 TRACE 13448 --- [api-gateway] [    Test worker] o.s.b.f.s.DefaultListableBeanFactory     : Returning cached instance of singleton bean 'pathRoutePredicateFactory'
2025-04-26T22:20:18.649+02:00 TRACE 13448 --- [api-gateway] [    Test worker] o.s.b.f.s.DefaultListableBeanFactory     : Returning cached instance of singleton bean 'addRequestHeaderGatewayFilterFactory'
2025-04-26T22:20:18.649+02:00 TRACE 13448 --- [api-gateway] [    Test worker] o.s.b.f.s.DefaultListableBeanFactory     : Returning cached instance of singleton bean 'rewritePathGatewayFilterFactory'
2025-04-26T22:20:18.650+02:00 TRACE 13448 --- [api-gateway] [    Test worker] o.s.b.f.s.DefaultListableBeanFactory     : Returning cached instance of singleton bean 'preFilterAuthorizationAdvisor'
2025-04-26T22:20:18.650+02:00 TRACE 13448 --- [api-gateway] [    Test worker] o.s.b.f.s.DefaultListableBeanFactory     : Returning cached instance of singleton bean 'preAuthorizeAuthorizationAdvisor'
2025-04-26T22:20:18.650+02:00 TRACE 13448 --- [api-gateway] [    Test worker] o.s.b.f.s.DefaultListableBeanFactory     : Returning cached instance of singleton bean 'postFilterAuthorizationAdvisor'
2025-04-26T22:20:18.650+02:00 TRACE 13448 --- [api-gateway] [    Test worker] o.s.b.f.s.DefaultListableBeanFactory     : Returning cached instance of singleton bean 'postAuthorizeAuthorizationAdvisor'
2025-04-26T22:20:18.650+02:00 TRACE 13448 --- [api-gateway] [    Test worker] o.s.b.f.s.DefaultListableBeanFactory     : Returning cached instance of singleton bean 'jsr250AuthorizationAdvisor'
2025-04-26T22:20:18.650+02:00 TRACE 13448 --- [api-gateway] [    Test worker] o.s.b.f.s.DefaultListableBeanFactory     : Returning cached instance of singleton bean 'authorizeReturnObjectAdvisor'
2025-04-26T22:20:18.651+02:00 TRACE 13448 --- [api-gateway] [    Test worker] o.s.b.f.s.DefaultListableBeanFactory     : Finished creating instance of bean 'customRouteLocator'
2025-04-26T22:20:18.651+02:00 DEBUG 13448 --- [api-gateway] [    Test worker] o.s.b.f.s.DefaultListableBeanFactory     : Creating shared instance of singleton bean 'org.springframework.security.config.annotation.web.reactive.ServerHttpSecurityConfiguration'
2025-04-26T22:20:18.651+02:00 TRACE 13448 --- [api-gateway] [    Test worker] o.s.b.f.s.DefaultListableBeanFactory     : Creating instance of bean 'org.springframework.security.config.annotation.web.reactive.ServerHttpSecurityConfiguration'
2025-04-26T22:20:18.746+02:00 TRACE 13448 --- [api-gateway] [    Test worker] o.s.beans.CachedIntrospectionResults     : Getting BeanInfo for class [org.springframework.security.config.annotation.web.reactive.ServerHttpSecurityConfiguration]
2025-04-26T22:20:18.748+02:00 TRACE 13448 --- [api-gateway] [    Test worker] o.s.beans.CachedIntrospectionResults     : Caching PropertyDescriptors for class [org.springframework.security.config.annotation.web.reactive.ServerHttpSecurityConfiguration]
2025-04-26T22:20:18.748+02:00 TRACE 13448 --- [api-gateway] [    Test worker] o.s.beans.CachedIntrospectionResults     : Found bean property 'class' of type [java.lang.Class]
2025-04-26T22:20:18.751+02:00 TRACE 13448 --- [api-gateway] [    Test worker] f.a.AutowiredAnnotationBeanPostProcessor : Autowiring by type from bean name 'org.springframework.security.config.annotation.web.reactive.ServerHttpSecurityConfiguration' to bean named 'org.springframework.beans.factory.support.DefaultListableBeanFactory@47447ccf'
2025-04-26T22:20:18.751+02:00 DEBUG 13448 --- [api-gateway] [    Test worker] o.s.b.f.s.DefaultListableBeanFactory     : Creating shared instance of singleton bean 'webFluxAdapterRegistry'
2025-04-26T22:20:18.751+02:00 TRACE 13448 --- [api-gateway] [    Test worker] o.s.b.f.s.DefaultListableBeanFactory     : Creating instance of bean 'webFluxAdapterRegistry'
2025-04-26T22:20:18.751+02:00 DEBUG 13448 --- [api-gateway] [    Test worker] o.s.b.f.s.DefaultListableBeanFactory     : Creating shared instance of singleton bean 'org.springframework.boot.autoconfigure.web.reactive.WebFluxAutoConfiguration$EnableWebFluxConfiguration'
2025-04-26T22:20:18.751+02:00 TRACE 13448 --- [api-gateway] [    Test worker] o.s.b.f.s.DefaultListableBeanFactory     : Creating instance of bean 'org.springframework.boot.autoconfigure.web.reactive.WebFluxAutoConfiguration$EnableWebFluxConfiguration'
2025-04-26T22:20:18.752+02:00 DEBUG 13448 --- [api-gateway] [    Test worker] o.s.b.f.s.DefaultListableBeanFactory     : Creating shared instance of singleton bean 'spring.webflux-org.springframework.boot.autoconfigure.web.reactive.WebFluxProperties'
2025-04-26T22:20:18.752+02:00 TRACE 13448 --- [api-gateway] [    Test worker] o.s.b.f.s.DefaultListableBeanFactory     : Creating instance of bean 'spring.webflux-org.springframework.boot.autoconfigure.web.reactive.WebFluxProperties'
2025-04-26T22:20:18.754+02:00 DEBUG 13448 --- [api-gateway] [    Test worker] o.s.b.f.s.DefaultListableBeanFactory     : Creating shared instance of singleton bean 'org.springframework.boot.context.properties.BoundConfigurationProperties'
2025-04-26T22:20:18.754+02:00 TRACE 13448 --- [api-gateway] [    Test worker] o.s.b.f.s.DefaultListableBeanFactory     : Creating instance of bean 'org.springframework.boot.context.properties.BoundConfigurationProperties'
2025-04-26T22:20:18.754+02:00 TRACE 13448 --- [api-gateway] [    Test worker] o.s.b.f.s.DefaultListableBeanFactory     : Returning cached instance of singleton bean 'preFilterAuthorizationAdvisor'
2025-04-26T22:20:18.754+02:00 TRACE 13448 --- [api-gateway] [    Test worker] o.s.b.f.s.DefaultListableBeanFactory     : Returning cached instance of singleton bean 'preAuthorizeAuthorizationAdvisor'
2025-04-26T22:20:18.754+02:00 TRACE 13448 --- [api-gateway] [    Test worker] o.s.b.f.s.DefaultListableBeanFactory     : Returning cached instance of singleton bean 'postFilterAuthorizationAdvisor'
2025-04-26T22:20:18.754+02:00 TRACE 13448 --- [api-gateway] [    Test worker] o.s.b.f.s.DefaultListableBeanFactory     : Returning cached instance of singleton bean 'postAuthorizeAuthorizationAdvisor'
2025-04-26T22:20:18.754+02:00 TRACE 13448 --- [api-gateway] [    Test worker] o.s.b.f.s.DefaultListableBeanFactory     : Returning cached instance of singleton bean 'jsr250AuthorizationAdvisor'
2025-04-26T22:20:18.754+02:00 TRACE 13448 --- [api-gateway] [    Test worker] o.s.b.f.s.DefaultListableBeanFactory     : Returning cached instance of singleton bean 'authorizeReturnObjectAdvisor'
2025-04-26T22:20:18.755+02:00 TRACE 13448 --- [api-gateway] [    Test worker] o.s.b.f.s.DefaultListableBeanFactory     : Finished creating instance of bean 'org.springframework.boot.context.properties.BoundConfigurationProperties'
2025-04-26T22:20:18.757+02:00 DEBUG 13448 --- [api-gateway] [    Test worker] o.s.b.f.s.DefaultListableBeanFactory     : Creating shared instance of singleton bean 'defaultsBindHandlerAdvisor'
2025-04-26T22:20:18.757+02:00 TRACE 13448 --- [api-gateway] [    Test worker] o.s.b.f.s.DefaultListableBeanFactory     : Creating instance of bean 'defaultsBindHandlerAdvisor'
2025-04-26T22:20:18.757+02:00 DEBUG 13448 --- [api-gateway] [    Test worker] o.s.b.f.s.DefaultListableBeanFactory     : Creating shared instance of singleton bean 'org.springframework.cloud.commons.config.CommonsConfigAutoConfiguration'
2025-04-26T22:20:18.757+02:00 TRACE 13448 --- [api-gateway] [    Test worker] o.s.b.f.s.DefaultListableBeanFactory     : Creating instance of bean 'org.springframework.cloud.commons.config.CommonsConfigAutoConfiguration'
2025-04-26T22:20:18.757+02:00 TRACE 13448 --- [api-gateway] [    Test worker] o.s.b.f.s.DefaultListableBeanFactory     : Returning cached instance of singleton bean 'preFilterAuthorizationAdvisor'
2025-04-26T22:20:18.757+02:00 TRACE 13448 --- [api-gateway] [    Test worker] o.s.b.f.s.DefaultListableBeanFactory     : Returning cached instance of singleton bean 'preAuthorizeAuthorizationAdvisor'
2025-04-26T22:20:18.757+02:00 TRACE 13448 --- [api-gateway] [    Test worker] o.s.b.f.s.DefaultListableBeanFactory     : Returning cached instance of singleton bean 'postFilterAuthorizationAdvisor'
2025-04-26T22:20:18.757+02:00 TRACE 13448 --- [api-gateway] [    Test worker] o.s.b.f.s.DefaultListableBeanFactory     : Returning cached instance of singleton bean 'postAuthorizeAuthorizationAdvisor'
2025-04-26T22:20:18.757+02:00 TRACE 13448 --- [api-gateway] [    Test worker] o.s.b.f.s.DefaultListableBeanFactory     : Returning cached instance of singleton bean 'jsr250AuthorizationAdvisor'
2025-04-26T22:20:18.757+02:00 TRACE 13448 --- [api-gateway] [    Test worker] o.s.b.f.s.DefaultListableBeanFactory     : Returning cached instance of singleton bean 'authorizeReturnObjectAdvisor'
2025-04-26T22:20:18.757+02:00 TRACE 13448 --- [api-gateway] [    Test worker] o.s.b.f.s.DefaultListableBeanFactory     : Finished creating instance of bean 'org.springframework.cloud.commons.config.CommonsConfigAutoConfiguration'
2025-04-26T22:20:18.760+02:00 DEBUG 13448 --- [api-gateway] [    Test worker] o.s.b.f.s.DefaultListableBeanFactory     : Creating shared instance of singleton bean 'loadBalancerClientsDefaultsMappingsProvider'
2025-04-26T22:20:18.760+02:00 TRACE 13448 --- [api-gateway] [    Test worker] o.s.b.f.s.DefaultListableBeanFactory     : Creating instance of bean 'loadBalancerClientsDefaultsMappingsProvider'
2025-04-26T22:20:18.760+02:00 DEBUG 13448 --- [api-gateway] [    Test worker] o.s.b.f.s.DefaultListableBeanFactory     : Creating shared instance of singleton bean 'org.springframework.cloud.client.loadbalancer.LoadBalancerDefaultMappingsProviderAutoConfiguration'
2025-04-26T22:20:18.760+02:00 TRACE 13448 --- [api-gateway] [    Test worker] o.s.b.f.s.DefaultListableBeanFactory     : Creating instance of bean 'org.springframework.cloud.client.loadbalancer.LoadBalancerDefaultMappingsProviderAutoConfiguration'
2025-04-26T22:20:18.760+02:00 TRACE 13448 --- [api-gateway] [    Test worker] o.s.b.f.s.DefaultListableBeanFactory     : Returning cached instance of singleton bean 'preFilterAuthorizationAdvisor'
2025-04-26T22:20:18.760+02:00 TRACE 13448 --- [api-gateway] [    Test worker] o.s.b.f.s.DefaultListableBeanFactory     : Returning cached instance of singleton bean 'preAuthorizeAuthorizationAdvisor'
2025-04-26T22:20:18.760+02:00 TRACE 13448 --- [api-gateway] [    Test worker] o.s.b.f.s.DefaultListableBeanFactory     : Returning cached instance of singleton bean 'postFilterAuthorizationAdvisor'
2025-04-26T22:20:18.760+02:00 TRACE 13448 --- [api-gateway] [    Test worker] o.s.b.f.s.DefaultListableBeanFactory     : Returning cached instance of singleton bean 'postAuthorizeAuthorizationAdvisor'
2025-04-26T22:20:18.760+02:00 TRACE 13448 --- [api-gateway] [    Test worker] o.s.b.f.s.DefaultListableBeanFactory     : Returning cached instance of singleton bean 'jsr250AuthorizationAdvisor'
2025-04-26T22:20:18.760+02:00 TRACE 13448 --- [api-gateway] [    Test worker] o.s.b.f.s.DefaultListableBeanFactory     : Returning cached instance of singleton bean 'authorizeReturnObjectAdvisor'
2025-04-26T22:20:18.760+02:00 TRACE 13448 --- [api-gateway] [    Test worker] o.s.b.f.s.DefaultListableBeanFactory     : Finished creating instance of bean 'org.springframework.cloud.client.loadbalancer.LoadBalancerDefaultMappingsProviderAutoConfiguration'
2025-04-26T22:20:18.760+02:00 TRACE 13448 --- [api-gateway] [    Test worker] o.s.b.f.s.DefaultListableBeanFactory     : Returning cached instance of singleton bean 'preFilterAuthorizationAdvisor'
2025-04-26T22:20:18.760+02:00 TRACE 13448 --- [api-gateway] [    Test worker] o.s.b.f.s.DefaultListableBeanFactory     : Returning cached instance of singleton bean 'preAuthorizeAuthorizationAdvisor'
2025-04-26T22:20:18.760+02:00 TRACE 13448 --- [api-gateway] [    Test worker] o.s.b.f.s.DefaultListableBeanFactory     : Returning cached instance of singleton bean 'postFilterAuthorizationAdvisor'
2025-04-26T22:20:18.760+02:00 TRACE 13448 --- [api-gateway] [    Test worker] o.s.b.f.s.DefaultListableBeanFactory     : Returning cached instance of singleton bean 'postAuthorizeAuthorizationAdvisor'
2025-04-26T22:20:18.760+02:00 TRACE 13448 --- [api-gateway] [    Test worker] o.s.b.f.s.DefaultListableBeanFactory     : Returning cached instance of singleton bean 'jsr250AuthorizationAdvisor'
2025-04-26T22:20:18.760+02:00 TRACE 13448 --- [api-gateway] [    Test worker] o.s.b.f.s.DefaultListableBeanFactory     : Returning cached instance of singleton bean 'authorizeReturnObjectAdvisor'
2025-04-26T22:20:18.760+02:00 TRACE 13448 --- [api-gateway] [    Test worker] o.s.b.f.s.DefaultListableBeanFactory     : Finished creating instance of bean 'loadBalancerClientsDefaultsMappingsProvider'
2025-04-26T22:20:18.761+02:00 DEBUG 13448 --- [api-gateway] [    Test worker] o.s.b.f.s.DefaultListableBeanFactory     : Autowiring by type from bean name 'defaultsBindHandlerAdvisor' via factory method to bean named 'loadBalancerClientsDefaultsMappingsProvider'
2025-04-26T22:20:18.762+02:00 TRACE 13448 --- [api-gateway] [    Test worker] o.s.b.f.s.DefaultListableBeanFactory     : Returning cached instance of singleton bean 'preFilterAuthorizationAdvisor'
2025-04-26T22:20:18.762+02:00 TRACE 13448 --- [api-gateway] [    Test worker] o.s.b.f.s.DefaultListableBeanFactory     : Returning cached instance of singleton bean 'preAuthorizeAuthorizationAdvisor'
2025-04-26T22:20:18.762+02:00 TRACE 13448 --- [api-gateway] [    Test worker] o.s.b.f.s.DefaultListableBeanFactory     : Returning cached instance of singleton bean 'postFilterAuthorizationAdvisor'
2025-04-26T22:20:18.762+02:00 TRACE 13448 --- [api-gateway] [    Test worker] o.s.b.f.s.DefaultListableBeanFactory     : Returning cached instance of singleton bean 'postAuthorizeAuthorizationAdvisor'
2025-04-26T22:20:18.762+02:00 TRACE 13448 --- [api-gateway] [    Test worker] o.s.b.f.s.DefaultListableBeanFactory     : Returning cached instance of singleton bean 'jsr250AuthorizationAdvisor'
2025-04-26T22:20:18.762+02:00 TRACE 13448 --- [api-gateway] [    Test worker] o.s.b.f.s.DefaultListableBeanFactory     : Returning cached instance of singleton bean 'authorizeReturnObjectAdvisor'
2025-04-26T22:20:18.762+02:00 TRACE 13448 --- [api-gateway] [    Test worker] o.s.b.f.s.DefaultListableBeanFactory     : Finished creating instance of bean 'defaultsBindHandlerAdvisor'
2025-04-26T22:20:18.773+02:00 TRACE 13448 --- [api-gateway] [    Test worker] o.s.b.f.s.DefaultListableBeanFactory     : Returning cached instance of singleton bean 'preFilterAuthorizationAdvisor'
2025-04-26T22:20:18.773+02:00 TRACE 13448 --- [api-gateway] [    Test worker] o.s.b.f.s.DefaultListableBeanFactory     : Returning cached instance of singleton bean 'preAuthorizeAuthorizationAdvisor'
2025-04-26T22:20:18.773+02:00 TRACE 13448 --- [api-gateway] [    Test worker] o.s.b.f.s.DefaultListableBeanFactory     : Returning cached instance of singleton bean 'postFilterAuthorizationAdvisor'
2025-04-26T22:20:18.773+02:00 TRACE 13448 --- [api-gateway] [    Test worker] o.s.b.f.s.DefaultListableBeanFactory     : Returning cached instance of singleton bean 'postAuthorizeAuthorizationAdvisor'
2025-04-26T22:20:18.773+02:00 TRACE 13448 --- [api-gateway] [    Test worker] o.s.b.f.s.DefaultListableBeanFactory     : Returning cached instance of singleton bean 'jsr250AuthorizationAdvisor'
2025-04-26T22:20:18.773+02:00 TRACE 13448 --- [api-gateway] [    Test worker] o.s.b.f.s.DefaultListableBeanFactory     : Returning cached instance of singleton bean 'authorizeReturnObjectAdvisor'
2025-04-26T22:20:18.774+02:00 TRACE 13448 --- [api-gateway] [    Test worker] o.s.b.f.s.DefaultListableBeanFactory     : Finished creating instance of bean 'spring.webflux-org.springframework.boot.autoconfigure.web.reactive.WebFluxProperties'
2025-04-26T22:20:18.774+02:00 DEBUG 13448 --- [api-gateway] [    Test worker] o.s.b.f.s.DefaultListableBeanFactory     : Creating shared instance of singleton bean 'spring.web-org.springframework.boot.autoconfigure.web.WebProperties'
2025-04-26T22:20:18.774+02:00 TRACE 13448 --- [api-gateway] [    Test worker] o.s.b.f.s.DefaultListableBeanFactory     : Creating instance of bean 'spring.web-org.springframework.boot.autoconfigure.web.WebProperties'
2025-04-26T22:20:18.777+02:00 TRACE 13448 --- [api-gateway] [    Test worker] o.s.b.f.s.DefaultListableBeanFactory     : Returning cached instance of singleton bean 'org.springframework.boot.context.properties.BoundConfigurationProperties'
2025-04-26T22:20:18.778+02:00 TRACE 13448 --- [api-gateway] [    Test worker] o.s.b.f.s.DefaultListableBeanFactory     : Returning cached instance of singleton bean 'preFilterAuthorizationAdvisor'
2025-04-26T22:20:18.778+02:00 TRACE 13448 --- [api-gateway] [    Test worker] o.s.b.f.s.DefaultListableBeanFactory     : Returning cached instance of singleton bean 'preAuthorizeAuthorizationAdvisor'
2025-04-26T22:20:18.778+02:00 TRACE 13448 --- [api-gateway] [    Test worker] o.s.b.f.s.DefaultListableBeanFactory     : Returning cached instance of singleton bean 'postFilterAuthorizationAdvisor'
2025-04-26T22:20:18.778+02:00 TRACE 13448 --- [api-gateway] [    Test worker] o.s.b.f.s.DefaultListableBeanFactory     : Returning cached instance of singleton bean 'postAuthorizeAuthorizationAdvisor'
2025-04-26T22:20:18.778+02:00 TRACE 13448 --- [api-gateway] [    Test worker] o.s.b.f.s.DefaultListableBeanFactory     : Returning cached instance of singleton bean 'jsr250AuthorizationAdvisor'
2025-04-26T22:20:18.778+02:00 TRACE 13448 --- [api-gateway] [    Test worker] o.s.b.f.s.DefaultListableBeanFactory     : Returning cached instance of singleton bean 'authorizeReturnObjectAdvisor'
2025-04-26T22:20:18.778+02:00 TRACE 13448 --- [api-gateway] [    Test worker] o.s.b.f.s.DefaultListableBeanFactory     : Finished creating instance of bean 'spring.web-org.springframework.boot.autoconfigure.web.WebProperties'
2025-04-26T22:20:18.779+02:00 DEBUG 13448 --- [api-gateway] [    Test worker] o.s.b.f.s.DefaultListableBeanFactory     : Creating shared instance of singleton bean 'server-org.springframework.boot.autoconfigure.web.ServerProperties'
2025-04-26T22:20:18.779+02:00 TRACE 13448 --- [api-gateway] [    Test worker] o.s.b.f.s.DefaultListableBeanFactory     : Creating instance of bean 'server-org.springframework.boot.autoconfigure.web.ServerProperties'
2025-04-26T22:20:18.790+02:00 TRACE 13448 --- [api-gateway] [    Test worker] o.s.b.f.s.DefaultListableBeanFactory     : Returning cached instance of singleton bean 'org.springframework.boot.context.properties.BoundConfigurationProperties'
2025-04-26T22:20:18.793+02:00 TRACE 13448 --- [api-gateway] [    Test worker] o.s.b.f.s.DefaultListableBeanFactory     : Returning cached instance of singleton bean 'preFilterAuthorizationAdvisor'
2025-04-26T22:20:18.793+02:00 TRACE 13448 --- [api-gateway] [    Test worker] o.s.b.f.s.DefaultListableBeanFactory     : Returning cached instance of singleton bean 'preAuthorizeAuthorizationAdvisor'
2025-04-26T22:20:18.793+02:00 TRACE 13448 --- [api-gateway] [    Test worker] o.s.b.f.s.DefaultListableBeanFactory     : Returning cached instance of singleton bean 'postFilterAuthorizationAdvisor'
2025-04-26T22:20:18.793+02:00 TRACE 13448 --- [api-gateway] [    Test worker] o.s.b.f.s.DefaultListableBeanFactory     : Returning cached instance of singleton bean 'postAuthorizeAuthorizationAdvisor'
2025-04-26T22:20:18.794+02:00 TRACE 13448 --- [api-gateway] [    Test worker] o.s.b.f.s.DefaultListableBeanFactory     : Returning cached instance of singleton bean 'jsr250AuthorizationAdvisor'
2025-04-26T22:20:18.794+02:00 TRACE 13448 --- [api-gateway] [    Test worker] o.s.b.f.s.DefaultListableBeanFactory     : Returning cached instance of singleton bean 'authorizeReturnObjectAdvisor'
2025-04-26T22:20:18.794+02:00 TRACE 13448 --- [api-gateway] [    Test worker] o.s.b.f.s.DefaultListableBeanFactory     : Finished creating instance of bean 'server-org.springframework.boot.autoconfigure.web.ServerProperties'
2025-04-26T22:20:18.794+02:00 DEBUG 13448 --- [api-gateway] [    Test worker] o.s.b.f.s.DefaultListableBeanFactory     : Autowiring by type from bean name 'org.springframework.boot.autoconfigure.web.reactive.WebFluxAutoConfiguration$EnableWebFluxConfiguration' via constructor to bean named 'spring.webflux-org.springframework.boot.autoconfigure.web.reactive.WebFluxProperties'
2025-04-26T22:20:18.794+02:00 DEBUG 13448 --- [api-gateway] [    Test worker] o.s.b.f.s.DefaultListableBeanFactory     : Autowiring by type from bean name 'org.springframework.boot.autoconfigure.web.reactive.WebFluxAutoConfiguration$EnableWebFluxConfiguration' via constructor to bean named 'spring.web-org.springframework.boot.autoconfigure.web.WebProperties'
2025-04-26T22:20:18.794+02:00 DEBUG 13448 --- [api-gateway] [    Test worker] o.s.b.f.s.DefaultListableBeanFactory     : Autowiring by type from bean name 'org.springframework.boot.autoconfigure.web.reactive.WebFluxAutoConfiguration$EnableWebFluxConfiguration' via constructor to bean named 'server-org.springframework.boot.autoconfigure.web.ServerProperties'
2025-04-26T22:20:18.795+02:00 TRACE 13448 --- [api-gateway] [    Test worker] o.s.beans.CachedIntrospectionResults     : Getting BeanInfo for class [org.springframework.boot.autoconfigure.web.reactive.WebFluxAutoConfiguration$EnableWebFluxConfiguration]
2025-04-26T22:20:18.796+02:00 TRACE 13448 --- [api-gateway] [    Test worker] o.s.beans.CachedIntrospectionResults     : Caching PropertyDescriptors for class [org.springframework.boot.autoconfigure.web.reactive.WebFluxAutoConfiguration$EnableWebFluxConfiguration]
2025-04-26T22:20:18.796+02:00 TRACE 13448 --- [api-gateway] [    Test worker] o.s.beans.CachedIntrospectionResults     : Found bean property 'applicationContext' of type [org.springframework.context.ApplicationContext]
2025-04-26T22:20:18.796+02:00 TRACE 13448 --- [api-gateway] [    Test worker] o.s.beans.CachedIntrospectionResults     : Found bean property 'class' of type [java.lang.Class]
2025-04-26T22:20:18.796+02:00 TRACE 13448 --- [api-gateway] [    Test worker] o.s.beans.CachedIntrospectionResults     : Found bean property 'configurers' of type [java.util.List]
2025-04-26T22:20:18.797+02:00 DEBUG 13448 --- [api-gateway] [    Test worker] o.s.b.f.s.DefaultListableBeanFactory     : Creating shared instance of singleton bean 'authenticationPrincipalArgumentResolverConfigurer'
2025-04-26T22:20:18.797+02:00 TRACE 13448 --- [api-gateway] [    Test worker] o.s.b.f.s.DefaultListableBeanFactory     : Creating instance of bean 'authenticationPrincipalArgumentResolverConfigurer'
2025-04-26T22:20:18.799+02:00 TRACE 13448 --- [api-gateway] [    Test worker] o.s.b.f.s.DefaultListableBeanFactory     : Returning cached instance of singleton bean 'preFilterAuthorizationAdvisor'
2025-04-26T22:20:18.799+02:00 TRACE 13448 --- [api-gateway] [    Test worker] o.s.b.f.s.DefaultListableBeanFactory     : Returning cached instance of singleton bean 'preAuthorizeAuthorizationAdvisor'
2025-04-26T22:20:18.799+02:00 TRACE 13448 --- [api-gateway] [    Test worker] o.s.b.f.s.DefaultListableBeanFactory     : Returning cached instance of singleton bean 'postFilterAuthorizationAdvisor'
2025-04-26T22:20:18.799+02:00 TRACE 13448 --- [api-gateway] [    Test worker] o.s.b.f.s.DefaultListableBeanFactory     : Returning cached instance of singleton bean 'postAuthorizeAuthorizationAdvisor'
2025-04-26T22:20:18.799+02:00 TRACE 13448 --- [api-gateway] [    Test worker] o.s.b.f.s.DefaultListableBeanFactory     : Returning cached instance of singleton bean 'jsr250AuthorizationAdvisor'
2025-04-26T22:20:18.799+02:00 TRACE 13448 --- [api-gateway] [    Test worker] o.s.b.f.s.DefaultListableBeanFactory     : Returning cached instance of singleton bean 'authorizeReturnObjectAdvisor'
2025-04-26T22:20:18.800+02:00 TRACE 13448 --- [api-gateway] [    Test worker] o.s.b.f.s.DefaultListableBeanFactory     : Finished creating instance of bean 'authenticationPrincipalArgumentResolverConfigurer'
2025-04-26T22:20:18.800+02:00 DEBUG 13448 --- [api-gateway] [    Test worker] o.s.b.f.s.DefaultListableBeanFactory     : Creating shared instance of singleton bean 'org.springframework.boot.autoconfigure.web.reactive.WebFluxAutoConfiguration$WebFluxConfig'
2025-04-26T22:20:18.800+02:00 TRACE 13448 --- [api-gateway] [    Test worker] o.s.b.f.s.DefaultListableBeanFactory     : Creating instance of bean 'org.springframework.boot.autoconfigure.web.reactive.WebFluxAutoConfiguration$WebFluxConfig'
2025-04-26T22:20:18.801+02:00 TRACE 13448 --- [api-gateway] [    Test worker] o.s.b.f.s.DefaultListableBeanFactory     : Returning cached instance of singleton bean 'environment'
2025-04-26T22:20:18.802+02:00 TRACE 13448 --- [api-gateway] [    Test worker] o.s.b.f.s.DefaultListableBeanFactory     : Returning cached instance of singleton bean 'spring.web-org.springframework.boot.autoconfigure.web.WebProperties'
2025-04-26T22:20:18.802+02:00 TRACE 13448 --- [api-gateway] [    Test worker] o.s.b.f.s.DefaultListableBeanFactory     : Returning cached instance of singleton bean 'spring.webflux-org.springframework.boot.autoconfigure.web.reactive.WebFluxProperties'
2025-04-26T22:20:18.802+02:00 DEBUG 13448 --- [api-gateway] [    Test worker] o.s.b.f.s.DefaultListableBeanFactory     : Autowiring by type from bean name 'org.springframework.boot.autoconfigure.web.reactive.WebFluxAutoConfiguration$WebFluxConfig' via constructor to bean named 'environment'
2025-04-26T22:20:18.802+02:00 DEBUG 13448 --- [api-gateway] [    Test worker] o.s.b.f.s.DefaultListableBeanFactory     : Autowiring by type from bean name 'org.springframework.boot.autoconfigure.web.reactive.WebFluxAutoConfiguration$WebFluxConfig' via constructor to bean named 'spring.web-org.springframework.boot.autoconfigure.web.WebProperties'
2025-04-26T22:20:18.802+02:00 DEBUG 13448 --- [api-gateway] [    Test worker] o.s.b.f.s.DefaultListableBeanFactory     : Autowiring by type from bean name 'org.springframework.boot.autoconfigure.web.reactive.WebFluxAutoConfiguration$WebFluxConfig' via constructor to bean named 'spring.webflux-org.springframework.boot.autoconfigure.web.reactive.WebFluxProperties'
2025-04-26T22:20:18.802+02:00 DEBUG 13448 --- [api-gateway] [    Test worker] o.s.b.f.s.DefaultListableBeanFactory     : Autowiring by type from bean name 'org.springframework.boot.autoconfigure.web.reactive.WebFluxAutoConfiguration$WebFluxConfig' via constructor to bean named 'org.springframework.beans.factory.support.DefaultListableBeanFactory@47447ccf'
2025-04-26T22:20:18.803+02:00 TRACE 13448 --- [api-gateway] [    Test worker] o.s.b.f.s.DefaultListableBeanFactory     : Returning cached instance of singleton bean 'preFilterAuthorizationAdvisor'
2025-04-26T22:20:18.803+02:00 TRACE 13448 --- [api-gateway] [    Test worker] o.s.b.f.s.DefaultListableBeanFactory     : Returning cached instance of singleton bean 'preAuthorizeAuthorizationAdvisor'
2025-04-26T22:20:18.803+02:00 TRACE 13448 --- [api-gateway] [    Test worker] o.s.b.f.s.DefaultListableBeanFactory     : Returning cached instance of singleton bean 'postFilterAuthorizationAdvisor'
2025-04-26T22:20:18.803+02:00 TRACE 13448 --- [api-gateway] [    Test worker] o.s.b.f.s.DefaultListableBeanFactory     : Returning cached instance of singleton bean 'postAuthorizeAuthorizationAdvisor'
2025-04-26T22:20:18.803+02:00 TRACE 13448 --- [api-gateway] [    Test worker] o.s.b.f.s.DefaultListableBeanFactory     : Returning cached instance of singleton bean 'jsr250AuthorizationAdvisor'
2025-04-26T22:20:18.803+02:00 TRACE 13448 --- [api-gateway] [    Test worker] o.s.b.f.s.DefaultListableBeanFactory     : Returning cached instance of singleton bean 'authorizeReturnObjectAdvisor'
2025-04-26T22:20:18.804+02:00 TRACE 13448 --- [api-gateway] [    Test worker] o.s.b.f.s.DefaultListableBeanFactory     : Finished creating instance of bean 'org.springframework.boot.autoconfigure.web.reactive.WebFluxAutoConfiguration$WebFluxConfig'
2025-04-26T22:20:18.805+02:00 TRACE 13448 --- [api-gateway] [    Test worker] f.a.AutowiredAnnotationBeanPostProcessor : Autowiring by type from bean name 'org.springframework.boot.autoconfigure.web.reactive.WebFluxAutoConfiguration$EnableWebFluxConfiguration' to bean named 'authenticationPrincipalArgumentResolverConfigurer'
2025-04-26T22:20:18.805+02:00 TRACE 13448 --- [api-gateway] [    Test worker] f.a.AutowiredAnnotationBeanPostProcessor : Autowiring by type from bean name 'org.springframework.boot.autoconfigure.web.reactive.WebFluxAutoConfiguration$EnableWebFluxConfiguration' to bean named 'org.springframework.boot.autoconfigure.web.reactive.WebFluxAutoConfiguration$WebFluxConfig'
2025-04-26T22:20:18.805+02:00 TRACE 13448 --- [api-gateway] [    Test worker] o.s.b.f.s.DefaultListableBeanFactory     : Returning cached instance of singleton bean 'preFilterAuthorizationAdvisor'
2025-04-26T22:20:18.805+02:00 TRACE 13448 --- [api-gateway] [    Test worker] o.s.b.f.s.DefaultListableBeanFactory     : Returning cached instance of singleton bean 'preAuthorizeAuthorizationAdvisor'
2025-04-26T22:20:18.805+02:00 TRACE 13448 --- [api-gateway] [    Test worker] o.s.b.f.s.DefaultListableBeanFactory     : Returning cached instance of singleton bean 'postFilterAuthorizationAdvisor'
2025-04-26T22:20:18.805+02:00 TRACE 13448 --- [api-gateway] [    Test worker] o.s.b.f.s.DefaultListableBeanFactory     : Returning cached instance of singleton bean 'postAuthorizeAuthorizationAdvisor'
2025-04-26T22:20:18.805+02:00 TRACE 13448 --- [api-gateway] [    Test worker] o.s.b.f.s.DefaultListableBeanFactory     : Returning cached instance of singleton bean 'jsr250AuthorizationAdvisor'
2025-04-26T22:20:18.805+02:00 TRACE 13448 --- [api-gateway] [    Test worker] o.s.b.f.s.DefaultListableBeanFactory     : Returning cached instance of singleton bean 'authorizeReturnObjectAdvisor'
2025-04-26T22:20:18.809+02:00 TRACE 13448 --- [api-gateway] [    Test worker] o.s.b.f.s.DefaultListableBeanFactory     : Finished creating instance of bean 'org.springframework.boot.autoconfigure.web.reactive.WebFluxAutoConfiguration$EnableWebFluxConfiguration'
2025-04-26T22:20:18.809+02:00 TRACE 13448 --- [api-gateway] [    Test worker] o.s.b.f.s.DefaultListableBeanFactory     : Returning cached instance of singleton bean 'preFilterAuthorizationAdvisor'
2025-04-26T22:20:18.809+02:00 TRACE 13448 --- [api-gateway] [    Test worker] o.s.b.f.s.DefaultListableBeanFactory     : Returning cached instance of singleton bean 'preAuthorizeAuthorizationAdvisor'
2025-04-26T22:20:18.809+02:00 TRACE 13448 --- [api-gateway] [    Test worker] o.s.b.f.s.DefaultListableBeanFactory     : Returning cached instance of singleton bean 'postFilterAuthorizationAdvisor'
2025-04-26T22:20:18.809+02:00 TRACE 13448 --- [api-gateway] [    Test worker] o.s.b.f.s.DefaultListableBeanFactory     : Returning cached instance of singleton bean 'postAuthorizeAuthorizationAdvisor'
2025-04-26T22:20:18.809+02:00 TRACE 13448 --- [api-gateway] [    Test worker] o.s.b.f.s.DefaultListableBeanFactory     : Returning cached instance of singleton bean 'jsr250AuthorizationAdvisor'
2025-04-26T22:20:18.809+02:00 TRACE 13448 --- [api-gateway] [    Test worker] o.s.b.f.s.DefaultListableBeanFactory     : Returning cached instance of singleton bean 'authorizeReturnObjectAdvisor'
2025-04-26T22:20:18.809+02:00 TRACE 13448 --- [api-gateway] [    Test worker] o.s.b.f.s.DefaultListableBeanFactory     : Finished creating instance of bean 'webFluxAdapterRegistry'
2025-04-26T22:20:18.810+02:00 TRACE 13448 --- [api-gateway] [    Test worker] f.a.AutowiredAnnotationBeanPostProcessor : Autowiring by type from bean name 'org.springframework.security.config.annotation.web.reactive.ServerHttpSecurityConfiguration' to bean named 'webFluxAdapterRegistry'
2025-04-26T22:20:18.812+02:00 DEBUG 13448 --- [api-gateway] [    Test worker] o.s.b.f.s.DefaultListableBeanFactory     : Creating shared instance of singleton bean 'reactiveAuthenticationManagerPostProcessor'
2025-04-26T22:20:18.813+02:00 TRACE 13448 --- [api-gateway] [    Test worker] o.s.b.f.s.DefaultListableBeanFactory     : Creating instance of bean 'reactiveAuthenticationManagerPostProcessor'
2025-04-26T22:20:18.814+02:00 TRACE 13448 --- [api-gateway] [    Test worker] o.s.b.f.s.DefaultListableBeanFactory     : Returning cached instance of singleton bean 'preFilterAuthorizationAdvisor'
2025-04-26T22:20:18.814+02:00 TRACE 13448 --- [api-gateway] [    Test worker] o.s.b.f.s.DefaultListableBeanFactory     : Returning cached instance of singleton bean 'preAuthorizeAuthorizationAdvisor'
2025-04-26T22:20:18.814+02:00 TRACE 13448 --- [api-gateway] [    Test worker] o.s.b.f.s.DefaultListableBeanFactory     : Returning cached instance of singleton bean 'postFilterAuthorizationAdvisor'
2025-04-26T22:20:18.814+02:00 TRACE 13448 --- [api-gateway] [    Test worker] o.s.b.f.s.DefaultListableBeanFactory     : Returning cached instance of singleton bean 'postAuthorizeAuthorizationAdvisor'
2025-04-26T22:20:18.814+02:00 TRACE 13448 --- [api-gateway] [    Test worker] o.s.b.f.s.DefaultListableBeanFactory     : Returning cached instance of singleton bean 'jsr250AuthorizationAdvisor'
2025-04-26T22:20:18.814+02:00 TRACE 13448 --- [api-gateway] [    Test worker] o.s.b.f.s.DefaultListableBeanFactory     : Returning cached instance of singleton bean 'authorizeReturnObjectAdvisor'
2025-04-26T22:20:18.814+02:00 TRACE 13448 --- [api-gateway] [    Test worker] o.s.b.f.s.DefaultListableBeanFactory     : Finished creating instance of bean 'reactiveAuthenticationManagerPostProcessor'
2025-04-26T22:20:18.815+02:00 TRACE 13448 --- [api-gateway] [    Test worker] f.a.AutowiredAnnotationBeanPostProcessor : Autowiring by type from bean name 'org.springframework.security.config.annotation.web.reactive.ServerHttpSecurityConfiguration' to bean named 'reactiveAuthenticationManagerPostProcessor'
2025-04-26T22:20:18.816+02:00 TRACE 13448 --- [api-gateway] [    Test worker] o.s.b.f.s.DefaultListableBeanFactory     : Returning cached instance of singleton bean 'preFilterAuthorizationAdvisor'
2025-04-26T22:20:18.816+02:00 TRACE 13448 --- [api-gateway] [    Test worker] o.s.b.f.s.DefaultListableBeanFactory     : Returning cached instance of singleton bean 'preAuthorizeAuthorizationAdvisor'
2025-04-26T22:20:18.816+02:00 TRACE 13448 --- [api-gateway] [    Test worker] o.s.b.f.s.DefaultListableBeanFactory     : Returning cached instance of singleton bean 'postFilterAuthorizationAdvisor'
2025-04-26T22:20:18.816+02:00 TRACE 13448 --- [api-gateway] [    Test worker] o.s.b.f.s.DefaultListableBeanFactory     : Returning cached instance of singleton bean 'postAuthorizeAuthorizationAdvisor'
2025-04-26T22:20:18.816+02:00 TRACE 13448 --- [api-gateway] [    Test worker] o.s.b.f.s.DefaultListableBeanFactory     : Returning cached instance of singleton bean 'jsr250AuthorizationAdvisor'
2025-04-26T22:20:18.816+02:00 TRACE 13448 --- [api-gateway] [    Test worker] o.s.b.f.s.DefaultListableBeanFactory     : Returning cached instance of singleton bean 'authorizeReturnObjectAdvisor'
2025-04-26T22:20:18.816+02:00 TRACE 13448 --- [api-gateway] [    Test worker] o.s.b.f.s.DefaultListableBeanFactory     : Finished creating instance of bean 'org.springframework.security.config.annotation.web.reactive.ServerHttpSecurityConfiguration'
2025-04-26T22:20:18.816+02:00 TRACE 13448 --- [api-gateway] [    Test worker] o.s.b.f.s.DefaultListableBeanFactory     : Returning cached instance of singleton bean 'authenticationPrincipalArgumentResolverConfigurer'
2025-04-26T22:20:18.816+02:00 DEBUG 13448 --- [api-gateway] [    Test worker] o.s.b.f.s.DefaultListableBeanFactory     : Creating shared instance of singleton bean 'authenticationPrincipalArgumentResolver'
2025-04-26T22:20:18.816+02:00 TRACE 13448 --- [api-gateway] [    Test worker] o.s.b.f.s.DefaultListableBeanFactory     : Creating instance of bean 'authenticationPrincipalArgumentResolver'
2025-04-26T22:20:18.816+02:00 TRACE 13448 --- [api-gateway] [    Test worker] o.s.b.f.s.DefaultListableBeanFactory     : Returning cached instance of singleton bean 'org.springframework.security.config.annotation.web.reactive.ServerHttpSecurityConfiguration'
2025-04-26T22:20:18.819+02:00 TRACE 13448 --- [api-gateway] [    Test worker] o.s.b.f.s.DefaultListableBeanFactory     : Returning cached instance of singleton bean 'preFilterAuthorizationAdvisor'
2025-04-26T22:20:18.819+02:00 TRACE 13448 --- [api-gateway] [    Test worker] o.s.b.f.s.DefaultListableBeanFactory     : Returning cached instance of singleton bean 'preAuthorizeAuthorizationAdvisor'
2025-04-26T22:20:18.819+02:00 TRACE 13448 --- [api-gateway] [    Test worker] o.s.b.f.s.DefaultListableBeanFactory     : Returning cached instance of singleton bean 'postFilterAuthorizationAdvisor'
2025-04-26T22:20:18.819+02:00 TRACE 13448 --- [api-gateway] [    Test worker] o.s.b.f.s.DefaultListableBeanFactory     : Returning cached instance of singleton bean 'postAuthorizeAuthorizationAdvisor'
2025-04-26T22:20:18.819+02:00 TRACE 13448 --- [api-gateway] [    Test worker] o.s.b.f.s.DefaultListableBeanFactory     : Returning cached instance of singleton bean 'jsr250AuthorizationAdvisor'
2025-04-26T22:20:18.819+02:00 TRACE 13448 --- [api-gateway] [    Test worker] o.s.b.f.s.DefaultListableBeanFactory     : Returning cached instance of singleton bean 'authorizeReturnObjectAdvisor'
2025-04-26T22:20:18.820+02:00 TRACE 13448 --- [api-gateway] [    Test worker] o.s.b.f.s.DefaultListableBeanFactory     : Finished creating instance of bean 'authenticationPrincipalArgumentResolver'
2025-04-26T22:20:18.820+02:00 DEBUG 13448 --- [api-gateway] [    Test worker] o.s.b.f.s.DefaultListableBeanFactory     : Creating shared instance of singleton bean 'reactiveCurrentSecurityContextArgumentResolver'
2025-04-26T22:20:18.820+02:00 TRACE 13448 --- [api-gateway] [    Test worker] o.s.b.f.s.DefaultListableBeanFactory     : Creating instance of bean 'reactiveCurrentSecurityContextArgumentResolver'
2025-04-26T22:20:18.820+02:00 TRACE 13448 --- [api-gateway] [    Test worker] o.s.b.f.s.DefaultListableBeanFactory     : Returning cached instance of singleton bean 'org.springframework.security.config.annotation.web.reactive.ServerHttpSecurityConfiguration'
2025-04-26T22:20:18.821+02:00 TRACE 13448 --- [api-gateway] [    Test worker] o.s.b.f.s.DefaultListableBeanFactory     : Returning cached instance of singleton bean 'preFilterAuthorizationAdvisor'
2025-04-26T22:20:18.821+02:00 TRACE 13448 --- [api-gateway] [    Test worker] o.s.b.f.s.DefaultListableBeanFactory     : Returning cached instance of singleton bean 'preAuthorizeAuthorizationAdvisor'
2025-04-26T22:20:18.821+02:00 TRACE 13448 --- [api-gateway] [    Test worker] o.s.b.f.s.DefaultListableBeanFactory     : Returning cached instance of singleton bean 'postFilterAuthorizationAdvisor'
2025-04-26T22:20:18.821+02:00 TRACE 13448 --- [api-gateway] [    Test worker] o.s.b.f.s.DefaultListableBeanFactory     : Returning cached instance of singleton bean 'postAuthorizeAuthorizationAdvisor'
2025-04-26T22:20:18.821+02:00 TRACE 13448 --- [api-gateway] [    Test worker] o.s.b.f.s.DefaultListableBeanFactory     : Returning cached instance of singleton bean 'jsr250AuthorizationAdvisor'
2025-04-26T22:20:18.821+02:00 TRACE 13448 --- [api-gateway] [    Test worker] o.s.b.f.s.DefaultListableBeanFactory     : Returning cached instance of singleton bean 'authorizeReturnObjectAdvisor'
2025-04-26T22:20:18.822+02:00 TRACE 13448 --- [api-gateway] [    Test worker] o.s.b.f.s.DefaultListableBeanFactory     : Finished creating instance of bean 'reactiveCurrentSecurityContextArgumentResolver'
2025-04-26T22:20:18.822+02:00 DEBUG 13448 --- [api-gateway] [    Test worker] o.s.b.f.s.DefaultListableBeanFactory     : Creating shared instance of singleton bean 'org.springframework.security.config.annotation.web.reactive.WebFluxSecurityConfiguration'
2025-04-26T22:20:18.822+02:00 TRACE 13448 --- [api-gateway] [    Test worker] o.s.b.f.s.DefaultListableBeanFactory     : Creating instance of bean 'org.springframework.security.config.annotation.web.reactive.WebFluxSecurityConfiguration'
2025-04-26T22:20:18.822+02:00 TRACE 13448 --- [api-gateway] [    Test worker] o.s.beans.CachedIntrospectionResults     : Getting BeanInfo for class [org.springframework.security.config.annotation.web.reactive.WebFluxSecurityConfiguration]
2025-04-26T22:20:18.822+02:00 TRACE 13448 --- [api-gateway] [    Test worker] o.s.beans.CachedIntrospectionResults     : Caching PropertyDescriptors for class [org.springframework.security.config.annotation.web.reactive.WebFluxSecurityConfiguration]
2025-04-26T22:20:18.822+02:00 TRACE 13448 --- [api-gateway] [    Test worker] o.s.beans.CachedIntrospectionResults     : Found bean property 'class' of type [java.lang.Class]
2025-04-26T22:20:18.823+02:00 TRACE 13448 --- [api-gateway] [    Test worker] f.a.AutowiredAnnotationBeanPostProcessor : Autowiring by type from bean name 'org.springframework.security.config.annotation.web.reactive.WebFluxSecurityConfiguration' to bean named 'org.springframework.boot.web.reactive.context.GenericReactiveWebApplicationContext@79d743e6'
2025-04-26T22:20:18.824+02:00 DEBUG 13448 --- [api-gateway] [    Test worker] o.s.b.f.s.DefaultListableBeanFactory     : Creating shared instance of singleton bean 'securityWebFilterChain'
2025-04-26T22:20:18.824+02:00 TRACE 13448 --- [api-gateway] [    Test worker] o.s.b.f.s.DefaultListableBeanFactory     : Creating instance of bean 'securityWebFilterChain'
2025-04-26T22:20:18.824+02:00 TRACE 13448 --- [api-gateway] [    Test worker] o.s.b.f.s.DefaultListableBeanFactory     : Returning cached instance of singleton bean 'securityConfig'
2025-04-26T22:20:18.824+02:00 TRACE 13448 --- [api-gateway] [    Test worker] o.s.b.f.s.DefaultListableBeanFactory     : Creating instance of bean 'org.springframework.security.config.annotation.web.reactive.HttpSecurityConfiguration.httpSecurity'
2025-04-26T22:20:18.825+02:00 TRACE 13448 --- [api-gateway] [    Test worker] o.s.b.f.s.DefaultListableBeanFactory     : Returning cached instance of singleton bean 'org.springframework.security.config.annotation.web.reactive.ServerHttpSecurityConfiguration'
2025-04-26T22:20:18.870+02:00 TRACE 13448 --- [api-gateway] [    Test worker] o.s.b.f.s.DefaultListableBeanFactory     : Returning cached instance of singleton bean 'preFilterAuthorizationAdvisor'
2025-04-26T22:20:18.870+02:00 TRACE 13448 --- [api-gateway] [    Test worker] o.s.b.f.s.DefaultListableBeanFactory     : Returning cached instance of singleton bean 'preAuthorizeAuthorizationAdvisor'
2025-04-26T22:20:18.870+02:00 TRACE 13448 --- [api-gateway] [    Test worker] o.s.b.f.s.DefaultListableBeanFactory     : Returning cached instance of singleton bean 'postFilterAuthorizationAdvisor'
2025-04-26T22:20:18.870+02:00 TRACE 13448 --- [api-gateway] [    Test worker] o.s.b.f.s.DefaultListableBeanFactory     : Returning cached instance of singleton bean 'postAuthorizeAuthorizationAdvisor'
2025-04-26T22:20:18.870+02:00 TRACE 13448 --- [api-gateway] [    Test worker] o.s.b.f.s.DefaultListableBeanFactory     : Returning cached instance of singleton bean 'jsr250AuthorizationAdvisor'
2025-04-26T22:20:18.870+02:00 TRACE 13448 --- [api-gateway] [    Test worker] o.s.b.f.s.DefaultListableBeanFactory     : Returning cached instance of singleton bean 'authorizeReturnObjectAdvisor'
2025-04-26T22:20:18.872+02:00 TRACE 13448 --- [api-gateway] [    Test worker] o.s.b.f.s.DefaultListableBeanFactory     : Finished creating instance of bean 'org.springframework.security.config.annotation.web.reactive.HttpSecurityConfiguration.httpSecurity'
2025-04-26T22:20:18.872+02:00 DEBUG 13448 --- [api-gateway] [    Test worker] o.s.b.f.s.DefaultListableBeanFactory     : Autowiring by type from bean name 'securityWebFilterChain' via factory method to bean named 'org.springframework.security.config.annotation.web.reactive.HttpSecurityConfiguration.httpSecurity'
2025-04-26T22:20:18.873+02:00 DEBUG 13448 --- [api-gateway] [    Test worker] o.s.b.f.s.DefaultListableBeanFactory     : Creating shared instance of singleton bean 'corsConfigurationSource'
2025-04-26T22:20:18.873+02:00 TRACE 13448 --- [api-gateway] [    Test worker] o.s.b.f.s.DefaultListableBeanFactory     : Creating instance of bean 'corsConfigurationSource'
2025-04-26T22:20:18.873+02:00 TRACE 13448 --- [api-gateway] [    Test worker] o.s.b.f.s.DefaultListableBeanFactory     : Returning cached instance of singleton bean 'securityConfig'
2025-04-26T22:20:18.876+02:00 TRACE 13448 --- [api-gateway] [    Test worker] o.s.b.f.s.DefaultListableBeanFactory     : Returning cached instance of singleton bean 'preFilterAuthorizationAdvisor'
2025-04-26T22:20:18.876+02:00 TRACE 13448 --- [api-gateway] [    Test worker] o.s.b.f.s.DefaultListableBeanFactory     : Returning cached instance of singleton bean 'preAuthorizeAuthorizationAdvisor'
2025-04-26T22:20:18.876+02:00 TRACE 13448 --- [api-gateway] [    Test worker] o.s.b.f.s.DefaultListableBeanFactory     : Returning cached instance of singleton bean 'postFilterAuthorizationAdvisor'
2025-04-26T22:20:18.876+02:00 TRACE 13448 --- [api-gateway] [    Test worker] o.s.b.f.s.DefaultListableBeanFactory     : Returning cached instance of singleton bean 'postAuthorizeAuthorizationAdvisor'
2025-04-26T22:20:18.876+02:00 TRACE 13448 --- [api-gateway] [    Test worker] o.s.b.f.s.DefaultListableBeanFactory     : Returning cached instance of singleton bean 'jsr250AuthorizationAdvisor'
2025-04-26T22:20:18.876+02:00 TRACE 13448 --- [api-gateway] [    Test worker] o.s.b.f.s.DefaultListableBeanFactory     : Returning cached instance of singleton bean 'authorizeReturnObjectAdvisor'
2025-04-26T22:20:18.877+02:00 TRACE 13448 --- [api-gateway] [    Test worker] o.s.b.f.s.DefaultListableBeanFactory     : Finished creating instance of bean 'corsConfigurationSource'
2025-04-26T22:20:18.881+02:00 DEBUG 13448 --- [api-gateway] [    Test worker] o.s.b.f.s.DefaultListableBeanFactory     : Creating shared instance of singleton bean 'webAuthorizationManagerPostProcessor'
2025-04-26T22:20:18.881+02:00 TRACE 13448 --- [api-gateway] [    Test worker] o.s.b.f.s.DefaultListableBeanFactory     : Creating instance of bean 'webAuthorizationManagerPostProcessor'
2025-04-26T22:20:18.882+02:00 TRACE 13448 --- [api-gateway] [    Test worker] o.s.b.f.s.DefaultListableBeanFactory     : Returning cached instance of singleton bean 'preFilterAuthorizationAdvisor'
2025-04-26T22:20:18.882+02:00 TRACE 13448 --- [api-gateway] [    Test worker] o.s.b.f.s.DefaultListableBeanFactory     : Returning cached instance of singleton bean 'preAuthorizeAuthorizationAdvisor'
2025-04-26T22:20:18.882+02:00 TRACE 13448 --- [api-gateway] [    Test worker] o.s.b.f.s.DefaultListableBeanFactory     : Returning cached instance of singleton bean 'postFilterAuthorizationAdvisor'
2025-04-26T22:20:18.882+02:00 TRACE 13448 --- [api-gateway] [    Test worker] o.s.b.f.s.DefaultListableBeanFactory     : Returning cached instance of singleton bean 'postAuthorizeAuthorizationAdvisor'
2025-04-26T22:20:18.882+02:00 TRACE 13448 --- [api-gateway] [    Test worker] o.s.b.f.s.DefaultListableBeanFactory     : Returning cached instance of singleton bean 'jsr250AuthorizationAdvisor'
2025-04-26T22:20:18.882+02:00 TRACE 13448 --- [api-gateway] [    Test worker] o.s.b.f.s.DefaultListableBeanFactory     : Returning cached instance of singleton bean 'authorizeReturnObjectAdvisor'
2025-04-26T22:20:18.883+02:00 TRACE 13448 --- [api-gateway] [    Test worker] o.s.b.f.s.DefaultListableBeanFactory     : Finished creating instance of bean 'webAuthorizationManagerPostProcessor'
2025-04-26T22:20:18.883+02:00 DEBUG 13448 --- [api-gateway] [    Test worker] o.s.b.f.s.DefaultListableBeanFactory     : Creating shared instance of singleton bean 'requestMappingHandlerMapping'
2025-04-26T22:20:18.883+02:00 TRACE 13448 --- [api-gateway] [    Test worker] o.s.b.f.s.DefaultListableBeanFactory     : Creating instance of bean 'requestMappingHandlerMapping'
2025-04-26T22:20:18.883+02:00 TRACE 13448 --- [api-gateway] [    Test worker] o.s.b.f.s.DefaultListableBeanFactory     : Returning cached instance of singleton bean 'org.springframework.boot.autoconfigure.web.reactive.WebFluxAutoConfiguration$EnableWebFluxConfiguration'
2025-04-26T22:20:18.884+02:00 DEBUG 13448 --- [api-gateway] [    Test worker] o.s.b.f.s.DefaultListableBeanFactory     : Creating shared instance of singleton bean 'webFluxContentTypeResolver'
2025-04-26T22:20:18.884+02:00 TRACE 13448 --- [api-gateway] [    Test worker] o.s.b.f.s.DefaultListableBeanFactory     : Creating instance of bean 'webFluxContentTypeResolver'
2025-04-26T22:20:18.884+02:00 TRACE 13448 --- [api-gateway] [    Test worker] o.s.b.f.s.DefaultListableBeanFactory     : Returning cached instance of singleton bean 'org.springframework.boot.autoconfigure.web.reactive.WebFluxAutoConfiguration$EnableWebFluxConfiguration'
2025-04-26T22:20:18.885+02:00 TRACE 13448 --- [api-gateway] [    Test worker] o.s.b.f.s.DefaultListableBeanFactory     : Returning cached instance of singleton bean 'preFilterAuthorizationAdvisor'
2025-04-26T22:20:18.886+02:00 TRACE 13448 --- [api-gateway] [    Test worker] o.s.b.f.s.DefaultListableBeanFactory     : Returning cached instance of singleton bean 'preAuthorizeAuthorizationAdvisor'
2025-04-26T22:20:18.886+02:00 TRACE 13448 --- [api-gateway] [    Test worker] o.s.b.f.s.DefaultListableBeanFactory     : Returning cached instance of singleton bean 'postFilterAuthorizationAdvisor'
2025-04-26T22:20:18.886+02:00 TRACE 13448 --- [api-gateway] [    Test worker] o.s.b.f.s.DefaultListableBeanFactory     : Returning cached instance of singleton bean 'postAuthorizeAuthorizationAdvisor'
2025-04-26T22:20:18.886+02:00 TRACE 13448 --- [api-gateway] [    Test worker] o.s.b.f.s.DefaultListableBeanFactory     : Returning cached instance of singleton bean 'jsr250AuthorizationAdvisor'
2025-04-26T22:20:18.886+02:00 TRACE 13448 --- [api-gateway] [    Test worker] o.s.b.f.s.DefaultListableBeanFactory     : Returning cached instance of singleton bean 'authorizeReturnObjectAdvisor'
2025-04-26T22:20:18.886+02:00 TRACE 13448 --- [api-gateway] [    Test worker] o.s.b.f.s.DefaultListableBeanFactory     : Finished creating instance of bean 'webFluxContentTypeResolver'
2025-04-26T22:20:18.886+02:00 DEBUG 13448 --- [api-gateway] [    Test worker] o.s.b.f.s.DefaultListableBeanFactory     : Autowiring by type from bean name 'requestMappingHandlerMapping' via factory method to bean named 'webFluxContentTypeResolver'
2025-04-26T22:20:18.900+02:00 TRACE 13448 --- [api-gateway] [    Test worker] o.s.b.f.s.DefaultListableBeanFactory     : Invoking afterPropertiesSet() on bean with name 'requestMappingHandlerMapping'
2025-04-26T22:20:18.907+02:00 DEBUG 13448 --- [api-gateway] [    Test worker] o.s.b.f.s.DefaultListableBeanFactory     : Creating shared instance of singleton bean 'eurekaClient'
2025-04-26T22:20:18.907+02:00 TRACE 13448 --- [api-gateway] [    Test worker] o.s.b.f.s.DefaultListableBeanFactory     : Creating instance of bean 'eurekaClient'
2025-04-26T22:20:18.908+02:00 TRACE 13448 --- [api-gateway] [    Test worker] o.s.beans.CachedIntrospectionResults     : Getting BeanInfo for class [org.springframework.cloud.context.scope.GenericScope$LockedScopedProxyFactoryBean]
2025-04-26T22:20:18.908+02:00 TRACE 13448 --- [api-gateway] [    Test worker] o.s.beans.CachedIntrospectionResults     : Caching PropertyDescriptors for class [org.springframework.cloud.context.scope.GenericScope$LockedScopedProxyFactoryBean]
2025-04-26T22:20:18.908+02:00 TRACE 13448 --- [api-gateway] [    Test worker] o.s.beans.CachedIntrospectionResults     : Found bean property 'beanFactory' of type [org.springframework.beans.factory.BeanFactory]
2025-04-26T22:20:18.908+02:00 TRACE 13448 --- [api-gateway] [    Test worker] o.s.beans.CachedIntrospectionResults     : Found bean property 'class' of type [java.lang.Class]
2025-04-26T22:20:18.908+02:00 TRACE 13448 --- [api-gateway] [    Test worker] o.s.beans.CachedIntrospectionResults     : Found bean property 'exposeProxy' of type [boolean]
2025-04-26T22:20:18.908+02:00 TRACE 13448 --- [api-gateway] [    Test worker] o.s.beans.CachedIntrospectionResults     : Found bean property 'frozen' of type [boolean]
2025-04-26T22:20:18.908+02:00 TRACE 13448 --- [api-gateway] [    Test worker] o.s.beans.CachedIntrospectionResults     : Found bean property 'object' of type [java.lang.Object]
2025-04-26T22:20:18.908+02:00 TRACE 13448 --- [api-gateway] [    Test worker] o.s.beans.CachedIntrospectionResults     : Found bean property 'objectType' of type [java.lang.Class]
2025-04-26T22:20:18.908+02:00 TRACE 13448 --- [api-gateway] [    Test worker] o.s.beans.CachedIntrospectionResults     : Found bean property 'opaque' of type [boolean]
2025-04-26T22:20:18.908+02:00 TRACE 13448 --- [api-gateway] [    Test worker] o.s.beans.CachedIntrospectionResults     : Found bean property 'optimize' of type [boolean]
2025-04-26T22:20:18.908+02:00 TRACE 13448 --- [api-gateway] [    Test worker] o.s.beans.CachedIntrospectionResults     : Found bean property 'proxyTargetClass' of type [boolean]
2025-04-26T22:20:18.908+02:00 TRACE 13448 --- [api-gateway] [    Test worker] o.s.beans.CachedIntrospectionResults     : Found bean property 'singleton' of type [boolean]
2025-04-26T22:20:18.909+02:00 TRACE 13448 --- [api-gateway] [    Test worker] o.s.beans.CachedIntrospectionResults     : Found bean property 'targetBeanName' of type [java.lang.String]
2025-04-26T22:20:18.915+02:00 TRACE 13448 --- [api-gateway] [    Test worker] o.s.aop.framework.JdkDynamicAopProxy     : Creating JDK dynamic proxy: SimpleBeanTargetSource for target bean 'scopedTarget.eurekaClient' of type [com.netflix.discovery.EurekaClient]
2025-04-26T22:20:18.919+02:00 TRACE 13448 --- [api-gateway] [    Test worker] o.s.b.f.s.DefaultListableBeanFactory     : Finished creating instance of bean 'eurekaClient'
2025-04-26T22:20:18.920+02:00 DEBUG 13448 --- [api-gateway] [    Test worker] o.s.b.f.s.DefaultListableBeanFactory     : Creating shared instance of singleton bean 'eurekaApplicationInfoManager'
2025-04-26T22:20:18.920+02:00 TRACE 13448 --- [api-gateway] [    Test worker] o.s.b.f.s.DefaultListableBeanFactory     : Creating instance of bean 'eurekaApplicationInfoManager'
2025-04-26T22:20:18.924+02:00 TRACE 13448 --- [api-gateway] [    Test worker] o.s.aop.framework.CglibAopProxy          : Creating CGLIB proxy: SimpleBeanTargetSource for target bean 'scopedTarget.eurekaApplicationInfoManager' of type [com.netflix.appinfo.ApplicationInfoManager]
2025-04-26T22:20:18.932+02:00 TRACE 13448 --- [api-gateway] [    Test worker] o.s.aop.framework.CglibAopProxy          : Unable to apply any optimizations to advised method: public com.netflix.appinfo.InstanceInfo com.netflix.appinfo.ApplicationInfoManager.getInfo()
2025-04-26T22:20:18.932+02:00 TRACE 13448 --- [api-gateway] [    Test worker] o.s.aop.framework.CglibAopProxy          : Unable to apply any optimizations to advised method: public com.netflix.appinfo.EurekaInstanceConfig com.netflix.appinfo.ApplicationInfoManager.getEurekaInstanceConfig()
2025-04-26T22:20:18.932+02:00 TRACE 13448 --- [api-gateway] [    Test worker] o.s.aop.framework.CglibAopProxy          : Unable to apply any optimizations to advised method: public void com.netflix.appinfo.ApplicationInfoManager.registerStatusChangeListener(com.netflix.appinfo.ApplicationInfoManager$StatusChangeListener)
2025-04-26T22:20:18.932+02:00 TRACE 13448 --- [api-gateway] [    Test worker] o.s.aop.framework.CglibAopProxy          : Unable to apply any optimizations to advised method: public void com.netflix.appinfo.ApplicationInfoManager.refreshDataCenterInfoIfRequired()
2025-04-26T22:20:18.932+02:00 TRACE 13448 --- [api-gateway] [    Test worker] o.s.aop.framework.CglibAopProxy          : Unable to apply any optimizations to advised method: public void com.netflix.appinfo.ApplicationInfoManager.refreshLeaseInfoIfRequired()
2025-04-26T22:20:18.932+02:00 TRACE 13448 --- [api-gateway] [    Test worker] o.s.aop.framework.CglibAopProxy          : Unable to apply any optimizations to advised method: public void com.netflix.appinfo.ApplicationInfoManager.unregisterStatusChangeListener(java.lang.String)
2025-04-26T22:20:18.932+02:00 TRACE 13448 --- [api-gateway] [    Test worker] o.s.aop.framework.CglibAopProxy          : Unable to apply any optimizations to advised method: public void com.netflix.appinfo.ApplicationInfoManager.registerAppMetadata(java.util.Map)
2025-04-26T22:20:18.932+02:00 TRACE 13448 --- [api-gateway] [    Test worker] o.s.aop.framework.CglibAopProxy          : Unable to apply any optimizations to advised method: public void com.netflix.appinfo.ApplicationInfoManager.initComponent(com.netflix.appinfo.EurekaInstanceConfig)
2025-04-26T22:20:18.932+02:00 TRACE 13448 --- [api-gateway] [    Test worker] o.s.aop.framework.CglibAopProxy          : Unable to apply any optimizations to advised method: public synchronized void com.netflix.appinfo.ApplicationInfoManager.setInstanceStatus(com.netflix.appinfo.InstanceInfo$InstanceStatus)
2025-04-26T22:20:18.932+02:00 TRACE 13448 --- [api-gateway] [    Test worker] o.s.aop.framework.CglibAopProxy          : Found 'equals' method: public boolean java.lang.Object.equals(java.lang.Object)
2025-04-26T22:20:18.932+02:00 TRACE 13448 --- [api-gateway] [    Test worker] o.s.aop.framework.CglibAopProxy          : Unable to apply any optimizations to advised method: public java.lang.String java.lang.Object.toString()
2025-04-26T22:20:18.932+02:00 TRACE 13448 --- [api-gateway] [    Test worker] o.s.aop.framework.CglibAopProxy          : Found 'hashCode' method: public native int java.lang.Object.hashCode()
2025-04-26T22:20:18.933+02:00 TRACE 13448 --- [api-gateway] [    Test worker] o.s.aop.framework.CglibAopProxy          : Unable to apply any optimizations to advised method: protected native java.lang.Object java.lang.Object.clone() throws java.lang.CloneNotSupportedException
2025-04-26T22:20:18.933+02:00 TRACE 13448 --- [api-gateway] [    Test worker] o.s.aop.framework.CglibAopProxy          : Unable to apply any optimizations to advised method: public abstract void org.springframework.aop.scope.ScopedObject.removeFromScope()
2025-04-26T22:20:18.933+02:00 TRACE 13448 --- [api-gateway] [    Test worker] o.s.aop.framework.CglibAopProxy          : Unable to apply any optimizations to advised method: public abstract java.lang.Object org.springframework.aop.scope.ScopedObject.getTargetObject()
2025-04-26T22:20:18.933+02:00 TRACE 13448 --- [api-gateway] [    Test worker] o.s.aop.framework.CglibAopProxy          : Method is declared on Advised interface: public abstract int org.springframework.aop.framework.Advised.indexOf(org.aopalliance.aop.Advice)
2025-04-26T22:20:18.933+02:00 TRACE 13448 --- [api-gateway] [    Test worker] o.s.aop.framework.CglibAopProxy          : Method is declared on Advised interface: public abstract int org.springframework.aop.framework.Advised.indexOf(org.springframework.aop.Advisor)
2025-04-26T22:20:18.933+02:00 TRACE 13448 --- [api-gateway] [    Test worker] o.s.aop.framework.CglibAopProxy          : Method is declared on Advised interface: public abstract boolean org.springframework.aop.framework.Advised.isFrozen()
2025-04-26T22:20:18.933+02:00 TRACE 13448 --- [api-gateway] [    Test worker] o.s.aop.framework.CglibAopProxy          : Method is declared on Advised interface: public abstract java.lang.Class[] org.springframework.aop.framework.Advised.getProxiedInterfaces()
2025-04-26T22:20:18.933+02:00 TRACE 13448 --- [api-gateway] [    Test worker] o.s.aop.framework.CglibAopProxy          : Method is declared on Advised interface: public abstract java.lang.String org.springframework.aop.framework.Advised.toProxyConfigString()
2025-04-26T22:20:18.933+02:00 TRACE 13448 --- [api-gateway] [    Test worker] o.s.aop.framework.CglibAopProxy          : Method is declared on Advised interface: public abstract boolean org.springframework.aop.framework.Advised.isInterfaceProxied(java.lang.Class)
2025-04-26T22:20:18.933+02:00 TRACE 13448 --- [api-gateway] [    Test worker] o.s.aop.framework.CglibAopProxy          : Method is declared on Advised interface: public abstract org.springframework.aop.TargetSource org.springframework.aop.framework.Advised.getTargetSource()
2025-04-26T22:20:18.933+02:00 TRACE 13448 --- [api-gateway] [    Test worker] o.s.aop.framework.CglibAopProxy          : Method is declared on Advised interface: public default int org.springframework.aop.framework.Advised.getAdvisorCount()
2025-04-26T22:20:18.933+02:00 TRACE 13448 --- [api-gateway] [    Test worker] o.s.aop.framework.CglibAopProxy          : Method is declared on Advised interface: public abstract org.springframework.aop.Advisor[] org.springframework.aop.framework.Advised.getAdvisors()
2025-04-26T22:20:18.933+02:00 TRACE 13448 --- [api-gateway] [    Test worker] o.s.aop.framework.CglibAopProxy          : Method is declared on Advised interface: public abstract boolean org.springframework.aop.framework.Advised.isProxyTargetClass()
2025-04-26T22:20:18.933+02:00 TRACE 13448 --- [api-gateway] [    Test worker] o.s.aop.framework.CglibAopProxy          : Method is declared on Advised interface: public abstract void org.springframework.aop.framework.Advised.setTargetSource(org.springframework.aop.TargetSource)
2025-04-26T22:20:18.933+02:00 TRACE 13448 --- [api-gateway] [    Test worker] o.s.aop.framework.CglibAopProxy          : Method is declared on Advised interface: public abstract boolean org.springframework.aop.framework.Advised.isExposeProxy()
2025-04-26T22:20:18.933+02:00 TRACE 13448 --- [api-gateway] [    Test worker] o.s.aop.framework.CglibAopProxy          : Method is declared on Advised interface: public abstract void org.springframework.aop.framework.Advised.setPreFiltered(boolean)
2025-04-26T22:20:18.933+02:00 TRACE 13448 --- [api-gateway] [    Test worker] o.s.aop.framework.CglibAopProxy          : Method is declared on Advised interface: public abstract void org.springframework.aop.framework.Advised.setExposeProxy(boolean)
2025-04-26T22:20:18.933+02:00 TRACE 13448 --- [api-gateway] [    Test worker] o.s.aop.framework.CglibAopProxy          : Method is declared on Advised interface: public abstract void org.springframework.aop.framework.Advised.addAdvice(org.aopalliance.aop.Advice) throws org.springframework.aop.framework.AopConfigException
2025-04-26T22:20:18.933+02:00 TRACE 13448 --- [api-gateway] [    Test worker] o.s.aop.framework.CglibAopProxy          : Method is declared on Advised interface: public abstract void org.springframework.aop.framework.Advised.addAdvice(int,org.aopalliance.aop.Advice) throws org.springframework.aop.framework.AopConfigException
2025-04-26T22:20:18.933+02:00 TRACE 13448 --- [api-gateway] [    Test worker] o.s.aop.framework.CglibAopProxy          : Method is declared on Advised interface: public abstract boolean org.springframework.aop.framework.Advised.replaceAdvisor(org.springframework.aop.Advisor,org.springframework.aop.Advisor) throws org.springframework.aop.framework.AopConfigException
2025-04-26T22:20:18.933+02:00 TRACE 13448 --- [api-gateway] [    Test worker] o.s.aop.framework.CglibAopProxy          : Method is declared on Advised interface: public abstract boolean org.springframework.aop.framework.Advised.removeAdvisor(org.springframework.aop.Advisor)
2025-04-26T22:20:18.933+02:00 TRACE 13448 --- [api-gateway] [    Test worker] o.s.aop.framework.CglibAopProxy          : Method is declared on Advised interface: public abstract void org.springframework.aop.framework.Advised.removeAdvisor(int) throws org.springframework.aop.framework.AopConfigException
2025-04-26T22:20:18.933+02:00 TRACE 13448 --- [api-gateway] [    Test worker] o.s.aop.framework.CglibAopProxy          : Method is declared on Advised interface: public abstract boolean org.springframework.aop.framework.Advised.isPreFiltered()
2025-04-26T22:20:18.933+02:00 TRACE 13448 --- [api-gateway] [    Test worker] o.s.aop.framework.CglibAopProxy          : Method is declared on Advised interface: public abstract boolean org.springframework.aop.framework.Advised.removeAdvice(org.aopalliance.aop.Advice)
2025-04-26T22:20:18.933+02:00 TRACE 13448 --- [api-gateway] [    Test worker] o.s.aop.framework.CglibAopProxy          : Method is declared on Advised interface: public abstract void org.springframework.aop.framework.Advised.addAdvisor(org.springframework.aop.Advisor) throws org.springframework.aop.framework.AopConfigException
2025-04-26T22:20:18.933+02:00 TRACE 13448 --- [api-gateway] [    Test worker] o.s.aop.framework.CglibAopProxy          : Method is declared on Advised interface: public abstract void org.springframework.aop.framework.Advised.addAdvisor(int,org.springframework.aop.Advisor) throws org.springframework.aop.framework.AopConfigException
2025-04-26T22:20:18.933+02:00 TRACE 13448 --- [api-gateway] [    Test worker] o.s.aop.framework.CglibAopProxy          : Method is declared on Advised interface: public abstract java.lang.Class org.springframework.aop.TargetClassAware.getTargetClass()
2025-04-26T22:20:18.947+02:00 TRACE 13448 --- [api-gateway] [    Test worker] o.s.b.f.s.DefaultListableBeanFactory     : Finished creating instance of bean 'eurekaApplicationInfoManager'
2025-04-26T22:20:18.949+02:00 DEBUG 13448 --- [api-gateway] [    Test worker] o.s.b.f.s.DefaultListableBeanFactory     : Creating shared instance of singleton bean 'eurekaRegistration'
2025-04-26T22:20:18.949+02:00 TRACE 13448 --- [api-gateway] [    Test worker] o.s.b.f.s.DefaultListableBeanFactory     : Creating instance of bean 'eurekaRegistration'
2025-04-26T22:20:18.949+02:00 TRACE 13448 --- [api-gateway] [    Test worker] o.s.aop.framework.CglibAopProxy          : Creating CGLIB proxy: SimpleBeanTargetSource for target bean 'scopedTarget.eurekaRegistration' of type [org.springframework.cloud.netflix.eureka.serviceregistry.EurekaRegistration]
2025-04-26T22:20:18.953+02:00 TRACE 13448 --- [api-gateway] [    Test worker] o.s.aop.framework.CglibAopProxy          : Unable to apply any optimizations to advised method: public java.lang.String org.springframework.cloud.netflix.eureka.serviceregistry.EurekaRegistration.getHost()
2025-04-26T22:20:18.953+02:00 TRACE 13448 --- [api-gateway] [    Test worker] o.s.aop.framework.CglibAopProxy          : Unable to apply any optimizations to advised method: public int org.springframework.cloud.netflix.eureka.serviceregistry.EurekaRegistration.getPort()
2025-04-26T22:20:18.953+02:00 TRACE 13448 --- [api-gateway] [    Test worker] o.s.aop.framework.CglibAopProxy          : Unable to apply any optimizations to advised method: public org.springframework.beans.factory.ObjectProvider org.springframework.cloud.netflix.eureka.serviceregistry.EurekaRegistration.getHealthCheckHandler()
2025-04-26T22:20:18.953+02:00 TRACE 13448 --- [api-gateway] [    Test worker] o.s.aop.framework.CglibAopProxy          : Unable to apply any optimizations to advised method: public java.util.Map org.springframework.cloud.netflix.eureka.serviceregistry.EurekaRegistration.getMetadata()
2025-04-26T22:20:18.953+02:00 TRACE 13448 --- [api-gateway] [    Test worker] o.s.aop.framework.CglibAopProxy          : Unable to apply any optimizations to advised method: public boolean org.springframework.cloud.netflix.eureka.serviceregistry.EurekaRegistration.isSecure()
2025-04-26T22:20:18.953+02:00 TRACE 13448 --- [api-gateway] [    Test worker] o.s.aop.framework.CglibAopProxy          : Unable to apply any optimizations to advised method: protected java.lang.Object org.springframework.cloud.netflix.eureka.serviceregistry.EurekaRegistration.getTargetObject(java.lang.Object,java.lang.Class) throws java.lang.Exception
2025-04-26T22:20:18.953+02:00 TRACE 13448 --- [api-gateway] [    Test worker] o.s.aop.framework.CglibAopProxy          : Unable to apply any optimizations to advised method: public java.net.URI org.springframework.cloud.netflix.eureka.serviceregistry.EurekaRegistration.getUri()
2025-04-26T22:20:18.953+02:00 TRACE 13448 --- [api-gateway] [    Test worker] o.s.aop.framework.CglibAopProxy          : Unable to apply any optimizations to advised method: public void org.springframework.cloud.netflix.eureka.serviceregistry.EurekaRegistration.setNonSecurePort(int)
2025-04-26T22:20:18.953+02:00 TRACE 13448 --- [api-gateway] [    Test worker] o.s.aop.framework.CglibAopProxy          : Unable to apply any optimizations to advised method: public void org.springframework.cloud.netflix.eureka.serviceregistry.EurekaRegistration.setSecurePort(int)
2025-04-26T22:20:18.953+02:00 TRACE 13448 --- [api-gateway] [    Test worker] o.s.aop.framework.CglibAopProxy          : Unable to apply any optimizations to advised method: public void org.springframework.cloud.netflix.eureka.serviceregistry.EurekaRegistration.setHealthCheckHandler(org.springframework.beans.factory.ObjectProvider)
2025-04-26T22:20:18.953+02:00 TRACE 13448 --- [api-gateway] [    Test worker] o.s.aop.framework.CglibAopProxy          : Unable to apply any optimizations to advised method: public java.lang.String org.springframework.cloud.netflix.eureka.serviceregistry.EurekaRegistration.getServiceId()
2025-04-26T22:20:18.953+02:00 TRACE 13448 --- [api-gateway] [    Test worker] o.s.aop.framework.CglibAopProxy          : Unable to apply any optimizations to advised method: public java.lang.String org.springframework.cloud.netflix.eureka.serviceregistry.EurekaRegistration.getInstanceId()
2025-04-26T22:20:18.954+02:00 TRACE 13448 --- [api-gateway] [    Test worker] o.s.aop.framework.CglibAopProxy          : Unable to apply any optimizations to advised method: public com.netflix.appinfo.ApplicationInfoManager org.springframework.cloud.netflix.eureka.serviceregistry.EurekaRegistration.getApplicationInfoManager()
2025-04-26T22:20:18.954+02:00 TRACE 13448 --- [api-gateway] [    Test worker] o.s.aop.framework.CglibAopProxy          : Unable to apply any optimizations to advised method: public int org.springframework.cloud.netflix.eureka.serviceregistry.EurekaRegistration.getNonSecurePort()
2025-04-26T22:20:18.954+02:00 TRACE 13448 --- [api-gateway] [    Test worker] o.s.aop.framework.CglibAopProxy          : Unable to apply any optimizations to advised method: public int org.springframework.cloud.netflix.eureka.serviceregistry.EurekaRegistration.getSecurePort()
2025-04-26T22:20:18.954+02:00 TRACE 13448 --- [api-gateway] [    Test worker] o.s.aop.framework.CglibAopProxy          : Unable to apply any optimizations to advised method: public org.springframework.cloud.netflix.eureka.CloudEurekaInstanceConfig org.springframework.cloud.netflix.eureka.serviceregistry.EurekaRegistration.getInstanceConfig()
2025-04-26T22:20:18.954+02:00 TRACE 13448 --- [api-gateway] [    Test worker] o.s.aop.framework.CglibAopProxy          : Unable to apply any optimizations to advised method: public org.springframework.cloud.netflix.eureka.CloudEurekaClient org.springframework.cloud.netflix.eureka.serviceregistry.EurekaRegistration.getEurekaClient()
2025-04-26T22:20:18.954+02:00 TRACE 13448 --- [api-gateway] [    Test worker] o.s.aop.framework.CglibAopProxy          : Found 'equals' method: public boolean java.lang.Object.equals(java.lang.Object)
2025-04-26T22:20:18.954+02:00 TRACE 13448 --- [api-gateway] [    Test worker] o.s.aop.framework.CglibAopProxy          : Unable to apply any optimizations to advised method: public java.lang.String java.lang.Object.toString()
2025-04-26T22:20:18.954+02:00 TRACE 13448 --- [api-gateway] [    Test worker] o.s.aop.framework.CglibAopProxy          : Found 'hashCode' method: public native int java.lang.Object.hashCode()
2025-04-26T22:20:18.954+02:00 TRACE 13448 --- [api-gateway] [    Test worker] o.s.aop.framework.CglibAopProxy          : Unable to apply any optimizations to advised method: protected native java.lang.Object java.lang.Object.clone() throws java.lang.CloneNotSupportedException
2025-04-26T22:20:18.954+02:00 TRACE 13448 --- [api-gateway] [    Test worker] o.s.aop.framework.CglibAopProxy          : Unable to apply any optimizations to advised method: public default java.lang.String org.springframework.cloud.client.ServiceInstance.getScheme()
2025-04-26T22:20:18.954+02:00 TRACE 13448 --- [api-gateway] [    Test worker] o.s.aop.framework.CglibAopProxy          : Unable to apply any optimizations to advised method: public abstract void org.springframework.aop.scope.ScopedObject.removeFromScope()
2025-04-26T22:20:18.954+02:00 TRACE 13448 --- [api-gateway] [    Test worker] o.s.aop.framework.CglibAopProxy          : Unable to apply any optimizations to advised method: public abstract java.lang.Object org.springframework.aop.scope.ScopedObject.getTargetObject()
2025-04-26T22:20:18.954+02:00 TRACE 13448 --- [api-gateway] [    Test worker] o.s.aop.framework.CglibAopProxy          : Method is declared on Advised interface: public abstract int org.springframework.aop.framework.Advised.indexOf(org.aopalliance.aop.Advice)
2025-04-26T22:20:18.954+02:00 TRACE 13448 --- [api-gateway] [    Test worker] o.s.aop.framework.CglibAopProxy          : Method is declared on Advised interface: public abstract int org.springframework.aop.framework.Advised.indexOf(org.springframework.aop.Advisor)
2025-04-26T22:20:18.954+02:00 TRACE 13448 --- [api-gateway] [    Test worker] o.s.aop.framework.CglibAopProxy          : Method is declared on Advised interface: public abstract boolean org.springframework.aop.framework.Advised.isFrozen()
2025-04-26T22:20:18.954+02:00 TRACE 13448 --- [api-gateway] [    Test worker] o.s.aop.framework.CglibAopProxy          : Method is declared on Advised interface: public abstract java.lang.Class[] org.springframework.aop.framework.Advised.getProxiedInterfaces()
2025-04-26T22:20:18.954+02:00 TRACE 13448 --- [api-gateway] [    Test worker] o.s.aop.framework.CglibAopProxy          : Method is declared on Advised interface: public abstract java.lang.String org.springframework.aop.framework.Advised.toProxyConfigString()
2025-04-26T22:20:18.954+02:00 TRACE 13448 --- [api-gateway] [    Test worker] o.s.aop.framework.CglibAopProxy          : Method is declared on Advised interface: public abstract boolean org.springframework.aop.framework.Advised.isInterfaceProxied(java.lang.Class)
2025-04-26T22:20:18.954+02:00 TRACE 13448 --- [api-gateway] [    Test worker] o.s.aop.framework.CglibAopProxy          : Method is declared on Advised interface: public abstract org.springframework.aop.TargetSource org.springframework.aop.framework.Advised.getTargetSource()
2025-04-26T22:20:18.954+02:00 TRACE 13448 --- [api-gateway] [    Test worker] o.s.aop.framework.CglibAopProxy          : Method is declared on Advised interface: public default int org.springframework.aop.framework.Advised.getAdvisorCount()
2025-04-26T22:20:18.954+02:00 TRACE 13448 --- [api-gateway] [    Test worker] o.s.aop.framework.CglibAopProxy          : Method is declared on Advised interface: public abstract org.springframework.aop.Advisor[] org.springframework.aop.framework.Advised.getAdvisors()
2025-04-26T22:20:18.954+02:00 TRACE 13448 --- [api-gateway] [    Test worker] o.s.aop.framework.CglibAopProxy          : Method is declared on Advised interface: public abstract boolean org.springframework.aop.framework.Advised.isProxyTargetClass()
2025-04-26T22:20:18.954+02:00 TRACE 13448 --- [api-gateway] [    Test worker] o.s.aop.framework.CglibAopProxy          : Method is declared on Advised interface: public abstract void org.springframework.aop.framework.Advised.setTargetSource(org.springframework.aop.TargetSource)
2025-04-26T22:20:18.954+02:00 TRACE 13448 --- [api-gateway] [    Test worker] o.s.aop.framework.CglibAopProxy          : Method is declared on Advised interface: public abstract boolean org.springframework.aop.framework.Advised.isExposeProxy()
2025-04-26T22:20:18.954+02:00 TRACE 13448 --- [api-gateway] [    Test worker] o.s.aop.framework.CglibAopProxy          : Method is declared on Advised interface: public abstract void org.springframework.aop.framework.Advised.setPreFiltered(boolean)
2025-04-26T22:20:18.954+02:00 TRACE 13448 --- [api-gateway] [    Test worker] o.s.aop.framework.CglibAopProxy          : Method is declared on Advised interface: public abstract void org.springframework.aop.framework.Advised.setExposeProxy(boolean)
2025-04-26T22:20:18.954+02:00 TRACE 13448 --- [api-gateway] [    Test worker] o.s.aop.framework.CglibAopProxy          : Method is declared on Advised interface: public abstract void org.springframework.aop.framework.Advised.addAdvice(org.aopalliance.aop.Advice) throws org.springframework.aop.framework.AopConfigException
2025-04-26T22:20:18.954+02:00 TRACE 13448 --- [api-gateway] [    Test worker] o.s.aop.framework.CglibAopProxy          : Method is declared on Advised interface: public abstract void org.springframework.aop.framework.Advised.addAdvice(int,org.aopalliance.aop.Advice) throws org.springframework.aop.framework.AopConfigException
2025-04-26T22:20:18.954+02:00 TRACE 13448 --- [api-gateway] [    Test worker] o.s.aop.framework.CglibAopProxy          : Method is declared on Advised interface: public abstract boolean org.springframework.aop.framework.Advised.replaceAdvisor(org.springframework.aop.Advisor,org.springframework.aop.Advisor) throws org.springframework.aop.framework.AopConfigException
2025-04-26T22:20:18.954+02:00 TRACE 13448 --- [api-gateway] [    Test worker] o.s.aop.framework.CglibAopProxy          : Method is declared on Advised interface: public abstract boolean org.springframework.aop.framework.Advised.removeAdvisor(org.springframework.aop.Advisor)
2025-04-26T22:20:18.954+02:00 TRACE 13448 --- [api-gateway] [    Test worker] o.s.aop.framework.CglibAopProxy          : Method is declared on Advised interface: public abstract void org.springframework.aop.framework.Advised.removeAdvisor(int) throws org.springframework.aop.framework.AopConfigException
2025-04-26T22:20:18.954+02:00 TRACE 13448 --- [api-gateway] [    Test worker] o.s.aop.framework.CglibAopProxy          : Method is declared on Advised interface: public abstract boolean org.springframework.aop.framework.Advised.isPreFiltered()
2025-04-26T22:20:18.955+02:00 TRACE 13448 --- [api-gateway] [    Test worker] o.s.aop.framework.CglibAopProxy          : Method is declared on Advised interface: public abstract boolean org.springframework.aop.framework.Advised.removeAdvice(org.aopalliance.aop.Advice)
2025-04-26T22:20:18.955+02:00 TRACE 13448 --- [api-gateway] [    Test worker] o.s.aop.framework.CglibAopProxy          : Method is declared on Advised interface: public abstract void org.springframework.aop.framework.Advised.addAdvisor(org.springframework.aop.Advisor) throws org.springframework.aop.framework.AopConfigException
2025-04-26T22:20:18.955+02:00 TRACE 13448 --- [api-gateway] [    Test worker] o.s.aop.framework.CglibAopProxy          : Method is declared on Advised interface: public abstract void org.springframework.aop.framework.Advised.addAdvisor(int,org.springframework.aop.Advisor) throws org.springframework.aop.framework.AopConfigException
2025-04-26T22:20:18.955+02:00 TRACE 13448 --- [api-gateway] [    Test worker] o.s.aop.framework.CglibAopProxy          : Method is declared on Advised interface: public abstract java.lang.Class org.springframework.aop.TargetClassAware.getTargetClass()
2025-04-26T22:20:18.963+02:00 TRACE 13448 --- [api-gateway] [    Test worker] o.s.b.f.s.DefaultListableBeanFactory     : Finished creating instance of bean 'eurekaRegistration'
2025-04-26T22:20:18.964+02:00 DEBUG 13448 --- [api-gateway] [    Test worker] s.w.r.r.m.a.RequestMappingHandlerMapping : 0 mappings in 'requestMappingHandlerMapping'
2025-04-26T22:20:18.964+02:00 TRACE 13448 --- [api-gateway] [    Test worker] o.s.b.f.s.DefaultListableBeanFactory     : Returning cached instance of singleton bean 'preFilterAuthorizationAdvisor'
2025-04-26T22:20:18.965+02:00 TRACE 13448 --- [api-gateway] [    Test worker] o.s.b.f.s.DefaultListableBeanFactory     : Returning cached instance of singleton bean 'preAuthorizeAuthorizationAdvisor'
2025-04-26T22:20:18.965+02:00 TRACE 13448 --- [api-gateway] [    Test worker] o.s.b.f.s.DefaultListableBeanFactory     : Returning cached instance of singleton bean 'postFilterAuthorizationAdvisor'
2025-04-26T22:20:18.965+02:00 TRACE 13448 --- [api-gateway] [    Test worker] o.s.b.f.s.DefaultListableBeanFactory     : Returning cached instance of singleton bean 'postAuthorizeAuthorizationAdvisor'
2025-04-26T22:20:18.965+02:00 TRACE 13448 --- [api-gateway] [    Test worker] o.s.b.f.s.DefaultListableBeanFactory     : Returning cached instance of singleton bean 'jsr250AuthorizationAdvisor'
2025-04-26T22:20:18.965+02:00 TRACE 13448 --- [api-gateway] [    Test worker] o.s.b.f.s.DefaultListableBeanFactory     : Returning cached instance of singleton bean 'authorizeReturnObjectAdvisor'
2025-04-26T22:20:18.969+02:00 TRACE 13448 --- [api-gateway] [    Test worker] o.s.b.f.s.DefaultListableBeanFactory     : Finished creating instance of bean 'requestMappingHandlerMapping'
2025-04-26T22:20:18.980+02:00 DEBUG 13448 --- [api-gateway] [    Test worker] o.s.b.f.s.DefaultListableBeanFactory     : Creating shared instance of singleton bean 'jwtDecoderByIssuerUri'
2025-04-26T22:20:18.980+02:00 TRACE 13448 --- [api-gateway] [    Test worker] o.s.b.f.s.DefaultListableBeanFactory     : Creating instance of bean 'jwtDecoderByIssuerUri'
2025-04-26T22:20:18.980+02:00 DEBUG 13448 --- [api-gateway] [    Test worker] o.s.b.f.s.DefaultListableBeanFactory     : Creating shared instance of singleton bean 'org.springframework.boot.autoconfigure.security.oauth2.resource.reactive.ReactiveOAuth2ResourceServerJwkConfiguration$JwtConfiguration'
2025-04-26T22:20:18.980+02:00 TRACE 13448 --- [api-gateway] [    Test worker] o.s.b.f.s.DefaultListableBeanFactory     : Creating instance of bean 'org.springframework.boot.autoconfigure.security.oauth2.resource.reactive.ReactiveOAuth2ResourceServerJwkConfiguration$JwtConfiguration'
2025-04-26T22:20:18.983+02:00 DEBUG 13448 --- [api-gateway] [    Test worker] o.s.b.f.s.DefaultListableBeanFactory     : Creating shared instance of singleton bean 'spring.security.oauth2.resourceserver-org.springframework.boot.autoconfigure.security.oauth2.resource.OAuth2ResourceServerProperties'
2025-04-26T22:20:18.983+02:00 TRACE 13448 --- [api-gateway] [    Test worker] o.s.b.f.s.DefaultListableBeanFactory     : Creating instance of bean 'spring.security.oauth2.resourceserver-org.springframework.boot.autoconfigure.security.oauth2.resource.OAuth2ResourceServerProperties'
2025-04-26T22:20:18.983+02:00 TRACE 13448 --- [api-gateway] [    Test worker] o.s.b.f.s.DefaultListableBeanFactory     : Returning cached instance of singleton bean 'org.springframework.boot.context.properties.BoundConfigurationProperties'
2025-04-26T22:20:18.985+02:00 TRACE 13448 --- [api-gateway] [    Test worker] o.s.b.f.s.DefaultListableBeanFactory     : Returning cached instance of singleton bean 'preFilterAuthorizationAdvisor'
2025-04-26T22:20:18.986+02:00 TRACE 13448 --- [api-gateway] [    Test worker] o.s.b.f.s.DefaultListableBeanFactory     : Returning cached instance of singleton bean 'preAuthorizeAuthorizationAdvisor'
2025-04-26T22:20:18.986+02:00 TRACE 13448 --- [api-gateway] [    Test worker] o.s.b.f.s.DefaultListableBeanFactory     : Returning cached instance of singleton bean 'postFilterAuthorizationAdvisor'
2025-04-26T22:20:18.986+02:00 TRACE 13448 --- [api-gateway] [    Test worker] o.s.b.f.s.DefaultListableBeanFactory     : Returning cached instance of singleton bean 'postAuthorizeAuthorizationAdvisor'
2025-04-26T22:20:18.986+02:00 TRACE 13448 --- [api-gateway] [    Test worker] o.s.b.f.s.DefaultListableBeanFactory     : Returning cached instance of singleton bean 'jsr250AuthorizationAdvisor'
2025-04-26T22:20:18.986+02:00 TRACE 13448 --- [api-gateway] [    Test worker] o.s.b.f.s.DefaultListableBeanFactory     : Returning cached instance of singleton bean 'authorizeReturnObjectAdvisor'
2025-04-26T22:20:18.986+02:00 TRACE 13448 --- [api-gateway] [    Test worker] o.s.b.f.s.DefaultListableBeanFactory     : Finished creating instance of bean 'spring.security.oauth2.resourceserver-org.springframework.boot.autoconfigure.security.oauth2.resource.OAuth2ResourceServerProperties'
2025-04-26T22:20:18.986+02:00 DEBUG 13448 --- [api-gateway] [    Test worker] o.s.b.f.s.DefaultListableBeanFactory     : Autowiring by type from bean name 'org.springframework.boot.autoconfigure.security.oauth2.resource.reactive.ReactiveOAuth2ResourceServerJwkConfiguration$JwtConfiguration' via constructor to bean named 'spring.security.oauth2.resourceserver-org.springframework.boot.autoconfigure.security.oauth2.resource.OAuth2ResourceServerProperties'
2025-04-26T22:20:18.988+02:00 TRACE 13448 --- [api-gateway] [    Test worker] o.s.b.f.s.DefaultListableBeanFactory     : Returning cached instance of singleton bean 'preFilterAuthorizationAdvisor'
2025-04-26T22:20:18.988+02:00 TRACE 13448 --- [api-gateway] [    Test worker] o.s.b.f.s.DefaultListableBeanFactory     : Returning cached instance of singleton bean 'preAuthorizeAuthorizationAdvisor'
2025-04-26T22:20:18.988+02:00 TRACE 13448 --- [api-gateway] [    Test worker] o.s.b.f.s.DefaultListableBeanFactory     : Returning cached instance of singleton bean 'postFilterAuthorizationAdvisor'
2025-04-26T22:20:18.988+02:00 TRACE 13448 --- [api-gateway] [    Test worker] o.s.b.f.s.DefaultListableBeanFactory     : Returning cached instance of singleton bean 'postAuthorizeAuthorizationAdvisor'
2025-04-26T22:20:18.988+02:00 TRACE 13448 --- [api-gateway] [    Test worker] o.s.b.f.s.DefaultListableBeanFactory     : Returning cached instance of singleton bean 'jsr250AuthorizationAdvisor'
2025-04-26T22:20:18.988+02:00 TRACE 13448 --- [api-gateway] [    Test worker] o.s.b.f.s.DefaultListableBeanFactory     : Returning cached instance of singleton bean 'authorizeReturnObjectAdvisor'
2025-04-26T22:20:18.988+02:00 TRACE 13448 --- [api-gateway] [    Test worker] o.s.b.f.s.DefaultListableBeanFactory     : Finished creating instance of bean 'org.springframework.boot.autoconfigure.security.oauth2.resource.reactive.ReactiveOAuth2ResourceServerJwkConfiguration$JwtConfiguration'
2025-04-26T22:20:18.991+02:00 DEBUG 13448 --- [api-gateway] [    Test worker] reactor.util.Loggers                     : Using Slf4j logging framework
2025-04-26T22:20:19.013+02:00 TRACE 13448 --- [api-gateway] [    Test worker] o.s.b.f.s.DefaultListableBeanFactory     : Returning cached instance of singleton bean 'preFilterAuthorizationAdvisor'
2025-04-26T22:20:19.013+02:00 TRACE 13448 --- [api-gateway] [    Test worker] o.s.b.f.s.DefaultListableBeanFactory     : Returning cached instance of singleton bean 'preAuthorizeAuthorizationAdvisor'
2025-04-26T22:20:19.013+02:00 TRACE 13448 --- [api-gateway] [    Test worker] o.s.b.f.s.DefaultListableBeanFactory     : Returning cached instance of singleton bean 'postFilterAuthorizationAdvisor'
2025-04-26T22:20:19.013+02:00 TRACE 13448 --- [api-gateway] [    Test worker] o.s.b.f.s.DefaultListableBeanFactory     : Returning cached instance of singleton bean 'postAuthorizeAuthorizationAdvisor'
2025-04-26T22:20:19.013+02:00 TRACE 13448 --- [api-gateway] [    Test worker] o.s.b.f.s.DefaultListableBeanFactory     : Returning cached instance of singleton bean 'jsr250AuthorizationAdvisor'
2025-04-26T22:20:19.013+02:00 TRACE 13448 --- [api-gateway] [    Test worker] o.s.b.f.s.DefaultListableBeanFactory     : Returning cached instance of singleton bean 'authorizeReturnObjectAdvisor'
2025-04-26T22:20:19.013+02:00 TRACE 13448 --- [api-gateway] [    Test worker] o.s.b.f.s.DefaultListableBeanFactory     : Finished creating instance of bean 'jwtDecoderByIssuerUri'
2025-04-26T22:20:19.025+02:00 TRACE 13448 --- [api-gateway] [    Test worker] o.s.b.f.s.DefaultListableBeanFactory     : Returning cached instance of singleton bean 'preFilterAuthorizationAdvisor'
2025-04-26T22:20:19.025+02:00 TRACE 13448 --- [api-gateway] [    Test worker] o.s.b.f.s.DefaultListableBeanFactory     : Returning cached instance of singleton bean 'preAuthorizeAuthorizationAdvisor'
2025-04-26T22:20:19.026+02:00 TRACE 13448 --- [api-gateway] [    Test worker] o.s.b.f.s.DefaultListableBeanFactory     : Returning cached instance of singleton bean 'postFilterAuthorizationAdvisor'
2025-04-26T22:20:19.026+02:00 TRACE 13448 --- [api-gateway] [    Test worker] o.s.b.f.s.DefaultListableBeanFactory     : Returning cached instance of singleton bean 'postAuthorizeAuthorizationAdvisor'
2025-04-26T22:20:19.026+02:00 TRACE 13448 --- [api-gateway] [    Test worker] o.s.b.f.s.DefaultListableBeanFactory     : Returning cached instance of singleton bean 'jsr250AuthorizationAdvisor'
2025-04-26T22:20:19.026+02:00 TRACE 13448 --- [api-gateway] [    Test worker] o.s.b.f.s.DefaultListableBeanFactory     : Returning cached instance of singleton bean 'authorizeReturnObjectAdvisor'
2025-04-26T22:20:19.026+02:00 TRACE 13448 --- [api-gateway] [    Test worker] o.s.b.f.s.DefaultListableBeanFactory     : Finished creating instance of bean 'securityWebFilterChain'
2025-04-26T22:20:19.026+02:00 TRACE 13448 --- [api-gateway] [    Test worker] f.a.AutowiredAnnotationBeanPostProcessor : Autowiring by type from bean name 'org.springframework.security.config.annotation.web.reactive.WebFluxSecurityConfiguration' to bean named 'securityWebFilterChain'
2025-04-26T22:20:19.027+02:00 DEBUG 13448 --- [api-gateway] [    Test worker] o.s.b.f.s.DefaultListableBeanFactory     : Creating shared instance of singleton bean 'filterChainDecoratorPostProcessor'
2025-04-26T22:20:19.027+02:00 TRACE 13448 --- [api-gateway] [    Test worker] o.s.b.f.s.DefaultListableBeanFactory     : Creating instance of bean 'filterChainDecoratorPostProcessor'
2025-04-26T22:20:19.027+02:00 TRACE 13448 --- [api-gateway] [    Test worker] o.s.b.f.s.DefaultListableBeanFactory     : Returning cached instance of singleton bean 'preFilterAuthorizationAdvisor'
2025-04-26T22:20:19.027+02:00 TRACE 13448 --- [api-gateway] [    Test worker] o.s.b.f.s.DefaultListableBeanFactory     : Returning cached instance of singleton bean 'preAuthorizeAuthorizationAdvisor'
2025-04-26T22:20:19.027+02:00 TRACE 13448 --- [api-gateway] [    Test worker] o.s.b.f.s.DefaultListableBeanFactory     : Returning cached instance of singleton bean 'postFilterAuthorizationAdvisor'
2025-04-26T22:20:19.027+02:00 TRACE 13448 --- [api-gateway] [    Test worker] o.s.b.f.s.DefaultListableBeanFactory     : Returning cached instance of singleton bean 'postAuthorizeAuthorizationAdvisor'
2025-04-26T22:20:19.028+02:00 TRACE 13448 --- [api-gateway] [    Test worker] o.s.b.f.s.DefaultListableBeanFactory     : Returning cached instance of singleton bean 'jsr250AuthorizationAdvisor'
2025-04-26T22:20:19.028+02:00 TRACE 13448 --- [api-gateway] [    Test worker] o.s.b.f.s.DefaultListableBeanFactory     : Returning cached instance of singleton bean 'authorizeReturnObjectAdvisor'
2025-04-26T22:20:19.028+02:00 TRACE 13448 --- [api-gateway] [    Test worker] o.s.b.f.s.DefaultListableBeanFactory     : Finished creating instance of bean 'filterChainDecoratorPostProcessor'
2025-04-26T22:20:19.028+02:00 TRACE 13448 --- [api-gateway] [    Test worker] f.a.AutowiredAnnotationBeanPostProcessor : Autowiring by type from bean name 'org.springframework.security.config.annotation.web.reactive.WebFluxSecurityConfiguration' to bean named 'filterChainDecoratorPostProcessor'
2025-04-26T22:20:19.028+02:00 TRACE 13448 --- [api-gateway] [    Test worker] o.s.b.f.s.DefaultListableBeanFactory     : Returning cached instance of singleton bean 'preFilterAuthorizationAdvisor'
2025-04-26T22:20:19.028+02:00 TRACE 13448 --- [api-gateway] [    Test worker] o.s.b.f.s.DefaultListableBeanFactory     : Returning cached instance of singleton bean 'preAuthorizeAuthorizationAdvisor'
2025-04-26T22:20:19.028+02:00 TRACE 13448 --- [api-gateway] [    Test worker] o.s.b.f.s.DefaultListableBeanFactory     : Returning cached instance of singleton bean 'postFilterAuthorizationAdvisor'
2025-04-26T22:20:19.028+02:00 TRACE 13448 --- [api-gateway] [    Test worker] o.s.b.f.s.DefaultListableBeanFactory     : Returning cached instance of singleton bean 'postAuthorizeAuthorizationAdvisor'
2025-04-26T22:20:19.028+02:00 TRACE 13448 --- [api-gateway] [    Test worker] o.s.b.f.s.DefaultListableBeanFactory     : Returning cached instance of singleton bean 'jsr250AuthorizationAdvisor'
2025-04-26T22:20:19.028+02:00 TRACE 13448 --- [api-gateway] [    Test worker] o.s.b.f.s.DefaultListableBeanFactory     : Returning cached instance of singleton bean 'authorizeReturnObjectAdvisor'
2025-04-26T22:20:19.029+02:00 TRACE 13448 --- [api-gateway] [    Test worker] o.s.b.f.s.DefaultListableBeanFactory     : Finished creating instance of bean 'org.springframework.security.config.annotation.web.reactive.WebFluxSecurityConfiguration'
2025-04-26T22:20:19.029+02:00 DEBUG 13448 --- [api-gateway] [    Test worker] o.s.b.f.s.DefaultListableBeanFactory     : Creating shared instance of singleton bean 'org.springframework.security.config.annotation.web.reactive.WebFluxSecurityConfiguration.WebFilterChainFilter'
2025-04-26T22:20:19.029+02:00 TRACE 13448 --- [api-gateway] [    Test worker] o.s.b.f.s.DefaultListableBeanFactory     : Creating instance of bean 'org.springframework.security.config.annotation.web.reactive.WebFluxSecurityConfiguration.WebFilterChainFilter'
2025-04-26T22:20:19.029+02:00 TRACE 13448 --- [api-gateway] [    Test worker] o.s.b.f.s.DefaultListableBeanFactory     : Returning cached instance of singleton bean 'org.springframework.security.config.annotation.web.reactive.WebFluxSecurityConfiguration'
2025-04-26T22:20:19.035+02:00 TRACE 13448 --- [api-gateway] [    Test worker] o.s.b.f.s.DefaultListableBeanFactory     : Returning cached instance of singleton bean 'preFilterAuthorizationAdvisor'
2025-04-26T22:20:19.035+02:00 TRACE 13448 --- [api-gateway] [    Test worker] o.s.b.f.s.DefaultListableBeanFactory     : Returning cached instance of singleton bean 'preAuthorizeAuthorizationAdvisor'
2025-04-26T22:20:19.035+02:00 TRACE 13448 --- [api-gateway] [    Test worker] o.s.b.f.s.DefaultListableBeanFactory     : Returning cached instance of singleton bean 'postFilterAuthorizationAdvisor'
2025-04-26T22:20:19.035+02:00 TRACE 13448 --- [api-gateway] [    Test worker] o.s.b.f.s.DefaultListableBeanFactory     : Returning cached instance of singleton bean 'postAuthorizeAuthorizationAdvisor'
2025-04-26T22:20:19.035+02:00 TRACE 13448 --- [api-gateway] [    Test worker] o.s.b.f.s.DefaultListableBeanFactory     : Returning cached instance of singleton bean 'jsr250AuthorizationAdvisor'
2025-04-26T22:20:19.035+02:00 TRACE 13448 --- [api-gateway] [    Test worker] o.s.b.f.s.DefaultListableBeanFactory     : Returning cached instance of singleton bean 'authorizeReturnObjectAdvisor'
2025-04-26T22:20:19.036+02:00 TRACE 13448 --- [api-gateway] [    Test worker] o.s.b.f.s.DefaultListableBeanFactory     : Finished creating instance of bean 'org.springframework.security.config.annotation.web.reactive.WebFluxSecurityConfiguration.WebFilterChainFilter'
2025-04-26T22:20:19.036+02:00 DEBUG 13448 --- [api-gateway] [    Test worker] o.s.b.f.s.DefaultListableBeanFactory     : Creating shared instance of singleton bean 'requestDataValueProcessor'
2025-04-26T22:20:19.036+02:00 TRACE 13448 --- [api-gateway] [    Test worker] o.s.b.f.s.DefaultListableBeanFactory     : Creating instance of bean 'requestDataValueProcessor'
2025-04-26T22:20:19.036+02:00 TRACE 13448 --- [api-gateway] [    Test worker] o.s.b.f.s.DefaultListableBeanFactory     : Returning cached instance of singleton bean 'org.springframework.security.config.annotation.web.reactive.WebFluxSecurityConfiguration'
2025-04-26T22:20:19.037+02:00 TRACE 13448 --- [api-gateway] [    Test worker] o.s.b.f.s.DefaultListableBeanFactory     : Returning cached instance of singleton bean 'preFilterAuthorizationAdvisor'
2025-04-26T22:20:19.037+02:00 TRACE 13448 --- [api-gateway] [    Test worker] o.s.b.f.s.DefaultListableBeanFactory     : Returning cached instance of singleton bean 'preAuthorizeAuthorizationAdvisor'
2025-04-26T22:20:19.037+02:00 TRACE 13448 --- [api-gateway] [    Test worker] o.s.b.f.s.DefaultListableBeanFactory     : Returning cached instance of singleton bean 'postFilterAuthorizationAdvisor'
2025-04-26T22:20:19.037+02:00 TRACE 13448 --- [api-gateway] [    Test worker] o.s.b.f.s.DefaultListableBeanFactory     : Returning cached instance of singleton bean 'postAuthorizeAuthorizationAdvisor'
2025-04-26T22:20:19.037+02:00 TRACE 13448 --- [api-gateway] [    Test worker] o.s.b.f.s.DefaultListableBeanFactory     : Returning cached instance of singleton bean 'jsr250AuthorizationAdvisor'
2025-04-26T22:20:19.037+02:00 TRACE 13448 --- [api-gateway] [    Test worker] o.s.b.f.s.DefaultListableBeanFactory     : Returning cached instance of singleton bean 'authorizeReturnObjectAdvisor'
2025-04-26T22:20:19.037+02:00 TRACE 13448 --- [api-gateway] [    Test worker] o.s.b.f.s.DefaultListableBeanFactory     : Finished creating instance of bean 'requestDataValueProcessor'
2025-04-26T22:20:19.037+02:00 TRACE 13448 --- [api-gateway] [    Test worker] o.s.b.f.s.DefaultListableBeanFactory     : Returning cached instance of singleton bean 'conversionServicePostProcessor'
2025-04-26T22:20:19.037+02:00 DEBUG 13448 --- [api-gateway] [    Test worker] o.s.b.f.s.DefaultListableBeanFactory     : Creating shared instance of singleton bean 'org.springframework.security.config.annotation.web.reactive.ReactiveObservationConfiguration'
2025-04-26T22:20:19.037+02:00 TRACE 13448 --- [api-gateway] [    Test worker] o.s.b.f.s.DefaultListableBeanFactory     : Creating instance of bean 'org.springframework.security.config.annotation.web.reactive.ReactiveObservationConfiguration'
2025-04-26T22:20:19.038+02:00 TRACE 13448 --- [api-gateway] [    Test worker] o.s.b.f.s.DefaultListableBeanFactory     : Returning cached instance of singleton bean 'preFilterAuthorizationAdvisor'
2025-04-26T22:20:19.038+02:00 TRACE 13448 --- [api-gateway] [    Test worker] o.s.b.f.s.DefaultListableBeanFactory     : Returning cached instance of singleton bean 'preAuthorizeAuthorizationAdvisor'
2025-04-26T22:20:19.038+02:00 TRACE 13448 --- [api-gateway] [    Test worker] o.s.b.f.s.DefaultListableBeanFactory     : Returning cached instance of singleton bean 'postFilterAuthorizationAdvisor'
2025-04-26T22:20:19.038+02:00 TRACE 13448 --- [api-gateway] [    Test worker] o.s.b.f.s.DefaultListableBeanFactory     : Returning cached instance of singleton bean 'postAuthorizeAuthorizationAdvisor'
2025-04-26T22:20:19.038+02:00 TRACE 13448 --- [api-gateway] [    Test worker] o.s.b.f.s.DefaultListableBeanFactory     : Returning cached instance of singleton bean 'jsr250AuthorizationAdvisor'
2025-04-26T22:20:19.038+02:00 TRACE 13448 --- [api-gateway] [    Test worker] o.s.b.f.s.DefaultListableBeanFactory     : Returning cached instance of singleton bean 'authorizeReturnObjectAdvisor'
2025-04-26T22:20:19.039+02:00 TRACE 13448 --- [api-gateway] [    Test worker] o.s.b.f.s.DefaultListableBeanFactory     : Finished creating instance of bean 'org.springframework.security.config.annotation.web.reactive.ReactiveObservationConfiguration'
2025-04-26T22:20:19.039+02:00 TRACE 13448 --- [api-gateway] [    Test worker] o.s.b.f.s.DefaultListableBeanFactory     : Returning cached instance of singleton bean 'webAuthorizationManagerPostProcessor'
2025-04-26T22:20:19.039+02:00 TRACE 13448 --- [api-gateway] [    Test worker] o.s.b.f.s.DefaultListableBeanFactory     : Returning cached instance of singleton bean 'reactiveAuthenticationManagerPostProcessor'
2025-04-26T22:20:19.039+02:00 TRACE 13448 --- [api-gateway] [    Test worker] o.s.b.f.s.DefaultListableBeanFactory     : Returning cached instance of singleton bean 'filterChainDecoratorPostProcessor'
2025-04-26T22:20:19.039+02:00 DEBUG 13448 --- [api-gateway] [    Test worker] o.s.b.f.s.DefaultListableBeanFactory     : Creating shared instance of singleton bean '_prePostMethodSecurityConfiguration'
2025-04-26T22:20:19.039+02:00 TRACE 13448 --- [api-gateway] [    Test worker] o.s.b.f.s.DefaultListableBeanFactory     : Creating instance of bean '_prePostMethodSecurityConfiguration'
2025-04-26T22:20:19.039+02:00 TRACE 13448 --- [api-gateway] [    Test worker] .a.InfrastructureAdvisorAutoProxyCreator : Did not attempt to auto-proxy infrastructure class [org.springframework.security.config.annotation.method.configuration.PrePostMethodSecurityConfiguration]
2025-04-26T22:20:19.040+02:00 DEBUG 13448 --- [api-gateway] [    Test worker] o.s.b.f.s.DefaultListableBeanFactory     : Creating shared instance of singleton bean 'methodAuthorizationManagerPostProcessor'
2025-04-26T22:20:19.040+02:00 TRACE 13448 --- [api-gateway] [    Test worker] o.s.b.f.s.DefaultListableBeanFactory     : Creating instance of bean 'methodAuthorizationManagerPostProcessor'
2025-04-26T22:20:19.042+02:00 TRACE 13448 --- [api-gateway] [    Test worker] o.s.b.f.s.DefaultListableBeanFactory     : Returning cached instance of singleton bean 'preFilterAuthorizationAdvisor'
2025-04-26T22:20:19.042+02:00 TRACE 13448 --- [api-gateway] [    Test worker] o.s.b.f.s.DefaultListableBeanFactory     : Returning cached instance of singleton bean 'preAuthorizeAuthorizationAdvisor'
2025-04-26T22:20:19.042+02:00 TRACE 13448 --- [api-gateway] [    Test worker] o.s.b.f.s.DefaultListableBeanFactory     : Returning cached instance of singleton bean 'postFilterAuthorizationAdvisor'
2025-04-26T22:20:19.042+02:00 TRACE 13448 --- [api-gateway] [    Test worker] o.s.b.f.s.DefaultListableBeanFactory     : Returning cached instance of singleton bean 'postAuthorizeAuthorizationAdvisor'
2025-04-26T22:20:19.042+02:00 TRACE 13448 --- [api-gateway] [    Test worker] o.s.b.f.s.DefaultListableBeanFactory     : Returning cached instance of singleton bean 'jsr250AuthorizationAdvisor'
2025-04-26T22:20:19.042+02:00 TRACE 13448 --- [api-gateway] [    Test worker] o.s.b.f.s.DefaultListableBeanFactory     : Returning cached instance of singleton bean 'authorizeReturnObjectAdvisor'
2025-04-26T22:20:19.042+02:00 TRACE 13448 --- [api-gateway] [    Test worker] o.s.b.f.s.DefaultListableBeanFactory     : Finished creating instance of bean 'methodAuthorizationManagerPostProcessor'
2025-04-26T22:20:19.043+02:00 DEBUG 13448 --- [api-gateway] [    Test worker] o.s.b.f.s.DefaultListableBeanFactory     : Creating shared instance of singleton bean 'methodResultAuthorizationManagerPostProcessor'
2025-04-26T22:20:19.043+02:00 TRACE 13448 --- [api-gateway] [    Test worker] o.s.b.f.s.DefaultListableBeanFactory     : Creating instance of bean 'methodResultAuthorizationManagerPostProcessor'
2025-04-26T22:20:19.044+02:00 TRACE 13448 --- [api-gateway] [    Test worker] o.s.b.f.s.DefaultListableBeanFactory     : Returning cached instance of singleton bean 'preFilterAuthorizationAdvisor'
2025-04-26T22:20:19.044+02:00 TRACE 13448 --- [api-gateway] [    Test worker] o.s.b.f.s.DefaultListableBeanFactory     : Returning cached instance of singleton bean 'preAuthorizeAuthorizationAdvisor'
2025-04-26T22:20:19.044+02:00 TRACE 13448 --- [api-gateway] [    Test worker] o.s.b.f.s.DefaultListableBeanFactory     : Returning cached instance of singleton bean 'postFilterAuthorizationAdvisor'
2025-04-26T22:20:19.044+02:00 TRACE 13448 --- [api-gateway] [    Test worker] o.s.b.f.s.DefaultListableBeanFactory     : Returning cached instance of singleton bean 'postAuthorizeAuthorizationAdvisor'
2025-04-26T22:20:19.044+02:00 TRACE 13448 --- [api-gateway] [    Test worker] o.s.b.f.s.DefaultListableBeanFactory     : Returning cached instance of singleton bean 'jsr250AuthorizationAdvisor'
2025-04-26T22:20:19.044+02:00 TRACE 13448 --- [api-gateway] [    Test worker] o.s.b.f.s.DefaultListableBeanFactory     : Returning cached instance of singleton bean 'authorizeReturnObjectAdvisor'
2025-04-26T22:20:19.045+02:00 TRACE 13448 --- [api-gateway] [    Test worker] o.s.b.f.s.DefaultListableBeanFactory     : Finished creating instance of bean 'methodResultAuthorizationManagerPostProcessor'
2025-04-26T22:20:19.045+02:00 TRACE 13448 --- [api-gateway] [    Test worker] o.s.beans.CachedIntrospectionResults     : Getting BeanInfo for class [org.springframework.security.config.annotation.method.configuration.PrePostMethodSecurityConfiguration]
2025-04-26T22:20:19.045+02:00 TRACE 13448 --- [api-gateway] [    Test worker] o.s.beans.CachedIntrospectionResults     : Caching PropertyDescriptors for class [org.springframework.security.config.annotation.method.configuration.PrePostMethodSecurityConfiguration]
2025-04-26T22:20:19.045+02:00 TRACE 13448 --- [api-gateway] [    Test worker] o.s.beans.CachedIntrospectionResults     : Found bean property 'applicationContext' of type [org.springframework.context.ApplicationContext]
2025-04-26T22:20:19.045+02:00 TRACE 13448 --- [api-gateway] [    Test worker] o.s.beans.CachedIntrospectionResults     : Found bean property 'class' of type [java.lang.Class]
2025-04-26T22:20:19.046+02:00 TRACE 13448 --- [api-gateway] [    Test worker] o.s.beans.CachedIntrospectionResults     : Found bean property 'importMetadata' of type [org.springframework.core.type.AnnotationMetadata]
2025-04-26T22:20:19.049+02:00 TRACE 13448 --- [api-gateway] [    Test worker] o.s.b.f.s.DefaultListableBeanFactory     : Returning cached instance of singleton bean 'org.springframework.context.annotation.ConfigurationClassPostProcessor.importRegistry'
2025-04-26T22:20:19.049+02:00 TRACE 13448 --- [api-gateway] [    Test worker] o.s.b.f.s.DefaultListableBeanFactory     : Finished creating instance of bean '_prePostMethodSecurityConfiguration'
2025-04-26T22:20:19.049+02:00 TRACE 13448 --- [api-gateway] [    Test worker] o.s.b.f.s.DefaultListableBeanFactory     : Returning cached instance of singleton bean 'preFilterAuthorizationMethodInterceptor'
2025-04-26T22:20:19.049+02:00 TRACE 13448 --- [api-gateway] [    Test worker] o.s.b.f.s.DefaultListableBeanFactory     : Returning cached instance of singleton bean 'preAuthorizeAuthorizationMethodInterceptor'
2025-04-26T22:20:19.049+02:00 TRACE 13448 --- [api-gateway] [    Test worker] o.s.b.f.s.DefaultListableBeanFactory     : Returning cached instance of singleton bean 'postAuthorizeAuthorizationMethodInterceptor'
2025-04-26T22:20:19.049+02:00 TRACE 13448 --- [api-gateway] [    Test worker] o.s.b.f.s.DefaultListableBeanFactory     : Returning cached instance of singleton bean 'postFilterAuthorizationMethodInterceptor'
2025-04-26T22:20:19.049+02:00 DEBUG 13448 --- [api-gateway] [    Test worker] o.s.b.f.s.DefaultListableBeanFactory     : Creating shared instance of singleton bean 'prePostAuthorizeExpressionHintsRegistrar'
2025-04-26T22:20:19.049+02:00 TRACE 13448 --- [api-gateway] [    Test worker] o.s.b.f.s.DefaultListableBeanFactory     : Creating instance of bean 'prePostAuthorizeExpressionHintsRegistrar'
2025-04-26T22:20:19.050+02:00 TRACE 13448 --- [api-gateway] [    Test worker] o.s.b.f.s.DefaultListableBeanFactory     : Returning cached instance of singleton bean 'preFilterAuthorizationAdvisor'
2025-04-26T22:20:19.050+02:00 TRACE 13448 --- [api-gateway] [    Test worker] o.s.b.f.s.DefaultListableBeanFactory     : Returning cached instance of singleton bean 'preAuthorizeAuthorizationAdvisor'
2025-04-26T22:20:19.050+02:00 TRACE 13448 --- [api-gateway] [    Test worker] o.s.b.f.s.DefaultListableBeanFactory     : Returning cached instance of singleton bean 'postFilterAuthorizationAdvisor'
2025-04-26T22:20:19.050+02:00 TRACE 13448 --- [api-gateway] [    Test worker] o.s.b.f.s.DefaultListableBeanFactory     : Returning cached instance of singleton bean 'postAuthorizeAuthorizationAdvisor'
2025-04-26T22:20:19.050+02:00 TRACE 13448 --- [api-gateway] [    Test worker] o.s.b.f.s.DefaultListableBeanFactory     : Returning cached instance of singleton bean 'jsr250AuthorizationAdvisor'
2025-04-26T22:20:19.050+02:00 TRACE 13448 --- [api-gateway] [    Test worker] o.s.b.f.s.DefaultListableBeanFactory     : Returning cached instance of singleton bean 'authorizeReturnObjectAdvisor'
2025-04-26T22:20:19.050+02:00 TRACE 13448 --- [api-gateway] [    Test worker] o.s.b.f.s.DefaultListableBeanFactory     : Finished creating instance of bean 'prePostAuthorizeExpressionHintsRegistrar'
2025-04-26T22:20:19.050+02:00 DEBUG 13448 --- [api-gateway] [    Test worker] o.s.b.f.s.DefaultListableBeanFactory     : Creating shared instance of singleton bean '_jsr250MethodSecurityConfiguration'
2025-04-26T22:20:19.050+02:00 TRACE 13448 --- [api-gateway] [    Test worker] o.s.b.f.s.DefaultListableBeanFactory     : Creating instance of bean '_jsr250MethodSecurityConfiguration'
2025-04-26T22:20:19.050+02:00 TRACE 13448 --- [api-gateway] [    Test worker] .a.InfrastructureAdvisorAutoProxyCreator : Did not attempt to auto-proxy infrastructure class [org.springframework.security.config.annotation.method.configuration.Jsr250MethodSecurityConfiguration]
2025-04-26T22:20:19.051+02:00 TRACE 13448 --- [api-gateway] [    Test worker] o.s.b.f.s.DefaultListableBeanFactory     : Returning cached instance of singleton bean 'methodAuthorizationManagerPostProcessor'
2025-04-26T22:20:19.051+02:00 TRACE 13448 --- [api-gateway] [    Test worker] o.s.beans.CachedIntrospectionResults     : Getting BeanInfo for class [org.springframework.security.config.annotation.method.configuration.Jsr250MethodSecurityConfiguration]
2025-04-26T22:20:19.051+02:00 TRACE 13448 --- [api-gateway] [    Test worker] o.s.beans.CachedIntrospectionResults     : Caching PropertyDescriptors for class [org.springframework.security.config.annotation.method.configuration.Jsr250MethodSecurityConfiguration]
2025-04-26T22:20:19.051+02:00 TRACE 13448 --- [api-gateway] [    Test worker] o.s.beans.CachedIntrospectionResults     : Found bean property 'class' of type [java.lang.Class]
2025-04-26T22:20:19.052+02:00 TRACE 13448 --- [api-gateway] [    Test worker] o.s.beans.CachedIntrospectionResults     : Found bean property 'importMetadata' of type [org.springframework.core.type.AnnotationMetadata]
2025-04-26T22:20:19.052+02:00 TRACE 13448 --- [api-gateway] [    Test worker] o.s.b.f.s.DefaultListableBeanFactory     : Returning cached instance of singleton bean 'org.springframework.context.annotation.ConfigurationClassPostProcessor.importRegistry'
2025-04-26T22:20:19.053+02:00 TRACE 13448 --- [api-gateway] [    Test worker] o.s.b.f.s.DefaultListableBeanFactory     : Finished creating instance of bean '_jsr250MethodSecurityConfiguration'
2025-04-26T22:20:19.053+02:00 TRACE 13448 --- [api-gateway] [    Test worker] o.s.b.f.s.DefaultListableBeanFactory     : Returning cached instance of singleton bean 'jsr250AuthorizationMethodInterceptor'
2025-04-26T22:20:19.053+02:00 DEBUG 13448 --- [api-gateway] [    Test worker] o.s.b.f.s.DefaultListableBeanFactory     : Creating shared instance of singleton bean 'org.springframework.security.config.annotation.method.configuration.AuthorizationProxyConfiguration'
2025-04-26T22:20:19.053+02:00 TRACE 13448 --- [api-gateway] [    Test worker] o.s.b.f.s.DefaultListableBeanFactory     : Creating instance of bean 'org.springframework.security.config.annotation.method.configuration.AuthorizationProxyConfiguration'
2025-04-26T22:20:19.053+02:00 TRACE 13448 --- [api-gateway] [    Test worker] .a.InfrastructureAdvisorAutoProxyCreator : Did not attempt to auto-proxy infrastructure class [org.springframework.security.config.annotation.method.configuration.AuthorizationProxyConfiguration]
2025-04-26T22:20:19.053+02:00 TRACE 13448 --- [api-gateway] [    Test worker] o.s.b.f.s.DefaultListableBeanFactory     : Finished creating instance of bean 'org.springframework.security.config.annotation.method.configuration.AuthorizationProxyConfiguration'
2025-04-26T22:20:19.053+02:00 TRACE 13448 --- [api-gateway] [    Test worker] o.s.b.f.s.DefaultListableBeanFactory     : Returning cached instance of singleton bean 'authorizationProxyFactory'
2025-04-26T22:20:19.053+02:00 TRACE 13448 --- [api-gateway] [    Test worker] o.s.b.f.s.DefaultListableBeanFactory     : Returning cached instance of singleton bean 'authorizeReturnObjectMethodInterceptor'
2025-04-26T22:20:19.053+02:00 DEBUG 13448 --- [api-gateway] [    Test worker] o.s.b.f.s.DefaultListableBeanFactory     : Creating shared instance of singleton bean 'authorizeReturnObjectHintsRegistrar'
2025-04-26T22:20:19.053+02:00 TRACE 13448 --- [api-gateway] [    Test worker] o.s.b.f.s.DefaultListableBeanFactory     : Creating instance of bean 'authorizeReturnObjectHintsRegistrar'
2025-04-26T22:20:19.054+02:00 TRACE 13448 --- [api-gateway] [    Test worker] o.s.b.f.s.DefaultListableBeanFactory     : Returning cached instance of singleton bean 'authorizationProxyFactory'
2025-04-26T22:20:19.054+02:00 DEBUG 13448 --- [api-gateway] [    Test worker] o.s.b.f.s.DefaultListableBeanFactory     : Autowiring by type from bean name 'authorizeReturnObjectHintsRegistrar' via factory method to bean named 'authorizationProxyFactory'
2025-04-26T22:20:19.054+02:00 TRACE 13448 --- [api-gateway] [    Test worker] o.s.b.f.s.DefaultListableBeanFactory     : Returning cached instance of singleton bean 'preFilterAuthorizationAdvisor'
2025-04-26T22:20:19.054+02:00 TRACE 13448 --- [api-gateway] [    Test worker] o.s.b.f.s.DefaultListableBeanFactory     : Returning cached instance of singleton bean 'preAuthorizeAuthorizationAdvisor'
2025-04-26T22:20:19.054+02:00 TRACE 13448 --- [api-gateway] [    Test worker] o.s.b.f.s.DefaultListableBeanFactory     : Returning cached instance of singleton bean 'postFilterAuthorizationAdvisor'
2025-04-26T22:20:19.054+02:00 TRACE 13448 --- [api-gateway] [    Test worker] o.s.b.f.s.DefaultListableBeanFactory     : Returning cached instance of singleton bean 'postAuthorizeAuthorizationAdvisor'
2025-04-26T22:20:19.054+02:00 TRACE 13448 --- [api-gateway] [    Test worker] o.s.b.f.s.DefaultListableBeanFactory     : Returning cached instance of singleton bean 'jsr250AuthorizationAdvisor'
2025-04-26T22:20:19.054+02:00 TRACE 13448 --- [api-gateway] [    Test worker] o.s.b.f.s.DefaultListableBeanFactory     : Returning cached instance of singleton bean 'authorizeReturnObjectAdvisor'
2025-04-26T22:20:19.055+02:00 TRACE 13448 --- [api-gateway] [    Test worker] o.s.b.f.s.DefaultListableBeanFactory     : Finished creating instance of bean 'authorizeReturnObjectHintsRegistrar'
2025-04-26T22:20:19.055+02:00 DEBUG 13448 --- [api-gateway] [    Test worker] o.s.b.f.s.DefaultListableBeanFactory     : Creating shared instance of singleton bean 'org.springframework.security.config.annotation.method.configuration.MethodObservationConfiguration'
2025-04-26T22:20:19.055+02:00 TRACE 13448 --- [api-gateway] [    Test worker] o.s.b.f.s.DefaultListableBeanFactory     : Creating instance of bean 'org.springframework.security.config.annotation.method.configuration.MethodObservationConfiguration'
2025-04-26T22:20:19.055+02:00 TRACE 13448 --- [api-gateway] [    Test worker] o.s.b.f.s.DefaultListableBeanFactory     : Returning cached instance of singleton bean 'preFilterAuthorizationAdvisor'
2025-04-26T22:20:19.055+02:00 TRACE 13448 --- [api-gateway] [    Test worker] o.s.b.f.s.DefaultListableBeanFactory     : Returning cached instance of singleton bean 'preAuthorizeAuthorizationAdvisor'
2025-04-26T22:20:19.055+02:00 TRACE 13448 --- [api-gateway] [    Test worker] o.s.b.f.s.DefaultListableBeanFactory     : Returning cached instance of singleton bean 'postFilterAuthorizationAdvisor'
2025-04-26T22:20:19.055+02:00 TRACE 13448 --- [api-gateway] [    Test worker] o.s.b.f.s.DefaultListableBeanFactory     : Returning cached instance of singleton bean 'postAuthorizeAuthorizationAdvisor'
2025-04-26T22:20:19.055+02:00 TRACE 13448 --- [api-gateway] [    Test worker] o.s.b.f.s.DefaultListableBeanFactory     : Returning cached instance of singleton bean 'jsr250AuthorizationAdvisor'
2025-04-26T22:20:19.055+02:00 TRACE 13448 --- [api-gateway] [    Test worker] o.s.b.f.s.DefaultListableBeanFactory     : Returning cached instance of singleton bean 'authorizeReturnObjectAdvisor'
2025-04-26T22:20:19.055+02:00 TRACE 13448 --- [api-gateway] [    Test worker] o.s.b.f.s.DefaultListableBeanFactory     : Finished creating instance of bean 'org.springframework.security.config.annotation.method.configuration.MethodObservationConfiguration'
2025-04-26T22:20:19.055+02:00 TRACE 13448 --- [api-gateway] [    Test worker] o.s.b.f.s.DefaultListableBeanFactory     : Returning cached instance of singleton bean 'methodAuthorizationManagerPostProcessor'
2025-04-26T22:20:19.055+02:00 TRACE 13448 --- [api-gateway] [    Test worker] o.s.b.f.s.DefaultListableBeanFactory     : Returning cached instance of singleton bean 'methodResultAuthorizationManagerPostProcessor'
2025-04-26T22:20:19.055+02:00 TRACE 13448 --- [api-gateway] [    Test worker] o.s.b.f.s.DefaultListableBeanFactory     : Returning cached instance of singleton bean 'securityWebFilterChain'
2025-04-26T22:20:19.055+02:00 TRACE 13448 --- [api-gateway] [    Test worker] o.s.b.f.s.DefaultListableBeanFactory     : Returning cached instance of singleton bean 'corsConfigurationSource'
2025-04-26T22:20:19.055+02:00 TRACE 13448 --- [api-gateway] [    Test worker] o.s.b.f.s.DefaultListableBeanFactory     : Returning cached instance of singleton bean 'org.springframework.aop.config.internalAutoProxyCreator'
2025-04-26T22:20:19.055+02:00 TRACE 13448 --- [api-gateway] [    Test worker] o.s.b.f.s.DefaultListableBeanFactory     : Returning cached instance of singleton bean 'preFilterAuthorizationAdvisor'
2025-04-26T22:20:19.055+02:00 TRACE 13448 --- [api-gateway] [    Test worker] o.s.b.f.s.DefaultListableBeanFactory     : Returning cached instance of singleton bean 'preAuthorizeAuthorizationAdvisor'
2025-04-26T22:20:19.055+02:00 TRACE 13448 --- [api-gateway] [    Test worker] o.s.b.f.s.DefaultListableBeanFactory     : Returning cached instance of singleton bean 'postFilterAuthorizationAdvisor'
2025-04-26T22:20:19.055+02:00 TRACE 13448 --- [api-gateway] [    Test worker] o.s.b.f.s.DefaultListableBeanFactory     : Returning cached instance of singleton bean 'postAuthorizeAuthorizationAdvisor'
2025-04-26T22:20:19.055+02:00 TRACE 13448 --- [api-gateway] [    Test worker] o.s.b.f.s.DefaultListableBeanFactory     : Returning cached instance of singleton bean 'jsr250AuthorizationAdvisor'
2025-04-26T22:20:19.056+02:00 TRACE 13448 --- [api-gateway] [    Test worker] o.s.b.f.s.DefaultListableBeanFactory     : Returning cached instance of singleton bean 'authorizeReturnObjectAdvisor'
2025-04-26T22:20:19.056+02:00 DEBUG 13448 --- [api-gateway] [    Test worker] o.s.b.f.s.DefaultListableBeanFactory     : Creating shared instance of singleton bean 'org.springframework.boot.autoconfigure.AutoConfigurationPackages'
2025-04-26T22:20:19.056+02:00 TRACE 13448 --- [api-gateway] [    Test worker] o.s.b.f.s.DefaultListableBeanFactory     : Creating instance of bean 'org.springframework.boot.autoconfigure.AutoConfigurationPackages'
2025-04-26T22:20:19.056+02:00 TRACE 13448 --- [api-gateway] [    Test worker] o.s.b.f.s.DefaultListableBeanFactory     : Returning cached instance of singleton bean 'preFilterAuthorizationAdvisor'
2025-04-26T22:20:19.056+02:00 TRACE 13448 --- [api-gateway] [    Test worker] o.s.b.f.s.DefaultListableBeanFactory     : Returning cached instance of singleton bean 'preAuthorizeAuthorizationAdvisor'
2025-04-26T22:20:19.056+02:00 TRACE 13448 --- [api-gateway] [    Test worker] o.s.b.f.s.DefaultListableBeanFactory     : Returning cached instance of singleton bean 'postFilterAuthorizationAdvisor'
2025-04-26T22:20:19.056+02:00 TRACE 13448 --- [api-gateway] [    Test worker] o.s.b.f.s.DefaultListableBeanFactory     : Returning cached instance of singleton bean 'postAuthorizeAuthorizationAdvisor'
2025-04-26T22:20:19.056+02:00 TRACE 13448 --- [api-gateway] [    Test worker] o.s.b.f.s.DefaultListableBeanFactory     : Returning cached instance of singleton bean 'jsr250AuthorizationAdvisor'
2025-04-26T22:20:19.056+02:00 TRACE 13448 --- [api-gateway] [    Test worker] o.s.b.f.s.DefaultListableBeanFactory     : Returning cached instance of singleton bean 'authorizeReturnObjectAdvisor'
2025-04-26T22:20:19.056+02:00 TRACE 13448 --- [api-gateway] [    Test worker] o.s.b.f.s.DefaultListableBeanFactory     : Finished creating instance of bean 'org.springframework.boot.autoconfigure.AutoConfigurationPackages'
2025-04-26T22:20:19.056+02:00 DEBUG 13448 --- [api-gateway] [    Test worker] o.s.b.f.s.DefaultListableBeanFactory     : Creating shared instance of singleton bean 'org.springframework.boot.autoconfigure.context.PropertyPlaceholderAutoConfiguration'
2025-04-26T22:20:19.056+02:00 TRACE 13448 --- [api-gateway] [    Test worker] o.s.b.f.s.DefaultListableBeanFactory     : Creating instance of bean 'org.springframework.boot.autoconfigure.context.PropertyPlaceholderAutoConfiguration'
2025-04-26T22:20:19.057+02:00 TRACE 13448 --- [api-gateway] [    Test worker] o.s.b.f.s.DefaultListableBeanFactory     : Returning cached instance of singleton bean 'preFilterAuthorizationAdvisor'
2025-04-26T22:20:19.057+02:00 TRACE 13448 --- [api-gateway] [    Test worker] o.s.b.f.s.DefaultListableBeanFactory     : Returning cached instance of singleton bean 'preAuthorizeAuthorizationAdvisor'
2025-04-26T22:20:19.057+02:00 TRACE 13448 --- [api-gateway] [    Test worker] o.s.b.f.s.DefaultListableBeanFactory     : Returning cached instance of singleton bean 'postFilterAuthorizationAdvisor'
2025-04-26T22:20:19.057+02:00 TRACE 13448 --- [api-gateway] [    Test worker] o.s.b.f.s.DefaultListableBeanFactory     : Returning cached instance of singleton bean 'postAuthorizeAuthorizationAdvisor'
2025-04-26T22:20:19.057+02:00 TRACE 13448 --- [api-gateway] [    Test worker] o.s.b.f.s.DefaultListableBeanFactory     : Returning cached instance of singleton bean 'jsr250AuthorizationAdvisor'
2025-04-26T22:20:19.057+02:00 TRACE 13448 --- [api-gateway] [    Test worker] o.s.b.f.s.DefaultListableBeanFactory     : Returning cached instance of singleton bean 'authorizeReturnObjectAdvisor'
2025-04-26T22:20:19.057+02:00 TRACE 13448 --- [api-gateway] [    Test worker] o.s.b.f.s.DefaultListableBeanFactory     : Finished creating instance of bean 'org.springframework.boot.autoconfigure.context.PropertyPlaceholderAutoConfiguration'
2025-04-26T22:20:19.057+02:00 TRACE 13448 --- [api-gateway] [    Test worker] o.s.b.f.s.DefaultListableBeanFactory     : Returning cached instance of singleton bean 'propertySourcesPlaceholderConfigurer'
2025-04-26T22:20:19.057+02:00 DEBUG 13448 --- [api-gateway] [    Test worker] o.s.b.f.s.DefaultListableBeanFactory     : Creating shared instance of singleton bean 'org.springframework.boot.autoconfigure.reactor.netty.ReactorNettyConfigurations$ReactorResourceFactoryConfiguration'
2025-04-26T22:20:19.057+02:00 TRACE 13448 --- [api-gateway] [    Test worker] o.s.b.f.s.DefaultListableBeanFactory     : Creating instance of bean 'org.springframework.boot.autoconfigure.reactor.netty.ReactorNettyConfigurations$ReactorResourceFactoryConfiguration'
2025-04-26T22:20:19.057+02:00 TRACE 13448 --- [api-gateway] [    Test worker] o.s.b.f.s.DefaultListableBeanFactory     : Returning cached instance of singleton bean 'preFilterAuthorizationAdvisor'
2025-04-26T22:20:19.057+02:00 TRACE 13448 --- [api-gateway] [    Test worker] o.s.b.f.s.DefaultListableBeanFactory     : Returning cached instance of singleton bean 'preAuthorizeAuthorizationAdvisor'
2025-04-26T22:20:19.057+02:00 TRACE 13448 --- [api-gateway] [    Test worker] o.s.b.f.s.DefaultListableBeanFactory     : Returning cached instance of singleton bean 'postFilterAuthorizationAdvisor'
2025-04-26T22:20:19.057+02:00 TRACE 13448 --- [api-gateway] [    Test worker] o.s.b.f.s.DefaultListableBeanFactory     : Returning cached instance of singleton bean 'postAuthorizeAuthorizationAdvisor'
2025-04-26T22:20:19.057+02:00 TRACE 13448 --- [api-gateway] [    Test worker] o.s.b.f.s.DefaultListableBeanFactory     : Returning cached instance of singleton bean 'jsr250AuthorizationAdvisor'
2025-04-26T22:20:19.057+02:00 TRACE 13448 --- [api-gateway] [    Test worker] o.s.b.f.s.DefaultListableBeanFactory     : Returning cached instance of singleton bean 'authorizeReturnObjectAdvisor'
2025-04-26T22:20:19.058+02:00 TRACE 13448 --- [api-gateway] [    Test worker] o.s.b.f.s.DefaultListableBeanFactory     : Finished creating instance of bean 'org.springframework.boot.autoconfigure.reactor.netty.ReactorNettyConfigurations$ReactorResourceFactoryConfiguration'
2025-04-26T22:20:19.058+02:00 DEBUG 13448 --- [api-gateway] [    Test worker] o.s.b.f.s.DefaultListableBeanFactory     : Creating shared instance of singleton bean 'reactorResourceFactory'
2025-04-26T22:20:19.058+02:00 TRACE 13448 --- [api-gateway] [    Test worker] o.s.b.f.s.DefaultListableBeanFactory     : Creating instance of bean 'reactorResourceFactory'
2025-04-26T22:20:19.058+02:00 TRACE 13448 --- [api-gateway] [    Test worker] o.s.b.f.s.DefaultListableBeanFactory     : Returning cached instance of singleton bean 'org.springframework.boot.autoconfigure.reactor.netty.ReactorNettyConfigurations$ReactorResourceFactoryConfiguration'
2025-04-26T22:20:19.058+02:00 DEBUG 13448 --- [api-gateway] [    Test worker] o.s.b.f.s.DefaultListableBeanFactory     : Creating shared instance of singleton bean 'spring.reactor.netty-org.springframework.boot.autoconfigure.reactor.netty.ReactorNettyProperties'
2025-04-26T22:20:19.058+02:00 TRACE 13448 --- [api-gateway] [    Test worker] o.s.b.f.s.DefaultListableBeanFactory     : Creating instance of bean 'spring.reactor.netty-org.springframework.boot.autoconfigure.reactor.netty.ReactorNettyProperties'
2025-04-26T22:20:19.058+02:00 TRACE 13448 --- [api-gateway] [    Test worker] o.s.b.f.s.DefaultListableBeanFactory     : Returning cached instance of singleton bean 'org.springframework.boot.context.properties.BoundConfigurationProperties'
2025-04-26T22:20:19.059+02:00 TRACE 13448 --- [api-gateway] [    Test worker] o.s.b.f.s.DefaultListableBeanFactory     : Returning cached instance of singleton bean 'preFilterAuthorizationAdvisor'
2025-04-26T22:20:19.059+02:00 TRACE 13448 --- [api-gateway] [    Test worker] o.s.b.f.s.DefaultListableBeanFactory     : Returning cached instance of singleton bean 'preAuthorizeAuthorizationAdvisor'
2025-04-26T22:20:19.059+02:00 TRACE 13448 --- [api-gateway] [    Test worker] o.s.b.f.s.DefaultListableBeanFactory     : Returning cached instance of singleton bean 'postFilterAuthorizationAdvisor'
2025-04-26T22:20:19.059+02:00 TRACE 13448 --- [api-gateway] [    Test worker] o.s.b.f.s.DefaultListableBeanFactory     : Returning cached instance of singleton bean 'postAuthorizeAuthorizationAdvisor'
2025-04-26T22:20:19.059+02:00 TRACE 13448 --- [api-gateway] [    Test worker] o.s.b.f.s.DefaultListableBeanFactory     : Returning cached instance of singleton bean 'jsr250AuthorizationAdvisor'
2025-04-26T22:20:19.059+02:00 TRACE 13448 --- [api-gateway] [    Test worker] o.s.b.f.s.DefaultListableBeanFactory     : Returning cached instance of singleton bean 'authorizeReturnObjectAdvisor'
2025-04-26T22:20:19.059+02:00 TRACE 13448 --- [api-gateway] [    Test worker] o.s.b.f.s.DefaultListableBeanFactory     : Finished creating instance of bean 'spring.reactor.netty-org.springframework.boot.autoconfigure.reactor.netty.ReactorNettyProperties'
2025-04-26T22:20:19.060+02:00 DEBUG 13448 --- [api-gateway] [    Test worker] o.s.b.f.s.DefaultListableBeanFactory     : Autowiring by type from bean name 'reactorResourceFactory' via factory method to bean named 'spring.reactor.netty-org.springframework.boot.autoconfigure.reactor.netty.ReactorNettyProperties'
2025-04-26T22:20:19.062+02:00 TRACE 13448 --- [api-gateway] [    Test worker] o.s.b.f.s.DefaultListableBeanFactory     : Invoking afterPropertiesSet() on bean with name 'reactorResourceFactory'
2025-04-26T22:20:19.063+02:00 TRACE 13448 --- [api-gateway] [    Test worker] o.s.b.f.s.DefaultListableBeanFactory     : Returning cached instance of singleton bean 'preFilterAuthorizationAdvisor'
2025-04-26T22:20:19.063+02:00 TRACE 13448 --- [api-gateway] [    Test worker] o.s.b.f.s.DefaultListableBeanFactory     : Returning cached instance of singleton bean 'preAuthorizeAuthorizationAdvisor'
2025-04-26T22:20:19.063+02:00 TRACE 13448 --- [api-gateway] [    Test worker] o.s.b.f.s.DefaultListableBeanFactory     : Returning cached instance of singleton bean 'postFilterAuthorizationAdvisor'
2025-04-26T22:20:19.063+02:00 TRACE 13448 --- [api-gateway] [    Test worker] o.s.b.f.s.DefaultListableBeanFactory     : Returning cached instance of singleton bean 'postAuthorizeAuthorizationAdvisor'
2025-04-26T22:20:19.063+02:00 TRACE 13448 --- [api-gateway] [    Test worker] o.s.b.f.s.DefaultListableBeanFactory     : Returning cached instance of singleton bean 'jsr250AuthorizationAdvisor'
2025-04-26T22:20:19.063+02:00 TRACE 13448 --- [api-gateway] [    Test worker] o.s.b.f.s.DefaultListableBeanFactory     : Returning cached instance of singleton bean 'authorizeReturnObjectAdvisor'
2025-04-26T22:20:19.064+02:00 TRACE 13448 --- [api-gateway] [    Test worker] o.s.b.f.s.DefaultListableBeanFactory     : Finished creating instance of bean 'reactorResourceFactory'
2025-04-26T22:20:19.064+02:00 TRACE 13448 --- [api-gateway] [    Test worker] o.s.b.f.s.DefaultListableBeanFactory     : Returning cached instance of singleton bean 'org.springframework.boot.context.properties.ConfigurationPropertiesBindingPostProcessor'
2025-04-26T22:20:19.064+02:00 TRACE 13448 --- [api-gateway] [    Test worker] o.s.b.f.s.DefaultListableBeanFactory     : Returning cached instance of singleton bean 'org.springframework.boot.context.internalConfigurationPropertiesBinder'
2025-04-26T22:20:19.064+02:00 TRACE 13448 --- [api-gateway] [    Test worker] o.s.b.f.s.DefaultListableBeanFactory     : Returning cached instance of singleton bean 'org.springframework.boot.context.properties.BoundConfigurationProperties'
2025-04-26T22:20:19.064+02:00 TRACE 13448 --- [api-gateway] [    Test worker] o.s.b.f.s.DefaultListableBeanFactory     : Returning cached instance of singleton bean 'org.springframework.boot.context.properties.EnableConfigurationPropertiesRegistrar.methodValidationExcludeFilter'
2025-04-26T22:20:19.064+02:00 TRACE 13448 --- [api-gateway] [    Test worker] o.s.b.f.s.DefaultListableBeanFactory     : Returning cached instance of singleton bean 'spring.reactor.netty-org.springframework.boot.autoconfigure.reactor.netty.ReactorNettyProperties'
2025-04-26T22:20:19.064+02:00 DEBUG 13448 --- [api-gateway] [    Test worker] o.s.b.f.s.DefaultListableBeanFactory     : Creating shared instance of singleton bean 'org.springframework.boot.autoconfigure.web.reactive.ReactiveWebServerFactoryConfiguration$EmbeddedNetty'
2025-04-26T22:20:19.064+02:00 TRACE 13448 --- [api-gateway] [    Test worker] o.s.b.f.s.DefaultListableBeanFactory     : Creating instance of bean 'org.springframework.boot.autoconfigure.web.reactive.ReactiveWebServerFactoryConfiguration$EmbeddedNetty'
2025-04-26T22:20:19.064+02:00 TRACE 13448 --- [api-gateway] [    Test worker] o.s.b.f.s.DefaultListableBeanFactory     : Returning cached instance of singleton bean 'preFilterAuthorizationAdvisor'
2025-04-26T22:20:19.064+02:00 TRACE 13448 --- [api-gateway] [    Test worker] o.s.b.f.s.DefaultListableBeanFactory     : Returning cached instance of singleton bean 'preAuthorizeAuthorizationAdvisor'
2025-04-26T22:20:19.064+02:00 TRACE 13448 --- [api-gateway] [    Test worker] o.s.b.f.s.DefaultListableBeanFactory     : Returning cached instance of singleton bean 'postFilterAuthorizationAdvisor'
2025-04-26T22:20:19.064+02:00 TRACE 13448 --- [api-gateway] [    Test worker] o.s.b.f.s.DefaultListableBeanFactory     : Returning cached instance of singleton bean 'postAuthorizeAuthorizationAdvisor'
2025-04-26T22:20:19.064+02:00 TRACE 13448 --- [api-gateway] [    Test worker] o.s.b.f.s.DefaultListableBeanFactory     : Returning cached instance of singleton bean 'jsr250AuthorizationAdvisor'
2025-04-26T22:20:19.064+02:00 TRACE 13448 --- [api-gateway] [    Test worker] o.s.b.f.s.DefaultListableBeanFactory     : Returning cached instance of singleton bean 'authorizeReturnObjectAdvisor'
2025-04-26T22:20:19.065+02:00 TRACE 13448 --- [api-gateway] [    Test worker] o.s.b.f.s.DefaultListableBeanFactory     : Finished creating instance of bean 'org.springframework.boot.autoconfigure.web.reactive.ReactiveWebServerFactoryConfiguration$EmbeddedNetty'
2025-04-26T22:20:19.065+02:00 DEBUG 13448 --- [api-gateway] [    Test worker] o.s.b.f.s.DefaultListableBeanFactory     : Creating shared instance of singleton bean 'nettyReactiveWebServerFactory'
2025-04-26T22:20:19.065+02:00 TRACE 13448 --- [api-gateway] [    Test worker] o.s.b.f.s.DefaultListableBeanFactory     : Creating instance of bean 'nettyReactiveWebServerFactory'
2025-04-26T22:20:19.065+02:00 TRACE 13448 --- [api-gateway] [    Test worker] o.s.b.f.s.DefaultListableBeanFactory     : Returning cached instance of singleton bean 'org.springframework.boot.autoconfigure.web.reactive.ReactiveWebServerFactoryConfiguration$EmbeddedNetty'
2025-04-26T22:20:19.065+02:00 TRACE 13448 --- [api-gateway] [    Test worker] o.s.b.f.s.DefaultListableBeanFactory     : Returning cached instance of singleton bean 'reactorResourceFactory'
2025-04-26T22:20:19.066+02:00 DEBUG 13448 --- [api-gateway] [    Test worker] o.s.b.f.s.DefaultListableBeanFactory     : Autowiring by type from bean name 'nettyReactiveWebServerFactory' via factory method to bean named 'reactorResourceFactory'
2025-04-26T22:20:19.071+02:00 DEBUG 13448 --- [api-gateway] [    Test worker] o.s.b.f.s.DefaultListableBeanFactory     : Creating shared instance of singleton bean 'reactiveWebServerFactoryCustomizer'
2025-04-26T22:20:19.071+02:00 TRACE 13448 --- [api-gateway] [    Test worker] o.s.b.f.s.DefaultListableBeanFactory     : Creating instance of bean 'reactiveWebServerFactoryCustomizer'
2025-04-26T22:20:19.071+02:00 DEBUG 13448 --- [api-gateway] [    Test worker] o.s.b.f.s.DefaultListableBeanFactory     : Creating shared instance of singleton bean 'org.springframework.boot.autoconfigure.web.reactive.ReactiveWebServerFactoryAutoConfiguration'
2025-04-26T22:20:19.071+02:00 TRACE 13448 --- [api-gateway] [    Test worker] o.s.b.f.s.DefaultListableBeanFactory     : Creating instance of bean 'org.springframework.boot.autoconfigure.web.reactive.ReactiveWebServerFactoryAutoConfiguration'
2025-04-26T22:20:19.072+02:00 TRACE 13448 --- [api-gateway] [    Test worker] o.s.b.f.s.DefaultListableBeanFactory     : Returning cached instance of singleton bean 'preFilterAuthorizationAdvisor'
2025-04-26T22:20:19.072+02:00 TRACE 13448 --- [api-gateway] [    Test worker] o.s.b.f.s.DefaultListableBeanFactory     : Returning cached instance of singleton bean 'preAuthorizeAuthorizationAdvisor'
2025-04-26T22:20:19.072+02:00 TRACE 13448 --- [api-gateway] [    Test worker] o.s.b.f.s.DefaultListableBeanFactory     : Returning cached instance of singleton bean 'postFilterAuthorizationAdvisor'
2025-04-26T22:20:19.072+02:00 TRACE 13448 --- [api-gateway] [    Test worker] o.s.b.f.s.DefaultListableBeanFactory     : Returning cached instance of singleton bean 'postAuthorizeAuthorizationAdvisor'
2025-04-26T22:20:19.072+02:00 TRACE 13448 --- [api-gateway] [    Test worker] o.s.b.f.s.DefaultListableBeanFactory     : Returning cached instance of singleton bean 'jsr250AuthorizationAdvisor'
2025-04-26T22:20:19.072+02:00 TRACE 13448 --- [api-gateway] [    Test worker] o.s.b.f.s.DefaultListableBeanFactory     : Returning cached instance of singleton bean 'authorizeReturnObjectAdvisor'
2025-04-26T22:20:19.072+02:00 TRACE 13448 --- [api-gateway] [    Test worker] o.s.b.f.s.DefaultListableBeanFactory     : Finished creating instance of bean 'org.springframework.boot.autoconfigure.web.reactive.ReactiveWebServerFactoryAutoConfiguration'
2025-04-26T22:20:19.072+02:00 TRACE 13448 --- [api-gateway] [    Test worker] o.s.b.f.s.DefaultListableBeanFactory     : Returning cached instance of singleton bean 'server-org.springframework.boot.autoconfigure.web.ServerProperties'
2025-04-26T22:20:19.073+02:00 DEBUG 13448 --- [api-gateway] [    Test worker] o.s.b.f.s.DefaultListableBeanFactory     : Autowiring by type from bean name 'reactiveWebServerFactoryCustomizer' via factory method to bean named 'server-org.springframework.boot.autoconfigure.web.ServerProperties'
2025-04-26T22:20:19.073+02:00 DEBUG 13448 --- [api-gateway] [    Test worker] o.s.b.f.s.DefaultListableBeanFactory     : Creating shared instance of singleton bean 'sslBundleRegistry'
2025-04-26T22:20:19.073+02:00 TRACE 13448 --- [api-gateway] [    Test worker] o.s.b.f.s.DefaultListableBeanFactory     : Creating instance of bean 'sslBundleRegistry'
2025-04-26T22:20:19.073+02:00 DEBUG 13448 --- [api-gateway] [    Test worker] o.s.b.f.s.DefaultListableBeanFactory     : Creating shared instance of singleton bean 'org.springframework.boot.autoconfigure.ssl.SslAutoConfiguration'
2025-04-26T22:20:19.073+02:00 TRACE 13448 --- [api-gateway] [    Test worker] o.s.b.f.s.DefaultListableBeanFactory     : Creating instance of bean 'org.springframework.boot.autoconfigure.ssl.SslAutoConfiguration'
2025-04-26T22:20:19.074+02:00 DEBUG 13448 --- [api-gateway] [    Test worker] o.s.b.f.s.DefaultListableBeanFactory     : Creating shared instance of singleton bean 'spring.ssl-org.springframework.boot.autoconfigure.ssl.SslProperties'
2025-04-26T22:20:19.074+02:00 TRACE 13448 --- [api-gateway] [    Test worker] o.s.b.f.s.DefaultListableBeanFactory     : Creating instance of bean 'spring.ssl-org.springframework.boot.autoconfigure.ssl.SslProperties'
2025-04-26T22:20:19.075+02:00 TRACE 13448 --- [api-gateway] [    Test worker] o.s.b.f.s.DefaultListableBeanFactory     : Returning cached instance of singleton bean 'org.springframework.boot.context.properties.BoundConfigurationProperties'
2025-04-26T22:20:19.076+02:00 TRACE 13448 --- [api-gateway] [    Test worker] o.s.b.f.s.DefaultListableBeanFactory     : Returning cached instance of singleton bean 'preFilterAuthorizationAdvisor'
2025-04-26T22:20:19.076+02:00 TRACE 13448 --- [api-gateway] [    Test worker] o.s.b.f.s.DefaultListableBeanFactory     : Returning cached instance of singleton bean 'preAuthorizeAuthorizationAdvisor'
2025-04-26T22:20:19.076+02:00 TRACE 13448 --- [api-gateway] [    Test worker] o.s.b.f.s.DefaultListableBeanFactory     : Returning cached instance of singleton bean 'postFilterAuthorizationAdvisor'
2025-04-26T22:20:19.076+02:00 TRACE 13448 --- [api-gateway] [    Test worker] o.s.b.f.s.DefaultListableBeanFactory     : Returning cached instance of singleton bean 'postAuthorizeAuthorizationAdvisor'
2025-04-26T22:20:19.076+02:00 TRACE 13448 --- [api-gateway] [    Test worker] o.s.b.f.s.DefaultListableBeanFactory     : Returning cached instance of singleton bean 'jsr250AuthorizationAdvisor'
2025-04-26T22:20:19.076+02:00 TRACE 13448 --- [api-gateway] [    Test worker] o.s.b.f.s.DefaultListableBeanFactory     : Returning cached instance of singleton bean 'authorizeReturnObjectAdvisor'
2025-04-26T22:20:19.076+02:00 TRACE 13448 --- [api-gateway] [    Test worker] o.s.b.f.s.DefaultListableBeanFactory     : Finished creating instance of bean 'spring.ssl-org.springframework.boot.autoconfigure.ssl.SslProperties'
2025-04-26T22:20:19.076+02:00 DEBUG 13448 --- [api-gateway] [    Test worker] o.s.b.f.s.DefaultListableBeanFactory     : Autowiring by type from bean name 'org.springframework.boot.autoconfigure.ssl.SslAutoConfiguration' via constructor to bean named 'org.springframework.boot.web.reactive.context.GenericReactiveWebApplicationContext@79d743e6'
2025-04-26T22:20:19.076+02:00 DEBUG 13448 --- [api-gateway] [    Test worker] o.s.b.f.s.DefaultListableBeanFactory     : Autowiring by type from bean name 'org.springframework.boot.autoconfigure.ssl.SslAutoConfiguration' via constructor to bean named 'spring.ssl-org.springframework.boot.autoconfigure.ssl.SslProperties'
2025-04-26T22:20:19.078+02:00 TRACE 13448 --- [api-gateway] [    Test worker] o.s.c.io.support.SpringFactoriesLoader   : Loaded [org.springframework.core.io.ProtocolResolver] names: [org.springframework.boot.io.Base64ProtocolResolver]
2025-04-26T22:20:19.078+02:00 TRACE 13448 --- [api-gateway] [    Test worker] o.s.b.f.s.DefaultListableBeanFactory     : Returning cached instance of singleton bean 'preFilterAuthorizationAdvisor'
2025-04-26T22:20:19.078+02:00 TRACE 13448 --- [api-gateway] [    Test worker] o.s.b.f.s.DefaultListableBeanFactory     : Returning cached instance of singleton bean 'preAuthorizeAuthorizationAdvisor'
2025-04-26T22:20:19.078+02:00 TRACE 13448 --- [api-gateway] [    Test worker] o.s.b.f.s.DefaultListableBeanFactory     : Returning cached instance of singleton bean 'postFilterAuthorizationAdvisor'
2025-04-26T22:20:19.078+02:00 TRACE 13448 --- [api-gateway] [    Test worker] o.s.b.f.s.DefaultListableBeanFactory     : Returning cached instance of singleton bean 'postAuthorizeAuthorizationAdvisor'
2025-04-26T22:20:19.078+02:00 TRACE 13448 --- [api-gateway] [    Test worker] o.s.b.f.s.DefaultListableBeanFactory     : Returning cached instance of singleton bean 'jsr250AuthorizationAdvisor'
2025-04-26T22:20:19.078+02:00 TRACE 13448 --- [api-gateway] [    Test worker] o.s.b.f.s.DefaultListableBeanFactory     : Returning cached instance of singleton bean 'authorizeReturnObjectAdvisor'
2025-04-26T22:20:19.079+02:00 TRACE 13448 --- [api-gateway] [    Test worker] o.s.b.f.s.DefaultListableBeanFactory     : Finished creating instance of bean 'org.springframework.boot.autoconfigure.ssl.SslAutoConfiguration'
2025-04-26T22:20:19.080+02:00 DEBUG 13448 --- [api-gateway] [    Test worker] o.s.b.f.s.DefaultListableBeanFactory     : Creating shared instance of singleton bean 'sslPropertiesSslBundleRegistrar'
2025-04-26T22:20:19.080+02:00 TRACE 13448 --- [api-gateway] [    Test worker] o.s.b.f.s.DefaultListableBeanFactory     : Creating instance of bean 'sslPropertiesSslBundleRegistrar'
2025-04-26T22:20:19.080+02:00 TRACE 13448 --- [api-gateway] [    Test worker] o.s.b.f.s.DefaultListableBeanFactory     : Returning cached instance of singleton bean 'org.springframework.boot.autoconfigure.ssl.SslAutoConfiguration'
2025-04-26T22:20:19.080+02:00 DEBUG 13448 --- [api-gateway] [    Test worker] o.s.b.f.s.DefaultListableBeanFactory     : Creating shared instance of singleton bean 'fileWatcher'
2025-04-26T22:20:19.080+02:00 TRACE 13448 --- [api-gateway] [    Test worker] o.s.b.f.s.DefaultListableBeanFactory     : Creating instance of bean 'fileWatcher'
2025-04-26T22:20:19.080+02:00 TRACE 13448 --- [api-gateway] [    Test worker] o.s.b.f.s.DefaultListableBeanFactory     : Returning cached instance of singleton bean 'org.springframework.boot.autoconfigure.ssl.SslAutoConfiguration'
2025-04-26T22:20:19.081+02:00 TRACE 13448 --- [api-gateway] [    Test worker] o.s.b.f.s.DefaultListableBeanFactory     : Returning cached instance of singleton bean 'preFilterAuthorizationAdvisor'
2025-04-26T22:20:19.082+02:00 TRACE 13448 --- [api-gateway] [    Test worker] o.s.b.f.s.DefaultListableBeanFactory     : Returning cached instance of singleton bean 'preAuthorizeAuthorizationAdvisor'
2025-04-26T22:20:19.082+02:00 TRACE 13448 --- [api-gateway] [    Test worker] o.s.b.f.s.DefaultListableBeanFactory     : Returning cached instance of singleton bean 'postFilterAuthorizationAdvisor'
2025-04-26T22:20:19.082+02:00 TRACE 13448 --- [api-gateway] [    Test worker] o.s.b.f.s.DefaultListableBeanFactory     : Returning cached instance of singleton bean 'postAuthorizeAuthorizationAdvisor'
2025-04-26T22:20:19.082+02:00 TRACE 13448 --- [api-gateway] [    Test worker] o.s.b.f.s.DefaultListableBeanFactory     : Returning cached instance of singleton bean 'jsr250AuthorizationAdvisor'
2025-04-26T22:20:19.082+02:00 TRACE 13448 --- [api-gateway] [    Test worker] o.s.b.f.s.DefaultListableBeanFactory     : Returning cached instance of singleton bean 'authorizeReturnObjectAdvisor'
2025-04-26T22:20:19.082+02:00 TRACE 13448 --- [api-gateway] [    Test worker] o.s.b.f.s.DefaultListableBeanFactory     : Finished creating instance of bean 'fileWatcher'
2025-04-26T22:20:19.082+02:00 DEBUG 13448 --- [api-gateway] [    Test worker] o.s.b.f.s.DefaultListableBeanFactory     : Autowiring by type from bean name 'sslPropertiesSslBundleRegistrar' via factory method to bean named 'fileWatcher'
2025-04-26T22:20:19.087+02:00 TRACE 13448 --- [api-gateway] [    Test worker] o.s.b.f.s.DefaultListableBeanFactory     : Returning cached instance of singleton bean 'preFilterAuthorizationAdvisor'
2025-04-26T22:20:19.087+02:00 TRACE 13448 --- [api-gateway] [    Test worker] o.s.b.f.s.DefaultListableBeanFactory     : Returning cached instance of singleton bean 'preAuthorizeAuthorizationAdvisor'
2025-04-26T22:20:19.087+02:00 TRACE 13448 --- [api-gateway] [    Test worker] o.s.b.f.s.DefaultListableBeanFactory     : Returning cached instance of singleton bean 'postFilterAuthorizationAdvisor'
2025-04-26T22:20:19.087+02:00 TRACE 13448 --- [api-gateway] [    Test worker] o.s.b.f.s.DefaultListableBeanFactory     : Returning cached instance of singleton bean 'postAuthorizeAuthorizationAdvisor'
2025-04-26T22:20:19.087+02:00 TRACE 13448 --- [api-gateway] [    Test worker] o.s.b.f.s.DefaultListableBeanFactory     : Returning cached instance of singleton bean 'jsr250AuthorizationAdvisor'
2025-04-26T22:20:19.087+02:00 TRACE 13448 --- [api-gateway] [    Test worker] o.s.b.f.s.DefaultListableBeanFactory     : Returning cached instance of singleton bean 'authorizeReturnObjectAdvisor'
2025-04-26T22:20:19.088+02:00 TRACE 13448 --- [api-gateway] [    Test worker] o.s.b.f.s.DefaultListableBeanFactory     : Finished creating instance of bean 'sslPropertiesSslBundleRegistrar'
2025-04-26T22:20:19.088+02:00 TRACE 13448 --- [api-gateway] [    Test worker] o.s.b.f.s.DefaultListableBeanFactory     : Returning cached instance of singleton bean 'sslPropertiesSslBundleRegistrar'
2025-04-26T22:20:19.092+02:00 TRACE 13448 --- [api-gateway] [    Test worker] o.s.b.f.s.DefaultListableBeanFactory     : Returning cached instance of singleton bean 'preFilterAuthorizationAdvisor'
2025-04-26T22:20:19.092+02:00 TRACE 13448 --- [api-gateway] [    Test worker] o.s.b.f.s.DefaultListableBeanFactory     : Returning cached instance of singleton bean 'preAuthorizeAuthorizationAdvisor'
2025-04-26T22:20:19.092+02:00 TRACE 13448 --- [api-gateway] [    Test worker] o.s.b.f.s.DefaultListableBeanFactory     : Returning cached instance of singleton bean 'postFilterAuthorizationAdvisor'
2025-04-26T22:20:19.092+02:00 TRACE 13448 --- [api-gateway] [    Test worker] o.s.b.f.s.DefaultListableBeanFactory     : Returning cached instance of singleton bean 'postAuthorizeAuthorizationAdvisor'
2025-04-26T22:20:19.092+02:00 TRACE 13448 --- [api-gateway] [    Test worker] o.s.b.f.s.DefaultListableBeanFactory     : Returning cached instance of singleton bean 'jsr250AuthorizationAdvisor'
2025-04-26T22:20:19.092+02:00 TRACE 13448 --- [api-gateway] [    Test worker] o.s.b.f.s.DefaultListableBeanFactory     : Returning cached instance of singleton bean 'authorizeReturnObjectAdvisor'
2025-04-26T22:20:19.093+02:00 TRACE 13448 --- [api-gateway] [    Test worker] o.s.b.f.s.DefaultListableBeanFactory     : Finished creating instance of bean 'sslBundleRegistry'
2025-04-26T22:20:19.093+02:00 TRACE 13448 --- [api-gateway] [    Test worker] o.s.b.f.s.DefaultListableBeanFactory     : Returning cached instance of singleton bean 'preFilterAuthorizationAdvisor'
2025-04-26T22:20:19.093+02:00 TRACE 13448 --- [api-gateway] [    Test worker] o.s.b.f.s.DefaultListableBeanFactory     : Returning cached instance of singleton bean 'preAuthorizeAuthorizationAdvisor'
2025-04-26T22:20:19.093+02:00 TRACE 13448 --- [api-gateway] [    Test worker] o.s.b.f.s.DefaultListableBeanFactory     : Returning cached instance of singleton bean 'postFilterAuthorizationAdvisor'
2025-04-26T22:20:19.093+02:00 TRACE 13448 --- [api-gateway] [    Test worker] o.s.b.f.s.DefaultListableBeanFactory     : Returning cached instance of singleton bean 'postAuthorizeAuthorizationAdvisor'
2025-04-26T22:20:19.094+02:00 TRACE 13448 --- [api-gateway] [    Test worker] o.s.b.f.s.DefaultListableBeanFactory     : Returning cached instance of singleton bean 'jsr250AuthorizationAdvisor'
2025-04-26T22:20:19.094+02:00 TRACE 13448 --- [api-gateway] [    Test worker] o.s.b.f.s.DefaultListableBeanFactory     : Returning cached instance of singleton bean 'authorizeReturnObjectAdvisor'
2025-04-26T22:20:19.094+02:00 TRACE 13448 --- [api-gateway] [    Test worker] o.s.b.f.s.DefaultListableBeanFactory     : Finished creating instance of bean 'reactiveWebServerFactoryCustomizer'
2025-04-26T22:20:19.094+02:00 DEBUG 13448 --- [api-gateway] [    Test worker] o.s.b.f.s.DefaultListableBeanFactory     : Creating shared instance of singleton bean 'nettyWebServerFactoryCustomizer'
2025-04-26T22:20:19.094+02:00 TRACE 13448 --- [api-gateway] [    Test worker] o.s.b.f.s.DefaultListableBeanFactory     : Creating instance of bean 'nettyWebServerFactoryCustomizer'
2025-04-26T22:20:19.094+02:00 DEBUG 13448 --- [api-gateway] [    Test worker] o.s.b.f.s.DefaultListableBeanFactory     : Creating shared instance of singleton bean 'org.springframework.boot.autoconfigure.web.embedded.EmbeddedWebServerFactoryCustomizerAutoConfiguration$NettyWebServerFactoryCustomizerConfiguration'
2025-04-26T22:20:19.094+02:00 TRACE 13448 --- [api-gateway] [    Test worker] o.s.b.f.s.DefaultListableBeanFactory     : Creating instance of bean 'org.springframework.boot.autoconfigure.web.embedded.EmbeddedWebServerFactoryCustomizerAutoConfiguration$NettyWebServerFactoryCustomizerConfiguration'
2025-04-26T22:20:19.095+02:00 TRACE 13448 --- [api-gateway] [    Test worker] o.s.b.f.s.DefaultListableBeanFactory     : Returning cached instance of singleton bean 'preFilterAuthorizationAdvisor'
2025-04-26T22:20:19.095+02:00 TRACE 13448 --- [api-gateway] [    Test worker] o.s.b.f.s.DefaultListableBeanFactory     : Returning cached instance of singleton bean 'preAuthorizeAuthorizationAdvisor'
2025-04-26T22:20:19.095+02:00 TRACE 13448 --- [api-gateway] [    Test worker] o.s.b.f.s.DefaultListableBeanFactory     : Returning cached instance of singleton bean 'postFilterAuthorizationAdvisor'
2025-04-26T22:20:19.095+02:00 TRACE 13448 --- [api-gateway] [    Test worker] o.s.b.f.s.DefaultListableBeanFactory     : Returning cached instance of singleton bean 'postAuthorizeAuthorizationAdvisor'
2025-04-26T22:20:19.095+02:00 TRACE 13448 --- [api-gateway] [    Test worker] o.s.b.f.s.DefaultListableBeanFactory     : Returning cached instance of singleton bean 'jsr250AuthorizationAdvisor'
2025-04-26T22:20:19.095+02:00 TRACE 13448 --- [api-gateway] [    Test worker] o.s.b.f.s.DefaultListableBeanFactory     : Returning cached instance of singleton bean 'authorizeReturnObjectAdvisor'
2025-04-26T22:20:19.095+02:00 TRACE 13448 --- [api-gateway] [    Test worker] o.s.b.f.s.DefaultListableBeanFactory     : Finished creating instance of bean 'org.springframework.boot.autoconfigure.web.embedded.EmbeddedWebServerFactoryCustomizerAutoConfiguration$NettyWebServerFactoryCustomizerConfiguration'
2025-04-26T22:20:19.096+02:00 TRACE 13448 --- [api-gateway] [    Test worker] o.s.b.f.s.DefaultListableBeanFactory     : Returning cached instance of singleton bean 'environment'
2025-04-26T22:20:19.096+02:00 TRACE 13448 --- [api-gateway] [    Test worker] o.s.b.f.s.DefaultListableBeanFactory     : Returning cached instance of singleton bean 'server-org.springframework.boot.autoconfigure.web.ServerProperties'
2025-04-26T22:20:19.096+02:00 DEBUG 13448 --- [api-gateway] [    Test worker] o.s.b.f.s.DefaultListableBeanFactory     : Autowiring by type from bean name 'nettyWebServerFactoryCustomizer' via factory method to bean named 'environment'
2025-04-26T22:20:19.096+02:00 DEBUG 13448 --- [api-gateway] [    Test worker] o.s.b.f.s.DefaultListableBeanFactory     : Autowiring by type from bean name 'nettyWebServerFactoryCustomizer' via factory method to bean named 'server-org.springframework.boot.autoconfigure.web.ServerProperties'
2025-04-26T22:20:19.101+02:00 TRACE 13448 --- [api-gateway] [    Test worker] o.s.b.f.s.DefaultListableBeanFactory     : Returning cached instance of singleton bean 'preFilterAuthorizationAdvisor'
2025-04-26T22:20:19.101+02:00 TRACE 13448 --- [api-gateway] [    Test worker] o.s.b.f.s.DefaultListableBeanFactory     : Returning cached instance of singleton bean 'preAuthorizeAuthorizationAdvisor'
2025-04-26T22:20:19.101+02:00 TRACE 13448 --- [api-gateway] [    Test worker] o.s.b.f.s.DefaultListableBeanFactory     : Returning cached instance of singleton bean 'postFilterAuthorizationAdvisor'
2025-04-26T22:20:19.101+02:00 TRACE 13448 --- [api-gateway] [    Test worker] o.s.b.f.s.DefaultListableBeanFactory     : Returning cached instance of singleton bean 'postAuthorizeAuthorizationAdvisor'
2025-04-26T22:20:19.101+02:00 TRACE 13448 --- [api-gateway] [    Test worker] o.s.b.f.s.DefaultListableBeanFactory     : Returning cached instance of singleton bean 'jsr250AuthorizationAdvisor'
2025-04-26T22:20:19.101+02:00 TRACE 13448 --- [api-gateway] [    Test worker] o.s.b.f.s.DefaultListableBeanFactory     : Returning cached instance of singleton bean 'authorizeReturnObjectAdvisor'
2025-04-26T22:20:19.101+02:00 TRACE 13448 --- [api-gateway] [    Test worker] o.s.b.f.s.DefaultListableBeanFactory     : Finished creating instance of bean 'nettyWebServerFactoryCustomizer'
2025-04-26T22:20:19.111+02:00 TRACE 13448 --- [api-gateway] [    Test worker] o.s.b.f.s.DefaultListableBeanFactory     : Returning cached instance of singleton bean 'preFilterAuthorizationAdvisor'
2025-04-26T22:20:19.111+02:00 TRACE 13448 --- [api-gateway] [    Test worker] o.s.b.f.s.DefaultListableBeanFactory     : Returning cached instance of singleton bean 'preAuthorizeAuthorizationAdvisor'
2025-04-26T22:20:19.111+02:00 TRACE 13448 --- [api-gateway] [    Test worker] o.s.b.f.s.DefaultListableBeanFactory     : Returning cached instance of singleton bean 'postFilterAuthorizationAdvisor'
2025-04-26T22:20:19.111+02:00 TRACE 13448 --- [api-gateway] [    Test worker] o.s.b.f.s.DefaultListableBeanFactory     : Returning cached instance of singleton bean 'postAuthorizeAuthorizationAdvisor'
2025-04-26T22:20:19.111+02:00 TRACE 13448 --- [api-gateway] [    Test worker] o.s.b.f.s.DefaultListableBeanFactory     : Returning cached instance of singleton bean 'jsr250AuthorizationAdvisor'
2025-04-26T22:20:19.111+02:00 TRACE 13448 --- [api-gateway] [    Test worker] o.s.b.f.s.DefaultListableBeanFactory     : Returning cached instance of singleton bean 'authorizeReturnObjectAdvisor'
2025-04-26T22:20:19.113+02:00 TRACE 13448 --- [api-gateway] [    Test worker] o.s.b.f.s.DefaultListableBeanFactory     : Finished creating instance of bean 'nettyReactiveWebServerFactory'
2025-04-26T22:20:19.113+02:00 TRACE 13448 --- [api-gateway] [    Test worker] o.s.b.f.s.DefaultListableBeanFactory     : Returning cached instance of singleton bean 'org.springframework.boot.autoconfigure.web.reactive.ReactiveWebServerFactoryAutoConfiguration'
2025-04-26T22:20:19.113+02:00 TRACE 13448 --- [api-gateway] [    Test worker] o.s.b.f.s.DefaultListableBeanFactory     : Returning cached instance of singleton bean 'reactiveWebServerFactoryCustomizer'
2025-04-26T22:20:19.113+02:00 TRACE 13448 --- [api-gateway] [    Test worker] o.s.b.f.s.DefaultListableBeanFactory     : Returning cached instance of singleton bean 'server-org.springframework.boot.autoconfigure.web.ServerProperties'
2025-04-26T22:20:19.113+02:00 TRACE 13448 --- [api-gateway] [    Test worker] o.s.b.f.s.DefaultListableBeanFactory     : Returning cached instance of singleton bean 'webServerFactoryCustomizerBeanPostProcessor'
2025-04-26T22:20:19.113+02:00 DEBUG 13448 --- [api-gateway] [    Test worker] o.s.b.f.s.DefaultListableBeanFactory     : Creating shared instance of singleton bean 'org.springframework.boot.autoconfigure.jackson.JacksonAutoConfiguration$Jackson2ObjectMapperBuilderCustomizerConfiguration'
2025-04-26T22:20:19.113+02:00 TRACE 13448 --- [api-gateway] [    Test worker] o.s.b.f.s.DefaultListableBeanFactory     : Creating instance of bean 'org.springframework.boot.autoconfigure.jackson.JacksonAutoConfiguration$Jackson2ObjectMapperBuilderCustomizerConfiguration'
2025-04-26T22:20:19.113+02:00 TRACE 13448 --- [api-gateway] [    Test worker] o.s.b.f.s.DefaultListableBeanFactory     : Returning cached instance of singleton bean 'preFilterAuthorizationAdvisor'
2025-04-26T22:20:19.114+02:00 TRACE 13448 --- [api-gateway] [    Test worker] o.s.b.f.s.DefaultListableBeanFactory     : Returning cached instance of singleton bean 'preAuthorizeAuthorizationAdvisor'
2025-04-26T22:20:19.114+02:00 TRACE 13448 --- [api-gateway] [    Test worker] o.s.b.f.s.DefaultListableBeanFactory     : Returning cached instance of singleton bean 'postFilterAuthorizationAdvisor'
2025-04-26T22:20:19.114+02:00 TRACE 13448 --- [api-gateway] [    Test worker] o.s.b.f.s.DefaultListableBeanFactory     : Returning cached instance of singleton bean 'postAuthorizeAuthorizationAdvisor'
2025-04-26T22:20:19.114+02:00 TRACE 13448 --- [api-gateway] [    Test worker] o.s.b.f.s.DefaultListableBeanFactory     : Returning cached instance of singleton bean 'jsr250AuthorizationAdvisor'
2025-04-26T22:20:19.114+02:00 TRACE 13448 --- [api-gateway] [    Test worker] o.s.b.f.s.DefaultListableBeanFactory     : Returning cached instance of singleton bean 'authorizeReturnObjectAdvisor'
2025-04-26T22:20:19.114+02:00 TRACE 13448 --- [api-gateway] [    Test worker] o.s.b.f.s.DefaultListableBeanFactory     : Finished creating instance of bean 'org.springframework.boot.autoconfigure.jackson.JacksonAutoConfiguration$Jackson2ObjectMapperBuilderCustomizerConfiguration'
2025-04-26T22:20:19.114+02:00 DEBUG 13448 --- [api-gateway] [    Test worker] o.s.b.f.s.DefaultListableBeanFactory     : Creating shared instance of singleton bean 'standardJacksonObjectMapperBuilderCustomizer'
2025-04-26T22:20:19.114+02:00 TRACE 13448 --- [api-gateway] [    Test worker] o.s.b.f.s.DefaultListableBeanFactory     : Creating instance of bean 'standardJacksonObjectMapperBuilderCustomizer'
2025-04-26T22:20:19.114+02:00 TRACE 13448 --- [api-gateway] [    Test worker] o.s.b.f.s.DefaultListableBeanFactory     : Returning cached instance of singleton bean 'org.springframework.boot.autoconfigure.jackson.JacksonAutoConfiguration$Jackson2ObjectMapperBuilderCustomizerConfiguration'
2025-04-26T22:20:19.115+02:00 DEBUG 13448 --- [api-gateway] [    Test worker] o.s.b.f.s.DefaultListableBeanFactory     : Creating shared instance of singleton bean 'spring.jackson-org.springframework.boot.autoconfigure.jackson.JacksonProperties'
2025-04-26T22:20:19.115+02:00 TRACE 13448 --- [api-gateway] [    Test worker] o.s.b.f.s.DefaultListableBeanFactory     : Creating instance of bean 'spring.jackson-org.springframework.boot.autoconfigure.jackson.JacksonProperties'
2025-04-26T22:20:19.115+02:00 TRACE 13448 --- [api-gateway] [    Test worker] o.s.b.f.s.DefaultListableBeanFactory     : Returning cached instance of singleton bean 'org.springframework.boot.context.properties.BoundConfigurationProperties'
2025-04-26T22:20:19.117+02:00 TRACE 13448 --- [api-gateway] [    Test worker] o.s.b.f.s.DefaultListableBeanFactory     : Returning cached instance of singleton bean 'preFilterAuthorizationAdvisor'
2025-04-26T22:20:19.117+02:00 TRACE 13448 --- [api-gateway] [    Test worker] o.s.b.f.s.DefaultListableBeanFactory     : Returning cached instance of singleton bean 'preAuthorizeAuthorizationAdvisor'
2025-04-26T22:20:19.117+02:00 TRACE 13448 --- [api-gateway] [    Test worker] o.s.b.f.s.DefaultListableBeanFactory     : Returning cached instance of singleton bean 'postFilterAuthorizationAdvisor'
2025-04-26T22:20:19.117+02:00 TRACE 13448 --- [api-gateway] [    Test worker] o.s.b.f.s.DefaultListableBeanFactory     : Returning cached instance of singleton bean 'postAuthorizeAuthorizationAdvisor'
2025-04-26T22:20:19.117+02:00 TRACE 13448 --- [api-gateway] [    Test worker] o.s.b.f.s.DefaultListableBeanFactory     : Returning cached instance of singleton bean 'jsr250AuthorizationAdvisor'
2025-04-26T22:20:19.117+02:00 TRACE 13448 --- [api-gateway] [    Test worker] o.s.b.f.s.DefaultListableBeanFactory     : Returning cached instance of singleton bean 'authorizeReturnObjectAdvisor'
2025-04-26T22:20:19.118+02:00 TRACE 13448 --- [api-gateway] [    Test worker] o.s.b.f.s.DefaultListableBeanFactory     : Finished creating instance of bean 'spring.jackson-org.springframework.boot.autoconfigure.jackson.JacksonProperties'
2025-04-26T22:20:19.118+02:00 DEBUG 13448 --- [api-gateway] [    Test worker] o.s.b.f.s.DefaultListableBeanFactory     : Autowiring by type from bean name 'standardJacksonObjectMapperBuilderCustomizer' via factory method to bean named 'spring.jackson-org.springframework.boot.autoconfigure.jackson.JacksonProperties'
2025-04-26T22:20:19.119+02:00 DEBUG 13448 --- [api-gateway] [    Test worker] o.s.b.f.s.DefaultListableBeanFactory     : Creating shared instance of singleton bean 'parameterNamesModule'
2025-04-26T22:20:19.119+02:00 TRACE 13448 --- [api-gateway] [    Test worker] o.s.b.f.s.DefaultListableBeanFactory     : Creating instance of bean 'parameterNamesModule'
2025-04-26T22:20:19.119+02:00 DEBUG 13448 --- [api-gateway] [    Test worker] o.s.b.f.s.DefaultListableBeanFactory     : Creating shared instance of singleton bean 'org.springframework.boot.autoconfigure.jackson.JacksonAutoConfiguration$ParameterNamesModuleConfiguration'
2025-04-26T22:20:19.119+02:00 TRACE 13448 --- [api-gateway] [    Test worker] o.s.b.f.s.DefaultListableBeanFactory     : Creating instance of bean 'org.springframework.boot.autoconfigure.jackson.JacksonAutoConfiguration$ParameterNamesModuleConfiguration'
2025-04-26T22:20:19.119+02:00 TRACE 13448 --- [api-gateway] [    Test worker] o.s.b.f.s.DefaultListableBeanFactory     : Returning cached instance of singleton bean 'preFilterAuthorizationAdvisor'
2025-04-26T22:20:19.119+02:00 TRACE 13448 --- [api-gateway] [    Test worker] o.s.b.f.s.DefaultListableBeanFactory     : Returning cached instance of singleton bean 'preAuthorizeAuthorizationAdvisor'
2025-04-26T22:20:19.119+02:00 TRACE 13448 --- [api-gateway] [    Test worker] o.s.b.f.s.DefaultListableBeanFactory     : Returning cached instance of singleton bean 'postFilterAuthorizationAdvisor'
2025-04-26T22:20:19.119+02:00 TRACE 13448 --- [api-gateway] [    Test worker] o.s.b.f.s.DefaultListableBeanFactory     : Returning cached instance of singleton bean 'postAuthorizeAuthorizationAdvisor'
2025-04-26T22:20:19.119+02:00 TRACE 13448 --- [api-gateway] [    Test worker] o.s.b.f.s.DefaultListableBeanFactory     : Returning cached instance of singleton bean 'jsr250AuthorizationAdvisor'
2025-04-26T22:20:19.119+02:00 TRACE 13448 --- [api-gateway] [    Test worker] o.s.b.f.s.DefaultListableBeanFactory     : Returning cached instance of singleton bean 'authorizeReturnObjectAdvisor'
2025-04-26T22:20:19.119+02:00 TRACE 13448 --- [api-gateway] [    Test worker] o.s.b.f.s.DefaultListableBeanFactory     : Finished creating instance of bean 'org.springframework.boot.autoconfigure.jackson.JacksonAutoConfiguration$ParameterNamesModuleConfiguration'
2025-04-26T22:20:19.122+02:00 TRACE 13448 --- [api-gateway] [    Test worker] o.s.b.f.s.DefaultListableBeanFactory     : Returning cached instance of singleton bean 'preFilterAuthorizationAdvisor'
2025-04-26T22:20:19.122+02:00 TRACE 13448 --- [api-gateway] [    Test worker] o.s.b.f.s.DefaultListableBeanFactory     : Returning cached instance of singleton bean 'preAuthorizeAuthorizationAdvisor'
2025-04-26T22:20:19.122+02:00 TRACE 13448 --- [api-gateway] [    Test worker] o.s.b.f.s.DefaultListableBeanFactory     : Returning cached instance of singleton bean 'postFilterAuthorizationAdvisor'
2025-04-26T22:20:19.122+02:00 TRACE 13448 --- [api-gateway] [    Test worker] o.s.b.f.s.DefaultListableBeanFactory     : Returning cached instance of singleton bean 'postAuthorizeAuthorizationAdvisor'
2025-04-26T22:20:19.122+02:00 TRACE 13448 --- [api-gateway] [    Test worker] o.s.b.f.s.DefaultListableBeanFactory     : Returning cached instance of singleton bean 'jsr250AuthorizationAdvisor'
2025-04-26T22:20:19.122+02:00 TRACE 13448 --- [api-gateway] [    Test worker] o.s.b.f.s.DefaultListableBeanFactory     : Returning cached instance of singleton bean 'authorizeReturnObjectAdvisor'
2025-04-26T22:20:19.125+02:00 TRACE 13448 --- [api-gateway] [    Test worker] o.s.b.f.s.DefaultListableBeanFactory     : Finished creating instance of bean 'parameterNamesModule'
2025-04-26T22:20:19.125+02:00 DEBUG 13448 --- [api-gateway] [    Test worker] o.s.b.f.s.DefaultListableBeanFactory     : Creating shared instance of singleton bean 'jsonMixinModule'
2025-04-26T22:20:19.125+02:00 TRACE 13448 --- [api-gateway] [    Test worker] o.s.b.f.s.DefaultListableBeanFactory     : Creating instance of bean 'jsonMixinModule'
2025-04-26T22:20:19.125+02:00 DEBUG 13448 --- [api-gateway] [    Test worker] o.s.b.f.s.DefaultListableBeanFactory     : Creating shared instance of singleton bean 'org.springframework.boot.autoconfigure.jackson.JacksonAutoConfiguration$JacksonMixinConfiguration'
2025-04-26T22:20:19.125+02:00 TRACE 13448 --- [api-gateway] [    Test worker] o.s.b.f.s.DefaultListableBeanFactory     : Creating instance of bean 'org.springframework.boot.autoconfigure.jackson.JacksonAutoConfiguration$JacksonMixinConfiguration'
2025-04-26T22:20:19.125+02:00 TRACE 13448 --- [api-gateway] [    Test worker] o.s.b.f.s.DefaultListableBeanFactory     : Returning cached instance of singleton bean 'preFilterAuthorizationAdvisor'
2025-04-26T22:20:19.125+02:00 TRACE 13448 --- [api-gateway] [    Test worker] o.s.b.f.s.DefaultListableBeanFactory     : Returning cached instance of singleton bean 'preAuthorizeAuthorizationAdvisor'
2025-04-26T22:20:19.125+02:00 TRACE 13448 --- [api-gateway] [    Test worker] o.s.b.f.s.DefaultListableBeanFactory     : Returning cached instance of singleton bean 'postFilterAuthorizationAdvisor'
2025-04-26T22:20:19.125+02:00 TRACE 13448 --- [api-gateway] [    Test worker] o.s.b.f.s.DefaultListableBeanFactory     : Returning cached instance of singleton bean 'postAuthorizeAuthorizationAdvisor'
2025-04-26T22:20:19.125+02:00 TRACE 13448 --- [api-gateway] [    Test worker] o.s.b.f.s.DefaultListableBeanFactory     : Returning cached instance of singleton bean 'jsr250AuthorizationAdvisor'
2025-04-26T22:20:19.125+02:00 TRACE 13448 --- [api-gateway] [    Test worker] o.s.b.f.s.DefaultListableBeanFactory     : Returning cached instance of singleton bean 'authorizeReturnObjectAdvisor'
2025-04-26T22:20:19.126+02:00 TRACE 13448 --- [api-gateway] [    Test worker] o.s.b.f.s.DefaultListableBeanFactory     : Finished creating instance of bean 'org.springframework.boot.autoconfigure.jackson.JacksonAutoConfiguration$JacksonMixinConfiguration'
2025-04-26T22:20:19.126+02:00 DEBUG 13448 --- [api-gateway] [    Test worker] o.s.b.f.s.DefaultListableBeanFactory     : Creating shared instance of singleton bean 'jsonMixinModuleEntries'
2025-04-26T22:20:19.126+02:00 TRACE 13448 --- [api-gateway] [    Test worker] o.s.b.f.s.DefaultListableBeanFactory     : Creating instance of bean 'jsonMixinModuleEntries'
2025-04-26T22:20:19.126+02:00 DEBUG 13448 --- [api-gateway] [    Test worker] o.s.b.f.s.DefaultListableBeanFactory     : Autowiring by type from bean name 'jsonMixinModuleEntries' via factory method to bean named 'org.springframework.boot.web.reactive.context.GenericReactiveWebApplicationContext@79d743e6'
2025-04-26T22:20:19.126+02:00 TRACE 13448 --- [api-gateway] [    Test worker] o.s.b.f.s.DefaultListableBeanFactory     : Returning cached instance of singleton bean 'org.springframework.boot.autoconfigure.AutoConfigurationPackages'
2025-04-26T22:20:19.127+02:00 DEBUG 13448 --- [api-gateway] [    Test worker] o.s.b.a.AutoConfigurationPackages        : @EnableAutoConfiguration was declared on a class in the package 'com.pibbletv.api_gateway'. Automatic @Repository and @Entity scanning is enabled.
2025-04-26T22:20:19.127+02:00 TRACE 13448 --- [api-gateway] [    Test worker] o.s.b.f.s.DefaultListableBeanFactory     : Returning cached instance of singleton bean 'org.springframework.boot.autoconfigure.AutoConfigurationPackages'
2025-04-26T22:20:19.129+02:00 TRACE 13448 --- [api-gateway] [    Test worker] .i.s.PathMatchingResourcePatternResolver : Resolved module-path location pattern [com/pibbletv/api_gateway/**/*.class] to resources []
2025-04-26T22:20:19.129+02:00 TRACE 13448 --- [api-gateway] [    Test worker] .i.s.PathMatchingResourcePatternResolver : Searching directory [D:\Individual Assignment\PibbleTV-Backend\api-gateway\build\classes\java\test\com\pibbletv\api_gateway] for files matching pattern [**/*.class]
2025-04-26T22:20:19.129+02:00 TRACE 13448 --- [api-gateway] [    Test worker] .i.s.PathMatchingResourcePatternResolver : Searching directory [D:\Individual Assignment\PibbleTV-Backend\api-gateway\build\classes\java\main\com\pibbletv\api_gateway] for files matching pattern [**/*.class]
2025-04-26T22:20:19.130+02:00 TRACE 13448 --- [api-gateway] [    Test worker] .i.s.PathMatchingResourcePatternResolver : Resolved location pattern [classpath*:com/pibbletv/api_gateway/**/*.class] to resources [file [D:\Individual Assignment\PibbleTV-Backend\api-gateway\build\classes\java\test\com\pibbletv\api_gateway\ApiGatewayApplicationTests.class], file [D:\Individual Assignment\PibbleTV-Backend\api-gateway\build\classes\java\main\com\pibbletv\api_gateway\ApiGatewayApplication.class], file [D:\Individual Assignment\PibbleTV-Backend\api-gateway\build\classes\java\main\com\pibbletv\api_gateway\dtos\CategoryDTO.class], file [D:\Individual Assignment\PibbleTV-Backend\api-gateway\build\classes\java\main\com\pibbletv\api_gateway\dtos\UserDTO.class], file [D:\Individual Assignment\PibbleTV-Backend\api-gateway\build\classes\java\main\com\pibbletv\api_gateway\GatewayConfig.class], file [D:\Individual Assignment\PibbleTV-Backend\api-gateway\build\classes\java\main\com\pibbletv\api_gateway\SecurityConfig.class]]
2025-04-26T22:20:19.130+02:00 TRACE 13448 --- [api-gateway] [    Test worker] nModuleEntries$JsonMixinComponentScanner : Scanning file [D:\Individual Assignment\PibbleTV-Backend\api-gateway\build\classes\java\test\com\pibbletv\api_gateway\ApiGatewayApplicationTests.class]
2025-04-26T22:20:19.130+02:00 TRACE 13448 --- [api-gateway] [    Test worker] nModuleEntries$JsonMixinComponentScanner : Ignored because not matching any filter: file [D:\Individual Assignment\PibbleTV-Backend\api-gateway\build\classes\java\test\com\pibbletv\api_gateway\ApiGatewayApplicationTests.class]
2025-04-26T22:20:19.130+02:00 TRACE 13448 --- [api-gateway] [    Test worker] nModuleEntries$JsonMixinComponentScanner : Scanning file [D:\Individual Assignment\PibbleTV-Backend\api-gateway\build\classes\java\main\com\pibbletv\api_gateway\ApiGatewayApplication.class]
2025-04-26T22:20:19.130+02:00 TRACE 13448 --- [api-gateway] [    Test worker] nModuleEntries$JsonMixinComponentScanner : Ignored because not matching any filter: file [D:\Individual Assignment\PibbleTV-Backend\api-gateway\build\classes\java\main\com\pibbletv\api_gateway\ApiGatewayApplication.class]
2025-04-26T22:20:19.130+02:00 TRACE 13448 --- [api-gateway] [    Test worker] nModuleEntries$JsonMixinComponentScanner : Scanning file [D:\Individual Assignment\PibbleTV-Backend\api-gateway\build\classes\java\main\com\pibbletv\api_gateway\dtos\CategoryDTO.class]
2025-04-26T22:20:19.130+02:00 TRACE 13448 --- [api-gateway] [    Test worker] nModuleEntries$JsonMixinComponentScanner : Ignored because not matching any filter: file [D:\Individual Assignment\PibbleTV-Backend\api-gateway\build\classes\java\main\com\pibbletv\api_gateway\dtos\CategoryDTO.class]
2025-04-26T22:20:19.130+02:00 TRACE 13448 --- [api-gateway] [    Test worker] nModuleEntries$JsonMixinComponentScanner : Scanning file [D:\Individual Assignment\PibbleTV-Backend\api-gateway\build\classes\java\main\com\pibbletv\api_gateway\dtos\UserDTO.class]
2025-04-26T22:20:19.130+02:00 TRACE 13448 --- [api-gateway] [    Test worker] nModuleEntries$JsonMixinComponentScanner : Ignored because not matching any filter: file [D:\Individual Assignment\PibbleTV-Backend\api-gateway\build\classes\java\main\com\pibbletv\api_gateway\dtos\UserDTO.class]
2025-04-26T22:20:19.130+02:00 TRACE 13448 --- [api-gateway] [    Test worker] nModuleEntries$JsonMixinComponentScanner : Scanning file [D:\Individual Assignment\PibbleTV-Backend\api-gateway\build\classes\java\main\com\pibbletv\api_gateway\GatewayConfig.class]
2025-04-26T22:20:19.130+02:00 TRACE 13448 --- [api-gateway] [    Test worker] nModuleEntries$JsonMixinComponentScanner : Ignored because not matching any filter: file [D:\Individual Assignment\PibbleTV-Backend\api-gateway\build\classes\java\main\com\pibbletv\api_gateway\GatewayConfig.class]
2025-04-26T22:20:19.130+02:00 TRACE 13448 --- [api-gateway] [    Test worker] nModuleEntries$JsonMixinComponentScanner : Scanning file [D:\Individual Assignment\PibbleTV-Backend\api-gateway\build\classes\java\main\com\pibbletv\api_gateway\SecurityConfig.class]
2025-04-26T22:20:19.130+02:00 TRACE 13448 --- [api-gateway] [    Test worker] nModuleEntries$JsonMixinComponentScanner : Ignored because not matching any filter: file [D:\Individual Assignment\PibbleTV-Backend\api-gateway\build\classes\java\main\com\pibbletv\api_gateway\SecurityConfig.class]
2025-04-26T22:20:19.131+02:00 TRACE 13448 --- [api-gateway] [    Test worker] o.s.b.f.s.DefaultListableBeanFactory     : Returning cached instance of singleton bean 'preFilterAuthorizationAdvisor'
2025-04-26T22:20:19.131+02:00 TRACE 13448 --- [api-gateway] [    Test worker] o.s.b.f.s.DefaultListableBeanFactory     : Returning cached instance of singleton bean 'preAuthorizeAuthorizationAdvisor'
2025-04-26T22:20:19.131+02:00 TRACE 13448 --- [api-gateway] [    Test worker] o.s.b.f.s.DefaultListableBeanFactory     : Returning cached instance of singleton bean 'postFilterAuthorizationAdvisor'
2025-04-26T22:20:19.131+02:00 TRACE 13448 --- [api-gateway] [    Test worker] o.s.b.f.s.DefaultListableBeanFactory     : Returning cached instance of singleton bean 'postAuthorizeAuthorizationAdvisor'
2025-04-26T22:20:19.131+02:00 TRACE 13448 --- [api-gateway] [    Test worker] o.s.b.f.s.DefaultListableBeanFactory     : Returning cached instance of singleton bean 'jsr250AuthorizationAdvisor'
2025-04-26T22:20:19.131+02:00 TRACE 13448 --- [api-gateway] [    Test worker] o.s.b.f.s.DefaultListableBeanFactory     : Returning cached instance of singleton bean 'authorizeReturnObjectAdvisor'
2025-04-26T22:20:19.131+02:00 TRACE 13448 --- [api-gateway] [    Test worker] o.s.b.f.s.DefaultListableBeanFactory     : Finished creating instance of bean 'jsonMixinModuleEntries'
2025-04-26T22:20:19.131+02:00 DEBUG 13448 --- [api-gateway] [    Test worker] o.s.b.f.s.DefaultListableBeanFactory     : Autowiring by type from bean name 'jsonMixinModule' via factory method to bean named 'org.springframework.boot.web.reactive.context.GenericReactiveWebApplicationContext@79d743e6'
2025-04-26T22:20:19.131+02:00 DEBUG 13448 --- [api-gateway] [    Test worker] o.s.b.f.s.DefaultListableBeanFactory     : Autowiring by type from bean name 'jsonMixinModule' via factory method to bean named 'jsonMixinModuleEntries'
2025-04-26T22:20:19.132+02:00 TRACE 13448 --- [api-gateway] [    Test worker] o.s.b.f.s.DefaultListableBeanFactory     : Returning cached instance of singleton bean 'preFilterAuthorizationAdvisor'
2025-04-26T22:20:19.132+02:00 TRACE 13448 --- [api-gateway] [    Test worker] o.s.b.f.s.DefaultListableBeanFactory     : Returning cached instance of singleton bean 'preAuthorizeAuthorizationAdvisor'
2025-04-26T22:20:19.132+02:00 TRACE 13448 --- [api-gateway] [    Test worker] o.s.b.f.s.DefaultListableBeanFactory     : Returning cached instance of singleton bean 'postFilterAuthorizationAdvisor'
2025-04-26T22:20:19.132+02:00 TRACE 13448 --- [api-gateway] [    Test worker] o.s.b.f.s.DefaultListableBeanFactory     : Returning cached instance of singleton bean 'postAuthorizeAuthorizationAdvisor'
2025-04-26T22:20:19.132+02:00 TRACE 13448 --- [api-gateway] [    Test worker] o.s.b.f.s.DefaultListableBeanFactory     : Returning cached instance of singleton bean 'jsr250AuthorizationAdvisor'
2025-04-26T22:20:19.132+02:00 TRACE 13448 --- [api-gateway] [    Test worker] o.s.b.f.s.DefaultListableBeanFactory     : Returning cached instance of singleton bean 'authorizeReturnObjectAdvisor'
2025-04-26T22:20:19.133+02:00 TRACE 13448 --- [api-gateway] [    Test worker] o.s.b.f.s.DefaultListableBeanFactory     : Finished creating instance of bean 'jsonMixinModule'
2025-04-26T22:20:19.134+02:00 DEBUG 13448 --- [api-gateway] [    Test worker] o.s.b.f.s.DefaultListableBeanFactory     : Creating shared instance of singleton bean 'jsonComponentModule'
2025-04-26T22:20:19.134+02:00 TRACE 13448 --- [api-gateway] [    Test worker] o.s.b.f.s.DefaultListableBeanFactory     : Creating instance of bean 'jsonComponentModule'
2025-04-26T22:20:19.134+02:00 DEBUG 13448 --- [api-gateway] [    Test worker] o.s.b.f.s.DefaultListableBeanFactory     : Creating shared instance of singleton bean 'org.springframework.boot.autoconfigure.jackson.JacksonAutoConfiguration'
2025-04-26T22:20:19.134+02:00 TRACE 13448 --- [api-gateway] [    Test worker] o.s.b.f.s.DefaultListableBeanFactory     : Creating instance of bean 'org.springframework.boot.autoconfigure.jackson.JacksonAutoConfiguration'
2025-04-26T22:20:19.134+02:00 TRACE 13448 --- [api-gateway] [    Test worker] o.s.b.f.s.DefaultListableBeanFactory     : Returning cached instance of singleton bean 'preFilterAuthorizationAdvisor'
2025-04-26T22:20:19.134+02:00 TRACE 13448 --- [api-gateway] [    Test worker] o.s.b.f.s.DefaultListableBeanFactory     : Returning cached instance of singleton bean 'preAuthorizeAuthorizationAdvisor'
2025-04-26T22:20:19.134+02:00 TRACE 13448 --- [api-gateway] [    Test worker] o.s.b.f.s.DefaultListableBeanFactory     : Returning cached instance of singleton bean 'postFilterAuthorizationAdvisor'
2025-04-26T22:20:19.134+02:00 TRACE 13448 --- [api-gateway] [    Test worker] o.s.b.f.s.DefaultListableBeanFactory     : Returning cached instance of singleton bean 'postAuthorizeAuthorizationAdvisor'
2025-04-26T22:20:19.134+02:00 TRACE 13448 --- [api-gateway] [    Test worker] o.s.b.f.s.DefaultListableBeanFactory     : Returning cached instance of singleton bean 'jsr250AuthorizationAdvisor'
2025-04-26T22:20:19.134+02:00 TRACE 13448 --- [api-gateway] [    Test worker] o.s.b.f.s.DefaultListableBeanFactory     : Returning cached instance of singleton bean 'authorizeReturnObjectAdvisor'
2025-04-26T22:20:19.134+02:00 TRACE 13448 --- [api-gateway] [    Test worker] o.s.b.f.s.DefaultListableBeanFactory     : Finished creating instance of bean 'org.springframework.boot.autoconfigure.jackson.JacksonAutoConfiguration'
2025-04-26T22:20:19.135+02:00 TRACE 13448 --- [api-gateway] [    Test worker] o.s.b.f.s.DefaultListableBeanFactory     : Invoking afterPropertiesSet() on bean with name 'jsonComponentModule'
2025-04-26T22:20:19.138+02:00 TRACE 13448 --- [api-gateway] [    Test worker] o.s.b.f.s.DefaultListableBeanFactory     : Returning cached instance of singleton bean 'preFilterAuthorizationAdvisor'
2025-04-26T22:20:19.138+02:00 TRACE 13448 --- [api-gateway] [    Test worker] o.s.b.f.s.DefaultListableBeanFactory     : Returning cached instance of singleton bean 'preAuthorizeAuthorizationAdvisor'
2025-04-26T22:20:19.138+02:00 TRACE 13448 --- [api-gateway] [    Test worker] o.s.b.f.s.DefaultListableBeanFactory     : Returning cached instance of singleton bean 'postFilterAuthorizationAdvisor'
2025-04-26T22:20:19.138+02:00 TRACE 13448 --- [api-gateway] [    Test worker] o.s.b.f.s.DefaultListableBeanFactory     : Returning cached instance of singleton bean 'postAuthorizeAuthorizationAdvisor'
2025-04-26T22:20:19.138+02:00 TRACE 13448 --- [api-gateway] [    Test worker] o.s.b.f.s.DefaultListableBeanFactory     : Returning cached instance of singleton bean 'jsr250AuthorizationAdvisor'
2025-04-26T22:20:19.138+02:00 TRACE 13448 --- [api-gateway] [    Test worker] o.s.b.f.s.DefaultListableBeanFactory     : Returning cached instance of singleton bean 'authorizeReturnObjectAdvisor'
2025-04-26T22:20:19.139+02:00 TRACE 13448 --- [api-gateway] [    Test worker] o.s.b.f.s.DefaultListableBeanFactory     : Finished creating instance of bean 'jsonComponentModule'
2025-04-26T22:20:19.140+02:00 TRACE 13448 --- [api-gateway] [    Test worker] o.s.b.f.s.DefaultListableBeanFactory     : Returning cached instance of singleton bean 'preFilterAuthorizationAdvisor'
2025-04-26T22:20:19.140+02:00 TRACE 13448 --- [api-gateway] [    Test worker] o.s.b.f.s.DefaultListableBeanFactory     : Returning cached instance of singleton bean 'preAuthorizeAuthorizationAdvisor'
2025-04-26T22:20:19.140+02:00 TRACE 13448 --- [api-gateway] [    Test worker] o.s.b.f.s.DefaultListableBeanFactory     : Returning cached instance of singleton bean 'postFilterAuthorizationAdvisor'
2025-04-26T22:20:19.140+02:00 TRACE 13448 --- [api-gateway] [    Test worker] o.s.b.f.s.DefaultListableBeanFactory     : Returning cached instance of singleton bean 'postAuthorizeAuthorizationAdvisor'
2025-04-26T22:20:19.140+02:00 TRACE 13448 --- [api-gateway] [    Test worker] o.s.b.f.s.DefaultListableBeanFactory     : Returning cached instance of singleton bean 'jsr250AuthorizationAdvisor'
2025-04-26T22:20:19.140+02:00 TRACE 13448 --- [api-gateway] [    Test worker] o.s.b.f.s.DefaultListableBeanFactory     : Returning cached instance of singleton bean 'authorizeReturnObjectAdvisor'
2025-04-26T22:20:19.140+02:00 TRACE 13448 --- [api-gateway] [    Test worker] o.s.b.f.s.DefaultListableBeanFactory     : Finished creating instance of bean 'standardJacksonObjectMapperBuilderCustomizer'
2025-04-26T22:20:19.140+02:00 TRACE 13448 --- [api-gateway] [    Test worker] o.s.b.f.s.DefaultListableBeanFactory     : Returning cached instance of singleton bean 'spring.jackson-org.springframework.boot.autoconfigure.jackson.JacksonProperties'
2025-04-26T22:20:19.140+02:00 DEBUG 13448 --- [api-gateway] [    Test worker] o.s.b.f.s.DefaultListableBeanFactory     : Creating shared instance of singleton bean 'org.springframework.boot.autoconfigure.jackson.JacksonAutoConfiguration$JacksonObjectMapperBuilderConfiguration'
2025-04-26T22:20:19.140+02:00 TRACE 13448 --- [api-gateway] [    Test worker] o.s.b.f.s.DefaultListableBeanFactory     : Creating instance of bean 'org.springframework.boot.autoconfigure.jackson.JacksonAutoConfiguration$JacksonObjectMapperBuilderConfiguration'
2025-04-26T22:20:19.140+02:00 TRACE 13448 --- [api-gateway] [    Test worker] o.s.b.f.s.DefaultListableBeanFactory     : Returning cached instance of singleton bean 'preFilterAuthorizationAdvisor'
2025-04-26T22:20:19.140+02:00 TRACE 13448 --- [api-gateway] [    Test worker] o.s.b.f.s.DefaultListableBeanFactory     : Returning cached instance of singleton bean 'preAuthorizeAuthorizationAdvisor'
2025-04-26T22:20:19.140+02:00 TRACE 13448 --- [api-gateway] [    Test worker] o.s.b.f.s.DefaultListableBeanFactory     : Returning cached instance of singleton bean 'postFilterAuthorizationAdvisor'
2025-04-26T22:20:19.140+02:00 TRACE 13448 --- [api-gateway] [    Test worker] o.s.b.f.s.DefaultListableBeanFactory     : Returning cached instance of singleton bean 'postAuthorizeAuthorizationAdvisor'
2025-04-26T22:20:19.140+02:00 TRACE 13448 --- [api-gateway] [    Test worker] o.s.b.f.s.DefaultListableBeanFactory     : Returning cached instance of singleton bean 'jsr250AuthorizationAdvisor'
2025-04-26T22:20:19.141+02:00 TRACE 13448 --- [api-gateway] [    Test worker] o.s.b.f.s.DefaultListableBeanFactory     : Returning cached instance of singleton bean 'authorizeReturnObjectAdvisor'
2025-04-26T22:20:19.141+02:00 TRACE 13448 --- [api-gateway] [    Test worker] o.s.b.f.s.DefaultListableBeanFactory     : Finished creating instance of bean 'org.springframework.boot.autoconfigure.jackson.JacksonAutoConfiguration$JacksonObjectMapperBuilderConfiguration'
2025-04-26T22:20:19.141+02:00 TRACE 13448 --- [api-gateway] [    Test worker] o.s.b.f.s.DefaultListableBeanFactory     : Returning cached instance of singleton bean 'org.springframework.boot.autoconfigure.jackson.JacksonAutoConfiguration$ParameterNamesModuleConfiguration'
2025-04-26T22:20:19.141+02:00 TRACE 13448 --- [api-gateway] [    Test worker] o.s.b.f.s.DefaultListableBeanFactory     : Returning cached instance of singleton bean 'parameterNamesModule'
2025-04-26T22:20:19.141+02:00 DEBUG 13448 --- [api-gateway] [    Test worker] o.s.b.f.s.DefaultListableBeanFactory     : Creating shared instance of singleton bean 'org.springframework.boot.autoconfigure.jackson.JacksonAutoConfiguration$JacksonObjectMapperConfiguration'
2025-04-26T22:20:19.141+02:00 TRACE 13448 --- [api-gateway] [    Test worker] o.s.b.f.s.DefaultListableBeanFactory     : Creating instance of bean 'org.springframework.boot.autoconfigure.jackson.JacksonAutoConfiguration$JacksonObjectMapperConfiguration'
2025-04-26T22:20:19.141+02:00 TRACE 13448 --- [api-gateway] [    Test worker] o.s.b.f.s.DefaultListableBeanFactory     : Returning cached instance of singleton bean 'preFilterAuthorizationAdvisor'
2025-04-26T22:20:19.141+02:00 TRACE 13448 --- [api-gateway] [    Test worker] o.s.b.f.s.DefaultListableBeanFactory     : Returning cached instance of singleton bean 'preAuthorizeAuthorizationAdvisor'
2025-04-26T22:20:19.141+02:00 TRACE 13448 --- [api-gateway] [    Test worker] o.s.b.f.s.DefaultListableBeanFactory     : Returning cached instance of singleton bean 'postFilterAuthorizationAdvisor'
2025-04-26T22:20:19.141+02:00 TRACE 13448 --- [api-gateway] [    Test worker] o.s.b.f.s.DefaultListableBeanFactory     : Returning cached instance of singleton bean 'postAuthorizeAuthorizationAdvisor'
2025-04-26T22:20:19.141+02:00 TRACE 13448 --- [api-gateway] [    Test worker] o.s.b.f.s.DefaultListableBeanFactory     : Returning cached instance of singleton bean 'jsr250AuthorizationAdvisor'
2025-04-26T22:20:19.141+02:00 TRACE 13448 --- [api-gateway] [    Test worker] o.s.b.f.s.DefaultListableBeanFactory     : Returning cached instance of singleton bean 'authorizeReturnObjectAdvisor'
2025-04-26T22:20:19.141+02:00 TRACE 13448 --- [api-gateway] [    Test worker] o.s.b.f.s.DefaultListableBeanFactory     : Finished creating instance of bean 'org.springframework.boot.autoconfigure.jackson.JacksonAutoConfiguration$JacksonObjectMapperConfiguration'
2025-04-26T22:20:19.141+02:00 DEBUG 13448 --- [api-gateway] [    Test worker] o.s.b.f.s.DefaultListableBeanFactory     : Creating shared instance of singleton bean 'jacksonObjectMapper'
2025-04-26T22:20:19.141+02:00 TRACE 13448 --- [api-gateway] [    Test worker] o.s.b.f.s.DefaultListableBeanFactory     : Creating instance of bean 'jacksonObjectMapper'
2025-04-26T22:20:19.142+02:00 TRACE 13448 --- [api-gateway] [    Test worker] o.s.b.f.s.DefaultListableBeanFactory     : Returning cached instance of singleton bean 'org.springframework.boot.autoconfigure.jackson.JacksonAutoConfiguration$JacksonObjectMapperConfiguration'
2025-04-26T22:20:19.142+02:00 TRACE 13448 --- [api-gateway] [    Test worker] o.s.b.f.s.DefaultListableBeanFactory     : Creating instance of bean 'jacksonObjectMapperBuilder'
2025-04-26T22:20:19.142+02:00 TRACE 13448 --- [api-gateway] [    Test worker] o.s.b.f.s.DefaultListableBeanFactory     : Returning cached instance of singleton bean 'org.springframework.boot.autoconfigure.jackson.JacksonAutoConfiguration$JacksonObjectMapperBuilderConfiguration'
2025-04-26T22:20:19.143+02:00 TRACE 13448 --- [api-gateway] [    Test worker] o.s.b.f.s.DefaultListableBeanFactory     : Returning cached instance of singleton bean 'standardJacksonObjectMapperBuilderCustomizer'
2025-04-26T22:20:19.143+02:00 DEBUG 13448 --- [api-gateway] [    Test worker] o.s.b.f.s.DefaultListableBeanFactory     : Autowiring by type from bean name 'jacksonObjectMapperBuilder' via factory method to bean named 'org.springframework.boot.web.reactive.context.GenericReactiveWebApplicationContext@79d743e6'
2025-04-26T22:20:19.143+02:00 DEBUG 13448 --- [api-gateway] [    Test worker] o.s.b.f.s.DefaultListableBeanFactory     : Autowiring by type from bean name 'jacksonObjectMapperBuilder' via factory method to bean named 'standardJacksonObjectMapperBuilderCustomizer'
2025-04-26T22:20:19.145+02:00 TRACE 13448 --- [api-gateway] [    Test worker] o.s.b.f.s.DefaultListableBeanFactory     : Returning cached instance of singleton bean 'preFilterAuthorizationAdvisor'
2025-04-26T22:20:19.145+02:00 TRACE 13448 --- [api-gateway] [    Test worker] o.s.b.f.s.DefaultListableBeanFactory     : Returning cached instance of singleton bean 'preAuthorizeAuthorizationAdvisor'
2025-04-26T22:20:19.145+02:00 TRACE 13448 --- [api-gateway] [    Test worker] o.s.b.f.s.DefaultListableBeanFactory     : Returning cached instance of singleton bean 'postFilterAuthorizationAdvisor'
2025-04-26T22:20:19.145+02:00 TRACE 13448 --- [api-gateway] [    Test worker] o.s.b.f.s.DefaultListableBeanFactory     : Returning cached instance of singleton bean 'postAuthorizeAuthorizationAdvisor'
2025-04-26T22:20:19.145+02:00 TRACE 13448 --- [api-gateway] [    Test worker] o.s.b.f.s.DefaultListableBeanFactory     : Returning cached instance of singleton bean 'jsr250AuthorizationAdvisor'
2025-04-26T22:20:19.145+02:00 TRACE 13448 --- [api-gateway] [    Test worker] o.s.b.f.s.DefaultListableBeanFactory     : Returning cached instance of singleton bean 'authorizeReturnObjectAdvisor'
2025-04-26T22:20:19.146+02:00 TRACE 13448 --- [api-gateway] [    Test worker] o.s.b.f.s.DefaultListableBeanFactory     : Finished creating instance of bean 'jacksonObjectMapperBuilder'
2025-04-26T22:20:19.146+02:00 DEBUG 13448 --- [api-gateway] [    Test worker] o.s.b.f.s.DefaultListableBeanFactory     : Autowiring by type from bean name 'jacksonObjectMapper' via factory method to bean named 'jacksonObjectMapperBuilder'
2025-04-26T22:20:19.155+02:00 TRACE 13448 --- [api-gateway] [    Test worker] o.s.b.f.s.DefaultListableBeanFactory     : Returning cached instance of singleton bean 'preFilterAuthorizationAdvisor'
2025-04-26T22:20:19.155+02:00 TRACE 13448 --- [api-gateway] [    Test worker] o.s.b.f.s.DefaultListableBeanFactory     : Returning cached instance of singleton bean 'preAuthorizeAuthorizationAdvisor'
2025-04-26T22:20:19.155+02:00 TRACE 13448 --- [api-gateway] [    Test worker] o.s.b.f.s.DefaultListableBeanFactory     : Returning cached instance of singleton bean 'postFilterAuthorizationAdvisor'
2025-04-26T22:20:19.155+02:00 TRACE 13448 --- [api-gateway] [    Test worker] o.s.b.f.s.DefaultListableBeanFactory     : Returning cached instance of singleton bean 'postAuthorizeAuthorizationAdvisor'
2025-04-26T22:20:19.155+02:00 TRACE 13448 --- [api-gateway] [    Test worker] o.s.b.f.s.DefaultListableBeanFactory     : Returning cached instance of singleton bean 'jsr250AuthorizationAdvisor'
2025-04-26T22:20:19.155+02:00 TRACE 13448 --- [api-gateway] [    Test worker] o.s.b.f.s.DefaultListableBeanFactory     : Returning cached instance of singleton bean 'authorizeReturnObjectAdvisor'
2025-04-26T22:20:19.160+02:00 TRACE 13448 --- [api-gateway] [    Test worker] o.s.b.f.s.DefaultListableBeanFactory     : Finished creating instance of bean 'jacksonObjectMapper'
2025-04-26T22:20:19.160+02:00 TRACE 13448 --- [api-gateway] [    Test worker] o.s.b.f.s.DefaultListableBeanFactory     : Returning cached instance of singleton bean 'org.springframework.boot.autoconfigure.jackson.JacksonAutoConfiguration$JacksonMixinConfiguration'
2025-04-26T22:20:19.160+02:00 TRACE 13448 --- [api-gateway] [    Test worker] o.s.b.f.s.DefaultListableBeanFactory     : Returning cached instance of singleton bean 'jsonMixinModuleEntries'
2025-04-26T22:20:19.160+02:00 TRACE 13448 --- [api-gateway] [    Test worker] o.s.b.f.s.DefaultListableBeanFactory     : Returning cached instance of singleton bean 'jsonMixinModule'
2025-04-26T22:20:19.160+02:00 TRACE 13448 --- [api-gateway] [    Test worker] o.s.b.f.s.DefaultListableBeanFactory     : Returning cached instance of singleton bean 'org.springframework.boot.autoconfigure.jackson.JacksonAutoConfiguration'
2025-04-26T22:20:19.160+02:00 TRACE 13448 --- [api-gateway] [    Test worker] o.s.b.f.s.DefaultListableBeanFactory     : Returning cached instance of singleton bean 'jsonComponentModule'
2025-04-26T22:20:19.160+02:00 DEBUG 13448 --- [api-gateway] [    Test worker] o.s.b.f.s.DefaultListableBeanFactory     : Creating shared instance of singleton bean 'org.springframework.boot.autoconfigure.http.codec.CodecsAutoConfiguration$DefaultCodecsConfiguration'
2025-04-26T22:20:19.160+02:00 TRACE 13448 --- [api-gateway] [    Test worker] o.s.b.f.s.DefaultListableBeanFactory     : Creating instance of bean 'org.springframework.boot.autoconfigure.http.codec.CodecsAutoConfiguration$DefaultCodecsConfiguration'
2025-04-26T22:20:19.160+02:00 TRACE 13448 --- [api-gateway] [    Test worker] o.s.b.f.s.DefaultListableBeanFactory     : Returning cached instance of singleton bean 'preFilterAuthorizationAdvisor'
2025-04-26T22:20:19.160+02:00 TRACE 13448 --- [api-gateway] [    Test worker] o.s.b.f.s.DefaultListableBeanFactory     : Returning cached instance of singleton bean 'preAuthorizeAuthorizationAdvisor'
2025-04-26T22:20:19.160+02:00 TRACE 13448 --- [api-gateway] [    Test worker] o.s.b.f.s.DefaultListableBeanFactory     : Returning cached instance of singleton bean 'postFilterAuthorizationAdvisor'
2025-04-26T22:20:19.160+02:00 TRACE 13448 --- [api-gateway] [    Test worker] o.s.b.f.s.DefaultListableBeanFactory     : Returning cached instance of singleton bean 'postAuthorizeAuthorizationAdvisor'
2025-04-26T22:20:19.160+02:00 TRACE 13448 --- [api-gateway] [    Test worker] o.s.b.f.s.DefaultListableBeanFactory     : Returning cached instance of singleton bean 'jsr250AuthorizationAdvisor'
2025-04-26T22:20:19.160+02:00 TRACE 13448 --- [api-gateway] [    Test worker] o.s.b.f.s.DefaultListableBeanFactory     : Returning cached instance of singleton bean 'authorizeReturnObjectAdvisor'
2025-04-26T22:20:19.161+02:00 TRACE 13448 --- [api-gateway] [    Test worker] o.s.b.f.s.DefaultListableBeanFactory     : Finished creating instance of bean 'org.springframework.boot.autoconfigure.http.codec.CodecsAutoConfiguration$DefaultCodecsConfiguration'
2025-04-26T22:20:19.161+02:00 DEBUG 13448 --- [api-gateway] [    Test worker] o.s.b.f.s.DefaultListableBeanFactory     : Creating shared instance of singleton bean 'defaultCodecCustomizer'
2025-04-26T22:20:19.161+02:00 TRACE 13448 --- [api-gateway] [    Test worker] o.s.b.f.s.DefaultListableBeanFactory     : Creating instance of bean 'defaultCodecCustomizer'
2025-04-26T22:20:19.161+02:00 TRACE 13448 --- [api-gateway] [    Test worker] o.s.b.f.s.DefaultListableBeanFactory     : Returning cached instance of singleton bean 'org.springframework.boot.autoconfigure.http.codec.CodecsAutoConfiguration$DefaultCodecsConfiguration'
2025-04-26T22:20:19.161+02:00 DEBUG 13448 --- [api-gateway] [    Test worker] o.s.b.f.s.DefaultListableBeanFactory     : Creating shared instance of singleton bean 'spring.codec-org.springframework.boot.autoconfigure.codec.CodecProperties'
2025-04-26T22:20:19.161+02:00 TRACE 13448 --- [api-gateway] [    Test worker] o.s.b.f.s.DefaultListableBeanFactory     : Creating instance of bean 'spring.codec-org.springframework.boot.autoconfigure.codec.CodecProperties'
2025-04-26T22:20:19.161+02:00 TRACE 13448 --- [api-gateway] [    Test worker] o.s.b.f.s.DefaultListableBeanFactory     : Returning cached instance of singleton bean 'org.springframework.boot.context.properties.BoundConfigurationProperties'
2025-04-26T22:20:19.162+02:00 TRACE 13448 --- [api-gateway] [    Test worker] o.s.b.f.s.DefaultListableBeanFactory     : Returning cached instance of singleton bean 'preFilterAuthorizationAdvisor'
2025-04-26T22:20:19.162+02:00 TRACE 13448 --- [api-gateway] [    Test worker] o.s.b.f.s.DefaultListableBeanFactory     : Returning cached instance of singleton bean 'preAuthorizeAuthorizationAdvisor'
2025-04-26T22:20:19.162+02:00 TRACE 13448 --- [api-gateway] [    Test worker] o.s.b.f.s.DefaultListableBeanFactory     : Returning cached instance of singleton bean 'postFilterAuthorizationAdvisor'
2025-04-26T22:20:19.162+02:00 TRACE 13448 --- [api-gateway] [    Test worker] o.s.b.f.s.DefaultListableBeanFactory     : Returning cached instance of singleton bean 'postAuthorizeAuthorizationAdvisor'
2025-04-26T22:20:19.162+02:00 TRACE 13448 --- [api-gateway] [    Test worker] o.s.b.f.s.DefaultListableBeanFactory     : Returning cached instance of singleton bean 'jsr250AuthorizationAdvisor'
2025-04-26T22:20:19.162+02:00 TRACE 13448 --- [api-gateway] [    Test worker] o.s.b.f.s.DefaultListableBeanFactory     : Returning cached instance of singleton bean 'authorizeReturnObjectAdvisor'
2025-04-26T22:20:19.163+02:00 TRACE 13448 --- [api-gateway] [    Test worker] o.s.b.f.s.DefaultListableBeanFactory     : Finished creating instance of bean 'spring.codec-org.springframework.boot.autoconfigure.codec.CodecProperties'
2025-04-26T22:20:19.163+02:00 DEBUG 13448 --- [api-gateway] [    Test worker] o.s.b.f.s.DefaultListableBeanFactory     : Autowiring by type from bean name 'defaultCodecCustomizer' via factory method to bean named 'spring.codec-org.springframework.boot.autoconfigure.codec.CodecProperties'
2025-04-26T22:20:19.163+02:00 TRACE 13448 --- [api-gateway] [    Test worker] o.s.b.f.s.DefaultListableBeanFactory     : Returning cached instance of singleton bean 'preFilterAuthorizationAdvisor'
2025-04-26T22:20:19.163+02:00 TRACE 13448 --- [api-gateway] [    Test worker] o.s.b.f.s.DefaultListableBeanFactory     : Returning cached instance of singleton bean 'preAuthorizeAuthorizationAdvisor'
2025-04-26T22:20:19.163+02:00 TRACE 13448 --- [api-gateway] [    Test worker] o.s.b.f.s.DefaultListableBeanFactory     : Returning cached instance of singleton bean 'postFilterAuthorizationAdvisor'
2025-04-26T22:20:19.163+02:00 TRACE 13448 --- [api-gateway] [    Test worker] o.s.b.f.s.DefaultListableBeanFactory     : Returning cached instance of singleton bean 'postAuthorizeAuthorizationAdvisor'
2025-04-26T22:20:19.163+02:00 TRACE 13448 --- [api-gateway] [    Test worker] o.s.b.f.s.DefaultListableBeanFactory     : Returning cached instance of singleton bean 'jsr250AuthorizationAdvisor'
2025-04-26T22:20:19.163+02:00 TRACE 13448 --- [api-gateway] [    Test worker] o.s.b.f.s.DefaultListableBeanFactory     : Returning cached instance of singleton bean 'authorizeReturnObjectAdvisor'
2025-04-26T22:20:19.164+02:00 TRACE 13448 --- [api-gateway] [    Test worker] o.s.b.f.s.DefaultListableBeanFactory     : Finished creating instance of bean 'defaultCodecCustomizer'
2025-04-26T22:20:19.164+02:00 DEBUG 13448 --- [api-gateway] [    Test worker] o.s.b.f.s.DefaultListableBeanFactory     : Creating shared instance of singleton bean 'org.springframework.boot.autoconfigure.http.codec.CodecsAutoConfiguration$JacksonCodecConfiguration'
2025-04-26T22:20:19.164+02:00 TRACE 13448 --- [api-gateway] [    Test worker] o.s.b.f.s.DefaultListableBeanFactory     : Creating instance of bean 'org.springframework.boot.autoconfigure.http.codec.CodecsAutoConfiguration$JacksonCodecConfiguration'
2025-04-26T22:20:19.164+02:00 TRACE 13448 --- [api-gateway] [    Test worker] o.s.b.f.s.DefaultListableBeanFactory     : Returning cached instance of singleton bean 'preFilterAuthorizationAdvisor'
2025-04-26T22:20:19.164+02:00 TRACE 13448 --- [api-gateway] [    Test worker] o.s.b.f.s.DefaultListableBeanFactory     : Returning cached instance of singleton bean 'preAuthorizeAuthorizationAdvisor'
2025-04-26T22:20:19.164+02:00 TRACE 13448 --- [api-gateway] [    Test worker] o.s.b.f.s.DefaultListableBeanFactory     : Returning cached instance of singleton bean 'postFilterAuthorizationAdvisor'
2025-04-26T22:20:19.164+02:00 TRACE 13448 --- [api-gateway] [    Test worker] o.s.b.f.s.DefaultListableBeanFactory     : Returning cached instance of singleton bean 'postAuthorizeAuthorizationAdvisor'
2025-04-26T22:20:19.164+02:00 TRACE 13448 --- [api-gateway] [    Test worker] o.s.b.f.s.DefaultListableBeanFactory     : Returning cached instance of singleton bean 'jsr250AuthorizationAdvisor'
2025-04-26T22:20:19.164+02:00 TRACE 13448 --- [api-gateway] [    Test worker] o.s.b.f.s.DefaultListableBeanFactory     : Returning cached instance of singleton bean 'authorizeReturnObjectAdvisor'
2025-04-26T22:20:19.164+02:00 TRACE 13448 --- [api-gateway] [    Test worker] o.s.b.f.s.DefaultListableBeanFactory     : Finished creating instance of bean 'org.springframework.boot.autoconfigure.http.codec.CodecsAutoConfiguration$JacksonCodecConfiguration'
2025-04-26T22:20:19.164+02:00 DEBUG 13448 --- [api-gateway] [    Test worker] o.s.b.f.s.DefaultListableBeanFactory     : Creating shared instance of singleton bean 'jacksonCodecCustomizer'
2025-04-26T22:20:19.164+02:00 TRACE 13448 --- [api-gateway] [    Test worker] o.s.b.f.s.DefaultListableBeanFactory     : Creating instance of bean 'jacksonCodecCustomizer'
2025-04-26T22:20:19.164+02:00 TRACE 13448 --- [api-gateway] [    Test worker] o.s.b.f.s.DefaultListableBeanFactory     : Returning cached instance of singleton bean 'org.springframework.boot.autoconfigure.http.codec.CodecsAutoConfiguration$JacksonCodecConfiguration'
2025-04-26T22:20:19.165+02:00 TRACE 13448 --- [api-gateway] [    Test worker] o.s.b.f.s.DefaultListableBeanFactory     : Returning cached instance of singleton bean 'jacksonObjectMapper'
2025-04-26T22:20:19.165+02:00 DEBUG 13448 --- [api-gateway] [    Test worker] o.s.b.f.s.DefaultListableBeanFactory     : Autowiring by type from bean name 'jacksonCodecCustomizer' via factory method to bean named 'jacksonObjectMapper'
2025-04-26T22:20:19.166+02:00 TRACE 13448 --- [api-gateway] [    Test worker] o.s.b.f.s.DefaultListableBeanFactory     : Returning cached instance of singleton bean 'preFilterAuthorizationAdvisor'
2025-04-26T22:20:19.166+02:00 TRACE 13448 --- [api-gateway] [    Test worker] o.s.b.f.s.DefaultListableBeanFactory     : Returning cached instance of singleton bean 'preAuthorizeAuthorizationAdvisor'
2025-04-26T22:20:19.166+02:00 TRACE 13448 --- [api-gateway] [    Test worker] o.s.b.f.s.DefaultListableBeanFactory     : Returning cached instance of singleton bean 'postFilterAuthorizationAdvisor'
2025-04-26T22:20:19.166+02:00 TRACE 13448 --- [api-gateway] [    Test worker] o.s.b.f.s.DefaultListableBeanFactory     : Returning cached instance of singleton bean 'postAuthorizeAuthorizationAdvisor'
2025-04-26T22:20:19.166+02:00 TRACE 13448 --- [api-gateway] [    Test worker] o.s.b.f.s.DefaultListableBeanFactory     : Returning cached instance of singleton bean 'jsr250AuthorizationAdvisor'
2025-04-26T22:20:19.166+02:00 TRACE 13448 --- [api-gateway] [    Test worker] o.s.b.f.s.DefaultListableBeanFactory     : Returning cached instance of singleton bean 'authorizeReturnObjectAdvisor'
2025-04-26T22:20:19.166+02:00 TRACE 13448 --- [api-gateway] [    Test worker] o.s.b.f.s.DefaultListableBeanFactory     : Finished creating instance of bean 'jacksonCodecCustomizer'
2025-04-26T22:20:19.166+02:00 DEBUG 13448 --- [api-gateway] [    Test worker] o.s.b.f.s.DefaultListableBeanFactory     : Creating shared instance of singleton bean 'org.springframework.boot.autoconfigure.http.codec.CodecsAutoConfiguration'
2025-04-26T22:20:19.166+02:00 TRACE 13448 --- [api-gateway] [    Test worker] o.s.b.f.s.DefaultListableBeanFactory     : Creating instance of bean 'org.springframework.boot.autoconfigure.http.codec.CodecsAutoConfiguration'
2025-04-26T22:20:19.167+02:00 TRACE 13448 --- [api-gateway] [    Test worker] o.s.b.f.s.DefaultListableBeanFactory     : Returning cached instance of singleton bean 'preFilterAuthorizationAdvisor'
2025-04-26T22:20:19.167+02:00 TRACE 13448 --- [api-gateway] [    Test worker] o.s.b.f.s.DefaultListableBeanFactory     : Returning cached instance of singleton bean 'preAuthorizeAuthorizationAdvisor'
2025-04-26T22:20:19.167+02:00 TRACE 13448 --- [api-gateway] [    Test worker] o.s.b.f.s.DefaultListableBeanFactory     : Returning cached instance of singleton bean 'postFilterAuthorizationAdvisor'
2025-04-26T22:20:19.167+02:00 TRACE 13448 --- [api-gateway] [    Test worker] o.s.b.f.s.DefaultListableBeanFactory     : Returning cached instance of singleton bean 'postAuthorizeAuthorizationAdvisor'
2025-04-26T22:20:19.167+02:00 TRACE 13448 --- [api-gateway] [    Test worker] o.s.b.f.s.DefaultListableBeanFactory     : Returning cached instance of singleton bean 'jsr250AuthorizationAdvisor'
2025-04-26T22:20:19.167+02:00 TRACE 13448 --- [api-gateway] [    Test worker] o.s.b.f.s.DefaultListableBeanFactory     : Returning cached instance of singleton bean 'authorizeReturnObjectAdvisor'
2025-04-26T22:20:19.167+02:00 TRACE 13448 --- [api-gateway] [    Test worker] o.s.b.f.s.DefaultListableBeanFactory     : Finished creating instance of bean 'org.springframework.boot.autoconfigure.http.codec.CodecsAutoConfiguration'
2025-04-26T22:20:19.167+02:00 TRACE 13448 --- [api-gateway] [    Test worker] o.s.b.f.s.DefaultListableBeanFactory     : Returning cached instance of singleton bean 'spring.codec-org.springframework.boot.autoconfigure.codec.CodecProperties'
2025-04-26T22:20:19.167+02:00 DEBUG 13448 --- [api-gateway] [    Test worker] o.s.b.f.s.DefaultListableBeanFactory     : Creating shared instance of singleton bean 'org.springframework.boot.autoconfigure.validation.ValidationAutoConfiguration'
2025-04-26T22:20:19.167+02:00 TRACE 13448 --- [api-gateway] [    Test worker] o.s.b.f.s.DefaultListableBeanFactory     : Creating instance of bean 'org.springframework.boot.autoconfigure.validation.ValidationAutoConfiguration'
2025-04-26T22:20:19.168+02:00 TRACE 13448 --- [api-gateway] [    Test worker] o.s.b.f.s.DefaultListableBeanFactory     : Returning cached instance of singleton bean 'preFilterAuthorizationAdvisor'
2025-04-26T22:20:19.168+02:00 TRACE 13448 --- [api-gateway] [    Test worker] o.s.b.f.s.DefaultListableBeanFactory     : Returning cached instance of singleton bean 'preAuthorizeAuthorizationAdvisor'
2025-04-26T22:20:19.168+02:00 TRACE 13448 --- [api-gateway] [    Test worker] o.s.b.f.s.DefaultListableBeanFactory     : Returning cached instance of singleton bean 'postFilterAuthorizationAdvisor'
2025-04-26T22:20:19.168+02:00 TRACE 13448 --- [api-gateway] [    Test worker] o.s.b.f.s.DefaultListableBeanFactory     : Returning cached instance of singleton bean 'postAuthorizeAuthorizationAdvisor'
2025-04-26T22:20:19.168+02:00 TRACE 13448 --- [api-gateway] [    Test worker] o.s.b.f.s.DefaultListableBeanFactory     : Returning cached instance of singleton bean 'jsr250AuthorizationAdvisor'
2025-04-26T22:20:19.168+02:00 TRACE 13448 --- [api-gateway] [    Test worker] o.s.b.f.s.DefaultListableBeanFactory     : Returning cached instance of singleton bean 'authorizeReturnObjectAdvisor'
2025-04-26T22:20:19.168+02:00 TRACE 13448 --- [api-gateway] [    Test worker] o.s.b.f.s.DefaultListableBeanFactory     : Finished creating instance of bean 'org.springframework.boot.autoconfigure.validation.ValidationAutoConfiguration'
2025-04-26T22:20:19.168+02:00 DEBUG 13448 --- [api-gateway] [    Test worker] o.s.b.f.s.DefaultListableBeanFactory     : Creating shared instance of singleton bean 'defaultValidator'
2025-04-26T22:20:19.168+02:00 TRACE 13448 --- [api-gateway] [    Test worker] o.s.b.f.s.DefaultListableBeanFactory     : Creating instance of bean 'defaultValidator'
2025-04-26T22:20:19.168+02:00 DEBUG 13448 --- [api-gateway] [    Test worker] o.s.b.f.s.DefaultListableBeanFactory     : Autowiring by type from bean name 'defaultValidator' via factory method to bean named 'org.springframework.boot.web.reactive.context.GenericReactiveWebApplicationContext@79d743e6'
2025-04-26T22:20:19.171+02:00 DEBUG 13448 --- [api-gateway] [    Test worker] .h.v.m.ResourceBundleMessageInterpolator : Failed to load expression factory via classloader jdk.internal.loader.ClassLoaders$AppClassLoader@73d16e93

java.lang.NoClassDefFoundError: jakarta/el/ExpressionFactory
	at org.hibernate.validator.messageinterpolation.ResourceBundleMessageInterpolator.canLoadExpressionFactory(ResourceBundleMessageInterpolator.java:228) ~[hibernate-validator-8.0.2.Final.jar:8.0.2.Final]
	at org.hibernate.validator.messageinterpolation.ResourceBundleMessageInterpolator.buildExpressionFactory(ResourceBundleMessageInterpolator.java:173) ~[hibernate-validator-8.0.2.Final.jar:8.0.2.Final]
	at org.hibernate.validator.messageinterpolation.ResourceBundleMessageInterpolator.<init>(ResourceBundleMessageInterpolator.java:97) ~[hibernate-validator-8.0.2.Final.jar:8.0.2.Final]
	at org.hibernate.validator.internal.engine.AbstractConfigurationImpl.getDefaultMessageInterpolator(AbstractConfigurationImpl.java:575) ~[hibernate-validator-8.0.2.Final.jar:8.0.2.Final]
	at org.springframework.boot.validation.MessageInterpolatorFactory.getMessageInterpolator(MessageInterpolatorFactory.java:79) ~[spring-boot-3.4.4.jar:3.4.4]
	at org.springframework.boot.validation.MessageInterpolatorFactory.getObject(MessageInterpolatorFactory.java:70) ~[spring-boot-3.4.4.jar:3.4.4]
	at org.springframework.boot.autoconfigure.validation.ValidationAutoConfiguration.defaultValidator(ValidationAutoConfiguration.java:64) ~[spring-boot-autoconfigure-3.4.4.jar:3.4.4]
	at java.base/jdk.internal.reflect.NativeMethodAccessorImpl.invoke0(Native Method) ~[na:na]
	at java.base/jdk.internal.reflect.NativeMethodAccessorImpl.invoke(NativeMethodAccessorImpl.java:77) ~[na:na]
	at java.base/jdk.internal.reflect.DelegatingMethodAccessorImpl.invoke(DelegatingMethodAccessorImpl.java:43) ~[na:na]
	at java.base/java.lang.reflect.Method.invoke(Method.java:568) ~[na:na]
	at org.springframework.beans.factory.support.SimpleInstantiationStrategy.lambda$instantiate$0(SimpleInstantiationStrategy.java:171) ~[spring-beans-6.2.5.jar:6.2.5]
	at org.springframework.beans.factory.support.SimpleInstantiationStrategy.instantiateWithFactoryMethod(SimpleInstantiationStrategy.java:88) ~[spring-beans-6.2.5.jar:6.2.5]
	at org.springframework.beans.factory.support.SimpleInstantiationStrategy.instantiate(SimpleInstantiationStrategy.java:168) ~[spring-beans-6.2.5.jar:6.2.5]
	at org.springframework.beans.factory.support.ConstructorResolver.instantiate(ConstructorResolver.java:653) ~[spring-beans-6.2.5.jar:6.2.5]
	at org.springframework.beans.factory.support.ConstructorResolver.instantiateUsingFactoryMethod(ConstructorResolver.java:645) ~[spring-beans-6.2.5.jar:6.2.5]
	at org.springframework.beans.factory.support.AbstractAutowireCapableBeanFactory.instantiateUsingFactoryMethod(AbstractAutowireCapableBeanFactory.java:1361) ~[spring-beans-6.2.5.jar:6.2.5]
	at org.springframework.beans.factory.support.AbstractAutowireCapableBeanFactory.createBeanInstance(AbstractAutowireCapableBeanFactory.java:1191) ~[spring-beans-6.2.5.jar:6.2.5]
	at org.springframework.beans.factory.support.AbstractAutowireCapableBeanFactory.doCreateBean(AbstractAutowireCapableBeanFactory.java:563) ~[spring-beans-6.2.5.jar:6.2.5]
	at org.springframework.beans.factory.support.AbstractAutowireCapableBeanFactory.createBean(AbstractAutowireCapableBeanFactory.java:523) ~[spring-beans-6.2.5.jar:6.2.5]
	at org.springframework.beans.factory.support.AbstractBeanFactory.lambda$doGetBean$0(AbstractBeanFactory.java:339) ~[spring-beans-6.2.5.jar:6.2.5]
	at org.springframework.beans.factory.support.DefaultSingletonBeanRegistry.getSingleton(DefaultSingletonBeanRegistry.java:347) ~[spring-beans-6.2.5.jar:6.2.5]
	at org.springframework.beans.factory.support.AbstractBeanFactory.doGetBean(AbstractBeanFactory.java:337) ~[spring-beans-6.2.5.jar:6.2.5]
	at org.springframework.beans.factory.support.AbstractBeanFactory.getBean(AbstractBeanFactory.java:202) ~[spring-beans-6.2.5.jar:6.2.5]
	at org.springframework.beans.factory.support.DefaultListableBeanFactory.instantiateSingleton(DefaultListableBeanFactory.java:1155) ~[spring-beans-6.2.5.jar:6.2.5]
	at org.springframework.beans.factory.support.DefaultListableBeanFactory.preInstantiateSingleton(DefaultListableBeanFactory.java:1121) ~[spring-beans-6.2.5.jar:6.2.5]
	at org.springframework.beans.factory.support.DefaultListableBeanFactory.preInstantiateSingletons(DefaultListableBeanFactory.java:1056) ~[spring-beans-6.2.5.jar:6.2.5]
	at org.springframework.context.support.AbstractApplicationContext.finishBeanFactoryInitialization(AbstractApplicationContext.java:987) ~[spring-context-6.2.5.jar:6.2.5]
	at org.springframework.context.support.AbstractApplicationContext.refresh(AbstractApplicationContext.java:627) ~[spring-context-6.2.5.jar:6.2.5]
	at org.springframework.boot.SpringApplication.refresh(SpringApplication.java:752) ~[spring-boot-3.4.4.jar:3.4.4]
	at org.springframework.boot.SpringApplication.refreshContext(SpringApplication.java:439) ~[spring-boot-3.4.4.jar:3.4.4]
	at org.springframework.boot.SpringApplication.run(SpringApplication.java:318) ~[spring-boot-3.4.4.jar:3.4.4]
	at org.springframework.boot.test.context.SpringBootContextLoader.lambda$loadContext$3(SpringBootContextLoader.java:144) ~[spring-boot-test-3.4.4.jar:3.4.4]
	at org.springframework.util.function.ThrowingSupplier.get(ThrowingSupplier.java:58) ~[spring-core-6.2.5.jar:6.2.5]
	at org.springframework.util.function.ThrowingSupplier.get(ThrowingSupplier.java:46) ~[spring-core-6.2.5.jar:6.2.5]
	at org.springframework.boot.SpringApplication.withHook(SpringApplication.java:1461) ~[spring-boot-3.4.4.jar:3.4.4]
	at org.springframework.boot.test.context.SpringBootContextLoader$ContextLoaderHook.run(SpringBootContextLoader.java:563) ~[spring-boot-test-3.4.4.jar:3.4.4]
	at org.springframework.boot.test.context.SpringBootContextLoader.loadContext(SpringBootContextLoader.java:144) ~[spring-boot-test-3.4.4.jar:3.4.4]
	at org.springframework.boot.test.context.SpringBootContextLoader.loadContext(SpringBootContextLoader.java:110) ~[spring-boot-test-3.4.4.jar:3.4.4]
	at org.springframework.test.context.cache.DefaultCacheAwareContextLoaderDelegate.loadContextInternal(DefaultCacheAwareContextLoaderDelegate.java:225) ~[spring-test-6.2.5.jar:6.2.5]
	at org.springframework.test.context.cache.DefaultCacheAwareContextLoaderDelegate.loadContext(DefaultCacheAwareContextLoaderDelegate.java:152) ~[spring-test-6.2.5.jar:6.2.5]
	at org.springframework.test.context.support.DefaultTestContext.getApplicationContext(DefaultTestContext.java:130) ~[spring-test-6.2.5.jar:6.2.5]
	at org.springframework.test.context.support.DependencyInjectionTestExecutionListener.injectDependencies(DependencyInjectionTestExecutionListener.java:155) ~[spring-test-6.2.5.jar:6.2.5]
	at org.springframework.test.context.support.DependencyInjectionTestExecutionListener.prepareTestInstance(DependencyInjectionTestExecutionListener.java:111) ~[spring-test-6.2.5.jar:6.2.5]
	at org.springframework.test.context.TestContextManager.prepareTestInstance(TestContextManager.java:260) ~[spring-test-6.2.5.jar:6.2.5]
	at org.springframework.test.context.junit.jupiter.SpringExtension.postProcessTestInstance(SpringExtension.java:160) ~[spring-test-6.2.5.jar:6.2.5]
	at org.junit.jupiter.engine.descriptor.ClassBasedTestDescriptor.lambda$invokeTestInstancePostProcessors$11(ClassBasedTestDescriptor.java:378) ~[junit-jupiter-engine-5.11.4.jar:5.11.4]
	at org.junit.jupiter.engine.descriptor.ClassBasedTestDescriptor.executeAndMaskThrowable(ClassBasedTestDescriptor.java:383) ~[junit-jupiter-engine-5.11.4.jar:5.11.4]
	at org.junit.jupiter.engine.descriptor.ClassBasedTestDescriptor.lambda$invokeTestInstancePostProcessors$12(ClassBasedTestDescriptor.java:378) ~[junit-jupiter-engine-5.11.4.jar:5.11.4]
	at java.base/java.util.stream.ForEachOps$ForEachOp$OfRef.accept(ForEachOps.java:183) ~[na:na]
	at java.base/java.util.stream.ReferencePipeline$3$1.accept(ReferencePipeline.java:197) ~[na:na]
	at java.base/java.util.stream.ReferencePipeline$2$1.accept(ReferencePipeline.java:179) ~[na:na]
	at java.base/java.util.stream.ReferencePipeline$3$1.accept(ReferencePipeline.java:197) ~[na:na]
	at java.base/java.util.ArrayList$ArrayListSpliterator.forEachRemaining(ArrayList.java:1625) ~[na:na]
	at java.base/java.util.stream.AbstractPipeline.copyInto(AbstractPipeline.java:509) ~[na:na]
	at java.base/java.util.stream.AbstractPipeline.wrapAndCopyInto(AbstractPipeline.java:499) ~[na:na]
	at java.base/java.util.stream.ForEachOps$ForEachOp.evaluateSequential(ForEachOps.java:150) ~[na:na]
	at java.base/java.util.stream.ForEachOps$ForEachOp$OfRef.evaluateSequential(ForEachOps.java:173) ~[na:na]
	at java.base/java.util.stream.AbstractPipeline.evaluate(AbstractPipeline.java:234) ~[na:na]
	at java.base/java.util.stream.ReferencePipeline.forEach(ReferencePipeline.java:596) ~[na:na]
	at org.junit.jupiter.engine.descriptor.ClassBasedTestDescriptor.invokeTestInstancePostProcessors(ClassBasedTestDescriptor.java:377) ~[junit-jupiter-engine-5.11.4.jar:5.11.4]
	at org.junit.jupiter.engine.descriptor.ClassBasedTestDescriptor.lambda$instantiateAndPostProcessTestInstance$7(ClassBasedTestDescriptor.java:290) ~[junit-jupiter-engine-5.11.4.jar:5.11.4]
	at org.junit.platform.engine.support.hierarchical.ThrowableCollector.execute(ThrowableCollector.java:73) ~[junit-platform-engine-1.11.4.jar:1.11.4]
	at org.junit.jupiter.engine.descriptor.ClassBasedTestDescriptor.instantiateAndPostProcessTestInstance(ClassBasedTestDescriptor.java:289) ~[junit-jupiter-engine-5.11.4.jar:5.11.4]
	at org.junit.jupiter.engine.descriptor.ClassBasedTestDescriptor.lambda$testInstancesProvider$5(ClassBasedTestDescriptor.java:279) ~[junit-jupiter-engine-5.11.4.jar:5.11.4]
	at java.base/java.util.Optional.orElseGet(Optional.java:364) ~[na:na]
	at org.junit.jupiter.engine.descriptor.ClassBasedTestDescriptor.lambda$testInstancesProvider$6(ClassBasedTestDescriptor.java:278) ~[junit-jupiter-engine-5.11.4.jar:5.11.4]
	at org.junit.jupiter.engine.execution.TestInstancesProvider.getTestInstances(TestInstancesProvider.java:31) ~[junit-jupiter-engine-5.11.4.jar:5.11.4]
	at org.junit.jupiter.engine.descriptor.TestMethodTestDescriptor.lambda$prepare$1(TestMethodTestDescriptor.java:105) ~[junit-jupiter-engine-5.11.4.jar:5.11.4]
	at org.junit.platform.engine.support.hierarchical.ThrowableCollector.execute(ThrowableCollector.java:73) ~[junit-platform-engine-1.11.4.jar:1.11.4]
	at org.junit.jupiter.engine.descriptor.TestMethodTestDescriptor.prepare(TestMethodTestDescriptor.java:104) ~[junit-jupiter-engine-5.11.4.jar:5.11.4]
	at org.junit.jupiter.engine.descriptor.TestMethodTestDescriptor.prepare(TestMethodTestDescriptor.java:68) ~[junit-jupiter-engine-5.11.4.jar:5.11.4]
	at org.junit.platform.engine.support.hierarchical.NodeTestTask.lambda$prepare$2(NodeTestTask.java:128) ~[junit-platform-engine-1.11.4.jar:1.11.4]
	at org.junit.platform.engine.support.hierarchical.ThrowableCollector.execute(ThrowableCollector.java:73) ~[junit-platform-engine-1.11.4.jar:1.11.4]
	at org.junit.platform.engine.support.hierarchical.NodeTestTask.prepare(NodeTestTask.java:128) ~[junit-platform-engine-1.11.4.jar:1.11.4]
	at org.junit.platform.engine.support.hierarchical.NodeTestTask.execute(NodeTestTask.java:95) ~[junit-platform-engine-1.11.4.jar:1.11.4]
	at java.base/java.util.ArrayList.forEach(ArrayList.java:1511) ~[na:na]
	at org.junit.platform.engine.support.hierarchical.SameThreadHierarchicalTestExecutorService.invokeAll(SameThreadHierarchicalTestExecutorService.java:41) ~[junit-platform-engine-1.11.4.jar:1.11.4]
	at org.junit.platform.engine.support.hierarchical.NodeTestTask.lambda$executeRecursively$6(NodeTestTask.java:160) ~[junit-platform-engine-1.11.4.jar:1.11.4]
	at org.junit.platform.engine.support.hierarchical.ThrowableCollector.execute(ThrowableCollector.java:73) ~[junit-platform-engine-1.11.4.jar:1.11.4]
	at org.junit.platform.engine.support.hierarchical.NodeTestTask.lambda$executeRecursively$8(NodeTestTask.java:146) ~[junit-platform-engine-1.11.4.jar:1.11.4]
	at org.junit.platform.engine.support.hierarchical.Node.around(Node.java:137) ~[junit-platform-engine-1.11.4.jar:1.11.4]
	at org.junit.platform.engine.support.hierarchical.NodeTestTask.lambda$executeRecursively$9(NodeTestTask.java:144) ~[junit-platform-engine-1.11.4.jar:1.11.4]
	at org.junit.platform.engine.support.hierarchical.ThrowableCollector.execute(ThrowableCollector.java:73) ~[junit-platform-engine-1.11.4.jar:1.11.4]
	at org.junit.platform.engine.support.hierarchical.NodeTestTask.executeRecursively(NodeTestTask.java:143) ~[junit-platform-engine-1.11.4.jar:1.11.4]
	at org.junit.platform.engine.support.hierarchical.NodeTestTask.execute(NodeTestTask.java:100) ~[junit-platform-engine-1.11.4.jar:1.11.4]
	at java.base/java.util.ArrayList.forEach(ArrayList.java:1511) ~[na:na]
	at org.junit.platform.engine.support.hierarchical.SameThreadHierarchicalTestExecutorService.invokeAll(SameThreadHierarchicalTestExecutorService.java:41) ~[junit-platform-engine-1.11.4.jar:1.11.4]
	at org.junit.platform.engine.support.hierarchical.NodeTestTask.lambda$executeRecursively$6(NodeTestTask.java:160) ~[junit-platform-engine-1.11.4.jar:1.11.4]
	at org.junit.platform.engine.support.hierarchical.ThrowableCollector.execute(ThrowableCollector.java:73) ~[junit-platform-engine-1.11.4.jar:1.11.4]
	at org.junit.platform.engine.support.hierarchical.NodeTestTask.lambda$executeRecursively$8(NodeTestTask.java:146) ~[junit-platform-engine-1.11.4.jar:1.11.4]
	at org.junit.platform.engine.support.hierarchical.Node.around(Node.java:137) ~[junit-platform-engine-1.11.4.jar:1.11.4]
	at org.junit.platform.engine.support.hierarchical.NodeTestTask.lambda$executeRecursively$9(NodeTestTask.java:144) ~[junit-platform-engine-1.11.4.jar:1.11.4]
	at org.junit.platform.engine.support.hierarchical.ThrowableCollector.execute(ThrowableCollector.java:73) ~[junit-platform-engine-1.11.4.jar:1.11.4]
	at org.junit.platform.engine.support.hierarchical.NodeTestTask.executeRecursively(NodeTestTask.java:143) ~[junit-platform-engine-1.11.4.jar:1.11.4]
	at org.junit.platform.engine.support.hierarchical.NodeTestTask.execute(NodeTestTask.java:100) ~[junit-platform-engine-1.11.4.jar:1.11.4]
	at org.junit.platform.engine.support.hierarchical.SameThreadHierarchicalTestExecutorService.submit(SameThreadHierarchicalTestExecutorService.java:35) ~[junit-platform-engine-1.11.4.jar:1.11.4]
	at org.junit.platform.engine.support.hierarchical.HierarchicalTestExecutor.execute(HierarchicalTestExecutor.java:57) ~[junit-platform-engine-1.11.4.jar:1.11.4]
	at org.junit.platform.engine.support.hierarchical.HierarchicalTestEngine.execute(HierarchicalTestEngine.java:54) ~[junit-platform-engine-1.11.4.jar:1.11.4]
	at org.junit.platform.launcher.core.EngineExecutionOrchestrator.execute(EngineExecutionOrchestrator.java:198) ~[junit-platform-launcher-1.11.4.jar:1.11.4]
	at org.junit.platform.launcher.core.EngineExecutionOrchestrator.execute(EngineExecutionOrchestrator.java:169) ~[junit-platform-launcher-1.11.4.jar:1.11.4]
	at org.junit.platform.launcher.core.EngineExecutionOrchestrator.execute(EngineExecutionOrchestrator.java:93) ~[junit-platform-launcher-1.11.4.jar:1.11.4]
	at org.junit.platform.launcher.core.EngineExecutionOrchestrator.lambda$execute$0(EngineExecutionOrchestrator.java:58) ~[junit-platform-launcher-1.11.4.jar:1.11.4]
	at org.junit.platform.launcher.core.EngineExecutionOrchestrator.withInterceptedStreams(EngineExecutionOrchestrator.java:141) ~[junit-platform-launcher-1.11.4.jar:1.11.4]
	at org.junit.platform.launcher.core.EngineExecutionOrchestrator.execute(EngineExecutionOrchestrator.java:57) ~[junit-platform-launcher-1.11.4.jar:1.11.4]
	at org.junit.platform.launcher.core.DefaultLauncher.execute(DefaultLauncher.java:103) ~[junit-platform-launcher-1.11.4.jar:1.11.4]
	at org.junit.platform.launcher.core.DefaultLauncher.execute(DefaultLauncher.java:85) ~[junit-platform-launcher-1.11.4.jar:1.11.4]
	at org.junit.platform.launcher.core.DelegatingLauncher.execute(DelegatingLauncher.java:47) ~[junit-platform-launcher-1.11.4.jar:1.11.4]
	at org.gradle.api.internal.tasks.testing.junitplatform.JUnitPlatformTestClassProcessor$CollectAllTestClassesExecutor.processAllTestClasses(JUnitPlatformTestClassProcessor.java:124) ~[na:na]
	at org.gradle.api.internal.tasks.testing.junitplatform.JUnitPlatformTestClassProcessor$CollectAllTestClassesExecutor.access$000(JUnitPlatformTestClassProcessor.java:99) ~[na:na]
	at org.gradle.api.internal.tasks.testing.junitplatform.JUnitPlatformTestClassProcessor.stop(JUnitPlatformTestClassProcessor.java:94) ~[na:na]
	at org.gradle.api.internal.tasks.testing.SuiteTestClassProcessor.stop(SuiteTestClassProcessor.java:63) ~[na:na]
	at java.base/jdk.internal.reflect.NativeMethodAccessorImpl.invoke0(Native Method) ~[na:na]
	at java.base/jdk.internal.reflect.NativeMethodAccessorImpl.invoke(NativeMethodAccessorImpl.java:77) ~[na:na]
	at java.base/jdk.internal.reflect.DelegatingMethodAccessorImpl.invoke(DelegatingMethodAccessorImpl.java:43) ~[na:na]
	at java.base/java.lang.reflect.Method.invoke(Method.java:568) ~[na:na]
	at org.gradle.internal.dispatch.ReflectionDispatch.dispatch(ReflectionDispatch.java:36) ~[na:na]
	at org.gradle.internal.dispatch.ReflectionDispatch.dispatch(ReflectionDispatch.java:24) ~[na:na]
	at org.gradle.internal.dispatch.ContextClassLoaderDispatch.dispatch(ContextClassLoaderDispatch.java:33) ~[na:na]
	at org.gradle.internal.dispatch.ProxyDispatchAdapter$DispatchingInvocationHandler.invoke(ProxyDispatchAdapter.java:92) ~[na:na]
	at jdk.proxy1/jdk.proxy1.$Proxy4.stop(Unknown Source) ~[na:na]
	at org.gradle.api.internal.tasks.testing.worker.TestWorker$3.run(TestWorker.java:200) ~[na:na]
	at org.gradle.api.internal.tasks.testing.worker.TestWorker.executeAndMaintainThreadName(TestWorker.java:132) ~[na:na]
	at org.gradle.api.internal.tasks.testing.worker.TestWorker.execute(TestWorker.java:103) ~[na:na]
	at org.gradle.api.internal.tasks.testing.worker.TestWorker.execute(TestWorker.java:63) ~[na:na]
	at org.gradle.process.internal.worker.child.ActionExecutionWorker.execute(ActionExecutionWorker.java:56) ~[na:na]
	at org.gradle.process.internal.worker.child.SystemApplicationClassLoaderWorker.call(SystemApplicationClassLoaderWorker.java:121) ~[na:na]
	at org.gradle.process.internal.worker.child.SystemApplicationClassLoaderWorker.call(SystemApplicationClassLoaderWorker.java:71) ~[na:na]
	at worker.org.gradle.process.internal.worker.GradleWorkerMain.run(GradleWorkerMain.java:69) ~[gradle-worker.jar:na]
	at worker.org.gradle.process.internal.worker.GradleWorkerMain.main(GradleWorkerMain.java:74) ~[gradle-worker.jar:na]
Caused by: java.lang.ClassNotFoundException: jakarta.el.ExpressionFactory
	... 130 common frames omitted

2025-04-26T22:20:19.175+02:00 DEBUG 13448 --- [api-gateway] [    Test worker] .h.v.m.ResourceBundleMessageInterpolator : Failed to load expression factory via classloader jdk.internal.loader.ClassLoaders$AppClassLoader@73d16e93

java.lang.NoClassDefFoundError: jakarta/el/ExpressionFactory
	at org.hibernate.validator.messageinterpolation.ResourceBundleMessageInterpolator.canLoadExpressionFactory(ResourceBundleMessageInterpolator.java:228) ~[hibernate-validator-8.0.2.Final.jar:8.0.2.Final]
	at org.hibernate.validator.messageinterpolation.ResourceBundleMessageInterpolator.buildExpressionFactory(ResourceBundleMessageInterpolator.java:186) ~[hibernate-validator-8.0.2.Final.jar:8.0.2.Final]
	at org.hibernate.validator.messageinterpolation.ResourceBundleMessageInterpolator.<init>(ResourceBundleMessageInterpolator.java:97) ~[hibernate-validator-8.0.2.Final.jar:8.0.2.Final]
	at org.hibernate.validator.internal.engine.AbstractConfigurationImpl.getDefaultMessageInterpolator(AbstractConfigurationImpl.java:575) ~[hibernate-validator-8.0.2.Final.jar:8.0.2.Final]
	at org.springframework.boot.validation.MessageInterpolatorFactory.getMessageInterpolator(MessageInterpolatorFactory.java:79) ~[spring-boot-3.4.4.jar:3.4.4]
	at org.springframework.boot.validation.MessageInterpolatorFactory.getObject(MessageInterpolatorFactory.java:70) ~[spring-boot-3.4.4.jar:3.4.4]
	at org.springframework.boot.autoconfigure.validation.ValidationAutoConfiguration.defaultValidator(ValidationAutoConfiguration.java:64) ~[spring-boot-autoconfigure-3.4.4.jar:3.4.4]
	at java.base/jdk.internal.reflect.NativeMethodAccessorImpl.invoke0(Native Method) ~[na:na]
	at java.base/jdk.internal.reflect.NativeMethodAccessorImpl.invoke(NativeMethodAccessorImpl.java:77) ~[na:na]
	at java.base/jdk.internal.reflect.DelegatingMethodAccessorImpl.invoke(DelegatingMethodAccessorImpl.java:43) ~[na:na]
	at java.base/java.lang.reflect.Method.invoke(Method.java:568) ~[na:na]
	at org.springframework.beans.factory.support.SimpleInstantiationStrategy.lambda$instantiate$0(SimpleInstantiationStrategy.java:171) ~[spring-beans-6.2.5.jar:6.2.5]
	at org.springframework.beans.factory.support.SimpleInstantiationStrategy.instantiateWithFactoryMethod(SimpleInstantiationStrategy.java:88) ~[spring-beans-6.2.5.jar:6.2.5]
	at org.springframework.beans.factory.support.SimpleInstantiationStrategy.instantiate(SimpleInstantiationStrategy.java:168) ~[spring-beans-6.2.5.jar:6.2.5]
	at org.springframework.beans.factory.support.ConstructorResolver.instantiate(ConstructorResolver.java:653) ~[spring-beans-6.2.5.jar:6.2.5]
	at org.springframework.beans.factory.support.ConstructorResolver.instantiateUsingFactoryMethod(ConstructorResolver.java:645) ~[spring-beans-6.2.5.jar:6.2.5]
	at org.springframework.beans.factory.support.AbstractAutowireCapableBeanFactory.instantiateUsingFactoryMethod(AbstractAutowireCapableBeanFactory.java:1361) ~[spring-beans-6.2.5.jar:6.2.5]
	at org.springframework.beans.factory.support.AbstractAutowireCapableBeanFactory.createBeanInstance(AbstractAutowireCapableBeanFactory.java:1191) ~[spring-beans-6.2.5.jar:6.2.5]
	at org.springframework.beans.factory.support.AbstractAutowireCapableBeanFactory.doCreateBean(AbstractAutowireCapableBeanFactory.java:563) ~[spring-beans-6.2.5.jar:6.2.5]
	at org.springframework.beans.factory.support.AbstractAutowireCapableBeanFactory.createBean(AbstractAutowireCapableBeanFactory.java:523) ~[spring-beans-6.2.5.jar:6.2.5]
	at org.springframework.beans.factory.support.AbstractBeanFactory.lambda$doGetBean$0(AbstractBeanFactory.java:339) ~[spring-beans-6.2.5.jar:6.2.5]
	at org.springframework.beans.factory.support.DefaultSingletonBeanRegistry.getSingleton(DefaultSingletonBeanRegistry.java:347) ~[spring-beans-6.2.5.jar:6.2.5]
	at org.springframework.beans.factory.support.AbstractBeanFactory.doGetBean(AbstractBeanFactory.java:337) ~[spring-beans-6.2.5.jar:6.2.5]
	at org.springframework.beans.factory.support.AbstractBeanFactory.getBean(AbstractBeanFactory.java:202) ~[spring-beans-6.2.5.jar:6.2.5]
	at org.springframework.beans.factory.support.DefaultListableBeanFactory.instantiateSingleton(DefaultListableBeanFactory.java:1155) ~[spring-beans-6.2.5.jar:6.2.5]
	at org.springframework.beans.factory.support.DefaultListableBeanFactory.preInstantiateSingleton(DefaultListableBeanFactory.java:1121) ~[spring-beans-6.2.5.jar:6.2.5]
	at org.springframework.beans.factory.support.DefaultListableBeanFactory.preInstantiateSingletons(DefaultListableBeanFactory.java:1056) ~[spring-beans-6.2.5.jar:6.2.5]
	at org.springframework.context.support.AbstractApplicationContext.finishBeanFactoryInitialization(AbstractApplicationContext.java:987) ~[spring-context-6.2.5.jar:6.2.5]
	at org.springframework.context.support.AbstractApplicationContext.refresh(AbstractApplicationContext.java:627) ~[spring-context-6.2.5.jar:6.2.5]
	at org.springframework.boot.SpringApplication.refresh(SpringApplication.java:752) ~[spring-boot-3.4.4.jar:3.4.4]
	at org.springframework.boot.SpringApplication.refreshContext(SpringApplication.java:439) ~[spring-boot-3.4.4.jar:3.4.4]
	at org.springframework.boot.SpringApplication.run(SpringApplication.java:318) ~[spring-boot-3.4.4.jar:3.4.4]
	at org.springframework.boot.test.context.SpringBootContextLoader.lambda$loadContext$3(SpringBootContextLoader.java:144) ~[spring-boot-test-3.4.4.jar:3.4.4]
	at org.springframework.util.function.ThrowingSupplier.get(ThrowingSupplier.java:58) ~[spring-core-6.2.5.jar:6.2.5]
	at org.springframework.util.function.ThrowingSupplier.get(ThrowingSupplier.java:46) ~[spring-core-6.2.5.jar:6.2.5]
	at org.springframework.boot.SpringApplication.withHook(SpringApplication.java:1461) ~[spring-boot-3.4.4.jar:3.4.4]
	at org.springframework.boot.test.context.SpringBootContextLoader$ContextLoaderHook.run(SpringBootContextLoader.java:563) ~[spring-boot-test-3.4.4.jar:3.4.4]
	at org.springframework.boot.test.context.SpringBootContextLoader.loadContext(SpringBootContextLoader.java:144) ~[spring-boot-test-3.4.4.jar:3.4.4]
	at org.springframework.boot.test.context.SpringBootContextLoader.loadContext(SpringBootContextLoader.java:110) ~[spring-boot-test-3.4.4.jar:3.4.4]
	at org.springframework.test.context.cache.DefaultCacheAwareContextLoaderDelegate.loadContextInternal(DefaultCacheAwareContextLoaderDelegate.java:225) ~[spring-test-6.2.5.jar:6.2.5]
	at org.springframework.test.context.cache.DefaultCacheAwareContextLoaderDelegate.loadContext(DefaultCacheAwareContextLoaderDelegate.java:152) ~[spring-test-6.2.5.jar:6.2.5]
	at org.springframework.test.context.support.DefaultTestContext.getApplicationContext(DefaultTestContext.java:130) ~[spring-test-6.2.5.jar:6.2.5]
	at org.springframework.test.context.support.DependencyInjectionTestExecutionListener.injectDependencies(DependencyInjectionTestExecutionListener.java:155) ~[spring-test-6.2.5.jar:6.2.5]
	at org.springframework.test.context.support.DependencyInjectionTestExecutionListener.prepareTestInstance(DependencyInjectionTestExecutionListener.java:111) ~[spring-test-6.2.5.jar:6.2.5]
	at org.springframework.test.context.TestContextManager.prepareTestInstance(TestContextManager.java:260) ~[spring-test-6.2.5.jar:6.2.5]
	at org.springframework.test.context.junit.jupiter.SpringExtension.postProcessTestInstance(SpringExtension.java:160) ~[spring-test-6.2.5.jar:6.2.5]
	at org.junit.jupiter.engine.descriptor.ClassBasedTestDescriptor.lambda$invokeTestInstancePostProcessors$11(ClassBasedTestDescriptor.java:378) ~[junit-jupiter-engine-5.11.4.jar:5.11.4]
	at org.junit.jupiter.engine.descriptor.ClassBasedTestDescriptor.executeAndMaskThrowable(ClassBasedTestDescriptor.java:383) ~[junit-jupiter-engine-5.11.4.jar:5.11.4]
	at org.junit.jupiter.engine.descriptor.ClassBasedTestDescriptor.lambda$invokeTestInstancePostProcessors$12(ClassBasedTestDescriptor.java:378) ~[junit-jupiter-engine-5.11.4.jar:5.11.4]
	at java.base/java.util.stream.ForEachOps$ForEachOp$OfRef.accept(ForEachOps.java:183) ~[na:na]
	at java.base/java.util.stream.ReferencePipeline$3$1.accept(ReferencePipeline.java:197) ~[na:na]
	at java.base/java.util.stream.ReferencePipeline$2$1.accept(ReferencePipeline.java:179) ~[na:na]
	at java.base/java.util.stream.ReferencePipeline$3$1.accept(ReferencePipeline.java:197) ~[na:na]
	at java.base/java.util.ArrayList$ArrayListSpliterator.forEachRemaining(ArrayList.java:1625) ~[na:na]
	at java.base/java.util.stream.AbstractPipeline.copyInto(AbstractPipeline.java:509) ~[na:na]
	at java.base/java.util.stream.AbstractPipeline.wrapAndCopyInto(AbstractPipeline.java:499) ~[na:na]
	at java.base/java.util.stream.ForEachOps$ForEachOp.evaluateSequential(ForEachOps.java:150) ~[na:na]
	at java.base/java.util.stream.ForEachOps$ForEachOp$OfRef.evaluateSequential(ForEachOps.java:173) ~[na:na]
	at java.base/java.util.stream.AbstractPipeline.evaluate(AbstractPipeline.java:234) ~[na:na]
	at java.base/java.util.stream.ReferencePipeline.forEach(ReferencePipeline.java:596) ~[na:na]
	at org.junit.jupiter.engine.descriptor.ClassBasedTestDescriptor.invokeTestInstancePostProcessors(ClassBasedTestDescriptor.java:377) ~[junit-jupiter-engine-5.11.4.jar:5.11.4]
	at org.junit.jupiter.engine.descriptor.ClassBasedTestDescriptor.lambda$instantiateAndPostProcessTestInstance$7(ClassBasedTestDescriptor.java:290) ~[junit-jupiter-engine-5.11.4.jar:5.11.4]
	at org.junit.platform.engine.support.hierarchical.ThrowableCollector.execute(ThrowableCollector.java:73) ~[junit-platform-engine-1.11.4.jar:1.11.4]
	at org.junit.jupiter.engine.descriptor.ClassBasedTestDescriptor.instantiateAndPostProcessTestInstance(ClassBasedTestDescriptor.java:289) ~[junit-jupiter-engine-5.11.4.jar:5.11.4]
	at org.junit.jupiter.engine.descriptor.ClassBasedTestDescriptor.lambda$testInstancesProvider$5(ClassBasedTestDescriptor.java:279) ~[junit-jupiter-engine-5.11.4.jar:5.11.4]
	at java.base/java.util.Optional.orElseGet(Optional.java:364) ~[na:na]
	at org.junit.jupiter.engine.descriptor.ClassBasedTestDescriptor.lambda$testInstancesProvider$6(ClassBasedTestDescriptor.java:278) ~[junit-jupiter-engine-5.11.4.jar:5.11.4]
	at org.junit.jupiter.engine.execution.TestInstancesProvider.getTestInstances(TestInstancesProvider.java:31) ~[junit-jupiter-engine-5.11.4.jar:5.11.4]
	at org.junit.jupiter.engine.descriptor.TestMethodTestDescriptor.lambda$prepare$1(TestMethodTestDescriptor.java:105) ~[junit-jupiter-engine-5.11.4.jar:5.11.4]
	at org.junit.platform.engine.support.hierarchical.ThrowableCollector.execute(ThrowableCollector.java:73) ~[junit-platform-engine-1.11.4.jar:1.11.4]
	at org.junit.jupiter.engine.descriptor.TestMethodTestDescriptor.prepare(TestMethodTestDescriptor.java:104) ~[junit-jupiter-engine-5.11.4.jar:5.11.4]
	at org.junit.jupiter.engine.descriptor.TestMethodTestDescriptor.prepare(TestMethodTestDescriptor.java:68) ~[junit-jupiter-engine-5.11.4.jar:5.11.4]
	at org.junit.platform.engine.support.hierarchical.NodeTestTask.lambda$prepare$2(NodeTestTask.java:128) ~[junit-platform-engine-1.11.4.jar:1.11.4]
	at org.junit.platform.engine.support.hierarchical.ThrowableCollector.execute(ThrowableCollector.java:73) ~[junit-platform-engine-1.11.4.jar:1.11.4]
	at org.junit.platform.engine.support.hierarchical.NodeTestTask.prepare(NodeTestTask.java:128) ~[junit-platform-engine-1.11.4.jar:1.11.4]
	at org.junit.platform.engine.support.hierarchical.NodeTestTask.execute(NodeTestTask.java:95) ~[junit-platform-engine-1.11.4.jar:1.11.4]
	at java.base/java.util.ArrayList.forEach(ArrayList.java:1511) ~[na:na]
	at org.junit.platform.engine.support.hierarchical.SameThreadHierarchicalTestExecutorService.invokeAll(SameThreadHierarchicalTestExecutorService.java:41) ~[junit-platform-engine-1.11.4.jar:1.11.4]
	at org.junit.platform.engine.support.hierarchical.NodeTestTask.lambda$executeRecursively$6(NodeTestTask.java:160) ~[junit-platform-engine-1.11.4.jar:1.11.4]
	at org.junit.platform.engine.support.hierarchical.ThrowableCollector.execute(ThrowableCollector.java:73) ~[junit-platform-engine-1.11.4.jar:1.11.4]
	at org.junit.platform.engine.support.hierarchical.NodeTestTask.lambda$executeRecursively$8(NodeTestTask.java:146) ~[junit-platform-engine-1.11.4.jar:1.11.4]
	at org.junit.platform.engine.support.hierarchical.Node.around(Node.java:137) ~[junit-platform-engine-1.11.4.jar:1.11.4]
	at org.junit.platform.engine.support.hierarchical.NodeTestTask.lambda$executeRecursively$9(NodeTestTask.java:144) ~[junit-platform-engine-1.11.4.jar:1.11.4]
	at org.junit.platform.engine.support.hierarchical.ThrowableCollector.execute(ThrowableCollector.java:73) ~[junit-platform-engine-1.11.4.jar:1.11.4]
	at org.junit.platform.engine.support.hierarchical.NodeTestTask.executeRecursively(NodeTestTask.java:143) ~[junit-platform-engine-1.11.4.jar:1.11.4]
	at org.junit.platform.engine.support.hierarchical.NodeTestTask.execute(NodeTestTask.java:100) ~[junit-platform-engine-1.11.4.jar:1.11.4]
	at java.base/java.util.ArrayList.forEach(ArrayList.java:1511) ~[na:na]
	at org.junit.platform.engine.support.hierarchical.SameThreadHierarchicalTestExecutorService.invokeAll(SameThreadHierarchicalTestExecutorService.java:41) ~[junit-platform-engine-1.11.4.jar:1.11.4]
	at org.junit.platform.engine.support.hierarchical.NodeTestTask.lambda$executeRecursively$6(NodeTestTask.java:160) ~[junit-platform-engine-1.11.4.jar:1.11.4]
	at org.junit.platform.engine.support.hierarchical.ThrowableCollector.execute(ThrowableCollector.java:73) ~[junit-platform-engine-1.11.4.jar:1.11.4]
	at org.junit.platform.engine.support.hierarchical.NodeTestTask.lambda$executeRecursively$8(NodeTestTask.java:146) ~[junit-platform-engine-1.11.4.jar:1.11.4]
	at org.junit.platform.engine.support.hierarchical.Node.around(Node.java:137) ~[junit-platform-engine-1.11.4.jar:1.11.4]
	at org.junit.platform.engine.support.hierarchical.NodeTestTask.lambda$executeRecursively$9(NodeTestTask.java:144) ~[junit-platform-engine-1.11.4.jar:1.11.4]
	at org.junit.platform.engine.support.hierarchical.ThrowableCollector.execute(ThrowableCollector.java:73) ~[junit-platform-engine-1.11.4.jar:1.11.4]
	at org.junit.platform.engine.support.hierarchical.NodeTestTask.executeRecursively(NodeTestTask.java:143) ~[junit-platform-engine-1.11.4.jar:1.11.4]
	at org.junit.platform.engine.support.hierarchical.NodeTestTask.execute(NodeTestTask.java:100) ~[junit-platform-engine-1.11.4.jar:1.11.4]
	at org.junit.platform.engine.support.hierarchical.SameThreadHierarchicalTestExecutorService.submit(SameThreadHierarchicalTestExecutorService.java:35) ~[junit-platform-engine-1.11.4.jar:1.11.4]
	at org.junit.platform.engine.support.hierarchical.HierarchicalTestExecutor.execute(HierarchicalTestExecutor.java:57) ~[junit-platform-engine-1.11.4.jar:1.11.4]
	at org.junit.platform.engine.support.hierarchical.HierarchicalTestEngine.execute(HierarchicalTestEngine.java:54) ~[junit-platform-engine-1.11.4.jar:1.11.4]
	at org.junit.platform.launcher.core.EngineExecutionOrchestrator.execute(EngineExecutionOrchestrator.java:198) ~[junit-platform-launcher-1.11.4.jar:1.11.4]
	at org.junit.platform.launcher.core.EngineExecutionOrchestrator.execute(EngineExecutionOrchestrator.java:169) ~[junit-platform-launcher-1.11.4.jar:1.11.4]
	at org.junit.platform.launcher.core.EngineExecutionOrchestrator.execute(EngineExecutionOrchestrator.java:93) ~[junit-platform-launcher-1.11.4.jar:1.11.4]
	at org.junit.platform.launcher.core.EngineExecutionOrchestrator.lambda$execute$0(EngineExecutionOrchestrator.java:58) ~[junit-platform-launcher-1.11.4.jar:1.11.4]
	at org.junit.platform.launcher.core.EngineExecutionOrchestrator.withInterceptedStreams(EngineExecutionOrchestrator.java:141) ~[junit-platform-launcher-1.11.4.jar:1.11.4]
	at org.junit.platform.launcher.core.EngineExecutionOrchestrator.execute(EngineExecutionOrchestrator.java:57) ~[junit-platform-launcher-1.11.4.jar:1.11.4]
	at org.junit.platform.launcher.core.DefaultLauncher.execute(DefaultLauncher.java:103) ~[junit-platform-launcher-1.11.4.jar:1.11.4]
	at org.junit.platform.launcher.core.DefaultLauncher.execute(DefaultLauncher.java:85) ~[junit-platform-launcher-1.11.4.jar:1.11.4]
	at org.junit.platform.launcher.core.DelegatingLauncher.execute(DelegatingLauncher.java:47) ~[junit-platform-launcher-1.11.4.jar:1.11.4]
	at org.gradle.api.internal.tasks.testing.junitplatform.JUnitPlatformTestClassProcessor$CollectAllTestClassesExecutor.processAllTestClasses(JUnitPlatformTestClassProcessor.java:124) ~[na:na]
	at org.gradle.api.internal.tasks.testing.junitplatform.JUnitPlatformTestClassProcessor$CollectAllTestClassesExecutor.access$000(JUnitPlatformTestClassProcessor.java:99) ~[na:na]
	at org.gradle.api.internal.tasks.testing.junitplatform.JUnitPlatformTestClassProcessor.stop(JUnitPlatformTestClassProcessor.java:94) ~[na:na]
	at org.gradle.api.internal.tasks.testing.SuiteTestClassProcessor.stop(SuiteTestClassProcessor.java:63) ~[na:na]
	at java.base/jdk.internal.reflect.NativeMethodAccessorImpl.invoke0(Native Method) ~[na:na]
	at java.base/jdk.internal.reflect.NativeMethodAccessorImpl.invoke(NativeMethodAccessorImpl.java:77) ~[na:na]
	at java.base/jdk.internal.reflect.DelegatingMethodAccessorImpl.invoke(DelegatingMethodAccessorImpl.java:43) ~[na:na]
	at java.base/java.lang.reflect.Method.invoke(Method.java:568) ~[na:na]
	at org.gradle.internal.dispatch.ReflectionDispatch.dispatch(ReflectionDispatch.java:36) ~[na:na]
	at org.gradle.internal.dispatch.ReflectionDispatch.dispatch(ReflectionDispatch.java:24) ~[na:na]
	at org.gradle.internal.dispatch.ContextClassLoaderDispatch.dispatch(ContextClassLoaderDispatch.java:33) ~[na:na]
	at org.gradle.internal.dispatch.ProxyDispatchAdapter$DispatchingInvocationHandler.invoke(ProxyDispatchAdapter.java:92) ~[na:na]
	at jdk.proxy1/jdk.proxy1.$Proxy4.stop(Unknown Source) ~[na:na]
	at org.gradle.api.internal.tasks.testing.worker.TestWorker$3.run(TestWorker.java:200) ~[na:na]
	at org.gradle.api.internal.tasks.testing.worker.TestWorker.executeAndMaintainThreadName(TestWorker.java:132) ~[na:na]
	at org.gradle.api.internal.tasks.testing.worker.TestWorker.execute(TestWorker.java:103) ~[na:na]
	at org.gradle.api.internal.tasks.testing.worker.TestWorker.execute(TestWorker.java:63) ~[na:na]
	at org.gradle.process.internal.worker.child.ActionExecutionWorker.execute(ActionExecutionWorker.java:56) ~[na:na]
	at org.gradle.process.internal.worker.child.SystemApplicationClassLoaderWorker.call(SystemApplicationClassLoaderWorker.java:121) ~[na:na]
	at org.gradle.process.internal.worker.child.SystemApplicationClassLoaderWorker.call(SystemApplicationClassLoaderWorker.java:71) ~[na:na]
	at worker.org.gradle.process.internal.worker.GradleWorkerMain.run(GradleWorkerMain.java:69) ~[gradle-worker.jar:na]
	at worker.org.gradle.process.internal.worker.GradleWorkerMain.main(GradleWorkerMain.java:74) ~[gradle-worker.jar:na]
Caused by: java.lang.ClassNotFoundException: jakarta.el.ExpressionFactory
	... 130 common frames omitted

2025-04-26T22:20:19.187+02:00 TRACE 13448 --- [api-gateway] [    Test worker] o.s.b.f.s.DefaultListableBeanFactory     : Invoking afterPropertiesSet() on bean with name 'defaultValidator'
2025-04-26T22:20:19.189+02:00 DEBUG 13448 --- [api-gateway] [    Test worker] o.h.v.i.e.AbstractConfigurationImpl      : Setting custom MessageInterpolator of type org.springframework.validation.beanvalidation.LocaleContextMessageInterpolator
2025-04-26T22:20:19.189+02:00 DEBUG 13448 --- [api-gateway] [    Test worker] o.h.v.i.e.AbstractConfigurationImpl      : Setting custom ConstraintValidatorFactory of type org.springframework.validation.beanvalidation.SpringConstraintValidatorFactory
2025-04-26T22:20:19.191+02:00 DEBUG 13448 --- [api-gateway] [    Test worker] o.h.v.i.xml.config.ValidationXmlParser   : Trying to load META-INF/validation.xml for XML based Validator configuration.
2025-04-26T22:20:19.191+02:00 DEBUG 13448 --- [api-gateway] [    Test worker] o.h.v.i.xml.config.ResourceLoaderHelper  : Trying to load META-INF/validation.xml via user class loader
2025-04-26T22:20:19.191+02:00 DEBUG 13448 --- [api-gateway] [    Test worker] o.h.v.i.xml.config.ResourceLoaderHelper  : Trying to load META-INF/validation.xml via TCCL
2025-04-26T22:20:19.192+02:00 DEBUG 13448 --- [api-gateway] [    Test worker] o.h.v.i.xml.config.ResourceLoaderHelper  : Trying to load META-INF/validation.xml via Hibernate Validator's class loader
2025-04-26T22:20:19.192+02:00 DEBUG 13448 --- [api-gateway] [    Test worker] o.h.v.i.xml.config.ValidationXmlParser   : No META-INF/validation.xml found. Using annotation based configuration only.
2025-04-26T22:20:19.193+02:00 DEBUG 13448 --- [api-gateway] [    Test worker] o.h.v.i.e.resolver.TraversableResolvers  : Cannot find jakarta.persistence.Persistence on classpath. Assuming non JPA 2 environment. All properties will per default be traversable.
2025-04-26T22:20:19.307+02:00 DEBUG 13448 --- [api-gateway] [    Test worker] .i.e.ValidatorFactoryConfigurationHelper : HV000252: Using org.hibernate.validator.internal.engine.DefaultPropertyNodeNameProvider as property node name provider.
2025-04-26T22:20:19.317+02:00 DEBUG 13448 --- [api-gateway] [    Test worker] .i.e.ValidatorFactoryConfigurationHelper : HV000234: Using org.springframework.validation.beanvalidation.LocaleContextMessageInterpolator as ValidatorFactory-scoped message interpolator.
2025-04-26T22:20:19.317+02:00 DEBUG 13448 --- [api-gateway] [    Test worker] .i.e.ValidatorFactoryConfigurationHelper : HV000234: Using org.hibernate.validator.internal.engine.resolver.TraverseAllTraversableResolver as ValidatorFactory-scoped traversable resolver.
2025-04-26T22:20:19.317+02:00 DEBUG 13448 --- [api-gateway] [    Test worker] .i.e.ValidatorFactoryConfigurationHelper : HV000234: Using org.hibernate.validator.internal.util.ExecutableParameterNameProvider as ValidatorFactory-scoped parameter name provider.
2025-04-26T22:20:19.317+02:00 DEBUG 13448 --- [api-gateway] [    Test worker] .i.e.ValidatorFactoryConfigurationHelper : HV000234: Using org.hibernate.validator.internal.engine.DefaultClockProvider as ValidatorFactory-scoped clock provider.
2025-04-26T22:20:19.317+02:00 DEBUG 13448 --- [api-gateway] [    Test worker] .i.e.ValidatorFactoryConfigurationHelper : HV000234: Using org.hibernate.validator.internal.engine.scripting.DefaultScriptEvaluatorFactory as ValidatorFactory-scoped script evaluator factory.
2025-04-26T22:20:19.341+02:00 TRACE 13448 --- [api-gateway] [    Test worker] o.s.b.f.s.DefaultListableBeanFactory     : Returning cached instance of singleton bean 'preFilterAuthorizationAdvisor'
2025-04-26T22:20:19.341+02:00 TRACE 13448 --- [api-gateway] [    Test worker] o.s.b.f.s.DefaultListableBeanFactory     : Returning cached instance of singleton bean 'preAuthorizeAuthorizationAdvisor'
2025-04-26T22:20:19.341+02:00 TRACE 13448 --- [api-gateway] [    Test worker] o.s.b.f.s.DefaultListableBeanFactory     : Returning cached instance of singleton bean 'postFilterAuthorizationAdvisor'
2025-04-26T22:20:19.341+02:00 TRACE 13448 --- [api-gateway] [    Test worker] o.s.b.f.s.DefaultListableBeanFactory     : Returning cached instance of singleton bean 'postAuthorizeAuthorizationAdvisor'
2025-04-26T22:20:19.341+02:00 TRACE 13448 --- [api-gateway] [    Test worker] o.s.b.f.s.DefaultListableBeanFactory     : Returning cached instance of singleton bean 'jsr250AuthorizationAdvisor'
2025-04-26T22:20:19.341+02:00 TRACE 13448 --- [api-gateway] [    Test worker] o.s.b.f.s.DefaultListableBeanFactory     : Returning cached instance of singleton bean 'authorizeReturnObjectAdvisor'
2025-04-26T22:20:19.343+02:00 TRACE 13448 --- [api-gateway] [    Test worker] o.s.b.f.s.DefaultListableBeanFactory     : Finished creating instance of bean 'defaultValidator'
2025-04-26T22:20:19.344+02:00 TRACE 13448 --- [api-gateway] [    Test worker] o.s.b.f.s.DefaultListableBeanFactory     : Returning cached instance of singleton bean 'methodValidationPostProcessor'
2025-04-26T22:20:19.344+02:00 DEBUG 13448 --- [api-gateway] [    Test worker] o.s.b.f.s.DefaultListableBeanFactory     : Creating shared instance of singleton bean 'org.springframework.boot.autoconfigure.web.reactive.ReactiveMultipartAutoConfiguration'
2025-04-26T22:20:19.344+02:00 TRACE 13448 --- [api-gateway] [    Test worker] o.s.b.f.s.DefaultListableBeanFactory     : Creating instance of bean 'org.springframework.boot.autoconfigure.web.reactive.ReactiveMultipartAutoConfiguration'
2025-04-26T22:20:19.344+02:00 TRACE 13448 --- [api-gateway] [    Test worker] o.s.b.f.s.DefaultListableBeanFactory     : Returning cached instance of singleton bean 'preFilterAuthorizationAdvisor'
2025-04-26T22:20:19.344+02:00 TRACE 13448 --- [api-gateway] [    Test worker] o.s.b.f.s.DefaultListableBeanFactory     : Returning cached instance of singleton bean 'preAuthorizeAuthorizationAdvisor'
2025-04-26T22:20:19.344+02:00 TRACE 13448 --- [api-gateway] [    Test worker] o.s.b.f.s.DefaultListableBeanFactory     : Returning cached instance of singleton bean 'postFilterAuthorizationAdvisor'
2025-04-26T22:20:19.344+02:00 TRACE 13448 --- [api-gateway] [    Test worker] o.s.b.f.s.DefaultListableBeanFactory     : Returning cached instance of singleton bean 'postAuthorizeAuthorizationAdvisor'
2025-04-26T22:20:19.344+02:00 TRACE 13448 --- [api-gateway] [    Test worker] o.s.b.f.s.DefaultListableBeanFactory     : Returning cached instance of singleton bean 'jsr250AuthorizationAdvisor'
2025-04-26T22:20:19.344+02:00 TRACE 13448 --- [api-gateway] [    Test worker] o.s.b.f.s.DefaultListableBeanFactory     : Returning cached instance of singleton bean 'authorizeReturnObjectAdvisor'
2025-04-26T22:20:19.344+02:00 TRACE 13448 --- [api-gateway] [    Test worker] o.s.b.f.s.DefaultListableBeanFactory     : Finished creating instance of bean 'org.springframework.boot.autoconfigure.web.reactive.ReactiveMultipartAutoConfiguration'
2025-04-26T22:20:19.344+02:00 DEBUG 13448 --- [api-gateway] [    Test worker] o.s.b.f.s.DefaultListableBeanFactory     : Creating shared instance of singleton bean 'defaultPartHttpMessageReaderCustomizer'
2025-04-26T22:20:19.344+02:00 TRACE 13448 --- [api-gateway] [    Test worker] o.s.b.f.s.DefaultListableBeanFactory     : Creating instance of bean 'defaultPartHttpMessageReaderCustomizer'
2025-04-26T22:20:19.345+02:00 TRACE 13448 --- [api-gateway] [    Test worker] o.s.b.f.s.DefaultListableBeanFactory     : Returning cached instance of singleton bean 'org.springframework.boot.autoconfigure.web.reactive.ReactiveMultipartAutoConfiguration'
2025-04-26T22:20:19.345+02:00 DEBUG 13448 --- [api-gateway] [    Test worker] o.s.b.f.s.DefaultListableBeanFactory     : Creating shared instance of singleton bean 'spring.webflux.multipart-org.springframework.boot.autoconfigure.web.reactive.ReactiveMultipartProperties'
2025-04-26T22:20:19.345+02:00 TRACE 13448 --- [api-gateway] [    Test worker] o.s.b.f.s.DefaultListableBeanFactory     : Creating instance of bean 'spring.webflux.multipart-org.springframework.boot.autoconfigure.web.reactive.ReactiveMultipartProperties'
2025-04-26T22:20:19.345+02:00 TRACE 13448 --- [api-gateway] [    Test worker] o.s.b.f.s.DefaultListableBeanFactory     : Returning cached instance of singleton bean 'org.springframework.boot.context.properties.BoundConfigurationProperties'
2025-04-26T22:20:19.347+02:00 TRACE 13448 --- [api-gateway] [    Test worker] o.s.b.f.s.DefaultListableBeanFactory     : Returning cached instance of singleton bean 'preFilterAuthorizationAdvisor'
2025-04-26T22:20:19.347+02:00 TRACE 13448 --- [api-gateway] [    Test worker] o.s.b.f.s.DefaultListableBeanFactory     : Returning cached instance of singleton bean 'preAuthorizeAuthorizationAdvisor'
2025-04-26T22:20:19.347+02:00 TRACE 13448 --- [api-gateway] [    Test worker] o.s.b.f.s.DefaultListableBeanFactory     : Returning cached instance of singleton bean 'postFilterAuthorizationAdvisor'
2025-04-26T22:20:19.347+02:00 TRACE 13448 --- [api-gateway] [    Test worker] o.s.b.f.s.DefaultListableBeanFactory     : Returning cached instance of singleton bean 'postAuthorizeAuthorizationAdvisor'
2025-04-26T22:20:19.347+02:00 TRACE 13448 --- [api-gateway] [    Test worker] o.s.b.f.s.DefaultListableBeanFactory     : Returning cached instance of singleton bean 'jsr250AuthorizationAdvisor'
2025-04-26T22:20:19.347+02:00 TRACE 13448 --- [api-gateway] [    Test worker] o.s.b.f.s.DefaultListableBeanFactory     : Returning cached instance of singleton bean 'authorizeReturnObjectAdvisor'
2025-04-26T22:20:19.347+02:00 TRACE 13448 --- [api-gateway] [    Test worker] o.s.b.f.s.DefaultListableBeanFactory     : Finished creating instance of bean 'spring.webflux.multipart-org.springframework.boot.autoconfigure.web.reactive.ReactiveMultipartProperties'
2025-04-26T22:20:19.347+02:00 DEBUG 13448 --- [api-gateway] [    Test worker] o.s.b.f.s.DefaultListableBeanFactory     : Autowiring by type from bean name 'defaultPartHttpMessageReaderCustomizer' via factory method to bean named 'spring.webflux.multipart-org.springframework.boot.autoconfigure.web.reactive.ReactiveMultipartProperties'
2025-04-26T22:20:19.348+02:00 TRACE 13448 --- [api-gateway] [    Test worker] o.s.b.f.s.DefaultListableBeanFactory     : Returning cached instance of singleton bean 'preFilterAuthorizationAdvisor'
2025-04-26T22:20:19.348+02:00 TRACE 13448 --- [api-gateway] [    Test worker] o.s.b.f.s.DefaultListableBeanFactory     : Returning cached instance of singleton bean 'preAuthorizeAuthorizationAdvisor'
2025-04-26T22:20:19.348+02:00 TRACE 13448 --- [api-gateway] [    Test worker] o.s.b.f.s.DefaultListableBeanFactory     : Returning cached instance of singleton bean 'postFilterAuthorizationAdvisor'
2025-04-26T22:20:19.348+02:00 TRACE 13448 --- [api-gateway] [    Test worker] o.s.b.f.s.DefaultListableBeanFactory     : Returning cached instance of singleton bean 'postAuthorizeAuthorizationAdvisor'
2025-04-26T22:20:19.348+02:00 TRACE 13448 --- [api-gateway] [    Test worker] o.s.b.f.s.DefaultListableBeanFactory     : Returning cached instance of singleton bean 'jsr250AuthorizationAdvisor'
2025-04-26T22:20:19.348+02:00 TRACE 13448 --- [api-gateway] [    Test worker] o.s.b.f.s.DefaultListableBeanFactory     : Returning cached instance of singleton bean 'authorizeReturnObjectAdvisor'
2025-04-26T22:20:19.349+02:00 TRACE 13448 --- [api-gateway] [    Test worker] o.s.b.f.s.DefaultListableBeanFactory     : Finished creating instance of bean 'defaultPartHttpMessageReaderCustomizer'
2025-04-26T22:20:19.349+02:00 TRACE 13448 --- [api-gateway] [    Test worker] o.s.b.f.s.DefaultListableBeanFactory     : Returning cached instance of singleton bean 'spring.webflux.multipart-org.springframework.boot.autoconfigure.web.reactive.ReactiveMultipartProperties'
2025-04-26T22:20:19.349+02:00 DEBUG 13448 --- [api-gateway] [    Test worker] o.s.b.f.s.DefaultListableBeanFactory     : Creating shared instance of singleton bean 'org.springframework.boot.autoconfigure.web.reactive.WebSessionIdResolverAutoConfiguration'
2025-04-26T22:20:19.349+02:00 TRACE 13448 --- [api-gateway] [    Test worker] o.s.b.f.s.DefaultListableBeanFactory     : Creating instance of bean 'org.springframework.boot.autoconfigure.web.reactive.WebSessionIdResolverAutoConfiguration'
2025-04-26T22:20:19.349+02:00 TRACE 13448 --- [api-gateway] [    Test worker] o.s.b.f.s.DefaultListableBeanFactory     : Returning cached instance of singleton bean 'server-org.springframework.boot.autoconfigure.web.ServerProperties'
2025-04-26T22:20:19.349+02:00 TRACE 13448 --- [api-gateway] [    Test worker] o.s.b.f.s.DefaultListableBeanFactory     : Returning cached instance of singleton bean 'spring.webflux-org.springframework.boot.autoconfigure.web.reactive.WebFluxProperties'
2025-04-26T22:20:19.349+02:00 DEBUG 13448 --- [api-gateway] [    Test worker] o.s.b.f.s.DefaultListableBeanFactory     : Autowiring by type from bean name 'org.springframework.boot.autoconfigure.web.reactive.WebSessionIdResolverAutoConfiguration' via constructor to bean named 'server-org.springframework.boot.autoconfigure.web.ServerProperties'
2025-04-26T22:20:19.349+02:00 DEBUG 13448 --- [api-gateway] [    Test worker] o.s.b.f.s.DefaultListableBeanFactory     : Autowiring by type from bean name 'org.springframework.boot.autoconfigure.web.reactive.WebSessionIdResolverAutoConfiguration' via constructor to bean named 'spring.webflux-org.springframework.boot.autoconfigure.web.reactive.WebFluxProperties'
2025-04-26T22:20:19.349+02:00 TRACE 13448 --- [api-gateway] [    Test worker] o.s.b.f.s.DefaultListableBeanFactory     : Returning cached instance of singleton bean 'preFilterAuthorizationAdvisor'
2025-04-26T22:20:19.349+02:00 TRACE 13448 --- [api-gateway] [    Test worker] o.s.b.f.s.DefaultListableBeanFactory     : Returning cached instance of singleton bean 'preAuthorizeAuthorizationAdvisor'
2025-04-26T22:20:19.349+02:00 TRACE 13448 --- [api-gateway] [    Test worker] o.s.b.f.s.DefaultListableBeanFactory     : Returning cached instance of singleton bean 'postFilterAuthorizationAdvisor'
2025-04-26T22:20:19.349+02:00 TRACE 13448 --- [api-gateway] [    Test worker] o.s.b.f.s.DefaultListableBeanFactory     : Returning cached instance of singleton bean 'postAuthorizeAuthorizationAdvisor'
2025-04-26T22:20:19.349+02:00 TRACE 13448 --- [api-gateway] [    Test worker] o.s.b.f.s.DefaultListableBeanFactory     : Returning cached instance of singleton bean 'jsr250AuthorizationAdvisor'
2025-04-26T22:20:19.349+02:00 TRACE 13448 --- [api-gateway] [    Test worker] o.s.b.f.s.DefaultListableBeanFactory     : Returning cached instance of singleton bean 'authorizeReturnObjectAdvisor'
2025-04-26T22:20:19.349+02:00 TRACE 13448 --- [api-gateway] [    Test worker] o.s.b.f.s.DefaultListableBeanFactory     : Finished creating instance of bean 'org.springframework.boot.autoconfigure.web.reactive.WebSessionIdResolverAutoConfiguration'
2025-04-26T22:20:19.350+02:00 DEBUG 13448 --- [api-gateway] [    Test worker] o.s.b.f.s.DefaultListableBeanFactory     : Creating shared instance of singleton bean 'webSessionIdResolver'
2025-04-26T22:20:19.350+02:00 TRACE 13448 --- [api-gateway] [    Test worker] o.s.b.f.s.DefaultListableBeanFactory     : Creating instance of bean 'webSessionIdResolver'
2025-04-26T22:20:19.350+02:00 TRACE 13448 --- [api-gateway] [    Test worker] o.s.b.f.s.DefaultListableBeanFactory     : Returning cached instance of singleton bean 'org.springframework.boot.autoconfigure.web.reactive.WebSessionIdResolverAutoConfiguration'
2025-04-26T22:20:19.352+02:00 TRACE 13448 --- [api-gateway] [    Test worker] o.s.b.f.s.DefaultListableBeanFactory     : Returning cached instance of singleton bean 'preFilterAuthorizationAdvisor'
2025-04-26T22:20:19.352+02:00 TRACE 13448 --- [api-gateway] [    Test worker] o.s.b.f.s.DefaultListableBeanFactory     : Returning cached instance of singleton bean 'preAuthorizeAuthorizationAdvisor'
2025-04-26T22:20:19.352+02:00 TRACE 13448 --- [api-gateway] [    Test worker] o.s.b.f.s.DefaultListableBeanFactory     : Returning cached instance of singleton bean 'postFilterAuthorizationAdvisor'
2025-04-26T22:20:19.352+02:00 TRACE 13448 --- [api-gateway] [    Test worker] o.s.b.f.s.DefaultListableBeanFactory     : Returning cached instance of singleton bean 'postAuthorizeAuthorizationAdvisor'
2025-04-26T22:20:19.352+02:00 TRACE 13448 --- [api-gateway] [    Test worker] o.s.b.f.s.DefaultListableBeanFactory     : Returning cached instance of singleton bean 'jsr250AuthorizationAdvisor'
2025-04-26T22:20:19.352+02:00 TRACE 13448 --- [api-gateway] [    Test worker] o.s.b.f.s.DefaultListableBeanFactory     : Returning cached instance of singleton bean 'authorizeReturnObjectAdvisor'
2025-04-26T22:20:19.352+02:00 TRACE 13448 --- [api-gateway] [    Test worker] o.s.b.f.s.DefaultListableBeanFactory     : Finished creating instance of bean 'webSessionIdResolver'
2025-04-26T22:20:19.352+02:00 TRACE 13448 --- [api-gateway] [    Test worker] o.s.b.f.s.DefaultListableBeanFactory     : Returning cached instance of singleton bean 'spring.webflux-org.springframework.boot.autoconfigure.web.reactive.WebFluxProperties'
2025-04-26T22:20:19.352+02:00 DEBUG 13448 --- [api-gateway] [    Test worker] o.s.b.f.s.DefaultListableBeanFactory     : Creating shared instance of singleton bean 'org.springframework.boot.autoconfigure.web.reactive.error.ErrorWebFluxAutoConfiguration'
2025-04-26T22:20:19.352+02:00 TRACE 13448 --- [api-gateway] [    Test worker] o.s.b.f.s.DefaultListableBeanFactory     : Creating instance of bean 'org.springframework.boot.autoconfigure.web.reactive.error.ErrorWebFluxAutoConfiguration'
2025-04-26T22:20:19.352+02:00 TRACE 13448 --- [api-gateway] [    Test worker] o.s.b.f.s.DefaultListableBeanFactory     : Returning cached instance of singleton bean 'server-org.springframework.boot.autoconfigure.web.ServerProperties'
2025-04-26T22:20:19.352+02:00 DEBUG 13448 --- [api-gateway] [    Test worker] o.s.b.f.s.DefaultListableBeanFactory     : Autowiring by type from bean name 'org.springframework.boot.autoconfigure.web.reactive.error.ErrorWebFluxAutoConfiguration' via constructor to bean named 'server-org.springframework.boot.autoconfigure.web.ServerProperties'
2025-04-26T22:20:19.353+02:00 TRACE 13448 --- [api-gateway] [    Test worker] o.s.b.f.s.DefaultListableBeanFactory     : Returning cached instance of singleton bean 'preFilterAuthorizationAdvisor'
2025-04-26T22:20:19.353+02:00 TRACE 13448 --- [api-gateway] [    Test worker] o.s.b.f.s.DefaultListableBeanFactory     : Returning cached instance of singleton bean 'preAuthorizeAuthorizationAdvisor'
2025-04-26T22:20:19.353+02:00 TRACE 13448 --- [api-gateway] [    Test worker] o.s.b.f.s.DefaultListableBeanFactory     : Returning cached instance of singleton bean 'postFilterAuthorizationAdvisor'
2025-04-26T22:20:19.353+02:00 TRACE 13448 --- [api-gateway] [    Test worker] o.s.b.f.s.DefaultListableBeanFactory     : Returning cached instance of singleton bean 'postAuthorizeAuthorizationAdvisor'
2025-04-26T22:20:19.353+02:00 TRACE 13448 --- [api-gateway] [    Test worker] o.s.b.f.s.DefaultListableBeanFactory     : Returning cached instance of singleton bean 'jsr250AuthorizationAdvisor'
2025-04-26T22:20:19.353+02:00 TRACE 13448 --- [api-gateway] [    Test worker] o.s.b.f.s.DefaultListableBeanFactory     : Returning cached instance of singleton bean 'authorizeReturnObjectAdvisor'
2025-04-26T22:20:19.353+02:00 TRACE 13448 --- [api-gateway] [    Test worker] o.s.b.f.s.DefaultListableBeanFactory     : Finished creating instance of bean 'org.springframework.boot.autoconfigure.web.reactive.error.ErrorWebFluxAutoConfiguration'
2025-04-26T22:20:19.353+02:00 DEBUG 13448 --- [api-gateway] [    Test worker] o.s.b.f.s.DefaultListableBeanFactory     : Creating shared instance of singleton bean 'errorWebExceptionHandler'
2025-04-26T22:20:19.353+02:00 TRACE 13448 --- [api-gateway] [    Test worker] o.s.b.f.s.DefaultListableBeanFactory     : Creating instance of bean 'errorWebExceptionHandler'
2025-04-26T22:20:19.353+02:00 TRACE 13448 --- [api-gateway] [    Test worker] o.s.b.f.s.DefaultListableBeanFactory     : Returning cached instance of singleton bean 'org.springframework.boot.autoconfigure.web.reactive.error.ErrorWebFluxAutoConfiguration'
2025-04-26T22:20:19.353+02:00 DEBUG 13448 --- [api-gateway] [    Test worker] o.s.b.f.s.DefaultListableBeanFactory     : Creating shared instance of singleton bean 'errorAttributes'
2025-04-26T22:20:19.353+02:00 TRACE 13448 --- [api-gateway] [    Test worker] o.s.b.f.s.DefaultListableBeanFactory     : Creating instance of bean 'errorAttributes'
2025-04-26T22:20:19.353+02:00 TRACE 13448 --- [api-gateway] [    Test worker] o.s.b.f.s.DefaultListableBeanFactory     : Returning cached instance of singleton bean 'org.springframework.boot.autoconfigure.web.reactive.error.ErrorWebFluxAutoConfiguration'
2025-04-26T22:20:19.355+02:00 TRACE 13448 --- [api-gateway] [    Test worker] o.s.b.f.s.DefaultListableBeanFactory     : Returning cached instance of singleton bean 'preFilterAuthorizationAdvisor'
2025-04-26T22:20:19.355+02:00 TRACE 13448 --- [api-gateway] [    Test worker] o.s.b.f.s.DefaultListableBeanFactory     : Returning cached instance of singleton bean 'preAuthorizeAuthorizationAdvisor'
2025-04-26T22:20:19.355+02:00 TRACE 13448 --- [api-gateway] [    Test worker] o.s.b.f.s.DefaultListableBeanFactory     : Returning cached instance of singleton bean 'postFilterAuthorizationAdvisor'
2025-04-26T22:20:19.355+02:00 TRACE 13448 --- [api-gateway] [    Test worker] o.s.b.f.s.DefaultListableBeanFactory     : Returning cached instance of singleton bean 'postAuthorizeAuthorizationAdvisor'
2025-04-26T22:20:19.355+02:00 TRACE 13448 --- [api-gateway] [    Test worker] o.s.b.f.s.DefaultListableBeanFactory     : Returning cached instance of singleton bean 'jsr250AuthorizationAdvisor'
2025-04-26T22:20:19.355+02:00 TRACE 13448 --- [api-gateway] [    Test worker] o.s.b.f.s.DefaultListableBeanFactory     : Returning cached instance of singleton bean 'authorizeReturnObjectAdvisor'
2025-04-26T22:20:19.356+02:00 TRACE 13448 --- [api-gateway] [    Test worker] o.s.b.f.s.DefaultListableBeanFactory     : Finished creating instance of bean 'errorAttributes'
2025-04-26T22:20:19.356+02:00 TRACE 13448 --- [api-gateway] [    Test worker] o.s.b.f.s.DefaultListableBeanFactory     : Returning cached instance of singleton bean 'spring.web-org.springframework.boot.autoconfigure.web.WebProperties'
2025-04-26T22:20:19.356+02:00 DEBUG 13448 --- [api-gateway] [    Test worker] o.s.b.f.s.DefaultListableBeanFactory     : Creating shared instance of singleton bean 'serverCodecConfigurer'
2025-04-26T22:20:19.356+02:00 TRACE 13448 --- [api-gateway] [    Test worker] o.s.b.f.s.DefaultListableBeanFactory     : Creating instance of bean 'serverCodecConfigurer'
2025-04-26T22:20:19.356+02:00 TRACE 13448 --- [api-gateway] [    Test worker] o.s.b.f.s.DefaultListableBeanFactory     : Returning cached instance of singleton bean 'org.springframework.boot.autoconfigure.web.reactive.WebFluxAutoConfiguration$EnableWebFluxConfiguration'
2025-04-26T22:20:19.411+02:00 TRACE 13448 --- [api-gateway] [    Test worker] o.s.b.f.s.DefaultListableBeanFactory     : Returning cached instance of singleton bean 'defaultCodecCustomizer'
2025-04-26T22:20:19.411+02:00 TRACE 13448 --- [api-gateway] [    Test worker] o.s.b.f.s.DefaultListableBeanFactory     : Returning cached instance of singleton bean 'jacksonCodecCustomizer'
2025-04-26T22:20:19.411+02:00 TRACE 13448 --- [api-gateway] [    Test worker] o.s.b.f.s.DefaultListableBeanFactory     : Returning cached instance of singleton bean 'defaultPartHttpMessageReaderCustomizer'
2025-04-26T22:20:19.412+02:00 TRACE 13448 --- [api-gateway] [    Test worker] o.s.b.f.s.DefaultListableBeanFactory     : Returning cached instance of singleton bean 'defaultCodecCustomizer'
2025-04-26T22:20:19.412+02:00 TRACE 13448 --- [api-gateway] [    Test worker] o.s.b.f.s.DefaultListableBeanFactory     : Returning cached instance of singleton bean 'jacksonCodecCustomizer'
2025-04-26T22:20:19.412+02:00 TRACE 13448 --- [api-gateway] [    Test worker] o.s.b.f.s.DefaultListableBeanFactory     : Returning cached instance of singleton bean 'defaultPartHttpMessageReaderCustomizer'
2025-04-26T22:20:19.420+02:00 TRACE 13448 --- [api-gateway] [    Test worker] o.s.b.f.s.DefaultListableBeanFactory     : Returning cached instance of singleton bean 'preFilterAuthorizationAdvisor'
2025-04-26T22:20:19.420+02:00 TRACE 13448 --- [api-gateway] [    Test worker] o.s.b.f.s.DefaultListableBeanFactory     : Returning cached instance of singleton bean 'preAuthorizeAuthorizationAdvisor'
2025-04-26T22:20:19.420+02:00 TRACE 13448 --- [api-gateway] [    Test worker] o.s.b.f.s.DefaultListableBeanFactory     : Returning cached instance of singleton bean 'postFilterAuthorizationAdvisor'
2025-04-26T22:20:19.420+02:00 TRACE 13448 --- [api-gateway] [    Test worker] o.s.b.f.s.DefaultListableBeanFactory     : Returning cached instance of singleton bean 'postAuthorizeAuthorizationAdvisor'
2025-04-26T22:20:19.420+02:00 TRACE 13448 --- [api-gateway] [    Test worker] o.s.b.f.s.DefaultListableBeanFactory     : Returning cached instance of singleton bean 'jsr250AuthorizationAdvisor'
2025-04-26T22:20:19.420+02:00 TRACE 13448 --- [api-gateway] [    Test worker] o.s.b.f.s.DefaultListableBeanFactory     : Returning cached instance of singleton bean 'authorizeReturnObjectAdvisor'
2025-04-26T22:20:19.421+02:00 TRACE 13448 --- [api-gateway] [    Test worker] o.s.b.f.s.DefaultListableBeanFactory     : Finished creating instance of bean 'serverCodecConfigurer'
2025-04-26T22:20:19.421+02:00 DEBUG 13448 --- [api-gateway] [    Test worker] o.s.b.f.s.DefaultListableBeanFactory     : Autowiring by type from bean name 'errorWebExceptionHandler' via factory method to bean named 'errorAttributes'
2025-04-26T22:20:19.421+02:00 DEBUG 13448 --- [api-gateway] [    Test worker] o.s.b.f.s.DefaultListableBeanFactory     : Autowiring by type from bean name 'errorWebExceptionHandler' via factory method to bean named 'spring.web-org.springframework.boot.autoconfigure.web.WebProperties'
2025-04-26T22:20:19.421+02:00 DEBUG 13448 --- [api-gateway] [    Test worker] o.s.b.f.s.DefaultListableBeanFactory     : Autowiring by type from bean name 'errorWebExceptionHandler' via factory method to bean named 'serverCodecConfigurer'
2025-04-26T22:20:19.421+02:00 DEBUG 13448 --- [api-gateway] [    Test worker] o.s.b.f.s.DefaultListableBeanFactory     : Autowiring by type from bean name 'errorWebExceptionHandler' via factory method to bean named 'org.springframework.boot.web.reactive.context.GenericReactiveWebApplicationContext@79d743e6'
2025-04-26T22:20:19.425+02:00 TRACE 13448 --- [api-gateway] [    Test worker] o.s.c.io.support.SpringFactoriesLoader   : Loaded [org.springframework.boot.autoconfigure.template.TemplateAvailabilityProvider] names: [org.springframework.boot.autoconfigure.freemarker.FreeMarkerTemplateAvailabilityProvider, org.springframework.boot.autoconfigure.groovy.template.GroovyTemplateAvailabilityProvider, org.springframework.boot.autoconfigure.mustache.MustacheTemplateAvailabilityProvider, org.springframework.boot.autoconfigure.thymeleaf.ThymeleafTemplateAvailabilityProvider, org.springframework.boot.autoconfigure.web.servlet.JspTemplateAvailabilityProvider]
2025-04-26T22:20:19.433+02:00 TRACE 13448 --- [api-gateway] [    Test worker] o.s.b.f.s.DefaultListableBeanFactory     : Invoking afterPropertiesSet() on bean with name 'errorWebExceptionHandler'
2025-04-26T22:20:19.433+02:00 TRACE 13448 --- [api-gateway] [    Test worker] o.s.b.f.s.DefaultListableBeanFactory     : Returning cached instance of singleton bean 'preFilterAuthorizationAdvisor'
2025-04-26T22:20:19.433+02:00 TRACE 13448 --- [api-gateway] [    Test worker] o.s.b.f.s.DefaultListableBeanFactory     : Returning cached instance of singleton bean 'preAuthorizeAuthorizationAdvisor'
2025-04-26T22:20:19.433+02:00 TRACE 13448 --- [api-gateway] [    Test worker] o.s.b.f.s.DefaultListableBeanFactory     : Returning cached instance of singleton bean 'postFilterAuthorizationAdvisor'
2025-04-26T22:20:19.433+02:00 TRACE 13448 --- [api-gateway] [    Test worker] o.s.b.f.s.DefaultListableBeanFactory     : Returning cached instance of singleton bean 'postAuthorizeAuthorizationAdvisor'
2025-04-26T22:20:19.433+02:00 TRACE 13448 --- [api-gateway] [    Test worker] o.s.b.f.s.DefaultListableBeanFactory     : Returning cached instance of singleton bean 'jsr250AuthorizationAdvisor'
2025-04-26T22:20:19.433+02:00 TRACE 13448 --- [api-gateway] [    Test worker] o.s.b.f.s.DefaultListableBeanFactory     : Returning cached instance of singleton bean 'authorizeReturnObjectAdvisor'
2025-04-26T22:20:19.434+02:00 TRACE 13448 --- [api-gateway] [    Test worker] o.s.b.f.s.DefaultListableBeanFactory     : Finished creating instance of bean 'errorWebExceptionHandler'
2025-04-26T22:20:19.434+02:00 TRACE 13448 --- [api-gateway] [    Test worker] o.s.b.f.s.DefaultListableBeanFactory     : Returning cached instance of singleton bean 'errorAttributes'
2025-04-26T22:20:19.434+02:00 TRACE 13448 --- [api-gateway] [    Test worker] o.s.b.f.s.DefaultListableBeanFactory     : Returning cached instance of singleton bean 'spring.web-org.springframework.boot.autoconfigure.web.WebProperties'
2025-04-26T22:20:19.434+02:00 DEBUG 13448 --- [api-gateway] [    Test worker] o.s.b.f.s.DefaultListableBeanFactory     : Creating shared instance of singleton bean 'org.springframework.cloud.gateway.config.GatewayClassPathWarningAutoConfiguration'
2025-04-26T22:20:19.434+02:00 TRACE 13448 --- [api-gateway] [    Test worker] o.s.b.f.s.DefaultListableBeanFactory     : Creating instance of bean 'org.springframework.cloud.gateway.config.GatewayClassPathWarningAutoConfiguration'
2025-04-26T22:20:19.434+02:00 TRACE 13448 --- [api-gateway] [    Test worker] o.s.b.f.s.DefaultListableBeanFactory     : Returning cached instance of singleton bean 'preFilterAuthorizationAdvisor'
2025-04-26T22:20:19.434+02:00 TRACE 13448 --- [api-gateway] [    Test worker] o.s.b.f.s.DefaultListableBeanFactory     : Returning cached instance of singleton bean 'preAuthorizeAuthorizationAdvisor'
2025-04-26T22:20:19.434+02:00 TRACE 13448 --- [api-gateway] [    Test worker] o.s.b.f.s.DefaultListableBeanFactory     : Returning cached instance of singleton bean 'postFilterAuthorizationAdvisor'
2025-04-26T22:20:19.434+02:00 TRACE 13448 --- [api-gateway] [    Test worker] o.s.b.f.s.DefaultListableBeanFactory     : Returning cached instance of singleton bean 'postAuthorizeAuthorizationAdvisor'
2025-04-26T22:20:19.434+02:00 TRACE 13448 --- [api-gateway] [    Test worker] o.s.b.f.s.DefaultListableBeanFactory     : Returning cached instance of singleton bean 'jsr250AuthorizationAdvisor'
2025-04-26T22:20:19.435+02:00 TRACE 13448 --- [api-gateway] [    Test worker] o.s.b.f.s.DefaultListableBeanFactory     : Returning cached instance of singleton bean 'authorizeReturnObjectAdvisor'
2025-04-26T22:20:19.435+02:00 TRACE 13448 --- [api-gateway] [    Test worker] o.s.b.f.s.DefaultListableBeanFactory     : Finished creating instance of bean 'org.springframework.cloud.gateway.config.GatewayClassPathWarningAutoConfiguration'
2025-04-26T22:20:19.435+02:00 DEBUG 13448 --- [api-gateway] [    Test worker] o.s.b.f.s.DefaultListableBeanFactory     : Creating shared instance of singleton bean 'org.springframework.cloud.loadbalancer.config.LoadBalancerAutoConfiguration'
2025-04-26T22:20:19.435+02:00 TRACE 13448 --- [api-gateway] [    Test worker] o.s.b.f.s.DefaultListableBeanFactory     : Creating instance of bean 'org.springframework.cloud.loadbalancer.config.LoadBalancerAutoConfiguration'
2025-04-26T22:20:19.435+02:00 TRACE 13448 --- [api-gateway] [    Test worker] o.s.b.f.s.DefaultListableBeanFactory     : Returning cached instance of singleton bean 'preFilterAuthorizationAdvisor'
2025-04-26T22:20:19.435+02:00 TRACE 13448 --- [api-gateway] [    Test worker] o.s.b.f.s.DefaultListableBeanFactory     : Returning cached instance of singleton bean 'preAuthorizeAuthorizationAdvisor'
2025-04-26T22:20:19.435+02:00 TRACE 13448 --- [api-gateway] [    Test worker] o.s.b.f.s.DefaultListableBeanFactory     : Returning cached instance of singleton bean 'postFilterAuthorizationAdvisor'
2025-04-26T22:20:19.435+02:00 TRACE 13448 --- [api-gateway] [    Test worker] o.s.b.f.s.DefaultListableBeanFactory     : Returning cached instance of singleton bean 'postAuthorizeAuthorizationAdvisor'
2025-04-26T22:20:19.435+02:00 TRACE 13448 --- [api-gateway] [    Test worker] o.s.b.f.s.DefaultListableBeanFactory     : Returning cached instance of singleton bean 'jsr250AuthorizationAdvisor'
2025-04-26T22:20:19.435+02:00 TRACE 13448 --- [api-gateway] [    Test worker] o.s.b.f.s.DefaultListableBeanFactory     : Returning cached instance of singleton bean 'authorizeReturnObjectAdvisor'
2025-04-26T22:20:19.436+02:00 TRACE 13448 --- [api-gateway] [    Test worker] o.s.b.f.s.DefaultListableBeanFactory     : Finished creating instance of bean 'org.springframework.cloud.loadbalancer.config.LoadBalancerAutoConfiguration'
2025-04-26T22:20:19.436+02:00 DEBUG 13448 --- [api-gateway] [    Test worker] o.s.b.f.s.DefaultListableBeanFactory     : Creating shared instance of singleton bean 'zoneConfig'
2025-04-26T22:20:19.436+02:00 TRACE 13448 --- [api-gateway] [    Test worker] o.s.b.f.s.DefaultListableBeanFactory     : Creating instance of bean 'zoneConfig'
2025-04-26T22:20:19.436+02:00 TRACE 13448 --- [api-gateway] [    Test worker] o.s.b.f.s.DefaultListableBeanFactory     : Returning cached instance of singleton bean 'org.springframework.cloud.loadbalancer.config.LoadBalancerAutoConfiguration'
2025-04-26T22:20:19.436+02:00 TRACE 13448 --- [api-gateway] [    Test worker] o.s.b.f.s.DefaultListableBeanFactory     : Returning cached instance of singleton bean 'environment'
2025-04-26T22:20:19.436+02:00 DEBUG 13448 --- [api-gateway] [    Test worker] o.s.b.f.s.DefaultListableBeanFactory     : Autowiring by type from bean name 'zoneConfig' via factory method to bean named 'environment'
2025-04-26T22:20:19.437+02:00 TRACE 13448 --- [api-gateway] [    Test worker] o.s.b.f.s.DefaultListableBeanFactory     : Returning cached instance of singleton bean 'preFilterAuthorizationAdvisor'
2025-04-26T22:20:19.437+02:00 TRACE 13448 --- [api-gateway] [    Test worker] o.s.b.f.s.DefaultListableBeanFactory     : Returning cached instance of singleton bean 'preAuthorizeAuthorizationAdvisor'
2025-04-26T22:20:19.437+02:00 TRACE 13448 --- [api-gateway] [    Test worker] o.s.b.f.s.DefaultListableBeanFactory     : Returning cached instance of singleton bean 'postFilterAuthorizationAdvisor'
2025-04-26T22:20:19.437+02:00 TRACE 13448 --- [api-gateway] [    Test worker] o.s.b.f.s.DefaultListableBeanFactory     : Returning cached instance of singleton bean 'postAuthorizeAuthorizationAdvisor'
2025-04-26T22:20:19.437+02:00 TRACE 13448 --- [api-gateway] [    Test worker] o.s.b.f.s.DefaultListableBeanFactory     : Returning cached instance of singleton bean 'jsr250AuthorizationAdvisor'
2025-04-26T22:20:19.437+02:00 TRACE 13448 --- [api-gateway] [    Test worker] o.s.b.f.s.DefaultListableBeanFactory     : Returning cached instance of singleton bean 'authorizeReturnObjectAdvisor'
2025-04-26T22:20:19.437+02:00 TRACE 13448 --- [api-gateway] [    Test worker] o.s.b.f.s.DefaultListableBeanFactory     : Finished creating instance of bean 'zoneConfig'
2025-04-26T22:20:19.437+02:00 DEBUG 13448 --- [api-gateway] [    Test worker] o.s.b.f.s.DefaultListableBeanFactory     : Creating shared instance of singleton bean 'loadBalancerClientFactory'
2025-04-26T22:20:19.437+02:00 TRACE 13448 --- [api-gateway] [    Test worker] o.s.b.f.s.DefaultListableBeanFactory     : Creating instance of bean 'loadBalancerClientFactory'
2025-04-26T22:20:19.437+02:00 TRACE 13448 --- [api-gateway] [    Test worker] o.s.b.f.s.DefaultListableBeanFactory     : Returning cached instance of singleton bean 'org.springframework.cloud.loadbalancer.config.LoadBalancerAutoConfiguration'
2025-04-26T22:20:19.438+02:00 DEBUG 13448 --- [api-gateway] [    Test worker] o.s.b.f.s.DefaultListableBeanFactory     : Creating shared instance of singleton bean 'spring.cloud.loadbalancer-org.springframework.cloud.client.loadbalancer.LoadBalancerClientsProperties'
2025-04-26T22:20:19.438+02:00 TRACE 13448 --- [api-gateway] [    Test worker] o.s.b.f.s.DefaultListableBeanFactory     : Creating instance of bean 'spring.cloud.loadbalancer-org.springframework.cloud.client.loadbalancer.LoadBalancerClientsProperties'
2025-04-26T22:20:19.443+02:00 TRACE 13448 --- [api-gateway] [    Test worker] o.s.b.f.s.DefaultListableBeanFactory     : Returning cached instance of singleton bean 'org.springframework.boot.context.properties.BoundConfigurationProperties'
2025-04-26T22:20:19.445+02:00 TRACE 13448 --- [api-gateway] [    Test worker] o.s.b.f.s.DefaultListableBeanFactory     : Returning cached instance of singleton bean 'preFilterAuthorizationAdvisor'
2025-04-26T22:20:19.445+02:00 TRACE 13448 --- [api-gateway] [    Test worker] o.s.b.f.s.DefaultListableBeanFactory     : Returning cached instance of singleton bean 'preAuthorizeAuthorizationAdvisor'
2025-04-26T22:20:19.445+02:00 TRACE 13448 --- [api-gateway] [    Test worker] o.s.b.f.s.DefaultListableBeanFactory     : Returning cached instance of singleton bean 'postFilterAuthorizationAdvisor'
2025-04-26T22:20:19.445+02:00 TRACE 13448 --- [api-gateway] [    Test worker] o.s.b.f.s.DefaultListableBeanFactory     : Returning cached instance of singleton bean 'postAuthorizeAuthorizationAdvisor'
2025-04-26T22:20:19.445+02:00 TRACE 13448 --- [api-gateway] [    Test worker] o.s.b.f.s.DefaultListableBeanFactory     : Returning cached instance of singleton bean 'jsr250AuthorizationAdvisor'
2025-04-26T22:20:19.445+02:00 TRACE 13448 --- [api-gateway] [    Test worker] o.s.b.f.s.DefaultListableBeanFactory     : Returning cached instance of singleton bean 'authorizeReturnObjectAdvisor'
2025-04-26T22:20:19.446+02:00 TRACE 13448 --- [api-gateway] [    Test worker] o.s.b.f.s.DefaultListableBeanFactory     : Finished creating instance of bean 'spring.cloud.loadbalancer-org.springframework.cloud.client.loadbalancer.LoadBalancerClientsProperties'
2025-04-26T22:20:19.446+02:00 DEBUG 13448 --- [api-gateway] [    Test worker] o.s.b.f.s.DefaultListableBeanFactory     : Autowiring by type from bean name 'loadBalancerClientFactory' via factory method to bean named 'spring.cloud.loadbalancer-org.springframework.cloud.client.loadbalancer.LoadBalancerClientsProperties'
2025-04-26T22:20:19.448+02:00 DEBUG 13448 --- [api-gateway] [    Test worker] o.s.b.f.s.DefaultListableBeanFactory     : Creating shared instance of singleton bean 'default.org.springframework.cloud.loadbalancer.config.LoadBalancerAutoConfiguration.LoadBalancerClientSpecification'
2025-04-26T22:20:19.448+02:00 TRACE 13448 --- [api-gateway] [    Test worker] o.s.b.f.s.DefaultListableBeanFactory     : Creating instance of bean 'default.org.springframework.cloud.loadbalancer.config.LoadBalancerAutoConfiguration.LoadBalancerClientSpecification'
2025-04-26T22:20:19.449+02:00 TRACE 13448 --- [api-gateway] [    Test worker] o.s.b.f.s.DefaultListableBeanFactory     : Returning cached instance of singleton bean 'preFilterAuthorizationAdvisor'
2025-04-26T22:20:19.449+02:00 TRACE 13448 --- [api-gateway] [    Test worker] o.s.b.f.s.DefaultListableBeanFactory     : Returning cached instance of singleton bean 'preAuthorizeAuthorizationAdvisor'
2025-04-26T22:20:19.449+02:00 TRACE 13448 --- [api-gateway] [    Test worker] o.s.b.f.s.DefaultListableBeanFactory     : Returning cached instance of singleton bean 'postFilterAuthorizationAdvisor'
2025-04-26T22:20:19.449+02:00 TRACE 13448 --- [api-gateway] [    Test worker] o.s.b.f.s.DefaultListableBeanFactory     : Returning cached instance of singleton bean 'postAuthorizeAuthorizationAdvisor'
2025-04-26T22:20:19.449+02:00 TRACE 13448 --- [api-gateway] [    Test worker] o.s.b.f.s.DefaultListableBeanFactory     : Returning cached instance of singleton bean 'jsr250AuthorizationAdvisor'
2025-04-26T22:20:19.449+02:00 TRACE 13448 --- [api-gateway] [    Test worker] o.s.b.f.s.DefaultListableBeanFactory     : Returning cached instance of singleton bean 'authorizeReturnObjectAdvisor'
2025-04-26T22:20:19.450+02:00 TRACE 13448 --- [api-gateway] [    Test worker] o.s.b.f.s.DefaultListableBeanFactory     : Finished creating instance of bean 'default.org.springframework.cloud.loadbalancer.config.LoadBalancerAutoConfiguration.LoadBalancerClientSpecification'
2025-04-26T22:20:19.450+02:00 DEBUG 13448 --- [api-gateway] [    Test worker] o.s.b.f.s.DefaultListableBeanFactory     : Creating shared instance of singleton bean 'default.org.springframework.cloud.loadbalancer.config.BlockingLoadBalancerClientAutoConfiguration.LoadBalancerClientSpecification'
2025-04-26T22:20:19.450+02:00 TRACE 13448 --- [api-gateway] [    Test worker] o.s.b.f.s.DefaultListableBeanFactory     : Creating instance of bean 'default.org.springframework.cloud.loadbalancer.config.BlockingLoadBalancerClientAutoConfiguration.LoadBalancerClientSpecification'
2025-04-26T22:20:19.450+02:00 TRACE 13448 --- [api-gateway] [    Test worker] o.s.b.f.s.DefaultListableBeanFactory     : Returning cached instance of singleton bean 'preFilterAuthorizationAdvisor'
2025-04-26T22:20:19.450+02:00 TRACE 13448 --- [api-gateway] [    Test worker] o.s.b.f.s.DefaultListableBeanFactory     : Returning cached instance of singleton bean 'preAuthorizeAuthorizationAdvisor'
2025-04-26T22:20:19.450+02:00 TRACE 13448 --- [api-gateway] [    Test worker] o.s.b.f.s.DefaultListableBeanFactory     : Returning cached instance of singleton bean 'postFilterAuthorizationAdvisor'
2025-04-26T22:20:19.450+02:00 TRACE 13448 --- [api-gateway] [    Test worker] o.s.b.f.s.DefaultListableBeanFactory     : Returning cached instance of singleton bean 'postAuthorizeAuthorizationAdvisor'
2025-04-26T22:20:19.450+02:00 TRACE 13448 --- [api-gateway] [    Test worker] o.s.b.f.s.DefaultListableBeanFactory     : Returning cached instance of singleton bean 'jsr250AuthorizationAdvisor'
2025-04-26T22:20:19.450+02:00 TRACE 13448 --- [api-gateway] [    Test worker] o.s.b.f.s.DefaultListableBeanFactory     : Returning cached instance of singleton bean 'authorizeReturnObjectAdvisor'
2025-04-26T22:20:19.450+02:00 TRACE 13448 --- [api-gateway] [    Test worker] o.s.b.f.s.DefaultListableBeanFactory     : Finished creating instance of bean 'default.org.springframework.cloud.loadbalancer.config.BlockingLoadBalancerClientAutoConfiguration.LoadBalancerClientSpecification'
2025-04-26T22:20:19.451+02:00 DEBUG 13448 --- [api-gateway] [    Test worker] o.s.b.f.s.DefaultListableBeanFactory     : Creating shared instance of singleton bean 'default.org.springframework.cloud.netflix.eureka.loadbalancer.LoadBalancerEurekaAutoConfiguration.LoadBalancerClientSpecification'
2025-04-26T22:20:19.451+02:00 TRACE 13448 --- [api-gateway] [    Test worker] o.s.b.f.s.DefaultListableBeanFactory     : Creating instance of bean 'default.org.springframework.cloud.netflix.eureka.loadbalancer.LoadBalancerEurekaAutoConfiguration.LoadBalancerClientSpecification'
2025-04-26T22:20:19.451+02:00 TRACE 13448 --- [api-gateway] [    Test worker] o.s.b.f.s.DefaultListableBeanFactory     : Returning cached instance of singleton bean 'preFilterAuthorizationAdvisor'
2025-04-26T22:20:19.451+02:00 TRACE 13448 --- [api-gateway] [    Test worker] o.s.b.f.s.DefaultListableBeanFactory     : Returning cached instance of singleton bean 'preAuthorizeAuthorizationAdvisor'
2025-04-26T22:20:19.451+02:00 TRACE 13448 --- [api-gateway] [    Test worker] o.s.b.f.s.DefaultListableBeanFactory     : Returning cached instance of singleton bean 'postFilterAuthorizationAdvisor'
2025-04-26T22:20:19.451+02:00 TRACE 13448 --- [api-gateway] [    Test worker] o.s.b.f.s.DefaultListableBeanFactory     : Returning cached instance of singleton bean 'postAuthorizeAuthorizationAdvisor'
2025-04-26T22:20:19.451+02:00 TRACE 13448 --- [api-gateway] [    Test worker] o.s.b.f.s.DefaultListableBeanFactory     : Returning cached instance of singleton bean 'jsr250AuthorizationAdvisor'
2025-04-26T22:20:19.451+02:00 TRACE 13448 --- [api-gateway] [    Test worker] o.s.b.f.s.DefaultListableBeanFactory     : Returning cached instance of singleton bean 'authorizeReturnObjectAdvisor'
2025-04-26T22:20:19.451+02:00 TRACE 13448 --- [api-gateway] [    Test worker] o.s.b.f.s.DefaultListableBeanFactory     : Finished creating instance of bean 'default.org.springframework.cloud.netflix.eureka.loadbalancer.LoadBalancerEurekaAutoConfiguration.LoadBalancerClientSpecification'
2025-04-26T22:20:19.452+02:00 TRACE 13448 --- [api-gateway] [    Test worker] o.s.b.f.s.DefaultListableBeanFactory     : Returning cached instance of singleton bean 'preFilterAuthorizationAdvisor'
2025-04-26T22:20:19.452+02:00 TRACE 13448 --- [api-gateway] [    Test worker] o.s.b.f.s.DefaultListableBeanFactory     : Returning cached instance of singleton bean 'preAuthorizeAuthorizationAdvisor'
2025-04-26T22:20:19.452+02:00 TRACE 13448 --- [api-gateway] [    Test worker] o.s.b.f.s.DefaultListableBeanFactory     : Returning cached instance of singleton bean 'postFilterAuthorizationAdvisor'
2025-04-26T22:20:19.452+02:00 TRACE 13448 --- [api-gateway] [    Test worker] o.s.b.f.s.DefaultListableBeanFactory     : Returning cached instance of singleton bean 'postAuthorizeAuthorizationAdvisor'
2025-04-26T22:20:19.452+02:00 TRACE 13448 --- [api-gateway] [    Test worker] o.s.b.f.s.DefaultListableBeanFactory     : Returning cached instance of singleton bean 'jsr250AuthorizationAdvisor'
2025-04-26T22:20:19.452+02:00 TRACE 13448 --- [api-gateway] [    Test worker] o.s.b.f.s.DefaultListableBeanFactory     : Returning cached instance of singleton bean 'authorizeReturnObjectAdvisor'
2025-04-26T22:20:19.453+02:00 TRACE 13448 --- [api-gateway] [    Test worker] o.s.b.f.s.DefaultListableBeanFactory     : Finished creating instance of bean 'loadBalancerClientFactory'
2025-04-26T22:20:19.453+02:00 DEBUG 13448 --- [api-gateway] [    Test worker] o.s.b.f.s.DefaultListableBeanFactory     : Creating shared instance of singleton bean 'loadBalancerEagerContextInitializer'
2025-04-26T22:20:19.453+02:00 TRACE 13448 --- [api-gateway] [    Test worker] o.s.b.f.s.DefaultListableBeanFactory     : Creating instance of bean 'loadBalancerEagerContextInitializer'
2025-04-26T22:20:19.453+02:00 TRACE 13448 --- [api-gateway] [    Test worker] o.s.b.f.s.DefaultListableBeanFactory     : Returning cached instance of singleton bean 'org.springframework.cloud.loadbalancer.config.LoadBalancerAutoConfiguration'
2025-04-26T22:20:19.453+02:00 TRACE 13448 --- [api-gateway] [    Test worker] o.s.b.f.s.DefaultListableBeanFactory     : Returning cached instance of singleton bean 'loadBalancerClientFactory'
2025-04-26T22:20:19.454+02:00 DEBUG 13448 --- [api-gateway] [    Test worker] o.s.b.f.s.DefaultListableBeanFactory     : Creating shared instance of singleton bean 'spring.cloud.loadbalancer.eager-load-org.springframework.cloud.client.loadbalancer.LoadBalancerEagerLoadProperties'
2025-04-26T22:20:19.454+02:00 TRACE 13448 --- [api-gateway] [    Test worker] o.s.b.f.s.DefaultListableBeanFactory     : Creating instance of bean 'spring.cloud.loadbalancer.eager-load-org.springframework.cloud.client.loadbalancer.LoadBalancerEagerLoadProperties'
2025-04-26T22:20:19.454+02:00 TRACE 13448 --- [api-gateway] [    Test worker] o.s.b.f.s.DefaultListableBeanFactory     : Returning cached instance of singleton bean 'org.springframework.boot.context.properties.BoundConfigurationProperties'
2025-04-26T22:20:19.455+02:00 TRACE 13448 --- [api-gateway] [    Test worker] o.s.b.f.s.DefaultListableBeanFactory     : Returning cached instance of singleton bean 'preFilterAuthorizationAdvisor'
2025-04-26T22:20:19.455+02:00 TRACE 13448 --- [api-gateway] [    Test worker] o.s.b.f.s.DefaultListableBeanFactory     : Returning cached instance of singleton bean 'preAuthorizeAuthorizationAdvisor'
2025-04-26T22:20:19.455+02:00 TRACE 13448 --- [api-gateway] [    Test worker] o.s.b.f.s.DefaultListableBeanFactory     : Returning cached instance of singleton bean 'postFilterAuthorizationAdvisor'
2025-04-26T22:20:19.455+02:00 TRACE 13448 --- [api-gateway] [    Test worker] o.s.b.f.s.DefaultListableBeanFactory     : Returning cached instance of singleton bean 'postAuthorizeAuthorizationAdvisor'
2025-04-26T22:20:19.455+02:00 TRACE 13448 --- [api-gateway] [    Test worker] o.s.b.f.s.DefaultListableBeanFactory     : Returning cached instance of singleton bean 'jsr250AuthorizationAdvisor'
2025-04-26T22:20:19.455+02:00 TRACE 13448 --- [api-gateway] [    Test worker] o.s.b.f.s.DefaultListableBeanFactory     : Returning cached instance of singleton bean 'authorizeReturnObjectAdvisor'
2025-04-26T22:20:19.455+02:00 TRACE 13448 --- [api-gateway] [    Test worker] o.s.b.f.s.DefaultListableBeanFactory     : Finished creating instance of bean 'spring.cloud.loadbalancer.eager-load-org.springframework.cloud.client.loadbalancer.LoadBalancerEagerLoadProperties'
2025-04-26T22:20:19.455+02:00 DEBUG 13448 --- [api-gateway] [    Test worker] o.s.b.f.s.DefaultListableBeanFactory     : Autowiring by type from bean name 'loadBalancerEagerContextInitializer' via factory method to bean named 'loadBalancerClientFactory'
2025-04-26T22:20:19.455+02:00 DEBUG 13448 --- [api-gateway] [    Test worker] o.s.b.f.s.DefaultListableBeanFactory     : Autowiring by type from bean name 'loadBalancerEagerContextInitializer' via factory method to bean named 'spring.cloud.loadbalancer.eager-load-org.springframework.cloud.client.loadbalancer.LoadBalancerEagerLoadProperties'
2025-04-26T22:20:19.456+02:00 TRACE 13448 --- [api-gateway] [    Test worker] o.s.b.f.s.DefaultListableBeanFactory     : Returning cached instance of singleton bean 'preFilterAuthorizationAdvisor'
2025-04-26T22:20:19.456+02:00 TRACE 13448 --- [api-gateway] [    Test worker] o.s.b.f.s.DefaultListableBeanFactory     : Returning cached instance of singleton bean 'preAuthorizeAuthorizationAdvisor'
2025-04-26T22:20:19.456+02:00 TRACE 13448 --- [api-gateway] [    Test worker] o.s.b.f.s.DefaultListableBeanFactory     : Returning cached instance of singleton bean 'postFilterAuthorizationAdvisor'
2025-04-26T22:20:19.456+02:00 TRACE 13448 --- [api-gateway] [    Test worker] o.s.b.f.s.DefaultListableBeanFactory     : Returning cached instance of singleton bean 'postAuthorizeAuthorizationAdvisor'
2025-04-26T22:20:19.456+02:00 TRACE 13448 --- [api-gateway] [    Test worker] o.s.b.f.s.DefaultListableBeanFactory     : Returning cached instance of singleton bean 'jsr250AuthorizationAdvisor'
2025-04-26T22:20:19.456+02:00 TRACE 13448 --- [api-gateway] [    Test worker] o.s.b.f.s.DefaultListableBeanFactory     : Returning cached instance of singleton bean 'authorizeReturnObjectAdvisor'
2025-04-26T22:20:19.457+02:00 TRACE 13448 --- [api-gateway] [    Test worker] o.s.b.f.s.DefaultListableBeanFactory     : Finished creating instance of bean 'loadBalancerEagerContextInitializer'
2025-04-26T22:20:19.457+02:00 DEBUG 13448 --- [api-gateway] [    Test worker] o.s.b.f.s.DefaultListableBeanFactory     : Creating shared instance of singleton bean 'loadBalancerChildContextInitializer'
2025-04-26T22:20:19.457+02:00 TRACE 13448 --- [api-gateway] [    Test worker] o.s.b.f.s.DefaultListableBeanFactory     : Creating instance of bean 'loadBalancerChildContextInitializer'
2025-04-26T22:20:19.457+02:00 TRACE 13448 --- [api-gateway] [    Test worker] o.s.b.f.s.DefaultListableBeanFactory     : Returning cached instance of singleton bean 'loadBalancerClientFactory'
2025-04-26T22:20:19.457+02:00 DEBUG 13448 --- [api-gateway] [    Test worker] o.s.b.f.s.DefaultListableBeanFactory     : Autowiring by type from bean name 'loadBalancerChildContextInitializer' via factory method to bean named 'loadBalancerClientFactory'
2025-04-26T22:20:19.457+02:00 DEBUG 13448 --- [api-gateway] [    Test worker] o.s.b.f.s.DefaultListableBeanFactory     : Autowiring by type from bean name 'loadBalancerChildContextInitializer' via factory method to bean named 'org.springframework.boot.web.reactive.context.GenericReactiveWebApplicationContext@79d743e6'
2025-04-26T22:20:19.457+02:00 TRACE 13448 --- [api-gateway] [    Test worker] o.s.b.f.s.DefaultListableBeanFactory     : Returning cached instance of singleton bean 'preFilterAuthorizationAdvisor'
2025-04-26T22:20:19.457+02:00 TRACE 13448 --- [api-gateway] [    Test worker] o.s.b.f.s.DefaultListableBeanFactory     : Returning cached instance of singleton bean 'preAuthorizeAuthorizationAdvisor'
2025-04-26T22:20:19.457+02:00 TRACE 13448 --- [api-gateway] [    Test worker] o.s.b.f.s.DefaultListableBeanFactory     : Returning cached instance of singleton bean 'postFilterAuthorizationAdvisor'
2025-04-26T22:20:19.457+02:00 TRACE 13448 --- [api-gateway] [    Test worker] o.s.b.f.s.DefaultListableBeanFactory     : Returning cached instance of singleton bean 'postAuthorizeAuthorizationAdvisor'
2025-04-26T22:20:19.457+02:00 TRACE 13448 --- [api-gateway] [    Test worker] o.s.b.f.s.DefaultListableBeanFactory     : Returning cached instance of singleton bean 'jsr250AuthorizationAdvisor'
2025-04-26T22:20:19.457+02:00 TRACE 13448 --- [api-gateway] [    Test worker] o.s.b.f.s.DefaultListableBeanFactory     : Returning cached instance of singleton bean 'authorizeReturnObjectAdvisor'
2025-04-26T22:20:19.458+02:00 TRACE 13448 --- [api-gateway] [    Test worker] o.s.b.f.s.DefaultListableBeanFactory     : Finished creating instance of bean 'loadBalancerChildContextInitializer'
2025-04-26T22:20:19.458+02:00 TRACE 13448 --- [api-gateway] [    Test worker] o.s.b.f.s.DefaultListableBeanFactory     : Returning cached instance of singleton bean 'default.org.springframework.cloud.loadbalancer.config.LoadBalancerAutoConfiguration.LoadBalancerClientSpecification'
2025-04-26T22:20:19.458+02:00 TRACE 13448 --- [api-gateway] [    Test worker] o.s.b.f.s.DefaultListableBeanFactory     : Returning cached instance of singleton bean 'spring.cloud.loadbalancer.eager-load-org.springframework.cloud.client.loadbalancer.LoadBalancerEagerLoadProperties'
2025-04-26T22:20:19.458+02:00 TRACE 13448 --- [api-gateway] [    Test worker] o.s.b.f.s.DefaultListableBeanFactory     : Returning cached instance of singleton bean 'spring.cloud.loadbalancer-org.springframework.cloud.client.loadbalancer.LoadBalancerClientsProperties'
2025-04-26T22:20:19.458+02:00 DEBUG 13448 --- [api-gateway] [    Test worker] o.s.b.f.s.DefaultListableBeanFactory     : Creating shared instance of singleton bean 'org.springframework.cloud.gateway.config.GatewayReactiveLoadBalancerClientAutoConfiguration'
2025-04-26T22:20:19.458+02:00 TRACE 13448 --- [api-gateway] [    Test worker] o.s.b.f.s.DefaultListableBeanFactory     : Creating instance of bean 'org.springframework.cloud.gateway.config.GatewayReactiveLoadBalancerClientAutoConfiguration'
2025-04-26T22:20:19.458+02:00 TRACE 13448 --- [api-gateway] [    Test worker] o.s.b.f.s.DefaultListableBeanFactory     : Returning cached instance of singleton bean 'preFilterAuthorizationAdvisor'
2025-04-26T22:20:19.458+02:00 TRACE 13448 --- [api-gateway] [    Test worker] o.s.b.f.s.DefaultListableBeanFactory     : Returning cached instance of singleton bean 'preAuthorizeAuthorizationAdvisor'
2025-04-26T22:20:19.458+02:00 TRACE 13448 --- [api-gateway] [    Test worker] o.s.b.f.s.DefaultListableBeanFactory     : Returning cached instance of singleton bean 'postFilterAuthorizationAdvisor'
2025-04-26T22:20:19.458+02:00 TRACE 13448 --- [api-gateway] [    Test worker] o.s.b.f.s.DefaultListableBeanFactory     : Returning cached instance of singleton bean 'postAuthorizeAuthorizationAdvisor'
2025-04-26T22:20:19.458+02:00 TRACE 13448 --- [api-gateway] [    Test worker] o.s.b.f.s.DefaultListableBeanFactory     : Returning cached instance of singleton bean 'jsr250AuthorizationAdvisor'
2025-04-26T22:20:19.458+02:00 TRACE 13448 --- [api-gateway] [    Test worker] o.s.b.f.s.DefaultListableBeanFactory     : Returning cached instance of singleton bean 'authorizeReturnObjectAdvisor'
2025-04-26T22:20:19.459+02:00 TRACE 13448 --- [api-gateway] [    Test worker] o.s.b.f.s.DefaultListableBeanFactory     : Finished creating instance of bean 'org.springframework.cloud.gateway.config.GatewayReactiveLoadBalancerClientAutoConfiguration'
2025-04-26T22:20:19.459+02:00 DEBUG 13448 --- [api-gateway] [    Test worker] o.s.b.f.s.DefaultListableBeanFactory     : Creating shared instance of singleton bean 'gatewayLoadBalancerClientFilter'
2025-04-26T22:20:19.459+02:00 TRACE 13448 --- [api-gateway] [    Test worker] o.s.b.f.s.DefaultListableBeanFactory     : Creating instance of bean 'gatewayLoadBalancerClientFilter'
2025-04-26T22:20:19.459+02:00 TRACE 13448 --- [api-gateway] [    Test worker] o.s.b.f.s.DefaultListableBeanFactory     : Returning cached instance of singleton bean 'org.springframework.cloud.gateway.config.GatewayReactiveLoadBalancerClientAutoConfiguration'
2025-04-26T22:20:19.460+02:00 TRACE 13448 --- [api-gateway] [    Test worker] o.s.b.f.s.DefaultListableBeanFactory     : Returning cached instance of singleton bean 'loadBalancerClientFactory'
2025-04-26T22:20:19.460+02:00 DEBUG 13448 --- [api-gateway] [    Test worker] o.s.b.f.s.DefaultListableBeanFactory     : Creating shared instance of singleton bean 'spring.cloud.gateway.loadbalancer-org.springframework.cloud.gateway.config.GatewayLoadBalancerProperties'
2025-04-26T22:20:19.460+02:00 TRACE 13448 --- [api-gateway] [    Test worker] o.s.b.f.s.DefaultListableBeanFactory     : Creating instance of bean 'spring.cloud.gateway.loadbalancer-org.springframework.cloud.gateway.config.GatewayLoadBalancerProperties'
2025-04-26T22:20:19.460+02:00 TRACE 13448 --- [api-gateway] [    Test worker] o.s.b.f.s.DefaultListableBeanFactory     : Returning cached instance of singleton bean 'org.springframework.boot.context.properties.BoundConfigurationProperties'
2025-04-26T22:20:19.461+02:00 TRACE 13448 --- [api-gateway] [    Test worker] o.s.b.f.s.DefaultListableBeanFactory     : Returning cached instance of singleton bean 'preFilterAuthorizationAdvisor'
2025-04-26T22:20:19.461+02:00 TRACE 13448 --- [api-gateway] [    Test worker] o.s.b.f.s.DefaultListableBeanFactory     : Returning cached instance of singleton bean 'preAuthorizeAuthorizationAdvisor'
2025-04-26T22:20:19.461+02:00 TRACE 13448 --- [api-gateway] [    Test worker] o.s.b.f.s.DefaultListableBeanFactory     : Returning cached instance of singleton bean 'postFilterAuthorizationAdvisor'
2025-04-26T22:20:19.461+02:00 TRACE 13448 --- [api-gateway] [    Test worker] o.s.b.f.s.DefaultListableBeanFactory     : Returning cached instance of singleton bean 'postAuthorizeAuthorizationAdvisor'
2025-04-26T22:20:19.461+02:00 TRACE 13448 --- [api-gateway] [    Test worker] o.s.b.f.s.DefaultListableBeanFactory     : Returning cached instance of singleton bean 'jsr250AuthorizationAdvisor'
2025-04-26T22:20:19.461+02:00 TRACE 13448 --- [api-gateway] [    Test worker] o.s.b.f.s.DefaultListableBeanFactory     : Returning cached instance of singleton bean 'authorizeReturnObjectAdvisor'
2025-04-26T22:20:19.461+02:00 TRACE 13448 --- [api-gateway] [    Test worker] o.s.b.f.s.DefaultListableBeanFactory     : Finished creating instance of bean 'spring.cloud.gateway.loadbalancer-org.springframework.cloud.gateway.config.GatewayLoadBalancerProperties'
2025-04-26T22:20:19.461+02:00 DEBUG 13448 --- [api-gateway] [    Test worker] o.s.b.f.s.DefaultListableBeanFactory     : Autowiring by type from bean name 'gatewayLoadBalancerClientFilter' via factory method to bean named 'loadBalancerClientFactory'
2025-04-26T22:20:19.461+02:00 DEBUG 13448 --- [api-gateway] [    Test worker] o.s.b.f.s.DefaultListableBeanFactory     : Autowiring by type from bean name 'gatewayLoadBalancerClientFilter' via factory method to bean named 'spring.cloud.gateway.loadbalancer-org.springframework.cloud.gateway.config.GatewayLoadBalancerProperties'
2025-04-26T22:20:19.463+02:00 TRACE 13448 --- [api-gateway] [    Test worker] o.s.b.f.s.DefaultListableBeanFactory     : Returning cached instance of singleton bean 'preFilterAuthorizationAdvisor'
2025-04-26T22:20:19.463+02:00 TRACE 13448 --- [api-gateway] [    Test worker] o.s.b.f.s.DefaultListableBeanFactory     : Returning cached instance of singleton bean 'preAuthorizeAuthorizationAdvisor'
2025-04-26T22:20:19.463+02:00 TRACE 13448 --- [api-gateway] [    Test worker] o.s.b.f.s.DefaultListableBeanFactory     : Returning cached instance of singleton bean 'postFilterAuthorizationAdvisor'
2025-04-26T22:20:19.463+02:00 TRACE 13448 --- [api-gateway] [    Test worker] o.s.b.f.s.DefaultListableBeanFactory     : Returning cached instance of singleton bean 'postAuthorizeAuthorizationAdvisor'
2025-04-26T22:20:19.463+02:00 TRACE 13448 --- [api-gateway] [    Test worker] o.s.b.f.s.DefaultListableBeanFactory     : Returning cached instance of singleton bean 'jsr250AuthorizationAdvisor'
2025-04-26T22:20:19.463+02:00 TRACE 13448 --- [api-gateway] [    Test worker] o.s.b.f.s.DefaultListableBeanFactory     : Returning cached instance of singleton bean 'authorizeReturnObjectAdvisor'
2025-04-26T22:20:19.463+02:00 TRACE 13448 --- [api-gateway] [    Test worker] o.s.b.f.s.DefaultListableBeanFactory     : Finished creating instance of bean 'gatewayLoadBalancerClientFilter'
2025-04-26T22:20:19.463+02:00 DEBUG 13448 --- [api-gateway] [    Test worker] o.s.b.f.s.DefaultListableBeanFactory     : Creating shared instance of singleton bean 'loadBalancerServiceInstanceCookieFilter'
2025-04-26T22:20:19.463+02:00 TRACE 13448 --- [api-gateway] [    Test worker] o.s.b.f.s.DefaultListableBeanFactory     : Creating instance of bean 'loadBalancerServiceInstanceCookieFilter'
2025-04-26T22:20:19.464+02:00 TRACE 13448 --- [api-gateway] [    Test worker] o.s.b.f.s.DefaultListableBeanFactory     : Returning cached instance of singleton bean 'org.springframework.cloud.gateway.config.GatewayReactiveLoadBalancerClientAutoConfiguration'
2025-04-26T22:20:19.464+02:00 TRACE 13448 --- [api-gateway] [    Test worker] o.s.b.f.s.DefaultListableBeanFactory     : Returning cached instance of singleton bean 'loadBalancerClientFactory'
2025-04-26T22:20:19.464+02:00 DEBUG 13448 --- [api-gateway] [    Test worker] o.s.b.f.s.DefaultListableBeanFactory     : Autowiring by type from bean name 'loadBalancerServiceInstanceCookieFilter' via factory method to bean named 'loadBalancerClientFactory'
2025-04-26T22:20:19.464+02:00 TRACE 13448 --- [api-gateway] [    Test worker] o.s.b.f.s.DefaultListableBeanFactory     : Returning cached instance of singleton bean 'preFilterAuthorizationAdvisor'
2025-04-26T22:20:19.464+02:00 TRACE 13448 --- [api-gateway] [    Test worker] o.s.b.f.s.DefaultListableBeanFactory     : Returning cached instance of singleton bean 'preAuthorizeAuthorizationAdvisor'
2025-04-26T22:20:19.464+02:00 TRACE 13448 --- [api-gateway] [    Test worker] o.s.b.f.s.DefaultListableBeanFactory     : Returning cached instance of singleton bean 'postFilterAuthorizationAdvisor'
2025-04-26T22:20:19.464+02:00 TRACE 13448 --- [api-gateway] [    Test worker] o.s.b.f.s.DefaultListableBeanFactory     : Returning cached instance of singleton bean 'postAuthorizeAuthorizationAdvisor'
2025-04-26T22:20:19.464+02:00 TRACE 13448 --- [api-gateway] [    Test worker] o.s.b.f.s.DefaultListableBeanFactory     : Returning cached instance of singleton bean 'jsr250AuthorizationAdvisor'
2025-04-26T22:20:19.464+02:00 TRACE 13448 --- [api-gateway] [    Test worker] o.s.b.f.s.DefaultListableBeanFactory     : Returning cached instance of singleton bean 'authorizeReturnObjectAdvisor'
2025-04-26T22:20:19.465+02:00 TRACE 13448 --- [api-gateway] [    Test worker] o.s.b.f.s.DefaultListableBeanFactory     : Finished creating instance of bean 'loadBalancerServiceInstanceCookieFilter'
2025-04-26T22:20:19.465+02:00 TRACE 13448 --- [api-gateway] [    Test worker] o.s.b.f.s.DefaultListableBeanFactory     : Returning cached instance of singleton bean 'spring.cloud.gateway.loadbalancer-org.springframework.cloud.gateway.config.GatewayLoadBalancerProperties'
2025-04-26T22:20:19.465+02:00 DEBUG 13448 --- [api-gateway] [    Test worker] o.s.b.f.s.DefaultListableBeanFactory     : Creating shared instance of singleton bean 'org.springframework.cloud.client.discovery.composite.CompositeDiscoveryClientAutoConfiguration'
2025-04-26T22:20:19.465+02:00 TRACE 13448 --- [api-gateway] [    Test worker] o.s.b.f.s.DefaultListableBeanFactory     : Creating instance of bean 'org.springframework.cloud.client.discovery.composite.CompositeDiscoveryClientAutoConfiguration'
2025-04-26T22:20:19.465+02:00 TRACE 13448 --- [api-gateway] [    Test worker] o.s.b.f.s.DefaultListableBeanFactory     : Returning cached instance of singleton bean 'preFilterAuthorizationAdvisor'
2025-04-26T22:20:19.465+02:00 TRACE 13448 --- [api-gateway] [    Test worker] o.s.b.f.s.DefaultListableBeanFactory     : Returning cached instance of singleton bean 'preAuthorizeAuthorizationAdvisor'
2025-04-26T22:20:19.465+02:00 TRACE 13448 --- [api-gateway] [    Test worker] o.s.b.f.s.DefaultListableBeanFactory     : Returning cached instance of singleton bean 'postFilterAuthorizationAdvisor'
2025-04-26T22:20:19.465+02:00 TRACE 13448 --- [api-gateway] [    Test worker] o.s.b.f.s.DefaultListableBeanFactory     : Returning cached instance of singleton bean 'postAuthorizeAuthorizationAdvisor'
2025-04-26T22:20:19.465+02:00 TRACE 13448 --- [api-gateway] [    Test worker] o.s.b.f.s.DefaultListableBeanFactory     : Returning cached instance of singleton bean 'jsr250AuthorizationAdvisor'
2025-04-26T22:20:19.465+02:00 TRACE 13448 --- [api-gateway] [    Test worker] o.s.b.f.s.DefaultListableBeanFactory     : Returning cached instance of singleton bean 'authorizeReturnObjectAdvisor'
2025-04-26T22:20:19.465+02:00 TRACE 13448 --- [api-gateway] [    Test worker] o.s.b.f.s.DefaultListableBeanFactory     : Finished creating instance of bean 'org.springframework.cloud.client.discovery.composite.CompositeDiscoveryClientAutoConfiguration'
2025-04-26T22:20:19.465+02:00 DEBUG 13448 --- [api-gateway] [    Test worker] o.s.b.f.s.DefaultListableBeanFactory     : Creating shared instance of singleton bean 'compositeDiscoveryClient'
2025-04-26T22:20:19.465+02:00 TRACE 13448 --- [api-gateway] [    Test worker] o.s.b.f.s.DefaultListableBeanFactory     : Creating instance of bean 'compositeDiscoveryClient'
2025-04-26T22:20:19.465+02:00 TRACE 13448 --- [api-gateway] [    Test worker] o.s.b.f.s.DefaultListableBeanFactory     : Returning cached instance of singleton bean 'org.springframework.cloud.client.discovery.composite.CompositeDiscoveryClientAutoConfiguration'
2025-04-26T22:20:19.466+02:00 DEBUG 13448 --- [api-gateway] [    Test worker] o.s.b.f.s.DefaultListableBeanFactory     : Creating shared instance of singleton bean 'simpleDiscoveryClient'
2025-04-26T22:20:19.466+02:00 TRACE 13448 --- [api-gateway] [    Test worker] o.s.b.f.s.DefaultListableBeanFactory     : Creating instance of bean 'simpleDiscoveryClient'
2025-04-26T22:20:19.466+02:00 DEBUG 13448 --- [api-gateway] [    Test worker] o.s.b.f.s.DefaultListableBeanFactory     : Creating shared instance of singleton bean 'org.springframework.cloud.client.discovery.simple.SimpleDiscoveryClientAutoConfiguration'
2025-04-26T22:20:19.466+02:00 TRACE 13448 --- [api-gateway] [    Test worker] o.s.b.f.s.DefaultListableBeanFactory     : Creating instance of bean 'org.springframework.cloud.client.discovery.simple.SimpleDiscoveryClientAutoConfiguration'
2025-04-26T22:20:19.467+02:00 TRACE 13448 --- [api-gateway] [    Test worker] o.s.beans.CachedIntrospectionResults     : Getting BeanInfo for class [org.springframework.cloud.client.discovery.simple.SimpleDiscoveryClientAutoConfiguration]
2025-04-26T22:20:19.467+02:00 TRACE 13448 --- [api-gateway] [    Test worker] o.s.beans.CachedIntrospectionResults     : Caching PropertyDescriptors for class [org.springframework.cloud.client.discovery.simple.SimpleDiscoveryClientAutoConfiguration]
2025-04-26T22:20:19.467+02:00 TRACE 13448 --- [api-gateway] [    Test worker] o.s.beans.CachedIntrospectionResults     : Found bean property 'class' of type [java.lang.Class]
2025-04-26T22:20:19.467+02:00 TRACE 13448 --- [api-gateway] [    Test worker] o.s.beans.CachedIntrospectionResults     : Found bean property 'inet' of type [org.springframework.cloud.commons.util.InetUtils]
2025-04-26T22:20:19.468+02:00 TRACE 13448 --- [api-gateway] [    Test worker] o.s.beans.CachedIntrospectionResults     : Found bean property 'server' of type [org.springframework.boot.autoconfigure.web.ServerProperties]
2025-04-26T22:20:19.469+02:00 TRACE 13448 --- [api-gateway] [    Test worker] o.s.b.f.s.DefaultListableBeanFactory     : Returning cached instance of singleton bean 'server-org.springframework.boot.autoconfigure.web.ServerProperties'
2025-04-26T22:20:19.469+02:00 TRACE 13448 --- [api-gateway] [    Test worker] f.a.AutowiredAnnotationBeanPostProcessor : Autowiring by type from bean name 'org.springframework.cloud.client.discovery.simple.SimpleDiscoveryClientAutoConfiguration' to bean named 'server-org.springframework.boot.autoconfigure.web.ServerProperties'
2025-04-26T22:20:19.469+02:00 DEBUG 13448 --- [api-gateway] [    Test worker] o.s.b.f.s.DefaultListableBeanFactory     : Creating shared instance of singleton bean 'inetUtils'
2025-04-26T22:20:19.469+02:00 TRACE 13448 --- [api-gateway] [    Test worker] o.s.b.f.s.DefaultListableBeanFactory     : Creating instance of bean 'inetUtils'
2025-04-26T22:20:19.469+02:00 DEBUG 13448 --- [api-gateway] [    Test worker] o.s.b.f.s.DefaultListableBeanFactory     : Creating shared instance of singleton bean 'org.springframework.cloud.commons.util.UtilAutoConfiguration'
2025-04-26T22:20:19.469+02:00 TRACE 13448 --- [api-gateway] [    Test worker] o.s.b.f.s.DefaultListableBeanFactory     : Creating instance of bean 'org.springframework.cloud.commons.util.UtilAutoConfiguration'
2025-04-26T22:20:19.470+02:00 TRACE 13448 --- [api-gateway] [    Test worker] o.s.b.f.s.DefaultListableBeanFactory     : Returning cached instance of singleton bean 'preFilterAuthorizationAdvisor'
2025-04-26T22:20:19.470+02:00 TRACE 13448 --- [api-gateway] [    Test worker] o.s.b.f.s.DefaultListableBeanFactory     : Returning cached instance of singleton bean 'preAuthorizeAuthorizationAdvisor'
2025-04-26T22:20:19.470+02:00 TRACE 13448 --- [api-gateway] [    Test worker] o.s.b.f.s.DefaultListableBeanFactory     : Returning cached instance of singleton bean 'postFilterAuthorizationAdvisor'
2025-04-26T22:20:19.470+02:00 TRACE 13448 --- [api-gateway] [    Test worker] o.s.b.f.s.DefaultListableBeanFactory     : Returning cached instance of singleton bean 'postAuthorizeAuthorizationAdvisor'
2025-04-26T22:20:19.470+02:00 TRACE 13448 --- [api-gateway] [    Test worker] o.s.b.f.s.DefaultListableBeanFactory     : Returning cached instance of singleton bean 'jsr250AuthorizationAdvisor'
2025-04-26T22:20:19.470+02:00 TRACE 13448 --- [api-gateway] [    Test worker] o.s.b.f.s.DefaultListableBeanFactory     : Returning cached instance of singleton bean 'authorizeReturnObjectAdvisor'
2025-04-26T22:20:19.470+02:00 TRACE 13448 --- [api-gateway] [    Test worker] o.s.b.f.s.DefaultListableBeanFactory     : Finished creating instance of bean 'org.springframework.cloud.commons.util.UtilAutoConfiguration'
2025-04-26T22:20:19.471+02:00 DEBUG 13448 --- [api-gateway] [    Test worker] o.s.b.f.s.DefaultListableBeanFactory     : Creating shared instance of singleton bean 'inetUtilsProperties'
2025-04-26T22:20:19.471+02:00 TRACE 13448 --- [api-gateway] [    Test worker] o.s.b.f.s.DefaultListableBeanFactory     : Creating instance of bean 'inetUtilsProperties'
2025-04-26T22:20:19.471+02:00 TRACE 13448 --- [api-gateway] [    Test worker] o.s.b.f.s.DefaultListableBeanFactory     : Returning cached instance of singleton bean 'org.springframework.cloud.commons.util.UtilAutoConfiguration'
2025-04-26T22:20:19.472+02:00 TRACE 13448 --- [api-gateway] [    Test worker] o.s.c.e.PropertySourcesPropertyResolver  : Searching for key 'spring.util.timeout.sec' in PropertySource 'environmentProperties'
2025-04-26T22:20:19.472+02:00 TRACE 13448 --- [api-gateway] [    Test worker] o.s.c.e.PropertySourcesPropertyResolver  : Searching for key 'spring.util.timeout.sec' in PropertySource 'localProperties'
2025-04-26T22:20:19.472+02:00 TRACE 13448 --- [api-gateway] [    Test worker] o.s.c.e.PropertySourcesPropertyResolver  : Could not find key 'spring.util.timeout.sec' in any property source
2025-04-26T22:20:19.472+02:00 TRACE 13448 --- [api-gateway] [    Test worker] o.s.c.e.PropertySourcesPropertyResolver  : Searching for key 'SPRING_UTIL_TIMEOUT_SEC:1' in PropertySource 'environmentProperties'
2025-04-26T22:20:19.472+02:00 TRACE 13448 --- [api-gateway] [    Test worker] ySourcesPropertyResolver$DefaultResolver : Searching for key 'SPRING_UTIL_TIMEOUT_SEC:1' in PropertySource 'configurationProperties'
2025-04-26T22:20:19.472+02:00 TRACE 13448 --- [api-gateway] [    Test worker] ySourcesPropertyResolver$DefaultResolver : Searching for key 'SPRING_UTIL_TIMEOUT_SEC:1' in PropertySource 'test'
2025-04-26T22:20:19.472+02:00 TRACE 13448 --- [api-gateway] [    Test worker] ySourcesPropertyResolver$DefaultResolver : Searching for key 'SPRING_UTIL_TIMEOUT_SEC:1' in PropertySource 'gateway-properties'
2025-04-26T22:20:19.472+02:00 TRACE 13448 --- [api-gateway] [    Test worker] ySourcesPropertyResolver$DefaultResolver : Searching for key 'SPRING_UTIL_TIMEOUT_SEC:1' in PropertySource 'Inlined Test Properties'
2025-04-26T22:20:19.472+02:00 TRACE 13448 --- [api-gateway] [    Test worker] ySourcesPropertyResolver$DefaultResolver : Searching for key 'SPRING_UTIL_TIMEOUT_SEC:1' in PropertySource 'systemProperties'
2025-04-26T22:20:19.472+02:00 TRACE 13448 --- [api-gateway] [    Test worker] ySourcesPropertyResolver$DefaultResolver : Searching for key 'SPRING_UTIL_TIMEOUT_SEC:1' in PropertySource 'systemEnvironment'
2025-04-26T22:20:19.472+02:00 TRACE 13448 --- [api-gateway] [    Test worker] ySourcesPropertyResolver$DefaultResolver : Searching for key 'SPRING_UTIL_TIMEOUT_SEC:1' in PropertySource 'random'
2025-04-26T22:20:19.472+02:00 TRACE 13448 --- [api-gateway] [    Test worker] ySourcesPropertyResolver$DefaultResolver : Searching for key 'SPRING_UTIL_TIMEOUT_SEC:1' in PropertySource 'cachedrandom'
2025-04-26T22:20:19.472+02:00 TRACE 13448 --- [api-gateway] [    Test worker] ySourcesPropertyResolver$DefaultResolver : Searching for key 'SPRING_UTIL_TIMEOUT_SEC:1' in PropertySource 'Config resource 'class path resource [application.properties]' via location 'optional:classpath:/''
2025-04-26T22:20:19.472+02:00 TRACE 13448 --- [api-gateway] [    Test worker] ySourcesPropertyResolver$DefaultResolver : Searching for key 'SPRING_UTIL_TIMEOUT_SEC:1' in PropertySource 'springCloudClientHostInfo'
2025-04-26T22:20:19.472+02:00 TRACE 13448 --- [api-gateway] [    Test worker] ySourcesPropertyResolver$DefaultResolver : Searching for key 'SPRING_UTIL_TIMEOUT_SEC:1' in PropertySource 'applicationInfo'
2025-04-26T22:20:19.472+02:00 TRACE 13448 --- [api-gateway] [    Test worker] ySourcesPropertyResolver$DefaultResolver : Could not find key 'SPRING_UTIL_TIMEOUT_SEC:1' in any property source
2025-04-26T22:20:19.472+02:00 TRACE 13448 --- [api-gateway] [    Test worker] o.s.c.e.PropertySourcesPropertyResolver  : Searching for key 'SPRING_UTIL_TIMEOUT_SEC:1' in PropertySource 'localProperties'
2025-04-26T22:20:19.472+02:00 TRACE 13448 --- [api-gateway] [    Test worker] o.s.c.e.PropertySourcesPropertyResolver  : Could not find key 'SPRING_UTIL_TIMEOUT_SEC:1' in any property source
2025-04-26T22:20:19.472+02:00 TRACE 13448 --- [api-gateway] [    Test worker] o.s.c.e.PropertySourcesPropertyResolver  : Searching for key 'SPRING_UTIL_TIMEOUT_SEC' in PropertySource 'environmentProperties'
2025-04-26T22:20:19.472+02:00 TRACE 13448 --- [api-gateway] [    Test worker] ySourcesPropertyResolver$DefaultResolver : Searching for key 'SPRING_UTIL_TIMEOUT_SEC' in PropertySource 'configurationProperties'
2025-04-26T22:20:19.472+02:00 TRACE 13448 --- [api-gateway] [    Test worker] ySourcesPropertyResolver$DefaultResolver : Searching for key 'SPRING_UTIL_TIMEOUT_SEC' in PropertySource 'test'
2025-04-26T22:20:19.472+02:00 TRACE 13448 --- [api-gateway] [    Test worker] ySourcesPropertyResolver$DefaultResolver : Searching for key 'SPRING_UTIL_TIMEOUT_SEC' in PropertySource 'gateway-properties'
2025-04-26T22:20:19.472+02:00 TRACE 13448 --- [api-gateway] [    Test worker] ySourcesPropertyResolver$DefaultResolver : Searching for key 'SPRING_UTIL_TIMEOUT_SEC' in PropertySource 'Inlined Test Properties'
2025-04-26T22:20:19.472+02:00 TRACE 13448 --- [api-gateway] [    Test worker] ySourcesPropertyResolver$DefaultResolver : Searching for key 'SPRING_UTIL_TIMEOUT_SEC' in PropertySource 'systemProperties'
2025-04-26T22:20:19.472+02:00 TRACE 13448 --- [api-gateway] [    Test worker] ySourcesPropertyResolver$DefaultResolver : Searching for key 'SPRING_UTIL_TIMEOUT_SEC' in PropertySource 'systemEnvironment'
2025-04-26T22:20:19.472+02:00 TRACE 13448 --- [api-gateway] [    Test worker] ySourcesPropertyResolver$DefaultResolver : Searching for key 'SPRING_UTIL_TIMEOUT_SEC' in PropertySource 'random'
2025-04-26T22:20:19.472+02:00 TRACE 13448 --- [api-gateway] [    Test worker] ySourcesPropertyResolver$DefaultResolver : Searching for key 'SPRING_UTIL_TIMEOUT_SEC' in PropertySource 'cachedrandom'
2025-04-26T22:20:19.472+02:00 TRACE 13448 --- [api-gateway] [    Test worker] ySourcesPropertyResolver$DefaultResolver : Searching for key 'SPRING_UTIL_TIMEOUT_SEC' in PropertySource 'Config resource 'class path resource [application.properties]' via location 'optional:classpath:/''
2025-04-26T22:20:19.472+02:00 TRACE 13448 --- [api-gateway] [    Test worker] ySourcesPropertyResolver$DefaultResolver : Searching for key 'SPRING_UTIL_TIMEOUT_SEC' in PropertySource 'springCloudClientHostInfo'
2025-04-26T22:20:19.472+02:00 TRACE 13448 --- [api-gateway] [    Test worker] ySourcesPropertyResolver$DefaultResolver : Searching for key 'SPRING_UTIL_TIMEOUT_SEC' in PropertySource 'applicationInfo'
2025-04-26T22:20:19.472+02:00 TRACE 13448 --- [api-gateway] [    Test worker] ySourcesPropertyResolver$DefaultResolver : Could not find key 'SPRING_UTIL_TIMEOUT_SEC' in any property source
2025-04-26T22:20:19.472+02:00 TRACE 13448 --- [api-gateway] [    Test worker] o.s.c.e.PropertySourcesPropertyResolver  : Searching for key 'SPRING_UTIL_TIMEOUT_SEC' in PropertySource 'localProperties'
2025-04-26T22:20:19.472+02:00 TRACE 13448 --- [api-gateway] [    Test worker] o.s.c.e.PropertySourcesPropertyResolver  : Could not find key 'SPRING_UTIL_TIMEOUT_SEC' in any property source
2025-04-26T22:20:19.473+02:00 TRACE 13448 --- [api-gateway] [    Test worker] o.s.b.f.s.DefaultListableBeanFactory     : Returning cached instance of singleton bean 'org.springframework.boot.context.properties.BoundConfigurationProperties'
2025-04-26T22:20:19.475+02:00 TRACE 13448 --- [api-gateway] [    Test worker] o.s.b.f.s.DefaultListableBeanFactory     : Returning cached instance of singleton bean 'preFilterAuthorizationAdvisor'
2025-04-26T22:20:19.475+02:00 TRACE 13448 --- [api-gateway] [    Test worker] o.s.b.f.s.DefaultListableBeanFactory     : Returning cached instance of singleton bean 'preAuthorizeAuthorizationAdvisor'
2025-04-26T22:20:19.475+02:00 TRACE 13448 --- [api-gateway] [    Test worker] o.s.b.f.s.DefaultListableBeanFactory     : Returning cached instance of singleton bean 'postFilterAuthorizationAdvisor'
2025-04-26T22:20:19.475+02:00 TRACE 13448 --- [api-gateway] [    Test worker] o.s.b.f.s.DefaultListableBeanFactory     : Returning cached instance of singleton bean 'postAuthorizeAuthorizationAdvisor'
2025-04-26T22:20:19.475+02:00 TRACE 13448 --- [api-gateway] [    Test worker] o.s.b.f.s.DefaultListableBeanFactory     : Returning cached instance of singleton bean 'jsr250AuthorizationAdvisor'
2025-04-26T22:20:19.475+02:00 TRACE 13448 --- [api-gateway] [    Test worker] o.s.b.f.s.DefaultListableBeanFactory     : Returning cached instance of singleton bean 'authorizeReturnObjectAdvisor'
2025-04-26T22:20:19.475+02:00 TRACE 13448 --- [api-gateway] [    Test worker] o.s.b.f.s.DefaultListableBeanFactory     : Finished creating instance of bean 'inetUtilsProperties'
2025-04-26T22:20:19.475+02:00 DEBUG 13448 --- [api-gateway] [    Test worker] o.s.b.f.s.DefaultListableBeanFactory     : Autowiring by type from bean name 'inetUtils' via factory method to bean named 'inetUtilsProperties'
2025-04-26T22:20:19.476+02:00 TRACE 13448 --- [api-gateway] [    Test worker] o.s.b.f.s.DefaultListableBeanFactory     : Returning cached instance of singleton bean 'preFilterAuthorizationAdvisor'
2025-04-26T22:20:19.476+02:00 TRACE 13448 --- [api-gateway] [    Test worker] o.s.b.f.s.DefaultListableBeanFactory     : Returning cached instance of singleton bean 'preAuthorizeAuthorizationAdvisor'
2025-04-26T22:20:19.476+02:00 TRACE 13448 --- [api-gateway] [    Test worker] o.s.b.f.s.DefaultListableBeanFactory     : Returning cached instance of singleton bean 'postFilterAuthorizationAdvisor'
2025-04-26T22:20:19.476+02:00 TRACE 13448 --- [api-gateway] [    Test worker] o.s.b.f.s.DefaultListableBeanFactory     : Returning cached instance of singleton bean 'postAuthorizeAuthorizationAdvisor'
2025-04-26T22:20:19.476+02:00 TRACE 13448 --- [api-gateway] [    Test worker] o.s.b.f.s.DefaultListableBeanFactory     : Returning cached instance of singleton bean 'jsr250AuthorizationAdvisor'
2025-04-26T22:20:19.476+02:00 TRACE 13448 --- [api-gateway] [    Test worker] o.s.b.f.s.DefaultListableBeanFactory     : Returning cached instance of singleton bean 'authorizeReturnObjectAdvisor'
2025-04-26T22:20:19.476+02:00 TRACE 13448 --- [api-gateway] [    Test worker] o.s.b.f.s.DefaultListableBeanFactory     : Finished creating instance of bean 'inetUtils'
2025-04-26T22:20:19.476+02:00 TRACE 13448 --- [api-gateway] [    Test worker] f.a.AutowiredAnnotationBeanPostProcessor : Autowiring by type from bean name 'org.springframework.cloud.client.discovery.simple.SimpleDiscoveryClientAutoConfiguration' to bean named 'inetUtils'
2025-04-26T22:20:19.476+02:00 TRACE 13448 --- [api-gateway] [    Test worker] o.s.b.f.s.DefaultListableBeanFactory     : Returning cached instance of singleton bean 'preFilterAuthorizationAdvisor'
2025-04-26T22:20:19.476+02:00 TRACE 13448 --- [api-gateway] [    Test worker] o.s.b.f.s.DefaultListableBeanFactory     : Returning cached instance of singleton bean 'preAuthorizeAuthorizationAdvisor'
2025-04-26T22:20:19.476+02:00 TRACE 13448 --- [api-gateway] [    Test worker] o.s.b.f.s.DefaultListableBeanFactory     : Returning cached instance of singleton bean 'postFilterAuthorizationAdvisor'
2025-04-26T22:20:19.476+02:00 TRACE 13448 --- [api-gateway] [    Test worker] o.s.b.f.s.DefaultListableBeanFactory     : Returning cached instance of singleton bean 'postAuthorizeAuthorizationAdvisor'
2025-04-26T22:20:19.476+02:00 TRACE 13448 --- [api-gateway] [    Test worker] o.s.b.f.s.DefaultListableBeanFactory     : Returning cached instance of singleton bean 'jsr250AuthorizationAdvisor'
2025-04-26T22:20:19.476+02:00 TRACE 13448 --- [api-gateway] [    Test worker] o.s.b.f.s.DefaultListableBeanFactory     : Returning cached instance of singleton bean 'authorizeReturnObjectAdvisor'
2025-04-26T22:20:19.477+02:00 TRACE 13448 --- [api-gateway] [    Test worker] o.s.b.f.s.DefaultListableBeanFactory     : Finished creating instance of bean 'org.springframework.cloud.client.discovery.simple.SimpleDiscoveryClientAutoConfiguration'
2025-04-26T22:20:19.477+02:00 DEBUG 13448 --- [api-gateway] [    Test worker] o.s.b.f.s.DefaultListableBeanFactory     : Creating shared instance of singleton bean 'simpleDiscoveryProperties'
2025-04-26T22:20:19.477+02:00 TRACE 13448 --- [api-gateway] [    Test worker] o.s.b.f.s.DefaultListableBeanFactory     : Creating instance of bean 'simpleDiscoveryProperties'
2025-04-26T22:20:19.477+02:00 TRACE 13448 --- [api-gateway] [    Test worker] o.s.b.f.s.DefaultListableBeanFactory     : Returning cached instance of singleton bean 'org.springframework.cloud.client.discovery.simple.SimpleDiscoveryClientAutoConfiguration'
2025-04-26T22:20:19.478+02:00 TRACE 13448 --- [api-gateway] [    Test worker] o.s.c.e.PropertySourcesPropertyResolver  : Searching for key 'spring.application.name:application' in PropertySource 'environmentProperties'
2025-04-26T22:20:19.478+02:00 TRACE 13448 --- [api-gateway] [    Test worker] ySourcesPropertyResolver$DefaultResolver : Searching for key 'spring.application.name:application' in PropertySource 'configurationProperties'
2025-04-26T22:20:19.478+02:00 TRACE 13448 --- [api-gateway] [    Test worker] ySourcesPropertyResolver$DefaultResolver : Searching for key 'spring.application.name:application' in PropertySource 'test'
2025-04-26T22:20:19.478+02:00 TRACE 13448 --- [api-gateway] [    Test worker] ySourcesPropertyResolver$DefaultResolver : Searching for key 'spring.application.name:application' in PropertySource 'gateway-properties'
2025-04-26T22:20:19.478+02:00 TRACE 13448 --- [api-gateway] [    Test worker] ySourcesPropertyResolver$DefaultResolver : Searching for key 'spring.application.name:application' in PropertySource 'Inlined Test Properties'
2025-04-26T22:20:19.478+02:00 TRACE 13448 --- [api-gateway] [    Test worker] ySourcesPropertyResolver$DefaultResolver : Searching for key 'spring.application.name:application' in PropertySource 'systemProperties'
2025-04-26T22:20:19.478+02:00 TRACE 13448 --- [api-gateway] [    Test worker] ySourcesPropertyResolver$DefaultResolver : Searching for key 'spring.application.name:application' in PropertySource 'systemEnvironment'
2025-04-26T22:20:19.478+02:00 TRACE 13448 --- [api-gateway] [    Test worker] ySourcesPropertyResolver$DefaultResolver : Searching for key 'spring.application.name:application' in PropertySource 'random'
2025-04-26T22:20:19.478+02:00 TRACE 13448 --- [api-gateway] [    Test worker] ySourcesPropertyResolver$DefaultResolver : Searching for key 'spring.application.name:application' in PropertySource 'cachedrandom'
2025-04-26T22:20:19.478+02:00 TRACE 13448 --- [api-gateway] [    Test worker] ySourcesPropertyResolver$DefaultResolver : Searching for key 'spring.application.name:application' in PropertySource 'Config resource 'class path resource [application.properties]' via location 'optional:classpath:/''
2025-04-26T22:20:19.478+02:00 TRACE 13448 --- [api-gateway] [    Test worker] ySourcesPropertyResolver$DefaultResolver : Searching for key 'spring.application.name:application' in PropertySource 'springCloudClientHostInfo'
2025-04-26T22:20:19.478+02:00 TRACE 13448 --- [api-gateway] [    Test worker] ySourcesPropertyResolver$DefaultResolver : Searching for key 'spring.application.name:application' in PropertySource 'applicationInfo'
2025-04-26T22:20:19.478+02:00 TRACE 13448 --- [api-gateway] [    Test worker] ySourcesPropertyResolver$DefaultResolver : Could not find key 'spring.application.name:application' in any property source
2025-04-26T22:20:19.478+02:00 TRACE 13448 --- [api-gateway] [    Test worker] o.s.c.e.PropertySourcesPropertyResolver  : Searching for key 'spring.application.name:application' in PropertySource 'localProperties'
2025-04-26T22:20:19.478+02:00 TRACE 13448 --- [api-gateway] [    Test worker] o.s.c.e.PropertySourcesPropertyResolver  : Could not find key 'spring.application.name:application' in any property source
2025-04-26T22:20:19.478+02:00 TRACE 13448 --- [api-gateway] [    Test worker] o.s.c.e.PropertySourcesPropertyResolver  : Searching for key 'spring.application.name' in PropertySource 'environmentProperties'
2025-04-26T22:20:19.478+02:00 DEBUG 13448 --- [api-gateway] [    Test worker] o.s.c.e.PropertySourcesPropertyResolver  : Found key 'spring.application.name' in PropertySource 'environmentProperties' with value of type String
2025-04-26T22:20:19.478+02:00 TRACE 13448 --- [api-gateway] [    Test worker] o.s.util.PlaceholderParser               : Resolved placeholder 'spring.application.name'
2025-04-26T22:20:19.489+02:00 TRACE 13448 --- [api-gateway] [    Test worker] o.s.cloud.commons.util.InetUtils         : Testing interface: Software Loopback Interface 1
2025-04-26T22:20:19.495+02:00 TRACE 13448 --- [api-gateway] [    Test worker] o.s.cloud.commons.util.InetUtils         : Testing interface: Intel(R) Wireless-AC 9560 160MHz
2025-04-26T22:20:19.496+02:00 TRACE 13448 --- [api-gateway] [    Test worker] o.s.cloud.commons.util.InetUtils         : Found non-loopback interface: Intel(R) Wireless-AC 9560 160MHz
2025-04-26T22:20:19.571+02:00 TRACE 13448 --- [api-gateway] [    Test worker] o.s.cloud.commons.util.InetUtils         : Testing interface: Hyper-V Virtual Ethernet Adapter
2025-04-26T22:20:19.587+02:00 TRACE 13448 --- [api-gateway] [    Test worker] o.s.b.f.s.DefaultListableBeanFactory     : Returning cached instance of singleton bean 'org.springframework.boot.context.properties.BoundConfigurationProperties'
2025-04-26T22:20:19.588+02:00 TRACE 13448 --- [api-gateway] [    Test worker] o.s.b.f.s.DefaultListableBeanFactory     : Invoking afterPropertiesSet() on bean with name 'simpleDiscoveryProperties'
2025-04-26T22:20:19.588+02:00 TRACE 13448 --- [api-gateway] [    Test worker] o.s.b.f.s.DefaultListableBeanFactory     : Returning cached instance of singleton bean 'preFilterAuthorizationAdvisor'
2025-04-26T22:20:19.588+02:00 TRACE 13448 --- [api-gateway] [    Test worker] o.s.b.f.s.DefaultListableBeanFactory     : Returning cached instance of singleton bean 'preAuthorizeAuthorizationAdvisor'
2025-04-26T22:20:19.588+02:00 TRACE 13448 --- [api-gateway] [    Test worker] o.s.b.f.s.DefaultListableBeanFactory     : Returning cached instance of singleton bean 'postFilterAuthorizationAdvisor'
2025-04-26T22:20:19.588+02:00 TRACE 13448 --- [api-gateway] [    Test worker] o.s.b.f.s.DefaultListableBeanFactory     : Returning cached instance of singleton bean 'postAuthorizeAuthorizationAdvisor'
2025-04-26T22:20:19.588+02:00 TRACE 13448 --- [api-gateway] [    Test worker] o.s.b.f.s.DefaultListableBeanFactory     : Returning cached instance of singleton bean 'jsr250AuthorizationAdvisor'
2025-04-26T22:20:19.588+02:00 TRACE 13448 --- [api-gateway] [    Test worker] o.s.b.f.s.DefaultListableBeanFactory     : Returning cached instance of singleton bean 'authorizeReturnObjectAdvisor'
2025-04-26T22:20:19.588+02:00 TRACE 13448 --- [api-gateway] [    Test worker] o.s.b.f.s.DefaultListableBeanFactory     : Finished creating instance of bean 'simpleDiscoveryProperties'
2025-04-26T22:20:19.588+02:00 DEBUG 13448 --- [api-gateway] [    Test worker] o.s.b.f.s.DefaultListableBeanFactory     : Autowiring by type from bean name 'simpleDiscoveryClient' via factory method to bean named 'simpleDiscoveryProperties'
2025-04-26T22:20:19.589+02:00 TRACE 13448 --- [api-gateway] [    Test worker] o.s.b.f.s.DefaultListableBeanFactory     : Returning cached instance of singleton bean 'preFilterAuthorizationAdvisor'
2025-04-26T22:20:19.589+02:00 TRACE 13448 --- [api-gateway] [    Test worker] o.s.b.f.s.DefaultListableBeanFactory     : Returning cached instance of singleton bean 'preAuthorizeAuthorizationAdvisor'
2025-04-26T22:20:19.589+02:00 TRACE 13448 --- [api-gateway] [    Test worker] o.s.b.f.s.DefaultListableBeanFactory     : Returning cached instance of singleton bean 'postFilterAuthorizationAdvisor'
2025-04-26T22:20:19.589+02:00 TRACE 13448 --- [api-gateway] [    Test worker] o.s.b.f.s.DefaultListableBeanFactory     : Returning cached instance of singleton bean 'postAuthorizeAuthorizationAdvisor'
2025-04-26T22:20:19.589+02:00 TRACE 13448 --- [api-gateway] [    Test worker] o.s.b.f.s.DefaultListableBeanFactory     : Returning cached instance of singleton bean 'jsr250AuthorizationAdvisor'
2025-04-26T22:20:19.589+02:00 TRACE 13448 --- [api-gateway] [    Test worker] o.s.b.f.s.DefaultListableBeanFactory     : Returning cached instance of singleton bean 'authorizeReturnObjectAdvisor'
2025-04-26T22:20:19.589+02:00 TRACE 13448 --- [api-gateway] [    Test worker] o.s.b.f.s.DefaultListableBeanFactory     : Finished creating instance of bean 'simpleDiscoveryClient'
2025-04-26T22:20:19.590+02:00 DEBUG 13448 --- [api-gateway] [    Test worker] o.s.b.f.s.DefaultListableBeanFactory     : Creating shared instance of singleton bean 'discoveryClient'
2025-04-26T22:20:19.590+02:00 TRACE 13448 --- [api-gateway] [    Test worker] o.s.b.f.s.DefaultListableBeanFactory     : Creating instance of bean 'discoveryClient'
2025-04-26T22:20:19.590+02:00 DEBUG 13448 --- [api-gateway] [    Test worker] o.s.b.f.s.DefaultListableBeanFactory     : Creating shared instance of singleton bean 'org.springframework.cloud.netflix.eureka.EurekaDiscoveryClientConfiguration'
2025-04-26T22:20:19.590+02:00 TRACE 13448 --- [api-gateway] [    Test worker] o.s.b.f.s.DefaultListableBeanFactory     : Creating instance of bean 'org.springframework.cloud.netflix.eureka.EurekaDiscoveryClientConfiguration'
2025-04-26T22:20:19.590+02:00 TRACE 13448 --- [api-gateway] [    Test worker] o.s.b.f.s.DefaultListableBeanFactory     : Returning cached instance of singleton bean 'preFilterAuthorizationAdvisor'
2025-04-26T22:20:19.590+02:00 TRACE 13448 --- [api-gateway] [    Test worker] o.s.b.f.s.DefaultListableBeanFactory     : Returning cached instance of singleton bean 'preAuthorizeAuthorizationAdvisor'
2025-04-26T22:20:19.590+02:00 TRACE 13448 --- [api-gateway] [    Test worker] o.s.b.f.s.DefaultListableBeanFactory     : Returning cached instance of singleton bean 'postFilterAuthorizationAdvisor'
2025-04-26T22:20:19.590+02:00 TRACE 13448 --- [api-gateway] [    Test worker] o.s.b.f.s.DefaultListableBeanFactory     : Returning cached instance of singleton bean 'postAuthorizeAuthorizationAdvisor'
2025-04-26T22:20:19.590+02:00 TRACE 13448 --- [api-gateway] [    Test worker] o.s.b.f.s.DefaultListableBeanFactory     : Returning cached instance of singleton bean 'jsr250AuthorizationAdvisor'
2025-04-26T22:20:19.590+02:00 TRACE 13448 --- [api-gateway] [    Test worker] o.s.b.f.s.DefaultListableBeanFactory     : Returning cached instance of singleton bean 'authorizeReturnObjectAdvisor'
2025-04-26T22:20:19.590+02:00 TRACE 13448 --- [api-gateway] [    Test worker] o.s.b.f.s.DefaultListableBeanFactory     : Finished creating instance of bean 'org.springframework.cloud.netflix.eureka.EurekaDiscoveryClientConfiguration'
2025-04-26T22:20:19.591+02:00 TRACE 13448 --- [api-gateway] [    Test worker] o.s.b.f.s.DefaultListableBeanFactory     : Returning cached instance of singleton bean 'eurekaClient'
2025-04-26T22:20:19.591+02:00 DEBUG 13448 --- [api-gateway] [    Test worker] o.s.b.f.s.DefaultListableBeanFactory     : Creating shared instance of singleton bean 'eurekaClientConfigBean'
2025-04-26T22:20:19.592+02:00 TRACE 13448 --- [api-gateway] [    Test worker] o.s.b.f.s.DefaultListableBeanFactory     : Creating instance of bean 'eurekaClientConfigBean'
2025-04-26T22:20:19.592+02:00 DEBUG 13448 --- [api-gateway] [    Test worker] o.s.b.f.s.DefaultListableBeanFactory     : Creating shared instance of singleton bean 'org.springframework.cloud.netflix.eureka.EurekaClientAutoConfiguration'
2025-04-26T22:20:19.592+02:00 TRACE 13448 --- [api-gateway] [    Test worker] o.s.b.f.s.DefaultListableBeanFactory     : Creating instance of bean 'org.springframework.cloud.netflix.eureka.EurekaClientAutoConfiguration'
2025-04-26T22:20:19.592+02:00 TRACE 13448 --- [api-gateway] [    Test worker] o.s.b.f.s.DefaultListableBeanFactory     : Returning cached instance of singleton bean 'environment'
2025-04-26T22:20:19.592+02:00 DEBUG 13448 --- [api-gateway] [    Test worker] o.s.b.f.s.DefaultListableBeanFactory     : Autowiring by type from bean name 'org.springframework.cloud.netflix.eureka.EurekaClientAutoConfiguration' via constructor to bean named 'environment'
2025-04-26T22:20:19.592+02:00 TRACE 13448 --- [api-gateway] [    Test worker] o.s.b.f.s.DefaultListableBeanFactory     : Returning cached instance of singleton bean 'preFilterAuthorizationAdvisor'
2025-04-26T22:20:19.592+02:00 TRACE 13448 --- [api-gateway] [    Test worker] o.s.b.f.s.DefaultListableBeanFactory     : Returning cached instance of singleton bean 'preAuthorizeAuthorizationAdvisor'
2025-04-26T22:20:19.592+02:00 TRACE 13448 --- [api-gateway] [    Test worker] o.s.b.f.s.DefaultListableBeanFactory     : Returning cached instance of singleton bean 'postFilterAuthorizationAdvisor'
2025-04-26T22:20:19.592+02:00 TRACE 13448 --- [api-gateway] [    Test worker] o.s.b.f.s.DefaultListableBeanFactory     : Returning cached instance of singleton bean 'postAuthorizeAuthorizationAdvisor'
2025-04-26T22:20:19.592+02:00 TRACE 13448 --- [api-gateway] [    Test worker] o.s.b.f.s.DefaultListableBeanFactory     : Returning cached instance of singleton bean 'jsr250AuthorizationAdvisor'
2025-04-26T22:20:19.592+02:00 TRACE 13448 --- [api-gateway] [    Test worker] o.s.b.f.s.DefaultListableBeanFactory     : Returning cached instance of singleton bean 'authorizeReturnObjectAdvisor'
2025-04-26T22:20:19.593+02:00 TRACE 13448 --- [api-gateway] [    Test worker] o.s.b.f.s.DefaultListableBeanFactory     : Finished creating instance of bean 'org.springframework.cloud.netflix.eureka.EurekaClientAutoConfiguration'
2025-04-26T22:20:19.593+02:00 TRACE 13448 --- [api-gateway] [    Test worker] o.s.b.f.s.DefaultListableBeanFactory     : Returning cached instance of singleton bean 'environment'
2025-04-26T22:20:19.593+02:00 DEBUG 13448 --- [api-gateway] [    Test worker] o.s.b.f.s.DefaultListableBeanFactory     : Autowiring by type from bean name 'eurekaClientConfigBean' via factory method to bean named 'environment'
2025-04-26T22:20:19.598+02:00 TRACE 13448 --- [api-gateway] [    Test worker] o.s.b.f.s.DefaultListableBeanFactory     : Returning cached instance of singleton bean 'environment'
2025-04-26T22:20:19.598+02:00 TRACE 13448 --- [api-gateway] [    Test worker] f.a.AutowiredAnnotationBeanPostProcessor : Autowiring by type from bean name 'eurekaClientConfigBean' to bean named 'environment'
2025-04-26T22:20:19.599+02:00 TRACE 13448 --- [api-gateway] [    Test worker] o.s.b.f.s.DefaultListableBeanFactory     : Returning cached instance of singleton bean 'org.springframework.boot.context.properties.BoundConfigurationProperties'
2025-04-26T22:20:19.607+02:00 TRACE 13448 --- [api-gateway] [    Test worker] o.s.b.f.s.DefaultListableBeanFactory     : Returning cached instance of singleton bean 'preFilterAuthorizationAdvisor'
2025-04-26T22:20:19.607+02:00 TRACE 13448 --- [api-gateway] [    Test worker] o.s.b.f.s.DefaultListableBeanFactory     : Returning cached instance of singleton bean 'preAuthorizeAuthorizationAdvisor'
2025-04-26T22:20:19.607+02:00 TRACE 13448 --- [api-gateway] [    Test worker] o.s.b.f.s.DefaultListableBeanFactory     : Returning cached instance of singleton bean 'postFilterAuthorizationAdvisor'
2025-04-26T22:20:19.607+02:00 TRACE 13448 --- [api-gateway] [    Test worker] o.s.b.f.s.DefaultListableBeanFactory     : Returning cached instance of singleton bean 'postAuthorizeAuthorizationAdvisor'
2025-04-26T22:20:19.607+02:00 TRACE 13448 --- [api-gateway] [    Test worker] o.s.b.f.s.DefaultListableBeanFactory     : Returning cached instance of singleton bean 'jsr250AuthorizationAdvisor'
2025-04-26T22:20:19.607+02:00 TRACE 13448 --- [api-gateway] [    Test worker] o.s.b.f.s.DefaultListableBeanFactory     : Returning cached instance of singleton bean 'authorizeReturnObjectAdvisor'
2025-04-26T22:20:19.610+02:00 TRACE 13448 --- [api-gateway] [    Test worker] o.s.b.f.s.DefaultListableBeanFactory     : Finished creating instance of bean 'eurekaClientConfigBean'
2025-04-26T22:20:19.610+02:00 DEBUG 13448 --- [api-gateway] [    Test worker] o.s.b.f.s.DefaultListableBeanFactory     : Autowiring by type from bean name 'discoveryClient' via factory method to bean named 'eurekaClient'
2025-04-26T22:20:19.610+02:00 DEBUG 13448 --- [api-gateway] [    Test worker] o.s.b.f.s.DefaultListableBeanFactory     : Autowiring by type from bean name 'discoveryClient' via factory method to bean named 'eurekaClientConfigBean'
2025-04-26T22:20:19.611+02:00 TRACE 13448 --- [api-gateway] [    Test worker] o.s.b.f.s.DefaultListableBeanFactory     : Returning cached instance of singleton bean 'preFilterAuthorizationAdvisor'
2025-04-26T22:20:19.611+02:00 TRACE 13448 --- [api-gateway] [    Test worker] o.s.b.f.s.DefaultListableBeanFactory     : Returning cached instance of singleton bean 'preAuthorizeAuthorizationAdvisor'
2025-04-26T22:20:19.611+02:00 TRACE 13448 --- [api-gateway] [    Test worker] o.s.b.f.s.DefaultListableBeanFactory     : Returning cached instance of singleton bean 'postFilterAuthorizationAdvisor'
2025-04-26T22:20:19.611+02:00 TRACE 13448 --- [api-gateway] [    Test worker] o.s.b.f.s.DefaultListableBeanFactory     : Returning cached instance of singleton bean 'postAuthorizeAuthorizationAdvisor'
2025-04-26T22:20:19.611+02:00 TRACE 13448 --- [api-gateway] [    Test worker] o.s.b.f.s.DefaultListableBeanFactory     : Returning cached instance of singleton bean 'jsr250AuthorizationAdvisor'
2025-04-26T22:20:19.611+02:00 TRACE 13448 --- [api-gateway] [    Test worker] o.s.b.f.s.DefaultListableBeanFactory     : Returning cached instance of singleton bean 'authorizeReturnObjectAdvisor'
2025-04-26T22:20:19.611+02:00 TRACE 13448 --- [api-gateway] [    Test worker] o.s.b.f.s.DefaultListableBeanFactory     : Finished creating instance of bean 'discoveryClient'
2025-04-26T22:20:19.611+02:00 DEBUG 13448 --- [api-gateway] [    Test worker] o.s.b.f.s.DefaultListableBeanFactory     : Autowiring by type from bean name 'compositeDiscoveryClient' via factory method to bean named 'simpleDiscoveryClient'
2025-04-26T22:20:19.611+02:00 DEBUG 13448 --- [api-gateway] [    Test worker] o.s.b.f.s.DefaultListableBeanFactory     : Autowiring by type from bean name 'compositeDiscoveryClient' via factory method to bean named 'discoveryClient'
2025-04-26T22:20:19.612+02:00 TRACE 13448 --- [api-gateway] [    Test worker] o.s.b.f.s.DefaultListableBeanFactory     : Returning cached instance of singleton bean 'preFilterAuthorizationAdvisor'
2025-04-26T22:20:19.612+02:00 TRACE 13448 --- [api-gateway] [    Test worker] o.s.b.f.s.DefaultListableBeanFactory     : Returning cached instance of singleton bean 'preAuthorizeAuthorizationAdvisor'
2025-04-26T22:20:19.612+02:00 TRACE 13448 --- [api-gateway] [    Test worker] o.s.b.f.s.DefaultListableBeanFactory     : Returning cached instance of singleton bean 'postFilterAuthorizationAdvisor'
2025-04-26T22:20:19.612+02:00 TRACE 13448 --- [api-gateway] [    Test worker] o.s.b.f.s.DefaultListableBeanFactory     : Returning cached instance of singleton bean 'postAuthorizeAuthorizationAdvisor'
2025-04-26T22:20:19.612+02:00 TRACE 13448 --- [api-gateway] [    Test worker] o.s.b.f.s.DefaultListableBeanFactory     : Returning cached instance of singleton bean 'jsr250AuthorizationAdvisor'
2025-04-26T22:20:19.612+02:00 TRACE 13448 --- [api-gateway] [    Test worker] o.s.b.f.s.DefaultListableBeanFactory     : Returning cached instance of singleton bean 'authorizeReturnObjectAdvisor'
2025-04-26T22:20:19.612+02:00 TRACE 13448 --- [api-gateway] [    Test worker] o.s.b.f.s.DefaultListableBeanFactory     : Finished creating instance of bean 'compositeDiscoveryClient'
2025-04-26T22:20:19.612+02:00 DEBUG 13448 --- [api-gateway] [    Test worker] o.s.b.f.s.DefaultListableBeanFactory     : Creating shared instance of singleton bean 'org.springframework.cloud.gateway.discovery.GatewayDiscoveryClientAutoConfiguration$ReactiveDiscoveryClientRouteDefinitionLocatorConfiguration'
2025-04-26T22:20:19.612+02:00 TRACE 13448 --- [api-gateway] [    Test worker] o.s.b.f.s.DefaultListableBeanFactory     : Creating instance of bean 'org.springframework.cloud.gateway.discovery.GatewayDiscoveryClientAutoConfiguration$ReactiveDiscoveryClientRouteDefinitionLocatorConfiguration'
2025-04-26T22:20:19.613+02:00 TRACE 13448 --- [api-gateway] [    Test worker] o.s.b.f.s.DefaultListableBeanFactory     : Returning cached instance of singleton bean 'preFilterAuthorizationAdvisor'
2025-04-26T22:20:19.613+02:00 TRACE 13448 --- [api-gateway] [    Test worker] o.s.b.f.s.DefaultListableBeanFactory     : Returning cached instance of singleton bean 'preAuthorizeAuthorizationAdvisor'
2025-04-26T22:20:19.613+02:00 TRACE 13448 --- [api-gateway] [    Test worker] o.s.b.f.s.DefaultListableBeanFactory     : Returning cached instance of singleton bean 'postFilterAuthorizationAdvisor'
2025-04-26T22:20:19.613+02:00 TRACE 13448 --- [api-gateway] [    Test worker] o.s.b.f.s.DefaultListableBeanFactory     : Returning cached instance of singleton bean 'postAuthorizeAuthorizationAdvisor'
2025-04-26T22:20:19.613+02:00 TRACE 13448 --- [api-gateway] [    Test worker] o.s.b.f.s.DefaultListableBeanFactory     : Returning cached instance of singleton bean 'jsr250AuthorizationAdvisor'
2025-04-26T22:20:19.613+02:00 TRACE 13448 --- [api-gateway] [    Test worker] o.s.b.f.s.DefaultListableBeanFactory     : Returning cached instance of singleton bean 'authorizeReturnObjectAdvisor'
2025-04-26T22:20:19.614+02:00 TRACE 13448 --- [api-gateway] [    Test worker] o.s.b.f.s.DefaultListableBeanFactory     : Finished creating instance of bean 'org.springframework.cloud.gateway.discovery.GatewayDiscoveryClientAutoConfiguration$ReactiveDiscoveryClientRouteDefinitionLocatorConfiguration'
2025-04-26T22:20:19.614+02:00 DEBUG 13448 --- [api-gateway] [    Test worker] o.s.b.f.s.DefaultListableBeanFactory     : Creating shared instance of singleton bean 'org.springframework.cloud.gateway.discovery.GatewayDiscoveryClientAutoConfiguration'
2025-04-26T22:20:19.614+02:00 TRACE 13448 --- [api-gateway] [    Test worker] o.s.b.f.s.DefaultListableBeanFactory     : Creating instance of bean 'org.springframework.cloud.gateway.discovery.GatewayDiscoveryClientAutoConfiguration'
2025-04-26T22:20:19.614+02:00 TRACE 13448 --- [api-gateway] [    Test worker] o.s.b.f.s.DefaultListableBeanFactory     : Returning cached instance of singleton bean 'preFilterAuthorizationAdvisor'
2025-04-26T22:20:19.614+02:00 TRACE 13448 --- [api-gateway] [    Test worker] o.s.b.f.s.DefaultListableBeanFactory     : Returning cached instance of singleton bean 'preAuthorizeAuthorizationAdvisor'
2025-04-26T22:20:19.614+02:00 TRACE 13448 --- [api-gateway] [    Test worker] o.s.b.f.s.DefaultListableBeanFactory     : Returning cached instance of singleton bean 'postFilterAuthorizationAdvisor'
2025-04-26T22:20:19.614+02:00 TRACE 13448 --- [api-gateway] [    Test worker] o.s.b.f.s.DefaultListableBeanFactory     : Returning cached instance of singleton bean 'postAuthorizeAuthorizationAdvisor'
2025-04-26T22:20:19.614+02:00 TRACE 13448 --- [api-gateway] [    Test worker] o.s.b.f.s.DefaultListableBeanFactory     : Returning cached instance of singleton bean 'jsr250AuthorizationAdvisor'
2025-04-26T22:20:19.614+02:00 TRACE 13448 --- [api-gateway] [    Test worker] o.s.b.f.s.DefaultListableBeanFactory     : Returning cached instance of singleton bean 'authorizeReturnObjectAdvisor'
2025-04-26T22:20:19.614+02:00 TRACE 13448 --- [api-gateway] [    Test worker] o.s.b.f.s.DefaultListableBeanFactory     : Finished creating instance of bean 'org.springframework.cloud.gateway.discovery.GatewayDiscoveryClientAutoConfiguration'
2025-04-26T22:20:19.614+02:00 DEBUG 13448 --- [api-gateway] [    Test worker] o.s.b.f.s.DefaultListableBeanFactory     : Creating shared instance of singleton bean 'discoveryLocatorProperties'
2025-04-26T22:20:19.614+02:00 TRACE 13448 --- [api-gateway] [    Test worker] o.s.b.f.s.DefaultListableBeanFactory     : Creating instance of bean 'discoveryLocatorProperties'
2025-04-26T22:20:19.614+02:00 TRACE 13448 --- [api-gateway] [    Test worker] o.s.b.f.s.DefaultListableBeanFactory     : Returning cached instance of singleton bean 'org.springframework.cloud.gateway.discovery.GatewayDiscoveryClientAutoConfiguration'
2025-04-26T22:20:19.616+02:00 TRACE 13448 --- [api-gateway] [    Test worker] o.s.b.f.s.DefaultListableBeanFactory     : Returning cached instance of singleton bean 'org.springframework.boot.context.properties.BoundConfigurationProperties'
2025-04-26T22:20:19.618+02:00 TRACE 13448 --- [api-gateway] [    Test worker] o.s.b.f.s.DefaultListableBeanFactory     : Returning cached instance of singleton bean 'preFilterAuthorizationAdvisor'
2025-04-26T22:20:19.618+02:00 TRACE 13448 --- [api-gateway] [    Test worker] o.s.b.f.s.DefaultListableBeanFactory     : Returning cached instance of singleton bean 'preAuthorizeAuthorizationAdvisor'
2025-04-26T22:20:19.618+02:00 TRACE 13448 --- [api-gateway] [    Test worker] o.s.b.f.s.DefaultListableBeanFactory     : Returning cached instance of singleton bean 'postFilterAuthorizationAdvisor'
2025-04-26T22:20:19.618+02:00 TRACE 13448 --- [api-gateway] [    Test worker] o.s.b.f.s.DefaultListableBeanFactory     : Returning cached instance of singleton bean 'postAuthorizeAuthorizationAdvisor'
2025-04-26T22:20:19.618+02:00 TRACE 13448 --- [api-gateway] [    Test worker] o.s.b.f.s.DefaultListableBeanFactory     : Returning cached instance of singleton bean 'jsr250AuthorizationAdvisor'
2025-04-26T22:20:19.618+02:00 TRACE 13448 --- [api-gateway] [    Test worker] o.s.b.f.s.DefaultListableBeanFactory     : Returning cached instance of singleton bean 'authorizeReturnObjectAdvisor'
2025-04-26T22:20:19.619+02:00 TRACE 13448 --- [api-gateway] [    Test worker] o.s.b.f.s.DefaultListableBeanFactory     : Finished creating instance of bean 'discoveryLocatorProperties'
2025-04-26T22:20:19.619+02:00 DEBUG 13448 --- [api-gateway] [    Test worker] o.s.b.f.s.DefaultListableBeanFactory     : Creating shared instance of singleton bean 'org.springframework.cloud.gateway.config.GatewayAutoConfiguration$NettyConfiguration'
2025-04-26T22:20:19.619+02:00 TRACE 13448 --- [api-gateway] [    Test worker] o.s.b.f.s.DefaultListableBeanFactory     : Creating instance of bean 'org.springframework.cloud.gateway.config.GatewayAutoConfiguration$NettyConfiguration'
2025-04-26T22:20:19.619+02:00 TRACE 13448 --- [api-gateway] [    Test worker] o.s.b.f.s.DefaultListableBeanFactory     : Returning cached instance of singleton bean 'preFilterAuthorizationAdvisor'
2025-04-26T22:20:19.619+02:00 TRACE 13448 --- [api-gateway] [    Test worker] o.s.b.f.s.DefaultListableBeanFactory     : Returning cached instance of singleton bean 'preAuthorizeAuthorizationAdvisor'
2025-04-26T22:20:19.619+02:00 TRACE 13448 --- [api-gateway] [    Test worker] o.s.b.f.s.DefaultListableBeanFactory     : Returning cached instance of singleton bean 'postFilterAuthorizationAdvisor'
2025-04-26T22:20:19.619+02:00 TRACE 13448 --- [api-gateway] [    Test worker] o.s.b.f.s.DefaultListableBeanFactory     : Returning cached instance of singleton bean 'postAuthorizeAuthorizationAdvisor'
2025-04-26T22:20:19.619+02:00 TRACE 13448 --- [api-gateway] [    Test worker] o.s.b.f.s.DefaultListableBeanFactory     : Returning cached instance of singleton bean 'jsr250AuthorizationAdvisor'
2025-04-26T22:20:19.619+02:00 TRACE 13448 --- [api-gateway] [    Test worker] o.s.b.f.s.DefaultListableBeanFactory     : Returning cached instance of singleton bean 'authorizeReturnObjectAdvisor'
2025-04-26T22:20:19.619+02:00 TRACE 13448 --- [api-gateway] [    Test worker] o.s.b.f.s.DefaultListableBeanFactory     : Finished creating instance of bean 'org.springframework.cloud.gateway.config.GatewayAutoConfiguration$NettyConfiguration'
2025-04-26T22:20:19.619+02:00 DEBUG 13448 --- [api-gateway] [    Test worker] o.s.b.f.s.DefaultListableBeanFactory     : Creating shared instance of singleton bean 'httpClientSslConfigurer'
2025-04-26T22:20:19.619+02:00 TRACE 13448 --- [api-gateway] [    Test worker] o.s.b.f.s.DefaultListableBeanFactory     : Creating instance of bean 'httpClientSslConfigurer'
2025-04-26T22:20:19.619+02:00 TRACE 13448 --- [api-gateway] [    Test worker] o.s.b.f.s.DefaultListableBeanFactory     : Returning cached instance of singleton bean 'org.springframework.cloud.gateway.config.GatewayAutoConfiguration$NettyConfiguration'
2025-04-26T22:20:19.620+02:00 TRACE 13448 --- [api-gateway] [    Test worker] o.s.b.f.s.DefaultListableBeanFactory     : Returning cached instance of singleton bean 'server-org.springframework.boot.autoconfigure.web.ServerProperties'
2025-04-26T22:20:19.620+02:00 DEBUG 13448 --- [api-gateway] [    Test worker] o.s.b.f.s.DefaultListableBeanFactory     : Creating shared instance of singleton bean 'httpClientProperties'
2025-04-26T22:20:19.620+02:00 TRACE 13448 --- [api-gateway] [    Test worker] o.s.b.f.s.DefaultListableBeanFactory     : Creating instance of bean 'httpClientProperties'
2025-04-26T22:20:19.620+02:00 TRACE 13448 --- [api-gateway] [    Test worker] o.s.b.f.s.DefaultListableBeanFactory     : Returning cached instance of singleton bean 'org.springframework.cloud.gateway.config.GatewayAutoConfiguration$NettyConfiguration'
2025-04-26T22:20:19.624+02:00 DEBUG 13448 --- [api-gateway] [    Test worker] .h.v.m.ResourceBundleMessageInterpolator : Failed to load expression factory via classloader jdk.internal.loader.ClassLoaders$AppClassLoader@73d16e93

java.lang.NoClassDefFoundError: jakarta/el/ExpressionFactory
	at org.hibernate.validator.messageinterpolation.ResourceBundleMessageInterpolator.canLoadExpressionFactory(ResourceBundleMessageInterpolator.java:228) ~[hibernate-validator-8.0.2.Final.jar:8.0.2.Final]
	at org.hibernate.validator.messageinterpolation.ResourceBundleMessageInterpolator.buildExpressionFactory(ResourceBundleMessageInterpolator.java:173) ~[hibernate-validator-8.0.2.Final.jar:8.0.2.Final]
	at org.hibernate.validator.messageinterpolation.ResourceBundleMessageInterpolator.<init>(ResourceBundleMessageInterpolator.java:97) ~[hibernate-validator-8.0.2.Final.jar:8.0.2.Final]
	at org.hibernate.validator.internal.engine.AbstractConfigurationImpl.getDefaultMessageInterpolator(AbstractConfigurationImpl.java:575) ~[hibernate-validator-8.0.2.Final.jar:8.0.2.Final]
	at org.springframework.boot.validation.MessageInterpolatorFactory.getMessageInterpolator(MessageInterpolatorFactory.java:79) ~[spring-boot-3.4.4.jar:3.4.4]
	at org.springframework.boot.validation.MessageInterpolatorFactory.getObject(MessageInterpolatorFactory.java:70) ~[spring-boot-3.4.4.jar:3.4.4]
	at org.springframework.boot.context.properties.ConfigurationPropertiesJsr303Validator$Delegate.<init>(ConfigurationPropertiesJsr303Validator.java:71) ~[spring-boot-3.4.4.jar:3.4.4]
	at org.springframework.boot.context.properties.ConfigurationPropertiesJsr303Validator.<init>(ConfigurationPropertiesJsr303Validator.java:43) ~[spring-boot-3.4.4.jar:3.4.4]
	at org.springframework.boot.context.properties.ConfigurationPropertiesBinder.getJsr303Validator(ConfigurationPropertiesBinder.java:178) ~[spring-boot-3.4.4.jar:3.4.4]
	at org.springframework.boot.context.properties.ConfigurationPropertiesBinder.getValidators(ConfigurationPropertiesBinder.java:156) ~[spring-boot-3.4.4.jar:3.4.4]
	at org.springframework.boot.context.properties.ConfigurationPropertiesBinder.getBindHandler(ConfigurationPropertiesBinder.java:112) ~[spring-boot-3.4.4.jar:3.4.4]
	at org.springframework.boot.context.properties.ConfigurationPropertiesBinder.bind(ConfigurationPropertiesBinder.java:93) ~[spring-boot-3.4.4.jar:3.4.4]
	at org.springframework.boot.context.properties.ConfigurationPropertiesBindingPostProcessor.bind(ConfigurationPropertiesBindingPostProcessor.java:96) ~[spring-boot-3.4.4.jar:3.4.4]
	at org.springframework.boot.context.properties.ConfigurationPropertiesBindingPostProcessor.postProcessBeforeInitialization(ConfigurationPropertiesBindingPostProcessor.java:79) ~[spring-boot-3.4.4.jar:3.4.4]
	at org.springframework.beans.factory.support.AbstractAutowireCapableBeanFactory.applyBeanPostProcessorsBeforeInitialization(AbstractAutowireCapableBeanFactory.java:423) ~[spring-beans-6.2.5.jar:6.2.5]
	at org.springframework.beans.factory.support.AbstractAutowireCapableBeanFactory.initializeBean(AbstractAutowireCapableBeanFactory.java:1804) ~[spring-beans-6.2.5.jar:6.2.5]
	at org.springframework.beans.factory.support.AbstractAutowireCapableBeanFactory.doCreateBean(AbstractAutowireCapableBeanFactory.java:601) ~[spring-beans-6.2.5.jar:6.2.5]
	at org.springframework.beans.factory.support.AbstractAutowireCapableBeanFactory.createBean(AbstractAutowireCapableBeanFactory.java:523) ~[spring-beans-6.2.5.jar:6.2.5]
	at org.springframework.beans.factory.support.AbstractBeanFactory.lambda$doGetBean$0(AbstractBeanFactory.java:339) ~[spring-beans-6.2.5.jar:6.2.5]
	at org.springframework.beans.factory.support.DefaultSingletonBeanRegistry.getSingleton(DefaultSingletonBeanRegistry.java:347) ~[spring-beans-6.2.5.jar:6.2.5]
	at org.springframework.beans.factory.support.AbstractBeanFactory.doGetBean(AbstractBeanFactory.java:337) ~[spring-beans-6.2.5.jar:6.2.5]
	at org.springframework.beans.factory.support.AbstractBeanFactory.getBean(AbstractBeanFactory.java:202) ~[spring-beans-6.2.5.jar:6.2.5]
	at org.springframework.beans.factory.support.DefaultListableBeanFactory.doResolveDependency(DefaultListableBeanFactory.java:1609) ~[spring-beans-6.2.5.jar:6.2.5]
	at org.springframework.beans.factory.support.DefaultListableBeanFactory.resolveDependency(DefaultListableBeanFactory.java:1555) ~[spring-beans-6.2.5.jar:6.2.5]
	at org.springframework.beans.factory.support.ConstructorResolver.resolveAutowiredArgument(ConstructorResolver.java:913) ~[spring-beans-6.2.5.jar:6.2.5]
	at org.springframework.beans.factory.support.ConstructorResolver.createArgumentArray(ConstructorResolver.java:791) ~[spring-beans-6.2.5.jar:6.2.5]
	at org.springframework.beans.factory.support.ConstructorResolver.instantiateUsingFactoryMethod(ConstructorResolver.java:546) ~[spring-beans-6.2.5.jar:6.2.5]
	at org.springframework.beans.factory.support.AbstractAutowireCapableBeanFactory.instantiateUsingFactoryMethod(AbstractAutowireCapableBeanFactory.java:1361) ~[spring-beans-6.2.5.jar:6.2.5]
	at org.springframework.beans.factory.support.AbstractAutowireCapableBeanFactory.createBeanInstance(AbstractAutowireCapableBeanFactory.java:1191) ~[spring-beans-6.2.5.jar:6.2.5]
	at org.springframework.beans.factory.support.AbstractAutowireCapableBeanFactory.doCreateBean(AbstractAutowireCapableBeanFactory.java:563) ~[spring-beans-6.2.5.jar:6.2.5]
	at org.springframework.beans.factory.support.AbstractAutowireCapableBeanFactory.createBean(AbstractAutowireCapableBeanFactory.java:523) ~[spring-beans-6.2.5.jar:6.2.5]
	at org.springframework.beans.factory.support.AbstractBeanFactory.lambda$doGetBean$0(AbstractBeanFactory.java:339) ~[spring-beans-6.2.5.jar:6.2.5]
	at org.springframework.beans.factory.support.DefaultSingletonBeanRegistry.getSingleton(DefaultSingletonBeanRegistry.java:347) ~[spring-beans-6.2.5.jar:6.2.5]
	at org.springframework.beans.factory.support.AbstractBeanFactory.doGetBean(AbstractBeanFactory.java:337) ~[spring-beans-6.2.5.jar:6.2.5]
	at org.springframework.beans.factory.support.AbstractBeanFactory.getBean(AbstractBeanFactory.java:202) ~[spring-beans-6.2.5.jar:6.2.5]
	at org.springframework.beans.factory.support.DefaultListableBeanFactory.instantiateSingleton(DefaultListableBeanFactory.java:1155) ~[spring-beans-6.2.5.jar:6.2.5]
	at org.springframework.beans.factory.support.DefaultListableBeanFactory.preInstantiateSingleton(DefaultListableBeanFactory.java:1121) ~[spring-beans-6.2.5.jar:6.2.5]
	at org.springframework.beans.factory.support.DefaultListableBeanFactory.preInstantiateSingletons(DefaultListableBeanFactory.java:1056) ~[spring-beans-6.2.5.jar:6.2.5]
	at org.springframework.context.support.AbstractApplicationContext.finishBeanFactoryInitialization(AbstractApplicationContext.java:987) ~[spring-context-6.2.5.jar:6.2.5]
	at org.springframework.context.support.AbstractApplicationContext.refresh(AbstractApplicationContext.java:627) ~[spring-context-6.2.5.jar:6.2.5]
	at org.springframework.boot.SpringApplication.refresh(SpringApplication.java:752) ~[spring-boot-3.4.4.jar:3.4.4]
	at org.springframework.boot.SpringApplication.refreshContext(SpringApplication.java:439) ~[spring-boot-3.4.4.jar:3.4.4]
	at org.springframework.boot.SpringApplication.run(SpringApplication.java:318) ~[spring-boot-3.4.4.jar:3.4.4]
	at org.springframework.boot.test.context.SpringBootContextLoader.lambda$loadContext$3(SpringBootContextLoader.java:144) ~[spring-boot-test-3.4.4.jar:3.4.4]
	at org.springframework.util.function.ThrowingSupplier.get(ThrowingSupplier.java:58) ~[spring-core-6.2.5.jar:6.2.5]
	at org.springframework.util.function.ThrowingSupplier.get(ThrowingSupplier.java:46) ~[spring-core-6.2.5.jar:6.2.5]
	at org.springframework.boot.SpringApplication.withHook(SpringApplication.java:1461) ~[spring-boot-3.4.4.jar:3.4.4]
	at org.springframework.boot.test.context.SpringBootContextLoader$ContextLoaderHook.run(SpringBootContextLoader.java:563) ~[spring-boot-test-3.4.4.jar:3.4.4]
	at org.springframework.boot.test.context.SpringBootContextLoader.loadContext(SpringBootContextLoader.java:144) ~[spring-boot-test-3.4.4.jar:3.4.4]
	at org.springframework.boot.test.context.SpringBootContextLoader.loadContext(SpringBootContextLoader.java:110) ~[spring-boot-test-3.4.4.jar:3.4.4]
	at org.springframework.test.context.cache.DefaultCacheAwareContextLoaderDelegate.loadContextInternal(DefaultCacheAwareContextLoaderDelegate.java:225) ~[spring-test-6.2.5.jar:6.2.5]
	at org.springframework.test.context.cache.DefaultCacheAwareContextLoaderDelegate.loadContext(DefaultCacheAwareContextLoaderDelegate.java:152) ~[spring-test-6.2.5.jar:6.2.5]
	at org.springframework.test.context.support.DefaultTestContext.getApplicationContext(DefaultTestContext.java:130) ~[spring-test-6.2.5.jar:6.2.5]
	at org.springframework.test.context.support.DependencyInjectionTestExecutionListener.injectDependencies(DependencyInjectionTestExecutionListener.java:155) ~[spring-test-6.2.5.jar:6.2.5]
	at org.springframework.test.context.support.DependencyInjectionTestExecutionListener.prepareTestInstance(DependencyInjectionTestExecutionListener.java:111) ~[spring-test-6.2.5.jar:6.2.5]
	at org.springframework.test.context.TestContextManager.prepareTestInstance(TestContextManager.java:260) ~[spring-test-6.2.5.jar:6.2.5]
	at org.springframework.test.context.junit.jupiter.SpringExtension.postProcessTestInstance(SpringExtension.java:160) ~[spring-test-6.2.5.jar:6.2.5]
	at org.junit.jupiter.engine.descriptor.ClassBasedTestDescriptor.lambda$invokeTestInstancePostProcessors$11(ClassBasedTestDescriptor.java:378) ~[junit-jupiter-engine-5.11.4.jar:5.11.4]
	at org.junit.jupiter.engine.descriptor.ClassBasedTestDescriptor.executeAndMaskThrowable(ClassBasedTestDescriptor.java:383) ~[junit-jupiter-engine-5.11.4.jar:5.11.4]
	at org.junit.jupiter.engine.descriptor.ClassBasedTestDescriptor.lambda$invokeTestInstancePostProcessors$12(ClassBasedTestDescriptor.java:378) ~[junit-jupiter-engine-5.11.4.jar:5.11.4]
	at java.base/java.util.stream.ForEachOps$ForEachOp$OfRef.accept(ForEachOps.java:183) ~[na:na]
	at java.base/java.util.stream.ReferencePipeline$3$1.accept(ReferencePipeline.java:197) ~[na:na]
	at java.base/java.util.stream.ReferencePipeline$2$1.accept(ReferencePipeline.java:179) ~[na:na]
	at java.base/java.util.stream.ReferencePipeline$3$1.accept(ReferencePipeline.java:197) ~[na:na]
	at java.base/java.util.ArrayList$ArrayListSpliterator.forEachRemaining(ArrayList.java:1625) ~[na:na]
	at java.base/java.util.stream.AbstractPipeline.copyInto(AbstractPipeline.java:509) ~[na:na]
	at java.base/java.util.stream.AbstractPipeline.wrapAndCopyInto(AbstractPipeline.java:499) ~[na:na]
	at java.base/java.util.stream.ForEachOps$ForEachOp.evaluateSequential(ForEachOps.java:150) ~[na:na]
	at java.base/java.util.stream.ForEachOps$ForEachOp$OfRef.evaluateSequential(ForEachOps.java:173) ~[na:na]
	at java.base/java.util.stream.AbstractPipeline.evaluate(AbstractPipeline.java:234) ~[na:na]
	at java.base/java.util.stream.ReferencePipeline.forEach(ReferencePipeline.java:596) ~[na:na]
	at org.junit.jupiter.engine.descriptor.ClassBasedTestDescriptor.invokeTestInstancePostProcessors(ClassBasedTestDescriptor.java:377) ~[junit-jupiter-engine-5.11.4.jar:5.11.4]
	at org.junit.jupiter.engine.descriptor.ClassBasedTestDescriptor.lambda$instantiateAndPostProcessTestInstance$7(ClassBasedTestDescriptor.java:290) ~[junit-jupiter-engine-5.11.4.jar:5.11.4]
	at org.junit.platform.engine.support.hierarchical.ThrowableCollector.execute(ThrowableCollector.java:73) ~[junit-platform-engine-1.11.4.jar:1.11.4]
	at org.junit.jupiter.engine.descriptor.ClassBasedTestDescriptor.instantiateAndPostProcessTestInstance(ClassBasedTestDescriptor.java:289) ~[junit-jupiter-engine-5.11.4.jar:5.11.4]
	at org.junit.jupiter.engine.descriptor.ClassBasedTestDescriptor.lambda$testInstancesProvider$5(ClassBasedTestDescriptor.java:279) ~[junit-jupiter-engine-5.11.4.jar:5.11.4]
	at java.base/java.util.Optional.orElseGet(Optional.java:364) ~[na:na]
	at org.junit.jupiter.engine.descriptor.ClassBasedTestDescriptor.lambda$testInstancesProvider$6(ClassBasedTestDescriptor.java:278) ~[junit-jupiter-engine-5.11.4.jar:5.11.4]
	at org.junit.jupiter.engine.execution.TestInstancesProvider.getTestInstances(TestInstancesProvider.java:31) ~[junit-jupiter-engine-5.11.4.jar:5.11.4]
	at org.junit.jupiter.engine.descriptor.TestMethodTestDescriptor.lambda$prepare$1(TestMethodTestDescriptor.java:105) ~[junit-jupiter-engine-5.11.4.jar:5.11.4]
	at org.junit.platform.engine.support.hierarchical.ThrowableCollector.execute(ThrowableCollector.java:73) ~[junit-platform-engine-1.11.4.jar:1.11.4]
	at org.junit.jupiter.engine.descriptor.TestMethodTestDescriptor.prepare(TestMethodTestDescriptor.java:104) ~[junit-jupiter-engine-5.11.4.jar:5.11.4]
	at org.junit.jupiter.engine.descriptor.TestMethodTestDescriptor.prepare(TestMethodTestDescriptor.java:68) ~[junit-jupiter-engine-5.11.4.jar:5.11.4]
	at org.junit.platform.engine.support.hierarchical.NodeTestTask.lambda$prepare$2(NodeTestTask.java:128) ~[junit-platform-engine-1.11.4.jar:1.11.4]
	at org.junit.platform.engine.support.hierarchical.ThrowableCollector.execute(ThrowableCollector.java:73) ~[junit-platform-engine-1.11.4.jar:1.11.4]
	at org.junit.platform.engine.support.hierarchical.NodeTestTask.prepare(NodeTestTask.java:128) ~[junit-platform-engine-1.11.4.jar:1.11.4]
	at org.junit.platform.engine.support.hierarchical.NodeTestTask.execute(NodeTestTask.java:95) ~[junit-platform-engine-1.11.4.jar:1.11.4]
	at java.base/java.util.ArrayList.forEach(ArrayList.java:1511) ~[na:na]
	at org.junit.platform.engine.support.hierarchical.SameThreadHierarchicalTestExecutorService.invokeAll(SameThreadHierarchicalTestExecutorService.java:41) ~[junit-platform-engine-1.11.4.jar:1.11.4]
	at org.junit.platform.engine.support.hierarchical.NodeTestTask.lambda$executeRecursively$6(NodeTestTask.java:160) ~[junit-platform-engine-1.11.4.jar:1.11.4]
	at org.junit.platform.engine.support.hierarchical.ThrowableCollector.execute(ThrowableCollector.java:73) ~[junit-platform-engine-1.11.4.jar:1.11.4]
	at org.junit.platform.engine.support.hierarchical.NodeTestTask.lambda$executeRecursively$8(NodeTestTask.java:146) ~[junit-platform-engine-1.11.4.jar:1.11.4]
	at org.junit.platform.engine.support.hierarchical.Node.around(Node.java:137) ~[junit-platform-engine-1.11.4.jar:1.11.4]
	at org.junit.platform.engine.support.hierarchical.NodeTestTask.lambda$executeRecursively$9(NodeTestTask.java:144) ~[junit-platform-engine-1.11.4.jar:1.11.4]
	at org.junit.platform.engine.support.hierarchical.ThrowableCollector.execute(ThrowableCollector.java:73) ~[junit-platform-engine-1.11.4.jar:1.11.4]
	at org.junit.platform.engine.support.hierarchical.NodeTestTask.executeRecursively(NodeTestTask.java:143) ~[junit-platform-engine-1.11.4.jar:1.11.4]
	at org.junit.platform.engine.support.hierarchical.NodeTestTask.execute(NodeTestTask.java:100) ~[junit-platform-engine-1.11.4.jar:1.11.4]
	at java.base/java.util.ArrayList.forEach(ArrayList.java:1511) ~[na:na]
	at org.junit.platform.engine.support.hierarchical.SameThreadHierarchicalTestExecutorService.invokeAll(SameThreadHierarchicalTestExecutorService.java:41) ~[junit-platform-engine-1.11.4.jar:1.11.4]
	at org.junit.platform.engine.support.hierarchical.NodeTestTask.lambda$executeRecursively$6(NodeTestTask.java:160) ~[junit-platform-engine-1.11.4.jar:1.11.4]
	at org.junit.platform.engine.support.hierarchical.ThrowableCollector.execute(ThrowableCollector.java:73) ~[junit-platform-engine-1.11.4.jar:1.11.4]
	at org.junit.platform.engine.support.hierarchical.NodeTestTask.lambda$executeRecursively$8(NodeTestTask.java:146) ~[junit-platform-engine-1.11.4.jar:1.11.4]
	at org.junit.platform.engine.support.hierarchical.Node.around(Node.java:137) ~[junit-platform-engine-1.11.4.jar:1.11.4]
	at org.junit.platform.engine.support.hierarchical.NodeTestTask.lambda$executeRecursively$9(NodeTestTask.java:144) ~[junit-platform-engine-1.11.4.jar:1.11.4]
	at org.junit.platform.engine.support.hierarchical.ThrowableCollector.execute(ThrowableCollector.java:73) ~[junit-platform-engine-1.11.4.jar:1.11.4]
	at org.junit.platform.engine.support.hierarchical.NodeTestTask.executeRecursively(NodeTestTask.java:143) ~[junit-platform-engine-1.11.4.jar:1.11.4]
	at org.junit.platform.engine.support.hierarchical.NodeTestTask.execute(NodeTestTask.java:100) ~[junit-platform-engine-1.11.4.jar:1.11.4]
	at org.junit.platform.engine.support.hierarchical.SameThreadHierarchicalTestExecutorService.submit(SameThreadHierarchicalTestExecutorService.java:35) ~[junit-platform-engine-1.11.4.jar:1.11.4]
	at org.junit.platform.engine.support.hierarchical.HierarchicalTestExecutor.execute(HierarchicalTestExecutor.java:57) ~[junit-platform-engine-1.11.4.jar:1.11.4]
	at org.junit.platform.engine.support.hierarchical.HierarchicalTestEngine.execute(HierarchicalTestEngine.java:54) ~[junit-platform-engine-1.11.4.jar:1.11.4]
	at org.junit.platform.launcher.core.EngineExecutionOrchestrator.execute(EngineExecutionOrchestrator.java:198) ~[junit-platform-launcher-1.11.4.jar:1.11.4]
	at org.junit.platform.launcher.core.EngineExecutionOrchestrator.execute(EngineExecutionOrchestrator.java:169) ~[junit-platform-launcher-1.11.4.jar:1.11.4]
	at org.junit.platform.launcher.core.EngineExecutionOrchestrator.execute(EngineExecutionOrchestrator.java:93) ~[junit-platform-launcher-1.11.4.jar:1.11.4]
	at org.junit.platform.launcher.core.EngineExecutionOrchestrator.lambda$execute$0(EngineExecutionOrchestrator.java:58) ~[junit-platform-launcher-1.11.4.jar:1.11.4]
	at org.junit.platform.launcher.core.EngineExecutionOrchestrator.withInterceptedStreams(EngineExecutionOrchestrator.java:141) ~[junit-platform-launcher-1.11.4.jar:1.11.4]
	at org.junit.platform.launcher.core.EngineExecutionOrchestrator.execute(EngineExecutionOrchestrator.java:57) ~[junit-platform-launcher-1.11.4.jar:1.11.4]
	at org.junit.platform.launcher.core.DefaultLauncher.execute(DefaultLauncher.java:103) ~[junit-platform-launcher-1.11.4.jar:1.11.4]
	at org.junit.platform.launcher.core.DefaultLauncher.execute(DefaultLauncher.java:85) ~[junit-platform-launcher-1.11.4.jar:1.11.4]
	at org.junit.platform.launcher.core.DelegatingLauncher.execute(DelegatingLauncher.java:47) ~[junit-platform-launcher-1.11.4.jar:1.11.4]
	at org.gradle.api.internal.tasks.testing.junitplatform.JUnitPlatformTestClassProcessor$CollectAllTestClassesExecutor.processAllTestClasses(JUnitPlatformTestClassProcessor.java:124) ~[na:na]
	at org.gradle.api.internal.tasks.testing.junitplatform.JUnitPlatformTestClassProcessor$CollectAllTestClassesExecutor.access$000(JUnitPlatformTestClassProcessor.java:99) ~[na:na]
	at org.gradle.api.internal.tasks.testing.junitplatform.JUnitPlatformTestClassProcessor.stop(JUnitPlatformTestClassProcessor.java:94) ~[na:na]
	at org.gradle.api.internal.tasks.testing.SuiteTestClassProcessor.stop(SuiteTestClassProcessor.java:63) ~[na:na]
	at java.base/jdk.internal.reflect.NativeMethodAccessorImpl.invoke0(Native Method) ~[na:na]
	at java.base/jdk.internal.reflect.NativeMethodAccessorImpl.invoke(NativeMethodAccessorImpl.java:77) ~[na:na]
	at java.base/jdk.internal.reflect.DelegatingMethodAccessorImpl.invoke(DelegatingMethodAccessorImpl.java:43) ~[na:na]
	at java.base/java.lang.reflect.Method.invoke(Method.java:568) ~[na:na]
	at org.gradle.internal.dispatch.ReflectionDispatch.dispatch(ReflectionDispatch.java:36) ~[na:na]
	at org.gradle.internal.dispatch.ReflectionDispatch.dispatch(ReflectionDispatch.java:24) ~[na:na]
	at org.gradle.internal.dispatch.ContextClassLoaderDispatch.dispatch(ContextClassLoaderDispatch.java:33) ~[na:na]
	at org.gradle.internal.dispatch.ProxyDispatchAdapter$DispatchingInvocationHandler.invoke(ProxyDispatchAdapter.java:92) ~[na:na]
	at jdk.proxy1/jdk.proxy1.$Proxy4.stop(Unknown Source) ~[na:na]
	at org.gradle.api.internal.tasks.testing.worker.TestWorker$3.run(TestWorker.java:200) ~[na:na]
	at org.gradle.api.internal.tasks.testing.worker.TestWorker.executeAndMaintainThreadName(TestWorker.java:132) ~[na:na]
	at org.gradle.api.internal.tasks.testing.worker.TestWorker.execute(TestWorker.java:103) ~[na:na]
	at org.gradle.api.internal.tasks.testing.worker.TestWorker.execute(TestWorker.java:63) ~[na:na]
	at org.gradle.process.internal.worker.child.ActionExecutionWorker.execute(ActionExecutionWorker.java:56) ~[na:na]
	at org.gradle.process.internal.worker.child.SystemApplicationClassLoaderWorker.call(SystemApplicationClassLoaderWorker.java:121) ~[na:na]
	at org.gradle.process.internal.worker.child.SystemApplicationClassLoaderWorker.call(SystemApplicationClassLoaderWorker.java:71) ~[na:na]
	at worker.org.gradle.process.internal.worker.GradleWorkerMain.run(GradleWorkerMain.java:69) ~[gradle-worker.jar:na]
	at worker.org.gradle.process.internal.worker.GradleWorkerMain.main(GradleWorkerMain.java:74) ~[gradle-worker.jar:na]
Caused by: java.lang.ClassNotFoundException: jakarta.el.ExpressionFactory
	... 141 common frames omitted

2025-04-26T22:20:19.628+02:00 DEBUG 13448 --- [api-gateway] [    Test worker] .h.v.m.ResourceBundleMessageInterpolator : Failed to load expression factory via classloader jdk.internal.loader.ClassLoaders$AppClassLoader@73d16e93

java.lang.NoClassDefFoundError: jakarta/el/ExpressionFactory
	at org.hibernate.validator.messageinterpolation.ResourceBundleMessageInterpolator.canLoadExpressionFactory(ResourceBundleMessageInterpolator.java:228) ~[hibernate-validator-8.0.2.Final.jar:8.0.2.Final]
	at org.hibernate.validator.messageinterpolation.ResourceBundleMessageInterpolator.buildExpressionFactory(ResourceBundleMessageInterpolator.java:186) ~[hibernate-validator-8.0.2.Final.jar:8.0.2.Final]
	at org.hibernate.validator.messageinterpolation.ResourceBundleMessageInterpolator.<init>(ResourceBundleMessageInterpolator.java:97) ~[hibernate-validator-8.0.2.Final.jar:8.0.2.Final]
	at org.hibernate.validator.internal.engine.AbstractConfigurationImpl.getDefaultMessageInterpolator(AbstractConfigurationImpl.java:575) ~[hibernate-validator-8.0.2.Final.jar:8.0.2.Final]
	at org.springframework.boot.validation.MessageInterpolatorFactory.getMessageInterpolator(MessageInterpolatorFactory.java:79) ~[spring-boot-3.4.4.jar:3.4.4]
	at org.springframework.boot.validation.MessageInterpolatorFactory.getObject(MessageInterpolatorFactory.java:70) ~[spring-boot-3.4.4.jar:3.4.4]
	at org.springframework.boot.context.properties.ConfigurationPropertiesJsr303Validator$Delegate.<init>(ConfigurationPropertiesJsr303Validator.java:71) ~[spring-boot-3.4.4.jar:3.4.4]
	at org.springframework.boot.context.properties.ConfigurationPropertiesJsr303Validator.<init>(ConfigurationPropertiesJsr303Validator.java:43) ~[spring-boot-3.4.4.jar:3.4.4]
	at org.springframework.boot.context.properties.ConfigurationPropertiesBinder.getJsr303Validator(ConfigurationPropertiesBinder.java:178) ~[spring-boot-3.4.4.jar:3.4.4]
	at org.springframework.boot.context.properties.ConfigurationPropertiesBinder.getValidators(ConfigurationPropertiesBinder.java:156) ~[spring-boot-3.4.4.jar:3.4.4]
	at org.springframework.boot.context.properties.ConfigurationPropertiesBinder.getBindHandler(ConfigurationPropertiesBinder.java:112) ~[spring-boot-3.4.4.jar:3.4.4]
	at org.springframework.boot.context.properties.ConfigurationPropertiesBinder.bind(ConfigurationPropertiesBinder.java:93) ~[spring-boot-3.4.4.jar:3.4.4]
	at org.springframework.boot.context.properties.ConfigurationPropertiesBindingPostProcessor.bind(ConfigurationPropertiesBindingPostProcessor.java:96) ~[spring-boot-3.4.4.jar:3.4.4]
	at org.springframework.boot.context.properties.ConfigurationPropertiesBindingPostProcessor.postProcessBeforeInitialization(ConfigurationPropertiesBindingPostProcessor.java:79) ~[spring-boot-3.4.4.jar:3.4.4]
	at org.springframework.beans.factory.support.AbstractAutowireCapableBeanFactory.applyBeanPostProcessorsBeforeInitialization(AbstractAutowireCapableBeanFactory.java:423) ~[spring-beans-6.2.5.jar:6.2.5]
	at org.springframework.beans.factory.support.AbstractAutowireCapableBeanFactory.initializeBean(AbstractAutowireCapableBeanFactory.java:1804) ~[spring-beans-6.2.5.jar:6.2.5]
	at org.springframework.beans.factory.support.AbstractAutowireCapableBeanFactory.doCreateBean(AbstractAutowireCapableBeanFactory.java:601) ~[spring-beans-6.2.5.jar:6.2.5]
	at org.springframework.beans.factory.support.AbstractAutowireCapableBeanFactory.createBean(AbstractAutowireCapableBeanFactory.java:523) ~[spring-beans-6.2.5.jar:6.2.5]
	at org.springframework.beans.factory.support.AbstractBeanFactory.lambda$doGetBean$0(AbstractBeanFactory.java:339) ~[spring-beans-6.2.5.jar:6.2.5]
	at org.springframework.beans.factory.support.DefaultSingletonBeanRegistry.getSingleton(DefaultSingletonBeanRegistry.java:347) ~[spring-beans-6.2.5.jar:6.2.5]
	at org.springframework.beans.factory.support.AbstractBeanFactory.doGetBean(AbstractBeanFactory.java:337) ~[spring-beans-6.2.5.jar:6.2.5]
	at org.springframework.beans.factory.support.AbstractBeanFactory.getBean(AbstractBeanFactory.java:202) ~[spring-beans-6.2.5.jar:6.2.5]
	at org.springframework.beans.factory.support.DefaultListableBeanFactory.doResolveDependency(DefaultListableBeanFactory.java:1609) ~[spring-beans-6.2.5.jar:6.2.5]
	at org.springframework.beans.factory.support.DefaultListableBeanFactory.resolveDependency(DefaultListableBeanFactory.java:1555) ~[spring-beans-6.2.5.jar:6.2.5]
	at org.springframework.beans.factory.support.ConstructorResolver.resolveAutowiredArgument(ConstructorResolver.java:913) ~[spring-beans-6.2.5.jar:6.2.5]
	at org.springframework.beans.factory.support.ConstructorResolver.createArgumentArray(ConstructorResolver.java:791) ~[spring-beans-6.2.5.jar:6.2.5]
	at org.springframework.beans.factory.support.ConstructorResolver.instantiateUsingFactoryMethod(ConstructorResolver.java:546) ~[spring-beans-6.2.5.jar:6.2.5]
	at org.springframework.beans.factory.support.AbstractAutowireCapableBeanFactory.instantiateUsingFactoryMethod(AbstractAutowireCapableBeanFactory.java:1361) ~[spring-beans-6.2.5.jar:6.2.5]
	at org.springframework.beans.factory.support.AbstractAutowireCapableBeanFactory.createBeanInstance(AbstractAutowireCapableBeanFactory.java:1191) ~[spring-beans-6.2.5.jar:6.2.5]
	at org.springframework.beans.factory.support.AbstractAutowireCapableBeanFactory.doCreateBean(AbstractAutowireCapableBeanFactory.java:563) ~[spring-beans-6.2.5.jar:6.2.5]
	at org.springframework.beans.factory.support.AbstractAutowireCapableBeanFactory.createBean(AbstractAutowireCapableBeanFactory.java:523) ~[spring-beans-6.2.5.jar:6.2.5]
	at org.springframework.beans.factory.support.AbstractBeanFactory.lambda$doGetBean$0(AbstractBeanFactory.java:339) ~[spring-beans-6.2.5.jar:6.2.5]
	at org.springframework.beans.factory.support.DefaultSingletonBeanRegistry.getSingleton(DefaultSingletonBeanRegistry.java:347) ~[spring-beans-6.2.5.jar:6.2.5]
	at org.springframework.beans.factory.support.AbstractBeanFactory.doGetBean(AbstractBeanFactory.java:337) ~[spring-beans-6.2.5.jar:6.2.5]
	at org.springframework.beans.factory.support.AbstractBeanFactory.getBean(AbstractBeanFactory.java:202) ~[spring-beans-6.2.5.jar:6.2.5]
	at org.springframework.beans.factory.support.DefaultListableBeanFactory.instantiateSingleton(DefaultListableBeanFactory.java:1155) ~[spring-beans-6.2.5.jar:6.2.5]
	at org.springframework.beans.factory.support.DefaultListableBeanFactory.preInstantiateSingleton(DefaultListableBeanFactory.java:1121) ~[spring-beans-6.2.5.jar:6.2.5]
	at org.springframework.beans.factory.support.DefaultListableBeanFactory.preInstantiateSingletons(DefaultListableBeanFactory.java:1056) ~[spring-beans-6.2.5.jar:6.2.5]
	at org.springframework.context.support.AbstractApplicationContext.finishBeanFactoryInitialization(AbstractApplicationContext.java:987) ~[spring-context-6.2.5.jar:6.2.5]
	at org.springframework.context.support.AbstractApplicationContext.refresh(AbstractApplicationContext.java:627) ~[spring-context-6.2.5.jar:6.2.5]
	at org.springframework.boot.SpringApplication.refresh(SpringApplication.java:752) ~[spring-boot-3.4.4.jar:3.4.4]
	at org.springframework.boot.SpringApplication.refreshContext(SpringApplication.java:439) ~[spring-boot-3.4.4.jar:3.4.4]
	at org.springframework.boot.SpringApplication.run(SpringApplication.java:318) ~[spring-boot-3.4.4.jar:3.4.4]
	at org.springframework.boot.test.context.SpringBootContextLoader.lambda$loadContext$3(SpringBootContextLoader.java:144) ~[spring-boot-test-3.4.4.jar:3.4.4]
	at org.springframework.util.function.ThrowingSupplier.get(ThrowingSupplier.java:58) ~[spring-core-6.2.5.jar:6.2.5]
	at org.springframework.util.function.ThrowingSupplier.get(ThrowingSupplier.java:46) ~[spring-core-6.2.5.jar:6.2.5]
	at org.springframework.boot.SpringApplication.withHook(SpringApplication.java:1461) ~[spring-boot-3.4.4.jar:3.4.4]
	at org.springframework.boot.test.context.SpringBootContextLoader$ContextLoaderHook.run(SpringBootContextLoader.java:563) ~[spring-boot-test-3.4.4.jar:3.4.4]
	at org.springframework.boot.test.context.SpringBootContextLoader.loadContext(SpringBootContextLoader.java:144) ~[spring-boot-test-3.4.4.jar:3.4.4]
	at org.springframework.boot.test.context.SpringBootContextLoader.loadContext(SpringBootContextLoader.java:110) ~[spring-boot-test-3.4.4.jar:3.4.4]
	at org.springframework.test.context.cache.DefaultCacheAwareContextLoaderDelegate.loadContextInternal(DefaultCacheAwareContextLoaderDelegate.java:225) ~[spring-test-6.2.5.jar:6.2.5]
	at org.springframework.test.context.cache.DefaultCacheAwareContextLoaderDelegate.loadContext(DefaultCacheAwareContextLoaderDelegate.java:152) ~[spring-test-6.2.5.jar:6.2.5]
	at org.springframework.test.context.support.DefaultTestContext.getApplicationContext(DefaultTestContext.java:130) ~[spring-test-6.2.5.jar:6.2.5]
	at org.springframework.test.context.support.DependencyInjectionTestExecutionListener.injectDependencies(DependencyInjectionTestExecutionListener.java:155) ~[spring-test-6.2.5.jar:6.2.5]
	at org.springframework.test.context.support.DependencyInjectionTestExecutionListener.prepareTestInstance(DependencyInjectionTestExecutionListener.java:111) ~[spring-test-6.2.5.jar:6.2.5]
	at org.springframework.test.context.TestContextManager.prepareTestInstance(TestContextManager.java:260) ~[spring-test-6.2.5.jar:6.2.5]
	at org.springframework.test.context.junit.jupiter.SpringExtension.postProcessTestInstance(SpringExtension.java:160) ~[spring-test-6.2.5.jar:6.2.5]
	at org.junit.jupiter.engine.descriptor.ClassBasedTestDescriptor.lambda$invokeTestInstancePostProcessors$11(ClassBasedTestDescriptor.java:378) ~[junit-jupiter-engine-5.11.4.jar:5.11.4]
	at org.junit.jupiter.engine.descriptor.ClassBasedTestDescriptor.executeAndMaskThrowable(ClassBasedTestDescriptor.java:383) ~[junit-jupiter-engine-5.11.4.jar:5.11.4]
	at org.junit.jupiter.engine.descriptor.ClassBasedTestDescriptor.lambda$invokeTestInstancePostProcessors$12(ClassBasedTestDescriptor.java:378) ~[junit-jupiter-engine-5.11.4.jar:5.11.4]
	at java.base/java.util.stream.ForEachOps$ForEachOp$OfRef.accept(ForEachOps.java:183) ~[na:na]
	at java.base/java.util.stream.ReferencePipeline$3$1.accept(ReferencePipeline.java:197) ~[na:na]
	at java.base/java.util.stream.ReferencePipeline$2$1.accept(ReferencePipeline.java:179) ~[na:na]
	at java.base/java.util.stream.ReferencePipeline$3$1.accept(ReferencePipeline.java:197) ~[na:na]
	at java.base/java.util.ArrayList$ArrayListSpliterator.forEachRemaining(ArrayList.java:1625) ~[na:na]
	at java.base/java.util.stream.AbstractPipeline.copyInto(AbstractPipeline.java:509) ~[na:na]
	at java.base/java.util.stream.AbstractPipeline.wrapAndCopyInto(AbstractPipeline.java:499) ~[na:na]
	at java.base/java.util.stream.ForEachOps$ForEachOp.evaluateSequential(ForEachOps.java:150) ~[na:na]
	at java.base/java.util.stream.ForEachOps$ForEachOp$OfRef.evaluateSequential(ForEachOps.java:173) ~[na:na]
	at java.base/java.util.stream.AbstractPipeline.evaluate(AbstractPipeline.java:234) ~[na:na]
	at java.base/java.util.stream.ReferencePipeline.forEach(ReferencePipeline.java:596) ~[na:na]
	at org.junit.jupiter.engine.descriptor.ClassBasedTestDescriptor.invokeTestInstancePostProcessors(ClassBasedTestDescriptor.java:377) ~[junit-jupiter-engine-5.11.4.jar:5.11.4]
	at org.junit.jupiter.engine.descriptor.ClassBasedTestDescriptor.lambda$instantiateAndPostProcessTestInstance$7(ClassBasedTestDescriptor.java:290) ~[junit-jupiter-engine-5.11.4.jar:5.11.4]
	at org.junit.platform.engine.support.hierarchical.ThrowableCollector.execute(ThrowableCollector.java:73) ~[junit-platform-engine-1.11.4.jar:1.11.4]
	at org.junit.jupiter.engine.descriptor.ClassBasedTestDescriptor.instantiateAndPostProcessTestInstance(ClassBasedTestDescriptor.java:289) ~[junit-jupiter-engine-5.11.4.jar:5.11.4]
	at org.junit.jupiter.engine.descriptor.ClassBasedTestDescriptor.lambda$testInstancesProvider$5(ClassBasedTestDescriptor.java:279) ~[junit-jupiter-engine-5.11.4.jar:5.11.4]
	at java.base/java.util.Optional.orElseGet(Optional.java:364) ~[na:na]
	at org.junit.jupiter.engine.descriptor.ClassBasedTestDescriptor.lambda$testInstancesProvider$6(ClassBasedTestDescriptor.java:278) ~[junit-jupiter-engine-5.11.4.jar:5.11.4]
	at org.junit.jupiter.engine.execution.TestInstancesProvider.getTestInstances(TestInstancesProvider.java:31) ~[junit-jupiter-engine-5.11.4.jar:5.11.4]
	at org.junit.jupiter.engine.descriptor.TestMethodTestDescriptor.lambda$prepare$1(TestMethodTestDescriptor.java:105) ~[junit-jupiter-engine-5.11.4.jar:5.11.4]
	at org.junit.platform.engine.support.hierarchical.ThrowableCollector.execute(ThrowableCollector.java:73) ~[junit-platform-engine-1.11.4.jar:1.11.4]
	at org.junit.jupiter.engine.descriptor.TestMethodTestDescriptor.prepare(TestMethodTestDescriptor.java:104) ~[junit-jupiter-engine-5.11.4.jar:5.11.4]
	at org.junit.jupiter.engine.descriptor.TestMethodTestDescriptor.prepare(TestMethodTestDescriptor.java:68) ~[junit-jupiter-engine-5.11.4.jar:5.11.4]
	at org.junit.platform.engine.support.hierarchical.NodeTestTask.lambda$prepare$2(NodeTestTask.java:128) ~[junit-platform-engine-1.11.4.jar:1.11.4]
	at org.junit.platform.engine.support.hierarchical.ThrowableCollector.execute(ThrowableCollector.java:73) ~[junit-platform-engine-1.11.4.jar:1.11.4]
	at org.junit.platform.engine.support.hierarchical.NodeTestTask.prepare(NodeTestTask.java:128) ~[junit-platform-engine-1.11.4.jar:1.11.4]
	at org.junit.platform.engine.support.hierarchical.NodeTestTask.execute(NodeTestTask.java:95) ~[junit-platform-engine-1.11.4.jar:1.11.4]
	at java.base/java.util.ArrayList.forEach(ArrayList.java:1511) ~[na:na]
	at org.junit.platform.engine.support.hierarchical.SameThreadHierarchicalTestExecutorService.invokeAll(SameThreadHierarchicalTestExecutorService.java:41) ~[junit-platform-engine-1.11.4.jar:1.11.4]
	at org.junit.platform.engine.support.hierarchical.NodeTestTask.lambda$executeRecursively$6(NodeTestTask.java:160) ~[junit-platform-engine-1.11.4.jar:1.11.4]
	at org.junit.platform.engine.support.hierarchical.ThrowableCollector.execute(ThrowableCollector.java:73) ~[junit-platform-engine-1.11.4.jar:1.11.4]
	at org.junit.platform.engine.support.hierarchical.NodeTestTask.lambda$executeRecursively$8(NodeTestTask.java:146) ~[junit-platform-engine-1.11.4.jar:1.11.4]
	at org.junit.platform.engine.support.hierarchical.Node.around(Node.java:137) ~[junit-platform-engine-1.11.4.jar:1.11.4]
	at org.junit.platform.engine.support.hierarchical.NodeTestTask.lambda$executeRecursively$9(NodeTestTask.java:144) ~[junit-platform-engine-1.11.4.jar:1.11.4]
	at org.junit.platform.engine.support.hierarchical.ThrowableCollector.execute(ThrowableCollector.java:73) ~[junit-platform-engine-1.11.4.jar:1.11.4]
	at org.junit.platform.engine.support.hierarchical.NodeTestTask.executeRecursively(NodeTestTask.java:143) ~[junit-platform-engine-1.11.4.jar:1.11.4]
	at org.junit.platform.engine.support.hierarchical.NodeTestTask.execute(NodeTestTask.java:100) ~[junit-platform-engine-1.11.4.jar:1.11.4]
	at java.base/java.util.ArrayList.forEach(ArrayList.java:1511) ~[na:na]
	at org.junit.platform.engine.support.hierarchical.SameThreadHierarchicalTestExecutorService.invokeAll(SameThreadHierarchicalTestExecutorService.java:41) ~[junit-platform-engine-1.11.4.jar:1.11.4]
	at org.junit.platform.engine.support.hierarchical.NodeTestTask.lambda$executeRecursively$6(NodeTestTask.java:160) ~[junit-platform-engine-1.11.4.jar:1.11.4]
	at org.junit.platform.engine.support.hierarchical.ThrowableCollector.execute(ThrowableCollector.java:73) ~[junit-platform-engine-1.11.4.jar:1.11.4]
	at org.junit.platform.engine.support.hierarchical.NodeTestTask.lambda$executeRecursively$8(NodeTestTask.java:146) ~[junit-platform-engine-1.11.4.jar:1.11.4]
	at org.junit.platform.engine.support.hierarchical.Node.around(Node.java:137) ~[junit-platform-engine-1.11.4.jar:1.11.4]
	at org.junit.platform.engine.support.hierarchical.NodeTestTask.lambda$executeRecursively$9(NodeTestTask.java:144) ~[junit-platform-engine-1.11.4.jar:1.11.4]
	at org.junit.platform.engine.support.hierarchical.ThrowableCollector.execute(ThrowableCollector.java:73) ~[junit-platform-engine-1.11.4.jar:1.11.4]
	at org.junit.platform.engine.support.hierarchical.NodeTestTask.executeRecursively(NodeTestTask.java:143) ~[junit-platform-engine-1.11.4.jar:1.11.4]
	at org.junit.platform.engine.support.hierarchical.NodeTestTask.execute(NodeTestTask.java:100) ~[junit-platform-engine-1.11.4.jar:1.11.4]
	at org.junit.platform.engine.support.hierarchical.SameThreadHierarchicalTestExecutorService.submit(SameThreadHierarchicalTestExecutorService.java:35) ~[junit-platform-engine-1.11.4.jar:1.11.4]
	at org.junit.platform.engine.support.hierarchical.HierarchicalTestExecutor.execute(HierarchicalTestExecutor.java:57) ~[junit-platform-engine-1.11.4.jar:1.11.4]
	at org.junit.platform.engine.support.hierarchical.HierarchicalTestEngine.execute(HierarchicalTestEngine.java:54) ~[junit-platform-engine-1.11.4.jar:1.11.4]
	at org.junit.platform.launcher.core.EngineExecutionOrchestrator.execute(EngineExecutionOrchestrator.java:198) ~[junit-platform-launcher-1.11.4.jar:1.11.4]
	at org.junit.platform.launcher.core.EngineExecutionOrchestrator.execute(EngineExecutionOrchestrator.java:169) ~[junit-platform-launcher-1.11.4.jar:1.11.4]
	at org.junit.platform.launcher.core.EngineExecutionOrchestrator.execute(EngineExecutionOrchestrator.java:93) ~[junit-platform-launcher-1.11.4.jar:1.11.4]
	at org.junit.platform.launcher.core.EngineExecutionOrchestrator.lambda$execute$0(EngineExecutionOrchestrator.java:58) ~[junit-platform-launcher-1.11.4.jar:1.11.4]
	at org.junit.platform.launcher.core.EngineExecutionOrchestrator.withInterceptedStreams(EngineExecutionOrchestrator.java:141) ~[junit-platform-launcher-1.11.4.jar:1.11.4]
	at org.junit.platform.launcher.core.EngineExecutionOrchestrator.execute(EngineExecutionOrchestrator.java:57) ~[junit-platform-launcher-1.11.4.jar:1.11.4]
	at org.junit.platform.launcher.core.DefaultLauncher.execute(DefaultLauncher.java:103) ~[junit-platform-launcher-1.11.4.jar:1.11.4]
	at org.junit.platform.launcher.core.DefaultLauncher.execute(DefaultLauncher.java:85) ~[junit-platform-launcher-1.11.4.jar:1.11.4]
	at org.junit.platform.launcher.core.DelegatingLauncher.execute(DelegatingLauncher.java:47) ~[junit-platform-launcher-1.11.4.jar:1.11.4]
	at org.gradle.api.internal.tasks.testing.junitplatform.JUnitPlatformTestClassProcessor$CollectAllTestClassesExecutor.processAllTestClasses(JUnitPlatformTestClassProcessor.java:124) ~[na:na]
	at org.gradle.api.internal.tasks.testing.junitplatform.JUnitPlatformTestClassProcessor$CollectAllTestClassesExecutor.access$000(JUnitPlatformTestClassProcessor.java:99) ~[na:na]
	at org.gradle.api.internal.tasks.testing.junitplatform.JUnitPlatformTestClassProcessor.stop(JUnitPlatformTestClassProcessor.java:94) ~[na:na]
	at org.gradle.api.internal.tasks.testing.SuiteTestClassProcessor.stop(SuiteTestClassProcessor.java:63) ~[na:na]
	at java.base/jdk.internal.reflect.NativeMethodAccessorImpl.invoke0(Native Method) ~[na:na]
	at java.base/jdk.internal.reflect.NativeMethodAccessorImpl.invoke(NativeMethodAccessorImpl.java:77) ~[na:na]
	at java.base/jdk.internal.reflect.DelegatingMethodAccessorImpl.invoke(DelegatingMethodAccessorImpl.java:43) ~[na:na]
	at java.base/java.lang.reflect.Method.invoke(Method.java:568) ~[na:na]
	at org.gradle.internal.dispatch.ReflectionDispatch.dispatch(ReflectionDispatch.java:36) ~[na:na]
	at org.gradle.internal.dispatch.ReflectionDispatch.dispatch(ReflectionDispatch.java:24) ~[na:na]
	at org.gradle.internal.dispatch.ContextClassLoaderDispatch.dispatch(ContextClassLoaderDispatch.java:33) ~[na:na]
	at org.gradle.internal.dispatch.ProxyDispatchAdapter$DispatchingInvocationHandler.invoke(ProxyDispatchAdapter.java:92) ~[na:na]
	at jdk.proxy1/jdk.proxy1.$Proxy4.stop(Unknown Source) ~[na:na]
	at org.gradle.api.internal.tasks.testing.worker.TestWorker$3.run(TestWorker.java:200) ~[na:na]
	at org.gradle.api.internal.tasks.testing.worker.TestWorker.executeAndMaintainThreadName(TestWorker.java:132) ~[na:na]
	at org.gradle.api.internal.tasks.testing.worker.TestWorker.execute(TestWorker.java:103) ~[na:na]
	at org.gradle.api.internal.tasks.testing.worker.TestWorker.execute(TestWorker.java:63) ~[na:na]
	at org.gradle.process.internal.worker.child.ActionExecutionWorker.execute(ActionExecutionWorker.java:56) ~[na:na]
	at org.gradle.process.internal.worker.child.SystemApplicationClassLoaderWorker.call(SystemApplicationClassLoaderWorker.java:121) ~[na:na]
	at org.gradle.process.internal.worker.child.SystemApplicationClassLoaderWorker.call(SystemApplicationClassLoaderWorker.java:71) ~[na:na]
	at worker.org.gradle.process.internal.worker.GradleWorkerMain.run(GradleWorkerMain.java:69) ~[gradle-worker.jar:na]
	at worker.org.gradle.process.internal.worker.GradleWorkerMain.main(GradleWorkerMain.java:74) ~[gradle-worker.jar:na]
Caused by: java.lang.ClassNotFoundException: jakarta.el.ExpressionFactory
	... 141 common frames omitted

2025-04-26T22:20:19.633+02:00 DEBUG 13448 --- [api-gateway] [    Test worker] o.h.v.i.e.AbstractConfigurationImpl      : Setting custom MessageInterpolator of type org.springframework.validation.beanvalidation.LocaleContextMessageInterpolator
2025-04-26T22:20:19.633+02:00 DEBUG 13448 --- [api-gateway] [    Test worker] o.h.v.i.e.AbstractConfigurationImpl      : Setting custom ConstraintValidatorFactory of type org.springframework.validation.beanvalidation.SpringConstraintValidatorFactory
2025-04-26T22:20:19.634+02:00 DEBUG 13448 --- [api-gateway] [    Test worker] o.h.v.i.xml.config.ValidationXmlParser   : Trying to load META-INF/validation.xml for XML based Validator configuration.
2025-04-26T22:20:19.634+02:00 DEBUG 13448 --- [api-gateway] [    Test worker] o.h.v.i.xml.config.ResourceLoaderHelper  : Trying to load META-INF/validation.xml via user class loader
2025-04-26T22:20:19.634+02:00 DEBUG 13448 --- [api-gateway] [    Test worker] o.h.v.i.xml.config.ResourceLoaderHelper  : Trying to load META-INF/validation.xml via TCCL
2025-04-26T22:20:19.634+02:00 DEBUG 13448 --- [api-gateway] [    Test worker] o.h.v.i.xml.config.ResourceLoaderHelper  : Trying to load META-INF/validation.xml via Hibernate Validator's class loader
2025-04-26T22:20:19.634+02:00 DEBUG 13448 --- [api-gateway] [    Test worker] o.h.v.i.xml.config.ValidationXmlParser   : No META-INF/validation.xml found. Using annotation based configuration only.
2025-04-26T22:20:19.635+02:00 DEBUG 13448 --- [api-gateway] [    Test worker] o.h.v.i.e.resolver.TraversableResolvers  : Cannot find jakarta.persistence.Persistence on classpath. Assuming non JPA 2 environment. All properties will per default be traversable.
2025-04-26T22:20:19.636+02:00 DEBUG 13448 --- [api-gateway] [    Test worker] .i.e.ValidatorFactoryConfigurationHelper : HV000252: Using org.hibernate.validator.internal.engine.DefaultPropertyNodeNameProvider as property node name provider.
2025-04-26T22:20:19.636+02:00 DEBUG 13448 --- [api-gateway] [    Test worker] .i.e.ValidatorFactoryConfigurationHelper : HV000234: Using org.springframework.validation.beanvalidation.LocaleContextMessageInterpolator as ValidatorFactory-scoped message interpolator.
2025-04-26T22:20:19.636+02:00 DEBUG 13448 --- [api-gateway] [    Test worker] .i.e.ValidatorFactoryConfigurationHelper : HV000234: Using org.hibernate.validator.internal.engine.resolver.TraverseAllTraversableResolver as ValidatorFactory-scoped traversable resolver.
2025-04-26T22:20:19.637+02:00 DEBUG 13448 --- [api-gateway] [    Test worker] .i.e.ValidatorFactoryConfigurationHelper : HV000234: Using org.hibernate.validator.internal.util.ExecutableParameterNameProvider as ValidatorFactory-scoped parameter name provider.
2025-04-26T22:20:19.637+02:00 DEBUG 13448 --- [api-gateway] [    Test worker] .i.e.ValidatorFactoryConfigurationHelper : HV000234: Using org.hibernate.validator.internal.engine.DefaultClockProvider as ValidatorFactory-scoped clock provider.
2025-04-26T22:20:19.637+02:00 DEBUG 13448 --- [api-gateway] [    Test worker] .i.e.ValidatorFactoryConfigurationHelper : HV000234: Using org.hibernate.validator.internal.engine.scripting.DefaultScriptEvaluatorFactory as ValidatorFactory-scoped script evaluator factory.
2025-04-26T22:20:19.637+02:00 TRACE 13448 --- [api-gateway] [    Test worker] o.s.b.f.s.DefaultListableBeanFactory     : Returning cached instance of singleton bean 'org.springframework.boot.context.properties.BoundConfigurationProperties'
2025-04-26T22:20:19.700+02:00 TRACE 13448 --- [api-gateway] [    Test worker] o.s.b.f.s.DefaultListableBeanFactory     : Creating instance of bean 'org.springframework.cloud.gateway.config.MaxDataSizeValidator'
2025-04-26T22:20:19.701+02:00 TRACE 13448 --- [api-gateway] [    Test worker] o.s.b.f.s.DefaultListableBeanFactory     : Returning cached instance of singleton bean 'preFilterAuthorizationAdvisor'
2025-04-26T22:20:19.701+02:00 TRACE 13448 --- [api-gateway] [    Test worker] o.s.b.f.s.DefaultListableBeanFactory     : Returning cached instance of singleton bean 'preAuthorizeAuthorizationAdvisor'
2025-04-26T22:20:19.701+02:00 TRACE 13448 --- [api-gateway] [    Test worker] o.s.b.f.s.DefaultListableBeanFactory     : Returning cached instance of singleton bean 'postFilterAuthorizationAdvisor'
2025-04-26T22:20:19.701+02:00 TRACE 13448 --- [api-gateway] [    Test worker] o.s.b.f.s.DefaultListableBeanFactory     : Returning cached instance of singleton bean 'postAuthorizeAuthorizationAdvisor'
2025-04-26T22:20:19.701+02:00 TRACE 13448 --- [api-gateway] [    Test worker] o.s.b.f.s.DefaultListableBeanFactory     : Returning cached instance of singleton bean 'jsr250AuthorizationAdvisor'
2025-04-26T22:20:19.701+02:00 TRACE 13448 --- [api-gateway] [    Test worker] o.s.b.f.s.DefaultListableBeanFactory     : Returning cached instance of singleton bean 'authorizeReturnObjectAdvisor'
2025-04-26T22:20:19.701+02:00 TRACE 13448 --- [api-gateway] [    Test worker] o.s.b.f.s.DefaultListableBeanFactory     : Finished creating instance of bean 'org.springframework.cloud.gateway.config.MaxDataSizeValidator'
2025-04-26T22:20:19.705+02:00 TRACE 13448 --- [api-gateway] [    Test worker] o.s.b.f.s.DefaultListableBeanFactory     : Returning cached instance of singleton bean 'preFilterAuthorizationAdvisor'
2025-04-26T22:20:19.705+02:00 TRACE 13448 --- [api-gateway] [    Test worker] o.s.b.f.s.DefaultListableBeanFactory     : Returning cached instance of singleton bean 'preAuthorizeAuthorizationAdvisor'
2025-04-26T22:20:19.705+02:00 TRACE 13448 --- [api-gateway] [    Test worker] o.s.b.f.s.DefaultListableBeanFactory     : Returning cached instance of singleton bean 'postFilterAuthorizationAdvisor'
2025-04-26T22:20:19.705+02:00 TRACE 13448 --- [api-gateway] [    Test worker] o.s.b.f.s.DefaultListableBeanFactory     : Returning cached instance of singleton bean 'postAuthorizeAuthorizationAdvisor'
2025-04-26T22:20:19.705+02:00 TRACE 13448 --- [api-gateway] [    Test worker] o.s.b.f.s.DefaultListableBeanFactory     : Returning cached instance of singleton bean 'jsr250AuthorizationAdvisor'
2025-04-26T22:20:19.705+02:00 TRACE 13448 --- [api-gateway] [    Test worker] o.s.b.f.s.DefaultListableBeanFactory     : Returning cached instance of singleton bean 'authorizeReturnObjectAdvisor'
2025-04-26T22:20:19.706+02:00 TRACE 13448 --- [api-gateway] [    Test worker] o.s.b.f.s.DefaultListableBeanFactory     : Finished creating instance of bean 'httpClientProperties'
2025-04-26T22:20:19.706+02:00 TRACE 13448 --- [api-gateway] [    Test worker] o.s.b.f.s.DefaultListableBeanFactory     : Returning cached instance of singleton bean 'sslBundleRegistry'
2025-04-26T22:20:19.706+02:00 DEBUG 13448 --- [api-gateway] [    Test worker] o.s.b.f.s.DefaultListableBeanFactory     : Autowiring by type from bean name 'httpClientSslConfigurer' via factory method to bean named 'server-org.springframework.boot.autoconfigure.web.ServerProperties'
2025-04-26T22:20:19.706+02:00 DEBUG 13448 --- [api-gateway] [    Test worker] o.s.b.f.s.DefaultListableBeanFactory     : Autowiring by type from bean name 'httpClientSslConfigurer' via factory method to bean named 'httpClientProperties'
2025-04-26T22:20:19.706+02:00 DEBUG 13448 --- [api-gateway] [    Test worker] o.s.b.f.s.DefaultListableBeanFactory     : Autowiring by type from bean name 'httpClientSslConfigurer' via factory method to bean named 'sslBundleRegistry'
2025-04-26T22:20:19.711+02:00 TRACE 13448 --- [api-gateway] [    Test worker] o.s.b.f.s.DefaultListableBeanFactory     : Returning cached instance of singleton bean 'preFilterAuthorizationAdvisor'
2025-04-26T22:20:19.711+02:00 TRACE 13448 --- [api-gateway] [    Test worker] o.s.b.f.s.DefaultListableBeanFactory     : Returning cached instance of singleton bean 'preAuthorizeAuthorizationAdvisor'
2025-04-26T22:20:19.711+02:00 TRACE 13448 --- [api-gateway] [    Test worker] o.s.b.f.s.DefaultListableBeanFactory     : Returning cached instance of singleton bean 'postFilterAuthorizationAdvisor'
2025-04-26T22:20:19.711+02:00 TRACE 13448 --- [api-gateway] [    Test worker] o.s.b.f.s.DefaultListableBeanFactory     : Returning cached instance of singleton bean 'postAuthorizeAuthorizationAdvisor'
2025-04-26T22:20:19.711+02:00 TRACE 13448 --- [api-gateway] [    Test worker] o.s.b.f.s.DefaultListableBeanFactory     : Returning cached instance of singleton bean 'jsr250AuthorizationAdvisor'
2025-04-26T22:20:19.711+02:00 TRACE 13448 --- [api-gateway] [    Test worker] o.s.b.f.s.DefaultListableBeanFactory     : Returning cached instance of singleton bean 'authorizeReturnObjectAdvisor'
2025-04-26T22:20:19.711+02:00 TRACE 13448 --- [api-gateway] [    Test worker] o.s.b.f.s.DefaultListableBeanFactory     : Finished creating instance of bean 'httpClientSslConfigurer'
2025-04-26T22:20:19.711+02:00 DEBUG 13448 --- [api-gateway] [    Test worker] o.s.b.f.s.DefaultListableBeanFactory     : Creating shared instance of singleton bean 'gatewayHttpClientFactory'
2025-04-26T22:20:19.711+02:00 TRACE 13448 --- [api-gateway] [    Test worker] o.s.b.f.s.DefaultListableBeanFactory     : Creating instance of bean 'gatewayHttpClientFactory'
2025-04-26T22:20:19.712+02:00 TRACE 13448 --- [api-gateway] [    Test worker] o.s.b.f.s.DefaultListableBeanFactory     : Returning cached instance of singleton bean 'org.springframework.cloud.gateway.config.GatewayAutoConfiguration$NettyConfiguration'
2025-04-26T22:20:19.713+02:00 TRACE 13448 --- [api-gateway] [    Test worker] o.s.b.f.s.DefaultListableBeanFactory     : Returning cached instance of singleton bean 'httpClientProperties'
2025-04-26T22:20:19.713+02:00 TRACE 13448 --- [api-gateway] [    Test worker] o.s.b.f.s.DefaultListableBeanFactory     : Returning cached instance of singleton bean 'server-org.springframework.boot.autoconfigure.web.ServerProperties'
2025-04-26T22:20:19.715+02:00 TRACE 13448 --- [api-gateway] [    Test worker] o.s.b.f.s.DefaultListableBeanFactory     : Returning cached instance of singleton bean 'httpClientSslConfigurer'
2025-04-26T22:20:19.715+02:00 DEBUG 13448 --- [api-gateway] [    Test worker] o.s.b.f.s.DefaultListableBeanFactory     : Autowiring by type from bean name 'gatewayHttpClientFactory' via factory method to bean named 'httpClientProperties'
2025-04-26T22:20:19.715+02:00 DEBUG 13448 --- [api-gateway] [    Test worker] o.s.b.f.s.DefaultListableBeanFactory     : Autowiring by type from bean name 'gatewayHttpClientFactory' via factory method to bean named 'server-org.springframework.boot.autoconfigure.web.ServerProperties'
2025-04-26T22:20:19.715+02:00 DEBUG 13448 --- [api-gateway] [    Test worker] o.s.b.f.s.DefaultListableBeanFactory     : Autowiring by type from bean name 'gatewayHttpClientFactory' via factory method to bean named 'httpClientSslConfigurer'
2025-04-26T22:20:19.716+02:00 TRACE 13448 --- [api-gateway] [    Test worker] o.s.b.f.s.DefaultListableBeanFactory     : Invoking afterPropertiesSet() on bean with name 'gatewayHttpClientFactory'
2025-04-26T22:20:19.746+02:00 DEBUG 13448 --- [api-gateway] [    Test worker] i.n.u.i.logging.InternalLoggerFactory    : Using SLF4J as the default logging framework
2025-04-26T22:20:19.748+02:00 DEBUG 13448 --- [api-gateway] [    Test worker] i.n.util.internal.PlatformDependent0     : -Dio.netty.noUnsafe: false
2025-04-26T22:20:19.748+02:00 DEBUG 13448 --- [api-gateway] [    Test worker] i.n.util.internal.PlatformDependent0     : Java version: 17
2025-04-26T22:20:19.749+02:00 DEBUG 13448 --- [api-gateway] [    Test worker] i.n.util.internal.PlatformDependent0     : sun.misc.Unsafe.theUnsafe: available
2025-04-26T22:20:19.750+02:00 DEBUG 13448 --- [api-gateway] [    Test worker] i.n.util.internal.PlatformDependent0     : sun.misc.Unsafe base methods: all available
2025-04-26T22:20:19.751+02:00 DEBUG 13448 --- [api-gateway] [    Test worker] i.n.util.internal.PlatformDependent0     : sun.misc.Unsafe.storeFence: available
2025-04-26T22:20:19.751+02:00 DEBUG 13448 --- [api-gateway] [    Test worker] i.n.util.internal.PlatformDependent0     : java.nio.Buffer.address: available
2025-04-26T22:20:19.752+02:00 DEBUG 13448 --- [api-gateway] [    Test worker] i.n.util.internal.PlatformDependent0     : direct buffer constructor: unavailable: Reflective setAccessible(true) disabled
2025-04-26T22:20:19.752+02:00 DEBUG 13448 --- [api-gateway] [    Test worker] i.n.util.internal.PlatformDependent0     : java.nio.Bits.unaligned: available, true
2025-04-26T22:20:19.753+02:00 DEBUG 13448 --- [api-gateway] [    Test worker] i.n.util.internal.PlatformDependent0     : jdk.internal.misc.Unsafe.allocateUninitializedArray(int): unavailable: class io.netty.util.internal.PlatformDependent0$7 cannot access class jdk.internal.misc.Unsafe (in module java.base) because module java.base does not export jdk.internal.misc to unnamed module @53fe15ff
2025-04-26T22:20:19.754+02:00 DEBUG 13448 --- [api-gateway] [    Test worker] i.n.util.internal.PlatformDependent0     : java.nio.DirectByteBuffer.<init>(long, {int,long}): unavailable
2025-04-26T22:20:19.754+02:00 DEBUG 13448 --- [api-gateway] [    Test worker] i.netty.util.internal.PlatformDependent  : sun.misc.Unsafe: available
2025-04-26T22:20:19.755+02:00 DEBUG 13448 --- [api-gateway] [    Test worker] i.netty.util.internal.PlatformDependent  : -Dio.netty.tmpdir: C:\Users\hristo\AppData\Local\Temp (java.io.tmpdir)
2025-04-26T22:20:19.755+02:00 DEBUG 13448 --- [api-gateway] [    Test worker] i.netty.util.internal.PlatformDependent  : -Dio.netty.bitMode: 64 (sun.arch.data.model)
2025-04-26T22:20:19.755+02:00 DEBUG 13448 --- [api-gateway] [    Test worker] i.netty.util.internal.PlatformDependent  : Platform: Windows
2025-04-26T22:20:19.756+02:00 DEBUG 13448 --- [api-gateway] [    Test worker] i.netty.util.internal.PlatformDependent  : -Dio.netty.maxDirectMemory: -1 bytes
2025-04-26T22:20:19.756+02:00 DEBUG 13448 --- [api-gateway] [    Test worker] i.netty.util.internal.PlatformDependent  : -Dio.netty.uninitializedArrayAllocationThreshold: -1
2025-04-26T22:20:19.757+02:00 DEBUG 13448 --- [api-gateway] [    Test worker] io.netty.util.internal.CleanerJava9      : java.nio.ByteBuffer.cleaner(): available
2025-04-26T22:20:19.757+02:00 DEBUG 13448 --- [api-gateway] [    Test worker] i.netty.util.internal.PlatformDependent  : -Dio.netty.noPreferDirect: false
2025-04-26T22:20:19.792+02:00 DEBUG 13448 --- [api-gateway] [    Test worker] i.n.u.internal.InternalThreadLocalMap    : -Dio.netty.threadLocalMap.stringBuilder.initialSize: 1024
2025-04-26T22:20:19.792+02:00 DEBUG 13448 --- [api-gateway] [    Test worker] i.n.u.internal.InternalThreadLocalMap    : -Dio.netty.threadLocalMap.stringBuilder.maxSize: 4096
2025-04-26T22:20:19.821+02:00 DEBUG 13448 --- [api-gateway] [    Test worker] io.netty.util.ResourceLeakDetector       : -Dio.netty.leakDetection.level: simple
2025-04-26T22:20:19.821+02:00 DEBUG 13448 --- [api-gateway] [    Test worker] io.netty.util.ResourceLeakDetector       : -Dio.netty.leakDetection.targetRecords: 4
2025-04-26T22:20:19.846+02:00 TRACE 13448 --- [api-gateway] [    Test worker] o.s.b.f.s.DefaultListableBeanFactory     : Returning cached instance of singleton bean 'preFilterAuthorizationAdvisor'
2025-04-26T22:20:19.846+02:00 TRACE 13448 --- [api-gateway] [    Test worker] o.s.b.f.s.DefaultListableBeanFactory     : Returning cached instance of singleton bean 'preAuthorizeAuthorizationAdvisor'
2025-04-26T22:20:19.846+02:00 TRACE 13448 --- [api-gateway] [    Test worker] o.s.b.f.s.DefaultListableBeanFactory     : Returning cached instance of singleton bean 'postFilterAuthorizationAdvisor'
2025-04-26T22:20:19.846+02:00 TRACE 13448 --- [api-gateway] [    Test worker] o.s.b.f.s.DefaultListableBeanFactory     : Returning cached instance of singleton bean 'postAuthorizeAuthorizationAdvisor'
2025-04-26T22:20:19.846+02:00 TRACE 13448 --- [api-gateway] [    Test worker] o.s.b.f.s.DefaultListableBeanFactory     : Returning cached instance of singleton bean 'jsr250AuthorizationAdvisor'
2025-04-26T22:20:19.846+02:00 TRACE 13448 --- [api-gateway] [    Test worker] o.s.b.f.s.DefaultListableBeanFactory     : Returning cached instance of singleton bean 'authorizeReturnObjectAdvisor'
2025-04-26T22:20:19.847+02:00 TRACE 13448 --- [api-gateway] [    Test worker] o.s.b.f.s.DefaultListableBeanFactory     : Finished creating instance of bean 'gatewayHttpClientFactory'
2025-04-26T22:20:19.847+02:00 TRACE 13448 --- [api-gateway] [    Test worker] o.s.b.f.s.DefaultListableBeanFactory     : Returning cached instance of singleton bean 'httpClientProperties'
2025-04-26T22:20:19.847+02:00 DEBUG 13448 --- [api-gateway] [    Test worker] o.s.b.f.s.DefaultListableBeanFactory     : Creating shared instance of singleton bean 'routingFilter'
2025-04-26T22:20:19.847+02:00 TRACE 13448 --- [api-gateway] [    Test worker] o.s.b.f.s.DefaultListableBeanFactory     : Creating instance of bean 'routingFilter'
2025-04-26T22:20:19.847+02:00 TRACE 13448 --- [api-gateway] [    Test worker] o.s.b.f.s.DefaultListableBeanFactory     : Returning cached instance of singleton bean 'org.springframework.cloud.gateway.config.GatewayAutoConfiguration$NettyConfiguration'
2025-04-26T22:20:19.848+02:00 TRACE 13448 --- [api-gateway] [    Test worker] o.s.b.f.s.DefaultListableBeanFactory     : Returning cached instance of singleton bean 'gatewayHttpClientFactory'
2025-04-26T22:20:19.848+02:00 TRACE 13448 --- [api-gateway] [    Test worker] o.s.b.f.s.DefaultListableBeanFactory     : Returning cached instance of singleton bean 'preFilterAuthorizationAdvisor'
2025-04-26T22:20:19.848+02:00 TRACE 13448 --- [api-gateway] [    Test worker] o.s.b.f.s.DefaultListableBeanFactory     : Returning cached instance of singleton bean 'preAuthorizeAuthorizationAdvisor'
2025-04-26T22:20:19.848+02:00 TRACE 13448 --- [api-gateway] [    Test worker] o.s.b.f.s.DefaultListableBeanFactory     : Returning cached instance of singleton bean 'postFilterAuthorizationAdvisor'
2025-04-26T22:20:19.848+02:00 TRACE 13448 --- [api-gateway] [    Test worker] o.s.b.f.s.DefaultListableBeanFactory     : Returning cached instance of singleton bean 'postAuthorizeAuthorizationAdvisor'
2025-04-26T22:20:19.848+02:00 TRACE 13448 --- [api-gateway] [    Test worker] o.s.b.f.s.DefaultListableBeanFactory     : Returning cached instance of singleton bean 'jsr250AuthorizationAdvisor'
2025-04-26T22:20:19.848+02:00 TRACE 13448 --- [api-gateway] [    Test worker] o.s.b.f.s.DefaultListableBeanFactory     : Returning cached instance of singleton bean 'authorizeReturnObjectAdvisor'
2025-04-26T22:20:19.856+02:00 TRACE 13448 --- [api-gateway] [    Test worker] o.s.b.f.s.DefaultListableBeanFactory     : Returning cached instance of singleton bean 'httpClientProperties'
2025-04-26T22:20:19.856+02:00 DEBUG 13448 --- [api-gateway] [    Test worker] o.s.b.f.s.DefaultListableBeanFactory     : Autowiring by type from bean name 'routingFilter' via factory method to bean named 'gatewayHttpClientFactory'
2025-04-26T22:20:19.856+02:00 DEBUG 13448 --- [api-gateway] [    Test worker] o.s.b.f.s.DefaultListableBeanFactory     : Autowiring by type from bean name 'routingFilter' via factory method to bean named 'httpClientProperties'
2025-04-26T22:20:19.857+02:00 TRACE 13448 --- [api-gateway] [    Test worker] o.s.b.f.s.DefaultListableBeanFactory     : Returning cached instance of singleton bean 'preFilterAuthorizationAdvisor'
2025-04-26T22:20:19.857+02:00 TRACE 13448 --- [api-gateway] [    Test worker] o.s.b.f.s.DefaultListableBeanFactory     : Returning cached instance of singleton bean 'preAuthorizeAuthorizationAdvisor'
2025-04-26T22:20:19.857+02:00 TRACE 13448 --- [api-gateway] [    Test worker] o.s.b.f.s.DefaultListableBeanFactory     : Returning cached instance of singleton bean 'postFilterAuthorizationAdvisor'
2025-04-26T22:20:19.857+02:00 TRACE 13448 --- [api-gateway] [    Test worker] o.s.b.f.s.DefaultListableBeanFactory     : Returning cached instance of singleton bean 'postAuthorizeAuthorizationAdvisor'
2025-04-26T22:20:19.857+02:00 TRACE 13448 --- [api-gateway] [    Test worker] o.s.b.f.s.DefaultListableBeanFactory     : Returning cached instance of singleton bean 'jsr250AuthorizationAdvisor'
2025-04-26T22:20:19.857+02:00 TRACE 13448 --- [api-gateway] [    Test worker] o.s.b.f.s.DefaultListableBeanFactory     : Returning cached instance of singleton bean 'authorizeReturnObjectAdvisor'
2025-04-26T22:20:19.858+02:00 TRACE 13448 --- [api-gateway] [    Test worker] o.s.b.f.s.DefaultListableBeanFactory     : Finished creating instance of bean 'routingFilter'
2025-04-26T22:20:19.858+02:00 DEBUG 13448 --- [api-gateway] [    Test worker] o.s.b.f.s.DefaultListableBeanFactory     : Creating shared instance of singleton bean 'nettyWriteResponseFilter'
2025-04-26T22:20:19.858+02:00 TRACE 13448 --- [api-gateway] [    Test worker] o.s.b.f.s.DefaultListableBeanFactory     : Creating instance of bean 'nettyWriteResponseFilter'
2025-04-26T22:20:19.858+02:00 TRACE 13448 --- [api-gateway] [    Test worker] o.s.b.f.s.DefaultListableBeanFactory     : Returning cached instance of singleton bean 'org.springframework.cloud.gateway.config.GatewayAutoConfiguration$NettyConfiguration'
2025-04-26T22:20:19.858+02:00 DEBUG 13448 --- [api-gateway] [    Test worker] o.s.b.f.s.DefaultListableBeanFactory     : Creating shared instance of singleton bean 'gatewayProperties'
2025-04-26T22:20:19.858+02:00 TRACE 13448 --- [api-gateway] [    Test worker] o.s.b.f.s.DefaultListableBeanFactory     : Creating instance of bean 'gatewayProperties'
2025-04-26T22:20:19.858+02:00 TRACE 13448 --- [api-gateway] [    Test worker] o.s.b.f.s.DefaultListableBeanFactory     : Returning cached instance of singleton bean 'org.springframework.cloud.gateway.config.GatewayAutoConfiguration'
2025-04-26T22:20:19.860+02:00 DEBUG 13448 --- [api-gateway] [    Test worker] .h.v.m.ResourceBundleMessageInterpolator : Failed to load expression factory via classloader jdk.internal.loader.ClassLoaders$AppClassLoader@73d16e93

java.lang.NoClassDefFoundError: jakarta/el/ExpressionFactory
	at org.hibernate.validator.messageinterpolation.ResourceBundleMessageInterpolator.canLoadExpressionFactory(ResourceBundleMessageInterpolator.java:228) ~[hibernate-validator-8.0.2.Final.jar:8.0.2.Final]
	at org.hibernate.validator.messageinterpolation.ResourceBundleMessageInterpolator.buildExpressionFactory(ResourceBundleMessageInterpolator.java:173) ~[hibernate-validator-8.0.2.Final.jar:8.0.2.Final]
	at org.hibernate.validator.messageinterpolation.ResourceBundleMessageInterpolator.<init>(ResourceBundleMessageInterpolator.java:97) ~[hibernate-validator-8.0.2.Final.jar:8.0.2.Final]
	at org.hibernate.validator.internal.engine.AbstractConfigurationImpl.getDefaultMessageInterpolator(AbstractConfigurationImpl.java:575) ~[hibernate-validator-8.0.2.Final.jar:8.0.2.Final]
	at org.springframework.boot.validation.MessageInterpolatorFactory.getMessageInterpolator(MessageInterpolatorFactory.java:79) ~[spring-boot-3.4.4.jar:3.4.4]
	at org.springframework.boot.validation.MessageInterpolatorFactory.getObject(MessageInterpolatorFactory.java:70) ~[spring-boot-3.4.4.jar:3.4.4]
	at org.springframework.boot.context.properties.ConfigurationPropertiesJsr303Validator$Delegate.<init>(ConfigurationPropertiesJsr303Validator.java:71) ~[spring-boot-3.4.4.jar:3.4.4]
	at org.springframework.boot.context.properties.ConfigurationPropertiesJsr303Validator.<init>(ConfigurationPropertiesJsr303Validator.java:43) ~[spring-boot-3.4.4.jar:3.4.4]
	at org.springframework.boot.context.properties.ConfigurationPropertiesBinder.getJsr303Validator(ConfigurationPropertiesBinder.java:178) ~[spring-boot-3.4.4.jar:3.4.4]
	at org.springframework.boot.context.properties.ConfigurationPropertiesBinder.getValidators(ConfigurationPropertiesBinder.java:156) ~[spring-boot-3.4.4.jar:3.4.4]
	at org.springframework.boot.context.properties.ConfigurationPropertiesBinder.getBindHandler(ConfigurationPropertiesBinder.java:112) ~[spring-boot-3.4.4.jar:3.4.4]
	at org.springframework.boot.context.properties.ConfigurationPropertiesBinder.bind(ConfigurationPropertiesBinder.java:93) ~[spring-boot-3.4.4.jar:3.4.4]
	at org.springframework.boot.context.properties.ConfigurationPropertiesBindingPostProcessor.bind(ConfigurationPropertiesBindingPostProcessor.java:96) ~[spring-boot-3.4.4.jar:3.4.4]
	at org.springframework.boot.context.properties.ConfigurationPropertiesBindingPostProcessor.postProcessBeforeInitialization(ConfigurationPropertiesBindingPostProcessor.java:79) ~[spring-boot-3.4.4.jar:3.4.4]
	at org.springframework.beans.factory.support.AbstractAutowireCapableBeanFactory.applyBeanPostProcessorsBeforeInitialization(AbstractAutowireCapableBeanFactory.java:423) ~[spring-beans-6.2.5.jar:6.2.5]
	at org.springframework.beans.factory.support.AbstractAutowireCapableBeanFactory.initializeBean(AbstractAutowireCapableBeanFactory.java:1804) ~[spring-beans-6.2.5.jar:6.2.5]
	at org.springframework.beans.factory.support.AbstractAutowireCapableBeanFactory.doCreateBean(AbstractAutowireCapableBeanFactory.java:601) ~[spring-beans-6.2.5.jar:6.2.5]
	at org.springframework.beans.factory.support.AbstractAutowireCapableBeanFactory.createBean(AbstractAutowireCapableBeanFactory.java:523) ~[spring-beans-6.2.5.jar:6.2.5]
	at org.springframework.beans.factory.support.AbstractBeanFactory.lambda$doGetBean$0(AbstractBeanFactory.java:339) ~[spring-beans-6.2.5.jar:6.2.5]
	at org.springframework.beans.factory.support.DefaultSingletonBeanRegistry.getSingleton(DefaultSingletonBeanRegistry.java:347) ~[spring-beans-6.2.5.jar:6.2.5]
	at org.springframework.beans.factory.support.AbstractBeanFactory.doGetBean(AbstractBeanFactory.java:337) ~[spring-beans-6.2.5.jar:6.2.5]
	at org.springframework.beans.factory.support.AbstractBeanFactory.getBean(AbstractBeanFactory.java:202) ~[spring-beans-6.2.5.jar:6.2.5]
	at org.springframework.beans.factory.config.DependencyDescriptor.resolveCandidate(DependencyDescriptor.java:254) ~[spring-beans-6.2.5.jar:6.2.5]
	at org.springframework.beans.factory.support.DefaultListableBeanFactory.doResolveDependency(DefaultListableBeanFactory.java:1667) ~[spring-beans-6.2.5.jar:6.2.5]
	at org.springframework.beans.factory.support.DefaultListableBeanFactory.resolveDependency(DefaultListableBeanFactory.java:1555) ~[spring-beans-6.2.5.jar:6.2.5]
	at org.springframework.beans.factory.support.ConstructorResolver.resolveAutowiredArgument(ConstructorResolver.java:913) ~[spring-beans-6.2.5.jar:6.2.5]
	at org.springframework.beans.factory.support.ConstructorResolver.createArgumentArray(ConstructorResolver.java:791) ~[spring-beans-6.2.5.jar:6.2.5]
	at org.springframework.beans.factory.support.ConstructorResolver.instantiateUsingFactoryMethod(ConstructorResolver.java:546) ~[spring-beans-6.2.5.jar:6.2.5]
	at org.springframework.beans.factory.support.AbstractAutowireCapableBeanFactory.instantiateUsingFactoryMethod(AbstractAutowireCapableBeanFactory.java:1361) ~[spring-beans-6.2.5.jar:6.2.5]
	at org.springframework.beans.factory.support.AbstractAutowireCapableBeanFactory.createBeanInstance(AbstractAutowireCapableBeanFactory.java:1191) ~[spring-beans-6.2.5.jar:6.2.5]
	at org.springframework.beans.factory.support.AbstractAutowireCapableBeanFactory.doCreateBean(AbstractAutowireCapableBeanFactory.java:563) ~[spring-beans-6.2.5.jar:6.2.5]
	at org.springframework.beans.factory.support.AbstractAutowireCapableBeanFactory.createBean(AbstractAutowireCapableBeanFactory.java:523) ~[spring-beans-6.2.5.jar:6.2.5]
	at org.springframework.beans.factory.support.AbstractBeanFactory.lambda$doGetBean$0(AbstractBeanFactory.java:339) ~[spring-beans-6.2.5.jar:6.2.5]
	at org.springframework.beans.factory.support.DefaultSingletonBeanRegistry.getSingleton(DefaultSingletonBeanRegistry.java:347) ~[spring-beans-6.2.5.jar:6.2.5]
	at org.springframework.beans.factory.support.AbstractBeanFactory.doGetBean(AbstractBeanFactory.java:337) ~[spring-beans-6.2.5.jar:6.2.5]
	at org.springframework.beans.factory.support.AbstractBeanFactory.getBean(AbstractBeanFactory.java:202) ~[spring-beans-6.2.5.jar:6.2.5]
	at org.springframework.beans.factory.support.DefaultListableBeanFactory.instantiateSingleton(DefaultListableBeanFactory.java:1155) ~[spring-beans-6.2.5.jar:6.2.5]
	at org.springframework.beans.factory.support.DefaultListableBeanFactory.preInstantiateSingleton(DefaultListableBeanFactory.java:1121) ~[spring-beans-6.2.5.jar:6.2.5]
	at org.springframework.beans.factory.support.DefaultListableBeanFactory.preInstantiateSingletons(DefaultListableBeanFactory.java:1056) ~[spring-beans-6.2.5.jar:6.2.5]
	at org.springframework.context.support.AbstractApplicationContext.finishBeanFactoryInitialization(AbstractApplicationContext.java:987) ~[spring-context-6.2.5.jar:6.2.5]
	at org.springframework.context.support.AbstractApplicationContext.refresh(AbstractApplicationContext.java:627) ~[spring-context-6.2.5.jar:6.2.5]
	at org.springframework.boot.SpringApplication.refresh(SpringApplication.java:752) ~[spring-boot-3.4.4.jar:3.4.4]
	at org.springframework.boot.SpringApplication.refreshContext(SpringApplication.java:439) ~[spring-boot-3.4.4.jar:3.4.4]
	at org.springframework.boot.SpringApplication.run(SpringApplication.java:318) ~[spring-boot-3.4.4.jar:3.4.4]
	at org.springframework.boot.test.context.SpringBootContextLoader.lambda$loadContext$3(SpringBootContextLoader.java:144) ~[spring-boot-test-3.4.4.jar:3.4.4]
	at org.springframework.util.function.ThrowingSupplier.get(ThrowingSupplier.java:58) ~[spring-core-6.2.5.jar:6.2.5]
	at org.springframework.util.function.ThrowingSupplier.get(ThrowingSupplier.java:46) ~[spring-core-6.2.5.jar:6.2.5]
	at org.springframework.boot.SpringApplication.withHook(SpringApplication.java:1461) ~[spring-boot-3.4.4.jar:3.4.4]
	at org.springframework.boot.test.context.SpringBootContextLoader$ContextLoaderHook.run(SpringBootContextLoader.java:563) ~[spring-boot-test-3.4.4.jar:3.4.4]
	at org.springframework.boot.test.context.SpringBootContextLoader.loadContext(SpringBootContextLoader.java:144) ~[spring-boot-test-3.4.4.jar:3.4.4]
	at org.springframework.boot.test.context.SpringBootContextLoader.loadContext(SpringBootContextLoader.java:110) ~[spring-boot-test-3.4.4.jar:3.4.4]
	at org.springframework.test.context.cache.DefaultCacheAwareContextLoaderDelegate.loadContextInternal(DefaultCacheAwareContextLoaderDelegate.java:225) ~[spring-test-6.2.5.jar:6.2.5]
	at org.springframework.test.context.cache.DefaultCacheAwareContextLoaderDelegate.loadContext(DefaultCacheAwareContextLoaderDelegate.java:152) ~[spring-test-6.2.5.jar:6.2.5]
	at org.springframework.test.context.support.DefaultTestContext.getApplicationContext(DefaultTestContext.java:130) ~[spring-test-6.2.5.jar:6.2.5]
	at org.springframework.test.context.support.DependencyInjectionTestExecutionListener.injectDependencies(DependencyInjectionTestExecutionListener.java:155) ~[spring-test-6.2.5.jar:6.2.5]
	at org.springframework.test.context.support.DependencyInjectionTestExecutionListener.prepareTestInstance(DependencyInjectionTestExecutionListener.java:111) ~[spring-test-6.2.5.jar:6.2.5]
	at org.springframework.test.context.TestContextManager.prepareTestInstance(TestContextManager.java:260) ~[spring-test-6.2.5.jar:6.2.5]
	at org.springframework.test.context.junit.jupiter.SpringExtension.postProcessTestInstance(SpringExtension.java:160) ~[spring-test-6.2.5.jar:6.2.5]
	at org.junit.jupiter.engine.descriptor.ClassBasedTestDescriptor.lambda$invokeTestInstancePostProcessors$11(ClassBasedTestDescriptor.java:378) ~[junit-jupiter-engine-5.11.4.jar:5.11.4]
	at org.junit.jupiter.engine.descriptor.ClassBasedTestDescriptor.executeAndMaskThrowable(ClassBasedTestDescriptor.java:383) ~[junit-jupiter-engine-5.11.4.jar:5.11.4]
	at org.junit.jupiter.engine.descriptor.ClassBasedTestDescriptor.lambda$invokeTestInstancePostProcessors$12(ClassBasedTestDescriptor.java:378) ~[junit-jupiter-engine-5.11.4.jar:5.11.4]
	at java.base/java.util.stream.ForEachOps$ForEachOp$OfRef.accept(ForEachOps.java:183) ~[na:na]
	at java.base/java.util.stream.ReferencePipeline$3$1.accept(ReferencePipeline.java:197) ~[na:na]
	at java.base/java.util.stream.ReferencePipeline$2$1.accept(ReferencePipeline.java:179) ~[na:na]
	at java.base/java.util.stream.ReferencePipeline$3$1.accept(ReferencePipeline.java:197) ~[na:na]
	at java.base/java.util.ArrayList$ArrayListSpliterator.forEachRemaining(ArrayList.java:1625) ~[na:na]
	at java.base/java.util.stream.AbstractPipeline.copyInto(AbstractPipeline.java:509) ~[na:na]
	at java.base/java.util.stream.AbstractPipeline.wrapAndCopyInto(AbstractPipeline.java:499) ~[na:na]
	at java.base/java.util.stream.ForEachOps$ForEachOp.evaluateSequential(ForEachOps.java:150) ~[na:na]
	at java.base/java.util.stream.ForEachOps$ForEachOp$OfRef.evaluateSequential(ForEachOps.java:173) ~[na:na]
	at java.base/java.util.stream.AbstractPipeline.evaluate(AbstractPipeline.java:234) ~[na:na]
	at java.base/java.util.stream.ReferencePipeline.forEach(ReferencePipeline.java:596) ~[na:na]
	at org.junit.jupiter.engine.descriptor.ClassBasedTestDescriptor.invokeTestInstancePostProcessors(ClassBasedTestDescriptor.java:377) ~[junit-jupiter-engine-5.11.4.jar:5.11.4]
	at org.junit.jupiter.engine.descriptor.ClassBasedTestDescriptor.lambda$instantiateAndPostProcessTestInstance$7(ClassBasedTestDescriptor.java:290) ~[junit-jupiter-engine-5.11.4.jar:5.11.4]
	at org.junit.platform.engine.support.hierarchical.ThrowableCollector.execute(ThrowableCollector.java:73) ~[junit-platform-engine-1.11.4.jar:1.11.4]
	at org.junit.jupiter.engine.descriptor.ClassBasedTestDescriptor.instantiateAndPostProcessTestInstance(ClassBasedTestDescriptor.java:289) ~[junit-jupiter-engine-5.11.4.jar:5.11.4]
	at org.junit.jupiter.engine.descriptor.ClassBasedTestDescriptor.lambda$testInstancesProvider$5(ClassBasedTestDescriptor.java:279) ~[junit-jupiter-engine-5.11.4.jar:5.11.4]
	at java.base/java.util.Optional.orElseGet(Optional.java:364) ~[na:na]
	at org.junit.jupiter.engine.descriptor.ClassBasedTestDescriptor.lambda$testInstancesProvider$6(ClassBasedTestDescriptor.java:278) ~[junit-jupiter-engine-5.11.4.jar:5.11.4]
	at org.junit.jupiter.engine.execution.TestInstancesProvider.getTestInstances(TestInstancesProvider.java:31) ~[junit-jupiter-engine-5.11.4.jar:5.11.4]
	at org.junit.jupiter.engine.descriptor.TestMethodTestDescriptor.lambda$prepare$1(TestMethodTestDescriptor.java:105) ~[junit-jupiter-engine-5.11.4.jar:5.11.4]
	at org.junit.platform.engine.support.hierarchical.ThrowableCollector.execute(ThrowableCollector.java:73) ~[junit-platform-engine-1.11.4.jar:1.11.4]
	at org.junit.jupiter.engine.descriptor.TestMethodTestDescriptor.prepare(TestMethodTestDescriptor.java:104) ~[junit-jupiter-engine-5.11.4.jar:5.11.4]
	at org.junit.jupiter.engine.descriptor.TestMethodTestDescriptor.prepare(TestMethodTestDescriptor.java:68) ~[junit-jupiter-engine-5.11.4.jar:5.11.4]
	at org.junit.platform.engine.support.hierarchical.NodeTestTask.lambda$prepare$2(NodeTestTask.java:128) ~[junit-platform-engine-1.11.4.jar:1.11.4]
	at org.junit.platform.engine.support.hierarchical.ThrowableCollector.execute(ThrowableCollector.java:73) ~[junit-platform-engine-1.11.4.jar:1.11.4]
	at org.junit.platform.engine.support.hierarchical.NodeTestTask.prepare(NodeTestTask.java:128) ~[junit-platform-engine-1.11.4.jar:1.11.4]
	at org.junit.platform.engine.support.hierarchical.NodeTestTask.execute(NodeTestTask.java:95) ~[junit-platform-engine-1.11.4.jar:1.11.4]
	at java.base/java.util.ArrayList.forEach(ArrayList.java:1511) ~[na:na]
	at org.junit.platform.engine.support.hierarchical.SameThreadHierarchicalTestExecutorService.invokeAll(SameThreadHierarchicalTestExecutorService.java:41) ~[junit-platform-engine-1.11.4.jar:1.11.4]
	at org.junit.platform.engine.support.hierarchical.NodeTestTask.lambda$executeRecursively$6(NodeTestTask.java:160) ~[junit-platform-engine-1.11.4.jar:1.11.4]
	at org.junit.platform.engine.support.hierarchical.ThrowableCollector.execute(ThrowableCollector.java:73) ~[junit-platform-engine-1.11.4.jar:1.11.4]
	at org.junit.platform.engine.support.hierarchical.NodeTestTask.lambda$executeRecursively$8(NodeTestTask.java:146) ~[junit-platform-engine-1.11.4.jar:1.11.4]
	at org.junit.platform.engine.support.hierarchical.Node.around(Node.java:137) ~[junit-platform-engine-1.11.4.jar:1.11.4]
	at org.junit.platform.engine.support.hierarchical.NodeTestTask.lambda$executeRecursively$9(NodeTestTask.java:144) ~[junit-platform-engine-1.11.4.jar:1.11.4]
	at org.junit.platform.engine.support.hierarchical.ThrowableCollector.execute(ThrowableCollector.java:73) ~[junit-platform-engine-1.11.4.jar:1.11.4]
	at org.junit.platform.engine.support.hierarchical.NodeTestTask.executeRecursively(NodeTestTask.java:143) ~[junit-platform-engine-1.11.4.jar:1.11.4]
	at org.junit.platform.engine.support.hierarchical.NodeTestTask.execute(NodeTestTask.java:100) ~[junit-platform-engine-1.11.4.jar:1.11.4]
	at java.base/java.util.ArrayList.forEach(ArrayList.java:1511) ~[na:na]
	at org.junit.platform.engine.support.hierarchical.SameThreadHierarchicalTestExecutorService.invokeAll(SameThreadHierarchicalTestExecutorService.java:41) ~[junit-platform-engine-1.11.4.jar:1.11.4]
	at org.junit.platform.engine.support.hierarchical.NodeTestTask.lambda$executeRecursively$6(NodeTestTask.java:160) ~[junit-platform-engine-1.11.4.jar:1.11.4]
	at org.junit.platform.engine.support.hierarchical.ThrowableCollector.execute(ThrowableCollector.java:73) ~[junit-platform-engine-1.11.4.jar:1.11.4]
	at org.junit.platform.engine.support.hierarchical.NodeTestTask.lambda$executeRecursively$8(NodeTestTask.java:146) ~[junit-platform-engine-1.11.4.jar:1.11.4]
	at org.junit.platform.engine.support.hierarchical.Node.around(Node.java:137) ~[junit-platform-engine-1.11.4.jar:1.11.4]
	at org.junit.platform.engine.support.hierarchical.NodeTestTask.lambda$executeRecursively$9(NodeTestTask.java:144) ~[junit-platform-engine-1.11.4.jar:1.11.4]
	at org.junit.platform.engine.support.hierarchical.ThrowableCollector.execute(ThrowableCollector.java:73) ~[junit-platform-engine-1.11.4.jar:1.11.4]
	at org.junit.platform.engine.support.hierarchical.NodeTestTask.executeRecursively(NodeTestTask.java:143) ~[junit-platform-engine-1.11.4.jar:1.11.4]
	at org.junit.platform.engine.support.hierarchical.NodeTestTask.execute(NodeTestTask.java:100) ~[junit-platform-engine-1.11.4.jar:1.11.4]
	at org.junit.platform.engine.support.hierarchical.SameThreadHierarchicalTestExecutorService.submit(SameThreadHierarchicalTestExecutorService.java:35) ~[junit-platform-engine-1.11.4.jar:1.11.4]
	at org.junit.platform.engine.support.hierarchical.HierarchicalTestExecutor.execute(HierarchicalTestExecutor.java:57) ~[junit-platform-engine-1.11.4.jar:1.11.4]
	at org.junit.platform.engine.support.hierarchical.HierarchicalTestEngine.execute(HierarchicalTestEngine.java:54) ~[junit-platform-engine-1.11.4.jar:1.11.4]
	at org.junit.platform.launcher.core.EngineExecutionOrchestrator.execute(EngineExecutionOrchestrator.java:198) ~[junit-platform-launcher-1.11.4.jar:1.11.4]
	at org.junit.platform.launcher.core.EngineExecutionOrchestrator.execute(EngineExecutionOrchestrator.java:169) ~[junit-platform-launcher-1.11.4.jar:1.11.4]
	at org.junit.platform.launcher.core.EngineExecutionOrchestrator.execute(EngineExecutionOrchestrator.java:93) ~[junit-platform-launcher-1.11.4.jar:1.11.4]
	at org.junit.platform.launcher.core.EngineExecutionOrchestrator.lambda$execute$0(EngineExecutionOrchestrator.java:58) ~[junit-platform-launcher-1.11.4.jar:1.11.4]
	at org.junit.platform.launcher.core.EngineExecutionOrchestrator.withInterceptedStreams(EngineExecutionOrchestrator.java:141) ~[junit-platform-launcher-1.11.4.jar:1.11.4]
	at org.junit.platform.launcher.core.EngineExecutionOrchestrator.execute(EngineExecutionOrchestrator.java:57) ~[junit-platform-launcher-1.11.4.jar:1.11.4]
	at org.junit.platform.launcher.core.DefaultLauncher.execute(DefaultLauncher.java:103) ~[junit-platform-launcher-1.11.4.jar:1.11.4]
	at org.junit.platform.launcher.core.DefaultLauncher.execute(DefaultLauncher.java:85) ~[junit-platform-launcher-1.11.4.jar:1.11.4]
	at org.junit.platform.launcher.core.DelegatingLauncher.execute(DelegatingLauncher.java:47) ~[junit-platform-launcher-1.11.4.jar:1.11.4]
	at org.gradle.api.internal.tasks.testing.junitplatform.JUnitPlatformTestClassProcessor$CollectAllTestClassesExecutor.processAllTestClasses(JUnitPlatformTestClassProcessor.java:124) ~[na:na]
	at org.gradle.api.internal.tasks.testing.junitplatform.JUnitPlatformTestClassProcessor$CollectAllTestClassesExecutor.access$000(JUnitPlatformTestClassProcessor.java:99) ~[na:na]
	at org.gradle.api.internal.tasks.testing.junitplatform.JUnitPlatformTestClassProcessor.stop(JUnitPlatformTestClassProcessor.java:94) ~[na:na]
	at org.gradle.api.internal.tasks.testing.SuiteTestClassProcessor.stop(SuiteTestClassProcessor.java:63) ~[na:na]
	at java.base/jdk.internal.reflect.NativeMethodAccessorImpl.invoke0(Native Method) ~[na:na]
	at java.base/jdk.internal.reflect.NativeMethodAccessorImpl.invoke(NativeMethodAccessorImpl.java:77) ~[na:na]
	at java.base/jdk.internal.reflect.DelegatingMethodAccessorImpl.invoke(DelegatingMethodAccessorImpl.java:43) ~[na:na]
	at java.base/java.lang.reflect.Method.invoke(Method.java:568) ~[na:na]
	at org.gradle.internal.dispatch.ReflectionDispatch.dispatch(ReflectionDispatch.java:36) ~[na:na]
	at org.gradle.internal.dispatch.ReflectionDispatch.dispatch(ReflectionDispatch.java:24) ~[na:na]
	at org.gradle.internal.dispatch.ContextClassLoaderDispatch.dispatch(ContextClassLoaderDispatch.java:33) ~[na:na]
	at org.gradle.internal.dispatch.ProxyDispatchAdapter$DispatchingInvocationHandler.invoke(ProxyDispatchAdapter.java:92) ~[na:na]
	at jdk.proxy1/jdk.proxy1.$Proxy4.stop(Unknown Source) ~[na:na]
	at org.gradle.api.internal.tasks.testing.worker.TestWorker$3.run(TestWorker.java:200) ~[na:na]
	at org.gradle.api.internal.tasks.testing.worker.TestWorker.executeAndMaintainThreadName(TestWorker.java:132) ~[na:na]
	at org.gradle.api.internal.tasks.testing.worker.TestWorker.execute(TestWorker.java:103) ~[na:na]
	at org.gradle.api.internal.tasks.testing.worker.TestWorker.execute(TestWorker.java:63) ~[na:na]
	at org.gradle.process.internal.worker.child.ActionExecutionWorker.execute(ActionExecutionWorker.java:56) ~[na:na]
	at org.gradle.process.internal.worker.child.SystemApplicationClassLoaderWorker.call(SystemApplicationClassLoaderWorker.java:121) ~[na:na]
	at org.gradle.process.internal.worker.child.SystemApplicationClassLoaderWorker.call(SystemApplicationClassLoaderWorker.java:71) ~[na:na]
	at worker.org.gradle.process.internal.worker.GradleWorkerMain.run(GradleWorkerMain.java:69) ~[gradle-worker.jar:na]
	at worker.org.gradle.process.internal.worker.GradleWorkerMain.main(GradleWorkerMain.java:74) ~[gradle-worker.jar:na]
Caused by: java.lang.ClassNotFoundException: jakarta.el.ExpressionFactory
	... 142 common frames omitted

2025-04-26T22:20:19.864+02:00 DEBUG 13448 --- [api-gateway] [    Test worker] .h.v.m.ResourceBundleMessageInterpolator : Failed to load expression factory via classloader jdk.internal.loader.ClassLoaders$AppClassLoader@73d16e93

java.lang.NoClassDefFoundError: jakarta/el/ExpressionFactory
	at org.hibernate.validator.messageinterpolation.ResourceBundleMessageInterpolator.canLoadExpressionFactory(ResourceBundleMessageInterpolator.java:228) ~[hibernate-validator-8.0.2.Final.jar:8.0.2.Final]
	at org.hibernate.validator.messageinterpolation.ResourceBundleMessageInterpolator.buildExpressionFactory(ResourceBundleMessageInterpolator.java:186) ~[hibernate-validator-8.0.2.Final.jar:8.0.2.Final]
	at org.hibernate.validator.messageinterpolation.ResourceBundleMessageInterpolator.<init>(ResourceBundleMessageInterpolator.java:97) ~[hibernate-validator-8.0.2.Final.jar:8.0.2.Final]
	at org.hibernate.validator.internal.engine.AbstractConfigurationImpl.getDefaultMessageInterpolator(AbstractConfigurationImpl.java:575) ~[hibernate-validator-8.0.2.Final.jar:8.0.2.Final]
	at org.springframework.boot.validation.MessageInterpolatorFactory.getMessageInterpolator(MessageInterpolatorFactory.java:79) ~[spring-boot-3.4.4.jar:3.4.4]
	at org.springframework.boot.validation.MessageInterpolatorFactory.getObject(MessageInterpolatorFactory.java:70) ~[spring-boot-3.4.4.jar:3.4.4]
	at org.springframework.boot.context.properties.ConfigurationPropertiesJsr303Validator$Delegate.<init>(ConfigurationPropertiesJsr303Validator.java:71) ~[spring-boot-3.4.4.jar:3.4.4]
	at org.springframework.boot.context.properties.ConfigurationPropertiesJsr303Validator.<init>(ConfigurationPropertiesJsr303Validator.java:43) ~[spring-boot-3.4.4.jar:3.4.4]
	at org.springframework.boot.context.properties.ConfigurationPropertiesBinder.getJsr303Validator(ConfigurationPropertiesBinder.java:178) ~[spring-boot-3.4.4.jar:3.4.4]
	at org.springframework.boot.context.properties.ConfigurationPropertiesBinder.getValidators(ConfigurationPropertiesBinder.java:156) ~[spring-boot-3.4.4.jar:3.4.4]
	at org.springframework.boot.context.properties.ConfigurationPropertiesBinder.getBindHandler(ConfigurationPropertiesBinder.java:112) ~[spring-boot-3.4.4.jar:3.4.4]
	at org.springframework.boot.context.properties.ConfigurationPropertiesBinder.bind(ConfigurationPropertiesBinder.java:93) ~[spring-boot-3.4.4.jar:3.4.4]
	at org.springframework.boot.context.properties.ConfigurationPropertiesBindingPostProcessor.bind(ConfigurationPropertiesBindingPostProcessor.java:96) ~[spring-boot-3.4.4.jar:3.4.4]
	at org.springframework.boot.context.properties.ConfigurationPropertiesBindingPostProcessor.postProcessBeforeInitialization(ConfigurationPropertiesBindingPostProcessor.java:79) ~[spring-boot-3.4.4.jar:3.4.4]
	at org.springframework.beans.factory.support.AbstractAutowireCapableBeanFactory.applyBeanPostProcessorsBeforeInitialization(AbstractAutowireCapableBeanFactory.java:423) ~[spring-beans-6.2.5.jar:6.2.5]
	at org.springframework.beans.factory.support.AbstractAutowireCapableBeanFactory.initializeBean(AbstractAutowireCapableBeanFactory.java:1804) ~[spring-beans-6.2.5.jar:6.2.5]
	at org.springframework.beans.factory.support.AbstractAutowireCapableBeanFactory.doCreateBean(AbstractAutowireCapableBeanFactory.java:601) ~[spring-beans-6.2.5.jar:6.2.5]
	at org.springframework.beans.factory.support.AbstractAutowireCapableBeanFactory.createBean(AbstractAutowireCapableBeanFactory.java:523) ~[spring-beans-6.2.5.jar:6.2.5]
	at org.springframework.beans.factory.support.AbstractBeanFactory.lambda$doGetBean$0(AbstractBeanFactory.java:339) ~[spring-beans-6.2.5.jar:6.2.5]
	at org.springframework.beans.factory.support.DefaultSingletonBeanRegistry.getSingleton(DefaultSingletonBeanRegistry.java:347) ~[spring-beans-6.2.5.jar:6.2.5]
	at org.springframework.beans.factory.support.AbstractBeanFactory.doGetBean(AbstractBeanFactory.java:337) ~[spring-beans-6.2.5.jar:6.2.5]
	at org.springframework.beans.factory.support.AbstractBeanFactory.getBean(AbstractBeanFactory.java:202) ~[spring-beans-6.2.5.jar:6.2.5]
	at org.springframework.beans.factory.config.DependencyDescriptor.resolveCandidate(DependencyDescriptor.java:254) ~[spring-beans-6.2.5.jar:6.2.5]
	at org.springframework.beans.factory.support.DefaultListableBeanFactory.doResolveDependency(DefaultListableBeanFactory.java:1667) ~[spring-beans-6.2.5.jar:6.2.5]
	at org.springframework.beans.factory.support.DefaultListableBeanFactory.resolveDependency(DefaultListableBeanFactory.java:1555) ~[spring-beans-6.2.5.jar:6.2.5]
	at org.springframework.beans.factory.support.ConstructorResolver.resolveAutowiredArgument(ConstructorResolver.java:913) ~[spring-beans-6.2.5.jar:6.2.5]
	at org.springframework.beans.factory.support.ConstructorResolver.createArgumentArray(ConstructorResolver.java:791) ~[spring-beans-6.2.5.jar:6.2.5]
	at org.springframework.beans.factory.support.ConstructorResolver.instantiateUsingFactoryMethod(ConstructorResolver.java:546) ~[spring-beans-6.2.5.jar:6.2.5]
	at org.springframework.beans.factory.support.AbstractAutowireCapableBeanFactory.instantiateUsingFactoryMethod(AbstractAutowireCapableBeanFactory.java:1361) ~[spring-beans-6.2.5.jar:6.2.5]
	at org.springframework.beans.factory.support.AbstractAutowireCapableBeanFactory.createBeanInstance(AbstractAutowireCapableBeanFactory.java:1191) ~[spring-beans-6.2.5.jar:6.2.5]
	at org.springframework.beans.factory.support.AbstractAutowireCapableBeanFactory.doCreateBean(AbstractAutowireCapableBeanFactory.java:563) ~[spring-beans-6.2.5.jar:6.2.5]
	at org.springframework.beans.factory.support.AbstractAutowireCapableBeanFactory.createBean(AbstractAutowireCapableBeanFactory.java:523) ~[spring-beans-6.2.5.jar:6.2.5]
	at org.springframework.beans.factory.support.AbstractBeanFactory.lambda$doGetBean$0(AbstractBeanFactory.java:339) ~[spring-beans-6.2.5.jar:6.2.5]
	at org.springframework.beans.factory.support.DefaultSingletonBeanRegistry.getSingleton(DefaultSingletonBeanRegistry.java:347) ~[spring-beans-6.2.5.jar:6.2.5]
	at org.springframework.beans.factory.support.AbstractBeanFactory.doGetBean(AbstractBeanFactory.java:337) ~[spring-beans-6.2.5.jar:6.2.5]
	at org.springframework.beans.factory.support.AbstractBeanFactory.getBean(AbstractBeanFactory.java:202) ~[spring-beans-6.2.5.jar:6.2.5]
	at org.springframework.beans.factory.support.DefaultListableBeanFactory.instantiateSingleton(DefaultListableBeanFactory.java:1155) ~[spring-beans-6.2.5.jar:6.2.5]
	at org.springframework.beans.factory.support.DefaultListableBeanFactory.preInstantiateSingleton(DefaultListableBeanFactory.java:1121) ~[spring-beans-6.2.5.jar:6.2.5]
	at org.springframework.beans.factory.support.DefaultListableBeanFactory.preInstantiateSingletons(DefaultListableBeanFactory.java:1056) ~[spring-beans-6.2.5.jar:6.2.5]
	at org.springframework.context.support.AbstractApplicationContext.finishBeanFactoryInitialization(AbstractApplicationContext.java:987) ~[spring-context-6.2.5.jar:6.2.5]
	at org.springframework.context.support.AbstractApplicationContext.refresh(AbstractApplicationContext.java:627) ~[spring-context-6.2.5.jar:6.2.5]
	at org.springframework.boot.SpringApplication.refresh(SpringApplication.java:752) ~[spring-boot-3.4.4.jar:3.4.4]
	at org.springframework.boot.SpringApplication.refreshContext(SpringApplication.java:439) ~[spring-boot-3.4.4.jar:3.4.4]
	at org.springframework.boot.SpringApplication.run(SpringApplication.java:318) ~[spring-boot-3.4.4.jar:3.4.4]
	at org.springframework.boot.test.context.SpringBootContextLoader.lambda$loadContext$3(SpringBootContextLoader.java:144) ~[spring-boot-test-3.4.4.jar:3.4.4]
	at org.springframework.util.function.ThrowingSupplier.get(ThrowingSupplier.java:58) ~[spring-core-6.2.5.jar:6.2.5]
	at org.springframework.util.function.ThrowingSupplier.get(ThrowingSupplier.java:46) ~[spring-core-6.2.5.jar:6.2.5]
	at org.springframework.boot.SpringApplication.withHook(SpringApplication.java:1461) ~[spring-boot-3.4.4.jar:3.4.4]
	at org.springframework.boot.test.context.SpringBootContextLoader$ContextLoaderHook.run(SpringBootContextLoader.java:563) ~[spring-boot-test-3.4.4.jar:3.4.4]
	at org.springframework.boot.test.context.SpringBootContextLoader.loadContext(SpringBootContextLoader.java:144) ~[spring-boot-test-3.4.4.jar:3.4.4]
	at org.springframework.boot.test.context.SpringBootContextLoader.loadContext(SpringBootContextLoader.java:110) ~[spring-boot-test-3.4.4.jar:3.4.4]
	at org.springframework.test.context.cache.DefaultCacheAwareContextLoaderDelegate.loadContextInternal(DefaultCacheAwareContextLoaderDelegate.java:225) ~[spring-test-6.2.5.jar:6.2.5]
	at org.springframework.test.context.cache.DefaultCacheAwareContextLoaderDelegate.loadContext(DefaultCacheAwareContextLoaderDelegate.java:152) ~[spring-test-6.2.5.jar:6.2.5]
	at org.springframework.test.context.support.DefaultTestContext.getApplicationContext(DefaultTestContext.java:130) ~[spring-test-6.2.5.jar:6.2.5]
	at org.springframework.test.context.support.DependencyInjectionTestExecutionListener.injectDependencies(DependencyInjectionTestExecutionListener.java:155) ~[spring-test-6.2.5.jar:6.2.5]
	at org.springframework.test.context.support.DependencyInjectionTestExecutionListener.prepareTestInstance(DependencyInjectionTestExecutionListener.java:111) ~[spring-test-6.2.5.jar:6.2.5]
	at org.springframework.test.context.TestContextManager.prepareTestInstance(TestContextManager.java:260) ~[spring-test-6.2.5.jar:6.2.5]
	at org.springframework.test.context.junit.jupiter.SpringExtension.postProcessTestInstance(SpringExtension.java:160) ~[spring-test-6.2.5.jar:6.2.5]
	at org.junit.jupiter.engine.descriptor.ClassBasedTestDescriptor.lambda$invokeTestInstancePostProcessors$11(ClassBasedTestDescriptor.java:378) ~[junit-jupiter-engine-5.11.4.jar:5.11.4]
	at org.junit.jupiter.engine.descriptor.ClassBasedTestDescriptor.executeAndMaskThrowable(ClassBasedTestDescriptor.java:383) ~[junit-jupiter-engine-5.11.4.jar:5.11.4]
	at org.junit.jupiter.engine.descriptor.ClassBasedTestDescriptor.lambda$invokeTestInstancePostProcessors$12(ClassBasedTestDescriptor.java:378) ~[junit-jupiter-engine-5.11.4.jar:5.11.4]
	at java.base/java.util.stream.ForEachOps$ForEachOp$OfRef.accept(ForEachOps.java:183) ~[na:na]
	at java.base/java.util.stream.ReferencePipeline$3$1.accept(ReferencePipeline.java:197) ~[na:na]
	at java.base/java.util.stream.ReferencePipeline$2$1.accept(ReferencePipeline.java:179) ~[na:na]
	at java.base/java.util.stream.ReferencePipeline$3$1.accept(ReferencePipeline.java:197) ~[na:na]
	at java.base/java.util.ArrayList$ArrayListSpliterator.forEachRemaining(ArrayList.java:1625) ~[na:na]
	at java.base/java.util.stream.AbstractPipeline.copyInto(AbstractPipeline.java:509) ~[na:na]
	at java.base/java.util.stream.AbstractPipeline.wrapAndCopyInto(AbstractPipeline.java:499) ~[na:na]
	at java.base/java.util.stream.ForEachOps$ForEachOp.evaluateSequential(ForEachOps.java:150) ~[na:na]
	at java.base/java.util.stream.ForEachOps$ForEachOp$OfRef.evaluateSequential(ForEachOps.java:173) ~[na:na]
	at java.base/java.util.stream.AbstractPipeline.evaluate(AbstractPipeline.java:234) ~[na:na]
	at java.base/java.util.stream.ReferencePipeline.forEach(ReferencePipeline.java:596) ~[na:na]
	at org.junit.jupiter.engine.descriptor.ClassBasedTestDescriptor.invokeTestInstancePostProcessors(ClassBasedTestDescriptor.java:377) ~[junit-jupiter-engine-5.11.4.jar:5.11.4]
	at org.junit.jupiter.engine.descriptor.ClassBasedTestDescriptor.lambda$instantiateAndPostProcessTestInstance$7(ClassBasedTestDescriptor.java:290) ~[junit-jupiter-engine-5.11.4.jar:5.11.4]
	at org.junit.platform.engine.support.hierarchical.ThrowableCollector.execute(ThrowableCollector.java:73) ~[junit-platform-engine-1.11.4.jar:1.11.4]
	at org.junit.jupiter.engine.descriptor.ClassBasedTestDescriptor.instantiateAndPostProcessTestInstance(ClassBasedTestDescriptor.java:289) ~[junit-jupiter-engine-5.11.4.jar:5.11.4]
	at org.junit.jupiter.engine.descriptor.ClassBasedTestDescriptor.lambda$testInstancesProvider$5(ClassBasedTestDescriptor.java:279) ~[junit-jupiter-engine-5.11.4.jar:5.11.4]
	at java.base/java.util.Optional.orElseGet(Optional.java:364) ~[na:na]
	at org.junit.jupiter.engine.descriptor.ClassBasedTestDescriptor.lambda$testInstancesProvider$6(ClassBasedTestDescriptor.java:278) ~[junit-jupiter-engine-5.11.4.jar:5.11.4]
	at org.junit.jupiter.engine.execution.TestInstancesProvider.getTestInstances(TestInstancesProvider.java:31) ~[junit-jupiter-engine-5.11.4.jar:5.11.4]
	at org.junit.jupiter.engine.descriptor.TestMethodTestDescriptor.lambda$prepare$1(TestMethodTestDescriptor.java:105) ~[junit-jupiter-engine-5.11.4.jar:5.11.4]
	at org.junit.platform.engine.support.hierarchical.ThrowableCollector.execute(ThrowableCollector.java:73) ~[junit-platform-engine-1.11.4.jar:1.11.4]
	at org.junit.jupiter.engine.descriptor.TestMethodTestDescriptor.prepare(TestMethodTestDescriptor.java:104) ~[junit-jupiter-engine-5.11.4.jar:5.11.4]
	at org.junit.jupiter.engine.descriptor.TestMethodTestDescriptor.prepare(TestMethodTestDescriptor.java:68) ~[junit-jupiter-engine-5.11.4.jar:5.11.4]
	at org.junit.platform.engine.support.hierarchical.NodeTestTask.lambda$prepare$2(NodeTestTask.java:128) ~[junit-platform-engine-1.11.4.jar:1.11.4]
	at org.junit.platform.engine.support.hierarchical.ThrowableCollector.execute(ThrowableCollector.java:73) ~[junit-platform-engine-1.11.4.jar:1.11.4]
	at org.junit.platform.engine.support.hierarchical.NodeTestTask.prepare(NodeTestTask.java:128) ~[junit-platform-engine-1.11.4.jar:1.11.4]
	at org.junit.platform.engine.support.hierarchical.NodeTestTask.execute(NodeTestTask.java:95) ~[junit-platform-engine-1.11.4.jar:1.11.4]
	at java.base/java.util.ArrayList.forEach(ArrayList.java:1511) ~[na:na]
	at org.junit.platform.engine.support.hierarchical.SameThreadHierarchicalTestExecutorService.invokeAll(SameThreadHierarchicalTestExecutorService.java:41) ~[junit-platform-engine-1.11.4.jar:1.11.4]
	at org.junit.platform.engine.support.hierarchical.NodeTestTask.lambda$executeRecursively$6(NodeTestTask.java:160) ~[junit-platform-engine-1.11.4.jar:1.11.4]
	at org.junit.platform.engine.support.hierarchical.ThrowableCollector.execute(ThrowableCollector.java:73) ~[junit-platform-engine-1.11.4.jar:1.11.4]
	at org.junit.platform.engine.support.hierarchical.NodeTestTask.lambda$executeRecursively$8(NodeTestTask.java:146) ~[junit-platform-engine-1.11.4.jar:1.11.4]
	at org.junit.platform.engine.support.hierarchical.Node.around(Node.java:137) ~[junit-platform-engine-1.11.4.jar:1.11.4]
	at org.junit.platform.engine.support.hierarchical.NodeTestTask.lambda$executeRecursively$9(NodeTestTask.java:144) ~[junit-platform-engine-1.11.4.jar:1.11.4]
	at org.junit.platform.engine.support.hierarchical.ThrowableCollector.execute(ThrowableCollector.java:73) ~[junit-platform-engine-1.11.4.jar:1.11.4]
	at org.junit.platform.engine.support.hierarchical.NodeTestTask.executeRecursively(NodeTestTask.java:143) ~[junit-platform-engine-1.11.4.jar:1.11.4]
	at org.junit.platform.engine.support.hierarchical.NodeTestTask.execute(NodeTestTask.java:100) ~[junit-platform-engine-1.11.4.jar:1.11.4]
	at java.base/java.util.ArrayList.forEach(ArrayList.java:1511) ~[na:na]
	at org.junit.platform.engine.support.hierarchical.SameThreadHierarchicalTestExecutorService.invokeAll(SameThreadHierarchicalTestExecutorService.java:41) ~[junit-platform-engine-1.11.4.jar:1.11.4]
	at org.junit.platform.engine.support.hierarchical.NodeTestTask.lambda$executeRecursively$6(NodeTestTask.java:160) ~[junit-platform-engine-1.11.4.jar:1.11.4]
	at org.junit.platform.engine.support.hierarchical.ThrowableCollector.execute(ThrowableCollector.java:73) ~[junit-platform-engine-1.11.4.jar:1.11.4]
	at org.junit.platform.engine.support.hierarchical.NodeTestTask.lambda$executeRecursively$8(NodeTestTask.java:146) ~[junit-platform-engine-1.11.4.jar:1.11.4]
	at org.junit.platform.engine.support.hierarchical.Node.around(Node.java:137) ~[junit-platform-engine-1.11.4.jar:1.11.4]
	at org.junit.platform.engine.support.hierarchical.NodeTestTask.lambda$executeRecursively$9(NodeTestTask.java:144) ~[junit-platform-engine-1.11.4.jar:1.11.4]
	at org.junit.platform.engine.support.hierarchical.ThrowableCollector.execute(ThrowableCollector.java:73) ~[junit-platform-engine-1.11.4.jar:1.11.4]
	at org.junit.platform.engine.support.hierarchical.NodeTestTask.executeRecursively(NodeTestTask.java:143) ~[junit-platform-engine-1.11.4.jar:1.11.4]
	at org.junit.platform.engine.support.hierarchical.NodeTestTask.execute(NodeTestTask.java:100) ~[junit-platform-engine-1.11.4.jar:1.11.4]
	at org.junit.platform.engine.support.hierarchical.SameThreadHierarchicalTestExecutorService.submit(SameThreadHierarchicalTestExecutorService.java:35) ~[junit-platform-engine-1.11.4.jar:1.11.4]
	at org.junit.platform.engine.support.hierarchical.HierarchicalTestExecutor.execute(HierarchicalTestExecutor.java:57) ~[junit-platform-engine-1.11.4.jar:1.11.4]
	at org.junit.platform.engine.support.hierarchical.HierarchicalTestEngine.execute(HierarchicalTestEngine.java:54) ~[junit-platform-engine-1.11.4.jar:1.11.4]
	at org.junit.platform.launcher.core.EngineExecutionOrchestrator.execute(EngineExecutionOrchestrator.java:198) ~[junit-platform-launcher-1.11.4.jar:1.11.4]
	at org.junit.platform.launcher.core.EngineExecutionOrchestrator.execute(EngineExecutionOrchestrator.java:169) ~[junit-platform-launcher-1.11.4.jar:1.11.4]
	at org.junit.platform.launcher.core.EngineExecutionOrchestrator.execute(EngineExecutionOrchestrator.java:93) ~[junit-platform-launcher-1.11.4.jar:1.11.4]
	at org.junit.platform.launcher.core.EngineExecutionOrchestrator.lambda$execute$0(EngineExecutionOrchestrator.java:58) ~[junit-platform-launcher-1.11.4.jar:1.11.4]
	at org.junit.platform.launcher.core.EngineExecutionOrchestrator.withInterceptedStreams(EngineExecutionOrchestrator.java:141) ~[junit-platform-launcher-1.11.4.jar:1.11.4]
	at org.junit.platform.launcher.core.EngineExecutionOrchestrator.execute(EngineExecutionOrchestrator.java:57) ~[junit-platform-launcher-1.11.4.jar:1.11.4]
	at org.junit.platform.launcher.core.DefaultLauncher.execute(DefaultLauncher.java:103) ~[junit-platform-launcher-1.11.4.jar:1.11.4]
	at org.junit.platform.launcher.core.DefaultLauncher.execute(DefaultLauncher.java:85) ~[junit-platform-launcher-1.11.4.jar:1.11.4]
	at org.junit.platform.launcher.core.DelegatingLauncher.execute(DelegatingLauncher.java:47) ~[junit-platform-launcher-1.11.4.jar:1.11.4]
	at org.gradle.api.internal.tasks.testing.junitplatform.JUnitPlatformTestClassProcessor$CollectAllTestClassesExecutor.processAllTestClasses(JUnitPlatformTestClassProcessor.java:124) ~[na:na]
	at org.gradle.api.internal.tasks.testing.junitplatform.JUnitPlatformTestClassProcessor$CollectAllTestClassesExecutor.access$000(JUnitPlatformTestClassProcessor.java:99) ~[na:na]
	at org.gradle.api.internal.tasks.testing.junitplatform.JUnitPlatformTestClassProcessor.stop(JUnitPlatformTestClassProcessor.java:94) ~[na:na]
	at org.gradle.api.internal.tasks.testing.SuiteTestClassProcessor.stop(SuiteTestClassProcessor.java:63) ~[na:na]
	at java.base/jdk.internal.reflect.NativeMethodAccessorImpl.invoke0(Native Method) ~[na:na]
	at java.base/jdk.internal.reflect.NativeMethodAccessorImpl.invoke(NativeMethodAccessorImpl.java:77) ~[na:na]
	at java.base/jdk.internal.reflect.DelegatingMethodAccessorImpl.invoke(DelegatingMethodAccessorImpl.java:43) ~[na:na]
	at java.base/java.lang.reflect.Method.invoke(Method.java:568) ~[na:na]
	at org.gradle.internal.dispatch.ReflectionDispatch.dispatch(ReflectionDispatch.java:36) ~[na:na]
	at org.gradle.internal.dispatch.ReflectionDispatch.dispatch(ReflectionDispatch.java:24) ~[na:na]
	at org.gradle.internal.dispatch.ContextClassLoaderDispatch.dispatch(ContextClassLoaderDispatch.java:33) ~[na:na]
	at org.gradle.internal.dispatch.ProxyDispatchAdapter$DispatchingInvocationHandler.invoke(ProxyDispatchAdapter.java:92) ~[na:na]
	at jdk.proxy1/jdk.proxy1.$Proxy4.stop(Unknown Source) ~[na:na]
	at org.gradle.api.internal.tasks.testing.worker.TestWorker$3.run(TestWorker.java:200) ~[na:na]
	at org.gradle.api.internal.tasks.testing.worker.TestWorker.executeAndMaintainThreadName(TestWorker.java:132) ~[na:na]
	at org.gradle.api.internal.tasks.testing.worker.TestWorker.execute(TestWorker.java:103) ~[na:na]
	at org.gradle.api.internal.tasks.testing.worker.TestWorker.execute(TestWorker.java:63) ~[na:na]
	at org.gradle.process.internal.worker.child.ActionExecutionWorker.execute(ActionExecutionWorker.java:56) ~[na:na]
	at org.gradle.process.internal.worker.child.SystemApplicationClassLoaderWorker.call(SystemApplicationClassLoaderWorker.java:121) ~[na:na]
	at org.gradle.process.internal.worker.child.SystemApplicationClassLoaderWorker.call(SystemApplicationClassLoaderWorker.java:71) ~[na:na]
	at worker.org.gradle.process.internal.worker.GradleWorkerMain.run(GradleWorkerMain.java:69) ~[gradle-worker.jar:na]
	at worker.org.gradle.process.internal.worker.GradleWorkerMain.main(GradleWorkerMain.java:74) ~[gradle-worker.jar:na]
Caused by: java.lang.ClassNotFoundException: jakarta.el.ExpressionFactory
	... 142 common frames omitted

2025-04-26T22:20:19.869+02:00 DEBUG 13448 --- [api-gateway] [    Test worker] o.h.v.i.e.AbstractConfigurationImpl      : Setting custom MessageInterpolator of type org.springframework.validation.beanvalidation.LocaleContextMessageInterpolator
2025-04-26T22:20:19.869+02:00 DEBUG 13448 --- [api-gateway] [    Test worker] o.h.v.i.e.AbstractConfigurationImpl      : Setting custom ConstraintValidatorFactory of type org.springframework.validation.beanvalidation.SpringConstraintValidatorFactory
2025-04-26T22:20:19.869+02:00 DEBUG 13448 --- [api-gateway] [    Test worker] o.h.v.i.xml.config.ValidationXmlParser   : Trying to load META-INF/validation.xml for XML based Validator configuration.
2025-04-26T22:20:19.869+02:00 DEBUG 13448 --- [api-gateway] [    Test worker] o.h.v.i.xml.config.ResourceLoaderHelper  : Trying to load META-INF/validation.xml via user class loader
2025-04-26T22:20:19.869+02:00 DEBUG 13448 --- [api-gateway] [    Test worker] o.h.v.i.xml.config.ResourceLoaderHelper  : Trying to load META-INF/validation.xml via TCCL
2025-04-26T22:20:19.869+02:00 DEBUG 13448 --- [api-gateway] [    Test worker] o.h.v.i.xml.config.ResourceLoaderHelper  : Trying to load META-INF/validation.xml via Hibernate Validator's class loader
2025-04-26T22:20:19.869+02:00 DEBUG 13448 --- [api-gateway] [    Test worker] o.h.v.i.xml.config.ValidationXmlParser   : No META-INF/validation.xml found. Using annotation based configuration only.
2025-04-26T22:20:19.870+02:00 DEBUG 13448 --- [api-gateway] [    Test worker] o.h.v.i.e.resolver.TraversableResolvers  : Cannot find jakarta.persistence.Persistence on classpath. Assuming non JPA 2 environment. All properties will per default be traversable.
2025-04-26T22:20:19.871+02:00 DEBUG 13448 --- [api-gateway] [    Test worker] .i.e.ValidatorFactoryConfigurationHelper : HV000252: Using org.hibernate.validator.internal.engine.DefaultPropertyNodeNameProvider as property node name provider.
2025-04-26T22:20:19.872+02:00 DEBUG 13448 --- [api-gateway] [    Test worker] .i.e.ValidatorFactoryConfigurationHelper : HV000234: Using org.springframework.validation.beanvalidation.LocaleContextMessageInterpolator as ValidatorFactory-scoped message interpolator.
2025-04-26T22:20:19.872+02:00 DEBUG 13448 --- [api-gateway] [    Test worker] .i.e.ValidatorFactoryConfigurationHelper : HV000234: Using org.hibernate.validator.internal.engine.resolver.TraverseAllTraversableResolver as ValidatorFactory-scoped traversable resolver.
2025-04-26T22:20:19.872+02:00 DEBUG 13448 --- [api-gateway] [    Test worker] .i.e.ValidatorFactoryConfigurationHelper : HV000234: Using org.hibernate.validator.internal.util.ExecutableParameterNameProvider as ValidatorFactory-scoped parameter name provider.
2025-04-26T22:20:19.872+02:00 DEBUG 13448 --- [api-gateway] [    Test worker] .i.e.ValidatorFactoryConfigurationHelper : HV000234: Using org.hibernate.validator.internal.engine.DefaultClockProvider as ValidatorFactory-scoped clock provider.
2025-04-26T22:20:19.872+02:00 DEBUG 13448 --- [api-gateway] [    Test worker] .i.e.ValidatorFactoryConfigurationHelper : HV000234: Using org.hibernate.validator.internal.engine.scripting.DefaultScriptEvaluatorFactory as ValidatorFactory-scoped script evaluator factory.
2025-04-26T22:20:19.872+02:00 TRACE 13448 --- [api-gateway] [    Test worker] o.s.b.f.s.DefaultListableBeanFactory     : Returning cached instance of singleton bean 'org.springframework.boot.context.properties.BoundConfigurationProperties'
2025-04-26T22:20:19.892+02:00 TRACE 13448 --- [api-gateway] [    Test worker] o.s.b.f.s.DefaultListableBeanFactory     : Creating instance of bean 'org.hibernate.validator.internal.constraintvalidators.bv.NotNullValidator'
2025-04-26T22:20:19.892+02:00 TRACE 13448 --- [api-gateway] [    Test worker] o.s.b.f.s.DefaultListableBeanFactory     : Returning cached instance of singleton bean 'preFilterAuthorizationAdvisor'
2025-04-26T22:20:19.892+02:00 TRACE 13448 --- [api-gateway] [    Test worker] o.s.b.f.s.DefaultListableBeanFactory     : Returning cached instance of singleton bean 'preAuthorizeAuthorizationAdvisor'
2025-04-26T22:20:19.892+02:00 TRACE 13448 --- [api-gateway] [    Test worker] o.s.b.f.s.DefaultListableBeanFactory     : Returning cached instance of singleton bean 'postFilterAuthorizationAdvisor'
2025-04-26T22:20:19.892+02:00 TRACE 13448 --- [api-gateway] [    Test worker] o.s.b.f.s.DefaultListableBeanFactory     : Returning cached instance of singleton bean 'postAuthorizeAuthorizationAdvisor'
2025-04-26T22:20:19.892+02:00 TRACE 13448 --- [api-gateway] [    Test worker] o.s.b.f.s.DefaultListableBeanFactory     : Returning cached instance of singleton bean 'jsr250AuthorizationAdvisor'
2025-04-26T22:20:19.892+02:00 TRACE 13448 --- [api-gateway] [    Test worker] o.s.b.f.s.DefaultListableBeanFactory     : Returning cached instance of singleton bean 'authorizeReturnObjectAdvisor'
2025-04-26T22:20:19.892+02:00 TRACE 13448 --- [api-gateway] [    Test worker] o.s.b.f.s.DefaultListableBeanFactory     : Finished creating instance of bean 'org.hibernate.validator.internal.constraintvalidators.bv.NotNullValidator'
2025-04-26T22:20:19.934+02:00 TRACE 13448 --- [api-gateway] [    Test worker] o.s.b.f.s.DefaultListableBeanFactory     : Returning cached instance of singleton bean 'preFilterAuthorizationAdvisor'
2025-04-26T22:20:19.934+02:00 TRACE 13448 --- [api-gateway] [    Test worker] o.s.b.f.s.DefaultListableBeanFactory     : Returning cached instance of singleton bean 'preAuthorizeAuthorizationAdvisor'
2025-04-26T22:20:19.934+02:00 TRACE 13448 --- [api-gateway] [    Test worker] o.s.b.f.s.DefaultListableBeanFactory     : Returning cached instance of singleton bean 'postFilterAuthorizationAdvisor'
2025-04-26T22:20:19.934+02:00 TRACE 13448 --- [api-gateway] [    Test worker] o.s.b.f.s.DefaultListableBeanFactory     : Returning cached instance of singleton bean 'postAuthorizeAuthorizationAdvisor'
2025-04-26T22:20:19.934+02:00 TRACE 13448 --- [api-gateway] [    Test worker] o.s.b.f.s.DefaultListableBeanFactory     : Returning cached instance of singleton bean 'jsr250AuthorizationAdvisor'
2025-04-26T22:20:19.934+02:00 TRACE 13448 --- [api-gateway] [    Test worker] o.s.b.f.s.DefaultListableBeanFactory     : Returning cached instance of singleton bean 'authorizeReturnObjectAdvisor'
2025-04-26T22:20:19.935+02:00 TRACE 13448 --- [api-gateway] [    Test worker] o.s.b.f.s.DefaultListableBeanFactory     : Finished creating instance of bean 'gatewayProperties'
2025-04-26T22:20:19.935+02:00 DEBUG 13448 --- [api-gateway] [    Test worker] o.s.b.f.s.DefaultListableBeanFactory     : Autowiring by type from bean name 'nettyWriteResponseFilter' via factory method to bean named 'gatewayProperties'
2025-04-26T22:20:19.935+02:00 TRACE 13448 --- [api-gateway] [    Test worker] o.s.b.f.s.DefaultListableBeanFactory     : Returning cached instance of singleton bean 'preFilterAuthorizationAdvisor'
2025-04-26T22:20:19.935+02:00 TRACE 13448 --- [api-gateway] [    Test worker] o.s.b.f.s.DefaultListableBeanFactory     : Returning cached instance of singleton bean 'preAuthorizeAuthorizationAdvisor'
2025-04-26T22:20:19.935+02:00 TRACE 13448 --- [api-gateway] [    Test worker] o.s.b.f.s.DefaultListableBeanFactory     : Returning cached instance of singleton bean 'postFilterAuthorizationAdvisor'
2025-04-26T22:20:19.935+02:00 TRACE 13448 --- [api-gateway] [    Test worker] o.s.b.f.s.DefaultListableBeanFactory     : Returning cached instance of singleton bean 'postAuthorizeAuthorizationAdvisor'
2025-04-26T22:20:19.935+02:00 TRACE 13448 --- [api-gateway] [    Test worker] o.s.b.f.s.DefaultListableBeanFactory     : Returning cached instance of singleton bean 'jsr250AuthorizationAdvisor'
2025-04-26T22:20:19.935+02:00 TRACE 13448 --- [api-gateway] [    Test worker] o.s.b.f.s.DefaultListableBeanFactory     : Returning cached instance of singleton bean 'authorizeReturnObjectAdvisor'
2025-04-26T22:20:19.936+02:00 TRACE 13448 --- [api-gateway] [    Test worker] o.s.b.f.s.DefaultListableBeanFactory     : Finished creating instance of bean 'nettyWriteResponseFilter'
2025-04-26T22:20:19.936+02:00 DEBUG 13448 --- [api-gateway] [    Test worker] o.s.b.f.s.DefaultListableBeanFactory     : Creating shared instance of singleton bean 'reactorNettyWebSocketClient'
2025-04-26T22:20:19.936+02:00 TRACE 13448 --- [api-gateway] [    Test worker] o.s.b.f.s.DefaultListableBeanFactory     : Creating instance of bean 'reactorNettyWebSocketClient'
2025-04-26T22:20:19.936+02:00 TRACE 13448 --- [api-gateway] [    Test worker] o.s.b.f.s.DefaultListableBeanFactory     : Returning cached instance of singleton bean 'org.springframework.cloud.gateway.config.GatewayAutoConfiguration$NettyConfiguration'
2025-04-26T22:20:19.936+02:00 TRACE 13448 --- [api-gateway] [    Test worker] o.s.b.f.s.DefaultListableBeanFactory     : Returning cached instance of singleton bean 'httpClientProperties'
2025-04-26T22:20:19.936+02:00 TRACE 13448 --- [api-gateway] [    Test worker] o.s.b.f.s.DefaultListableBeanFactory     : Returning cached instance of singleton bean 'gatewayHttpClientFactory'
2025-04-26T22:20:19.936+02:00 DEBUG 13448 --- [api-gateway] [    Test worker] o.s.b.f.s.DefaultListableBeanFactory     : Autowiring by type from bean name 'reactorNettyWebSocketClient' via factory method to bean named 'httpClientProperties'
2025-04-26T22:20:19.936+02:00 DEBUG 13448 --- [api-gateway] [    Test worker] o.s.b.f.s.DefaultListableBeanFactory     : Autowiring by type from bean name 'reactorNettyWebSocketClient' via factory method to bean named 'gatewayHttpClientFactory'
2025-04-26T22:20:19.939+02:00 TRACE 13448 --- [api-gateway] [    Test worker] o.s.b.f.s.DefaultListableBeanFactory     : Returning cached instance of singleton bean 'preFilterAuthorizationAdvisor'
2025-04-26T22:20:19.939+02:00 TRACE 13448 --- [api-gateway] [    Test worker] o.s.b.f.s.DefaultListableBeanFactory     : Returning cached instance of singleton bean 'preAuthorizeAuthorizationAdvisor'
2025-04-26T22:20:19.939+02:00 TRACE 13448 --- [api-gateway] [    Test worker] o.s.b.f.s.DefaultListableBeanFactory     : Returning cached instance of singleton bean 'postFilterAuthorizationAdvisor'
2025-04-26T22:20:19.939+02:00 TRACE 13448 --- [api-gateway] [    Test worker] o.s.b.f.s.DefaultListableBeanFactory     : Returning cached instance of singleton bean 'postAuthorizeAuthorizationAdvisor'
2025-04-26T22:20:19.939+02:00 TRACE 13448 --- [api-gateway] [    Test worker] o.s.b.f.s.DefaultListableBeanFactory     : Returning cached instance of singleton bean 'jsr250AuthorizationAdvisor'
2025-04-26T22:20:19.939+02:00 TRACE 13448 --- [api-gateway] [    Test worker] o.s.b.f.s.DefaultListableBeanFactory     : Returning cached instance of singleton bean 'authorizeReturnObjectAdvisor'
2025-04-26T22:20:19.939+02:00 TRACE 13448 --- [api-gateway] [    Test worker] o.s.b.f.s.DefaultListableBeanFactory     : Finished creating instance of bean 'reactorNettyWebSocketClient'
2025-04-26T22:20:19.939+02:00 DEBUG 13448 --- [api-gateway] [    Test worker] o.s.b.f.s.DefaultListableBeanFactory     : Creating shared instance of singleton bean 'reactorNettyRequestUpgradeStrategy'
2025-04-26T22:20:19.939+02:00 TRACE 13448 --- [api-gateway] [    Test worker] o.s.b.f.s.DefaultListableBeanFactory     : Creating instance of bean 'reactorNettyRequestUpgradeStrategy'
2025-04-26T22:20:19.939+02:00 TRACE 13448 --- [api-gateway] [    Test worker] o.s.b.f.s.DefaultListableBeanFactory     : Returning cached instance of singleton bean 'org.springframework.cloud.gateway.config.GatewayAutoConfiguration$NettyConfiguration'
2025-04-26T22:20:19.939+02:00 TRACE 13448 --- [api-gateway] [    Test worker] o.s.b.f.s.DefaultListableBeanFactory     : Returning cached instance of singleton bean 'httpClientProperties'
2025-04-26T22:20:19.940+02:00 DEBUG 13448 --- [api-gateway] [    Test worker] o.s.b.f.s.DefaultListableBeanFactory     : Autowiring by type from bean name 'reactorNettyRequestUpgradeStrategy' via factory method to bean named 'httpClientProperties'
2025-04-26T22:20:19.943+02:00 TRACE 13448 --- [api-gateway] [    Test worker] o.s.b.f.s.DefaultListableBeanFactory     : Returning cached instance of singleton bean 'preFilterAuthorizationAdvisor'
2025-04-26T22:20:19.943+02:00 TRACE 13448 --- [api-gateway] [    Test worker] o.s.b.f.s.DefaultListableBeanFactory     : Returning cached instance of singleton bean 'preAuthorizeAuthorizationAdvisor'
2025-04-26T22:20:19.944+02:00 TRACE 13448 --- [api-gateway] [    Test worker] o.s.b.f.s.DefaultListableBeanFactory     : Returning cached instance of singleton bean 'postFilterAuthorizationAdvisor'
2025-04-26T22:20:19.944+02:00 TRACE 13448 --- [api-gateway] [    Test worker] o.s.b.f.s.DefaultListableBeanFactory     : Returning cached instance of singleton bean 'postAuthorizeAuthorizationAdvisor'
2025-04-26T22:20:19.944+02:00 TRACE 13448 --- [api-gateway] [    Test worker] o.s.b.f.s.DefaultListableBeanFactory     : Returning cached instance of singleton bean 'jsr250AuthorizationAdvisor'
2025-04-26T22:20:19.944+02:00 TRACE 13448 --- [api-gateway] [    Test worker] o.s.b.f.s.DefaultListableBeanFactory     : Returning cached instance of singleton bean 'authorizeReturnObjectAdvisor'
2025-04-26T22:20:19.944+02:00 TRACE 13448 --- [api-gateway] [    Test worker] o.s.b.f.s.DefaultListableBeanFactory     : Finished creating instance of bean 'reactorNettyRequestUpgradeStrategy'
2025-04-26T22:20:19.944+02:00 TRACE 13448 --- [api-gateway] [    Test worker] o.s.b.f.s.DefaultListableBeanFactory     : Returning cached instance of singleton bean 'org.springframework.cloud.gateway.config.GatewayAutoConfiguration'
2025-04-26T22:20:19.944+02:00 DEBUG 13448 --- [api-gateway] [    Test worker] o.s.b.f.s.DefaultListableBeanFactory     : Creating shared instance of singleton bean 'stringToZonedDateTimeConverter'
2025-04-26T22:20:19.944+02:00 TRACE 13448 --- [api-gateway] [    Test worker] o.s.b.f.s.DefaultListableBeanFactory     : Creating instance of bean 'stringToZonedDateTimeConverter'
2025-04-26T22:20:19.944+02:00 TRACE 13448 --- [api-gateway] [    Test worker] o.s.b.f.s.DefaultListableBeanFactory     : Returning cached instance of singleton bean 'org.springframework.cloud.gateway.config.GatewayAutoConfiguration'
2025-04-26T22:20:19.945+02:00 TRACE 13448 --- [api-gateway] [    Test worker] o.s.b.f.s.DefaultListableBeanFactory     : Returning cached instance of singleton bean 'preFilterAuthorizationAdvisor'
2025-04-26T22:20:19.945+02:00 TRACE 13448 --- [api-gateway] [    Test worker] o.s.b.f.s.DefaultListableBeanFactory     : Returning cached instance of singleton bean 'preAuthorizeAuthorizationAdvisor'
2025-04-26T22:20:19.945+02:00 TRACE 13448 --- [api-gateway] [    Test worker] o.s.b.f.s.DefaultListableBeanFactory     : Returning cached instance of singleton bean 'postFilterAuthorizationAdvisor'
2025-04-26T22:20:19.945+02:00 TRACE 13448 --- [api-gateway] [    Test worker] o.s.b.f.s.DefaultListableBeanFactory     : Returning cached instance of singleton bean 'postAuthorizeAuthorizationAdvisor'
2025-04-26T22:20:19.945+02:00 TRACE 13448 --- [api-gateway] [    Test worker] o.s.b.f.s.DefaultListableBeanFactory     : Returning cached instance of singleton bean 'jsr250AuthorizationAdvisor'
2025-04-26T22:20:19.945+02:00 TRACE 13448 --- [api-gateway] [    Test worker] o.s.b.f.s.DefaultListableBeanFactory     : Returning cached instance of singleton bean 'authorizeReturnObjectAdvisor'
2025-04-26T22:20:19.945+02:00 TRACE 13448 --- [api-gateway] [    Test worker] o.s.b.f.s.DefaultListableBeanFactory     : Finished creating instance of bean 'stringToZonedDateTimeConverter'
2025-04-26T22:20:19.945+02:00 DEBUG 13448 --- [api-gateway] [    Test worker] o.s.b.f.s.DefaultListableBeanFactory     : Creating shared instance of singleton bean 'deprecatedKeyValueConverter'
2025-04-26T22:20:19.945+02:00 TRACE 13448 --- [api-gateway] [    Test worker] o.s.b.f.s.DefaultListableBeanFactory     : Creating instance of bean 'deprecatedKeyValueConverter'
2025-04-26T22:20:19.945+02:00 TRACE 13448 --- [api-gateway] [    Test worker] o.s.b.f.s.DefaultListableBeanFactory     : Returning cached instance of singleton bean 'org.springframework.cloud.gateway.config.GatewayAutoConfiguration'
2025-04-26T22:20:19.947+02:00 TRACE 13448 --- [api-gateway] [    Test worker] o.s.b.f.s.DefaultListableBeanFactory     : Returning cached instance of singleton bean 'preFilterAuthorizationAdvisor'
2025-04-26T22:20:19.947+02:00 TRACE 13448 --- [api-gateway] [    Test worker] o.s.b.f.s.DefaultListableBeanFactory     : Returning cached instance of singleton bean 'preAuthorizeAuthorizationAdvisor'
2025-04-26T22:20:19.947+02:00 TRACE 13448 --- [api-gateway] [    Test worker] o.s.b.f.s.DefaultListableBeanFactory     : Returning cached instance of singleton bean 'postFilterAuthorizationAdvisor'
2025-04-26T22:20:19.947+02:00 TRACE 13448 --- [api-gateway] [    Test worker] o.s.b.f.s.DefaultListableBeanFactory     : Returning cached instance of singleton bean 'postAuthorizeAuthorizationAdvisor'
2025-04-26T22:20:19.947+02:00 TRACE 13448 --- [api-gateway] [    Test worker] o.s.b.f.s.DefaultListableBeanFactory     : Returning cached instance of singleton bean 'jsr250AuthorizationAdvisor'
2025-04-26T22:20:19.947+02:00 TRACE 13448 --- [api-gateway] [    Test worker] o.s.b.f.s.DefaultListableBeanFactory     : Returning cached instance of singleton bean 'authorizeReturnObjectAdvisor'
2025-04-26T22:20:19.947+02:00 TRACE 13448 --- [api-gateway] [    Test worker] o.s.b.f.s.DefaultListableBeanFactory     : Finished creating instance of bean 'deprecatedKeyValueConverter'
2025-04-26T22:20:19.947+02:00 DEBUG 13448 --- [api-gateway] [    Test worker] o.s.b.f.s.DefaultListableBeanFactory     : Creating shared instance of singleton bean 'keyValueConverter'
2025-04-26T22:20:19.947+02:00 TRACE 13448 --- [api-gateway] [    Test worker] o.s.b.f.s.DefaultListableBeanFactory     : Creating instance of bean 'keyValueConverter'
2025-04-26T22:20:19.947+02:00 TRACE 13448 --- [api-gateway] [    Test worker] o.s.b.f.s.DefaultListableBeanFactory     : Returning cached instance of singleton bean 'org.springframework.cloud.gateway.config.GatewayAutoConfiguration'
2025-04-26T22:20:19.948+02:00 TRACE 13448 --- [api-gateway] [    Test worker] o.s.b.f.s.DefaultListableBeanFactory     : Returning cached instance of singleton bean 'preFilterAuthorizationAdvisor'
2025-04-26T22:20:19.948+02:00 TRACE 13448 --- [api-gateway] [    Test worker] o.s.b.f.s.DefaultListableBeanFactory     : Returning cached instance of singleton bean 'preAuthorizeAuthorizationAdvisor'
2025-04-26T22:20:19.948+02:00 TRACE 13448 --- [api-gateway] [    Test worker] o.s.b.f.s.DefaultListableBeanFactory     : Returning cached instance of singleton bean 'postFilterAuthorizationAdvisor'
2025-04-26T22:20:19.948+02:00 TRACE 13448 --- [api-gateway] [    Test worker] o.s.b.f.s.DefaultListableBeanFactory     : Returning cached instance of singleton bean 'postAuthorizeAuthorizationAdvisor'
2025-04-26T22:20:19.948+02:00 TRACE 13448 --- [api-gateway] [    Test worker] o.s.b.f.s.DefaultListableBeanFactory     : Returning cached instance of singleton bean 'jsr250AuthorizationAdvisor'
2025-04-26T22:20:19.948+02:00 TRACE 13448 --- [api-gateway] [    Test worker] o.s.b.f.s.DefaultListableBeanFactory     : Returning cached instance of singleton bean 'authorizeReturnObjectAdvisor'
2025-04-26T22:20:19.948+02:00 TRACE 13448 --- [api-gateway] [    Test worker] o.s.b.f.s.DefaultListableBeanFactory     : Finished creating instance of bean 'keyValueConverter'
2025-04-26T22:20:19.948+02:00 TRACE 13448 --- [api-gateway] [    Test worker] o.s.b.f.s.DefaultListableBeanFactory     : Returning cached instance of singleton bean 'routeLocatorBuilder'
2025-04-26T22:20:19.948+02:00 DEBUG 13448 --- [api-gateway] [    Test worker] o.s.b.f.s.DefaultListableBeanFactory     : Creating shared instance of singleton bean 'propertiesRouteDefinitionLocator'
2025-04-26T22:20:19.948+02:00 TRACE 13448 --- [api-gateway] [    Test worker] o.s.b.f.s.DefaultListableBeanFactory     : Creating instance of bean 'propertiesRouteDefinitionLocator'
2025-04-26T22:20:19.948+02:00 TRACE 13448 --- [api-gateway] [    Test worker] o.s.b.f.s.DefaultListableBeanFactory     : Returning cached instance of singleton bean 'org.springframework.cloud.gateway.config.GatewayAutoConfiguration'
2025-04-26T22:20:19.948+02:00 TRACE 13448 --- [api-gateway] [    Test worker] o.s.b.f.s.DefaultListableBeanFactory     : Returning cached instance of singleton bean 'gatewayProperties'
2025-04-26T22:20:19.948+02:00 DEBUG 13448 --- [api-gateway] [    Test worker] o.s.b.f.s.DefaultListableBeanFactory     : Autowiring by type from bean name 'propertiesRouteDefinitionLocator' via factory method to bean named 'gatewayProperties'
2025-04-26T22:20:19.949+02:00 TRACE 13448 --- [api-gateway] [    Test worker] o.s.b.f.s.DefaultListableBeanFactory     : Returning cached instance of singleton bean 'preFilterAuthorizationAdvisor'
2025-04-26T22:20:19.949+02:00 TRACE 13448 --- [api-gateway] [    Test worker] o.s.b.f.s.DefaultListableBeanFactory     : Returning cached instance of singleton bean 'preAuthorizeAuthorizationAdvisor'
2025-04-26T22:20:19.949+02:00 TRACE 13448 --- [api-gateway] [    Test worker] o.s.b.f.s.DefaultListableBeanFactory     : Returning cached instance of singleton bean 'postFilterAuthorizationAdvisor'
2025-04-26T22:20:19.949+02:00 TRACE 13448 --- [api-gateway] [    Test worker] o.s.b.f.s.DefaultListableBeanFactory     : Returning cached instance of singleton bean 'postAuthorizeAuthorizationAdvisor'
2025-04-26T22:20:19.949+02:00 TRACE 13448 --- [api-gateway] [    Test worker] o.s.b.f.s.DefaultListableBeanFactory     : Returning cached instance of singleton bean 'jsr250AuthorizationAdvisor'
2025-04-26T22:20:19.949+02:00 TRACE 13448 --- [api-gateway] [    Test worker] o.s.b.f.s.DefaultListableBeanFactory     : Returning cached instance of singleton bean 'authorizeReturnObjectAdvisor'
2025-04-26T22:20:19.949+02:00 TRACE 13448 --- [api-gateway] [    Test worker] o.s.b.f.s.DefaultListableBeanFactory     : Finished creating instance of bean 'propertiesRouteDefinitionLocator'
2025-04-26T22:20:19.949+02:00 DEBUG 13448 --- [api-gateway] [    Test worker] o.s.b.f.s.DefaultListableBeanFactory     : Creating shared instance of singleton bean 'inMemoryRouteDefinitionRepository'
2025-04-26T22:20:19.949+02:00 TRACE 13448 --- [api-gateway] [    Test worker] o.s.b.f.s.DefaultListableBeanFactory     : Creating instance of bean 'inMemoryRouteDefinitionRepository'
2025-04-26T22:20:19.949+02:00 TRACE 13448 --- [api-gateway] [    Test worker] o.s.b.f.s.DefaultListableBeanFactory     : Returning cached instance of singleton bean 'org.springframework.cloud.gateway.config.GatewayAutoConfiguration'
2025-04-26T22:20:19.949+02:00 TRACE 13448 --- [api-gateway] [    Test worker] o.s.b.f.s.DefaultListableBeanFactory     : Returning cached instance of singleton bean 'preFilterAuthorizationAdvisor'
2025-04-26T22:20:19.949+02:00 TRACE 13448 --- [api-gateway] [    Test worker] o.s.b.f.s.DefaultListableBeanFactory     : Returning cached instance of singleton bean 'preAuthorizeAuthorizationAdvisor'
2025-04-26T22:20:19.949+02:00 TRACE 13448 --- [api-gateway] [    Test worker] o.s.b.f.s.DefaultListableBeanFactory     : Returning cached instance of singleton bean 'postFilterAuthorizationAdvisor'
2025-04-26T22:20:19.949+02:00 TRACE 13448 --- [api-gateway] [    Test worker] o.s.b.f.s.DefaultListableBeanFactory     : Returning cached instance of singleton bean 'postAuthorizeAuthorizationAdvisor'
2025-04-26T22:20:19.950+02:00 TRACE 13448 --- [api-gateway] [    Test worker] o.s.b.f.s.DefaultListableBeanFactory     : Returning cached instance of singleton bean 'jsr250AuthorizationAdvisor'
2025-04-26T22:20:19.950+02:00 TRACE 13448 --- [api-gateway] [    Test worker] o.s.b.f.s.DefaultListableBeanFactory     : Returning cached instance of singleton bean 'authorizeReturnObjectAdvisor'
2025-04-26T22:20:19.950+02:00 TRACE 13448 --- [api-gateway] [    Test worker] o.s.b.f.s.DefaultListableBeanFactory     : Finished creating instance of bean 'inMemoryRouteDefinitionRepository'
2025-04-26T22:20:19.950+02:00 DEBUG 13448 --- [api-gateway] [    Test worker] o.s.b.f.s.DefaultListableBeanFactory     : Creating shared instance of singleton bean 'routeDefinitionLocator'
2025-04-26T22:20:19.950+02:00 TRACE 13448 --- [api-gateway] [    Test worker] o.s.b.f.s.DefaultListableBeanFactory     : Creating instance of bean 'routeDefinitionLocator'
2025-04-26T22:20:19.950+02:00 TRACE 13448 --- [api-gateway] [    Test worker] o.s.b.f.s.DefaultListableBeanFactory     : Returning cached instance of singleton bean 'org.springframework.cloud.gateway.config.GatewayAutoConfiguration'
2025-04-26T22:20:19.950+02:00 TRACE 13448 --- [api-gateway] [    Test worker] o.s.b.f.s.DefaultListableBeanFactory     : Returning cached instance of singleton bean 'propertiesRouteDefinitionLocator'
2025-04-26T22:20:19.950+02:00 TRACE 13448 --- [api-gateway] [    Test worker] o.s.b.f.s.DefaultListableBeanFactory     : Returning cached instance of singleton bean 'inMemoryRouteDefinitionRepository'
2025-04-26T22:20:19.951+02:00 DEBUG 13448 --- [api-gateway] [    Test worker] o.s.b.f.s.DefaultListableBeanFactory     : Autowiring by type from bean name 'routeDefinitionLocator' via factory method to bean named 'propertiesRouteDefinitionLocator'
2025-04-26T22:20:19.951+02:00 DEBUG 13448 --- [api-gateway] [    Test worker] o.s.b.f.s.DefaultListableBeanFactory     : Autowiring by type from bean name 'routeDefinitionLocator' via factory method to bean named 'inMemoryRouteDefinitionRepository'
2025-04-26T22:20:19.952+02:00 TRACE 13448 --- [api-gateway] [    Test worker] o.s.b.f.s.DefaultListableBeanFactory     : Returning cached instance of singleton bean 'preFilterAuthorizationAdvisor'
2025-04-26T22:20:19.952+02:00 TRACE 13448 --- [api-gateway] [    Test worker] o.s.b.f.s.DefaultListableBeanFactory     : Returning cached instance of singleton bean 'preAuthorizeAuthorizationAdvisor'
2025-04-26T22:20:19.952+02:00 TRACE 13448 --- [api-gateway] [    Test worker] o.s.b.f.s.DefaultListableBeanFactory     : Returning cached instance of singleton bean 'postFilterAuthorizationAdvisor'
2025-04-26T22:20:19.952+02:00 TRACE 13448 --- [api-gateway] [    Test worker] o.s.b.f.s.DefaultListableBeanFactory     : Returning cached instance of singleton bean 'postAuthorizeAuthorizationAdvisor'
2025-04-26T22:20:19.952+02:00 TRACE 13448 --- [api-gateway] [    Test worker] o.s.b.f.s.DefaultListableBeanFactory     : Returning cached instance of singleton bean 'jsr250AuthorizationAdvisor'
2025-04-26T22:20:19.952+02:00 TRACE 13448 --- [api-gateway] [    Test worker] o.s.b.f.s.DefaultListableBeanFactory     : Returning cached instance of singleton bean 'authorizeReturnObjectAdvisor'
2025-04-26T22:20:19.953+02:00 TRACE 13448 --- [api-gateway] [    Test worker] o.s.b.f.s.DefaultListableBeanFactory     : Finished creating instance of bean 'routeDefinitionLocator'
2025-04-26T22:20:19.953+02:00 DEBUG 13448 --- [api-gateway] [    Test worker] o.s.b.f.s.DefaultListableBeanFactory     : Creating shared instance of singleton bean 'gatewayConfigurationService'
2025-04-26T22:20:19.953+02:00 TRACE 13448 --- [api-gateway] [    Test worker] o.s.b.f.s.DefaultListableBeanFactory     : Creating instance of bean 'gatewayConfigurationService'
2025-04-26T22:20:19.953+02:00 TRACE 13448 --- [api-gateway] [    Test worker] o.s.b.f.s.DefaultListableBeanFactory     : Returning cached instance of singleton bean 'org.springframework.cloud.gateway.config.GatewayAutoConfiguration'
2025-04-26T22:20:19.953+02:00 DEBUG 13448 --- [api-gateway] [    Test worker] o.s.b.f.s.DefaultListableBeanFactory     : Autowiring by type from bean name 'gatewayConfigurationService' via factory method to bean named 'org.springframework.beans.factory.support.DefaultListableBeanFactory@47447ccf'
2025-04-26T22:20:19.955+02:00 TRACE 13448 --- [api-gateway] [    Test worker] o.s.b.f.s.DefaultListableBeanFactory     : Returning cached instance of singleton bean 'preFilterAuthorizationAdvisor'
2025-04-26T22:20:19.955+02:00 TRACE 13448 --- [api-gateway] [    Test worker] o.s.b.f.s.DefaultListableBeanFactory     : Returning cached instance of singleton bean 'preAuthorizeAuthorizationAdvisor'
2025-04-26T22:20:19.955+02:00 TRACE 13448 --- [api-gateway] [    Test worker] o.s.b.f.s.DefaultListableBeanFactory     : Returning cached instance of singleton bean 'postFilterAuthorizationAdvisor'
2025-04-26T22:20:19.955+02:00 TRACE 13448 --- [api-gateway] [    Test worker] o.s.b.f.s.DefaultListableBeanFactory     : Returning cached instance of singleton bean 'postAuthorizeAuthorizationAdvisor'
2025-04-26T22:20:19.955+02:00 TRACE 13448 --- [api-gateway] [    Test worker] o.s.b.f.s.DefaultListableBeanFactory     : Returning cached instance of singleton bean 'jsr250AuthorizationAdvisor'
2025-04-26T22:20:19.955+02:00 TRACE 13448 --- [api-gateway] [    Test worker] o.s.b.f.s.DefaultListableBeanFactory     : Returning cached instance of singleton bean 'authorizeReturnObjectAdvisor'
2025-04-26T22:20:19.955+02:00 TRACE 13448 --- [api-gateway] [    Test worker] o.s.b.f.s.DefaultListableBeanFactory     : Finished creating instance of bean 'gatewayConfigurationService'
2025-04-26T22:20:19.955+02:00 DEBUG 13448 --- [api-gateway] [    Test worker] o.s.b.f.s.DefaultListableBeanFactory     : Creating shared instance of singleton bean 'routeDefinitionRouteLocator'
2025-04-26T22:20:19.955+02:00 TRACE 13448 --- [api-gateway] [    Test worker] o.s.b.f.s.DefaultListableBeanFactory     : Creating instance of bean 'routeDefinitionRouteLocator'
2025-04-26T22:20:19.955+02:00 TRACE 13448 --- [api-gateway] [    Test worker] o.s.b.f.s.DefaultListableBeanFactory     : Returning cached instance of singleton bean 'org.springframework.cloud.gateway.config.GatewayAutoConfiguration'
2025-04-26T22:20:19.956+02:00 TRACE 13448 --- [api-gateway] [    Test worker] o.s.b.f.s.DefaultListableBeanFactory     : Returning cached instance of singleton bean 'gatewayProperties'
2025-04-26T22:20:19.956+02:00 TRACE 13448 --- [api-gateway] [    Test worker] o.s.b.f.s.DefaultListableBeanFactory     : Returning cached instance of singleton bean 'addRequestHeaderGatewayFilterFactory'
2025-04-26T22:20:19.956+02:00 DEBUG 13448 --- [api-gateway] [    Test worker] o.s.b.f.s.DefaultListableBeanFactory     : Creating shared instance of singleton bean 'addRequestHeadersIfNotPresentGatewayFilterFactory'
2025-04-26T22:20:19.956+02:00 TRACE 13448 --- [api-gateway] [    Test worker] o.s.b.f.s.DefaultListableBeanFactory     : Creating instance of bean 'addRequestHeadersIfNotPresentGatewayFilterFactory'
2025-04-26T22:20:19.956+02:00 TRACE 13448 --- [api-gateway] [    Test worker] o.s.b.f.s.DefaultListableBeanFactory     : Returning cached instance of singleton bean 'org.springframework.cloud.gateway.config.GatewayAutoConfiguration'
2025-04-26T22:20:19.957+02:00 TRACE 13448 --- [api-gateway] [    Test worker] o.s.b.f.s.DefaultListableBeanFactory     : Returning cached instance of singleton bean 'preFilterAuthorizationAdvisor'
2025-04-26T22:20:19.957+02:00 TRACE 13448 --- [api-gateway] [    Test worker] o.s.b.f.s.DefaultListableBeanFactory     : Returning cached instance of singleton bean 'preAuthorizeAuthorizationAdvisor'
2025-04-26T22:20:19.957+02:00 TRACE 13448 --- [api-gateway] [    Test worker] o.s.b.f.s.DefaultListableBeanFactory     : Returning cached instance of singleton bean 'postFilterAuthorizationAdvisor'
2025-04-26T22:20:19.957+02:00 TRACE 13448 --- [api-gateway] [    Test worker] o.s.b.f.s.DefaultListableBeanFactory     : Returning cached instance of singleton bean 'postAuthorizeAuthorizationAdvisor'
2025-04-26T22:20:19.957+02:00 TRACE 13448 --- [api-gateway] [    Test worker] o.s.b.f.s.DefaultListableBeanFactory     : Returning cached instance of singleton bean 'jsr250AuthorizationAdvisor'
2025-04-26T22:20:19.957+02:00 TRACE 13448 --- [api-gateway] [    Test worker] o.s.b.f.s.DefaultListableBeanFactory     : Returning cached instance of singleton bean 'authorizeReturnObjectAdvisor'
2025-04-26T22:20:19.958+02:00 TRACE 13448 --- [api-gateway] [    Test worker] o.s.b.f.s.DefaultListableBeanFactory     : Finished creating instance of bean 'addRequestHeadersIfNotPresentGatewayFilterFactory'
2025-04-26T22:20:19.958+02:00 DEBUG 13448 --- [api-gateway] [    Test worker] o.s.b.f.s.DefaultListableBeanFactory     : Creating shared instance of singleton bean 'mapRequestHeaderGatewayFilterFactory'
2025-04-26T22:20:19.958+02:00 TRACE 13448 --- [api-gateway] [    Test worker] o.s.b.f.s.DefaultListableBeanFactory     : Creating instance of bean 'mapRequestHeaderGatewayFilterFactory'
2025-04-26T22:20:19.958+02:00 TRACE 13448 --- [api-gateway] [    Test worker] o.s.b.f.s.DefaultListableBeanFactory     : Returning cached instance of singleton bean 'org.springframework.cloud.gateway.config.GatewayAutoConfiguration'
2025-04-26T22:20:19.959+02:00 TRACE 13448 --- [api-gateway] [    Test worker] o.s.b.f.s.DefaultListableBeanFactory     : Returning cached instance of singleton bean 'preFilterAuthorizationAdvisor'
2025-04-26T22:20:19.959+02:00 TRACE 13448 --- [api-gateway] [    Test worker] o.s.b.f.s.DefaultListableBeanFactory     : Returning cached instance of singleton bean 'preAuthorizeAuthorizationAdvisor'
2025-04-26T22:20:19.959+02:00 TRACE 13448 --- [api-gateway] [    Test worker] o.s.b.f.s.DefaultListableBeanFactory     : Returning cached instance of singleton bean 'postFilterAuthorizationAdvisor'
2025-04-26T22:20:19.959+02:00 TRACE 13448 --- [api-gateway] [    Test worker] o.s.b.f.s.DefaultListableBeanFactory     : Returning cached instance of singleton bean 'postAuthorizeAuthorizationAdvisor'
2025-04-26T22:20:19.959+02:00 TRACE 13448 --- [api-gateway] [    Test worker] o.s.b.f.s.DefaultListableBeanFactory     : Returning cached instance of singleton bean 'jsr250AuthorizationAdvisor'
2025-04-26T22:20:19.959+02:00 TRACE 13448 --- [api-gateway] [    Test worker] o.s.b.f.s.DefaultListableBeanFactory     : Returning cached instance of singleton bean 'authorizeReturnObjectAdvisor'
2025-04-26T22:20:19.960+02:00 TRACE 13448 --- [api-gateway] [    Test worker] o.s.b.f.s.DefaultListableBeanFactory     : Finished creating instance of bean 'mapRequestHeaderGatewayFilterFactory'
2025-04-26T22:20:19.960+02:00 DEBUG 13448 --- [api-gateway] [    Test worker] o.s.b.f.s.DefaultListableBeanFactory     : Creating shared instance of singleton bean 'addRequestParameterGatewayFilterFactory'
2025-04-26T22:20:19.960+02:00 TRACE 13448 --- [api-gateway] [    Test worker] o.s.b.f.s.DefaultListableBeanFactory     : Creating instance of bean 'addRequestParameterGatewayFilterFactory'
2025-04-26T22:20:19.960+02:00 TRACE 13448 --- [api-gateway] [    Test worker] o.s.b.f.s.DefaultListableBeanFactory     : Returning cached instance of singleton bean 'org.springframework.cloud.gateway.config.GatewayAutoConfiguration'
2025-04-26T22:20:19.961+02:00 TRACE 13448 --- [api-gateway] [    Test worker] o.s.b.f.s.DefaultListableBeanFactory     : Returning cached instance of singleton bean 'preFilterAuthorizationAdvisor'
2025-04-26T22:20:19.961+02:00 TRACE 13448 --- [api-gateway] [    Test worker] o.s.b.f.s.DefaultListableBeanFactory     : Returning cached instance of singleton bean 'preAuthorizeAuthorizationAdvisor'
2025-04-26T22:20:19.961+02:00 TRACE 13448 --- [api-gateway] [    Test worker] o.s.b.f.s.DefaultListableBeanFactory     : Returning cached instance of singleton bean 'postFilterAuthorizationAdvisor'
2025-04-26T22:20:19.961+02:00 TRACE 13448 --- [api-gateway] [    Test worker] o.s.b.f.s.DefaultListableBeanFactory     : Returning cached instance of singleton bean 'postAuthorizeAuthorizationAdvisor'
2025-04-26T22:20:19.961+02:00 TRACE 13448 --- [api-gateway] [    Test worker] o.s.b.f.s.DefaultListableBeanFactory     : Returning cached instance of singleton bean 'jsr250AuthorizationAdvisor'
2025-04-26T22:20:19.961+02:00 TRACE 13448 --- [api-gateway] [    Test worker] o.s.b.f.s.DefaultListableBeanFactory     : Returning cached instance of singleton bean 'authorizeReturnObjectAdvisor'
2025-04-26T22:20:19.962+02:00 TRACE 13448 --- [api-gateway] [    Test worker] o.s.b.f.s.DefaultListableBeanFactory     : Finished creating instance of bean 'addRequestParameterGatewayFilterFactory'
2025-04-26T22:20:19.962+02:00 DEBUG 13448 --- [api-gateway] [    Test worker] o.s.b.f.s.DefaultListableBeanFactory     : Creating shared instance of singleton bean 'addResponseHeaderGatewayFilterFactory'
2025-04-26T22:20:19.962+02:00 TRACE 13448 --- [api-gateway] [    Test worker] o.s.b.f.s.DefaultListableBeanFactory     : Creating instance of bean 'addResponseHeaderGatewayFilterFactory'
2025-04-26T22:20:19.962+02:00 TRACE 13448 --- [api-gateway] [    Test worker] o.s.b.f.s.DefaultListableBeanFactory     : Returning cached instance of singleton bean 'org.springframework.cloud.gateway.config.GatewayAutoConfiguration'
2025-04-26T22:20:19.963+02:00 TRACE 13448 --- [api-gateway] [    Test worker] o.s.b.f.s.DefaultListableBeanFactory     : Returning cached instance of singleton bean 'preFilterAuthorizationAdvisor'
2025-04-26T22:20:19.963+02:00 TRACE 13448 --- [api-gateway] [    Test worker] o.s.b.f.s.DefaultListableBeanFactory     : Returning cached instance of singleton bean 'preAuthorizeAuthorizationAdvisor'
2025-04-26T22:20:19.963+02:00 TRACE 13448 --- [api-gateway] [    Test worker] o.s.b.f.s.DefaultListableBeanFactory     : Returning cached instance of singleton bean 'postFilterAuthorizationAdvisor'
2025-04-26T22:20:19.963+02:00 TRACE 13448 --- [api-gateway] [    Test worker] o.s.b.f.s.DefaultListableBeanFactory     : Returning cached instance of singleton bean 'postAuthorizeAuthorizationAdvisor'
2025-04-26T22:20:19.963+02:00 TRACE 13448 --- [api-gateway] [    Test worker] o.s.b.f.s.DefaultListableBeanFactory     : Returning cached instance of singleton bean 'jsr250AuthorizationAdvisor'
2025-04-26T22:20:19.963+02:00 TRACE 13448 --- [api-gateway] [    Test worker] o.s.b.f.s.DefaultListableBeanFactory     : Returning cached instance of singleton bean 'authorizeReturnObjectAdvisor'
2025-04-26T22:20:19.964+02:00 TRACE 13448 --- [api-gateway] [    Test worker] o.s.b.f.s.DefaultListableBeanFactory     : Finished creating instance of bean 'addResponseHeaderGatewayFilterFactory'
2025-04-26T22:20:19.964+02:00 DEBUG 13448 --- [api-gateway] [    Test worker] o.s.b.f.s.DefaultListableBeanFactory     : Creating shared instance of singleton bean 'modifyRequestBodyGatewayFilterFactory'
2025-04-26T22:20:19.964+02:00 TRACE 13448 --- [api-gateway] [    Test worker] o.s.b.f.s.DefaultListableBeanFactory     : Creating instance of bean 'modifyRequestBodyGatewayFilterFactory'
2025-04-26T22:20:19.964+02:00 TRACE 13448 --- [api-gateway] [    Test worker] o.s.b.f.s.DefaultListableBeanFactory     : Returning cached instance of singleton bean 'org.springframework.cloud.gateway.config.GatewayAutoConfiguration'
2025-04-26T22:20:19.964+02:00 TRACE 13448 --- [api-gateway] [    Test worker] o.s.b.f.s.DefaultListableBeanFactory     : Returning cached instance of singleton bean 'serverCodecConfigurer'
2025-04-26T22:20:19.964+02:00 DEBUG 13448 --- [api-gateway] [    Test worker] o.s.b.f.s.DefaultListableBeanFactory     : Autowiring by type from bean name 'modifyRequestBodyGatewayFilterFactory' via factory method to bean named 'serverCodecConfigurer'
2025-04-26T22:20:19.967+02:00 TRACE 13448 --- [api-gateway] [    Test worker] o.s.b.f.s.DefaultListableBeanFactory     : Returning cached instance of singleton bean 'preFilterAuthorizationAdvisor'
2025-04-26T22:20:19.967+02:00 TRACE 13448 --- [api-gateway] [    Test worker] o.s.b.f.s.DefaultListableBeanFactory     : Returning cached instance of singleton bean 'preAuthorizeAuthorizationAdvisor'
2025-04-26T22:20:19.967+02:00 TRACE 13448 --- [api-gateway] [    Test worker] o.s.b.f.s.DefaultListableBeanFactory     : Returning cached instance of singleton bean 'postFilterAuthorizationAdvisor'
2025-04-26T22:20:19.967+02:00 TRACE 13448 --- [api-gateway] [    Test worker] o.s.b.f.s.DefaultListableBeanFactory     : Returning cached instance of singleton bean 'postAuthorizeAuthorizationAdvisor'
2025-04-26T22:20:19.967+02:00 TRACE 13448 --- [api-gateway] [    Test worker] o.s.b.f.s.DefaultListableBeanFactory     : Returning cached instance of singleton bean 'jsr250AuthorizationAdvisor'
2025-04-26T22:20:19.967+02:00 TRACE 13448 --- [api-gateway] [    Test worker] o.s.b.f.s.DefaultListableBeanFactory     : Returning cached instance of singleton bean 'authorizeReturnObjectAdvisor'
2025-04-26T22:20:19.967+02:00 TRACE 13448 --- [api-gateway] [    Test worker] o.s.b.f.s.DefaultListableBeanFactory     : Finished creating instance of bean 'modifyRequestBodyGatewayFilterFactory'
2025-04-26T22:20:19.967+02:00 DEBUG 13448 --- [api-gateway] [    Test worker] o.s.b.f.s.DefaultListableBeanFactory     : Creating shared instance of singleton bean 'dedupeResponseHeaderGatewayFilterFactory'
2025-04-26T22:20:19.967+02:00 TRACE 13448 --- [api-gateway] [    Test worker] o.s.b.f.s.DefaultListableBeanFactory     : Creating instance of bean 'dedupeResponseHeaderGatewayFilterFactory'
2025-04-26T22:20:19.967+02:00 TRACE 13448 --- [api-gateway] [    Test worker] o.s.b.f.s.DefaultListableBeanFactory     : Returning cached instance of singleton bean 'org.springframework.cloud.gateway.config.GatewayAutoConfiguration'
2025-04-26T22:20:19.969+02:00 TRACE 13448 --- [api-gateway] [    Test worker] o.s.b.f.s.DefaultListableBeanFactory     : Returning cached instance of singleton bean 'preFilterAuthorizationAdvisor'
2025-04-26T22:20:19.969+02:00 TRACE 13448 --- [api-gateway] [    Test worker] o.s.b.f.s.DefaultListableBeanFactory     : Returning cached instance of singleton bean 'preAuthorizeAuthorizationAdvisor'
2025-04-26T22:20:19.969+02:00 TRACE 13448 --- [api-gateway] [    Test worker] o.s.b.f.s.DefaultListableBeanFactory     : Returning cached instance of singleton bean 'postFilterAuthorizationAdvisor'
2025-04-26T22:20:19.969+02:00 TRACE 13448 --- [api-gateway] [    Test worker] o.s.b.f.s.DefaultListableBeanFactory     : Returning cached instance of singleton bean 'postAuthorizeAuthorizationAdvisor'
2025-04-26T22:20:19.969+02:00 TRACE 13448 --- [api-gateway] [    Test worker] o.s.b.f.s.DefaultListableBeanFactory     : Returning cached instance of singleton bean 'jsr250AuthorizationAdvisor'
2025-04-26T22:20:19.969+02:00 TRACE 13448 --- [api-gateway] [    Test worker] o.s.b.f.s.DefaultListableBeanFactory     : Returning cached instance of singleton bean 'authorizeReturnObjectAdvisor'
2025-04-26T22:20:19.970+02:00 TRACE 13448 --- [api-gateway] [    Test worker] o.s.b.f.s.DefaultListableBeanFactory     : Finished creating instance of bean 'dedupeResponseHeaderGatewayFilterFactory'
2025-04-26T22:20:19.970+02:00 DEBUG 13448 --- [api-gateway] [    Test worker] o.s.b.f.s.DefaultListableBeanFactory     : Creating shared instance of singleton bean 'modifyResponseBodyGatewayFilterFactory'
2025-04-26T22:20:19.970+02:00 TRACE 13448 --- [api-gateway] [    Test worker] o.s.b.f.s.DefaultListableBeanFactory     : Creating instance of bean 'modifyResponseBodyGatewayFilterFactory'
2025-04-26T22:20:19.970+02:00 TRACE 13448 --- [api-gateway] [    Test worker] o.s.b.f.s.DefaultListableBeanFactory     : Returning cached instance of singleton bean 'org.springframework.cloud.gateway.config.GatewayAutoConfiguration'
2025-04-26T22:20:19.970+02:00 TRACE 13448 --- [api-gateway] [    Test worker] o.s.b.f.s.DefaultListableBeanFactory     : Returning cached instance of singleton bean 'serverCodecConfigurer'
2025-04-26T22:20:19.971+02:00 DEBUG 13448 --- [api-gateway] [    Test worker] o.s.b.f.s.DefaultListableBeanFactory     : Creating shared instance of singleton bean 'gzipMessageBodyResolver'
2025-04-26T22:20:19.971+02:00 TRACE 13448 --- [api-gateway] [    Test worker] o.s.b.f.s.DefaultListableBeanFactory     : Creating instance of bean 'gzipMessageBodyResolver'
2025-04-26T22:20:19.971+02:00 TRACE 13448 --- [api-gateway] [    Test worker] o.s.b.f.s.DefaultListableBeanFactory     : Returning cached instance of singleton bean 'org.springframework.cloud.gateway.config.GatewayAutoConfiguration'
2025-04-26T22:20:19.971+02:00 TRACE 13448 --- [api-gateway] [    Test worker] o.s.b.f.s.DefaultListableBeanFactory     : Returning cached instance of singleton bean 'preFilterAuthorizationAdvisor'
2025-04-26T22:20:19.971+02:00 TRACE 13448 --- [api-gateway] [    Test worker] o.s.b.f.s.DefaultListableBeanFactory     : Returning cached instance of singleton bean 'preAuthorizeAuthorizationAdvisor'
2025-04-26T22:20:19.971+02:00 TRACE 13448 --- [api-gateway] [    Test worker] o.s.b.f.s.DefaultListableBeanFactory     : Returning cached instance of singleton bean 'postFilterAuthorizationAdvisor'
2025-04-26T22:20:19.971+02:00 TRACE 13448 --- [api-gateway] [    Test worker] o.s.b.f.s.DefaultListableBeanFactory     : Returning cached instance of singleton bean 'postAuthorizeAuthorizationAdvisor'
2025-04-26T22:20:19.971+02:00 TRACE 13448 --- [api-gateway] [    Test worker] o.s.b.f.s.DefaultListableBeanFactory     : Returning cached instance of singleton bean 'jsr250AuthorizationAdvisor'
2025-04-26T22:20:19.971+02:00 TRACE 13448 --- [api-gateway] [    Test worker] o.s.b.f.s.DefaultListableBeanFactory     : Returning cached instance of singleton bean 'authorizeReturnObjectAdvisor'
2025-04-26T22:20:19.972+02:00 TRACE 13448 --- [api-gateway] [    Test worker] o.s.b.f.s.DefaultListableBeanFactory     : Finished creating instance of bean 'gzipMessageBodyResolver'
2025-04-26T22:20:19.972+02:00 TRACE 13448 --- [api-gateway] [    Test worker] o.s.b.f.s.DefaultListableBeanFactory     : Returning cached instance of singleton bean 'gzipMessageBodyResolver'
2025-04-26T22:20:19.973+02:00 DEBUG 13448 --- [api-gateway] [    Test worker] o.s.b.f.s.DefaultListableBeanFactory     : Autowiring by type from bean name 'modifyResponseBodyGatewayFilterFactory' via factory method to bean named 'serverCodecConfigurer'
2025-04-26T22:20:19.973+02:00 DEBUG 13448 --- [api-gateway] [    Test worker] o.s.b.f.s.DefaultListableBeanFactory     : Autowiring by type from bean name 'modifyResponseBodyGatewayFilterFactory' via factory method to bean named 'gzipMessageBodyResolver'
2025-04-26T22:20:19.974+02:00 TRACE 13448 --- [api-gateway] [    Test worker] o.s.b.f.s.DefaultListableBeanFactory     : Returning cached instance of singleton bean 'preFilterAuthorizationAdvisor'
2025-04-26T22:20:19.974+02:00 TRACE 13448 --- [api-gateway] [    Test worker] o.s.b.f.s.DefaultListableBeanFactory     : Returning cached instance of singleton bean 'preAuthorizeAuthorizationAdvisor'
2025-04-26T22:20:19.974+02:00 TRACE 13448 --- [api-gateway] [    Test worker] o.s.b.f.s.DefaultListableBeanFactory     : Returning cached instance of singleton bean 'postFilterAuthorizationAdvisor'
2025-04-26T22:20:19.974+02:00 TRACE 13448 --- [api-gateway] [    Test worker] o.s.b.f.s.DefaultListableBeanFactory     : Returning cached instance of singleton bean 'postAuthorizeAuthorizationAdvisor'
2025-04-26T22:20:19.974+02:00 TRACE 13448 --- [api-gateway] [    Test worker] o.s.b.f.s.DefaultListableBeanFactory     : Returning cached instance of singleton bean 'jsr250AuthorizationAdvisor'
2025-04-26T22:20:19.974+02:00 TRACE 13448 --- [api-gateway] [    Test worker] o.s.b.f.s.DefaultListableBeanFactory     : Returning cached instance of singleton bean 'authorizeReturnObjectAdvisor'
2025-04-26T22:20:19.975+02:00 TRACE 13448 --- [api-gateway] [    Test worker] o.s.b.f.s.DefaultListableBeanFactory     : Finished creating instance of bean 'modifyResponseBodyGatewayFilterFactory'
2025-04-26T22:20:19.975+02:00 DEBUG 13448 --- [api-gateway] [    Test worker] o.s.b.f.s.DefaultListableBeanFactory     : Creating shared instance of singleton bean 'cacheRequestBodyGatewayFilterFactory'
2025-04-26T22:20:19.975+02:00 TRACE 13448 --- [api-gateway] [    Test worker] o.s.b.f.s.DefaultListableBeanFactory     : Creating instance of bean 'cacheRequestBodyGatewayFilterFactory'
2025-04-26T22:20:19.975+02:00 TRACE 13448 --- [api-gateway] [    Test worker] o.s.b.f.s.DefaultListableBeanFactory     : Returning cached instance of singleton bean 'org.springframework.cloud.gateway.config.GatewayAutoConfiguration'
2025-04-26T22:20:19.975+02:00 TRACE 13448 --- [api-gateway] [    Test worker] o.s.b.f.s.DefaultListableBeanFactory     : Returning cached instance of singleton bean 'serverCodecConfigurer'
2025-04-26T22:20:19.975+02:00 DEBUG 13448 --- [api-gateway] [    Test worker] o.s.b.f.s.DefaultListableBeanFactory     : Autowiring by type from bean name 'cacheRequestBodyGatewayFilterFactory' via factory method to bean named 'serverCodecConfigurer'
2025-04-26T22:20:19.976+02:00 TRACE 13448 --- [api-gateway] [    Test worker] o.s.b.f.s.DefaultListableBeanFactory     : Returning cached instance of singleton bean 'preFilterAuthorizationAdvisor'
2025-04-26T22:20:19.976+02:00 TRACE 13448 --- [api-gateway] [    Test worker] o.s.b.f.s.DefaultListableBeanFactory     : Returning cached instance of singleton bean 'preAuthorizeAuthorizationAdvisor'
2025-04-26T22:20:19.976+02:00 TRACE 13448 --- [api-gateway] [    Test worker] o.s.b.f.s.DefaultListableBeanFactory     : Returning cached instance of singleton bean 'postFilterAuthorizationAdvisor'
2025-04-26T22:20:19.976+02:00 TRACE 13448 --- [api-gateway] [    Test worker] o.s.b.f.s.DefaultListableBeanFactory     : Returning cached instance of singleton bean 'postAuthorizeAuthorizationAdvisor'
2025-04-26T22:20:19.976+02:00 TRACE 13448 --- [api-gateway] [    Test worker] o.s.b.f.s.DefaultListableBeanFactory     : Returning cached instance of singleton bean 'jsr250AuthorizationAdvisor'
2025-04-26T22:20:19.976+02:00 TRACE 13448 --- [api-gateway] [    Test worker] o.s.b.f.s.DefaultListableBeanFactory     : Returning cached instance of singleton bean 'authorizeReturnObjectAdvisor'
2025-04-26T22:20:19.977+02:00 TRACE 13448 --- [api-gateway] [    Test worker] o.s.b.f.s.DefaultListableBeanFactory     : Finished creating instance of bean 'cacheRequestBodyGatewayFilterFactory'
2025-04-26T22:20:19.977+02:00 DEBUG 13448 --- [api-gateway] [    Test worker] o.s.b.f.s.DefaultListableBeanFactory     : Creating shared instance of singleton bean 'prefixPathGatewayFilterFactory'
2025-04-26T22:20:19.977+02:00 TRACE 13448 --- [api-gateway] [    Test worker] o.s.b.f.s.DefaultListableBeanFactory     : Creating instance of bean 'prefixPathGatewayFilterFactory'
2025-04-26T22:20:19.977+02:00 TRACE 13448 --- [api-gateway] [    Test worker] o.s.b.f.s.DefaultListableBeanFactory     : Returning cached instance of singleton bean 'org.springframework.cloud.gateway.config.GatewayAutoConfiguration'
2025-04-26T22:20:19.978+02:00 TRACE 13448 --- [api-gateway] [    Test worker] o.s.b.f.s.DefaultListableBeanFactory     : Returning cached instance of singleton bean 'preFilterAuthorizationAdvisor'
2025-04-26T22:20:19.978+02:00 TRACE 13448 --- [api-gateway] [    Test worker] o.s.b.f.s.DefaultListableBeanFactory     : Returning cached instance of singleton bean 'preAuthorizeAuthorizationAdvisor'
2025-04-26T22:20:19.978+02:00 TRACE 13448 --- [api-gateway] [    Test worker] o.s.b.f.s.DefaultListableBeanFactory     : Returning cached instance of singleton bean 'postFilterAuthorizationAdvisor'
2025-04-26T22:20:19.978+02:00 TRACE 13448 --- [api-gateway] [    Test worker] o.s.b.f.s.DefaultListableBeanFactory     : Returning cached instance of singleton bean 'postAuthorizeAuthorizationAdvisor'
2025-04-26T22:20:19.978+02:00 TRACE 13448 --- [api-gateway] [    Test worker] o.s.b.f.s.DefaultListableBeanFactory     : Returning cached instance of singleton bean 'jsr250AuthorizationAdvisor'
2025-04-26T22:20:19.978+02:00 TRACE 13448 --- [api-gateway] [    Test worker] o.s.b.f.s.DefaultListableBeanFactory     : Returning cached instance of singleton bean 'authorizeReturnObjectAdvisor'
2025-04-26T22:20:19.979+02:00 TRACE 13448 --- [api-gateway] [    Test worker] o.s.b.f.s.DefaultListableBeanFactory     : Finished creating instance of bean 'prefixPathGatewayFilterFactory'
2025-04-26T22:20:19.979+02:00 DEBUG 13448 --- [api-gateway] [    Test worker] o.s.b.f.s.DefaultListableBeanFactory     : Creating shared instance of singleton bean 'preserveHostHeaderGatewayFilterFactory'
2025-04-26T22:20:19.979+02:00 TRACE 13448 --- [api-gateway] [    Test worker] o.s.b.f.s.DefaultListableBeanFactory     : Creating instance of bean 'preserveHostHeaderGatewayFilterFactory'
2025-04-26T22:20:19.979+02:00 TRACE 13448 --- [api-gateway] [    Test worker] o.s.b.f.s.DefaultListableBeanFactory     : Returning cached instance of singleton bean 'org.springframework.cloud.gateway.config.GatewayAutoConfiguration'
2025-04-26T22:20:19.979+02:00 TRACE 13448 --- [api-gateway] [    Test worker] o.s.b.f.s.DefaultListableBeanFactory     : Returning cached instance of singleton bean 'preFilterAuthorizationAdvisor'
2025-04-26T22:20:19.979+02:00 TRACE 13448 --- [api-gateway] [    Test worker] o.s.b.f.s.DefaultListableBeanFactory     : Returning cached instance of singleton bean 'preAuthorizeAuthorizationAdvisor'
2025-04-26T22:20:19.979+02:00 TRACE 13448 --- [api-gateway] [    Test worker] o.s.b.f.s.DefaultListableBeanFactory     : Returning cached instance of singleton bean 'postFilterAuthorizationAdvisor'
2025-04-26T22:20:19.979+02:00 TRACE 13448 --- [api-gateway] [    Test worker] o.s.b.f.s.DefaultListableBeanFactory     : Returning cached instance of singleton bean 'postAuthorizeAuthorizationAdvisor'
2025-04-26T22:20:19.979+02:00 TRACE 13448 --- [api-gateway] [    Test worker] o.s.b.f.s.DefaultListableBeanFactory     : Returning cached instance of singleton bean 'jsr250AuthorizationAdvisor'
2025-04-26T22:20:19.980+02:00 TRACE 13448 --- [api-gateway] [    Test worker] o.s.b.f.s.DefaultListableBeanFactory     : Returning cached instance of singleton bean 'authorizeReturnObjectAdvisor'
2025-04-26T22:20:19.980+02:00 TRACE 13448 --- [api-gateway] [    Test worker] o.s.b.f.s.DefaultListableBeanFactory     : Finished creating instance of bean 'preserveHostHeaderGatewayFilterFactory'
2025-04-26T22:20:19.980+02:00 DEBUG 13448 --- [api-gateway] [    Test worker] o.s.b.f.s.DefaultListableBeanFactory     : Creating shared instance of singleton bean 'redirectToGatewayFilterFactory'
2025-04-26T22:20:19.980+02:00 TRACE 13448 --- [api-gateway] [    Test worker] o.s.b.f.s.DefaultListableBeanFactory     : Creating instance of bean 'redirectToGatewayFilterFactory'
2025-04-26T22:20:19.980+02:00 TRACE 13448 --- [api-gateway] [    Test worker] o.s.b.f.s.DefaultListableBeanFactory     : Returning cached instance of singleton bean 'org.springframework.cloud.gateway.config.GatewayAutoConfiguration'
2025-04-26T22:20:19.982+02:00 TRACE 13448 --- [api-gateway] [    Test worker] o.s.b.f.s.DefaultListableBeanFactory     : Returning cached instance of singleton bean 'preFilterAuthorizationAdvisor'
2025-04-26T22:20:19.982+02:00 TRACE 13448 --- [api-gateway] [    Test worker] o.s.b.f.s.DefaultListableBeanFactory     : Returning cached instance of singleton bean 'preAuthorizeAuthorizationAdvisor'
2025-04-26T22:20:19.982+02:00 TRACE 13448 --- [api-gateway] [    Test worker] o.s.b.f.s.DefaultListableBeanFactory     : Returning cached instance of singleton bean 'postFilterAuthorizationAdvisor'
2025-04-26T22:20:19.982+02:00 TRACE 13448 --- [api-gateway] [    Test worker] o.s.b.f.s.DefaultListableBeanFactory     : Returning cached instance of singleton bean 'postAuthorizeAuthorizationAdvisor'
2025-04-26T22:20:19.982+02:00 TRACE 13448 --- [api-gateway] [    Test worker] o.s.b.f.s.DefaultListableBeanFactory     : Returning cached instance of singleton bean 'jsr250AuthorizationAdvisor'
2025-04-26T22:20:19.982+02:00 TRACE 13448 --- [api-gateway] [    Test worker] o.s.b.f.s.DefaultListableBeanFactory     : Returning cached instance of singleton bean 'authorizeReturnObjectAdvisor'
2025-04-26T22:20:19.983+02:00 TRACE 13448 --- [api-gateway] [    Test worker] o.s.b.f.s.DefaultListableBeanFactory     : Finished creating instance of bean 'redirectToGatewayFilterFactory'
2025-04-26T22:20:19.983+02:00 DEBUG 13448 --- [api-gateway] [    Test worker] o.s.b.f.s.DefaultListableBeanFactory     : Creating shared instance of singleton bean 'removeJsonAttributesResponseBodyGatewayFilterFactory'
2025-04-26T22:20:19.983+02:00 TRACE 13448 --- [api-gateway] [    Test worker] o.s.b.f.s.DefaultListableBeanFactory     : Creating instance of bean 'removeJsonAttributesResponseBodyGatewayFilterFactory'
2025-04-26T22:20:19.983+02:00 TRACE 13448 --- [api-gateway] [    Test worker] o.s.b.f.s.DefaultListableBeanFactory     : Returning cached instance of singleton bean 'org.springframework.cloud.gateway.config.GatewayAutoConfiguration'
2025-04-26T22:20:19.984+02:00 TRACE 13448 --- [api-gateway] [    Test worker] o.s.b.f.s.DefaultListableBeanFactory     : Returning cached instance of singleton bean 'serverCodecConfigurer'
2025-04-26T22:20:19.984+02:00 TRACE 13448 --- [api-gateway] [    Test worker] o.s.b.f.s.DefaultListableBeanFactory     : Returning cached instance of singleton bean 'gzipMessageBodyResolver'
2025-04-26T22:20:19.984+02:00 TRACE 13448 --- [api-gateway] [    Test worker] o.s.b.f.s.DefaultListableBeanFactory     : Returning cached instance of singleton bean 'gzipMessageBodyResolver'
2025-04-26T22:20:19.984+02:00 DEBUG 13448 --- [api-gateway] [    Test worker] o.s.b.f.s.DefaultListableBeanFactory     : Autowiring by type from bean name 'removeJsonAttributesResponseBodyGatewayFilterFactory' via factory method to bean named 'serverCodecConfigurer'
2025-04-26T22:20:19.984+02:00 DEBUG 13448 --- [api-gateway] [    Test worker] o.s.b.f.s.DefaultListableBeanFactory     : Autowiring by type from bean name 'removeJsonAttributesResponseBodyGatewayFilterFactory' via factory method to bean named 'gzipMessageBodyResolver'
2025-04-26T22:20:19.985+02:00 TRACE 13448 --- [api-gateway] [    Test worker] o.s.b.f.s.DefaultListableBeanFactory     : Returning cached instance of singleton bean 'preFilterAuthorizationAdvisor'
2025-04-26T22:20:19.985+02:00 TRACE 13448 --- [api-gateway] [    Test worker] o.s.b.f.s.DefaultListableBeanFactory     : Returning cached instance of singleton bean 'preAuthorizeAuthorizationAdvisor'
2025-04-26T22:20:19.985+02:00 TRACE 13448 --- [api-gateway] [    Test worker] o.s.b.f.s.DefaultListableBeanFactory     : Returning cached instance of singleton bean 'postFilterAuthorizationAdvisor'
2025-04-26T22:20:19.985+02:00 TRACE 13448 --- [api-gateway] [    Test worker] o.s.b.f.s.DefaultListableBeanFactory     : Returning cached instance of singleton bean 'postAuthorizeAuthorizationAdvisor'
2025-04-26T22:20:19.985+02:00 TRACE 13448 --- [api-gateway] [    Test worker] o.s.b.f.s.DefaultListableBeanFactory     : Returning cached instance of singleton bean 'jsr250AuthorizationAdvisor'
2025-04-26T22:20:19.985+02:00 TRACE 13448 --- [api-gateway] [    Test worker] o.s.b.f.s.DefaultListableBeanFactory     : Returning cached instance of singleton bean 'authorizeReturnObjectAdvisor'
2025-04-26T22:20:19.987+02:00 TRACE 13448 --- [api-gateway] [    Test worker] o.s.b.f.s.DefaultListableBeanFactory     : Finished creating instance of bean 'removeJsonAttributesResponseBodyGatewayFilterFactory'
2025-04-26T22:20:19.987+02:00 DEBUG 13448 --- [api-gateway] [    Test worker] o.s.b.f.s.DefaultListableBeanFactory     : Creating shared instance of singleton bean 'removeRequestHeaderGatewayFilterFactory'
2025-04-26T22:20:19.987+02:00 TRACE 13448 --- [api-gateway] [    Test worker] o.s.b.f.s.DefaultListableBeanFactory     : Creating instance of bean 'removeRequestHeaderGatewayFilterFactory'
2025-04-26T22:20:19.987+02:00 TRACE 13448 --- [api-gateway] [    Test worker] o.s.b.f.s.DefaultListableBeanFactory     : Returning cached instance of singleton bean 'org.springframework.cloud.gateway.config.GatewayAutoConfiguration'
2025-04-26T22:20:19.987+02:00 TRACE 13448 --- [api-gateway] [    Test worker] o.s.b.f.s.DefaultListableBeanFactory     : Returning cached instance of singleton bean 'preFilterAuthorizationAdvisor'
2025-04-26T22:20:19.987+02:00 TRACE 13448 --- [api-gateway] [    Test worker] o.s.b.f.s.DefaultListableBeanFactory     : Returning cached instance of singleton bean 'preAuthorizeAuthorizationAdvisor'
2025-04-26T22:20:19.987+02:00 TRACE 13448 --- [api-gateway] [    Test worker] o.s.b.f.s.DefaultListableBeanFactory     : Returning cached instance of singleton bean 'postFilterAuthorizationAdvisor'
2025-04-26T22:20:19.987+02:00 TRACE 13448 --- [api-gateway] [    Test worker] o.s.b.f.s.DefaultListableBeanFactory     : Returning cached instance of singleton bean 'postAuthorizeAuthorizationAdvisor'
2025-04-26T22:20:19.987+02:00 TRACE 13448 --- [api-gateway] [    Test worker] o.s.b.f.s.DefaultListableBeanFactory     : Returning cached instance of singleton bean 'jsr250AuthorizationAdvisor'
2025-04-26T22:20:19.988+02:00 TRACE 13448 --- [api-gateway] [    Test worker] o.s.b.f.s.DefaultListableBeanFactory     : Returning cached instance of singleton bean 'authorizeReturnObjectAdvisor'
2025-04-26T22:20:19.988+02:00 TRACE 13448 --- [api-gateway] [    Test worker] o.s.b.f.s.DefaultListableBeanFactory     : Finished creating instance of bean 'removeRequestHeaderGatewayFilterFactory'
2025-04-26T22:20:19.988+02:00 DEBUG 13448 --- [api-gateway] [    Test worker] o.s.b.f.s.DefaultListableBeanFactory     : Creating shared instance of singleton bean 'removeRequestParameterGatewayFilterFactory'
2025-04-26T22:20:19.988+02:00 TRACE 13448 --- [api-gateway] [    Test worker] o.s.b.f.s.DefaultListableBeanFactory     : Creating instance of bean 'removeRequestParameterGatewayFilterFactory'
2025-04-26T22:20:19.988+02:00 TRACE 13448 --- [api-gateway] [    Test worker] o.s.b.f.s.DefaultListableBeanFactory     : Returning cached instance of singleton bean 'org.springframework.cloud.gateway.config.GatewayAutoConfiguration'
2025-04-26T22:20:19.989+02:00 TRACE 13448 --- [api-gateway] [    Test worker] o.s.b.f.s.DefaultListableBeanFactory     : Returning cached instance of singleton bean 'preFilterAuthorizationAdvisor'
2025-04-26T22:20:19.989+02:00 TRACE 13448 --- [api-gateway] [    Test worker] o.s.b.f.s.DefaultListableBeanFactory     : Returning cached instance of singleton bean 'preAuthorizeAuthorizationAdvisor'
2025-04-26T22:20:19.989+02:00 TRACE 13448 --- [api-gateway] [    Test worker] o.s.b.f.s.DefaultListableBeanFactory     : Returning cached instance of singleton bean 'postFilterAuthorizationAdvisor'
2025-04-26T22:20:19.989+02:00 TRACE 13448 --- [api-gateway] [    Test worker] o.s.b.f.s.DefaultListableBeanFactory     : Returning cached instance of singleton bean 'postAuthorizeAuthorizationAdvisor'
2025-04-26T22:20:19.989+02:00 TRACE 13448 --- [api-gateway] [    Test worker] o.s.b.f.s.DefaultListableBeanFactory     : Returning cached instance of singleton bean 'jsr250AuthorizationAdvisor'
2025-04-26T22:20:19.989+02:00 TRACE 13448 --- [api-gateway] [    Test worker] o.s.b.f.s.DefaultListableBeanFactory     : Returning cached instance of singleton bean 'authorizeReturnObjectAdvisor'
2025-04-26T22:20:19.990+02:00 TRACE 13448 --- [api-gateway] [    Test worker] o.s.b.f.s.DefaultListableBeanFactory     : Finished creating instance of bean 'removeRequestParameterGatewayFilterFactory'
2025-04-26T22:20:19.990+02:00 DEBUG 13448 --- [api-gateway] [    Test worker] o.s.b.f.s.DefaultListableBeanFactory     : Creating shared instance of singleton bean 'removeResponseHeaderGatewayFilterFactory'
2025-04-26T22:20:19.990+02:00 TRACE 13448 --- [api-gateway] [    Test worker] o.s.b.f.s.DefaultListableBeanFactory     : Creating instance of bean 'removeResponseHeaderGatewayFilterFactory'
2025-04-26T22:20:19.990+02:00 TRACE 13448 --- [api-gateway] [    Test worker] o.s.b.f.s.DefaultListableBeanFactory     : Returning cached instance of singleton bean 'org.springframework.cloud.gateway.config.GatewayAutoConfiguration'
2025-04-26T22:20:19.990+02:00 TRACE 13448 --- [api-gateway] [    Test worker] o.s.b.f.s.DefaultListableBeanFactory     : Returning cached instance of singleton bean 'preFilterAuthorizationAdvisor'
2025-04-26T22:20:19.990+02:00 TRACE 13448 --- [api-gateway] [    Test worker] o.s.b.f.s.DefaultListableBeanFactory     : Returning cached instance of singleton bean 'preAuthorizeAuthorizationAdvisor'
2025-04-26T22:20:19.990+02:00 TRACE 13448 --- [api-gateway] [    Test worker] o.s.b.f.s.DefaultListableBeanFactory     : Returning cached instance of singleton bean 'postFilterAuthorizationAdvisor'
2025-04-26T22:20:19.990+02:00 TRACE 13448 --- [api-gateway] [    Test worker] o.s.b.f.s.DefaultListableBeanFactory     : Returning cached instance of singleton bean 'postAuthorizeAuthorizationAdvisor'
2025-04-26T22:20:19.990+02:00 TRACE 13448 --- [api-gateway] [    Test worker] o.s.b.f.s.DefaultListableBeanFactory     : Returning cached instance of singleton bean 'jsr250AuthorizationAdvisor'
2025-04-26T22:20:19.990+02:00 TRACE 13448 --- [api-gateway] [    Test worker] o.s.b.f.s.DefaultListableBeanFactory     : Returning cached instance of singleton bean 'authorizeReturnObjectAdvisor'
2025-04-26T22:20:19.991+02:00 TRACE 13448 --- [api-gateway] [    Test worker] o.s.b.f.s.DefaultListableBeanFactory     : Finished creating instance of bean 'removeResponseHeaderGatewayFilterFactory'
2025-04-26T22:20:19.991+02:00 TRACE 13448 --- [api-gateway] [    Test worker] o.s.b.f.s.DefaultListableBeanFactory     : Returning cached instance of singleton bean 'rewritePathGatewayFilterFactory'
2025-04-26T22:20:19.991+02:00 DEBUG 13448 --- [api-gateway] [    Test worker] o.s.b.f.s.DefaultListableBeanFactory     : Creating shared instance of singleton bean 'retryGatewayFilterFactory'
2025-04-26T22:20:19.991+02:00 TRACE 13448 --- [api-gateway] [    Test worker] o.s.b.f.s.DefaultListableBeanFactory     : Creating instance of bean 'retryGatewayFilterFactory'
2025-04-26T22:20:19.991+02:00 TRACE 13448 --- [api-gateway] [    Test worker] o.s.b.f.s.DefaultListableBeanFactory     : Returning cached instance of singleton bean 'org.springframework.cloud.gateway.config.GatewayAutoConfiguration'
2025-04-26T22:20:19.995+02:00 TRACE 13448 --- [api-gateway] [    Test worker] o.s.b.f.s.DefaultListableBeanFactory     : Returning cached instance of singleton bean 'preFilterAuthorizationAdvisor'
2025-04-26T22:20:19.995+02:00 TRACE 13448 --- [api-gateway] [    Test worker] o.s.b.f.s.DefaultListableBeanFactory     : Returning cached instance of singleton bean 'preAuthorizeAuthorizationAdvisor'
2025-04-26T22:20:19.995+02:00 TRACE 13448 --- [api-gateway] [    Test worker] o.s.b.f.s.DefaultListableBeanFactory     : Returning cached instance of singleton bean 'postFilterAuthorizationAdvisor'
2025-04-26T22:20:19.995+02:00 TRACE 13448 --- [api-gateway] [    Test worker] o.s.b.f.s.DefaultListableBeanFactory     : Returning cached instance of singleton bean 'postAuthorizeAuthorizationAdvisor'
2025-04-26T22:20:19.995+02:00 TRACE 13448 --- [api-gateway] [    Test worker] o.s.b.f.s.DefaultListableBeanFactory     : Returning cached instance of singleton bean 'jsr250AuthorizationAdvisor'
2025-04-26T22:20:19.995+02:00 TRACE 13448 --- [api-gateway] [    Test worker] o.s.b.f.s.DefaultListableBeanFactory     : Returning cached instance of singleton bean 'authorizeReturnObjectAdvisor'
2025-04-26T22:20:19.996+02:00 TRACE 13448 --- [api-gateway] [    Test worker] o.s.b.f.s.DefaultListableBeanFactory     : Finished creating instance of bean 'retryGatewayFilterFactory'
2025-04-26T22:20:19.996+02:00 DEBUG 13448 --- [api-gateway] [    Test worker] o.s.b.f.s.DefaultListableBeanFactory     : Creating shared instance of singleton bean 'setPathGatewayFilterFactory'
2025-04-26T22:20:19.996+02:00 TRACE 13448 --- [api-gateway] [    Test worker] o.s.b.f.s.DefaultListableBeanFactory     : Creating instance of bean 'setPathGatewayFilterFactory'
2025-04-26T22:20:19.996+02:00 TRACE 13448 --- [api-gateway] [    Test worker] o.s.b.f.s.DefaultListableBeanFactory     : Returning cached instance of singleton bean 'org.springframework.cloud.gateway.config.GatewayAutoConfiguration'
2025-04-26T22:20:19.997+02:00 TRACE 13448 --- [api-gateway] [    Test worker] o.s.b.f.s.DefaultListableBeanFactory     : Returning cached instance of singleton bean 'preFilterAuthorizationAdvisor'
2025-04-26T22:20:19.997+02:00 TRACE 13448 --- [api-gateway] [    Test worker] o.s.b.f.s.DefaultListableBeanFactory     : Returning cached instance of singleton bean 'preAuthorizeAuthorizationAdvisor'
2025-04-26T22:20:19.997+02:00 TRACE 13448 --- [api-gateway] [    Test worker] o.s.b.f.s.DefaultListableBeanFactory     : Returning cached instance of singleton bean 'postFilterAuthorizationAdvisor'
2025-04-26T22:20:19.997+02:00 TRACE 13448 --- [api-gateway] [    Test worker] o.s.b.f.s.DefaultListableBeanFactory     : Returning cached instance of singleton bean 'postAuthorizeAuthorizationAdvisor'
2025-04-26T22:20:19.997+02:00 TRACE 13448 --- [api-gateway] [    Test worker] o.s.b.f.s.DefaultListableBeanFactory     : Returning cached instance of singleton bean 'jsr250AuthorizationAdvisor'
2025-04-26T22:20:19.997+02:00 TRACE 13448 --- [api-gateway] [    Test worker] o.s.b.f.s.DefaultListableBeanFactory     : Returning cached instance of singleton bean 'authorizeReturnObjectAdvisor'
2025-04-26T22:20:19.998+02:00 TRACE 13448 --- [api-gateway] [    Test worker] o.s.b.f.s.DefaultListableBeanFactory     : Finished creating instance of bean 'setPathGatewayFilterFactory'
2025-04-26T22:20:19.998+02:00 DEBUG 13448 --- [api-gateway] [    Test worker] o.s.b.f.s.DefaultListableBeanFactory     : Creating shared instance of singleton bean 'secureHeadersGatewayFilterFactory'
2025-04-26T22:20:19.998+02:00 TRACE 13448 --- [api-gateway] [    Test worker] o.s.b.f.s.DefaultListableBeanFactory     : Creating instance of bean 'secureHeadersGatewayFilterFactory'
2025-04-26T22:20:19.998+02:00 TRACE 13448 --- [api-gateway] [    Test worker] o.s.b.f.s.DefaultListableBeanFactory     : Returning cached instance of singleton bean 'org.springframework.cloud.gateway.config.GatewayAutoConfiguration'
2025-04-26T22:20:19.999+02:00 DEBUG 13448 --- [api-gateway] [    Test worker] o.s.b.f.s.DefaultListableBeanFactory     : Creating shared instance of singleton bean 'secureHeadersProperties'
2025-04-26T22:20:19.999+02:00 TRACE 13448 --- [api-gateway] [    Test worker] o.s.b.f.s.DefaultListableBeanFactory     : Creating instance of bean 'secureHeadersProperties'
2025-04-26T22:20:19.999+02:00 TRACE 13448 --- [api-gateway] [    Test worker] o.s.b.f.s.DefaultListableBeanFactory     : Returning cached instance of singleton bean 'org.springframework.cloud.gateway.config.GatewayAutoConfiguration'
2025-04-26T22:20:19.999+02:00 TRACE 13448 --- [api-gateway] [    Test worker] o.s.b.f.s.DefaultListableBeanFactory     : Returning cached instance of singleton bean 'org.springframework.boot.context.properties.BoundConfigurationProperties'
2025-04-26T22:20:20.001+02:00 TRACE 13448 --- [api-gateway] [    Test worker] o.s.b.f.s.DefaultListableBeanFactory     : Returning cached instance of singleton bean 'preFilterAuthorizationAdvisor'
2025-04-26T22:20:20.001+02:00 TRACE 13448 --- [api-gateway] [    Test worker] o.s.b.f.s.DefaultListableBeanFactory     : Returning cached instance of singleton bean 'preAuthorizeAuthorizationAdvisor'
2025-04-26T22:20:20.001+02:00 TRACE 13448 --- [api-gateway] [    Test worker] o.s.b.f.s.DefaultListableBeanFactory     : Returning cached instance of singleton bean 'postFilterAuthorizationAdvisor'
2025-04-26T22:20:20.001+02:00 TRACE 13448 --- [api-gateway] [    Test worker] o.s.b.f.s.DefaultListableBeanFactory     : Returning cached instance of singleton bean 'postAuthorizeAuthorizationAdvisor'
2025-04-26T22:20:20.001+02:00 TRACE 13448 --- [api-gateway] [    Test worker] o.s.b.f.s.DefaultListableBeanFactory     : Returning cached instance of singleton bean 'jsr250AuthorizationAdvisor'
2025-04-26T22:20:20.001+02:00 TRACE 13448 --- [api-gateway] [    Test worker] o.s.b.f.s.DefaultListableBeanFactory     : Returning cached instance of singleton bean 'authorizeReturnObjectAdvisor'
2025-04-26T22:20:20.001+02:00 TRACE 13448 --- [api-gateway] [    Test worker] o.s.b.f.s.DefaultListableBeanFactory     : Finished creating instance of bean 'secureHeadersProperties'
2025-04-26T22:20:20.002+02:00 DEBUG 13448 --- [api-gateway] [    Test worker] o.s.b.f.s.DefaultListableBeanFactory     : Autowiring by type from bean name 'secureHeadersGatewayFilterFactory' via factory method to bean named 'secureHeadersProperties'
2025-04-26T22:20:20.002+02:00 TRACE 13448 --- [api-gateway] [    Test worker] o.s.b.f.s.DefaultListableBeanFactory     : Returning cached instance of singleton bean 'preFilterAuthorizationAdvisor'
2025-04-26T22:20:20.002+02:00 TRACE 13448 --- [api-gateway] [    Test worker] o.s.b.f.s.DefaultListableBeanFactory     : Returning cached instance of singleton bean 'preAuthorizeAuthorizationAdvisor'
2025-04-26T22:20:20.002+02:00 TRACE 13448 --- [api-gateway] [    Test worker] o.s.b.f.s.DefaultListableBeanFactory     : Returning cached instance of singleton bean 'postFilterAuthorizationAdvisor'
2025-04-26T22:20:20.002+02:00 TRACE 13448 --- [api-gateway] [    Test worker] o.s.b.f.s.DefaultListableBeanFactory     : Returning cached instance of singleton bean 'postAuthorizeAuthorizationAdvisor'
2025-04-26T22:20:20.003+02:00 TRACE 13448 --- [api-gateway] [    Test worker] o.s.b.f.s.DefaultListableBeanFactory     : Returning cached instance of singleton bean 'jsr250AuthorizationAdvisor'
2025-04-26T22:20:20.003+02:00 TRACE 13448 --- [api-gateway] [    Test worker] o.s.b.f.s.DefaultListableBeanFactory     : Returning cached instance of singleton bean 'authorizeReturnObjectAdvisor'
2025-04-26T22:20:20.003+02:00 TRACE 13448 --- [api-gateway] [    Test worker] o.s.b.f.s.DefaultListableBeanFactory     : Finished creating instance of bean 'secureHeadersGatewayFilterFactory'
2025-04-26T22:20:20.003+02:00 DEBUG 13448 --- [api-gateway] [    Test worker] o.s.b.f.s.DefaultListableBeanFactory     : Creating shared instance of singleton bean 'setRequestHeaderGatewayFilterFactory'
2025-04-26T22:20:20.003+02:00 TRACE 13448 --- [api-gateway] [    Test worker] o.s.b.f.s.DefaultListableBeanFactory     : Creating instance of bean 'setRequestHeaderGatewayFilterFactory'
2025-04-26T22:20:20.003+02:00 TRACE 13448 --- [api-gateway] [    Test worker] o.s.b.f.s.DefaultListableBeanFactory     : Returning cached instance of singleton bean 'org.springframework.cloud.gateway.config.GatewayAutoConfiguration'
2025-04-26T22:20:20.005+02:00 TRACE 13448 --- [api-gateway] [    Test worker] o.s.b.f.s.DefaultListableBeanFactory     : Returning cached instance of singleton bean 'preFilterAuthorizationAdvisor'
2025-04-26T22:20:20.005+02:00 TRACE 13448 --- [api-gateway] [    Test worker] o.s.b.f.s.DefaultListableBeanFactory     : Returning cached instance of singleton bean 'preAuthorizeAuthorizationAdvisor'
2025-04-26T22:20:20.005+02:00 TRACE 13448 --- [api-gateway] [    Test worker] o.s.b.f.s.DefaultListableBeanFactory     : Returning cached instance of singleton bean 'postFilterAuthorizationAdvisor'
2025-04-26T22:20:20.005+02:00 TRACE 13448 --- [api-gateway] [    Test worker] o.s.b.f.s.DefaultListableBeanFactory     : Returning cached instance of singleton bean 'postAuthorizeAuthorizationAdvisor'
2025-04-26T22:20:20.005+02:00 TRACE 13448 --- [api-gateway] [    Test worker] o.s.b.f.s.DefaultListableBeanFactory     : Returning cached instance of singleton bean 'jsr250AuthorizationAdvisor'
2025-04-26T22:20:20.005+02:00 TRACE 13448 --- [api-gateway] [    Test worker] o.s.b.f.s.DefaultListableBeanFactory     : Returning cached instance of singleton bean 'authorizeReturnObjectAdvisor'
2025-04-26T22:20:20.006+02:00 TRACE 13448 --- [api-gateway] [    Test worker] o.s.b.f.s.DefaultListableBeanFactory     : Finished creating instance of bean 'setRequestHeaderGatewayFilterFactory'
2025-04-26T22:20:20.007+02:00 DEBUG 13448 --- [api-gateway] [    Test worker] o.s.b.f.s.DefaultListableBeanFactory     : Creating shared instance of singleton bean 'setRequestHostHeaderGatewayFilterFactory'
2025-04-26T22:20:20.007+02:00 TRACE 13448 --- [api-gateway] [    Test worker] o.s.b.f.s.DefaultListableBeanFactory     : Creating instance of bean 'setRequestHostHeaderGatewayFilterFactory'
2025-04-26T22:20:20.007+02:00 TRACE 13448 --- [api-gateway] [    Test worker] o.s.b.f.s.DefaultListableBeanFactory     : Returning cached instance of singleton bean 'org.springframework.cloud.gateway.config.GatewayAutoConfiguration'
2025-04-26T22:20:20.008+02:00 TRACE 13448 --- [api-gateway] [    Test worker] o.s.b.f.s.DefaultListableBeanFactory     : Returning cached instance of singleton bean 'preFilterAuthorizationAdvisor'
2025-04-26T22:20:20.008+02:00 TRACE 13448 --- [api-gateway] [    Test worker] o.s.b.f.s.DefaultListableBeanFactory     : Returning cached instance of singleton bean 'preAuthorizeAuthorizationAdvisor'
2025-04-26T22:20:20.008+02:00 TRACE 13448 --- [api-gateway] [    Test worker] o.s.b.f.s.DefaultListableBeanFactory     : Returning cached instance of singleton bean 'postFilterAuthorizationAdvisor'
2025-04-26T22:20:20.008+02:00 TRACE 13448 --- [api-gateway] [    Test worker] o.s.b.f.s.DefaultListableBeanFactory     : Returning cached instance of singleton bean 'postAuthorizeAuthorizationAdvisor'
2025-04-26T22:20:20.008+02:00 TRACE 13448 --- [api-gateway] [    Test worker] o.s.b.f.s.DefaultListableBeanFactory     : Returning cached instance of singleton bean 'jsr250AuthorizationAdvisor'
2025-04-26T22:20:20.008+02:00 TRACE 13448 --- [api-gateway] [    Test worker] o.s.b.f.s.DefaultListableBeanFactory     : Returning cached instance of singleton bean 'authorizeReturnObjectAdvisor'
2025-04-26T22:20:20.009+02:00 TRACE 13448 --- [api-gateway] [    Test worker] o.s.b.f.s.DefaultListableBeanFactory     : Finished creating instance of bean 'setRequestHostHeaderGatewayFilterFactory'
2025-04-26T22:20:20.009+02:00 DEBUG 13448 --- [api-gateway] [    Test worker] o.s.b.f.s.DefaultListableBeanFactory     : Creating shared instance of singleton bean 'setResponseHeaderGatewayFilterFactory'
2025-04-26T22:20:20.009+02:00 TRACE 13448 --- [api-gateway] [    Test worker] o.s.b.f.s.DefaultListableBeanFactory     : Creating instance of bean 'setResponseHeaderGatewayFilterFactory'
2025-04-26T22:20:20.009+02:00 TRACE 13448 --- [api-gateway] [    Test worker] o.s.b.f.s.DefaultListableBeanFactory     : Returning cached instance of singleton bean 'org.springframework.cloud.gateway.config.GatewayAutoConfiguration'
2025-04-26T22:20:20.011+02:00 TRACE 13448 --- [api-gateway] [    Test worker] o.s.b.f.s.DefaultListableBeanFactory     : Returning cached instance of singleton bean 'preFilterAuthorizationAdvisor'
2025-04-26T22:20:20.011+02:00 TRACE 13448 --- [api-gateway] [    Test worker] o.s.b.f.s.DefaultListableBeanFactory     : Returning cached instance of singleton bean 'preAuthorizeAuthorizationAdvisor'
2025-04-26T22:20:20.011+02:00 TRACE 13448 --- [api-gateway] [    Test worker] o.s.b.f.s.DefaultListableBeanFactory     : Returning cached instance of singleton bean 'postFilterAuthorizationAdvisor'
2025-04-26T22:20:20.011+02:00 TRACE 13448 --- [api-gateway] [    Test worker] o.s.b.f.s.DefaultListableBeanFactory     : Returning cached instance of singleton bean 'postAuthorizeAuthorizationAdvisor'
2025-04-26T22:20:20.011+02:00 TRACE 13448 --- [api-gateway] [    Test worker] o.s.b.f.s.DefaultListableBeanFactory     : Returning cached instance of singleton bean 'jsr250AuthorizationAdvisor'
2025-04-26T22:20:20.011+02:00 TRACE 13448 --- [api-gateway] [    Test worker] o.s.b.f.s.DefaultListableBeanFactory     : Returning cached instance of singleton bean 'authorizeReturnObjectAdvisor'
2025-04-26T22:20:20.012+02:00 TRACE 13448 --- [api-gateway] [    Test worker] o.s.b.f.s.DefaultListableBeanFactory     : Finished creating instance of bean 'setResponseHeaderGatewayFilterFactory'
2025-04-26T22:20:20.012+02:00 DEBUG 13448 --- [api-gateway] [    Test worker] o.s.b.f.s.DefaultListableBeanFactory     : Creating shared instance of singleton bean 'rewriteResponseHeaderGatewayFilterFactory'
2025-04-26T22:20:20.012+02:00 TRACE 13448 --- [api-gateway] [    Test worker] o.s.b.f.s.DefaultListableBeanFactory     : Creating instance of bean 'rewriteResponseHeaderGatewayFilterFactory'
2025-04-26T22:20:20.012+02:00 TRACE 13448 --- [api-gateway] [    Test worker] o.s.b.f.s.DefaultListableBeanFactory     : Returning cached instance of singleton bean 'org.springframework.cloud.gateway.config.GatewayAutoConfiguration'
2025-04-26T22:20:20.013+02:00 TRACE 13448 --- [api-gateway] [    Test worker] o.s.b.f.s.DefaultListableBeanFactory     : Returning cached instance of singleton bean 'preFilterAuthorizationAdvisor'
2025-04-26T22:20:20.013+02:00 TRACE 13448 --- [api-gateway] [    Test worker] o.s.b.f.s.DefaultListableBeanFactory     : Returning cached instance of singleton bean 'preAuthorizeAuthorizationAdvisor'
2025-04-26T22:20:20.013+02:00 TRACE 13448 --- [api-gateway] [    Test worker] o.s.b.f.s.DefaultListableBeanFactory     : Returning cached instance of singleton bean 'postFilterAuthorizationAdvisor'
2025-04-26T22:20:20.013+02:00 TRACE 13448 --- [api-gateway] [    Test worker] o.s.b.f.s.DefaultListableBeanFactory     : Returning cached instance of singleton bean 'postAuthorizeAuthorizationAdvisor'
2025-04-26T22:20:20.013+02:00 TRACE 13448 --- [api-gateway] [    Test worker] o.s.b.f.s.DefaultListableBeanFactory     : Returning cached instance of singleton bean 'jsr250AuthorizationAdvisor'
2025-04-26T22:20:20.013+02:00 TRACE 13448 --- [api-gateway] [    Test worker] o.s.b.f.s.DefaultListableBeanFactory     : Returning cached instance of singleton bean 'authorizeReturnObjectAdvisor'
2025-04-26T22:20:20.014+02:00 TRACE 13448 --- [api-gateway] [    Test worker] o.s.b.f.s.DefaultListableBeanFactory     : Finished creating instance of bean 'rewriteResponseHeaderGatewayFilterFactory'
2025-04-26T22:20:20.015+02:00 DEBUG 13448 --- [api-gateway] [    Test worker] o.s.b.f.s.DefaultListableBeanFactory     : Creating shared instance of singleton bean 'rewriteLocationResponseHeaderGatewayFilterFactory'
2025-04-26T22:20:20.015+02:00 TRACE 13448 --- [api-gateway] [    Test worker] o.s.b.f.s.DefaultListableBeanFactory     : Creating instance of bean 'rewriteLocationResponseHeaderGatewayFilterFactory'
2025-04-26T22:20:20.015+02:00 TRACE 13448 --- [api-gateway] [    Test worker] o.s.b.f.s.DefaultListableBeanFactory     : Returning cached instance of singleton bean 'org.springframework.cloud.gateway.config.GatewayAutoConfiguration'
2025-04-26T22:20:20.018+02:00 TRACE 13448 --- [api-gateway] [    Test worker] o.s.b.f.s.DefaultListableBeanFactory     : Returning cached instance of singleton bean 'preFilterAuthorizationAdvisor'
2025-04-26T22:20:20.018+02:00 TRACE 13448 --- [api-gateway] [    Test worker] o.s.b.f.s.DefaultListableBeanFactory     : Returning cached instance of singleton bean 'preAuthorizeAuthorizationAdvisor'
2025-04-26T22:20:20.018+02:00 TRACE 13448 --- [api-gateway] [    Test worker] o.s.b.f.s.DefaultListableBeanFactory     : Returning cached instance of singleton bean 'postFilterAuthorizationAdvisor'
2025-04-26T22:20:20.018+02:00 TRACE 13448 --- [api-gateway] [    Test worker] o.s.b.f.s.DefaultListableBeanFactory     : Returning cached instance of singleton bean 'postAuthorizeAuthorizationAdvisor'
2025-04-26T22:20:20.018+02:00 TRACE 13448 --- [api-gateway] [    Test worker] o.s.b.f.s.DefaultListableBeanFactory     : Returning cached instance of singleton bean 'jsr250AuthorizationAdvisor'
2025-04-26T22:20:20.018+02:00 TRACE 13448 --- [api-gateway] [    Test worker] o.s.b.f.s.DefaultListableBeanFactory     : Returning cached instance of singleton bean 'authorizeReturnObjectAdvisor'
2025-04-26T22:20:20.019+02:00 TRACE 13448 --- [api-gateway] [    Test worker] o.s.b.f.s.DefaultListableBeanFactory     : Finished creating instance of bean 'rewriteLocationResponseHeaderGatewayFilterFactory'
2025-04-26T22:20:20.019+02:00 DEBUG 13448 --- [api-gateway] [    Test worker] o.s.b.f.s.DefaultListableBeanFactory     : Creating shared instance of singleton bean 'setStatusGatewayFilterFactory'
2025-04-26T22:20:20.019+02:00 TRACE 13448 --- [api-gateway] [    Test worker] o.s.b.f.s.DefaultListableBeanFactory     : Creating instance of bean 'setStatusGatewayFilterFactory'
2025-04-26T22:20:20.019+02:00 TRACE 13448 --- [api-gateway] [    Test worker] o.s.b.f.s.DefaultListableBeanFactory     : Returning cached instance of singleton bean 'org.springframework.cloud.gateway.config.GatewayAutoConfiguration'
2025-04-26T22:20:20.020+02:00 TRACE 13448 --- [api-gateway] [    Test worker] o.s.b.f.s.DefaultListableBeanFactory     : Returning cached instance of singleton bean 'org.springframework.boot.context.properties.BoundConfigurationProperties'
2025-04-26T22:20:20.021+02:00 TRACE 13448 --- [api-gateway] [    Test worker] o.s.b.f.s.DefaultListableBeanFactory     : Returning cached instance of singleton bean 'preFilterAuthorizationAdvisor'
2025-04-26T22:20:20.022+02:00 TRACE 13448 --- [api-gateway] [    Test worker] o.s.b.f.s.DefaultListableBeanFactory     : Returning cached instance of singleton bean 'preAuthorizeAuthorizationAdvisor'
2025-04-26T22:20:20.022+02:00 TRACE 13448 --- [api-gateway] [    Test worker] o.s.b.f.s.DefaultListableBeanFactory     : Returning cached instance of singleton bean 'postFilterAuthorizationAdvisor'
2025-04-26T22:20:20.022+02:00 TRACE 13448 --- [api-gateway] [    Test worker] o.s.b.f.s.DefaultListableBeanFactory     : Returning cached instance of singleton bean 'postAuthorizeAuthorizationAdvisor'
2025-04-26T22:20:20.022+02:00 TRACE 13448 --- [api-gateway] [    Test worker] o.s.b.f.s.DefaultListableBeanFactory     : Returning cached instance of singleton bean 'jsr250AuthorizationAdvisor'
2025-04-26T22:20:20.022+02:00 TRACE 13448 --- [api-gateway] [    Test worker] o.s.b.f.s.DefaultListableBeanFactory     : Returning cached instance of singleton bean 'authorizeReturnObjectAdvisor'
2025-04-26T22:20:20.023+02:00 TRACE 13448 --- [api-gateway] [    Test worker] o.s.b.f.s.DefaultListableBeanFactory     : Finished creating instance of bean 'setStatusGatewayFilterFactory'
2025-04-26T22:20:20.023+02:00 DEBUG 13448 --- [api-gateway] [    Test worker] o.s.b.f.s.DefaultListableBeanFactory     : Creating shared instance of singleton bean 'saveSessionGatewayFilterFactory'
2025-04-26T22:20:20.023+02:00 TRACE 13448 --- [api-gateway] [    Test worker] o.s.b.f.s.DefaultListableBeanFactory     : Creating instance of bean 'saveSessionGatewayFilterFactory'
2025-04-26T22:20:20.023+02:00 TRACE 13448 --- [api-gateway] [    Test worker] o.s.b.f.s.DefaultListableBeanFactory     : Returning cached instance of singleton bean 'org.springframework.cloud.gateway.config.GatewayAutoConfiguration'
2025-04-26T22:20:20.023+02:00 TRACE 13448 --- [api-gateway] [    Test worker] o.s.b.f.s.DefaultListableBeanFactory     : Returning cached instance of singleton bean 'preFilterAuthorizationAdvisor'
2025-04-26T22:20:20.023+02:00 TRACE 13448 --- [api-gateway] [    Test worker] o.s.b.f.s.DefaultListableBeanFactory     : Returning cached instance of singleton bean 'preAuthorizeAuthorizationAdvisor'
2025-04-26T22:20:20.023+02:00 TRACE 13448 --- [api-gateway] [    Test worker] o.s.b.f.s.DefaultListableBeanFactory     : Returning cached instance of singleton bean 'postFilterAuthorizationAdvisor'
2025-04-26T22:20:20.023+02:00 TRACE 13448 --- [api-gateway] [    Test worker] o.s.b.f.s.DefaultListableBeanFactory     : Returning cached instance of singleton bean 'postAuthorizeAuthorizationAdvisor'
2025-04-26T22:20:20.023+02:00 TRACE 13448 --- [api-gateway] [    Test worker] o.s.b.f.s.DefaultListableBeanFactory     : Returning cached instance of singleton bean 'jsr250AuthorizationAdvisor'
2025-04-26T22:20:20.023+02:00 TRACE 13448 --- [api-gateway] [    Test worker] o.s.b.f.s.DefaultListableBeanFactory     : Returning cached instance of singleton bean 'authorizeReturnObjectAdvisor'
2025-04-26T22:20:20.024+02:00 TRACE 13448 --- [api-gateway] [    Test worker] o.s.b.f.s.DefaultListableBeanFactory     : Finished creating instance of bean 'saveSessionGatewayFilterFactory'
2025-04-26T22:20:20.024+02:00 DEBUG 13448 --- [api-gateway] [    Test worker] o.s.b.f.s.DefaultListableBeanFactory     : Creating shared instance of singleton bean 'stripPrefixGatewayFilterFactory'
2025-04-26T22:20:20.024+02:00 TRACE 13448 --- [api-gateway] [    Test worker] o.s.b.f.s.DefaultListableBeanFactory     : Creating instance of bean 'stripPrefixGatewayFilterFactory'
2025-04-26T22:20:20.024+02:00 TRACE 13448 --- [api-gateway] [    Test worker] o.s.b.f.s.DefaultListableBeanFactory     : Returning cached instance of singleton bean 'org.springframework.cloud.gateway.config.GatewayAutoConfiguration'
2025-04-26T22:20:20.025+02:00 TRACE 13448 --- [api-gateway] [    Test worker] o.s.b.f.s.DefaultListableBeanFactory     : Returning cached instance of singleton bean 'preFilterAuthorizationAdvisor'
2025-04-26T22:20:20.025+02:00 TRACE 13448 --- [api-gateway] [    Test worker] o.s.b.f.s.DefaultListableBeanFactory     : Returning cached instance of singleton bean 'preAuthorizeAuthorizationAdvisor'
2025-04-26T22:20:20.025+02:00 TRACE 13448 --- [api-gateway] [    Test worker] o.s.b.f.s.DefaultListableBeanFactory     : Returning cached instance of singleton bean 'postFilterAuthorizationAdvisor'
2025-04-26T22:20:20.025+02:00 TRACE 13448 --- [api-gateway] [    Test worker] o.s.b.f.s.DefaultListableBeanFactory     : Returning cached instance of singleton bean 'postAuthorizeAuthorizationAdvisor'
2025-04-26T22:20:20.025+02:00 TRACE 13448 --- [api-gateway] [    Test worker] o.s.b.f.s.DefaultListableBeanFactory     : Returning cached instance of singleton bean 'jsr250AuthorizationAdvisor'
2025-04-26T22:20:20.025+02:00 TRACE 13448 --- [api-gateway] [    Test worker] o.s.b.f.s.DefaultListableBeanFactory     : Returning cached instance of singleton bean 'authorizeReturnObjectAdvisor'
2025-04-26T22:20:20.026+02:00 TRACE 13448 --- [api-gateway] [    Test worker] o.s.b.f.s.DefaultListableBeanFactory     : Finished creating instance of bean 'stripPrefixGatewayFilterFactory'
2025-04-26T22:20:20.026+02:00 DEBUG 13448 --- [api-gateway] [    Test worker] o.s.b.f.s.DefaultListableBeanFactory     : Creating shared instance of singleton bean 'requestHeaderToRequestUriGatewayFilterFactory'
2025-04-26T22:20:20.026+02:00 TRACE 13448 --- [api-gateway] [    Test worker] o.s.b.f.s.DefaultListableBeanFactory     : Creating instance of bean 'requestHeaderToRequestUriGatewayFilterFactory'
2025-04-26T22:20:20.026+02:00 TRACE 13448 --- [api-gateway] [    Test worker] o.s.b.f.s.DefaultListableBeanFactory     : Returning cached instance of singleton bean 'org.springframework.cloud.gateway.config.GatewayAutoConfiguration'
2025-04-26T22:20:20.027+02:00 TRACE 13448 --- [api-gateway] [    Test worker] o.s.b.f.s.DefaultListableBeanFactory     : Returning cached instance of singleton bean 'preFilterAuthorizationAdvisor'
2025-04-26T22:20:20.027+02:00 TRACE 13448 --- [api-gateway] [    Test worker] o.s.b.f.s.DefaultListableBeanFactory     : Returning cached instance of singleton bean 'preAuthorizeAuthorizationAdvisor'
2025-04-26T22:20:20.027+02:00 TRACE 13448 --- [api-gateway] [    Test worker] o.s.b.f.s.DefaultListableBeanFactory     : Returning cached instance of singleton bean 'postFilterAuthorizationAdvisor'
2025-04-26T22:20:20.027+02:00 TRACE 13448 --- [api-gateway] [    Test worker] o.s.b.f.s.DefaultListableBeanFactory     : Returning cached instance of singleton bean 'postAuthorizeAuthorizationAdvisor'
2025-04-26T22:20:20.028+02:00 TRACE 13448 --- [api-gateway] [    Test worker] o.s.b.f.s.DefaultListableBeanFactory     : Returning cached instance of singleton bean 'jsr250AuthorizationAdvisor'
2025-04-26T22:20:20.028+02:00 TRACE 13448 --- [api-gateway] [    Test worker] o.s.b.f.s.DefaultListableBeanFactory     : Returning cached instance of singleton bean 'authorizeReturnObjectAdvisor'
2025-04-26T22:20:20.029+02:00 TRACE 13448 --- [api-gateway] [    Test worker] o.s.b.f.s.DefaultListableBeanFactory     : Finished creating instance of bean 'requestHeaderToRequestUriGatewayFilterFactory'
2025-04-26T22:20:20.029+02:00 DEBUG 13448 --- [api-gateway] [    Test worker] o.s.b.f.s.DefaultListableBeanFactory     : Creating shared instance of singleton bean 'requestSizeGatewayFilterFactory'
2025-04-26T22:20:20.029+02:00 TRACE 13448 --- [api-gateway] [    Test worker] o.s.b.f.s.DefaultListableBeanFactory     : Creating instance of bean 'requestSizeGatewayFilterFactory'
2025-04-26T22:20:20.029+02:00 TRACE 13448 --- [api-gateway] [    Test worker] o.s.b.f.s.DefaultListableBeanFactory     : Returning cached instance of singleton bean 'org.springframework.cloud.gateway.config.GatewayAutoConfiguration'
2025-04-26T22:20:20.030+02:00 TRACE 13448 --- [api-gateway] [    Test worker] o.s.b.f.s.DefaultListableBeanFactory     : Returning cached instance of singleton bean 'preFilterAuthorizationAdvisor'
2025-04-26T22:20:20.030+02:00 TRACE 13448 --- [api-gateway] [    Test worker] o.s.b.f.s.DefaultListableBeanFactory     : Returning cached instance of singleton bean 'preAuthorizeAuthorizationAdvisor'
2025-04-26T22:20:20.030+02:00 TRACE 13448 --- [api-gateway] [    Test worker] o.s.b.f.s.DefaultListableBeanFactory     : Returning cached instance of singleton bean 'postFilterAuthorizationAdvisor'
2025-04-26T22:20:20.030+02:00 TRACE 13448 --- [api-gateway] [    Test worker] o.s.b.f.s.DefaultListableBeanFactory     : Returning cached instance of singleton bean 'postAuthorizeAuthorizationAdvisor'
2025-04-26T22:20:20.030+02:00 TRACE 13448 --- [api-gateway] [    Test worker] o.s.b.f.s.DefaultListableBeanFactory     : Returning cached instance of singleton bean 'jsr250AuthorizationAdvisor'
2025-04-26T22:20:20.030+02:00 TRACE 13448 --- [api-gateway] [    Test worker] o.s.b.f.s.DefaultListableBeanFactory     : Returning cached instance of singleton bean 'authorizeReturnObjectAdvisor'
2025-04-26T22:20:20.031+02:00 TRACE 13448 --- [api-gateway] [    Test worker] o.s.b.f.s.DefaultListableBeanFactory     : Finished creating instance of bean 'requestSizeGatewayFilterFactory'
2025-04-26T22:20:20.031+02:00 DEBUG 13448 --- [api-gateway] [    Test worker] o.s.b.f.s.DefaultListableBeanFactory     : Creating shared instance of singleton bean 'requestHeaderSizeGatewayFilterFactory'
2025-04-26T22:20:20.031+02:00 TRACE 13448 --- [api-gateway] [    Test worker] o.s.b.f.s.DefaultListableBeanFactory     : Creating instance of bean 'requestHeaderSizeGatewayFilterFactory'
2025-04-26T22:20:20.031+02:00 TRACE 13448 --- [api-gateway] [    Test worker] o.s.b.f.s.DefaultListableBeanFactory     : Returning cached instance of singleton bean 'org.springframework.cloud.gateway.config.GatewayAutoConfiguration'
2025-04-26T22:20:20.033+02:00 TRACE 13448 --- [api-gateway] [    Test worker] o.s.b.f.s.DefaultListableBeanFactory     : Returning cached instance of singleton bean 'preFilterAuthorizationAdvisor'
2025-04-26T22:20:20.033+02:00 TRACE 13448 --- [api-gateway] [    Test worker] o.s.b.f.s.DefaultListableBeanFactory     : Returning cached instance of singleton bean 'preAuthorizeAuthorizationAdvisor'
2025-04-26T22:20:20.033+02:00 TRACE 13448 --- [api-gateway] [    Test worker] o.s.b.f.s.DefaultListableBeanFactory     : Returning cached instance of singleton bean 'postFilterAuthorizationAdvisor'
2025-04-26T22:20:20.033+02:00 TRACE 13448 --- [api-gateway] [    Test worker] o.s.b.f.s.DefaultListableBeanFactory     : Returning cached instance of singleton bean 'postAuthorizeAuthorizationAdvisor'
2025-04-26T22:20:20.033+02:00 TRACE 13448 --- [api-gateway] [    Test worker] o.s.b.f.s.DefaultListableBeanFactory     : Returning cached instance of singleton bean 'jsr250AuthorizationAdvisor'
2025-04-26T22:20:20.033+02:00 TRACE 13448 --- [api-gateway] [    Test worker] o.s.b.f.s.DefaultListableBeanFactory     : Returning cached instance of singleton bean 'authorizeReturnObjectAdvisor'
2025-04-26T22:20:20.034+02:00 TRACE 13448 --- [api-gateway] [    Test worker] o.s.b.f.s.DefaultListableBeanFactory     : Finished creating instance of bean 'requestHeaderSizeGatewayFilterFactory'
2025-04-26T22:20:20.034+02:00 DEBUG 13448 --- [api-gateway] [    Test worker] o.s.b.f.s.DefaultListableBeanFactory     : Creating shared instance of singleton bean 'rewriteRequestParameterGatewayFilterFactory'
2025-04-26T22:20:20.034+02:00 TRACE 13448 --- [api-gateway] [    Test worker] o.s.b.f.s.DefaultListableBeanFactory     : Creating instance of bean 'rewriteRequestParameterGatewayFilterFactory'
2025-04-26T22:20:20.034+02:00 TRACE 13448 --- [api-gateway] [    Test worker] o.s.b.f.s.DefaultListableBeanFactory     : Returning cached instance of singleton bean 'org.springframework.cloud.gateway.config.GatewayAutoConfiguration'
2025-04-26T22:20:20.035+02:00 TRACE 13448 --- [api-gateway] [    Test worker] o.s.b.f.s.DefaultListableBeanFactory     : Returning cached instance of singleton bean 'preFilterAuthorizationAdvisor'
2025-04-26T22:20:20.035+02:00 TRACE 13448 --- [api-gateway] [    Test worker] o.s.b.f.s.DefaultListableBeanFactory     : Returning cached instance of singleton bean 'preAuthorizeAuthorizationAdvisor'
2025-04-26T22:20:20.035+02:00 TRACE 13448 --- [api-gateway] [    Test worker] o.s.b.f.s.DefaultListableBeanFactory     : Returning cached instance of singleton bean 'postFilterAuthorizationAdvisor'
2025-04-26T22:20:20.035+02:00 TRACE 13448 --- [api-gateway] [    Test worker] o.s.b.f.s.DefaultListableBeanFactory     : Returning cached instance of singleton bean 'postAuthorizeAuthorizationAdvisor'
2025-04-26T22:20:20.035+02:00 TRACE 13448 --- [api-gateway] [    Test worker] o.s.b.f.s.DefaultListableBeanFactory     : Returning cached instance of singleton bean 'jsr250AuthorizationAdvisor'
2025-04-26T22:20:20.035+02:00 TRACE 13448 --- [api-gateway] [    Test worker] o.s.b.f.s.DefaultListableBeanFactory     : Returning cached instance of singleton bean 'authorizeReturnObjectAdvisor'
2025-04-26T22:20:20.036+02:00 TRACE 13448 --- [api-gateway] [    Test worker] o.s.b.f.s.DefaultListableBeanFactory     : Finished creating instance of bean 'rewriteRequestParameterGatewayFilterFactory'
2025-04-26T22:20:20.037+02:00 DEBUG 13448 --- [api-gateway] [    Test worker] o.s.b.f.s.DefaultListableBeanFactory     : Creating shared instance of singleton bean 'afterRoutePredicateFactory'
2025-04-26T22:20:20.037+02:00 TRACE 13448 --- [api-gateway] [    Test worker] o.s.b.f.s.DefaultListableBeanFactory     : Creating instance of bean 'afterRoutePredicateFactory'
2025-04-26T22:20:20.037+02:00 TRACE 13448 --- [api-gateway] [    Test worker] o.s.b.f.s.DefaultListableBeanFactory     : Returning cached instance of singleton bean 'org.springframework.cloud.gateway.config.GatewayAutoConfiguration'
2025-04-26T22:20:20.038+02:00 TRACE 13448 --- [api-gateway] [    Test worker] o.s.b.f.s.DefaultListableBeanFactory     : Returning cached instance of singleton bean 'preFilterAuthorizationAdvisor'
2025-04-26T22:20:20.038+02:00 TRACE 13448 --- [api-gateway] [    Test worker] o.s.b.f.s.DefaultListableBeanFactory     : Returning cached instance of singleton bean 'preAuthorizeAuthorizationAdvisor'
2025-04-26T22:20:20.038+02:00 TRACE 13448 --- [api-gateway] [    Test worker] o.s.b.f.s.DefaultListableBeanFactory     : Returning cached instance of singleton bean 'postFilterAuthorizationAdvisor'
2025-04-26T22:20:20.038+02:00 TRACE 13448 --- [api-gateway] [    Test worker] o.s.b.f.s.DefaultListableBeanFactory     : Returning cached instance of singleton bean 'postAuthorizeAuthorizationAdvisor'
2025-04-26T22:20:20.038+02:00 TRACE 13448 --- [api-gateway] [    Test worker] o.s.b.f.s.DefaultListableBeanFactory     : Returning cached instance of singleton bean 'jsr250AuthorizationAdvisor'
2025-04-26T22:20:20.038+02:00 TRACE 13448 --- [api-gateway] [    Test worker] o.s.b.f.s.DefaultListableBeanFactory     : Returning cached instance of singleton bean 'authorizeReturnObjectAdvisor'
2025-04-26T22:20:20.039+02:00 TRACE 13448 --- [api-gateway] [    Test worker] o.s.b.f.s.DefaultListableBeanFactory     : Finished creating instance of bean 'afterRoutePredicateFactory'
2025-04-26T22:20:20.039+02:00 DEBUG 13448 --- [api-gateway] [    Test worker] o.s.b.f.s.DefaultListableBeanFactory     : Creating shared instance of singleton bean 'beforeRoutePredicateFactory'
2025-04-26T22:20:20.039+02:00 TRACE 13448 --- [api-gateway] [    Test worker] o.s.b.f.s.DefaultListableBeanFactory     : Creating instance of bean 'beforeRoutePredicateFactory'
2025-04-26T22:20:20.039+02:00 TRACE 13448 --- [api-gateway] [    Test worker] o.s.b.f.s.DefaultListableBeanFactory     : Returning cached instance of singleton bean 'org.springframework.cloud.gateway.config.GatewayAutoConfiguration'
2025-04-26T22:20:20.040+02:00 TRACE 13448 --- [api-gateway] [    Test worker] o.s.b.f.s.DefaultListableBeanFactory     : Returning cached instance of singleton bean 'preFilterAuthorizationAdvisor'
2025-04-26T22:20:20.041+02:00 TRACE 13448 --- [api-gateway] [    Test worker] o.s.b.f.s.DefaultListableBeanFactory     : Returning cached instance of singleton bean 'preAuthorizeAuthorizationAdvisor'
2025-04-26T22:20:20.041+02:00 TRACE 13448 --- [api-gateway] [    Test worker] o.s.b.f.s.DefaultListableBeanFactory     : Returning cached instance of singleton bean 'postFilterAuthorizationAdvisor'
2025-04-26T22:20:20.041+02:00 TRACE 13448 --- [api-gateway] [    Test worker] o.s.b.f.s.DefaultListableBeanFactory     : Returning cached instance of singleton bean 'postAuthorizeAuthorizationAdvisor'
2025-04-26T22:20:20.041+02:00 TRACE 13448 --- [api-gateway] [    Test worker] o.s.b.f.s.DefaultListableBeanFactory     : Returning cached instance of singleton bean 'jsr250AuthorizationAdvisor'
2025-04-26T22:20:20.041+02:00 TRACE 13448 --- [api-gateway] [    Test worker] o.s.b.f.s.DefaultListableBeanFactory     : Returning cached instance of singleton bean 'authorizeReturnObjectAdvisor'
2025-04-26T22:20:20.041+02:00 TRACE 13448 --- [api-gateway] [    Test worker] o.s.b.f.s.DefaultListableBeanFactory     : Finished creating instance of bean 'beforeRoutePredicateFactory'
2025-04-26T22:20:20.041+02:00 DEBUG 13448 --- [api-gateway] [    Test worker] o.s.b.f.s.DefaultListableBeanFactory     : Creating shared instance of singleton bean 'betweenRoutePredicateFactory'
2025-04-26T22:20:20.041+02:00 TRACE 13448 --- [api-gateway] [    Test worker] o.s.b.f.s.DefaultListableBeanFactory     : Creating instance of bean 'betweenRoutePredicateFactory'
2025-04-26T22:20:20.041+02:00 TRACE 13448 --- [api-gateway] [    Test worker] o.s.b.f.s.DefaultListableBeanFactory     : Returning cached instance of singleton bean 'org.springframework.cloud.gateway.config.GatewayAutoConfiguration'
2025-04-26T22:20:20.043+02:00 TRACE 13448 --- [api-gateway] [    Test worker] o.s.b.f.s.DefaultListableBeanFactory     : Returning cached instance of singleton bean 'preFilterAuthorizationAdvisor'
2025-04-26T22:20:20.043+02:00 TRACE 13448 --- [api-gateway] [    Test worker] o.s.b.f.s.DefaultListableBeanFactory     : Returning cached instance of singleton bean 'preAuthorizeAuthorizationAdvisor'
2025-04-26T22:20:20.043+02:00 TRACE 13448 --- [api-gateway] [    Test worker] o.s.b.f.s.DefaultListableBeanFactory     : Returning cached instance of singleton bean 'postFilterAuthorizationAdvisor'
2025-04-26T22:20:20.043+02:00 TRACE 13448 --- [api-gateway] [    Test worker] o.s.b.f.s.DefaultListableBeanFactory     : Returning cached instance of singleton bean 'postAuthorizeAuthorizationAdvisor'
2025-04-26T22:20:20.043+02:00 TRACE 13448 --- [api-gateway] [    Test worker] o.s.b.f.s.DefaultListableBeanFactory     : Returning cached instance of singleton bean 'jsr250AuthorizationAdvisor'
2025-04-26T22:20:20.043+02:00 TRACE 13448 --- [api-gateway] [    Test worker] o.s.b.f.s.DefaultListableBeanFactory     : Returning cached instance of singleton bean 'authorizeReturnObjectAdvisor'
2025-04-26T22:20:20.044+02:00 TRACE 13448 --- [api-gateway] [    Test worker] o.s.b.f.s.DefaultListableBeanFactory     : Finished creating instance of bean 'betweenRoutePredicateFactory'
2025-04-26T22:20:20.044+02:00 DEBUG 13448 --- [api-gateway] [    Test worker] o.s.b.f.s.DefaultListableBeanFactory     : Creating shared instance of singleton bean 'cookieRoutePredicateFactory'
2025-04-26T22:20:20.044+02:00 TRACE 13448 --- [api-gateway] [    Test worker] o.s.b.f.s.DefaultListableBeanFactory     : Creating instance of bean 'cookieRoutePredicateFactory'
2025-04-26T22:20:20.044+02:00 TRACE 13448 --- [api-gateway] [    Test worker] o.s.b.f.s.DefaultListableBeanFactory     : Returning cached instance of singleton bean 'org.springframework.cloud.gateway.config.GatewayAutoConfiguration'
2025-04-26T22:20:20.045+02:00 TRACE 13448 --- [api-gateway] [    Test worker] o.s.b.f.s.DefaultListableBeanFactory     : Returning cached instance of singleton bean 'preFilterAuthorizationAdvisor'
2025-04-26T22:20:20.046+02:00 TRACE 13448 --- [api-gateway] [    Test worker] o.s.b.f.s.DefaultListableBeanFactory     : Returning cached instance of singleton bean 'preAuthorizeAuthorizationAdvisor'
2025-04-26T22:20:20.046+02:00 TRACE 13448 --- [api-gateway] [    Test worker] o.s.b.f.s.DefaultListableBeanFactory     : Returning cached instance of singleton bean 'postFilterAuthorizationAdvisor'
2025-04-26T22:20:20.046+02:00 TRACE 13448 --- [api-gateway] [    Test worker] o.s.b.f.s.DefaultListableBeanFactory     : Returning cached instance of singleton bean 'postAuthorizeAuthorizationAdvisor'
2025-04-26T22:20:20.046+02:00 TRACE 13448 --- [api-gateway] [    Test worker] o.s.b.f.s.DefaultListableBeanFactory     : Returning cached instance of singleton bean 'jsr250AuthorizationAdvisor'
2025-04-26T22:20:20.046+02:00 TRACE 13448 --- [api-gateway] [    Test worker] o.s.b.f.s.DefaultListableBeanFactory     : Returning cached instance of singleton bean 'authorizeReturnObjectAdvisor'
2025-04-26T22:20:20.047+02:00 TRACE 13448 --- [api-gateway] [    Test worker] o.s.b.f.s.DefaultListableBeanFactory     : Finished creating instance of bean 'cookieRoutePredicateFactory'
2025-04-26T22:20:20.047+02:00 DEBUG 13448 --- [api-gateway] [    Test worker] o.s.b.f.s.DefaultListableBeanFactory     : Creating shared instance of singleton bean 'headerRoutePredicateFactory'
2025-04-26T22:20:20.047+02:00 TRACE 13448 --- [api-gateway] [    Test worker] o.s.b.f.s.DefaultListableBeanFactory     : Creating instance of bean 'headerRoutePredicateFactory'
2025-04-26T22:20:20.047+02:00 TRACE 13448 --- [api-gateway] [    Test worker] o.s.b.f.s.DefaultListableBeanFactory     : Returning cached instance of singleton bean 'org.springframework.cloud.gateway.config.GatewayAutoConfiguration'
2025-04-26T22:20:20.048+02:00 TRACE 13448 --- [api-gateway] [    Test worker] o.s.b.f.s.DefaultListableBeanFactory     : Returning cached instance of singleton bean 'preFilterAuthorizationAdvisor'
2025-04-26T22:20:20.048+02:00 TRACE 13448 --- [api-gateway] [    Test worker] o.s.b.f.s.DefaultListableBeanFactory     : Returning cached instance of singleton bean 'preAuthorizeAuthorizationAdvisor'
2025-04-26T22:20:20.048+02:00 TRACE 13448 --- [api-gateway] [    Test worker] o.s.b.f.s.DefaultListableBeanFactory     : Returning cached instance of singleton bean 'postFilterAuthorizationAdvisor'
2025-04-26T22:20:20.048+02:00 TRACE 13448 --- [api-gateway] [    Test worker] o.s.b.f.s.DefaultListableBeanFactory     : Returning cached instance of singleton bean 'postAuthorizeAuthorizationAdvisor'
2025-04-26T22:20:20.048+02:00 TRACE 13448 --- [api-gateway] [    Test worker] o.s.b.f.s.DefaultListableBeanFactory     : Returning cached instance of singleton bean 'jsr250AuthorizationAdvisor'
2025-04-26T22:20:20.048+02:00 TRACE 13448 --- [api-gateway] [    Test worker] o.s.b.f.s.DefaultListableBeanFactory     : Returning cached instance of singleton bean 'authorizeReturnObjectAdvisor'
2025-04-26T22:20:20.049+02:00 TRACE 13448 --- [api-gateway] [    Test worker] o.s.b.f.s.DefaultListableBeanFactory     : Finished creating instance of bean 'headerRoutePredicateFactory'
2025-04-26T22:20:20.049+02:00 DEBUG 13448 --- [api-gateway] [    Test worker] o.s.b.f.s.DefaultListableBeanFactory     : Creating shared instance of singleton bean 'hostRoutePredicateFactory'
2025-04-26T22:20:20.049+02:00 TRACE 13448 --- [api-gateway] [    Test worker] o.s.b.f.s.DefaultListableBeanFactory     : Creating instance of bean 'hostRoutePredicateFactory'
2025-04-26T22:20:20.049+02:00 TRACE 13448 --- [api-gateway] [    Test worker] o.s.b.f.s.DefaultListableBeanFactory     : Returning cached instance of singleton bean 'org.springframework.cloud.gateway.config.GatewayAutoConfiguration'
2025-04-26T22:20:20.050+02:00 TRACE 13448 --- [api-gateway] [    Test worker] o.s.b.f.s.DefaultListableBeanFactory     : Returning cached instance of singleton bean 'environment'
2025-04-26T22:20:20.050+02:00 DEBUG 13448 --- [api-gateway] [    Test worker] o.s.b.f.s.DefaultListableBeanFactory     : Autowiring by type from bean name 'hostRoutePredicateFactory' via factory method to bean named 'environment'
2025-04-26T22:20:20.051+02:00 TRACE 13448 --- [api-gateway] [    Test worker] o.s.b.f.s.DefaultListableBeanFactory     : Returning cached instance of singleton bean 'preFilterAuthorizationAdvisor'
2025-04-26T22:20:20.051+02:00 TRACE 13448 --- [api-gateway] [    Test worker] o.s.b.f.s.DefaultListableBeanFactory     : Returning cached instance of singleton bean 'preAuthorizeAuthorizationAdvisor'
2025-04-26T22:20:20.051+02:00 TRACE 13448 --- [api-gateway] [    Test worker] o.s.b.f.s.DefaultListableBeanFactory     : Returning cached instance of singleton bean 'postFilterAuthorizationAdvisor'
2025-04-26T22:20:20.051+02:00 TRACE 13448 --- [api-gateway] [    Test worker] o.s.b.f.s.DefaultListableBeanFactory     : Returning cached instance of singleton bean 'postAuthorizeAuthorizationAdvisor'
2025-04-26T22:20:20.051+02:00 TRACE 13448 --- [api-gateway] [    Test worker] o.s.b.f.s.DefaultListableBeanFactory     : Returning cached instance of singleton bean 'jsr250AuthorizationAdvisor'
2025-04-26T22:20:20.051+02:00 TRACE 13448 --- [api-gateway] [    Test worker] o.s.b.f.s.DefaultListableBeanFactory     : Returning cached instance of singleton bean 'authorizeReturnObjectAdvisor'
2025-04-26T22:20:20.055+02:00 TRACE 13448 --- [api-gateway] [    Test worker] o.s.b.f.s.DefaultListableBeanFactory     : Finished creating instance of bean 'hostRoutePredicateFactory'
2025-04-26T22:20:20.055+02:00 DEBUG 13448 --- [api-gateway] [    Test worker] o.s.b.f.s.DefaultListableBeanFactory     : Creating shared instance of singleton bean 'methodRoutePredicateFactory'
2025-04-26T22:20:20.055+02:00 TRACE 13448 --- [api-gateway] [    Test worker] o.s.b.f.s.DefaultListableBeanFactory     : Creating instance of bean 'methodRoutePredicateFactory'
2025-04-26T22:20:20.055+02:00 TRACE 13448 --- [api-gateway] [    Test worker] o.s.b.f.s.DefaultListableBeanFactory     : Returning cached instance of singleton bean 'org.springframework.cloud.gateway.config.GatewayAutoConfiguration'
2025-04-26T22:20:20.056+02:00 TRACE 13448 --- [api-gateway] [    Test worker] o.s.b.f.s.DefaultListableBeanFactory     : Returning cached instance of singleton bean 'preFilterAuthorizationAdvisor'
2025-04-26T22:20:20.056+02:00 TRACE 13448 --- [api-gateway] [    Test worker] o.s.b.f.s.DefaultListableBeanFactory     : Returning cached instance of singleton bean 'preAuthorizeAuthorizationAdvisor'
2025-04-26T22:20:20.056+02:00 TRACE 13448 --- [api-gateway] [    Test worker] o.s.b.f.s.DefaultListableBeanFactory     : Returning cached instance of singleton bean 'postFilterAuthorizationAdvisor'
2025-04-26T22:20:20.056+02:00 TRACE 13448 --- [api-gateway] [    Test worker] o.s.b.f.s.DefaultListableBeanFactory     : Returning cached instance of singleton bean 'postAuthorizeAuthorizationAdvisor'
2025-04-26T22:20:20.056+02:00 TRACE 13448 --- [api-gateway] [    Test worker] o.s.b.f.s.DefaultListableBeanFactory     : Returning cached instance of singleton bean 'jsr250AuthorizationAdvisor'
2025-04-26T22:20:20.056+02:00 TRACE 13448 --- [api-gateway] [    Test worker] o.s.b.f.s.DefaultListableBeanFactory     : Returning cached instance of singleton bean 'authorizeReturnObjectAdvisor'
2025-04-26T22:20:20.057+02:00 TRACE 13448 --- [api-gateway] [    Test worker] o.s.b.f.s.DefaultListableBeanFactory     : Finished creating instance of bean 'methodRoutePredicateFactory'
2025-04-26T22:20:20.057+02:00 TRACE 13448 --- [api-gateway] [    Test worker] o.s.b.f.s.DefaultListableBeanFactory     : Returning cached instance of singleton bean 'pathRoutePredicateFactory'
2025-04-26T22:20:20.057+02:00 DEBUG 13448 --- [api-gateway] [    Test worker] o.s.b.f.s.DefaultListableBeanFactory     : Creating shared instance of singleton bean 'queryRoutePredicateFactory'
2025-04-26T22:20:20.057+02:00 TRACE 13448 --- [api-gateway] [    Test worker] o.s.b.f.s.DefaultListableBeanFactory     : Creating instance of bean 'queryRoutePredicateFactory'
2025-04-26T22:20:20.057+02:00 TRACE 13448 --- [api-gateway] [    Test worker] o.s.b.f.s.DefaultListableBeanFactory     : Returning cached instance of singleton bean 'org.springframework.cloud.gateway.config.GatewayAutoConfiguration'
2025-04-26T22:20:20.059+02:00 TRACE 13448 --- [api-gateway] [    Test worker] o.s.b.f.s.DefaultListableBeanFactory     : Returning cached instance of singleton bean 'preFilterAuthorizationAdvisor'
2025-04-26T22:20:20.059+02:00 TRACE 13448 --- [api-gateway] [    Test worker] o.s.b.f.s.DefaultListableBeanFactory     : Returning cached instance of singleton bean 'preAuthorizeAuthorizationAdvisor'
2025-04-26T22:20:20.059+02:00 TRACE 13448 --- [api-gateway] [    Test worker] o.s.b.f.s.DefaultListableBeanFactory     : Returning cached instance of singleton bean 'postFilterAuthorizationAdvisor'
2025-04-26T22:20:20.059+02:00 TRACE 13448 --- [api-gateway] [    Test worker] o.s.b.f.s.DefaultListableBeanFactory     : Returning cached instance of singleton bean 'postAuthorizeAuthorizationAdvisor'
2025-04-26T22:20:20.059+02:00 TRACE 13448 --- [api-gateway] [    Test worker] o.s.b.f.s.DefaultListableBeanFactory     : Returning cached instance of singleton bean 'jsr250AuthorizationAdvisor'
2025-04-26T22:20:20.059+02:00 TRACE 13448 --- [api-gateway] [    Test worker] o.s.b.f.s.DefaultListableBeanFactory     : Returning cached instance of singleton bean 'authorizeReturnObjectAdvisor'
2025-04-26T22:20:20.060+02:00 TRACE 13448 --- [api-gateway] [    Test worker] o.s.b.f.s.DefaultListableBeanFactory     : Finished creating instance of bean 'queryRoutePredicateFactory'
2025-04-26T22:20:20.060+02:00 DEBUG 13448 --- [api-gateway] [    Test worker] o.s.b.f.s.DefaultListableBeanFactory     : Creating shared instance of singleton bean 'readBodyPredicateFactory'
2025-04-26T22:20:20.060+02:00 TRACE 13448 --- [api-gateway] [    Test worker] o.s.b.f.s.DefaultListableBeanFactory     : Creating instance of bean 'readBodyPredicateFactory'
2025-04-26T22:20:20.060+02:00 TRACE 13448 --- [api-gateway] [    Test worker] o.s.b.f.s.DefaultListableBeanFactory     : Returning cached instance of singleton bean 'org.springframework.cloud.gateway.config.GatewayAutoConfiguration'
2025-04-26T22:20:20.061+02:00 TRACE 13448 --- [api-gateway] [    Test worker] o.s.b.f.s.DefaultListableBeanFactory     : Returning cached instance of singleton bean 'serverCodecConfigurer'
2025-04-26T22:20:20.061+02:00 DEBUG 13448 --- [api-gateway] [    Test worker] o.s.b.f.s.DefaultListableBeanFactory     : Autowiring by type from bean name 'readBodyPredicateFactory' via factory method to bean named 'serverCodecConfigurer'
2025-04-26T22:20:20.062+02:00 TRACE 13448 --- [api-gateway] [    Test worker] o.s.b.f.s.DefaultListableBeanFactory     : Returning cached instance of singleton bean 'preFilterAuthorizationAdvisor'
2025-04-26T22:20:20.063+02:00 TRACE 13448 --- [api-gateway] [    Test worker] o.s.b.f.s.DefaultListableBeanFactory     : Returning cached instance of singleton bean 'preAuthorizeAuthorizationAdvisor'
2025-04-26T22:20:20.063+02:00 TRACE 13448 --- [api-gateway] [    Test worker] o.s.b.f.s.DefaultListableBeanFactory     : Returning cached instance of singleton bean 'postFilterAuthorizationAdvisor'
2025-04-26T22:20:20.063+02:00 TRACE 13448 --- [api-gateway] [    Test worker] o.s.b.f.s.DefaultListableBeanFactory     : Returning cached instance of singleton bean 'postAuthorizeAuthorizationAdvisor'
2025-04-26T22:20:20.063+02:00 TRACE 13448 --- [api-gateway] [    Test worker] o.s.b.f.s.DefaultListableBeanFactory     : Returning cached instance of singleton bean 'jsr250AuthorizationAdvisor'
2025-04-26T22:20:20.063+02:00 TRACE 13448 --- [api-gateway] [    Test worker] o.s.b.f.s.DefaultListableBeanFactory     : Returning cached instance of singleton bean 'authorizeReturnObjectAdvisor'
2025-04-26T22:20:20.064+02:00 TRACE 13448 --- [api-gateway] [    Test worker] o.s.b.f.s.DefaultListableBeanFactory     : Finished creating instance of bean 'readBodyPredicateFactory'
2025-04-26T22:20:20.064+02:00 DEBUG 13448 --- [api-gateway] [    Test worker] o.s.b.f.s.DefaultListableBeanFactory     : Creating shared instance of singleton bean 'remoteAddrRoutePredicateFactory'
2025-04-26T22:20:20.064+02:00 TRACE 13448 --- [api-gateway] [    Test worker] o.s.b.f.s.DefaultListableBeanFactory     : Creating instance of bean 'remoteAddrRoutePredicateFactory'
2025-04-26T22:20:20.064+02:00 TRACE 13448 --- [api-gateway] [    Test worker] o.s.b.f.s.DefaultListableBeanFactory     : Returning cached instance of singleton bean 'org.springframework.cloud.gateway.config.GatewayAutoConfiguration'
2025-04-26T22:20:20.065+02:00 TRACE 13448 --- [api-gateway] [    Test worker] o.s.b.f.s.DefaultListableBeanFactory     : Returning cached instance of singleton bean 'preFilterAuthorizationAdvisor'
2025-04-26T22:20:20.065+02:00 TRACE 13448 --- [api-gateway] [    Test worker] o.s.b.f.s.DefaultListableBeanFactory     : Returning cached instance of singleton bean 'preAuthorizeAuthorizationAdvisor'
2025-04-26T22:20:20.065+02:00 TRACE 13448 --- [api-gateway] [    Test worker] o.s.b.f.s.DefaultListableBeanFactory     : Returning cached instance of singleton bean 'postFilterAuthorizationAdvisor'
2025-04-26T22:20:20.065+02:00 TRACE 13448 --- [api-gateway] [    Test worker] o.s.b.f.s.DefaultListableBeanFactory     : Returning cached instance of singleton bean 'postAuthorizeAuthorizationAdvisor'
2025-04-26T22:20:20.066+02:00 TRACE 13448 --- [api-gateway] [    Test worker] o.s.b.f.s.DefaultListableBeanFactory     : Returning cached instance of singleton bean 'jsr250AuthorizationAdvisor'
2025-04-26T22:20:20.066+02:00 TRACE 13448 --- [api-gateway] [    Test worker] o.s.b.f.s.DefaultListableBeanFactory     : Returning cached instance of singleton bean 'authorizeReturnObjectAdvisor'
2025-04-26T22:20:20.068+02:00 TRACE 13448 --- [api-gateway] [    Test worker] o.s.b.f.s.DefaultListableBeanFactory     : Finished creating instance of bean 'remoteAddrRoutePredicateFactory'
2025-04-26T22:20:20.068+02:00 DEBUG 13448 --- [api-gateway] [    Test worker] o.s.b.f.s.DefaultListableBeanFactory     : Creating shared instance of singleton bean 'xForwardedRemoteAddrRoutePredicateFactory'
2025-04-26T22:20:20.068+02:00 TRACE 13448 --- [api-gateway] [    Test worker] o.s.b.f.s.DefaultListableBeanFactory     : Creating instance of bean 'xForwardedRemoteAddrRoutePredicateFactory'
2025-04-26T22:20:20.068+02:00 TRACE 13448 --- [api-gateway] [    Test worker] o.s.b.f.s.DefaultListableBeanFactory     : Returning cached instance of singleton bean 'org.springframework.cloud.gateway.config.GatewayAutoConfiguration'
2025-04-26T22:20:20.070+02:00 TRACE 13448 --- [api-gateway] [    Test worker] o.s.b.f.s.DefaultListableBeanFactory     : Returning cached instance of singleton bean 'preFilterAuthorizationAdvisor'
2025-04-26T22:20:20.070+02:00 TRACE 13448 --- [api-gateway] [    Test worker] o.s.b.f.s.DefaultListableBeanFactory     : Returning cached instance of singleton bean 'preAuthorizeAuthorizationAdvisor'
2025-04-26T22:20:20.070+02:00 TRACE 13448 --- [api-gateway] [    Test worker] o.s.b.f.s.DefaultListableBeanFactory     : Returning cached instance of singleton bean 'postFilterAuthorizationAdvisor'
2025-04-26T22:20:20.070+02:00 TRACE 13448 --- [api-gateway] [    Test worker] o.s.b.f.s.DefaultListableBeanFactory     : Returning cached instance of singleton bean 'postAuthorizeAuthorizationAdvisor'
2025-04-26T22:20:20.070+02:00 TRACE 13448 --- [api-gateway] [    Test worker] o.s.b.f.s.DefaultListableBeanFactory     : Returning cached instance of singleton bean 'jsr250AuthorizationAdvisor'
2025-04-26T22:20:20.070+02:00 TRACE 13448 --- [api-gateway] [    Test worker] o.s.b.f.s.DefaultListableBeanFactory     : Returning cached instance of singleton bean 'authorizeReturnObjectAdvisor'
2025-04-26T22:20:20.071+02:00 TRACE 13448 --- [api-gateway] [    Test worker] o.s.b.f.s.DefaultListableBeanFactory     : Finished creating instance of bean 'xForwardedRemoteAddrRoutePredicateFactory'
2025-04-26T22:20:20.071+02:00 DEBUG 13448 --- [api-gateway] [    Test worker] o.s.b.f.s.DefaultListableBeanFactory     : Creating shared instance of singleton bean 'weightCalculatorWebFilter'
2025-04-26T22:20:20.071+02:00 TRACE 13448 --- [api-gateway] [    Test worker] o.s.b.f.s.DefaultListableBeanFactory     : Creating instance of bean 'weightCalculatorWebFilter'
2025-04-26T22:20:20.071+02:00 TRACE 13448 --- [api-gateway] [    Test worker] o.s.b.f.s.DefaultListableBeanFactory     : Returning cached instance of singleton bean 'org.springframework.cloud.gateway.config.GatewayAutoConfiguration'
2025-04-26T22:20:20.072+02:00 TRACE 13448 --- [api-gateway] [    Test worker] o.s.b.f.s.DefaultListableBeanFactory     : Returning cached instance of singleton bean 'gatewayConfigurationService'
2025-04-26T22:20:20.072+02:00 DEBUG 13448 --- [api-gateway] [    Test worker] o.s.b.f.s.DefaultListableBeanFactory     : Autowiring by type from bean name 'weightCalculatorWebFilter' via factory method to bean named 'gatewayConfigurationService'
2025-04-26T22:20:20.074+02:00 TRACE 13448 --- [api-gateway] [    Test worker] o.s.b.f.s.DefaultListableBeanFactory     : Returning cached instance of singleton bean 'preFilterAuthorizationAdvisor'
2025-04-26T22:20:20.074+02:00 TRACE 13448 --- [api-gateway] [    Test worker] o.s.b.f.s.DefaultListableBeanFactory     : Returning cached instance of singleton bean 'preAuthorizeAuthorizationAdvisor'
2025-04-26T22:20:20.074+02:00 TRACE 13448 --- [api-gateway] [    Test worker] o.s.b.f.s.DefaultListableBeanFactory     : Returning cached instance of singleton bean 'postFilterAuthorizationAdvisor'
2025-04-26T22:20:20.074+02:00 TRACE 13448 --- [api-gateway] [    Test worker] o.s.b.f.s.DefaultListableBeanFactory     : Returning cached instance of singleton bean 'postAuthorizeAuthorizationAdvisor'
2025-04-26T22:20:20.074+02:00 TRACE 13448 --- [api-gateway] [    Test worker] o.s.b.f.s.DefaultListableBeanFactory     : Returning cached instance of singleton bean 'jsr250AuthorizationAdvisor'
2025-04-26T22:20:20.074+02:00 TRACE 13448 --- [api-gateway] [    Test worker] o.s.b.f.s.DefaultListableBeanFactory     : Returning cached instance of singleton bean 'authorizeReturnObjectAdvisor'
2025-04-26T22:20:20.075+02:00 TRACE 13448 --- [api-gateway] [    Test worker] o.s.b.f.s.DefaultListableBeanFactory     : Finished creating instance of bean 'weightCalculatorWebFilter'
2025-04-26T22:20:20.075+02:00 DEBUG 13448 --- [api-gateway] [    Test worker] o.s.b.f.s.DefaultListableBeanFactory     : Creating shared instance of singleton bean 'weightRoutePredicateFactory'
2025-04-26T22:20:20.075+02:00 TRACE 13448 --- [api-gateway] [    Test worker] o.s.b.f.s.DefaultListableBeanFactory     : Creating instance of bean 'weightRoutePredicateFactory'
2025-04-26T22:20:20.075+02:00 TRACE 13448 --- [api-gateway] [    Test worker] o.s.b.f.s.DefaultListableBeanFactory     : Returning cached instance of singleton bean 'org.springframework.cloud.gateway.config.GatewayAutoConfiguration'
2025-04-26T22:20:20.076+02:00 TRACE 13448 --- [api-gateway] [    Test worker] o.s.b.f.s.DefaultListableBeanFactory     : Returning cached instance of singleton bean 'preFilterAuthorizationAdvisor'
2025-04-26T22:20:20.076+02:00 TRACE 13448 --- [api-gateway] [    Test worker] o.s.b.f.s.DefaultListableBeanFactory     : Returning cached instance of singleton bean 'preAuthorizeAuthorizationAdvisor'
2025-04-26T22:20:20.076+02:00 TRACE 13448 --- [api-gateway] [    Test worker] o.s.b.f.s.DefaultListableBeanFactory     : Returning cached instance of singleton bean 'postFilterAuthorizationAdvisor'
2025-04-26T22:20:20.076+02:00 TRACE 13448 --- [api-gateway] [    Test worker] o.s.b.f.s.DefaultListableBeanFactory     : Returning cached instance of singleton bean 'postAuthorizeAuthorizationAdvisor'
2025-04-26T22:20:20.076+02:00 TRACE 13448 --- [api-gateway] [    Test worker] o.s.b.f.s.DefaultListableBeanFactory     : Returning cached instance of singleton bean 'jsr250AuthorizationAdvisor'
2025-04-26T22:20:20.076+02:00 TRACE 13448 --- [api-gateway] [    Test worker] o.s.b.f.s.DefaultListableBeanFactory     : Returning cached instance of singleton bean 'authorizeReturnObjectAdvisor'
2025-04-26T22:20:20.077+02:00 TRACE 13448 --- [api-gateway] [    Test worker] o.s.b.f.s.DefaultListableBeanFactory     : Finished creating instance of bean 'weightRoutePredicateFactory'
2025-04-26T22:20:20.078+02:00 DEBUG 13448 --- [api-gateway] [    Test worker] o.s.b.f.s.DefaultListableBeanFactory     : Creating shared instance of singleton bean 'cloudFoundryRouteServiceRoutePredicateFactory'
2025-04-26T22:20:20.078+02:00 TRACE 13448 --- [api-gateway] [    Test worker] o.s.b.f.s.DefaultListableBeanFactory     : Creating instance of bean 'cloudFoundryRouteServiceRoutePredicateFactory'
2025-04-26T22:20:20.078+02:00 TRACE 13448 --- [api-gateway] [    Test worker] o.s.b.f.s.DefaultListableBeanFactory     : Returning cached instance of singleton bean 'org.springframework.cloud.gateway.config.GatewayAutoConfiguration'
2025-04-26T22:20:20.078+02:00 TRACE 13448 --- [api-gateway] [    Test worker] o.s.b.f.s.DefaultListableBeanFactory     : Returning cached instance of singleton bean 'preFilterAuthorizationAdvisor'
2025-04-26T22:20:20.078+02:00 TRACE 13448 --- [api-gateway] [    Test worker] o.s.b.f.s.DefaultListableBeanFactory     : Returning cached instance of singleton bean 'preAuthorizeAuthorizationAdvisor'
2025-04-26T22:20:20.078+02:00 TRACE 13448 --- [api-gateway] [    Test worker] o.s.b.f.s.DefaultListableBeanFactory     : Returning cached instance of singleton bean 'postFilterAuthorizationAdvisor'
2025-04-26T22:20:20.078+02:00 TRACE 13448 --- [api-gateway] [    Test worker] o.s.b.f.s.DefaultListableBeanFactory     : Returning cached instance of singleton bean 'postAuthorizeAuthorizationAdvisor'
2025-04-26T22:20:20.078+02:00 TRACE 13448 --- [api-gateway] [    Test worker] o.s.b.f.s.DefaultListableBeanFactory     : Returning cached instance of singleton bean 'jsr250AuthorizationAdvisor'
2025-04-26T22:20:20.078+02:00 TRACE 13448 --- [api-gateway] [    Test worker] o.s.b.f.s.DefaultListableBeanFactory     : Returning cached instance of singleton bean 'authorizeReturnObjectAdvisor'
2025-04-26T22:20:20.079+02:00 TRACE 13448 --- [api-gateway] [    Test worker] o.s.b.f.s.DefaultListableBeanFactory     : Finished creating instance of bean 'cloudFoundryRouteServiceRoutePredicateFactory'
2025-04-26T22:20:20.079+02:00 TRACE 13448 --- [api-gateway] [    Test worker] o.s.b.f.s.DefaultListableBeanFactory     : Returning cached instance of singleton bean 'routeDefinitionLocator'
2025-04-26T22:20:20.080+02:00 TRACE 13448 --- [api-gateway] [    Test worker] o.s.b.f.s.DefaultListableBeanFactory     : Returning cached instance of singleton bean 'gatewayConfigurationService'
2025-04-26T22:20:20.080+02:00 DEBUG 13448 --- [api-gateway] [    Test worker] o.s.b.f.s.DefaultListableBeanFactory     : Autowiring by type from bean name 'routeDefinitionRouteLocator' via factory method to bean named 'gatewayProperties'
2025-04-26T22:20:20.080+02:00 DEBUG 13448 --- [api-gateway] [    Test worker] o.s.b.f.s.DefaultListableBeanFactory     : Autowiring by type from bean name 'routeDefinitionRouteLocator' via factory method to bean named 'addRequestHeaderGatewayFilterFactory'
2025-04-26T22:20:20.080+02:00 DEBUG 13448 --- [api-gateway] [    Test worker] o.s.b.f.s.DefaultListableBeanFactory     : Autowiring by type from bean name 'routeDefinitionRouteLocator' via factory method to bean named 'addRequestHeadersIfNotPresentGatewayFilterFactory'
2025-04-26T22:20:20.080+02:00 DEBUG 13448 --- [api-gateway] [    Test worker] o.s.b.f.s.DefaultListableBeanFactory     : Autowiring by type from bean name 'routeDefinitionRouteLocator' via factory method to bean named 'mapRequestHeaderGatewayFilterFactory'
2025-04-26T22:20:20.080+02:00 DEBUG 13448 --- [api-gateway] [    Test worker] o.s.b.f.s.DefaultListableBeanFactory     : Autowiring by type from bean name 'routeDefinitionRouteLocator' via factory method to bean named 'addRequestParameterGatewayFilterFactory'
2025-04-26T22:20:20.080+02:00 DEBUG 13448 --- [api-gateway] [    Test worker] o.s.b.f.s.DefaultListableBeanFactory     : Autowiring by type from bean name 'routeDefinitionRouteLocator' via factory method to bean named 'addResponseHeaderGatewayFilterFactory'
2025-04-26T22:20:20.080+02:00 DEBUG 13448 --- [api-gateway] [    Test worker] o.s.b.f.s.DefaultListableBeanFactory     : Autowiring by type from bean name 'routeDefinitionRouteLocator' via factory method to bean named 'modifyRequestBodyGatewayFilterFactory'
2025-04-26T22:20:20.080+02:00 DEBUG 13448 --- [api-gateway] [    Test worker] o.s.b.f.s.DefaultListableBeanFactory     : Autowiring by type from bean name 'routeDefinitionRouteLocator' via factory method to bean named 'dedupeResponseHeaderGatewayFilterFactory'
2025-04-26T22:20:20.080+02:00 DEBUG 13448 --- [api-gateway] [    Test worker] o.s.b.f.s.DefaultListableBeanFactory     : Autowiring by type from bean name 'routeDefinitionRouteLocator' via factory method to bean named 'modifyResponseBodyGatewayFilterFactory'
2025-04-26T22:20:20.080+02:00 DEBUG 13448 --- [api-gateway] [    Test worker] o.s.b.f.s.DefaultListableBeanFactory     : Autowiring by type from bean name 'routeDefinitionRouteLocator' via factory method to bean named 'cacheRequestBodyGatewayFilterFactory'
2025-04-26T22:20:20.080+02:00 DEBUG 13448 --- [api-gateway] [    Test worker] o.s.b.f.s.DefaultListableBeanFactory     : Autowiring by type from bean name 'routeDefinitionRouteLocator' via factory method to bean named 'prefixPathGatewayFilterFactory'
2025-04-26T22:20:20.080+02:00 DEBUG 13448 --- [api-gateway] [    Test worker] o.s.b.f.s.DefaultListableBeanFactory     : Autowiring by type from bean name 'routeDefinitionRouteLocator' via factory method to bean named 'preserveHostHeaderGatewayFilterFactory'
2025-04-26T22:20:20.080+02:00 DEBUG 13448 --- [api-gateway] [    Test worker] o.s.b.f.s.DefaultListableBeanFactory     : Autowiring by type from bean name 'routeDefinitionRouteLocator' via factory method to bean named 'redirectToGatewayFilterFactory'
2025-04-26T22:20:20.080+02:00 DEBUG 13448 --- [api-gateway] [    Test worker] o.s.b.f.s.DefaultListableBeanFactory     : Autowiring by type from bean name 'routeDefinitionRouteLocator' via factory method to bean named 'removeJsonAttributesResponseBodyGatewayFilterFactory'
2025-04-26T22:20:20.080+02:00 DEBUG 13448 --- [api-gateway] [    Test worker] o.s.b.f.s.DefaultListableBeanFactory     : Autowiring by type from bean name 'routeDefinitionRouteLocator' via factory method to bean named 'removeRequestHeaderGatewayFilterFactory'
2025-04-26T22:20:20.080+02:00 DEBUG 13448 --- [api-gateway] [    Test worker] o.s.b.f.s.DefaultListableBeanFactory     : Autowiring by type from bean name 'routeDefinitionRouteLocator' via factory method to bean named 'removeRequestParameterGatewayFilterFactory'
2025-04-26T22:20:20.080+02:00 DEBUG 13448 --- [api-gateway] [    Test worker] o.s.b.f.s.DefaultListableBeanFactory     : Autowiring by type from bean name 'routeDefinitionRouteLocator' via factory method to bean named 'removeResponseHeaderGatewayFilterFactory'
2025-04-26T22:20:20.080+02:00 DEBUG 13448 --- [api-gateway] [    Test worker] o.s.b.f.s.DefaultListableBeanFactory     : Autowiring by type from bean name 'routeDefinitionRouteLocator' via factory method to bean named 'rewritePathGatewayFilterFactory'
2025-04-26T22:20:20.080+02:00 DEBUG 13448 --- [api-gateway] [    Test worker] o.s.b.f.s.DefaultListableBeanFactory     : Autowiring by type from bean name 'routeDefinitionRouteLocator' via factory method to bean named 'retryGatewayFilterFactory'
2025-04-26T22:20:20.080+02:00 DEBUG 13448 --- [api-gateway] [    Test worker] o.s.b.f.s.DefaultListableBeanFactory     : Autowiring by type from bean name 'routeDefinitionRouteLocator' via factory method to bean named 'setPathGatewayFilterFactory'
2025-04-26T22:20:20.080+02:00 DEBUG 13448 --- [api-gateway] [    Test worker] o.s.b.f.s.DefaultListableBeanFactory     : Autowiring by type from bean name 'routeDefinitionRouteLocator' via factory method to bean named 'secureHeadersGatewayFilterFactory'
2025-04-26T22:20:20.080+02:00 DEBUG 13448 --- [api-gateway] [    Test worker] o.s.b.f.s.DefaultListableBeanFactory     : Autowiring by type from bean name 'routeDefinitionRouteLocator' via factory method to bean named 'setRequestHeaderGatewayFilterFactory'
2025-04-26T22:20:20.080+02:00 DEBUG 13448 --- [api-gateway] [    Test worker] o.s.b.f.s.DefaultListableBeanFactory     : Autowiring by type from bean name 'routeDefinitionRouteLocator' via factory method to bean named 'setRequestHostHeaderGatewayFilterFactory'
2025-04-26T22:20:20.080+02:00 DEBUG 13448 --- [api-gateway] [    Test worker] o.s.b.f.s.DefaultListableBeanFactory     : Autowiring by type from bean name 'routeDefinitionRouteLocator' via factory method to bean named 'setResponseHeaderGatewayFilterFactory'
2025-04-26T22:20:20.080+02:00 DEBUG 13448 --- [api-gateway] [    Test worker] o.s.b.f.s.DefaultListableBeanFactory     : Autowiring by type from bean name 'routeDefinitionRouteLocator' via factory method to bean named 'rewriteResponseHeaderGatewayFilterFactory'
2025-04-26T22:20:20.080+02:00 DEBUG 13448 --- [api-gateway] [    Test worker] o.s.b.f.s.DefaultListableBeanFactory     : Autowiring by type from bean name 'routeDefinitionRouteLocator' via factory method to bean named 'rewriteLocationResponseHeaderGatewayFilterFactory'
2025-04-26T22:20:20.080+02:00 DEBUG 13448 --- [api-gateway] [    Test worker] o.s.b.f.s.DefaultListableBeanFactory     : Autowiring by type from bean name 'routeDefinitionRouteLocator' via factory method to bean named 'setStatusGatewayFilterFactory'
2025-04-26T22:20:20.080+02:00 DEBUG 13448 --- [api-gateway] [    Test worker] o.s.b.f.s.DefaultListableBeanFactory     : Autowiring by type from bean name 'routeDefinitionRouteLocator' via factory method to bean named 'saveSessionGatewayFilterFactory'
2025-04-26T22:20:20.080+02:00 DEBUG 13448 --- [api-gateway] [    Test worker] o.s.b.f.s.DefaultListableBeanFactory     : Autowiring by type from bean name 'routeDefinitionRouteLocator' via factory method to bean named 'stripPrefixGatewayFilterFactory'
2025-04-26T22:20:20.080+02:00 DEBUG 13448 --- [api-gateway] [    Test worker] o.s.b.f.s.DefaultListableBeanFactory     : Autowiring by type from bean name 'routeDefinitionRouteLocator' via factory method to bean named 'requestHeaderToRequestUriGatewayFilterFactory'
2025-04-26T22:20:20.080+02:00 DEBUG 13448 --- [api-gateway] [    Test worker] o.s.b.f.s.DefaultListableBeanFactory     : Autowiring by type from bean name 'routeDefinitionRouteLocator' via factory method to bean named 'requestSizeGatewayFilterFactory'
2025-04-26T22:20:20.080+02:00 DEBUG 13448 --- [api-gateway] [    Test worker] o.s.b.f.s.DefaultListableBeanFactory     : Autowiring by type from bean name 'routeDefinitionRouteLocator' via factory method to bean named 'requestHeaderSizeGatewayFilterFactory'
2025-04-26T22:20:20.080+02:00 DEBUG 13448 --- [api-gateway] [    Test worker] o.s.b.f.s.DefaultListableBeanFactory     : Autowiring by type from bean name 'routeDefinitionRouteLocator' via factory method to bean named 'rewriteRequestParameterGatewayFilterFactory'
2025-04-26T22:20:20.080+02:00 DEBUG 13448 --- [api-gateway] [    Test worker] o.s.b.f.s.DefaultListableBeanFactory     : Autowiring by type from bean name 'routeDefinitionRouteLocator' via factory method to bean named 'afterRoutePredicateFactory'
2025-04-26T22:20:20.080+02:00 DEBUG 13448 --- [api-gateway] [    Test worker] o.s.b.f.s.DefaultListableBeanFactory     : Autowiring by type from bean name 'routeDefinitionRouteLocator' via factory method to bean named 'beforeRoutePredicateFactory'
2025-04-26T22:20:20.080+02:00 DEBUG 13448 --- [api-gateway] [    Test worker] o.s.b.f.s.DefaultListableBeanFactory     : Autowiring by type from bean name 'routeDefinitionRouteLocator' via factory method to bean named 'betweenRoutePredicateFactory'
2025-04-26T22:20:20.080+02:00 DEBUG 13448 --- [api-gateway] [    Test worker] o.s.b.f.s.DefaultListableBeanFactory     : Autowiring by type from bean name 'routeDefinitionRouteLocator' via factory method to bean named 'cookieRoutePredicateFactory'
2025-04-26T22:20:20.080+02:00 DEBUG 13448 --- [api-gateway] [    Test worker] o.s.b.f.s.DefaultListableBeanFactory     : Autowiring by type from bean name 'routeDefinitionRouteLocator' via factory method to bean named 'headerRoutePredicateFactory'
2025-04-26T22:20:20.080+02:00 DEBUG 13448 --- [api-gateway] [    Test worker] o.s.b.f.s.DefaultListableBeanFactory     : Autowiring by type from bean name 'routeDefinitionRouteLocator' via factory method to bean named 'hostRoutePredicateFactory'
2025-04-26T22:20:20.080+02:00 DEBUG 13448 --- [api-gateway] [    Test worker] o.s.b.f.s.DefaultListableBeanFactory     : Autowiring by type from bean name 'routeDefinitionRouteLocator' via factory method to bean named 'methodRoutePredicateFactory'
2025-04-26T22:20:20.080+02:00 DEBUG 13448 --- [api-gateway] [    Test worker] o.s.b.f.s.DefaultListableBeanFactory     : Autowiring by type from bean name 'routeDefinitionRouteLocator' via factory method to bean named 'pathRoutePredicateFactory'
2025-04-26T22:20:20.080+02:00 DEBUG 13448 --- [api-gateway] [    Test worker] o.s.b.f.s.DefaultListableBeanFactory     : Autowiring by type from bean name 'routeDefinitionRouteLocator' via factory method to bean named 'queryRoutePredicateFactory'
2025-04-26T22:20:20.080+02:00 DEBUG 13448 --- [api-gateway] [    Test worker] o.s.b.f.s.DefaultListableBeanFactory     : Autowiring by type from bean name 'routeDefinitionRouteLocator' via factory method to bean named 'readBodyPredicateFactory'
2025-04-26T22:20:20.080+02:00 DEBUG 13448 --- [api-gateway] [    Test worker] o.s.b.f.s.DefaultListableBeanFactory     : Autowiring by type from bean name 'routeDefinitionRouteLocator' via factory method to bean named 'remoteAddrRoutePredicateFactory'
2025-04-26T22:20:20.080+02:00 DEBUG 13448 --- [api-gateway] [    Test worker] o.s.b.f.s.DefaultListableBeanFactory     : Autowiring by type from bean name 'routeDefinitionRouteLocator' via factory method to bean named 'xForwardedRemoteAddrRoutePredicateFactory'
2025-04-26T22:20:20.080+02:00 DEBUG 13448 --- [api-gateway] [    Test worker] o.s.b.f.s.DefaultListableBeanFactory     : Autowiring by type from bean name 'routeDefinitionRouteLocator' via factory method to bean named 'weightRoutePredicateFactory'
2025-04-26T22:20:20.081+02:00 DEBUG 13448 --- [api-gateway] [    Test worker] o.s.b.f.s.DefaultListableBeanFactory     : Autowiring by type from bean name 'routeDefinitionRouteLocator' via factory method to bean named 'cloudFoundryRouteServiceRoutePredicateFactory'
2025-04-26T22:20:20.081+02:00 DEBUG 13448 --- [api-gateway] [    Test worker] o.s.b.f.s.DefaultListableBeanFactory     : Autowiring by type from bean name 'routeDefinitionRouteLocator' via factory method to bean named 'routeDefinitionLocator'
2025-04-26T22:20:20.081+02:00 DEBUG 13448 --- [api-gateway] [    Test worker] o.s.b.f.s.DefaultListableBeanFactory     : Autowiring by type from bean name 'routeDefinitionRouteLocator' via factory method to bean named 'gatewayConfigurationService'
2025-04-26T22:20:20.082+02:00  INFO 13448 --- [api-gateway] [    Test worker] o.s.c.g.r.RouteDefinitionRouteLocator    : Loaded RoutePredicateFactory [After]
2025-04-26T22:20:20.082+02:00  INFO 13448 --- [api-gateway] [    Test worker] o.s.c.g.r.RouteDefinitionRouteLocator    : Loaded RoutePredicateFactory [Before]
2025-04-26T22:20:20.082+02:00  INFO 13448 --- [api-gateway] [    Test worker] o.s.c.g.r.RouteDefinitionRouteLocator    : Loaded RoutePredicateFactory [Between]
2025-04-26T22:20:20.082+02:00  INFO 13448 --- [api-gateway] [    Test worker] o.s.c.g.r.RouteDefinitionRouteLocator    : Loaded RoutePredicateFactory [Cookie]
2025-04-26T22:20:20.082+02:00  INFO 13448 --- [api-gateway] [    Test worker] o.s.c.g.r.RouteDefinitionRouteLocator    : Loaded RoutePredicateFactory [Header]
2025-04-26T22:20:20.082+02:00  INFO 13448 --- [api-gateway] [    Test worker] o.s.c.g.r.RouteDefinitionRouteLocator    : Loaded RoutePredicateFactory [Host]
2025-04-26T22:20:20.082+02:00  INFO 13448 --- [api-gateway] [    Test worker] o.s.c.g.r.RouteDefinitionRouteLocator    : Loaded RoutePredicateFactory [Method]
2025-04-26T22:20:20.083+02:00  INFO 13448 --- [api-gateway] [    Test worker] o.s.c.g.r.RouteDefinitionRouteLocator    : Loaded RoutePredicateFactory [Path]
2025-04-26T22:20:20.083+02:00  INFO 13448 --- [api-gateway] [    Test worker] o.s.c.g.r.RouteDefinitionRouteLocator    : Loaded RoutePredicateFactory [Query]
2025-04-26T22:20:20.083+02:00  INFO 13448 --- [api-gateway] [    Test worker] o.s.c.g.r.RouteDefinitionRouteLocator    : Loaded RoutePredicateFactory [ReadBody]
2025-04-26T22:20:20.083+02:00  INFO 13448 --- [api-gateway] [    Test worker] o.s.c.g.r.RouteDefinitionRouteLocator    : Loaded RoutePredicateFactory [RemoteAddr]
2025-04-26T22:20:20.083+02:00  INFO 13448 --- [api-gateway] [    Test worker] o.s.c.g.r.RouteDefinitionRouteLocator    : Loaded RoutePredicateFactory [XForwardedRemoteAddr]
2025-04-26T22:20:20.083+02:00  INFO 13448 --- [api-gateway] [    Test worker] o.s.c.g.r.RouteDefinitionRouteLocator    : Loaded RoutePredicateFactory [Weight]
2025-04-26T22:20:20.083+02:00  INFO 13448 --- [api-gateway] [    Test worker] o.s.c.g.r.RouteDefinitionRouteLocator    : Loaded RoutePredicateFactory [CloudFoundryRouteService]
2025-04-26T22:20:20.084+02:00 TRACE 13448 --- [api-gateway] [    Test worker] o.s.b.f.s.DefaultListableBeanFactory     : Returning cached instance of singleton bean 'preFilterAuthorizationAdvisor'
2025-04-26T22:20:20.084+02:00 TRACE 13448 --- [api-gateway] [    Test worker] o.s.b.f.s.DefaultListableBeanFactory     : Returning cached instance of singleton bean 'preAuthorizeAuthorizationAdvisor'
2025-04-26T22:20:20.084+02:00 TRACE 13448 --- [api-gateway] [    Test worker] o.s.b.f.s.DefaultListableBeanFactory     : Returning cached instance of singleton bean 'postFilterAuthorizationAdvisor'
2025-04-26T22:20:20.084+02:00 TRACE 13448 --- [api-gateway] [    Test worker] o.s.b.f.s.DefaultListableBeanFactory     : Returning cached instance of singleton bean 'postAuthorizeAuthorizationAdvisor'
2025-04-26T22:20:20.084+02:00 TRACE 13448 --- [api-gateway] [    Test worker] o.s.b.f.s.DefaultListableBeanFactory     : Returning cached instance of singleton bean 'jsr250AuthorizationAdvisor'
2025-04-26T22:20:20.084+02:00 TRACE 13448 --- [api-gateway] [    Test worker] o.s.b.f.s.DefaultListableBeanFactory     : Returning cached instance of singleton bean 'authorizeReturnObjectAdvisor'
2025-04-26T22:20:20.085+02:00 TRACE 13448 --- [api-gateway] [    Test worker] o.s.b.f.s.DefaultListableBeanFactory     : Finished creating instance of bean 'routeDefinitionRouteLocator'
2025-04-26T22:20:20.085+02:00 DEBUG 13448 --- [api-gateway] [    Test worker] o.s.b.f.s.DefaultListableBeanFactory     : Creating shared instance of singleton bean 'cachedCompositeRouteLocator'
2025-04-26T22:20:20.085+02:00 TRACE 13448 --- [api-gateway] [    Test worker] o.s.b.f.s.DefaultListableBeanFactory     : Creating instance of bean 'cachedCompositeRouteLocator'
2025-04-26T22:20:20.085+02:00 TRACE 13448 --- [api-gateway] [    Test worker] o.s.b.f.s.DefaultListableBeanFactory     : Returning cached instance of singleton bean 'org.springframework.cloud.gateway.config.GatewayAutoConfiguration'
2025-04-26T22:20:20.086+02:00 TRACE 13448 --- [api-gateway] [    Test worker] o.s.b.f.s.DefaultListableBeanFactory     : Returning cached instance of singleton bean 'customRouteLocator'
2025-04-26T22:20:20.086+02:00 TRACE 13448 --- [api-gateway] [    Test worker] o.s.b.f.s.DefaultListableBeanFactory     : Returning cached instance of singleton bean 'routeDefinitionRouteLocator'
2025-04-26T22:20:20.086+02:00 DEBUG 13448 --- [api-gateway] [    Test worker] o.s.b.f.s.DefaultListableBeanFactory     : Autowiring by type from bean name 'cachedCompositeRouteLocator' via factory method to bean named 'customRouteLocator'
2025-04-26T22:20:20.086+02:00 DEBUG 13448 --- [api-gateway] [    Test worker] o.s.b.f.s.DefaultListableBeanFactory     : Autowiring by type from bean name 'cachedCompositeRouteLocator' via factory method to bean named 'routeDefinitionRouteLocator'
2025-04-26T22:20:20.089+02:00 TRACE 13448 --- [api-gateway] [    Test worker] o.s.b.f.s.DefaultListableBeanFactory     : Returning cached instance of singleton bean 'preFilterAuthorizationAdvisor'
2025-04-26T22:20:20.089+02:00 TRACE 13448 --- [api-gateway] [    Test worker] o.s.b.f.s.DefaultListableBeanFactory     : Returning cached instance of singleton bean 'preAuthorizeAuthorizationAdvisor'
2025-04-26T22:20:20.089+02:00 TRACE 13448 --- [api-gateway] [    Test worker] o.s.b.f.s.DefaultListableBeanFactory     : Returning cached instance of singleton bean 'postFilterAuthorizationAdvisor'
2025-04-26T22:20:20.089+02:00 TRACE 13448 --- [api-gateway] [    Test worker] o.s.b.f.s.DefaultListableBeanFactory     : Returning cached instance of singleton bean 'postAuthorizeAuthorizationAdvisor'
2025-04-26T22:20:20.089+02:00 TRACE 13448 --- [api-gateway] [    Test worker] o.s.b.f.s.DefaultListableBeanFactory     : Returning cached instance of singleton bean 'jsr250AuthorizationAdvisor'
2025-04-26T22:20:20.089+02:00 TRACE 13448 --- [api-gateway] [    Test worker] o.s.b.f.s.DefaultListableBeanFactory     : Returning cached instance of singleton bean 'authorizeReturnObjectAdvisor'
2025-04-26T22:20:20.090+02:00 TRACE 13448 --- [api-gateway] [    Test worker] o.s.b.f.s.DefaultListableBeanFactory     : Finished creating instance of bean 'cachedCompositeRouteLocator'
2025-04-26T22:20:20.090+02:00 DEBUG 13448 --- [api-gateway] [    Test worker] o.s.b.f.s.DefaultListableBeanFactory     : Creating shared instance of singleton bean 'routeRefreshListener'
2025-04-26T22:20:20.090+02:00 TRACE 13448 --- [api-gateway] [    Test worker] o.s.b.f.s.DefaultListableBeanFactory     : Creating instance of bean 'routeRefreshListener'
2025-04-26T22:20:20.090+02:00 TRACE 13448 --- [api-gateway] [    Test worker] o.s.b.f.s.DefaultListableBeanFactory     : Returning cached instance of singleton bean 'org.springframework.cloud.gateway.config.GatewayAutoConfiguration'
2025-04-26T22:20:20.090+02:00 DEBUG 13448 --- [api-gateway] [    Test worker] o.s.b.f.s.DefaultListableBeanFactory     : Autowiring by type from bean name 'routeRefreshListener' via factory method to bean named 'org.springframework.boot.web.reactive.context.GenericReactiveWebApplicationContext@79d743e6'
2025-04-26T22:20:20.091+02:00 TRACE 13448 --- [api-gateway] [    Test worker] o.s.b.f.s.DefaultListableBeanFactory     : Returning cached instance of singleton bean 'preFilterAuthorizationAdvisor'
2025-04-26T22:20:20.091+02:00 TRACE 13448 --- [api-gateway] [    Test worker] o.s.b.f.s.DefaultListableBeanFactory     : Returning cached instance of singleton bean 'preAuthorizeAuthorizationAdvisor'
2025-04-26T22:20:20.091+02:00 TRACE 13448 --- [api-gateway] [    Test worker] o.s.b.f.s.DefaultListableBeanFactory     : Returning cached instance of singleton bean 'postFilterAuthorizationAdvisor'
2025-04-26T22:20:20.091+02:00 TRACE 13448 --- [api-gateway] [    Test worker] o.s.b.f.s.DefaultListableBeanFactory     : Returning cached instance of singleton bean 'postAuthorizeAuthorizationAdvisor'
2025-04-26T22:20:20.091+02:00 TRACE 13448 --- [api-gateway] [    Test worker] o.s.b.f.s.DefaultListableBeanFactory     : Returning cached instance of singleton bean 'jsr250AuthorizationAdvisor'
2025-04-26T22:20:20.091+02:00 TRACE 13448 --- [api-gateway] [    Test worker] o.s.b.f.s.DefaultListableBeanFactory     : Returning cached instance of singleton bean 'authorizeReturnObjectAdvisor'
2025-04-26T22:20:20.091+02:00 TRACE 13448 --- [api-gateway] [    Test worker] o.s.b.f.s.DefaultListableBeanFactory     : Finished creating instance of bean 'routeRefreshListener'
2025-04-26T22:20:20.091+02:00 DEBUG 13448 --- [api-gateway] [    Test worker] o.s.b.f.s.DefaultListableBeanFactory     : Creating shared instance of singleton bean 'filteringWebHandler'
2025-04-26T22:20:20.091+02:00 TRACE 13448 --- [api-gateway] [    Test worker] o.s.b.f.s.DefaultListableBeanFactory     : Creating instance of bean 'filteringWebHandler'
2025-04-26T22:20:20.091+02:00 TRACE 13448 --- [api-gateway] [    Test worker] o.s.b.f.s.DefaultListableBeanFactory     : Returning cached instance of singleton bean 'org.springframework.cloud.gateway.config.GatewayAutoConfiguration'
2025-04-26T22:20:20.092+02:00 TRACE 13448 --- [api-gateway] [    Test worker] o.s.b.f.s.DefaultListableBeanFactory     : Returning cached instance of singleton bean 'gatewayLoadBalancerClientFilter'
2025-04-26T22:20:20.092+02:00 TRACE 13448 --- [api-gateway] [    Test worker] o.s.b.f.s.DefaultListableBeanFactory     : Returning cached instance of singleton bean 'loadBalancerServiceInstanceCookieFilter'
2025-04-26T22:20:20.092+02:00 TRACE 13448 --- [api-gateway] [    Test worker] o.s.b.f.s.DefaultListableBeanFactory     : Returning cached instance of singleton bean 'routingFilter'
2025-04-26T22:20:20.092+02:00 TRACE 13448 --- [api-gateway] [    Test worker] o.s.b.f.s.DefaultListableBeanFactory     : Returning cached instance of singleton bean 'nettyWriteResponseFilter'
2025-04-26T22:20:20.092+02:00 DEBUG 13448 --- [api-gateway] [    Test worker] o.s.b.f.s.DefaultListableBeanFactory     : Creating shared instance of singleton bean 'adaptCachedBodyGlobalFilter'
2025-04-26T22:20:20.092+02:00 TRACE 13448 --- [api-gateway] [    Test worker] o.s.b.f.s.DefaultListableBeanFactory     : Creating instance of bean 'adaptCachedBodyGlobalFilter'
2025-04-26T22:20:20.092+02:00 TRACE 13448 --- [api-gateway] [    Test worker] o.s.b.f.s.DefaultListableBeanFactory     : Returning cached instance of singleton bean 'org.springframework.cloud.gateway.config.GatewayAutoConfiguration'
2025-04-26T22:20:20.093+02:00 TRACE 13448 --- [api-gateway] [    Test worker] o.s.b.f.s.DefaultListableBeanFactory     : Returning cached instance of singleton bean 'preFilterAuthorizationAdvisor'
2025-04-26T22:20:20.093+02:00 TRACE 13448 --- [api-gateway] [    Test worker] o.s.b.f.s.DefaultListableBeanFactory     : Returning cached instance of singleton bean 'preAuthorizeAuthorizationAdvisor'
2025-04-26T22:20:20.093+02:00 TRACE 13448 --- [api-gateway] [    Test worker] o.s.b.f.s.DefaultListableBeanFactory     : Returning cached instance of singleton bean 'postFilterAuthorizationAdvisor'
2025-04-26T22:20:20.093+02:00 TRACE 13448 --- [api-gateway] [    Test worker] o.s.b.f.s.DefaultListableBeanFactory     : Returning cached instance of singleton bean 'postAuthorizeAuthorizationAdvisor'
2025-04-26T22:20:20.093+02:00 TRACE 13448 --- [api-gateway] [    Test worker] o.s.b.f.s.DefaultListableBeanFactory     : Returning cached instance of singleton bean 'jsr250AuthorizationAdvisor'
2025-04-26T22:20:20.093+02:00 TRACE 13448 --- [api-gateway] [    Test worker] o.s.b.f.s.DefaultListableBeanFactory     : Returning cached instance of singleton bean 'authorizeReturnObjectAdvisor'
2025-04-26T22:20:20.093+02:00 TRACE 13448 --- [api-gateway] [    Test worker] o.s.b.f.s.DefaultListableBeanFactory     : Finished creating instance of bean 'adaptCachedBodyGlobalFilter'
2025-04-26T22:20:20.093+02:00 DEBUG 13448 --- [api-gateway] [    Test worker] o.s.b.f.s.DefaultListableBeanFactory     : Creating shared instance of singleton bean 'removeCachedBodyFilter'
2025-04-26T22:20:20.093+02:00 TRACE 13448 --- [api-gateway] [    Test worker] o.s.b.f.s.DefaultListableBeanFactory     : Creating instance of bean 'removeCachedBodyFilter'
2025-04-26T22:20:20.093+02:00 TRACE 13448 --- [api-gateway] [    Test worker] o.s.b.f.s.DefaultListableBeanFactory     : Returning cached instance of singleton bean 'org.springframework.cloud.gateway.config.GatewayAutoConfiguration'
2025-04-26T22:20:20.093+02:00 TRACE 13448 --- [api-gateway] [    Test worker] o.s.b.f.s.DefaultListableBeanFactory     : Returning cached instance of singleton bean 'preFilterAuthorizationAdvisor'
2025-04-26T22:20:20.093+02:00 TRACE 13448 --- [api-gateway] [    Test worker] o.s.b.f.s.DefaultListableBeanFactory     : Returning cached instance of singleton bean 'preAuthorizeAuthorizationAdvisor'
2025-04-26T22:20:20.093+02:00 TRACE 13448 --- [api-gateway] [    Test worker] o.s.b.f.s.DefaultListableBeanFactory     : Returning cached instance of singleton bean 'postFilterAuthorizationAdvisor'
2025-04-26T22:20:20.093+02:00 TRACE 13448 --- [api-gateway] [    Test worker] o.s.b.f.s.DefaultListableBeanFactory     : Returning cached instance of singleton bean 'postAuthorizeAuthorizationAdvisor'
2025-04-26T22:20:20.093+02:00 TRACE 13448 --- [api-gateway] [    Test worker] o.s.b.f.s.DefaultListableBeanFactory     : Returning cached instance of singleton bean 'jsr250AuthorizationAdvisor'
2025-04-26T22:20:20.093+02:00 TRACE 13448 --- [api-gateway] [    Test worker] o.s.b.f.s.DefaultListableBeanFactory     : Returning cached instance of singleton bean 'authorizeReturnObjectAdvisor'
2025-04-26T22:20:20.094+02:00 TRACE 13448 --- [api-gateway] [    Test worker] o.s.b.f.s.DefaultListableBeanFactory     : Finished creating instance of bean 'removeCachedBodyFilter'
2025-04-26T22:20:20.094+02:00 DEBUG 13448 --- [api-gateway] [    Test worker] o.s.b.f.s.DefaultListableBeanFactory     : Creating shared instance of singleton bean 'routeToRequestUrlFilter'
2025-04-26T22:20:20.094+02:00 TRACE 13448 --- [api-gateway] [    Test worker] o.s.b.f.s.DefaultListableBeanFactory     : Creating instance of bean 'routeToRequestUrlFilter'
2025-04-26T22:20:20.094+02:00 TRACE 13448 --- [api-gateway] [    Test worker] o.s.b.f.s.DefaultListableBeanFactory     : Returning cached instance of singleton bean 'org.springframework.cloud.gateway.config.GatewayAutoConfiguration'
2025-04-26T22:20:20.094+02:00 TRACE 13448 --- [api-gateway] [    Test worker] o.s.b.f.s.DefaultListableBeanFactory     : Returning cached instance of singleton bean 'preFilterAuthorizationAdvisor'
2025-04-26T22:20:20.094+02:00 TRACE 13448 --- [api-gateway] [    Test worker] o.s.b.f.s.DefaultListableBeanFactory     : Returning cached instance of singleton bean 'preAuthorizeAuthorizationAdvisor'
2025-04-26T22:20:20.094+02:00 TRACE 13448 --- [api-gateway] [    Test worker] o.s.b.f.s.DefaultListableBeanFactory     : Returning cached instance of singleton bean 'postFilterAuthorizationAdvisor'
2025-04-26T22:20:20.094+02:00 TRACE 13448 --- [api-gateway] [    Test worker] o.s.b.f.s.DefaultListableBeanFactory     : Returning cached instance of singleton bean 'postAuthorizeAuthorizationAdvisor'
2025-04-26T22:20:20.094+02:00 TRACE 13448 --- [api-gateway] [    Test worker] o.s.b.f.s.DefaultListableBeanFactory     : Returning cached instance of singleton bean 'jsr250AuthorizationAdvisor'
2025-04-26T22:20:20.094+02:00 TRACE 13448 --- [api-gateway] [    Test worker] o.s.b.f.s.DefaultListableBeanFactory     : Returning cached instance of singleton bean 'authorizeReturnObjectAdvisor'
2025-04-26T22:20:20.094+02:00 TRACE 13448 --- [api-gateway] [    Test worker] o.s.b.f.s.DefaultListableBeanFactory     : Finished creating instance of bean 'routeToRequestUrlFilter'
2025-04-26T22:20:20.095+02:00 DEBUG 13448 --- [api-gateway] [    Test worker] o.s.b.f.s.DefaultListableBeanFactory     : Creating shared instance of singleton bean 'forwardRoutingFilter'
2025-04-26T22:20:20.095+02:00 TRACE 13448 --- [api-gateway] [    Test worker] o.s.b.f.s.DefaultListableBeanFactory     : Creating instance of bean 'forwardRoutingFilter'
2025-04-26T22:20:20.095+02:00 TRACE 13448 --- [api-gateway] [    Test worker] o.s.b.f.s.DefaultListableBeanFactory     : Returning cached instance of singleton bean 'org.springframework.cloud.gateway.config.GatewayAutoConfiguration'
2025-04-26T22:20:20.095+02:00 TRACE 13448 --- [api-gateway] [    Test worker] o.s.b.f.s.DefaultListableBeanFactory     : Returning cached instance of singleton bean 'preFilterAuthorizationAdvisor'
2025-04-26T22:20:20.095+02:00 TRACE 13448 --- [api-gateway] [    Test worker] o.s.b.f.s.DefaultListableBeanFactory     : Returning cached instance of singleton bean 'preAuthorizeAuthorizationAdvisor'
2025-04-26T22:20:20.095+02:00 TRACE 13448 --- [api-gateway] [    Test worker] o.s.b.f.s.DefaultListableBeanFactory     : Returning cached instance of singleton bean 'postFilterAuthorizationAdvisor'
2025-04-26T22:20:20.095+02:00 TRACE 13448 --- [api-gateway] [    Test worker] o.s.b.f.s.DefaultListableBeanFactory     : Returning cached instance of singleton bean 'postAuthorizeAuthorizationAdvisor'
2025-04-26T22:20:20.095+02:00 TRACE 13448 --- [api-gateway] [    Test worker] o.s.b.f.s.DefaultListableBeanFactory     : Returning cached instance of singleton bean 'jsr250AuthorizationAdvisor'
2025-04-26T22:20:20.095+02:00 TRACE 13448 --- [api-gateway] [    Test worker] o.s.b.f.s.DefaultListableBeanFactory     : Returning cached instance of singleton bean 'authorizeReturnObjectAdvisor'
2025-04-26T22:20:20.095+02:00 TRACE 13448 --- [api-gateway] [    Test worker] o.s.b.f.s.DefaultListableBeanFactory     : Finished creating instance of bean 'forwardRoutingFilter'
2025-04-26T22:20:20.095+02:00 DEBUG 13448 --- [api-gateway] [    Test worker] o.s.b.f.s.DefaultListableBeanFactory     : Creating shared instance of singleton bean 'forwardPathFilter'
2025-04-26T22:20:20.095+02:00 TRACE 13448 --- [api-gateway] [    Test worker] o.s.b.f.s.DefaultListableBeanFactory     : Creating instance of bean 'forwardPathFilter'
2025-04-26T22:20:20.095+02:00 TRACE 13448 --- [api-gateway] [    Test worker] o.s.b.f.s.DefaultListableBeanFactory     : Returning cached instance of singleton bean 'org.springframework.cloud.gateway.config.GatewayAutoConfiguration'
2025-04-26T22:20:20.096+02:00 TRACE 13448 --- [api-gateway] [    Test worker] o.s.b.f.s.DefaultListableBeanFactory     : Returning cached instance of singleton bean 'preFilterAuthorizationAdvisor'
2025-04-26T22:20:20.096+02:00 TRACE 13448 --- [api-gateway] [    Test worker] o.s.b.f.s.DefaultListableBeanFactory     : Returning cached instance of singleton bean 'preAuthorizeAuthorizationAdvisor'
2025-04-26T22:20:20.096+02:00 TRACE 13448 --- [api-gateway] [    Test worker] o.s.b.f.s.DefaultListableBeanFactory     : Returning cached instance of singleton bean 'postFilterAuthorizationAdvisor'
2025-04-26T22:20:20.096+02:00 TRACE 13448 --- [api-gateway] [    Test worker] o.s.b.f.s.DefaultListableBeanFactory     : Returning cached instance of singleton bean 'postAuthorizeAuthorizationAdvisor'
2025-04-26T22:20:20.096+02:00 TRACE 13448 --- [api-gateway] [    Test worker] o.s.b.f.s.DefaultListableBeanFactory     : Returning cached instance of singleton bean 'jsr250AuthorizationAdvisor'
2025-04-26T22:20:20.096+02:00 TRACE 13448 --- [api-gateway] [    Test worker] o.s.b.f.s.DefaultListableBeanFactory     : Returning cached instance of singleton bean 'authorizeReturnObjectAdvisor'
2025-04-26T22:20:20.096+02:00 TRACE 13448 --- [api-gateway] [    Test worker] o.s.b.f.s.DefaultListableBeanFactory     : Finished creating instance of bean 'forwardPathFilter'
2025-04-26T22:20:20.096+02:00 DEBUG 13448 --- [api-gateway] [    Test worker] o.s.b.f.s.DefaultListableBeanFactory     : Creating shared instance of singleton bean 'websocketRoutingFilter'
2025-04-26T22:20:20.096+02:00 TRACE 13448 --- [api-gateway] [    Test worker] o.s.b.f.s.DefaultListableBeanFactory     : Creating instance of bean 'websocketRoutingFilter'
2025-04-26T22:20:20.096+02:00 TRACE 13448 --- [api-gateway] [    Test worker] o.s.b.f.s.DefaultListableBeanFactory     : Returning cached instance of singleton bean 'org.springframework.cloud.gateway.config.GatewayAutoConfiguration'
2025-04-26T22:20:20.097+02:00 TRACE 13448 --- [api-gateway] [    Test worker] o.s.b.f.s.DefaultListableBeanFactory     : Returning cached instance of singleton bean 'reactorNettyWebSocketClient'
2025-04-26T22:20:20.097+02:00 DEBUG 13448 --- [api-gateway] [    Test worker] o.s.b.f.s.DefaultListableBeanFactory     : Creating shared instance of singleton bean 'webSocketService'
2025-04-26T22:20:20.097+02:00 TRACE 13448 --- [api-gateway] [    Test worker] o.s.b.f.s.DefaultListableBeanFactory     : Creating instance of bean 'webSocketService'
2025-04-26T22:20:20.097+02:00 TRACE 13448 --- [api-gateway] [    Test worker] o.s.b.f.s.DefaultListableBeanFactory     : Returning cached instance of singleton bean 'org.springframework.cloud.gateway.config.GatewayAutoConfiguration'
2025-04-26T22:20:20.097+02:00 TRACE 13448 --- [api-gateway] [    Test worker] o.s.b.f.s.DefaultListableBeanFactory     : Returning cached instance of singleton bean 'reactorNettyRequestUpgradeStrategy'
2025-04-26T22:20:20.097+02:00 DEBUG 13448 --- [api-gateway] [    Test worker] o.s.b.f.s.DefaultListableBeanFactory     : Autowiring by type from bean name 'webSocketService' via factory method to bean named 'reactorNettyRequestUpgradeStrategy'
2025-04-26T22:20:20.100+02:00 TRACE 13448 --- [api-gateway] [    Test worker] o.s.b.f.s.DefaultListableBeanFactory     : Returning cached instance of singleton bean 'preFilterAuthorizationAdvisor'
2025-04-26T22:20:20.100+02:00 TRACE 13448 --- [api-gateway] [    Test worker] o.s.b.f.s.DefaultListableBeanFactory     : Returning cached instance of singleton bean 'preAuthorizeAuthorizationAdvisor'
2025-04-26T22:20:20.100+02:00 TRACE 13448 --- [api-gateway] [    Test worker] o.s.b.f.s.DefaultListableBeanFactory     : Returning cached instance of singleton bean 'postFilterAuthorizationAdvisor'
2025-04-26T22:20:20.100+02:00 TRACE 13448 --- [api-gateway] [    Test worker] o.s.b.f.s.DefaultListableBeanFactory     : Returning cached instance of singleton bean 'postAuthorizeAuthorizationAdvisor'
2025-04-26T22:20:20.100+02:00 TRACE 13448 --- [api-gateway] [    Test worker] o.s.b.f.s.DefaultListableBeanFactory     : Returning cached instance of singleton bean 'jsr250AuthorizationAdvisor'
2025-04-26T22:20:20.100+02:00 TRACE 13448 --- [api-gateway] [    Test worker] o.s.b.f.s.DefaultListableBeanFactory     : Returning cached instance of singleton bean 'authorizeReturnObjectAdvisor'
2025-04-26T22:20:20.100+02:00 TRACE 13448 --- [api-gateway] [    Test worker] o.s.b.f.s.DefaultListableBeanFactory     : Finished creating instance of bean 'webSocketService'
2025-04-26T22:20:20.100+02:00 DEBUG 13448 --- [api-gateway] [    Test worker] o.s.b.f.s.DefaultListableBeanFactory     : Autowiring by type from bean name 'websocketRoutingFilter' via factory method to bean named 'reactorNettyWebSocketClient'
2025-04-26T22:20:20.100+02:00 DEBUG 13448 --- [api-gateway] [    Test worker] o.s.b.f.s.DefaultListableBeanFactory     : Autowiring by type from bean name 'websocketRoutingFilter' via factory method to bean named 'webSocketService'
2025-04-26T22:20:20.101+02:00 TRACE 13448 --- [api-gateway] [    Test worker] o.s.b.f.s.DefaultListableBeanFactory     : Returning cached instance of singleton bean 'preFilterAuthorizationAdvisor'
2025-04-26T22:20:20.101+02:00 TRACE 13448 --- [api-gateway] [    Test worker] o.s.b.f.s.DefaultListableBeanFactory     : Returning cached instance of singleton bean 'preAuthorizeAuthorizationAdvisor'
2025-04-26T22:20:20.101+02:00 TRACE 13448 --- [api-gateway] [    Test worker] o.s.b.f.s.DefaultListableBeanFactory     : Returning cached instance of singleton bean 'postFilterAuthorizationAdvisor'
2025-04-26T22:20:20.101+02:00 TRACE 13448 --- [api-gateway] [    Test worker] o.s.b.f.s.DefaultListableBeanFactory     : Returning cached instance of singleton bean 'postAuthorizeAuthorizationAdvisor'
2025-04-26T22:20:20.101+02:00 TRACE 13448 --- [api-gateway] [    Test worker] o.s.b.f.s.DefaultListableBeanFactory     : Returning cached instance of singleton bean 'jsr250AuthorizationAdvisor'
2025-04-26T22:20:20.101+02:00 TRACE 13448 --- [api-gateway] [    Test worker] o.s.b.f.s.DefaultListableBeanFactory     : Returning cached instance of singleton bean 'authorizeReturnObjectAdvisor'
2025-04-26T22:20:20.101+02:00 TRACE 13448 --- [api-gateway] [    Test worker] o.s.b.f.s.DefaultListableBeanFactory     : Finished creating instance of bean 'websocketRoutingFilter'
2025-04-26T22:20:20.102+02:00 TRACE 13448 --- [api-gateway] [    Test worker] o.s.b.f.s.DefaultListableBeanFactory     : Returning cached instance of singleton bean 'gatewayProperties'
2025-04-26T22:20:20.102+02:00 DEBUG 13448 --- [api-gateway] [    Test worker] o.s.b.f.s.DefaultListableBeanFactory     : Autowiring by type from bean name 'filteringWebHandler' via factory method to bean named 'gatewayLoadBalancerClientFilter'
2025-04-26T22:20:20.102+02:00 DEBUG 13448 --- [api-gateway] [    Test worker] o.s.b.f.s.DefaultListableBeanFactory     : Autowiring by type from bean name 'filteringWebHandler' via factory method to bean named 'loadBalancerServiceInstanceCookieFilter'
2025-04-26T22:20:20.102+02:00 DEBUG 13448 --- [api-gateway] [    Test worker] o.s.b.f.s.DefaultListableBeanFactory     : Autowiring by type from bean name 'filteringWebHandler' via factory method to bean named 'routingFilter'
2025-04-26T22:20:20.102+02:00 DEBUG 13448 --- [api-gateway] [    Test worker] o.s.b.f.s.DefaultListableBeanFactory     : Autowiring by type from bean name 'filteringWebHandler' via factory method to bean named 'nettyWriteResponseFilter'
2025-04-26T22:20:20.102+02:00 DEBUG 13448 --- [api-gateway] [    Test worker] o.s.b.f.s.DefaultListableBeanFactory     : Autowiring by type from bean name 'filteringWebHandler' via factory method to bean named 'adaptCachedBodyGlobalFilter'
2025-04-26T22:20:20.102+02:00 DEBUG 13448 --- [api-gateway] [    Test worker] o.s.b.f.s.DefaultListableBeanFactory     : Autowiring by type from bean name 'filteringWebHandler' via factory method to bean named 'removeCachedBodyFilter'
2025-04-26T22:20:20.102+02:00 DEBUG 13448 --- [api-gateway] [    Test worker] o.s.b.f.s.DefaultListableBeanFactory     : Autowiring by type from bean name 'filteringWebHandler' via factory method to bean named 'routeToRequestUrlFilter'
2025-04-26T22:20:20.102+02:00 DEBUG 13448 --- [api-gateway] [    Test worker] o.s.b.f.s.DefaultListableBeanFactory     : Autowiring by type from bean name 'filteringWebHandler' via factory method to bean named 'forwardRoutingFilter'
2025-04-26T22:20:20.102+02:00 DEBUG 13448 --- [api-gateway] [    Test worker] o.s.b.f.s.DefaultListableBeanFactory     : Autowiring by type from bean name 'filteringWebHandler' via factory method to bean named 'forwardPathFilter'
2025-04-26T22:20:20.102+02:00 DEBUG 13448 --- [api-gateway] [    Test worker] o.s.b.f.s.DefaultListableBeanFactory     : Autowiring by type from bean name 'filteringWebHandler' via factory method to bean named 'websocketRoutingFilter'
2025-04-26T22:20:20.102+02:00 DEBUG 13448 --- [api-gateway] [    Test worker] o.s.b.f.s.DefaultListableBeanFactory     : Autowiring by type from bean name 'filteringWebHandler' via factory method to bean named 'gatewayProperties'
2025-04-26T22:20:20.103+02:00 TRACE 13448 --- [api-gateway] [    Test worker] o.s.b.f.s.DefaultListableBeanFactory     : Returning cached instance of singleton bean 'preFilterAuthorizationAdvisor'
2025-04-26T22:20:20.103+02:00 TRACE 13448 --- [api-gateway] [    Test worker] o.s.b.f.s.DefaultListableBeanFactory     : Returning cached instance of singleton bean 'preAuthorizeAuthorizationAdvisor'
2025-04-26T22:20:20.103+02:00 TRACE 13448 --- [api-gateway] [    Test worker] o.s.b.f.s.DefaultListableBeanFactory     : Returning cached instance of singleton bean 'postFilterAuthorizationAdvisor'
2025-04-26T22:20:20.103+02:00 TRACE 13448 --- [api-gateway] [    Test worker] o.s.b.f.s.DefaultListableBeanFactory     : Returning cached instance of singleton bean 'postAuthorizeAuthorizationAdvisor'
2025-04-26T22:20:20.103+02:00 TRACE 13448 --- [api-gateway] [    Test worker] o.s.b.f.s.DefaultListableBeanFactory     : Returning cached instance of singleton bean 'jsr250AuthorizationAdvisor'
2025-04-26T22:20:20.103+02:00 TRACE 13448 --- [api-gateway] [    Test worker] o.s.b.f.s.DefaultListableBeanFactory     : Returning cached instance of singleton bean 'authorizeReturnObjectAdvisor'
2025-04-26T22:20:20.103+02:00 TRACE 13448 --- [api-gateway] [    Test worker] o.s.b.f.s.DefaultListableBeanFactory     : Finished creating instance of bean 'filteringWebHandler'
2025-04-26T22:20:20.103+02:00 DEBUG 13448 --- [api-gateway] [    Test worker] o.s.b.f.s.DefaultListableBeanFactory     : Creating shared instance of singleton bean 'globalCorsProperties'
2025-04-26T22:20:20.103+02:00 TRACE 13448 --- [api-gateway] [    Test worker] o.s.b.f.s.DefaultListableBeanFactory     : Creating instance of bean 'globalCorsProperties'
2025-04-26T22:20:20.103+02:00 TRACE 13448 --- [api-gateway] [    Test worker] o.s.b.f.s.DefaultListableBeanFactory     : Returning cached instance of singleton bean 'org.springframework.cloud.gateway.config.GatewayAutoConfiguration'
2025-04-26T22:20:20.104+02:00 TRACE 13448 --- [api-gateway] [    Test worker] o.s.b.f.s.DefaultListableBeanFactory     : Returning cached instance of singleton bean 'org.springframework.boot.context.properties.BoundConfigurationProperties'
2025-04-26T22:20:20.104+02:00 TRACE 13448 --- [api-gateway] [    Test worker] o.s.b.f.s.DefaultListableBeanFactory     : Returning cached instance of singleton bean 'preFilterAuthorizationAdvisor'
2025-04-26T22:20:20.104+02:00 TRACE 13448 --- [api-gateway] [    Test worker] o.s.b.f.s.DefaultListableBeanFactory     : Returning cached instance of singleton bean 'preAuthorizeAuthorizationAdvisor'
2025-04-26T22:20:20.104+02:00 TRACE 13448 --- [api-gateway] [    Test worker] o.s.b.f.s.DefaultListableBeanFactory     : Returning cached instance of singleton bean 'postFilterAuthorizationAdvisor'
2025-04-26T22:20:20.104+02:00 TRACE 13448 --- [api-gateway] [    Test worker] o.s.b.f.s.DefaultListableBeanFactory     : Returning cached instance of singleton bean 'postAuthorizeAuthorizationAdvisor'
2025-04-26T22:20:20.104+02:00 TRACE 13448 --- [api-gateway] [    Test worker] o.s.b.f.s.DefaultListableBeanFactory     : Returning cached instance of singleton bean 'jsr250AuthorizationAdvisor'
2025-04-26T22:20:20.104+02:00 TRACE 13448 --- [api-gateway] [    Test worker] o.s.b.f.s.DefaultListableBeanFactory     : Returning cached instance of singleton bean 'authorizeReturnObjectAdvisor'
2025-04-26T22:20:20.105+02:00 TRACE 13448 --- [api-gateway] [    Test worker] o.s.b.f.s.DefaultListableBeanFactory     : Finished creating instance of bean 'globalCorsProperties'
2025-04-26T22:20:20.105+02:00 DEBUG 13448 --- [api-gateway] [    Test worker] o.s.b.f.s.DefaultListableBeanFactory     : Creating shared instance of singleton bean 'corsGatewayFilterApplicationListener'
2025-04-26T22:20:20.105+02:00 TRACE 13448 --- [api-gateway] [    Test worker] o.s.b.f.s.DefaultListableBeanFactory     : Creating instance of bean 'corsGatewayFilterApplicationListener'
2025-04-26T22:20:20.105+02:00 TRACE 13448 --- [api-gateway] [    Test worker] o.s.b.f.s.DefaultListableBeanFactory     : Returning cached instance of singleton bean 'org.springframework.cloud.gateway.config.GatewayAutoConfiguration'
2025-04-26T22:20:20.105+02:00 TRACE 13448 --- [api-gateway] [    Test worker] o.s.b.f.s.DefaultListableBeanFactory     : Returning cached instance of singleton bean 'globalCorsProperties'
2025-04-26T22:20:20.105+02:00 DEBUG 13448 --- [api-gateway] [    Test worker] o.s.b.f.s.DefaultListableBeanFactory     : Creating shared instance of singleton bean 'routePredicateHandlerMapping'
2025-04-26T22:20:20.105+02:00 TRACE 13448 --- [api-gateway] [    Test worker] o.s.b.f.s.DefaultListableBeanFactory     : Creating instance of bean 'routePredicateHandlerMapping'
2025-04-26T22:20:20.105+02:00 TRACE 13448 --- [api-gateway] [    Test worker] o.s.b.f.s.DefaultListableBeanFactory     : Returning cached instance of singleton bean 'org.springframework.cloud.gateway.config.GatewayAutoConfiguration'
2025-04-26T22:20:20.106+02:00 TRACE 13448 --- [api-gateway] [    Test worker] o.s.b.f.s.DefaultListableBeanFactory     : Returning cached instance of singleton bean 'filteringWebHandler'
2025-04-26T22:20:20.106+02:00 TRACE 13448 --- [api-gateway] [    Test worker] o.s.b.f.s.DefaultListableBeanFactory     : Returning cached instance of singleton bean 'customRouteLocator'
2025-04-26T22:20:20.106+02:00 TRACE 13448 --- [api-gateway] [    Test worker] o.s.b.f.s.DefaultListableBeanFactory     : Returning cached instance of singleton bean 'routeDefinitionRouteLocator'
2025-04-26T22:20:20.106+02:00 TRACE 13448 --- [api-gateway] [    Test worker] o.s.b.f.s.DefaultListableBeanFactory     : Returning cached instance of singleton bean 'cachedCompositeRouteLocator'
2025-04-26T22:20:20.106+02:00 TRACE 13448 --- [api-gateway] [    Test worker] o.s.b.f.s.DefaultListableBeanFactory     : Returning cached instance of singleton bean 'globalCorsProperties'
2025-04-26T22:20:20.106+02:00 TRACE 13448 --- [api-gateway] [    Test worker] o.s.b.f.s.DefaultListableBeanFactory     : Returning cached instance of singleton bean 'environment'
2025-04-26T22:20:20.106+02:00 DEBUG 13448 --- [api-gateway] [    Test worker] o.s.b.f.s.DefaultListableBeanFactory     : Autowiring by type from bean name 'routePredicateHandlerMapping' via factory method to bean named 'filteringWebHandler'
2025-04-26T22:20:20.106+02:00 DEBUG 13448 --- [api-gateway] [    Test worker] o.s.b.f.s.DefaultListableBeanFactory     : Autowiring by type from bean name 'routePredicateHandlerMapping' via factory method to bean named 'cachedCompositeRouteLocator'
2025-04-26T22:20:20.106+02:00 DEBUG 13448 --- [api-gateway] [    Test worker] o.s.b.f.s.DefaultListableBeanFactory     : Autowiring by type from bean name 'routePredicateHandlerMapping' via factory method to bean named 'globalCorsProperties'
2025-04-26T22:20:20.106+02:00 DEBUG 13448 --- [api-gateway] [    Test worker] o.s.b.f.s.DefaultListableBeanFactory     : Autowiring by type from bean name 'routePredicateHandlerMapping' via factory method to bean named 'environment'
2025-04-26T22:20:20.107+02:00 TRACE 13448 --- [api-gateway] [    Test worker] o.s.b.f.s.DefaultListableBeanFactory     : Returning cached instance of singleton bean 'preFilterAuthorizationAdvisor'
2025-04-26T22:20:20.107+02:00 TRACE 13448 --- [api-gateway] [    Test worker] o.s.b.f.s.DefaultListableBeanFactory     : Returning cached instance of singleton bean 'preAuthorizeAuthorizationAdvisor'
2025-04-26T22:20:20.107+02:00 TRACE 13448 --- [api-gateway] [    Test worker] o.s.b.f.s.DefaultListableBeanFactory     : Returning cached instance of singleton bean 'postFilterAuthorizationAdvisor'
2025-04-26T22:20:20.107+02:00 TRACE 13448 --- [api-gateway] [    Test worker] o.s.b.f.s.DefaultListableBeanFactory     : Returning cached instance of singleton bean 'postAuthorizeAuthorizationAdvisor'
2025-04-26T22:20:20.107+02:00 TRACE 13448 --- [api-gateway] [    Test worker] o.s.b.f.s.DefaultListableBeanFactory     : Returning cached instance of singleton bean 'jsr250AuthorizationAdvisor'
2025-04-26T22:20:20.107+02:00 TRACE 13448 --- [api-gateway] [    Test worker] o.s.b.f.s.DefaultListableBeanFactory     : Returning cached instance of singleton bean 'authorizeReturnObjectAdvisor'
2025-04-26T22:20:20.108+02:00 TRACE 13448 --- [api-gateway] [    Test worker] o.s.b.f.s.DefaultListableBeanFactory     : Finished creating instance of bean 'routePredicateHandlerMapping'
2025-04-26T22:20:20.108+02:00 TRACE 13448 --- [api-gateway] [    Test worker] o.s.b.f.s.DefaultListableBeanFactory     : Returning cached instance of singleton bean 'customRouteLocator'
2025-04-26T22:20:20.108+02:00 TRACE 13448 --- [api-gateway] [    Test worker] o.s.b.f.s.DefaultListableBeanFactory     : Returning cached instance of singleton bean 'routeDefinitionRouteLocator'
2025-04-26T22:20:20.108+02:00 TRACE 13448 --- [api-gateway] [    Test worker] o.s.b.f.s.DefaultListableBeanFactory     : Returning cached instance of singleton bean 'cachedCompositeRouteLocator'
2025-04-26T22:20:20.108+02:00 DEBUG 13448 --- [api-gateway] [    Test worker] o.s.b.f.s.DefaultListableBeanFactory     : Autowiring by type from bean name 'corsGatewayFilterApplicationListener' via factory method to bean named 'globalCorsProperties'
2025-04-26T22:20:20.108+02:00 DEBUG 13448 --- [api-gateway] [    Test worker] o.s.b.f.s.DefaultListableBeanFactory     : Autowiring by type from bean name 'corsGatewayFilterApplicationListener' via factory method to bean named 'routePredicateHandlerMapping'
2025-04-26T22:20:20.108+02:00 DEBUG 13448 --- [api-gateway] [    Test worker] o.s.b.f.s.DefaultListableBeanFactory     : Autowiring by type from bean name 'corsGatewayFilterApplicationListener' via factory method to bean named 'cachedCompositeRouteLocator'
2025-04-26T22:20:20.109+02:00 TRACE 13448 --- [api-gateway] [    Test worker] o.s.b.f.s.DefaultListableBeanFactory     : Returning cached instance of singleton bean 'preFilterAuthorizationAdvisor'
2025-04-26T22:20:20.109+02:00 TRACE 13448 --- [api-gateway] [    Test worker] o.s.b.f.s.DefaultListableBeanFactory     : Returning cached instance of singleton bean 'preAuthorizeAuthorizationAdvisor'
2025-04-26T22:20:20.109+02:00 TRACE 13448 --- [api-gateway] [    Test worker] o.s.b.f.s.DefaultListableBeanFactory     : Returning cached instance of singleton bean 'postFilterAuthorizationAdvisor'
2025-04-26T22:20:20.109+02:00 TRACE 13448 --- [api-gateway] [    Test worker] o.s.b.f.s.DefaultListableBeanFactory     : Returning cached instance of singleton bean 'postAuthorizeAuthorizationAdvisor'
2025-04-26T22:20:20.109+02:00 TRACE 13448 --- [api-gateway] [    Test worker] o.s.b.f.s.DefaultListableBeanFactory     : Returning cached instance of singleton bean 'jsr250AuthorizationAdvisor'
2025-04-26T22:20:20.109+02:00 TRACE 13448 --- [api-gateway] [    Test worker] o.s.b.f.s.DefaultListableBeanFactory     : Returning cached instance of singleton bean 'authorizeReturnObjectAdvisor'
2025-04-26T22:20:20.109+02:00 TRACE 13448 --- [api-gateway] [    Test worker] o.s.b.f.s.DefaultListableBeanFactory     : Finished creating instance of bean 'corsGatewayFilterApplicationListener'
2025-04-26T22:20:20.109+02:00 TRACE 13448 --- [api-gateway] [    Test worker] o.s.b.f.s.DefaultListableBeanFactory     : Returning cached instance of singleton bean 'routePredicateHandlerMapping'
2025-04-26T22:20:20.109+02:00 TRACE 13448 --- [api-gateway] [    Test worker] o.s.b.f.s.DefaultListableBeanFactory     : Returning cached instance of singleton bean 'gatewayProperties'
2025-04-26T22:20:20.109+02:00 TRACE 13448 --- [api-gateway] [    Test worker] o.s.b.f.s.DefaultListableBeanFactory     : Returning cached instance of singleton bean 'secureHeadersProperties'
2025-04-26T22:20:20.109+02:00 DEBUG 13448 --- [api-gateway] [    Test worker] o.s.b.f.s.DefaultListableBeanFactory     : Creating shared instance of singleton bean 'forwardedHeadersFilter'
2025-04-26T22:20:20.109+02:00 TRACE 13448 --- [api-gateway] [    Test worker] o.s.b.f.s.DefaultListableBeanFactory     : Creating instance of bean 'forwardedHeadersFilter'
2025-04-26T22:20:20.109+02:00 TRACE 13448 --- [api-gateway] [    Test worker] o.s.b.f.s.DefaultListableBeanFactory     : Returning cached instance of singleton bean 'org.springframework.cloud.gateway.config.GatewayAutoConfiguration'
2025-04-26T22:20:20.110+02:00 TRACE 13448 --- [api-gateway] [    Test worker] o.s.b.f.s.DefaultListableBeanFactory     : Returning cached instance of singleton bean 'preFilterAuthorizationAdvisor'
2025-04-26T22:20:20.110+02:00 TRACE 13448 --- [api-gateway] [    Test worker] o.s.b.f.s.DefaultListableBeanFactory     : Returning cached instance of singleton bean 'preAuthorizeAuthorizationAdvisor'
2025-04-26T22:20:20.110+02:00 TRACE 13448 --- [api-gateway] [    Test worker] o.s.b.f.s.DefaultListableBeanFactory     : Returning cached instance of singleton bean 'postFilterAuthorizationAdvisor'
2025-04-26T22:20:20.110+02:00 TRACE 13448 --- [api-gateway] [    Test worker] o.s.b.f.s.DefaultListableBeanFactory     : Returning cached instance of singleton bean 'postAuthorizeAuthorizationAdvisor'
2025-04-26T22:20:20.110+02:00 TRACE 13448 --- [api-gateway] [    Test worker] o.s.b.f.s.DefaultListableBeanFactory     : Returning cached instance of singleton bean 'jsr250AuthorizationAdvisor'
2025-04-26T22:20:20.110+02:00 TRACE 13448 --- [api-gateway] [    Test worker] o.s.b.f.s.DefaultListableBeanFactory     : Returning cached instance of singleton bean 'authorizeReturnObjectAdvisor'
2025-04-26T22:20:20.110+02:00 TRACE 13448 --- [api-gateway] [    Test worker] o.s.b.f.s.DefaultListableBeanFactory     : Finished creating instance of bean 'forwardedHeadersFilter'
2025-04-26T22:20:20.110+02:00 DEBUG 13448 --- [api-gateway] [    Test worker] o.s.b.f.s.DefaultListableBeanFactory     : Creating shared instance of singleton bean 'removeHopByHopHeadersFilter'
2025-04-26T22:20:20.110+02:00 TRACE 13448 --- [api-gateway] [    Test worker] o.s.b.f.s.DefaultListableBeanFactory     : Creating instance of bean 'removeHopByHopHeadersFilter'
2025-04-26T22:20:20.110+02:00 TRACE 13448 --- [api-gateway] [    Test worker] o.s.b.f.s.DefaultListableBeanFactory     : Returning cached instance of singleton bean 'org.springframework.cloud.gateway.config.GatewayAutoConfiguration'
2025-04-26T22:20:20.111+02:00 TRACE 13448 --- [api-gateway] [    Test worker] o.s.b.f.s.DefaultListableBeanFactory     : Returning cached instance of singleton bean 'org.springframework.boot.context.properties.BoundConfigurationProperties'
2025-04-26T22:20:20.112+02:00 TRACE 13448 --- [api-gateway] [    Test worker] o.s.b.f.s.DefaultListableBeanFactory     : Returning cached instance of singleton bean 'preFilterAuthorizationAdvisor'
2025-04-26T22:20:20.112+02:00 TRACE 13448 --- [api-gateway] [    Test worker] o.s.b.f.s.DefaultListableBeanFactory     : Returning cached instance of singleton bean 'preAuthorizeAuthorizationAdvisor'
2025-04-26T22:20:20.112+02:00 TRACE 13448 --- [api-gateway] [    Test worker] o.s.b.f.s.DefaultListableBeanFactory     : Returning cached instance of singleton bean 'postFilterAuthorizationAdvisor'
2025-04-26T22:20:20.112+02:00 TRACE 13448 --- [api-gateway] [    Test worker] o.s.b.f.s.DefaultListableBeanFactory     : Returning cached instance of singleton bean 'postAuthorizeAuthorizationAdvisor'
2025-04-26T22:20:20.112+02:00 TRACE 13448 --- [api-gateway] [    Test worker] o.s.b.f.s.DefaultListableBeanFactory     : Returning cached instance of singleton bean 'jsr250AuthorizationAdvisor'
2025-04-26T22:20:20.112+02:00 TRACE 13448 --- [api-gateway] [    Test worker] o.s.b.f.s.DefaultListableBeanFactory     : Returning cached instance of singleton bean 'authorizeReturnObjectAdvisor'
2025-04-26T22:20:20.112+02:00 TRACE 13448 --- [api-gateway] [    Test worker] o.s.b.f.s.DefaultListableBeanFactory     : Finished creating instance of bean 'removeHopByHopHeadersFilter'
2025-04-26T22:20:20.112+02:00 DEBUG 13448 --- [api-gateway] [    Test worker] o.s.b.f.s.DefaultListableBeanFactory     : Creating shared instance of singleton bean 'xForwardedHeadersFilter'
2025-04-26T22:20:20.112+02:00 TRACE 13448 --- [api-gateway] [    Test worker] o.s.b.f.s.DefaultListableBeanFactory     : Creating instance of bean 'xForwardedHeadersFilter'
2025-04-26T22:20:20.112+02:00 TRACE 13448 --- [api-gateway] [    Test worker] o.s.b.f.s.DefaultListableBeanFactory     : Returning cached instance of singleton bean 'org.springframework.cloud.gateway.config.GatewayAutoConfiguration'
2025-04-26T22:20:20.113+02:00 TRACE 13448 --- [api-gateway] [    Test worker] o.s.b.f.s.DefaultListableBeanFactory     : Returning cached instance of singleton bean 'org.springframework.boot.context.properties.BoundConfigurationProperties'
2025-04-26T22:20:20.115+02:00 TRACE 13448 --- [api-gateway] [    Test worker] o.s.b.f.s.DefaultListableBeanFactory     : Returning cached instance of singleton bean 'preFilterAuthorizationAdvisor'
2025-04-26T22:20:20.115+02:00 TRACE 13448 --- [api-gateway] [    Test worker] o.s.b.f.s.DefaultListableBeanFactory     : Returning cached instance of singleton bean 'preAuthorizeAuthorizationAdvisor'
2025-04-26T22:20:20.115+02:00 TRACE 13448 --- [api-gateway] [    Test worker] o.s.b.f.s.DefaultListableBeanFactory     : Returning cached instance of singleton bean 'postFilterAuthorizationAdvisor'
2025-04-26T22:20:20.115+02:00 TRACE 13448 --- [api-gateway] [    Test worker] o.s.b.f.s.DefaultListableBeanFactory     : Returning cached instance of singleton bean 'postAuthorizeAuthorizationAdvisor'
2025-04-26T22:20:20.115+02:00 TRACE 13448 --- [api-gateway] [    Test worker] o.s.b.f.s.DefaultListableBeanFactory     : Returning cached instance of singleton bean 'jsr250AuthorizationAdvisor'
2025-04-26T22:20:20.115+02:00 TRACE 13448 --- [api-gateway] [    Test worker] o.s.b.f.s.DefaultListableBeanFactory     : Returning cached instance of singleton bean 'authorizeReturnObjectAdvisor'
2025-04-26T22:20:20.115+02:00 TRACE 13448 --- [api-gateway] [    Test worker] o.s.b.f.s.DefaultListableBeanFactory     : Finished creating instance of bean 'xForwardedHeadersFilter'
2025-04-26T22:20:20.115+02:00 DEBUG 13448 --- [api-gateway] [    Test worker] o.s.b.f.s.DefaultListableBeanFactory     : Creating shared instance of singleton bean 'gRPCRequestHeadersFilter'
2025-04-26T22:20:20.115+02:00 TRACE 13448 --- [api-gateway] [    Test worker] o.s.b.f.s.DefaultListableBeanFactory     : Creating instance of bean 'gRPCRequestHeadersFilter'
2025-04-26T22:20:20.115+02:00 TRACE 13448 --- [api-gateway] [    Test worker] o.s.b.f.s.DefaultListableBeanFactory     : Returning cached instance of singleton bean 'org.springframework.cloud.gateway.config.GatewayAutoConfiguration'
2025-04-26T22:20:20.116+02:00 TRACE 13448 --- [api-gateway] [    Test worker] o.s.b.f.s.DefaultListableBeanFactory     : Returning cached instance of singleton bean 'preFilterAuthorizationAdvisor'
2025-04-26T22:20:20.116+02:00 TRACE 13448 --- [api-gateway] [    Test worker] o.s.b.f.s.DefaultListableBeanFactory     : Returning cached instance of singleton bean 'preAuthorizeAuthorizationAdvisor'
2025-04-26T22:20:20.116+02:00 TRACE 13448 --- [api-gateway] [    Test worker] o.s.b.f.s.DefaultListableBeanFactory     : Returning cached instance of singleton bean 'postFilterAuthorizationAdvisor'
2025-04-26T22:20:20.116+02:00 TRACE 13448 --- [api-gateway] [    Test worker] o.s.b.f.s.DefaultListableBeanFactory     : Returning cached instance of singleton bean 'postAuthorizeAuthorizationAdvisor'
2025-04-26T22:20:20.116+02:00 TRACE 13448 --- [api-gateway] [    Test worker] o.s.b.f.s.DefaultListableBeanFactory     : Returning cached instance of singleton bean 'jsr250AuthorizationAdvisor'
2025-04-26T22:20:20.116+02:00 TRACE 13448 --- [api-gateway] [    Test worker] o.s.b.f.s.DefaultListableBeanFactory     : Returning cached instance of singleton bean 'authorizeReturnObjectAdvisor'
2025-04-26T22:20:20.116+02:00 TRACE 13448 --- [api-gateway] [    Test worker] o.s.b.f.s.DefaultListableBeanFactory     : Finished creating instance of bean 'gRPCRequestHeadersFilter'
2025-04-26T22:20:20.116+02:00 DEBUG 13448 --- [api-gateway] [    Test worker] o.s.b.f.s.DefaultListableBeanFactory     : Creating shared instance of singleton bean 'gRPCResponseHeadersFilter'
2025-04-26T22:20:20.116+02:00 TRACE 13448 --- [api-gateway] [    Test worker] o.s.b.f.s.DefaultListableBeanFactory     : Creating instance of bean 'gRPCResponseHeadersFilter'
2025-04-26T22:20:20.116+02:00 TRACE 13448 --- [api-gateway] [    Test worker] o.s.b.f.s.DefaultListableBeanFactory     : Returning cached instance of singleton bean 'org.springframework.cloud.gateway.config.GatewayAutoConfiguration'
2025-04-26T22:20:20.117+02:00 TRACE 13448 --- [api-gateway] [    Test worker] o.s.b.f.s.DefaultListableBeanFactory     : Returning cached instance of singleton bean 'preFilterAuthorizationAdvisor'
2025-04-26T22:20:20.117+02:00 TRACE 13448 --- [api-gateway] [    Test worker] o.s.b.f.s.DefaultListableBeanFactory     : Returning cached instance of singleton bean 'preAuthorizeAuthorizationAdvisor'
2025-04-26T22:20:20.117+02:00 TRACE 13448 --- [api-gateway] [    Test worker] o.s.b.f.s.DefaultListableBeanFactory     : Returning cached instance of singleton bean 'postFilterAuthorizationAdvisor'
2025-04-26T22:20:20.117+02:00 TRACE 13448 --- [api-gateway] [    Test worker] o.s.b.f.s.DefaultListableBeanFactory     : Returning cached instance of singleton bean 'postAuthorizeAuthorizationAdvisor'
2025-04-26T22:20:20.117+02:00 TRACE 13448 --- [api-gateway] [    Test worker] o.s.b.f.s.DefaultListableBeanFactory     : Returning cached instance of singleton bean 'jsr250AuthorizationAdvisor'
2025-04-26T22:20:20.117+02:00 TRACE 13448 --- [api-gateway] [    Test worker] o.s.b.f.s.DefaultListableBeanFactory     : Returning cached instance of singleton bean 'authorizeReturnObjectAdvisor'
2025-04-26T22:20:20.117+02:00 TRACE 13448 --- [api-gateway] [    Test worker] o.s.b.f.s.DefaultListableBeanFactory     : Finished creating instance of bean 'gRPCResponseHeadersFilter'
2025-04-26T22:20:20.117+02:00 DEBUG 13448 --- [api-gateway] [    Test worker] o.s.b.f.s.DefaultListableBeanFactory     : Creating shared instance of singleton bean 'transferEncodingNormalizationHeadersFilter'
2025-04-26T22:20:20.117+02:00 TRACE 13448 --- [api-gateway] [    Test worker] o.s.b.f.s.DefaultListableBeanFactory     : Creating instance of bean 'transferEncodingNormalizationHeadersFilter'
2025-04-26T22:20:20.117+02:00 TRACE 13448 --- [api-gateway] [    Test worker] o.s.b.f.s.DefaultListableBeanFactory     : Returning cached instance of singleton bean 'org.springframework.cloud.gateway.config.GatewayAutoConfiguration'
2025-04-26T22:20:20.117+02:00 TRACE 13448 --- [api-gateway] [    Test worker] o.s.b.f.s.DefaultListableBeanFactory     : Returning cached instance of singleton bean 'preFilterAuthorizationAdvisor'
2025-04-26T22:20:20.117+02:00 TRACE 13448 --- [api-gateway] [    Test worker] o.s.b.f.s.DefaultListableBeanFactory     : Returning cached instance of singleton bean 'preAuthorizeAuthorizationAdvisor'
2025-04-26T22:20:20.117+02:00 TRACE 13448 --- [api-gateway] [    Test worker] o.s.b.f.s.DefaultListableBeanFactory     : Returning cached instance of singleton bean 'postFilterAuthorizationAdvisor'
2025-04-26T22:20:20.117+02:00 TRACE 13448 --- [api-gateway] [    Test worker] o.s.b.f.s.DefaultListableBeanFactory     : Returning cached instance of singleton bean 'postAuthorizeAuthorizationAdvisor'
2025-04-26T22:20:20.117+02:00 TRACE 13448 --- [api-gateway] [    Test worker] o.s.b.f.s.DefaultListableBeanFactory     : Returning cached instance of singleton bean 'jsr250AuthorizationAdvisor'
2025-04-26T22:20:20.117+02:00 TRACE 13448 --- [api-gateway] [    Test worker] o.s.b.f.s.DefaultListableBeanFactory     : Returning cached instance of singleton bean 'authorizeReturnObjectAdvisor'
2025-04-26T22:20:20.118+02:00 TRACE 13448 --- [api-gateway] [    Test worker] o.s.b.f.s.DefaultListableBeanFactory     : Finished creating instance of bean 'transferEncodingNormalizationHeadersFilter'
2025-04-26T22:20:20.118+02:00 TRACE 13448 --- [api-gateway] [    Test worker] o.s.b.f.s.DefaultListableBeanFactory     : Returning cached instance of singleton bean 'adaptCachedBodyGlobalFilter'
2025-04-26T22:20:20.118+02:00 TRACE 13448 --- [api-gateway] [    Test worker] o.s.b.f.s.DefaultListableBeanFactory     : Returning cached instance of singleton bean 'removeCachedBodyFilter'
2025-04-26T22:20:20.118+02:00 TRACE 13448 --- [api-gateway] [    Test worker] o.s.b.f.s.DefaultListableBeanFactory     : Returning cached instance of singleton bean 'routeToRequestUrlFilter'
2025-04-26T22:20:20.118+02:00 TRACE 13448 --- [api-gateway] [    Test worker] o.s.b.f.s.DefaultListableBeanFactory     : Returning cached instance of singleton bean 'forwardRoutingFilter'
2025-04-26T22:20:20.118+02:00 TRACE 13448 --- [api-gateway] [    Test worker] o.s.b.f.s.DefaultListableBeanFactory     : Returning cached instance of singleton bean 'forwardPathFilter'
2025-04-26T22:20:20.118+02:00 TRACE 13448 --- [api-gateway] [    Test worker] o.s.b.f.s.DefaultListableBeanFactory     : Returning cached instance of singleton bean 'webSocketService'
2025-04-26T22:20:20.118+02:00 TRACE 13448 --- [api-gateway] [    Test worker] o.s.b.f.s.DefaultListableBeanFactory     : Returning cached instance of singleton bean 'websocketRoutingFilter'
2025-04-26T22:20:20.118+02:00 TRACE 13448 --- [api-gateway] [    Test worker] o.s.b.f.s.DefaultListableBeanFactory     : Returning cached instance of singleton bean 'weightCalculatorWebFilter'
2025-04-26T22:20:20.118+02:00 TRACE 13448 --- [api-gateway] [    Test worker] o.s.b.f.s.DefaultListableBeanFactory     : Returning cached instance of singleton bean 'afterRoutePredicateFactory'
2025-04-26T22:20:20.118+02:00 TRACE 13448 --- [api-gateway] [    Test worker] o.s.b.f.s.DefaultListableBeanFactory     : Returning cached instance of singleton bean 'beforeRoutePredicateFactory'
2025-04-26T22:20:20.118+02:00 TRACE 13448 --- [api-gateway] [    Test worker] o.s.b.f.s.DefaultListableBeanFactory     : Returning cached instance of singleton bean 'betweenRoutePredicateFactory'
2025-04-26T22:20:20.118+02:00 TRACE 13448 --- [api-gateway] [    Test worker] o.s.b.f.s.DefaultListableBeanFactory     : Returning cached instance of singleton bean 'cookieRoutePredicateFactory'
2025-04-26T22:20:20.118+02:00 TRACE 13448 --- [api-gateway] [    Test worker] o.s.b.f.s.DefaultListableBeanFactory     : Returning cached instance of singleton bean 'headerRoutePredicateFactory'
2025-04-26T22:20:20.118+02:00 TRACE 13448 --- [api-gateway] [    Test worker] o.s.b.f.s.DefaultListableBeanFactory     : Returning cached instance of singleton bean 'hostRoutePredicateFactory'
2025-04-26T22:20:20.118+02:00 TRACE 13448 --- [api-gateway] [    Test worker] o.s.b.f.s.DefaultListableBeanFactory     : Returning cached instance of singleton bean 'methodRoutePredicateFactory'
2025-04-26T22:20:20.118+02:00 TRACE 13448 --- [api-gateway] [    Test worker] o.s.b.f.s.DefaultListableBeanFactory     : Returning cached instance of singleton bean 'pathRoutePredicateFactory'
2025-04-26T22:20:20.118+02:00 TRACE 13448 --- [api-gateway] [    Test worker] o.s.b.f.s.DefaultListableBeanFactory     : Returning cached instance of singleton bean 'queryRoutePredicateFactory'
2025-04-26T22:20:20.118+02:00 TRACE 13448 --- [api-gateway] [    Test worker] o.s.b.f.s.DefaultListableBeanFactory     : Returning cached instance of singleton bean 'readBodyPredicateFactory'
2025-04-26T22:20:20.118+02:00 TRACE 13448 --- [api-gateway] [    Test worker] o.s.b.f.s.DefaultListableBeanFactory     : Returning cached instance of singleton bean 'remoteAddrRoutePredicateFactory'
2025-04-26T22:20:20.118+02:00 TRACE 13448 --- [api-gateway] [    Test worker] o.s.b.f.s.DefaultListableBeanFactory     : Returning cached instance of singleton bean 'xForwardedRemoteAddrRoutePredicateFactory'
2025-04-26T22:20:20.118+02:00 TRACE 13448 --- [api-gateway] [    Test worker] o.s.b.f.s.DefaultListableBeanFactory     : Returning cached instance of singleton bean 'weightRoutePredicateFactory'
2025-04-26T22:20:20.118+02:00 TRACE 13448 --- [api-gateway] [    Test worker] o.s.b.f.s.DefaultListableBeanFactory     : Returning cached instance of singleton bean 'cloudFoundryRouteServiceRoutePredicateFactory'
2025-04-26T22:20:20.118+02:00 TRACE 13448 --- [api-gateway] [    Test worker] o.s.b.f.s.DefaultListableBeanFactory     : Returning cached instance of singleton bean 'addRequestHeaderGatewayFilterFactory'
2025-04-26T22:20:20.118+02:00 TRACE 13448 --- [api-gateway] [    Test worker] o.s.b.f.s.DefaultListableBeanFactory     : Returning cached instance of singleton bean 'addRequestHeadersIfNotPresentGatewayFilterFactory'
2025-04-26T22:20:20.118+02:00 TRACE 13448 --- [api-gateway] [    Test worker] o.s.b.f.s.DefaultListableBeanFactory     : Returning cached instance of singleton bean 'mapRequestHeaderGatewayFilterFactory'
2025-04-26T22:20:20.118+02:00 TRACE 13448 --- [api-gateway] [    Test worker] o.s.b.f.s.DefaultListableBeanFactory     : Returning cached instance of singleton bean 'addRequestParameterGatewayFilterFactory'
2025-04-26T22:20:20.118+02:00 TRACE 13448 --- [api-gateway] [    Test worker] o.s.b.f.s.DefaultListableBeanFactory     : Returning cached instance of singleton bean 'addResponseHeaderGatewayFilterFactory'
2025-04-26T22:20:20.118+02:00 TRACE 13448 --- [api-gateway] [    Test worker] o.s.b.f.s.DefaultListableBeanFactory     : Returning cached instance of singleton bean 'modifyRequestBodyGatewayFilterFactory'
2025-04-26T22:20:20.118+02:00 TRACE 13448 --- [api-gateway] [    Test worker] o.s.b.f.s.DefaultListableBeanFactory     : Returning cached instance of singleton bean 'dedupeResponseHeaderGatewayFilterFactory'
2025-04-26T22:20:20.118+02:00 TRACE 13448 --- [api-gateway] [    Test worker] o.s.b.f.s.DefaultListableBeanFactory     : Returning cached instance of singleton bean 'modifyResponseBodyGatewayFilterFactory'
2025-04-26T22:20:20.118+02:00 TRACE 13448 --- [api-gateway] [    Test worker] o.s.b.f.s.DefaultListableBeanFactory     : Returning cached instance of singleton bean 'cacheRequestBodyGatewayFilterFactory'
2025-04-26T22:20:20.118+02:00 TRACE 13448 --- [api-gateway] [    Test worker] o.s.b.f.s.DefaultListableBeanFactory     : Returning cached instance of singleton bean 'prefixPathGatewayFilterFactory'
2025-04-26T22:20:20.118+02:00 TRACE 13448 --- [api-gateway] [    Test worker] o.s.b.f.s.DefaultListableBeanFactory     : Returning cached instance of singleton bean 'preserveHostHeaderGatewayFilterFactory'
2025-04-26T22:20:20.118+02:00 TRACE 13448 --- [api-gateway] [    Test worker] o.s.b.f.s.DefaultListableBeanFactory     : Returning cached instance of singleton bean 'redirectToGatewayFilterFactory'
2025-04-26T22:20:20.118+02:00 TRACE 13448 --- [api-gateway] [    Test worker] o.s.b.f.s.DefaultListableBeanFactory     : Returning cached instance of singleton bean 'removeJsonAttributesResponseBodyGatewayFilterFactory'
2025-04-26T22:20:20.118+02:00 TRACE 13448 --- [api-gateway] [    Test worker] o.s.b.f.s.DefaultListableBeanFactory     : Returning cached instance of singleton bean 'removeRequestHeaderGatewayFilterFactory'
2025-04-26T22:20:20.118+02:00 TRACE 13448 --- [api-gateway] [    Test worker] o.s.b.f.s.DefaultListableBeanFactory     : Returning cached instance of singleton bean 'removeRequestParameterGatewayFilterFactory'
2025-04-26T22:20:20.118+02:00 TRACE 13448 --- [api-gateway] [    Test worker] o.s.b.f.s.DefaultListableBeanFactory     : Returning cached instance of singleton bean 'removeResponseHeaderGatewayFilterFactory'
2025-04-26T22:20:20.118+02:00 TRACE 13448 --- [api-gateway] [    Test worker] o.s.b.f.s.DefaultListableBeanFactory     : Returning cached instance of singleton bean 'rewritePathGatewayFilterFactory'
2025-04-26T22:20:20.118+02:00 TRACE 13448 --- [api-gateway] [    Test worker] o.s.b.f.s.DefaultListableBeanFactory     : Returning cached instance of singleton bean 'retryGatewayFilterFactory'
2025-04-26T22:20:20.118+02:00 TRACE 13448 --- [api-gateway] [    Test worker] o.s.b.f.s.DefaultListableBeanFactory     : Returning cached instance of singleton bean 'setPathGatewayFilterFactory'
2025-04-26T22:20:20.118+02:00 TRACE 13448 --- [api-gateway] [    Test worker] o.s.b.f.s.DefaultListableBeanFactory     : Returning cached instance of singleton bean 'secureHeadersGatewayFilterFactory'
2025-04-26T22:20:20.118+02:00 TRACE 13448 --- [api-gateway] [    Test worker] o.s.b.f.s.DefaultListableBeanFactory     : Returning cached instance of singleton bean 'setRequestHeaderGatewayFilterFactory'
2025-04-26T22:20:20.118+02:00 TRACE 13448 --- [api-gateway] [    Test worker] o.s.b.f.s.DefaultListableBeanFactory     : Returning cached instance of singleton bean 'setRequestHostHeaderGatewayFilterFactory'
2025-04-26T22:20:20.118+02:00 TRACE 13448 --- [api-gateway] [    Test worker] o.s.b.f.s.DefaultListableBeanFactory     : Returning cached instance of singleton bean 'setResponseHeaderGatewayFilterFactory'
2025-04-26T22:20:20.118+02:00 TRACE 13448 --- [api-gateway] [    Test worker] o.s.b.f.s.DefaultListableBeanFactory     : Returning cached instance of singleton bean 'rewriteResponseHeaderGatewayFilterFactory'
2025-04-26T22:20:20.118+02:00 TRACE 13448 --- [api-gateway] [    Test worker] o.s.b.f.s.DefaultListableBeanFactory     : Returning cached instance of singleton bean 'rewriteLocationResponseHeaderGatewayFilterFactory'
2025-04-26T22:20:20.118+02:00 TRACE 13448 --- [api-gateway] [    Test worker] o.s.b.f.s.DefaultListableBeanFactory     : Returning cached instance of singleton bean 'setStatusGatewayFilterFactory'
2025-04-26T22:20:20.118+02:00 TRACE 13448 --- [api-gateway] [    Test worker] o.s.b.f.s.DefaultListableBeanFactory     : Returning cached instance of singleton bean 'saveSessionGatewayFilterFactory'
2025-04-26T22:20:20.118+02:00 TRACE 13448 --- [api-gateway] [    Test worker] o.s.b.f.s.DefaultListableBeanFactory     : Returning cached instance of singleton bean 'stripPrefixGatewayFilterFactory'
2025-04-26T22:20:20.118+02:00 TRACE 13448 --- [api-gateway] [    Test worker] o.s.b.f.s.DefaultListableBeanFactory     : Returning cached instance of singleton bean 'requestHeaderToRequestUriGatewayFilterFactory'
2025-04-26T22:20:20.118+02:00 TRACE 13448 --- [api-gateway] [    Test worker] o.s.b.f.s.DefaultListableBeanFactory     : Returning cached instance of singleton bean 'requestSizeGatewayFilterFactory'
2025-04-26T22:20:20.119+02:00 TRACE 13448 --- [api-gateway] [    Test worker] o.s.b.f.s.DefaultListableBeanFactory     : Returning cached instance of singleton bean 'requestHeaderSizeGatewayFilterFactory'
2025-04-26T22:20:20.119+02:00 TRACE 13448 --- [api-gateway] [    Test worker] o.s.b.f.s.DefaultListableBeanFactory     : Returning cached instance of singleton bean 'rewriteRequestParameterGatewayFilterFactory'
2025-04-26T22:20:20.119+02:00 TRACE 13448 --- [api-gateway] [    Test worker] o.s.b.f.s.DefaultListableBeanFactory     : Returning cached instance of singleton bean 'gzipMessageBodyResolver'
2025-04-26T22:20:20.119+02:00 DEBUG 13448 --- [api-gateway] [    Test worker] o.s.b.f.s.DefaultListableBeanFactory     : Creating shared instance of singleton bean 'configurableHintsRegistrationProcessor'
2025-04-26T22:20:20.119+02:00 TRACE 13448 --- [api-gateway] [    Test worker] o.s.b.f.s.DefaultListableBeanFactory     : Creating instance of bean 'configurableHintsRegistrationProcessor'
2025-04-26T22:20:20.123+02:00 TRACE 13448 --- [api-gateway] [    Test worker] o.s.b.f.s.DefaultListableBeanFactory     : Returning cached instance of singleton bean 'preFilterAuthorizationAdvisor'
2025-04-26T22:20:20.123+02:00 TRACE 13448 --- [api-gateway] [    Test worker] o.s.b.f.s.DefaultListableBeanFactory     : Returning cached instance of singleton bean 'preAuthorizeAuthorizationAdvisor'
2025-04-26T22:20:20.123+02:00 TRACE 13448 --- [api-gateway] [    Test worker] o.s.b.f.s.DefaultListableBeanFactory     : Returning cached instance of singleton bean 'postFilterAuthorizationAdvisor'
2025-04-26T22:20:20.123+02:00 TRACE 13448 --- [api-gateway] [    Test worker] o.s.b.f.s.DefaultListableBeanFactory     : Returning cached instance of singleton bean 'postAuthorizeAuthorizationAdvisor'
2025-04-26T22:20:20.123+02:00 TRACE 13448 --- [api-gateway] [    Test worker] o.s.b.f.s.DefaultListableBeanFactory     : Returning cached instance of singleton bean 'jsr250AuthorizationAdvisor'
2025-04-26T22:20:20.123+02:00 TRACE 13448 --- [api-gateway] [    Test worker] o.s.b.f.s.DefaultListableBeanFactory     : Returning cached instance of singleton bean 'authorizeReturnObjectAdvisor'
2025-04-26T22:20:20.124+02:00 TRACE 13448 --- [api-gateway] [    Test worker] o.s.b.f.s.DefaultListableBeanFactory     : Finished creating instance of bean 'configurableHintsRegistrationProcessor'
2025-04-26T22:20:20.124+02:00 TRACE 13448 --- [api-gateway] [    Test worker] o.s.b.f.s.DefaultListableBeanFactory     : Returning cached instance of singleton bean 'org.springframework.boot.autoconfigure.web.reactive.WebFluxAutoConfiguration$EnableWebFluxConfiguration'
2025-04-26T22:20:20.124+02:00 DEBUG 13448 --- [api-gateway] [    Test worker] o.s.b.f.s.DefaultListableBeanFactory     : Creating shared instance of singleton bean 'webFluxConversionService'
2025-04-26T22:20:20.124+02:00 TRACE 13448 --- [api-gateway] [    Test worker] o.s.b.f.s.DefaultListableBeanFactory     : Creating instance of bean 'webFluxConversionService'
2025-04-26T22:20:20.124+02:00 TRACE 13448 --- [api-gateway] [    Test worker] o.s.b.f.s.DefaultListableBeanFactory     : Returning cached instance of singleton bean 'org.springframework.boot.autoconfigure.web.reactive.WebFluxAutoConfiguration$EnableWebFluxConfiguration'
2025-04-26T22:20:20.126+02:00 TRACE 13448 --- [api-gateway] [    Test worker] o.s.b.f.s.DefaultListableBeanFactory     : Returning cached instance of singleton bean 'stringToZonedDateTimeConverter'
2025-04-26T22:20:20.126+02:00 TRACE 13448 --- [api-gateway] [    Test worker] o.s.b.f.s.DefaultListableBeanFactory     : Returning cached instance of singleton bean 'deprecatedKeyValueConverter'
2025-04-26T22:20:20.126+02:00 TRACE 13448 --- [api-gateway] [    Test worker] o.s.b.f.s.DefaultListableBeanFactory     : Returning cached instance of singleton bean 'keyValueConverter'
2025-04-26T22:20:20.127+02:00 TRACE 13448 --- [api-gateway] [    Test worker] o.s.b.f.s.DefaultListableBeanFactory     : Returning cached instance of singleton bean 'preFilterAuthorizationAdvisor'
2025-04-26T22:20:20.127+02:00 TRACE 13448 --- [api-gateway] [    Test worker] o.s.b.f.s.DefaultListableBeanFactory     : Returning cached instance of singleton bean 'preAuthorizeAuthorizationAdvisor'
2025-04-26T22:20:20.127+02:00 TRACE 13448 --- [api-gateway] [    Test worker] o.s.b.f.s.DefaultListableBeanFactory     : Returning cached instance of singleton bean 'postFilterAuthorizationAdvisor'
2025-04-26T22:20:20.127+02:00 TRACE 13448 --- [api-gateway] [    Test worker] o.s.b.f.s.DefaultListableBeanFactory     : Returning cached instance of singleton bean 'postAuthorizeAuthorizationAdvisor'
2025-04-26T22:20:20.127+02:00 TRACE 13448 --- [api-gateway] [    Test worker] o.s.b.f.s.DefaultListableBeanFactory     : Returning cached instance of singleton bean 'jsr250AuthorizationAdvisor'
2025-04-26T22:20:20.127+02:00 TRACE 13448 --- [api-gateway] [    Test worker] o.s.b.f.s.DefaultListableBeanFactory     : Returning cached instance of singleton bean 'authorizeReturnObjectAdvisor'
2025-04-26T22:20:20.129+02:00 TRACE 13448 --- [api-gateway] [    Test worker] o.s.b.f.s.DefaultListableBeanFactory     : Finished creating instance of bean 'webFluxConversionService'
2025-04-26T22:20:20.129+02:00 DEBUG 13448 --- [api-gateway] [    Test worker] o.s.b.f.s.DefaultListableBeanFactory     : Creating shared instance of singleton bean 'webFluxValidator'
2025-04-26T22:20:20.129+02:00 TRACE 13448 --- [api-gateway] [    Test worker] o.s.b.f.s.DefaultListableBeanFactory     : Creating instance of bean 'webFluxValidator'
2025-04-26T22:20:20.129+02:00 TRACE 13448 --- [api-gateway] [    Test worker] o.s.b.f.s.DefaultListableBeanFactory     : Returning cached instance of singleton bean 'org.springframework.boot.autoconfigure.web.reactive.WebFluxAutoConfiguration$EnableWebFluxConfiguration'
2025-04-26T22:20:20.131+02:00 TRACE 13448 --- [api-gateway] [    Test worker] o.s.b.f.s.DefaultListableBeanFactory     : Returning cached instance of singleton bean 'defaultValidator'
2025-04-26T22:20:20.131+02:00 TRACE 13448 --- [api-gateway] [    Test worker] o.s.b.f.s.DefaultListableBeanFactory     : Invoking afterPropertiesSet() on bean with name 'webFluxValidator'
2025-04-26T22:20:20.131+02:00 TRACE 13448 --- [api-gateway] [    Test worker] o.s.b.f.s.DefaultListableBeanFactory     : Returning cached instance of singleton bean 'preFilterAuthorizationAdvisor'
2025-04-26T22:20:20.131+02:00 TRACE 13448 --- [api-gateway] [    Test worker] o.s.b.f.s.DefaultListableBeanFactory     : Returning cached instance of singleton bean 'preAuthorizeAuthorizationAdvisor'
2025-04-26T22:20:20.131+02:00 TRACE 13448 --- [api-gateway] [    Test worker] o.s.b.f.s.DefaultListableBeanFactory     : Returning cached instance of singleton bean 'postFilterAuthorizationAdvisor'
2025-04-26T22:20:20.131+02:00 TRACE 13448 --- [api-gateway] [    Test worker] o.s.b.f.s.DefaultListableBeanFactory     : Returning cached instance of singleton bean 'postAuthorizeAuthorizationAdvisor'
2025-04-26T22:20:20.131+02:00 TRACE 13448 --- [api-gateway] [    Test worker] o.s.b.f.s.DefaultListableBeanFactory     : Returning cached instance of singleton bean 'jsr250AuthorizationAdvisor'
2025-04-26T22:20:20.131+02:00 TRACE 13448 --- [api-gateway] [    Test worker] o.s.b.f.s.DefaultListableBeanFactory     : Returning cached instance of singleton bean 'authorizeReturnObjectAdvisor'
2025-04-26T22:20:20.132+02:00 TRACE 13448 --- [api-gateway] [    Test worker] o.s.b.f.s.DefaultListableBeanFactory     : Finished creating instance of bean 'webFluxValidator'
2025-04-26T22:20:20.132+02:00 DEBUG 13448 --- [api-gateway] [    Test worker] o.s.b.f.s.DefaultListableBeanFactory     : Creating shared instance of singleton bean 'localeContextResolver'
2025-04-26T22:20:20.132+02:00 TRACE 13448 --- [api-gateway] [    Test worker] o.s.b.f.s.DefaultListableBeanFactory     : Creating instance of bean 'localeContextResolver'
2025-04-26T22:20:20.132+02:00 TRACE 13448 --- [api-gateway] [    Test worker] o.s.b.f.s.DefaultListableBeanFactory     : Returning cached instance of singleton bean 'org.springframework.boot.autoconfigure.web.reactive.WebFluxAutoConfiguration$EnableWebFluxConfiguration'
2025-04-26T22:20:20.133+02:00 TRACE 13448 --- [api-gateway] [    Test worker] o.s.b.f.s.DefaultListableBeanFactory     : Returning cached instance of singleton bean 'preFilterAuthorizationAdvisor'
2025-04-26T22:20:20.133+02:00 TRACE 13448 --- [api-gateway] [    Test worker] o.s.b.f.s.DefaultListableBeanFactory     : Returning cached instance of singleton bean 'preAuthorizeAuthorizationAdvisor'
2025-04-26T22:20:20.133+02:00 TRACE 13448 --- [api-gateway] [    Test worker] o.s.b.f.s.DefaultListableBeanFactory     : Returning cached instance of singleton bean 'postFilterAuthorizationAdvisor'
2025-04-26T22:20:20.133+02:00 TRACE 13448 --- [api-gateway] [    Test worker] o.s.b.f.s.DefaultListableBeanFactory     : Returning cached instance of singleton bean 'postAuthorizeAuthorizationAdvisor'
2025-04-26T22:20:20.133+02:00 TRACE 13448 --- [api-gateway] [    Test worker] o.s.b.f.s.DefaultListableBeanFactory     : Returning cached instance of singleton bean 'jsr250AuthorizationAdvisor'
2025-04-26T22:20:20.133+02:00 TRACE 13448 --- [api-gateway] [    Test worker] o.s.b.f.s.DefaultListableBeanFactory     : Returning cached instance of singleton bean 'authorizeReturnObjectAdvisor'
2025-04-26T22:20:20.134+02:00 TRACE 13448 --- [api-gateway] [    Test worker] o.s.b.f.s.DefaultListableBeanFactory     : Finished creating instance of bean 'localeContextResolver'
2025-04-26T22:20:20.134+02:00 DEBUG 13448 --- [api-gateway] [    Test worker] o.s.b.f.s.DefaultListableBeanFactory     : Creating shared instance of singleton bean 'webSessionManager'
2025-04-26T22:20:20.134+02:00 TRACE 13448 --- [api-gateway] [    Test worker] o.s.b.f.s.DefaultListableBeanFactory     : Creating instance of bean 'webSessionManager'
2025-04-26T22:20:20.134+02:00 TRACE 13448 --- [api-gateway] [    Test worker] o.s.b.f.s.DefaultListableBeanFactory     : Returning cached instance of singleton bean 'org.springframework.boot.autoconfigure.web.reactive.WebFluxAutoConfiguration$EnableWebFluxConfiguration'
2025-04-26T22:20:20.136+02:00 TRACE 13448 --- [api-gateway] [    Test worker] o.s.b.f.s.DefaultListableBeanFactory     : Returning cached instance of singleton bean 'webSessionIdResolver'
2025-04-26T22:20:20.137+02:00 TRACE 13448 --- [api-gateway] [    Test worker] o.s.b.f.s.DefaultListableBeanFactory     : Returning cached instance of singleton bean 'preFilterAuthorizationAdvisor'
2025-04-26T22:20:20.137+02:00 TRACE 13448 --- [api-gateway] [    Test worker] o.s.b.f.s.DefaultListableBeanFactory     : Returning cached instance of singleton bean 'preAuthorizeAuthorizationAdvisor'
2025-04-26T22:20:20.137+02:00 TRACE 13448 --- [api-gateway] [    Test worker] o.s.b.f.s.DefaultListableBeanFactory     : Returning cached instance of singleton bean 'postFilterAuthorizationAdvisor'
2025-04-26T22:20:20.137+02:00 TRACE 13448 --- [api-gateway] [    Test worker] o.s.b.f.s.DefaultListableBeanFactory     : Returning cached instance of singleton bean 'postAuthorizeAuthorizationAdvisor'
2025-04-26T22:20:20.137+02:00 TRACE 13448 --- [api-gateway] [    Test worker] o.s.b.f.s.DefaultListableBeanFactory     : Returning cached instance of singleton bean 'jsr250AuthorizationAdvisor'
2025-04-26T22:20:20.137+02:00 TRACE 13448 --- [api-gateway] [    Test worker] o.s.b.f.s.DefaultListableBeanFactory     : Returning cached instance of singleton bean 'authorizeReturnObjectAdvisor'
2025-04-26T22:20:20.137+02:00 TRACE 13448 --- [api-gateway] [    Test worker] o.s.b.f.s.DefaultListableBeanFactory     : Finished creating instance of bean 'webSessionManager'
2025-04-26T22:20:20.137+02:00 DEBUG 13448 --- [api-gateway] [    Test worker] o.s.b.f.s.DefaultListableBeanFactory     : Creating shared instance of singleton bean 'webHandler'
2025-04-26T22:20:20.137+02:00 TRACE 13448 --- [api-gateway] [    Test worker] o.s.b.f.s.DefaultListableBeanFactory     : Creating instance of bean 'webHandler'
2025-04-26T22:20:20.137+02:00 TRACE 13448 --- [api-gateway] [    Test worker] o.s.b.f.s.DefaultListableBeanFactory     : Returning cached instance of singleton bean 'org.springframework.boot.autoconfigure.web.reactive.WebFluxAutoConfiguration$EnableWebFluxConfiguration'
2025-04-26T22:20:20.138+02:00 TRACE 13448 --- [api-gateway] [    Test worker] o.s.b.f.s.DefaultListableBeanFactory     : Returning cached instance of singleton bean 'routePredicateHandlerMapping'
2025-04-26T22:20:20.138+02:00 TRACE 13448 --- [api-gateway] [    Test worker] o.s.b.f.s.DefaultListableBeanFactory     : Returning cached instance of singleton bean 'requestMappingHandlerMapping'
2025-04-26T22:20:20.138+02:00 DEBUG 13448 --- [api-gateway] [    Test worker] o.s.b.f.s.DefaultListableBeanFactory     : Creating shared instance of singleton bean 'routerFunctionMapping'
2025-04-26T22:20:20.138+02:00 TRACE 13448 --- [api-gateway] [    Test worker] o.s.b.f.s.DefaultListableBeanFactory     : Creating instance of bean 'routerFunctionMapping'
2025-04-26T22:20:20.138+02:00 TRACE 13448 --- [api-gateway] [    Test worker] o.s.b.f.s.DefaultListableBeanFactory     : Returning cached instance of singleton bean 'org.springframework.boot.autoconfigure.web.reactive.WebFluxAutoConfiguration$EnableWebFluxConfiguration'
2025-04-26T22:20:20.139+02:00 TRACE 13448 --- [api-gateway] [    Test worker] o.s.b.f.s.DefaultListableBeanFactory     : Returning cached instance of singleton bean 'serverCodecConfigurer'
2025-04-26T22:20:20.139+02:00 DEBUG 13448 --- [api-gateway] [    Test worker] o.s.b.f.s.DefaultListableBeanFactory     : Autowiring by type from bean name 'routerFunctionMapping' via factory method to bean named 'serverCodecConfigurer'
2025-04-26T22:20:20.139+02:00 TRACE 13448 --- [api-gateway] [    Test worker] o.s.b.f.s.DefaultListableBeanFactory     : Invoking afterPropertiesSet() on bean with name 'routerFunctionMapping'
2025-04-26T22:20:20.141+02:00 TRACE 13448 --- [api-gateway] [    Test worker] o.s.b.f.s.DefaultListableBeanFactory     : Returning cached instance of singleton bean 'preFilterAuthorizationAdvisor'
2025-04-26T22:20:20.141+02:00 TRACE 13448 --- [api-gateway] [    Test worker] o.s.b.f.s.DefaultListableBeanFactory     : Returning cached instance of singleton bean 'preAuthorizeAuthorizationAdvisor'
2025-04-26T22:20:20.141+02:00 TRACE 13448 --- [api-gateway] [    Test worker] o.s.b.f.s.DefaultListableBeanFactory     : Returning cached instance of singleton bean 'postFilterAuthorizationAdvisor'
2025-04-26T22:20:20.141+02:00 TRACE 13448 --- [api-gateway] [    Test worker] o.s.b.f.s.DefaultListableBeanFactory     : Returning cached instance of singleton bean 'postAuthorizeAuthorizationAdvisor'
2025-04-26T22:20:20.141+02:00 TRACE 13448 --- [api-gateway] [    Test worker] o.s.b.f.s.DefaultListableBeanFactory     : Returning cached instance of singleton bean 'jsr250AuthorizationAdvisor'
2025-04-26T22:20:20.141+02:00 TRACE 13448 --- [api-gateway] [    Test worker] o.s.b.f.s.DefaultListableBeanFactory     : Returning cached instance of singleton bean 'authorizeReturnObjectAdvisor'
2025-04-26T22:20:20.142+02:00 TRACE 13448 --- [api-gateway] [    Test worker] o.s.b.f.s.DefaultListableBeanFactory     : Finished creating instance of bean 'routerFunctionMapping'
2025-04-26T22:20:20.142+02:00 DEBUG 13448 --- [api-gateway] [    Test worker] o.s.b.f.s.DefaultListableBeanFactory     : Creating shared instance of singleton bean 'resourceHandlerMapping'
2025-04-26T22:20:20.142+02:00 TRACE 13448 --- [api-gateway] [    Test worker] o.s.b.f.s.DefaultListableBeanFactory     : Creating instance of bean 'resourceHandlerMapping'
2025-04-26T22:20:20.142+02:00 TRACE 13448 --- [api-gateway] [    Test worker] o.s.b.f.s.DefaultListableBeanFactory     : Returning cached instance of singleton bean 'org.springframework.boot.autoconfigure.web.reactive.WebFluxAutoConfiguration$EnableWebFluxConfiguration'
2025-04-26T22:20:20.143+02:00 DEBUG 13448 --- [api-gateway] [    Test worker] o.s.b.f.s.DefaultListableBeanFactory     : Creating shared instance of singleton bean 'resourceUrlProvider'
2025-04-26T22:20:20.143+02:00 TRACE 13448 --- [api-gateway] [    Test worker] o.s.b.f.s.DefaultListableBeanFactory     : Creating instance of bean 'resourceUrlProvider'
2025-04-26T22:20:20.143+02:00 TRACE 13448 --- [api-gateway] [    Test worker] o.s.b.f.s.DefaultListableBeanFactory     : Returning cached instance of singleton bean 'org.springframework.boot.autoconfigure.web.reactive.WebFluxAutoConfiguration$EnableWebFluxConfiguration'
2025-04-26T22:20:20.144+02:00 TRACE 13448 --- [api-gateway] [    Test worker] o.s.b.f.s.DefaultListableBeanFactory     : Returning cached instance of singleton bean 'preFilterAuthorizationAdvisor'
2025-04-26T22:20:20.144+02:00 TRACE 13448 --- [api-gateway] [    Test worker] o.s.b.f.s.DefaultListableBeanFactory     : Returning cached instance of singleton bean 'preAuthorizeAuthorizationAdvisor'
2025-04-26T22:20:20.144+02:00 TRACE 13448 --- [api-gateway] [    Test worker] o.s.b.f.s.DefaultListableBeanFactory     : Returning cached instance of singleton bean 'postFilterAuthorizationAdvisor'
2025-04-26T22:20:20.144+02:00 TRACE 13448 --- [api-gateway] [    Test worker] o.s.b.f.s.DefaultListableBeanFactory     : Returning cached instance of singleton bean 'postAuthorizeAuthorizationAdvisor'
2025-04-26T22:20:20.144+02:00 TRACE 13448 --- [api-gateway] [    Test worker] o.s.b.f.s.DefaultListableBeanFactory     : Returning cached instance of singleton bean 'jsr250AuthorizationAdvisor'
2025-04-26T22:20:20.144+02:00 TRACE 13448 --- [api-gateway] [    Test worker] o.s.b.f.s.DefaultListableBeanFactory     : Returning cached instance of singleton bean 'authorizeReturnObjectAdvisor'
2025-04-26T22:20:20.145+02:00 TRACE 13448 --- [api-gateway] [    Test worker] o.s.b.f.s.DefaultListableBeanFactory     : Finished creating instance of bean 'resourceUrlProvider'
2025-04-26T22:20:20.145+02:00 DEBUG 13448 --- [api-gateway] [    Test worker] o.s.b.f.s.DefaultListableBeanFactory     : Autowiring by type from bean name 'resourceHandlerMapping' via factory method to bean named 'resourceUrlProvider'
2025-04-26T22:20:20.153+02:00 TRACE 13448 --- [api-gateway] [    Test worker] o.s.w.r.handler.SimpleUrlHandlerMapping  : Mapped [/webjars/**] onto ResourceWebHandler [classpath [META-INF/resources/webjars/]]
2025-04-26T22:20:20.154+02:00 TRACE 13448 --- [api-gateway] [    Test worker] o.s.w.r.handler.SimpleUrlHandlerMapping  : Mapped [/**] onto ResourceWebHandler [classpath [META-INF/resources/], classpath [resources/], classpath [static/], classpath [public/]]
2025-04-26T22:20:20.154+02:00 DEBUG 13448 --- [api-gateway] [    Test worker] _.s.w.reactive.HandlerMapping.Mappings   : 'resourceHandlerMapping' {/webjars/**=ResourceWebHandler [classpath [META-INF/resources/webjars/]], /**=ResourceWebHandler [classpath [META-INF/resources/], classpath [resources/], classpath [static/], classpath [public/]]}
2025-04-26T22:20:20.154+02:00 TRACE 13448 --- [api-gateway] [    Test worker] o.s.b.f.s.DefaultListableBeanFactory     : Returning cached instance of singleton bean 'preFilterAuthorizationAdvisor'
2025-04-26T22:20:20.154+02:00 TRACE 13448 --- [api-gateway] [    Test worker] o.s.b.f.s.DefaultListableBeanFactory     : Returning cached instance of singleton bean 'preAuthorizeAuthorizationAdvisor'
2025-04-26T22:20:20.154+02:00 TRACE 13448 --- [api-gateway] [    Test worker] o.s.b.f.s.DefaultListableBeanFactory     : Returning cached instance of singleton bean 'postFilterAuthorizationAdvisor'
2025-04-26T22:20:20.154+02:00 TRACE 13448 --- [api-gateway] [    Test worker] o.s.b.f.s.DefaultListableBeanFactory     : Returning cached instance of singleton bean 'postAuthorizeAuthorizationAdvisor'
2025-04-26T22:20:20.154+02:00 TRACE 13448 --- [api-gateway] [    Test worker] o.s.b.f.s.DefaultListableBeanFactory     : Returning cached instance of singleton bean 'jsr250AuthorizationAdvisor'
2025-04-26T22:20:20.154+02:00 TRACE 13448 --- [api-gateway] [    Test worker] o.s.b.f.s.DefaultListableBeanFactory     : Returning cached instance of singleton bean 'authorizeReturnObjectAdvisor'
2025-04-26T22:20:20.155+02:00 TRACE 13448 --- [api-gateway] [    Test worker] o.s.b.f.s.DefaultListableBeanFactory     : Finished creating instance of bean 'resourceHandlerMapping'
2025-04-26T22:20:20.155+02:00 DEBUG 13448 --- [api-gateway] [    Test worker] o.s.b.f.s.DefaultListableBeanFactory     : Creating shared instance of singleton bean 'welcomePageRouterFunctionMapping'
2025-04-26T22:20:20.156+02:00 TRACE 13448 --- [api-gateway] [    Test worker] o.s.b.f.s.DefaultListableBeanFactory     : Creating instance of bean 'welcomePageRouterFunctionMapping'
2025-04-26T22:20:20.156+02:00 DEBUG 13448 --- [api-gateway] [    Test worker] o.s.b.f.s.DefaultListableBeanFactory     : Creating shared instance of singleton bean 'org.springframework.boot.autoconfigure.web.reactive.WebFluxAutoConfiguration$WelcomePageConfiguration'
2025-04-26T22:20:20.156+02:00 TRACE 13448 --- [api-gateway] [    Test worker] o.s.b.f.s.DefaultListableBeanFactory     : Creating instance of bean 'org.springframework.boot.autoconfigure.web.reactive.WebFluxAutoConfiguration$WelcomePageConfiguration'
2025-04-26T22:20:20.156+02:00 TRACE 13448 --- [api-gateway] [    Test worker] o.s.b.f.s.DefaultListableBeanFactory     : Returning cached instance of singleton bean 'preFilterAuthorizationAdvisor'
2025-04-26T22:20:20.156+02:00 TRACE 13448 --- [api-gateway] [    Test worker] o.s.b.f.s.DefaultListableBeanFactory     : Returning cached instance of singleton bean 'preAuthorizeAuthorizationAdvisor'
2025-04-26T22:20:20.156+02:00 TRACE 13448 --- [api-gateway] [    Test worker] o.s.b.f.s.DefaultListableBeanFactory     : Returning cached instance of singleton bean 'postFilterAuthorizationAdvisor'
2025-04-26T22:20:20.156+02:00 TRACE 13448 --- [api-gateway] [    Test worker] o.s.b.f.s.DefaultListableBeanFactory     : Returning cached instance of singleton bean 'postAuthorizeAuthorizationAdvisor'
2025-04-26T22:20:20.156+02:00 TRACE 13448 --- [api-gateway] [    Test worker] o.s.b.f.s.DefaultListableBeanFactory     : Returning cached instance of singleton bean 'jsr250AuthorizationAdvisor'
2025-04-26T22:20:20.156+02:00 TRACE 13448 --- [api-gateway] [    Test worker] o.s.b.f.s.DefaultListableBeanFactory     : Returning cached instance of singleton bean 'authorizeReturnObjectAdvisor'
2025-04-26T22:20:20.156+02:00 TRACE 13448 --- [api-gateway] [    Test worker] o.s.b.f.s.DefaultListableBeanFactory     : Finished creating instance of bean 'org.springframework.boot.autoconfigure.web.reactive.WebFluxAutoConfiguration$WelcomePageConfiguration'
2025-04-26T22:20:20.156+02:00 TRACE 13448 --- [api-gateway] [    Test worker] o.s.b.f.s.DefaultListableBeanFactory     : Returning cached instance of singleton bean 'spring.webflux-org.springframework.boot.autoconfigure.web.reactive.WebFluxProperties'
2025-04-26T22:20:20.156+02:00 TRACE 13448 --- [api-gateway] [    Test worker] o.s.b.f.s.DefaultListableBeanFactory     : Returning cached instance of singleton bean 'spring.web-org.springframework.boot.autoconfigure.web.WebProperties'
2025-04-26T22:20:20.156+02:00 DEBUG 13448 --- [api-gateway] [    Test worker] o.s.b.f.s.DefaultListableBeanFactory     : Autowiring by type from bean name 'welcomePageRouterFunctionMapping' via factory method to bean named 'org.springframework.boot.web.reactive.context.GenericReactiveWebApplicationContext@79d743e6'
2025-04-26T22:20:20.156+02:00 DEBUG 13448 --- [api-gateway] [    Test worker] o.s.b.f.s.DefaultListableBeanFactory     : Autowiring by type from bean name 'welcomePageRouterFunctionMapping' via factory method to bean named 'spring.webflux-org.springframework.boot.autoconfigure.web.reactive.WebFluxProperties'
2025-04-26T22:20:20.156+02:00 DEBUG 13448 --- [api-gateway] [    Test worker] o.s.b.f.s.DefaultListableBeanFactory     : Autowiring by type from bean name 'welcomePageRouterFunctionMapping' via factory method to bean named 'spring.web-org.springframework.boot.autoconfigure.web.WebProperties'
2025-04-26T22:20:20.157+02:00 TRACE 13448 --- [api-gateway] [    Test worker] o.s.c.io.support.SpringFactoriesLoader   : Loaded [org.springframework.boot.autoconfigure.template.TemplateAvailabilityProvider] names: [org.springframework.boot.autoconfigure.freemarker.FreeMarkerTemplateAvailabilityProvider, org.springframework.boot.autoconfigure.groovy.template.GroovyTemplateAvailabilityProvider, org.springframework.boot.autoconfigure.mustache.MustacheTemplateAvailabilityProvider, org.springframework.boot.autoconfigure.thymeleaf.ThymeleafTemplateAvailabilityProvider, org.springframework.boot.autoconfigure.web.servlet.JspTemplateAvailabilityProvider]
2025-04-26T22:20:20.159+02:00 TRACE 13448 --- [api-gateway] [    Test worker] o.s.b.f.s.DefaultListableBeanFactory     : Returning cached instance of singleton bean 'preFilterAuthorizationAdvisor'
2025-04-26T22:20:20.160+02:00 TRACE 13448 --- [api-gateway] [    Test worker] o.s.b.f.s.DefaultListableBeanFactory     : Returning cached instance of singleton bean 'preAuthorizeAuthorizationAdvisor'
2025-04-26T22:20:20.160+02:00 TRACE 13448 --- [api-gateway] [    Test worker] o.s.b.f.s.DefaultListableBeanFactory     : Returning cached instance of singleton bean 'postFilterAuthorizationAdvisor'
2025-04-26T22:20:20.160+02:00 TRACE 13448 --- [api-gateway] [    Test worker] o.s.b.f.s.DefaultListableBeanFactory     : Returning cached instance of singleton bean 'postAuthorizeAuthorizationAdvisor'
2025-04-26T22:20:20.160+02:00 TRACE 13448 --- [api-gateway] [    Test worker] o.s.b.f.s.DefaultListableBeanFactory     : Returning cached instance of singleton bean 'jsr250AuthorizationAdvisor'
2025-04-26T22:20:20.160+02:00 TRACE 13448 --- [api-gateway] [    Test worker] o.s.b.f.s.DefaultListableBeanFactory     : Returning cached instance of singleton bean 'authorizeReturnObjectAdvisor'
2025-04-26T22:20:20.160+02:00 TRACE 13448 --- [api-gateway] [    Test worker] o.s.b.f.s.DefaultListableBeanFactory     : Finished creating instance of bean 'welcomePageRouterFunctionMapping'
2025-04-26T22:20:20.160+02:00 DEBUG 13448 --- [api-gateway] [    Test worker] o.s.b.f.s.DefaultListableBeanFactory     : Creating shared instance of singleton bean 'requestMappingHandlerAdapter'
2025-04-26T22:20:20.161+02:00 TRACE 13448 --- [api-gateway] [    Test worker] o.s.b.f.s.DefaultListableBeanFactory     : Creating instance of bean 'requestMappingHandlerAdapter'
2025-04-26T22:20:20.161+02:00 TRACE 13448 --- [api-gateway] [    Test worker] o.s.b.f.s.DefaultListableBeanFactory     : Returning cached instance of singleton bean 'org.springframework.boot.autoconfigure.web.reactive.WebFluxAutoConfiguration$EnableWebFluxConfiguration'
2025-04-26T22:20:20.161+02:00 TRACE 13448 --- [api-gateway] [    Test worker] o.s.b.f.s.DefaultListableBeanFactory     : Returning cached instance of singleton bean 'webFluxAdapterRegistry'
2025-04-26T22:20:20.161+02:00 TRACE 13448 --- [api-gateway] [    Test worker] o.s.b.f.s.DefaultListableBeanFactory     : Returning cached instance of singleton bean 'serverCodecConfigurer'
2025-04-26T22:20:20.161+02:00 TRACE 13448 --- [api-gateway] [    Test worker] o.s.b.f.s.DefaultListableBeanFactory     : Returning cached instance of singleton bean 'webFluxConversionService'
2025-04-26T22:20:20.162+02:00 TRACE 13448 --- [api-gateway] [    Test worker] o.s.b.f.s.DefaultListableBeanFactory     : Returning cached instance of singleton bean 'webFluxContentTypeResolver'
2025-04-26T22:20:20.162+02:00 TRACE 13448 --- [api-gateway] [    Test worker] o.s.b.f.s.DefaultListableBeanFactory     : Returning cached instance of singleton bean 'webFluxValidator'
2025-04-26T22:20:20.162+02:00 DEBUG 13448 --- [api-gateway] [    Test worker] o.s.b.f.s.DefaultListableBeanFactory     : Autowiring by type from bean name 'requestMappingHandlerAdapter' via factory method to bean named 'webFluxAdapterRegistry'
2025-04-26T22:20:20.162+02:00 DEBUG 13448 --- [api-gateway] [    Test worker] o.s.b.f.s.DefaultListableBeanFactory     : Autowiring by type from bean name 'requestMappingHandlerAdapter' via factory method to bean named 'serverCodecConfigurer'
2025-04-26T22:20:20.162+02:00 DEBUG 13448 --- [api-gateway] [    Test worker] o.s.b.f.s.DefaultListableBeanFactory     : Autowiring by type from bean name 'requestMappingHandlerAdapter' via factory method to bean named 'webFluxConversionService'
2025-04-26T22:20:20.162+02:00 DEBUG 13448 --- [api-gateway] [    Test worker] o.s.b.f.s.DefaultListableBeanFactory     : Autowiring by type from bean name 'requestMappingHandlerAdapter' via factory method to bean named 'webFluxContentTypeResolver'
2025-04-26T22:20:20.162+02:00 DEBUG 13448 --- [api-gateway] [    Test worker] o.s.b.f.s.DefaultListableBeanFactory     : Autowiring by type from bean name 'requestMappingHandlerAdapter' via factory method to bean named 'webFluxValidator'
2025-04-26T22:20:20.167+02:00 TRACE 13448 --- [api-gateway] [    Test worker] o.s.b.f.s.DefaultListableBeanFactory     : Returning cached instance of singleton bean 'authenticationPrincipalArgumentResolver'
2025-04-26T22:20:20.167+02:00 TRACE 13448 --- [api-gateway] [    Test worker] o.s.b.f.s.DefaultListableBeanFactory     : Returning cached instance of singleton bean 'reactiveCurrentSecurityContextArgumentResolver'
2025-04-26T22:20:20.168+02:00 TRACE 13448 --- [api-gateway] [    Test worker] o.s.b.f.s.DefaultListableBeanFactory     : Returning cached instance of singleton bean 'authenticationPrincipalArgumentResolver'
2025-04-26T22:20:20.168+02:00 TRACE 13448 --- [api-gateway] [    Test worker] o.s.b.f.s.DefaultListableBeanFactory     : Returning cached instance of singleton bean 'reactiveCurrentSecurityContextArgumentResolver'
2025-04-26T22:20:20.168+02:00 TRACE 13448 --- [api-gateway] [    Test worker] o.s.b.f.s.DefaultListableBeanFactory     : Returning cached instance of singleton bean 'authenticationPrincipalArgumentResolver'
2025-04-26T22:20:20.168+02:00 TRACE 13448 --- [api-gateway] [    Test worker] o.s.b.f.s.DefaultListableBeanFactory     : Returning cached instance of singleton bean 'reactiveCurrentSecurityContextArgumentResolver'
2025-04-26T22:20:20.171+02:00 TRACE 13448 --- [api-gateway] [    Test worker] o.s.b.f.s.DefaultListableBeanFactory     : Invoking afterPropertiesSet() on bean with name 'requestMappingHandlerAdapter'
2025-04-26T22:20:20.193+02:00 DEBUG 13448 --- [api-gateway] [    Test worker] o.s.w.r.r.m.a.ControllerMethodResolver   : ControllerAdvice beans: none
2025-04-26T22:20:20.193+02:00 TRACE 13448 --- [api-gateway] [    Test worker] o.s.b.f.s.DefaultListableBeanFactory     : Returning cached instance of singleton bean 'preFilterAuthorizationAdvisor'
2025-04-26T22:20:20.193+02:00 TRACE 13448 --- [api-gateway] [    Test worker] o.s.b.f.s.DefaultListableBeanFactory     : Returning cached instance of singleton bean 'preAuthorizeAuthorizationAdvisor'
2025-04-26T22:20:20.193+02:00 TRACE 13448 --- [api-gateway] [    Test worker] o.s.b.f.s.DefaultListableBeanFactory     : Returning cached instance of singleton bean 'postFilterAuthorizationAdvisor'
2025-04-26T22:20:20.194+02:00 TRACE 13448 --- [api-gateway] [    Test worker] o.s.b.f.s.DefaultListableBeanFactory     : Returning cached instance of singleton bean 'postAuthorizeAuthorizationAdvisor'
2025-04-26T22:20:20.194+02:00 TRACE 13448 --- [api-gateway] [    Test worker] o.s.b.f.s.DefaultListableBeanFactory     : Returning cached instance of singleton bean 'jsr250AuthorizationAdvisor'
2025-04-26T22:20:20.194+02:00 TRACE 13448 --- [api-gateway] [    Test worker] o.s.b.f.s.DefaultListableBeanFactory     : Returning cached instance of singleton bean 'authorizeReturnObjectAdvisor'
2025-04-26T22:20:20.194+02:00 TRACE 13448 --- [api-gateway] [    Test worker] o.s.b.f.s.DefaultListableBeanFactory     : Finished creating instance of bean 'requestMappingHandlerAdapter'
2025-04-26T22:20:20.194+02:00 DEBUG 13448 --- [api-gateway] [    Test worker] o.s.b.f.s.DefaultListableBeanFactory     : Creating shared instance of singleton bean 'handlerFunctionAdapter'
2025-04-26T22:20:20.194+02:00 TRACE 13448 --- [api-gateway] [    Test worker] o.s.b.f.s.DefaultListableBeanFactory     : Creating instance of bean 'handlerFunctionAdapter'
2025-04-26T22:20:20.194+02:00 TRACE 13448 --- [api-gateway] [    Test worker] o.s.b.f.s.DefaultListableBeanFactory     : Returning cached instance of singleton bean 'org.springframework.boot.autoconfigure.web.reactive.WebFluxAutoConfiguration$EnableWebFluxConfiguration'
2025-04-26T22:20:20.195+02:00 TRACE 13448 --- [api-gateway] [    Test worker] o.s.b.f.s.DefaultListableBeanFactory     : Returning cached instance of singleton bean 'preFilterAuthorizationAdvisor'
2025-04-26T22:20:20.195+02:00 TRACE 13448 --- [api-gateway] [    Test worker] o.s.b.f.s.DefaultListableBeanFactory     : Returning cached instance of singleton bean 'preAuthorizeAuthorizationAdvisor'
2025-04-26T22:20:20.195+02:00 TRACE 13448 --- [api-gateway] [    Test worker] o.s.b.f.s.DefaultListableBeanFactory     : Returning cached instance of singleton bean 'postFilterAuthorizationAdvisor'
2025-04-26T22:20:20.195+02:00 TRACE 13448 --- [api-gateway] [    Test worker] o.s.b.f.s.DefaultListableBeanFactory     : Returning cached instance of singleton bean 'postAuthorizeAuthorizationAdvisor'
2025-04-26T22:20:20.195+02:00 TRACE 13448 --- [api-gateway] [    Test worker] o.s.b.f.s.DefaultListableBeanFactory     : Returning cached instance of singleton bean 'jsr250AuthorizationAdvisor'
2025-04-26T22:20:20.195+02:00 TRACE 13448 --- [api-gateway] [    Test worker] o.s.b.f.s.DefaultListableBeanFactory     : Returning cached instance of singleton bean 'authorizeReturnObjectAdvisor'
2025-04-26T22:20:20.195+02:00 TRACE 13448 --- [api-gateway] [    Test worker] o.s.b.f.s.DefaultListableBeanFactory     : Finished creating instance of bean 'handlerFunctionAdapter'
2025-04-26T22:20:20.195+02:00 DEBUG 13448 --- [api-gateway] [    Test worker] o.s.b.f.s.DefaultListableBeanFactory     : Creating shared instance of singleton bean 'simpleHandlerAdapter'
2025-04-26T22:20:20.196+02:00 TRACE 13448 --- [api-gateway] [    Test worker] o.s.b.f.s.DefaultListableBeanFactory     : Creating instance of bean 'simpleHandlerAdapter'
2025-04-26T22:20:20.196+02:00 TRACE 13448 --- [api-gateway] [    Test worker] o.s.b.f.s.DefaultListableBeanFactory     : Returning cached instance of singleton bean 'org.springframework.boot.autoconfigure.web.reactive.WebFluxAutoConfiguration$EnableWebFluxConfiguration'
2025-04-26T22:20:20.196+02:00 TRACE 13448 --- [api-gateway] [    Test worker] o.s.b.f.s.DefaultListableBeanFactory     : Returning cached instance of singleton bean 'preFilterAuthorizationAdvisor'
2025-04-26T22:20:20.196+02:00 TRACE 13448 --- [api-gateway] [    Test worker] o.s.b.f.s.DefaultListableBeanFactory     : Returning cached instance of singleton bean 'preAuthorizeAuthorizationAdvisor'
2025-04-26T22:20:20.196+02:00 TRACE 13448 --- [api-gateway] [    Test worker] o.s.b.f.s.DefaultListableBeanFactory     : Returning cached instance of singleton bean 'postFilterAuthorizationAdvisor'
2025-04-26T22:20:20.196+02:00 TRACE 13448 --- [api-gateway] [    Test worker] o.s.b.f.s.DefaultListableBeanFactory     : Returning cached instance of singleton bean 'postAuthorizeAuthorizationAdvisor'
2025-04-26T22:20:20.196+02:00 TRACE 13448 --- [api-gateway] [    Test worker] o.s.b.f.s.DefaultListableBeanFactory     : Returning cached instance of singleton bean 'jsr250AuthorizationAdvisor'
2025-04-26T22:20:20.196+02:00 TRACE 13448 --- [api-gateway] [    Test worker] o.s.b.f.s.DefaultListableBeanFactory     : Returning cached instance of singleton bean 'authorizeReturnObjectAdvisor'
2025-04-26T22:20:20.196+02:00 TRACE 13448 --- [api-gateway] [    Test worker] o.s.b.f.s.DefaultListableBeanFactory     : Finished creating instance of bean 'simpleHandlerAdapter'
2025-04-26T22:20:20.196+02:00 DEBUG 13448 --- [api-gateway] [    Test worker] o.s.b.f.s.DefaultListableBeanFactory     : Creating shared instance of singleton bean 'webFluxWebSocketHandlerAdapter'
2025-04-26T22:20:20.196+02:00 TRACE 13448 --- [api-gateway] [    Test worker] o.s.b.f.s.DefaultListableBeanFactory     : Creating instance of bean 'webFluxWebSocketHandlerAdapter'
2025-04-26T22:20:20.196+02:00 TRACE 13448 --- [api-gateway] [    Test worker] o.s.b.f.s.DefaultListableBeanFactory     : Returning cached instance of singleton bean 'org.springframework.boot.autoconfigure.web.reactive.WebFluxAutoConfiguration$EnableWebFluxConfiguration'
2025-04-26T22:20:20.198+02:00 TRACE 13448 --- [api-gateway] [    Test worker] o.s.b.f.s.DefaultListableBeanFactory     : Returning cached instance of singleton bean 'preFilterAuthorizationAdvisor'
2025-04-26T22:20:20.198+02:00 TRACE 13448 --- [api-gateway] [    Test worker] o.s.b.f.s.DefaultListableBeanFactory     : Returning cached instance of singleton bean 'preAuthorizeAuthorizationAdvisor'
2025-04-26T22:20:20.198+02:00 TRACE 13448 --- [api-gateway] [    Test worker] o.s.b.f.s.DefaultListableBeanFactory     : Returning cached instance of singleton bean 'postFilterAuthorizationAdvisor'
2025-04-26T22:20:20.198+02:00 TRACE 13448 --- [api-gateway] [    Test worker] o.s.b.f.s.DefaultListableBeanFactory     : Returning cached instance of singleton bean 'postAuthorizeAuthorizationAdvisor'
2025-04-26T22:20:20.198+02:00 TRACE 13448 --- [api-gateway] [    Test worker] o.s.b.f.s.DefaultListableBeanFactory     : Returning cached instance of singleton bean 'jsr250AuthorizationAdvisor'
2025-04-26T22:20:20.198+02:00 TRACE 13448 --- [api-gateway] [    Test worker] o.s.b.f.s.DefaultListableBeanFactory     : Returning cached instance of singleton bean 'authorizeReturnObjectAdvisor'
2025-04-26T22:20:20.198+02:00 TRACE 13448 --- [api-gateway] [    Test worker] o.s.b.f.s.DefaultListableBeanFactory     : Finished creating instance of bean 'webFluxWebSocketHandlerAdapter'
2025-04-26T22:20:20.198+02:00 DEBUG 13448 --- [api-gateway] [    Test worker] o.s.b.f.s.DefaultListableBeanFactory     : Creating shared instance of singleton bean 'responseEntityResultHandler'
2025-04-26T22:20:20.198+02:00 TRACE 13448 --- [api-gateway] [    Test worker] o.s.b.f.s.DefaultListableBeanFactory     : Creating instance of bean 'responseEntityResultHandler'
2025-04-26T22:20:20.198+02:00 TRACE 13448 --- [api-gateway] [    Test worker] o.s.b.f.s.DefaultListableBeanFactory     : Returning cached instance of singleton bean 'org.springframework.boot.autoconfigure.web.reactive.WebFluxAutoConfiguration$EnableWebFluxConfiguration'
2025-04-26T22:20:20.199+02:00 TRACE 13448 --- [api-gateway] [    Test worker] o.s.b.f.s.DefaultListableBeanFactory     : Returning cached instance of singleton bean 'webFluxAdapterRegistry'
2025-04-26T22:20:20.199+02:00 TRACE 13448 --- [api-gateway] [    Test worker] o.s.b.f.s.DefaultListableBeanFactory     : Returning cached instance of singleton bean 'serverCodecConfigurer'
2025-04-26T22:20:20.199+02:00 TRACE 13448 --- [api-gateway] [    Test worker] o.s.b.f.s.DefaultListableBeanFactory     : Returning cached instance of singleton bean 'webFluxContentTypeResolver'
2025-04-26T22:20:20.199+02:00 DEBUG 13448 --- [api-gateway] [    Test worker] o.s.b.f.s.DefaultListableBeanFactory     : Autowiring by type from bean name 'responseEntityResultHandler' via factory method to bean named 'webFluxAdapterRegistry'
2025-04-26T22:20:20.199+02:00 DEBUG 13448 --- [api-gateway] [    Test worker] o.s.b.f.s.DefaultListableBeanFactory     : Autowiring by type from bean name 'responseEntityResultHandler' via factory method to bean named 'serverCodecConfigurer'
2025-04-26T22:20:20.199+02:00 DEBUG 13448 --- [api-gateway] [    Test worker] o.s.b.f.s.DefaultListableBeanFactory     : Autowiring by type from bean name 'responseEntityResultHandler' via factory method to bean named 'webFluxContentTypeResolver'
2025-04-26T22:20:20.201+02:00 TRACE 13448 --- [api-gateway] [    Test worker] o.s.b.f.s.DefaultListableBeanFactory     : Returning cached instance of singleton bean 'preFilterAuthorizationAdvisor'
2025-04-26T22:20:20.201+02:00 TRACE 13448 --- [api-gateway] [    Test worker] o.s.b.f.s.DefaultListableBeanFactory     : Returning cached instance of singleton bean 'preAuthorizeAuthorizationAdvisor'
2025-04-26T22:20:20.201+02:00 TRACE 13448 --- [api-gateway] [    Test worker] o.s.b.f.s.DefaultListableBeanFactory     : Returning cached instance of singleton bean 'postFilterAuthorizationAdvisor'
2025-04-26T22:20:20.201+02:00 TRACE 13448 --- [api-gateway] [    Test worker] o.s.b.f.s.DefaultListableBeanFactory     : Returning cached instance of singleton bean 'postAuthorizeAuthorizationAdvisor'
2025-04-26T22:20:20.201+02:00 TRACE 13448 --- [api-gateway] [    Test worker] o.s.b.f.s.DefaultListableBeanFactory     : Returning cached instance of singleton bean 'jsr250AuthorizationAdvisor'
2025-04-26T22:20:20.201+02:00 TRACE 13448 --- [api-gateway] [    Test worker] o.s.b.f.s.DefaultListableBeanFactory     : Returning cached instance of singleton bean 'authorizeReturnObjectAdvisor'
2025-04-26T22:20:20.201+02:00 TRACE 13448 --- [api-gateway] [    Test worker] o.s.b.f.s.DefaultListableBeanFactory     : Finished creating instance of bean 'responseEntityResultHandler'
2025-04-26T22:20:20.202+02:00 DEBUG 13448 --- [api-gateway] [    Test worker] o.s.b.f.s.DefaultListableBeanFactory     : Creating shared instance of singleton bean 'responseBodyResultHandler'
2025-04-26T22:20:20.202+02:00 TRACE 13448 --- [api-gateway] [    Test worker] o.s.b.f.s.DefaultListableBeanFactory     : Creating instance of bean 'responseBodyResultHandler'
2025-04-26T22:20:20.202+02:00 TRACE 13448 --- [api-gateway] [    Test worker] o.s.b.f.s.DefaultListableBeanFactory     : Returning cached instance of singleton bean 'org.springframework.boot.autoconfigure.web.reactive.WebFluxAutoConfiguration$EnableWebFluxConfiguration'
2025-04-26T22:20:20.202+02:00 TRACE 13448 --- [api-gateway] [    Test worker] o.s.b.f.s.DefaultListableBeanFactory     : Returning cached instance of singleton bean 'webFluxAdapterRegistry'
2025-04-26T22:20:20.202+02:00 TRACE 13448 --- [api-gateway] [    Test worker] o.s.b.f.s.DefaultListableBeanFactory     : Returning cached instance of singleton bean 'serverCodecConfigurer'
2025-04-26T22:20:20.202+02:00 TRACE 13448 --- [api-gateway] [    Test worker] o.s.b.f.s.DefaultListableBeanFactory     : Returning cached instance of singleton bean 'webFluxContentTypeResolver'
2025-04-26T22:20:20.202+02:00 DEBUG 13448 --- [api-gateway] [    Test worker] o.s.b.f.s.DefaultListableBeanFactory     : Autowiring by type from bean name 'responseBodyResultHandler' via factory method to bean named 'webFluxAdapterRegistry'
2025-04-26T22:20:20.202+02:00 DEBUG 13448 --- [api-gateway] [    Test worker] o.s.b.f.s.DefaultListableBeanFactory     : Autowiring by type from bean name 'responseBodyResultHandler' via factory method to bean named 'serverCodecConfigurer'
2025-04-26T22:20:20.202+02:00 DEBUG 13448 --- [api-gateway] [    Test worker] o.s.b.f.s.DefaultListableBeanFactory     : Autowiring by type from bean name 'responseBodyResultHandler' via factory method to bean named 'webFluxContentTypeResolver'
2025-04-26T22:20:20.203+02:00 TRACE 13448 --- [api-gateway] [    Test worker] o.s.b.f.s.DefaultListableBeanFactory     : Returning cached instance of singleton bean 'preFilterAuthorizationAdvisor'
2025-04-26T22:20:20.203+02:00 TRACE 13448 --- [api-gateway] [    Test worker] o.s.b.f.s.DefaultListableBeanFactory     : Returning cached instance of singleton bean 'preAuthorizeAuthorizationAdvisor'
2025-04-26T22:20:20.203+02:00 TRACE 13448 --- [api-gateway] [    Test worker] o.s.b.f.s.DefaultListableBeanFactory     : Returning cached instance of singleton bean 'postFilterAuthorizationAdvisor'
2025-04-26T22:20:20.203+02:00 TRACE 13448 --- [api-gateway] [    Test worker] o.s.b.f.s.DefaultListableBeanFactory     : Returning cached instance of singleton bean 'postAuthorizeAuthorizationAdvisor'
2025-04-26T22:20:20.203+02:00 TRACE 13448 --- [api-gateway] [    Test worker] o.s.b.f.s.DefaultListableBeanFactory     : Returning cached instance of singleton bean 'jsr250AuthorizationAdvisor'
2025-04-26T22:20:20.203+02:00 TRACE 13448 --- [api-gateway] [    Test worker] o.s.b.f.s.DefaultListableBeanFactory     : Returning cached instance of singleton bean 'authorizeReturnObjectAdvisor'
2025-04-26T22:20:20.203+02:00 TRACE 13448 --- [api-gateway] [    Test worker] o.s.b.f.s.DefaultListableBeanFactory     : Finished creating instance of bean 'responseBodyResultHandler'
2025-04-26T22:20:20.203+02:00 DEBUG 13448 --- [api-gateway] [    Test worker] o.s.b.f.s.DefaultListableBeanFactory     : Creating shared instance of singleton bean 'viewResolutionResultHandler'
2025-04-26T22:20:20.203+02:00 TRACE 13448 --- [api-gateway] [    Test worker] o.s.b.f.s.DefaultListableBeanFactory     : Creating instance of bean 'viewResolutionResultHandler'
2025-04-26T22:20:20.203+02:00 TRACE 13448 --- [api-gateway] [    Test worker] o.s.b.f.s.DefaultListableBeanFactory     : Returning cached instance of singleton bean 'org.springframework.boot.autoconfigure.web.reactive.WebFluxAutoConfiguration$EnableWebFluxConfiguration'
2025-04-26T22:20:20.203+02:00 TRACE 13448 --- [api-gateway] [    Test worker] o.s.b.f.s.DefaultListableBeanFactory     : Returning cached instance of singleton bean 'webFluxAdapterRegistry'
2025-04-26T22:20:20.203+02:00 TRACE 13448 --- [api-gateway] [    Test worker] o.s.b.f.s.DefaultListableBeanFactory     : Returning cached instance of singleton bean 'webFluxContentTypeResolver'
2025-04-26T22:20:20.204+02:00 DEBUG 13448 --- [api-gateway] [    Test worker] o.s.b.f.s.DefaultListableBeanFactory     : Autowiring by type from bean name 'viewResolutionResultHandler' via factory method to bean named 'webFluxAdapterRegistry'
2025-04-26T22:20:20.204+02:00 DEBUG 13448 --- [api-gateway] [    Test worker] o.s.b.f.s.DefaultListableBeanFactory     : Autowiring by type from bean name 'viewResolutionResultHandler' via factory method to bean named 'webFluxContentTypeResolver'
2025-04-26T22:20:20.208+02:00 TRACE 13448 --- [api-gateway] [    Test worker] o.s.b.f.s.DefaultListableBeanFactory     : Returning cached instance of singleton bean 'preFilterAuthorizationAdvisor'
2025-04-26T22:20:20.208+02:00 TRACE 13448 --- [api-gateway] [    Test worker] o.s.b.f.s.DefaultListableBeanFactory     : Returning cached instance of singleton bean 'preAuthorizeAuthorizationAdvisor'
2025-04-26T22:20:20.208+02:00 TRACE 13448 --- [api-gateway] [    Test worker] o.s.b.f.s.DefaultListableBeanFactory     : Returning cached instance of singleton bean 'postFilterAuthorizationAdvisor'
2025-04-26T22:20:20.208+02:00 TRACE 13448 --- [api-gateway] [    Test worker] o.s.b.f.s.DefaultListableBeanFactory     : Returning cached instance of singleton bean 'postAuthorizeAuthorizationAdvisor'
2025-04-26T22:20:20.208+02:00 TRACE 13448 --- [api-gateway] [    Test worker] o.s.b.f.s.DefaultListableBeanFactory     : Returning cached instance of singleton bean 'jsr250AuthorizationAdvisor'
2025-04-26T22:20:20.208+02:00 TRACE 13448 --- [api-gateway] [    Test worker] o.s.b.f.s.DefaultListableBeanFactory     : Returning cached instance of singleton bean 'authorizeReturnObjectAdvisor'
2025-04-26T22:20:20.209+02:00 TRACE 13448 --- [api-gateway] [    Test worker] o.s.b.f.s.DefaultListableBeanFactory     : Finished creating instance of bean 'viewResolutionResultHandler'
2025-04-26T22:20:20.209+02:00 DEBUG 13448 --- [api-gateway] [    Test worker] o.s.b.f.s.DefaultListableBeanFactory     : Creating shared instance of singleton bean 'serverResponseResultHandler'
2025-04-26T22:20:20.209+02:00 TRACE 13448 --- [api-gateway] [    Test worker] o.s.b.f.s.DefaultListableBeanFactory     : Creating instance of bean 'serverResponseResultHandler'
2025-04-26T22:20:20.209+02:00 TRACE 13448 --- [api-gateway] [    Test worker] o.s.b.f.s.DefaultListableBeanFactory     : Returning cached instance of singleton bean 'org.springframework.boot.autoconfigure.web.reactive.WebFluxAutoConfiguration$EnableWebFluxConfiguration'
2025-04-26T22:20:20.209+02:00 TRACE 13448 --- [api-gateway] [    Test worker] o.s.b.f.s.DefaultListableBeanFactory     : Returning cached instance of singleton bean 'serverCodecConfigurer'
2025-04-26T22:20:20.209+02:00 DEBUG 13448 --- [api-gateway] [    Test worker] o.s.b.f.s.DefaultListableBeanFactory     : Autowiring by type from bean name 'serverResponseResultHandler' via factory method to bean named 'serverCodecConfigurer'
2025-04-26T22:20:20.209+02:00 TRACE 13448 --- [api-gateway] [    Test worker] o.s.b.f.s.DefaultListableBeanFactory     : Invoking afterPropertiesSet() on bean with name 'serverResponseResultHandler'
2025-04-26T22:20:20.209+02:00 TRACE 13448 --- [api-gateway] [    Test worker] o.s.b.f.s.DefaultListableBeanFactory     : Returning cached instance of singleton bean 'preFilterAuthorizationAdvisor'
2025-04-26T22:20:20.209+02:00 TRACE 13448 --- [api-gateway] [    Test worker] o.s.b.f.s.DefaultListableBeanFactory     : Returning cached instance of singleton bean 'preAuthorizeAuthorizationAdvisor'
2025-04-26T22:20:20.209+02:00 TRACE 13448 --- [api-gateway] [    Test worker] o.s.b.f.s.DefaultListableBeanFactory     : Returning cached instance of singleton bean 'postFilterAuthorizationAdvisor'
2025-04-26T22:20:20.209+02:00 TRACE 13448 --- [api-gateway] [    Test worker] o.s.b.f.s.DefaultListableBeanFactory     : Returning cached instance of singleton bean 'postAuthorizeAuthorizationAdvisor'
2025-04-26T22:20:20.209+02:00 TRACE 13448 --- [api-gateway] [    Test worker] o.s.b.f.s.DefaultListableBeanFactory     : Returning cached instance of singleton bean 'jsr250AuthorizationAdvisor'
2025-04-26T22:20:20.209+02:00 TRACE 13448 --- [api-gateway] [    Test worker] o.s.b.f.s.DefaultListableBeanFactory     : Returning cached instance of singleton bean 'authorizeReturnObjectAdvisor'
2025-04-26T22:20:20.210+02:00 TRACE 13448 --- [api-gateway] [    Test worker] o.s.b.f.s.DefaultListableBeanFactory     : Finished creating instance of bean 'serverResponseResultHandler'
2025-04-26T22:20:20.210+02:00 TRACE 13448 --- [api-gateway] [    Test worker] o.s.b.f.s.DefaultListableBeanFactory     : Returning cached instance of singleton bean 'preFilterAuthorizationAdvisor'
2025-04-26T22:20:20.210+02:00 TRACE 13448 --- [api-gateway] [    Test worker] o.s.b.f.s.DefaultListableBeanFactory     : Returning cached instance of singleton bean 'preAuthorizeAuthorizationAdvisor'
2025-04-26T22:20:20.210+02:00 TRACE 13448 --- [api-gateway] [    Test worker] o.s.b.f.s.DefaultListableBeanFactory     : Returning cached instance of singleton bean 'postFilterAuthorizationAdvisor'
2025-04-26T22:20:20.210+02:00 TRACE 13448 --- [api-gateway] [    Test worker] o.s.b.f.s.DefaultListableBeanFactory     : Returning cached instance of singleton bean 'postAuthorizeAuthorizationAdvisor'
2025-04-26T22:20:20.210+02:00 TRACE 13448 --- [api-gateway] [    Test worker] o.s.b.f.s.DefaultListableBeanFactory     : Returning cached instance of singleton bean 'jsr250AuthorizationAdvisor'
2025-04-26T22:20:20.210+02:00 TRACE 13448 --- [api-gateway] [    Test worker] o.s.b.f.s.DefaultListableBeanFactory     : Returning cached instance of singleton bean 'authorizeReturnObjectAdvisor'
2025-04-26T22:20:20.210+02:00 TRACE 13448 --- [api-gateway] [    Test worker] o.s.b.f.s.DefaultListableBeanFactory     : Finished creating instance of bean 'webHandler'
2025-04-26T22:20:20.210+02:00 DEBUG 13448 --- [api-gateway] [    Test worker] o.s.b.f.s.DefaultListableBeanFactory     : Creating shared instance of singleton bean 'responseStatusExceptionHandler'
2025-04-26T22:20:20.210+02:00 TRACE 13448 --- [api-gateway] [    Test worker] o.s.b.f.s.DefaultListableBeanFactory     : Creating instance of bean 'responseStatusExceptionHandler'
2025-04-26T22:20:20.210+02:00 TRACE 13448 --- [api-gateway] [    Test worker] o.s.b.f.s.DefaultListableBeanFactory     : Returning cached instance of singleton bean 'org.springframework.boot.autoconfigure.web.reactive.WebFluxAutoConfiguration$EnableWebFluxConfiguration'
2025-04-26T22:20:20.212+02:00 TRACE 13448 --- [api-gateway] [    Test worker] o.s.b.f.s.DefaultListableBeanFactory     : Returning cached instance of singleton bean 'preFilterAuthorizationAdvisor'
2025-04-26T22:20:20.212+02:00 TRACE 13448 --- [api-gateway] [    Test worker] o.s.b.f.s.DefaultListableBeanFactory     : Returning cached instance of singleton bean 'preAuthorizeAuthorizationAdvisor'
2025-04-26T22:20:20.212+02:00 TRACE 13448 --- [api-gateway] [    Test worker] o.s.b.f.s.DefaultListableBeanFactory     : Returning cached instance of singleton bean 'postFilterAuthorizationAdvisor'
2025-04-26T22:20:20.212+02:00 TRACE 13448 --- [api-gateway] [    Test worker] o.s.b.f.s.DefaultListableBeanFactory     : Returning cached instance of singleton bean 'postAuthorizeAuthorizationAdvisor'
2025-04-26T22:20:20.212+02:00 TRACE 13448 --- [api-gateway] [    Test worker] o.s.b.f.s.DefaultListableBeanFactory     : Returning cached instance of singleton bean 'jsr250AuthorizationAdvisor'
2025-04-26T22:20:20.212+02:00 TRACE 13448 --- [api-gateway] [    Test worker] o.s.b.f.s.DefaultListableBeanFactory     : Returning cached instance of singleton bean 'authorizeReturnObjectAdvisor'
2025-04-26T22:20:20.212+02:00 TRACE 13448 --- [api-gateway] [    Test worker] o.s.b.f.s.DefaultListableBeanFactory     : Finished creating instance of bean 'responseStatusExceptionHandler'
2025-04-26T22:20:20.212+02:00 TRACE 13448 --- [api-gateway] [    Test worker] o.s.b.f.s.DefaultListableBeanFactory     : Returning cached instance of singleton bean 'requestMappingHandlerMapping'
2025-04-26T22:20:20.212+02:00 TRACE 13448 --- [api-gateway] [    Test worker] o.s.b.f.s.DefaultListableBeanFactory     : Returning cached instance of singleton bean 'webFluxContentTypeResolver'
2025-04-26T22:20:20.212+02:00 TRACE 13448 --- [api-gateway] [    Test worker] o.s.b.f.s.DefaultListableBeanFactory     : Returning cached instance of singleton bean 'routerFunctionMapping'
2025-04-26T22:20:20.212+02:00 TRACE 13448 --- [api-gateway] [    Test worker] o.s.b.f.s.DefaultListableBeanFactory     : Returning cached instance of singleton bean 'resourceHandlerMapping'
2025-04-26T22:20:20.212+02:00 TRACE 13448 --- [api-gateway] [    Test worker] o.s.b.f.s.DefaultListableBeanFactory     : Returning cached instance of singleton bean 'resourceUrlProvider'
2025-04-26T22:20:20.212+02:00 TRACE 13448 --- [api-gateway] [    Test worker] o.s.b.f.s.DefaultListableBeanFactory     : Returning cached instance of singleton bean 'requestMappingHandlerAdapter'
2025-04-26T22:20:20.212+02:00 TRACE 13448 --- [api-gateway] [    Test worker] o.s.b.f.s.DefaultListableBeanFactory     : Returning cached instance of singleton bean 'serverCodecConfigurer'
2025-04-26T22:20:20.212+02:00 TRACE 13448 --- [api-gateway] [    Test worker] o.s.b.f.s.DefaultListableBeanFactory     : Returning cached instance of singleton bean 'webFluxAdapterRegistry'
2025-04-26T22:20:20.212+02:00 TRACE 13448 --- [api-gateway] [    Test worker] o.s.b.f.s.DefaultListableBeanFactory     : Returning cached instance of singleton bean 'handlerFunctionAdapter'
2025-04-26T22:20:20.212+02:00 TRACE 13448 --- [api-gateway] [    Test worker] o.s.b.f.s.DefaultListableBeanFactory     : Returning cached instance of singleton bean 'simpleHandlerAdapter'
2025-04-26T22:20:20.212+02:00 TRACE 13448 --- [api-gateway] [    Test worker] o.s.b.f.s.DefaultListableBeanFactory     : Returning cached instance of singleton bean 'webFluxWebSocketHandlerAdapter'
2025-04-26T22:20:20.212+02:00 TRACE 13448 --- [api-gateway] [    Test worker] o.s.b.f.s.DefaultListableBeanFactory     : Returning cached instance of singleton bean 'responseEntityResultHandler'
2025-04-26T22:20:20.212+02:00 TRACE 13448 --- [api-gateway] [    Test worker] o.s.b.f.s.DefaultListableBeanFactory     : Returning cached instance of singleton bean 'responseBodyResultHandler'
2025-04-26T22:20:20.212+02:00 TRACE 13448 --- [api-gateway] [    Test worker] o.s.b.f.s.DefaultListableBeanFactory     : Returning cached instance of singleton bean 'viewResolutionResultHandler'
2025-04-26T22:20:20.212+02:00 TRACE 13448 --- [api-gateway] [    Test worker] o.s.b.f.s.DefaultListableBeanFactory     : Returning cached instance of singleton bean 'serverResponseResultHandler'
2025-04-26T22:20:20.212+02:00 TRACE 13448 --- [api-gateway] [    Test worker] o.s.b.f.s.DefaultListableBeanFactory     : Returning cached instance of singleton bean 'org.springframework.boot.autoconfigure.web.reactive.WebFluxAutoConfiguration$WebFluxConfig'
2025-04-26T22:20:20.212+02:00 TRACE 13448 --- [api-gateway] [    Test worker] o.s.b.f.s.DefaultListableBeanFactory     : Returning cached instance of singleton bean 'org.springframework.boot.autoconfigure.web.reactive.WebFluxAutoConfiguration$WelcomePageConfiguration'
2025-04-26T22:20:20.212+02:00 TRACE 13448 --- [api-gateway] [    Test worker] o.s.b.f.s.DefaultListableBeanFactory     : Returning cached instance of singleton bean 'welcomePageRouterFunctionMapping'
2025-04-26T22:20:20.212+02:00 DEBUG 13448 --- [api-gateway] [    Test worker] o.s.b.f.s.DefaultListableBeanFactory     : Creating shared instance of singleton bean 'org.springframework.boot.autoconfigure.web.reactive.WebFluxAutoConfiguration'
2025-04-26T22:20:20.212+02:00 TRACE 13448 --- [api-gateway] [    Test worker] o.s.b.f.s.DefaultListableBeanFactory     : Creating instance of bean 'org.springframework.boot.autoconfigure.web.reactive.WebFluxAutoConfiguration'
2025-04-26T22:20:20.214+02:00 TRACE 13448 --- [api-gateway] [    Test worker] o.s.b.f.s.DefaultListableBeanFactory     : Returning cached instance of singleton bean 'preFilterAuthorizationAdvisor'
2025-04-26T22:20:20.214+02:00 TRACE 13448 --- [api-gateway] [    Test worker] o.s.b.f.s.DefaultListableBeanFactory     : Returning cached instance of singleton bean 'preAuthorizeAuthorizationAdvisor'
2025-04-26T22:20:20.214+02:00 TRACE 13448 --- [api-gateway] [    Test worker] o.s.b.f.s.DefaultListableBeanFactory     : Returning cached instance of singleton bean 'postFilterAuthorizationAdvisor'
2025-04-26T22:20:20.214+02:00 TRACE 13448 --- [api-gateway] [    Test worker] o.s.b.f.s.DefaultListableBeanFactory     : Returning cached instance of singleton bean 'postAuthorizeAuthorizationAdvisor'
2025-04-26T22:20:20.215+02:00 TRACE 13448 --- [api-gateway] [    Test worker] o.s.b.f.s.DefaultListableBeanFactory     : Returning cached instance of singleton bean 'jsr250AuthorizationAdvisor'
2025-04-26T22:20:20.215+02:00 TRACE 13448 --- [api-gateway] [    Test worker] o.s.b.f.s.DefaultListableBeanFactory     : Returning cached instance of singleton bean 'authorizeReturnObjectAdvisor'
2025-04-26T22:20:20.215+02:00 TRACE 13448 --- [api-gateway] [    Test worker] o.s.b.f.s.DefaultListableBeanFactory     : Finished creating instance of bean 'org.springframework.boot.autoconfigure.web.reactive.WebFluxAutoConfiguration'
2025-04-26T22:20:20.215+02:00 DEBUG 13448 --- [api-gateway] [    Test worker] o.s.b.f.s.DefaultListableBeanFactory     : Creating shared instance of singleton bean 'org.springframework.boot.autoconfigure.web.reactive.HttpHandlerAutoConfiguration$AnnotationConfig'
2025-04-26T22:20:20.215+02:00 TRACE 13448 --- [api-gateway] [    Test worker] o.s.b.f.s.DefaultListableBeanFactory     : Creating instance of bean 'org.springframework.boot.autoconfigure.web.reactive.HttpHandlerAutoConfiguration$AnnotationConfig'
2025-04-26T22:20:20.215+02:00 DEBUG 13448 --- [api-gateway] [    Test worker] o.s.b.f.s.DefaultListableBeanFactory     : Autowiring by type from bean name 'org.springframework.boot.autoconfigure.web.reactive.HttpHandlerAutoConfiguration$AnnotationConfig' via constructor to bean named 'org.springframework.boot.web.reactive.context.GenericReactiveWebApplicationContext@79d743e6'
2025-04-26T22:20:20.215+02:00 TRACE 13448 --- [api-gateway] [    Test worker] o.s.b.f.s.DefaultListableBeanFactory     : Returning cached instance of singleton bean 'preFilterAuthorizationAdvisor'
2025-04-26T22:20:20.215+02:00 TRACE 13448 --- [api-gateway] [    Test worker] o.s.b.f.s.DefaultListableBeanFactory     : Returning cached instance of singleton bean 'preAuthorizeAuthorizationAdvisor'
2025-04-26T22:20:20.215+02:00 TRACE 13448 --- [api-gateway] [    Test worker] o.s.b.f.s.DefaultListableBeanFactory     : Returning cached instance of singleton bean 'postFilterAuthorizationAdvisor'
2025-04-26T22:20:20.215+02:00 TRACE 13448 --- [api-gateway] [    Test worker] o.s.b.f.s.DefaultListableBeanFactory     : Returning cached instance of singleton bean 'postAuthorizeAuthorizationAdvisor'
2025-04-26T22:20:20.215+02:00 TRACE 13448 --- [api-gateway] [    Test worker] o.s.b.f.s.DefaultListableBeanFactory     : Returning cached instance of singleton bean 'jsr250AuthorizationAdvisor'
2025-04-26T22:20:20.215+02:00 TRACE 13448 --- [api-gateway] [    Test worker] o.s.b.f.s.DefaultListableBeanFactory     : Returning cached instance of singleton bean 'authorizeReturnObjectAdvisor'
2025-04-26T22:20:20.215+02:00 TRACE 13448 --- [api-gateway] [    Test worker] o.s.b.f.s.DefaultListableBeanFactory     : Finished creating instance of bean 'org.springframework.boot.autoconfigure.web.reactive.HttpHandlerAutoConfiguration$AnnotationConfig'
2025-04-26T22:20:20.215+02:00 DEBUG 13448 --- [api-gateway] [    Test worker] o.s.b.f.s.DefaultListableBeanFactory     : Creating shared instance of singleton bean 'httpHandler'
2025-04-26T22:20:20.215+02:00 TRACE 13448 --- [api-gateway] [    Test worker] o.s.b.f.s.DefaultListableBeanFactory     : Creating instance of bean 'httpHandler'
2025-04-26T22:20:20.215+02:00 TRACE 13448 --- [api-gateway] [    Test worker] o.s.b.f.s.DefaultListableBeanFactory     : Returning cached instance of singleton bean 'org.springframework.boot.autoconfigure.web.reactive.HttpHandlerAutoConfiguration$AnnotationConfig'
2025-04-26T22:20:20.216+02:00 TRACE 13448 --- [api-gateway] [    Test worker] o.s.b.f.s.DefaultListableBeanFactory     : Returning cached instance of singleton bean 'webHandler'
2025-04-26T22:20:20.216+02:00 TRACE 13448 --- [api-gateway] [    Test worker] o.s.b.f.s.DefaultListableBeanFactory     : Returning cached instance of singleton bean 'org.springframework.security.config.annotation.web.reactive.WebFluxSecurityConfiguration.WebFilterChainFilter'
2025-04-26T22:20:20.216+02:00 TRACE 13448 --- [api-gateway] [    Test worker] o.s.b.f.s.DefaultListableBeanFactory     : Returning cached instance of singleton bean 'weightCalculatorWebFilter'
2025-04-26T22:20:20.217+02:00 TRACE 13448 --- [api-gateway] [    Test worker] o.s.b.f.s.DefaultListableBeanFactory     : Returning cached instance of singleton bean 'errorWebExceptionHandler'
2025-04-26T22:20:20.217+02:00 TRACE 13448 --- [api-gateway] [    Test worker] o.s.b.f.s.DefaultListableBeanFactory     : Returning cached instance of singleton bean 'responseStatusExceptionHandler'
2025-04-26T22:20:20.219+02:00 TRACE 13448 --- [api-gateway] [    Test worker] o.s.b.f.s.DefaultListableBeanFactory     : Returning cached instance of singleton bean 'webSessionManager'
2025-04-26T22:20:20.219+02:00 TRACE 13448 --- [api-gateway] [    Test worker] o.s.b.f.s.DefaultListableBeanFactory     : Returning cached instance of singleton bean 'serverCodecConfigurer'
2025-04-26T22:20:20.219+02:00 TRACE 13448 --- [api-gateway] [    Test worker] o.s.b.f.s.DefaultListableBeanFactory     : Returning cached instance of singleton bean 'localeContextResolver'
2025-04-26T22:20:20.220+02:00 TRACE 13448 --- [api-gateway] [    Test worker] o.s.b.f.s.DefaultListableBeanFactory     : No bean named 'forwardedHeaderTransformer' found in org.springframework.beans.factory.support.DefaultListableBeanFactory@47447ccf: defining beans [org.springframework.boot.test.mock.mockito.MockitoPostProcessor$SpyPostProcessor,org.springframework.boot.test.mock.mockito.MockitoPostProcessor,org.springframework.test.context.support.internalDynamicPropertyRegistrarBeanInitializer,org.springframework.context.annotation.internalConfigurationAnnotationProcessor,org.springframework.context.annotation.internalAutowiredAnnotationProcessor,org.springframework.context.annotation.internalCommonAnnotationProcessor,org.springframework.context.event.internalEventListenerProcessor,org.springframework.context.event.internalEventListenerFactory,apiGatewayApplication,org.springframework.boot.autoconfigure.internalCachingMetadataReaderFactory,gatewayConfig,securityConfig,customRouteLocator,org.springframework.security.config.annotation.web.reactive.ServerHttpSecurityConfiguration,authenticationPrincipalArgumentResolverConfigurer,authenticationPrincipalArgumentResolver,reactiveCurrentSecurityContextArgumentResolver,org.springframework.security.config.annotation.web.reactive.HttpSecurityConfiguration.httpSecurity,org.springframework.security.config.annotation.web.reactive.WebFluxSecurityConfiguration,org.springframework.security.config.annotation.web.reactive.WebFluxSecurityConfiguration.WebFilterChainFilter,requestDataValueProcessor,conversionServicePostProcessor,org.springframework.security.config.annotation.web.reactive.ReactiveObservationConfiguration,webAuthorizationManagerPostProcessor,reactiveAuthenticationManagerPostProcessor,filterChainDecoratorPostProcessor,_prePostMethodSecurityConfiguration,preFilterAuthorizationMethodInterceptor,preAuthorizeAuthorizationMethodInterceptor,postAuthorizeAuthorizationMethodInterceptor,postFilterAuthorizationMethodInterceptor,prePostAuthorizeExpressionHintsRegistrar,_jsr250MethodSecurityConfiguration,jsr250AuthorizationMethodInterceptor,org.springframework.security.config.annotation.method.configuration.AuthorizationProxyConfiguration,authorizationProxyFactory,authorizeReturnObjectMethodInterceptor,authorizeReturnObjectHintsRegistrar,org.springframework.security.config.annotation.method.configuration.MethodObservationConfiguration,methodAuthorizationManagerPostProcessor,methodResultAuthorizationManagerPostProcessor,securityWebFilterChain,corsConfigurationSource,org.springframework.aop.config.internalAutoProxyCreator,preFilterAuthorizationAdvisor,preAuthorizeAuthorizationAdvisor,postFilterAuthorizationAdvisor,postAuthorizeAuthorizationAdvisor,jsr250AuthorizationAdvisor,authorizeReturnObjectAdvisor,org.springframework.boot.autoconfigure.AutoConfigurationPackages,org.springframework.boot.autoconfigure.context.PropertyPlaceholderAutoConfiguration,propertySourcesPlaceholderConfigurer,org.springframework.boot.autoconfigure.reactor.netty.ReactorNettyConfigurations$ReactorResourceFactoryConfiguration,reactorResourceFactory,org.springframework.boot.context.properties.ConfigurationPropertiesBindingPostProcessor,org.springframework.boot.context.internalConfigurationPropertiesBinder,org.springframework.boot.context.properties.BoundConfigurationProperties,org.springframework.boot.context.properties.EnableConfigurationPropertiesRegistrar.methodValidationExcludeFilter,spring.reactor.netty-org.springframework.boot.autoconfigure.reactor.netty.ReactorNettyProperties,org.springframework.boot.autoconfigure.web.reactive.ReactiveWebServerFactoryConfiguration$EmbeddedNetty,nettyReactiveWebServerFactory,org.springframework.boot.autoconfigure.web.reactive.ReactiveWebServerFactoryAutoConfiguration,reactiveWebServerFactoryCustomizer,server-org.springframework.boot.autoconfigure.web.ServerProperties,webServerFactoryCustomizerBeanPostProcessor,org.springframework.boot.autoconfigure.jackson.JacksonAutoConfiguration$Jackson2ObjectMapperBuilderCustomizerConfiguration,standardJacksonObjectMapperBuilderCustomizer,spring.jackson-org.springframework.boot.autoconfigure.jackson.JacksonProperties,org.springframework.boot.autoconfigure.jackson.JacksonAutoConfiguration$JacksonObjectMapperBuilderConfiguration,jacksonObjectMapperBuilder,org.springframework.boot.autoconfigure.jackson.JacksonAutoConfiguration$ParameterNamesModuleConfiguration,parameterNamesModule,org.springframework.boot.autoconfigure.jackson.JacksonAutoConfiguration$JacksonObjectMapperConfiguration,jacksonObjectMapper,org.springframework.boot.autoconfigure.jackson.JacksonAutoConfiguration$JacksonMixinConfiguration,jsonMixinModuleEntries,jsonMixinModule,org.springframework.boot.autoconfigure.jackson.JacksonAutoConfiguration,jsonComponentModule,org.springframework.boot.autoconfigure.http.codec.CodecsAutoConfiguration$DefaultCodecsConfiguration,defaultCodecCustomizer,org.springframework.boot.autoconfigure.http.codec.CodecsAutoConfiguration$JacksonCodecConfiguration,jacksonCodecCustomizer,org.springframework.boot.autoconfigure.http.codec.CodecsAutoConfiguration,spring.codec-org.springframework.boot.autoconfigure.codec.CodecProperties,org.springframework.boot.autoconfigure.validation.ValidationAutoConfiguration,defaultValidator,methodValidationPostProcessor,org.springframework.boot.autoconfigure.web.reactive.ReactiveMultipartAutoConfiguration,defaultPartHttpMessageReaderCustomizer,spring.webflux.multipart-org.springframework.boot.autoconfigure.web.reactive.ReactiveMultipartProperties,org.springframework.boot.autoconfigure.web.reactive.WebSessionIdResolverAutoConfiguration,webSessionIdResolver,spring.webflux-org.springframework.boot.autoconfigure.web.reactive.WebFluxProperties,org.springframework.boot.autoconfigure.web.reactive.error.ErrorWebFluxAutoConfiguration,errorWebExceptionHandler,errorAttributes,spring.web-org.springframework.boot.autoconfigure.web.WebProperties,org.springframework.cloud.gateway.config.GatewayClassPathWarningAutoConfiguration,org.springframework.cloud.loadbalancer.config.LoadBalancerAutoConfiguration,zoneConfig,loadBalancerClientFactory,loadBalancerEagerContextInitializer,loadBalancerChildContextInitializer,default.org.springframework.cloud.loadbalancer.config.LoadBalancerAutoConfiguration.LoadBalancerClientSpecification,spring.cloud.loadbalancer.eager-load-org.springframework.cloud.client.loadbalancer.LoadBalancerEagerLoadProperties,spring.cloud.loadbalancer-org.springframework.cloud.client.loadbalancer.LoadBalancerClientsProperties,org.springframework.cloud.gateway.config.GatewayReactiveLoadBalancerClientAutoConfiguration,gatewayLoadBalancerClientFilter,loadBalancerServiceInstanceCookieFilter,spring.cloud.gateway.loadbalancer-org.springframework.cloud.gateway.config.GatewayLoadBalancerProperties,org.springframework.cloud.client.discovery.composite.CompositeDiscoveryClientAutoConfiguration,compositeDiscoveryClient,org.springframework.cloud.gateway.discovery.GatewayDiscoveryClientAutoConfiguration$ReactiveDiscoveryClientRouteDefinitionLocatorConfiguration,org.springframework.cloud.gateway.discovery.GatewayDiscoveryClientAutoConfiguration,discoveryLocatorProperties,org.springframework.cloud.gateway.config.GatewayAutoConfiguration$NettyConfiguration,httpClientSslConfigurer,gatewayHttpClientFactory,httpClientProperties,routingFilter,nettyWriteResponseFilter,reactorNettyWebSocketClient,reactorNettyRequestUpgradeStrategy,org.springframework.cloud.gateway.config.GatewayAutoConfiguration,stringToZonedDateTimeConverter,deprecatedKeyValueConverter,keyValueConverter,routeLocatorBuilder,propertiesRouteDefinitionLocator,inMemoryRouteDefinitionRepository,routeDefinitionLocator,gatewayConfigurationService,routeDefinitionRouteLocator,cachedCompositeRouteLocator,routeRefreshListener,filteringWebHandler,globalCorsProperties,corsGatewayFilterApplicationListener,routePredicateHandlerMapping,gatewayProperties,secureHeadersProperties,forwardedHeadersFilter,removeHopByHopHeadersFilter,xForwardedHeadersFilter,gRPCRequestHeadersFilter,gRPCResponseHeadersFilter,transferEncodingNormalizationHeadersFilter,adaptCachedBodyGlobalFilter,removeCachedBodyFilter,routeToRequestUrlFilter,forwardRoutingFilter,forwardPathFilter,webSocketService,websocketRoutingFilter,weightCalculatorWebFilter,afterRoutePredicateFactory,beforeRoutePredicateFactory,betweenRoutePredicateFactory,cookieRoutePredicateFactory,headerRoutePredicateFactory,hostRoutePredicateFactory,methodRoutePredicateFactory,pathRoutePredicateFactory,queryRoutePredicateFactory,readBodyPredicateFactory,remoteAddrRoutePredicateFactory,xForwardedRemoteAddrRoutePredicateFactory,weightRoutePredicateFactory,cloudFoundryRouteServiceRoutePredicateFactory,addRequestHeaderGatewayFilterFactory,addRequestHeadersIfNotPresentGatewayFilterFactory,mapRequestHeaderGatewayFilterFactory,addRequestParameterGatewayFilterFactory,addResponseHeaderGatewayFilterFactory,modifyRequestBodyGatewayFilterFactory,dedupeResponseHeaderGatewayFilterFactory,modifyResponseBodyGatewayFilterFactory,cacheRequestBodyGatewayFilterFactory,prefixPathGatewayFilterFactory,preserveHostHeaderGatewayFilterFactory,redirectToGatewayFilterFactory,removeJsonAttributesResponseBodyGatewayFilterFactory,removeRequestHeaderGatewayFilterFactory,removeRequestParameterGatewayFilterFactory,removeResponseHeaderGatewayFilterFactory,rewritePathGatewayFilterFactory,retryGatewayFilterFactory,setPathGatewayFilterFactory,secureHeadersGatewayFilterFactory,setRequestHeaderGatewayFilterFactory,setRequestHostHeaderGatewayFilterFactory,setResponseHeaderGatewayFilterFactory,rewriteResponseHeaderGatewayFilterFactory,rewriteLocationResponseHeaderGatewayFilterFactory,setStatusGatewayFilterFactory,saveSessionGatewayFilterFactory,stripPrefixGatewayFilterFactory,requestHeaderToRequestUriGatewayFilterFactory,requestSizeGatewayFilterFactory,requestHeaderSizeGatewayFilterFactory,rewriteRequestParameterGatewayFilterFactory,gzipMessageBodyResolver,configurableHintsRegistrationProcessor,org.springframework.boot.autoconfigure.web.reactive.WebFluxAutoConfiguration$EnableWebFluxConfiguration,webFluxConversionService,webFluxValidator,localeContextResolver,webSessionManager,webHandler,responseStatusExceptionHandler,requestMappingHandlerMapping,webFluxContentTypeResolver,routerFunctionMapping,resourceHandlerMapping,resourceUrlProvider,requestMappingHandlerAdapter,serverCodecConfigurer,webFluxAdapterRegistry,handlerFunctionAdapter,simpleHandlerAdapter,webFluxWebSocketHandlerAdapter,responseEntityResultHandler,responseBodyResultHandler,viewResolutionResultHandler,serverResponseResultHandler,org.springframework.boot.autoconfigure.web.reactive.WebFluxAutoConfiguration$WebFluxConfig,org.springframework.boot.autoconfigure.web.reactive.WebFluxAutoConfiguration$WelcomePageConfiguration,welcomePageRouterFunctionMapping,org.springframework.boot.autoconfigure.web.reactive.WebFluxAutoConfiguration,org.springframework.boot.autoconfigure.web.reactive.HttpHandlerAutoConfiguration$AnnotationConfig,httpHandler,org.springframework.boot.autoconfigure.web.reactive.HttpHandlerAutoConfiguration,org.springframework.boot.autoconfigure.aop.AopAutoConfiguration$ClassProxyingConfiguration,forceAutoProxyCreatorToUseClassProxying,org.springframework.boot.autoconfigure.aop.AopAutoConfiguration,org.springframework.boot.autoconfigure.availability.ApplicationAvailabilityAutoConfiguration,applicationAvailability,org.springframework.cloud.autoconfigure.RefreshAutoConfiguration$RefreshScopeBeanDefinitionEnhancer,org.springframework.cloud.autoconfigure.RefreshAutoConfiguration,refreshScope,loggingRebinder,configDataContextRefresher,refreshScopeLifecycle,refreshEventListener,spring.cloud.refresh-org.springframework.cloud.autoconfigure.RefreshAutoConfiguration$RefreshProperties,org.springframework.boot.autoconfigure.context.ConfigurationPropertiesAutoConfiguration,org.springframework.boot.autoconfigure.context.LifecycleAutoConfiguration,lifecycleProcessor,spring.lifecycle-org.springframework.boot.autoconfigure.context.LifecycleProperties,org.springframework.boot.autoconfigure.gson.GsonAutoConfiguration,gsonBuilder,gson,standardGsonBuilderCustomizer,spring.gson-org.springframework.boot.autoconfigure.gson.GsonProperties,org.springframework.boot.autoconfigure.ssl.SslAutoConfiguration,fileWatcher,sslPropertiesSslBundleRegistrar,sslBundleRegistry,spring.ssl-org.springframework.boot.autoconfigure.ssl.SslProperties,org.springframework.boot.autoconfigure.info.ProjectInfoAutoConfiguration,spring.info-org.springframework.boot.autoconfigure.info.ProjectInfoProperties,org.springframework.boot.autoconfigure.netty.NettyAutoConfiguration,spring.netty-org.springframework.boot.autoconfigure.netty.NettyProperties,org.springframework.boot.autoconfigure.reactor.ReactorAutoConfiguration,spring.reactor-org.springframework.boot.autoconfigure.reactor.ReactorProperties,org.springframework.boot.autoconfigure.security.oauth2.resource.reactive.ReactiveOAuth2ResourceServerJwkConfiguration$JwtConfiguration,jwtDecoderByIssuerUri,org.springframework.boot.autoconfigure.security.oauth2.resource.reactive.ReactiveOAuth2ResourceServerConfiguration$JwtConfiguration,org.springframework.boot.autoconfigure.security.oauth2.resource.reactive.ReactiveOAuth2ResourceServerOpaqueTokenConfiguration$OpaqueTokenIntrospectionClientConfiguration,org.springframework.boot.autoconfigure.security.oauth2.resource.reactive.ReactiveOAuth2ResourceServerConfiguration$OpaqueTokenConfiguration,org.springframework.boot.autoconfigure.security.oauth2.resource.reactive.ReactiveOAuth2ResourceServerAutoConfiguration,spring.security.oauth2.resourceserver-org.springframework.boot.autoconfigure.security.oauth2.resource.OAuth2ResourceServerProperties,org.springframework.boot.autoconfigure.security.reactive.ReactiveSecurityAutoConfiguration$SpringBootWebFluxSecurityConfiguration,org.springframework.boot.autoconfigure.security.reactive.ReactiveSecurityAutoConfiguration,spring.security-org.springframework.boot.autoconfigure.security.SecurityProperties,org.springframework.boot.autoconfigure.security.servlet.SecurityAutoConfiguration,authenticationEventPublisher,org.springframework.boot.autoconfigure.sql.init.SqlInitializationAutoConfiguration,spring.sql.init-org.springframework.boot.autoconfigure.sql.init.SqlInitializationProperties,org.springframework.boot.sql.init.dependency.DatabaseInitializationDependencyConfigurer$DependsOnDatabaseInitializationPostProcessor,org.springframework.boot.autoconfigure.task.TaskExecutorConfigurations$ThreadPoolTaskExecutorBuilderConfiguration,threadPoolTaskExecutorBuilder,org.springframework.boot.autoconfigure.task.TaskExecutorConfigurations$SimpleAsyncTaskExecutorBuilderConfiguration,simpleAsyncTaskExecutorBuilder,org.springframework.boot.autoconfigure.task.TaskExecutorConfigurations$TaskExecutorConfiguration,applicationTaskExecutor,org.springframework.boot.autoconfigure.task.TaskExecutionAutoConfiguration,spring.task.execution-org.springframework.boot.autoconfigure.task.TaskExecutionProperties,org.springframework.boot.autoconfigure.task.TaskSchedulingConfigurations$ThreadPoolTaskSchedulerBuilderConfiguration,threadPoolTaskSchedulerBuilder,org.springframework.boot.autoconfigure.task.TaskSchedulingConfigurations$SimpleAsyncTaskSchedulerBuilderConfiguration,simpleAsyncTaskSchedulerBuilder,org.springframework.boot.autoconfigure.task.TaskSchedulingAutoConfiguration,spring.task.scheduling-org.springframework.boot.autoconfigure.task.TaskSchedulingProperties,org.springframework.boot.autoconfigure.web.embedded.EmbeddedWebServerFactoryCustomizerAutoConfiguration$NettyWebServerFactoryCustomizerConfiguration,nettyWebServerFactoryCustomizer,org.springframework.boot.autoconfigure.web.embedded.EmbeddedWebServerFactoryCustomizerAutoConfiguration,org.springframework.boot.autoconfigure.web.reactive.function.client.ClientHttpConnectorFactoryConfiguration$ReactorNetty,reactorClientHttpConnectorFactory,org.springframework.boot.autoconfigure.web.reactive.function.client.ClientHttpConnectorAutoConfiguration,webClientHttpConnector,webClientHttpConnectorCustomizer,org.springframework.boot.autoconfigure.web.reactive.function.client.WebClientAutoConfiguration$WebClientCodecsConfiguration,exchangeStrategiesCustomizer,org.springframework.boot.autoconfigure.web.reactive.function.client.WebClientAutoConfiguration,webClientBuilder,webClientSsl,org.springframework.cloud.autoconfigure.ConfigurationPropertiesRebinderAutoConfiguration,configurationPropertiesBeans,configurationPropertiesRebinder,org.springframework.cloud.autoconfigure.LifecycleMvcEndpointAutoConfiguration,environmentManager,org.springframework.cloud.client.discovery.simple.SimpleDiscoveryClientAutoConfiguration,simpleDiscoveryProperties,simpleDiscoveryClient,org.springframework.cloud.client.serviceregistry.AutoServiceRegistrationConfiguration,spring.cloud.service-registry.auto-registration-org.springframework.cloud.client.serviceregistry.AutoServiceRegistrationProperties,org.springframework.cloud.client.serviceregistry.AutoServiceRegistrationAutoConfiguration,org.springframework.cloud.netflix.eureka.EurekaDiscoveryClientConfiguration$EurekaClientConfigurationRefresher,org.springframework.cloud.netflix.eureka.EurekaDiscoveryClientConfiguration,discoveryClient,org.springframework.cloud.netflix.eureka.config.DiscoveryClientOptionalArgsConfiguration$WebClientConfiguration,webClientDiscoveryClientOptionalArgs,webClientTransportClientFactories,org.springframework.cloud.netflix.eureka.config.DiscoveryClientOptionalArgsConfiguration,tlsProperties,eureka.client.restclient.timeout-org.springframework.cloud.netflix.eureka.RestClientTimeoutProperties,eureka.client.rest-template-timeout-org.springframework.cloud.netflix.eureka.RestTemplateTimeoutProperties,org.springframework.cloud.netflix.eureka.EurekaClientAutoConfiguration$RefreshableEurekaClientConfiguration,scopedTarget.eurekaClient,eurekaClient,scopedTarget.eurekaApplicationInfoManager,eurekaApplicationInfoManager,scopedTarget.eurekaRegistration,eurekaRegistration,org.springframework.cloud.netflix.eureka.EurekaClientAutoConfiguration,eurekaFeature,eurekaClientConfigBean,serviceManagementMetadataProvider,eurekaInstanceConfigBean,eurekaServiceRegistry,eurekaAutoServiceRegistration,org.springframework.cloud.client.CommonsClientAutoConfiguration,org.springframework.cloud.client.discovery.composite.reactive.ReactiveCompositeDiscoveryClientAutoConfiguration,reactiveCompositeDiscoveryClient,org.springframework.cloud.client.discovery.simple.reactive.SimpleReactiveDiscoveryClientAutoConfiguration,simpleReactiveDiscoveryProperties,simpleReactiveDiscoveryClient,spring.cloud.discovery.client.health-indicator-org.springframework.cloud.client.discovery.health.DiscoveryClientHealthIndicatorProperties,org.springframework.cloud.netflix.eureka.reactive.EurekaReactiveDiscoveryClientConfiguration,eurekaReactiveDiscoveryClient,org.springframework.cloud.client.ReactiveCommonsClientAutoConfiguration,org.springframework.cloud.loadbalancer.config.BlockingLoadBalancerClientAutoConfiguration,blockingLoadBalancerClient,loadBalancerServiceInstanceCookieTransformer,xForwarderHeadersTransformer,default.org.springframework.cloud.loadbalancer.config.BlockingLoadBalancerClientAutoConfiguration.LoadBalancerClientSpecification,org.springframework.cloud.client.loadbalancer.LoadBalancerAutoConfiguration$LoadBalancerInterceptorConfig,loadBalancerInterceptor,restTemplateCustomizer,org.springframework.cloud.client.loadbalancer.LoadBalancerAutoConfiguration$DeferringLoadBalancerInterceptorConfig,deferringLoadBalancerInterceptor,lbRestClientPostProcessor,lbRestTemplateBuilderPostProcessor,org.springframework.cloud.client.loadbalancer.LoadBalancerAutoConfiguration,loadBalancedRestTemplateInitializerDeprecated,loadBalancerRequestFactory,org.springframework.cloud.client.loadbalancer.LoadBalancerDefaultMappingsProviderAutoConfiguration,loadBalancerClientsDefaultsMappingsProvider,org.springframework.cloud.client.loadbalancer.reactive.LoadBalancerBeanPostProcessorAutoConfiguration$ReactorDeferringLoadBalancerFilterConfig,reactorDeferringLoadBalancerExchangeFilterFunction,org.springframework.cloud.client.loadbalancer.reactive.LoadBalancerBeanPostProcessorAutoConfiguration,loadBalancerWebClientBuilderBeanPostProcessor,org.springframework.cloud.client.loadbalancer.reactive.ReactorLoadBalancerClientAutoConfiguration,loadBalancerExchangeFilterFunction,org.springframework.cloud.client.serviceregistry.ServiceRegistryAutoConfiguration,org.springframework.cloud.commons.config.CommonsConfigAutoConfiguration,defaultsBindHandlerAdvisor,org.springframework.cloud.commons.util.UtilAutoConfiguration,inetUtilsProperties,inetUtils,org.springframework.cloud.configuration.CompatibilityVerifierAutoConfiguration,compositeCompatibilityVerifier,springBootVersionVerifier,sleuthPresentVerifier,spring.cloud.compatibility-verifier-org.springframework.cloud.configuration.CompatibilityVerifierProperties,org.springframework.cloud.loadbalancer.config.LoadBalancerCacheAutoConfiguration$DefaultLoadBalancerCacheManagerConfiguration,defaultLoadBalancerCacheManager,org.springframework.cloud.loadbalancer.config.LoadBalancerCacheAutoConfiguration$LoadBalancerCacheManagerWarnConfiguration,caffeineWarnLogger,org.springframework.cloud.loadbalancer.config.LoadBalancerCacheAutoConfiguration,spring.cloud.loadbalancer.cache-org.springframework.cloud.loadbalancer.cache.LoadBalancerCacheProperties,org.springframework.cloud.netflix.eureka.loadbalancer.LoadBalancerEurekaAutoConfiguration,eurekaLoadBalancerProperties,default.org.springframework.cloud.netflix.eureka.loadbalancer.LoadBalancerEurekaAutoConfiguration.LoadBalancerClientSpecification]; root of factory hierarchy
2025-04-26T22:20:20.230+02:00 DEBUG 13448 --- [api-gateway] [    Test worker] o.s.w.s.adapter.HttpWebHandlerAdapter    : enableLoggingRequestDetails='false': form data and headers will be masked to prevent unsafe logging of potentially sensitive data
2025-04-26T22:20:20.230+02:00 TRACE 13448 --- [api-gateway] [    Test worker] o.s.b.f.s.DefaultListableBeanFactory     : Returning cached instance of singleton bean 'spring.webflux-org.springframework.boot.autoconfigure.web.reactive.WebFluxProperties'
2025-04-26T22:20:20.230+02:00 TRACE 13448 --- [api-gateway] [    Test worker] o.s.b.f.s.DefaultListableBeanFactory     : Returning cached instance of singleton bean 'preFilterAuthorizationAdvisor'
2025-04-26T22:20:20.230+02:00 TRACE 13448 --- [api-gateway] [    Test worker] o.s.b.f.s.DefaultListableBeanFactory     : Returning cached instance of singleton bean 'preAuthorizeAuthorizationAdvisor'
2025-04-26T22:20:20.231+02:00 TRACE 13448 --- [api-gateway] [    Test worker] o.s.b.f.s.DefaultListableBeanFactory     : Returning cached instance of singleton bean 'postFilterAuthorizationAdvisor'
2025-04-26T22:20:20.231+02:00 TRACE 13448 --- [api-gateway] [    Test worker] o.s.b.f.s.DefaultListableBeanFactory     : Returning cached instance of singleton bean 'postAuthorizeAuthorizationAdvisor'
2025-04-26T22:20:20.231+02:00 TRACE 13448 --- [api-gateway] [    Test worker] o.s.b.f.s.DefaultListableBeanFactory     : Returning cached instance of singleton bean 'jsr250AuthorizationAdvisor'
2025-04-26T22:20:20.231+02:00 TRACE 13448 --- [api-gateway] [    Test worker] o.s.b.f.s.DefaultListableBeanFactory     : Returning cached instance of singleton bean 'authorizeReturnObjectAdvisor'
2025-04-26T22:20:20.231+02:00 TRACE 13448 --- [api-gateway] [    Test worker] o.s.b.f.s.DefaultListableBeanFactory     : Finished creating instance of bean 'httpHandler'
2025-04-26T22:20:20.231+02:00 DEBUG 13448 --- [api-gateway] [    Test worker] o.s.b.f.s.DefaultListableBeanFactory     : Creating shared instance of singleton bean 'org.springframework.boot.autoconfigure.web.reactive.HttpHandlerAutoConfiguration'
2025-04-26T22:20:20.231+02:00 TRACE 13448 --- [api-gateway] [    Test worker] o.s.b.f.s.DefaultListableBeanFactory     : Creating instance of bean 'org.springframework.boot.autoconfigure.web.reactive.HttpHandlerAutoConfiguration'
2025-04-26T22:20:20.232+02:00 TRACE 13448 --- [api-gateway] [    Test worker] o.s.b.f.s.DefaultListableBeanFactory     : Returning cached instance of singleton bean 'preFilterAuthorizationAdvisor'
2025-04-26T22:20:20.232+02:00 TRACE 13448 --- [api-gateway] [    Test worker] o.s.b.f.s.DefaultListableBeanFactory     : Returning cached instance of singleton bean 'preAuthorizeAuthorizationAdvisor'
2025-04-26T22:20:20.232+02:00 TRACE 13448 --- [api-gateway] [    Test worker] o.s.b.f.s.DefaultListableBeanFactory     : Returning cached instance of singleton bean 'postFilterAuthorizationAdvisor'
2025-04-26T22:20:20.232+02:00 TRACE 13448 --- [api-gateway] [    Test worker] o.s.b.f.s.DefaultListableBeanFactory     : Returning cached instance of singleton bean 'postAuthorizeAuthorizationAdvisor'
2025-04-26T22:20:20.232+02:00 TRACE 13448 --- [api-gateway] [    Test worker] o.s.b.f.s.DefaultListableBeanFactory     : Returning cached instance of singleton bean 'jsr250AuthorizationAdvisor'
2025-04-26T22:20:20.232+02:00 TRACE 13448 --- [api-gateway] [    Test worker] o.s.b.f.s.DefaultListableBeanFactory     : Returning cached instance of singleton bean 'authorizeReturnObjectAdvisor'
2025-04-26T22:20:20.232+02:00 TRACE 13448 --- [api-gateway] [    Test worker] o.s.b.f.s.DefaultListableBeanFactory     : Finished creating instance of bean 'org.springframework.boot.autoconfigure.web.reactive.HttpHandlerAutoConfiguration'
2025-04-26T22:20:20.232+02:00 DEBUG 13448 --- [api-gateway] [    Test worker] o.s.b.f.s.DefaultListableBeanFactory     : Creating shared instance of singleton bean 'org.springframework.boot.autoconfigure.aop.AopAutoConfiguration$ClassProxyingConfiguration'
2025-04-26T22:20:20.232+02:00 TRACE 13448 --- [api-gateway] [    Test worker] o.s.b.f.s.DefaultListableBeanFactory     : Creating instance of bean 'org.springframework.boot.autoconfigure.aop.AopAutoConfiguration$ClassProxyingConfiguration'
2025-04-26T22:20:20.232+02:00 TRACE 13448 --- [api-gateway] [    Test worker] o.s.b.f.s.DefaultListableBeanFactory     : Returning cached instance of singleton bean 'preFilterAuthorizationAdvisor'
2025-04-26T22:20:20.232+02:00 TRACE 13448 --- [api-gateway] [    Test worker] o.s.b.f.s.DefaultListableBeanFactory     : Returning cached instance of singleton bean 'preAuthorizeAuthorizationAdvisor'
2025-04-26T22:20:20.232+02:00 TRACE 13448 --- [api-gateway] [    Test worker] o.s.b.f.s.DefaultListableBeanFactory     : Returning cached instance of singleton bean 'postFilterAuthorizationAdvisor'
2025-04-26T22:20:20.232+02:00 TRACE 13448 --- [api-gateway] [    Test worker] o.s.b.f.s.DefaultListableBeanFactory     : Returning cached instance of singleton bean 'postAuthorizeAuthorizationAdvisor'
2025-04-26T22:20:20.232+02:00 TRACE 13448 --- [api-gateway] [    Test worker] o.s.b.f.s.DefaultListableBeanFactory     : Returning cached instance of singleton bean 'jsr250AuthorizationAdvisor'
2025-04-26T22:20:20.232+02:00 TRACE 13448 --- [api-gateway] [    Test worker] o.s.b.f.s.DefaultListableBeanFactory     : Returning cached instance of singleton bean 'authorizeReturnObjectAdvisor'
2025-04-26T22:20:20.232+02:00 TRACE 13448 --- [api-gateway] [    Test worker] o.s.b.f.s.DefaultListableBeanFactory     : Finished creating instance of bean 'org.springframework.boot.autoconfigure.aop.AopAutoConfiguration$ClassProxyingConfiguration'
2025-04-26T22:20:20.232+02:00 TRACE 13448 --- [api-gateway] [    Test worker] o.s.b.f.s.DefaultListableBeanFactory     : Returning cached instance of singleton bean 'forceAutoProxyCreatorToUseClassProxying'
2025-04-26T22:20:20.232+02:00 DEBUG 13448 --- [api-gateway] [    Test worker] o.s.b.f.s.DefaultListableBeanFactory     : Creating shared instance of singleton bean 'org.springframework.boot.autoconfigure.aop.AopAutoConfiguration'
2025-04-26T22:20:20.232+02:00 TRACE 13448 --- [api-gateway] [    Test worker] o.s.b.f.s.DefaultListableBeanFactory     : Creating instance of bean 'org.springframework.boot.autoconfigure.aop.AopAutoConfiguration'
2025-04-26T22:20:20.232+02:00 TRACE 13448 --- [api-gateway] [    Test worker] o.s.b.f.s.DefaultListableBeanFactory     : Returning cached instance of singleton bean 'preFilterAuthorizationAdvisor'
2025-04-26T22:20:20.232+02:00 TRACE 13448 --- [api-gateway] [    Test worker] o.s.b.f.s.DefaultListableBeanFactory     : Returning cached instance of singleton bean 'preAuthorizeAuthorizationAdvisor'
2025-04-26T22:20:20.232+02:00 TRACE 13448 --- [api-gateway] [    Test worker] o.s.b.f.s.DefaultListableBeanFactory     : Returning cached instance of singleton bean 'postFilterAuthorizationAdvisor'
2025-04-26T22:20:20.232+02:00 TRACE 13448 --- [api-gateway] [    Test worker] o.s.b.f.s.DefaultListableBeanFactory     : Returning cached instance of singleton bean 'postAuthorizeAuthorizationAdvisor'
2025-04-26T22:20:20.232+02:00 TRACE 13448 --- [api-gateway] [    Test worker] o.s.b.f.s.DefaultListableBeanFactory     : Returning cached instance of singleton bean 'jsr250AuthorizationAdvisor'
2025-04-26T22:20:20.233+02:00 TRACE 13448 --- [api-gateway] [    Test worker] o.s.b.f.s.DefaultListableBeanFactory     : Returning cached instance of singleton bean 'authorizeReturnObjectAdvisor'
2025-04-26T22:20:20.233+02:00 TRACE 13448 --- [api-gateway] [    Test worker] o.s.b.f.s.DefaultListableBeanFactory     : Finished creating instance of bean 'org.springframework.boot.autoconfigure.aop.AopAutoConfiguration'
2025-04-26T22:20:20.233+02:00 DEBUG 13448 --- [api-gateway] [    Test worker] o.s.b.f.s.DefaultListableBeanFactory     : Creating shared instance of singleton bean 'org.springframework.boot.autoconfigure.availability.ApplicationAvailabilityAutoConfiguration'
2025-04-26T22:20:20.233+02:00 TRACE 13448 --- [api-gateway] [    Test worker] o.s.b.f.s.DefaultListableBeanFactory     : Creating instance of bean 'org.springframework.boot.autoconfigure.availability.ApplicationAvailabilityAutoConfiguration'
2025-04-26T22:20:20.233+02:00 TRACE 13448 --- [api-gateway] [    Test worker] o.s.b.f.s.DefaultListableBeanFactory     : Returning cached instance of singleton bean 'preFilterAuthorizationAdvisor'
2025-04-26T22:20:20.233+02:00 TRACE 13448 --- [api-gateway] [    Test worker] o.s.b.f.s.DefaultListableBeanFactory     : Returning cached instance of singleton bean 'preAuthorizeAuthorizationAdvisor'
2025-04-26T22:20:20.233+02:00 TRACE 13448 --- [api-gateway] [    Test worker] o.s.b.f.s.DefaultListableBeanFactory     : Returning cached instance of singleton bean 'postFilterAuthorizationAdvisor'
2025-04-26T22:20:20.233+02:00 TRACE 13448 --- [api-gateway] [    Test worker] o.s.b.f.s.DefaultListableBeanFactory     : Returning cached instance of singleton bean 'postAuthorizeAuthorizationAdvisor'
2025-04-26T22:20:20.233+02:00 TRACE 13448 --- [api-gateway] [    Test worker] o.s.b.f.s.DefaultListableBeanFactory     : Returning cached instance of singleton bean 'jsr250AuthorizationAdvisor'
2025-04-26T22:20:20.233+02:00 TRACE 13448 --- [api-gateway] [    Test worker] o.s.b.f.s.DefaultListableBeanFactory     : Returning cached instance of singleton bean 'authorizeReturnObjectAdvisor'
2025-04-26T22:20:20.233+02:00 TRACE 13448 --- [api-gateway] [    Test worker] o.s.b.f.s.DefaultListableBeanFactory     : Finished creating instance of bean 'org.springframework.boot.autoconfigure.availability.ApplicationAvailabilityAutoConfiguration'
2025-04-26T22:20:20.233+02:00 DEBUG 13448 --- [api-gateway] [    Test worker] o.s.b.f.s.DefaultListableBeanFactory     : Creating shared instance of singleton bean 'applicationAvailability'
2025-04-26T22:20:20.233+02:00 TRACE 13448 --- [api-gateway] [    Test worker] o.s.b.f.s.DefaultListableBeanFactory     : Creating instance of bean 'applicationAvailability'
2025-04-26T22:20:20.233+02:00 TRACE 13448 --- [api-gateway] [    Test worker] o.s.b.f.s.DefaultListableBeanFactory     : Returning cached instance of singleton bean 'org.springframework.boot.autoconfigure.availability.ApplicationAvailabilityAutoConfiguration'
2025-04-26T22:20:20.235+02:00 TRACE 13448 --- [api-gateway] [    Test worker] o.s.b.f.s.DefaultListableBeanFactory     : Returning cached instance of singleton bean 'preFilterAuthorizationAdvisor'
2025-04-26T22:20:20.235+02:00 TRACE 13448 --- [api-gateway] [    Test worker] o.s.b.f.s.DefaultListableBeanFactory     : Returning cached instance of singleton bean 'preAuthorizeAuthorizationAdvisor'
2025-04-26T22:20:20.235+02:00 TRACE 13448 --- [api-gateway] [    Test worker] o.s.b.f.s.DefaultListableBeanFactory     : Returning cached instance of singleton bean 'postFilterAuthorizationAdvisor'
2025-04-26T22:20:20.235+02:00 TRACE 13448 --- [api-gateway] [    Test worker] o.s.b.f.s.DefaultListableBeanFactory     : Returning cached instance of singleton bean 'postAuthorizeAuthorizationAdvisor'
2025-04-26T22:20:20.235+02:00 TRACE 13448 --- [api-gateway] [    Test worker] o.s.b.f.s.DefaultListableBeanFactory     : Returning cached instance of singleton bean 'jsr250AuthorizationAdvisor'
2025-04-26T22:20:20.235+02:00 TRACE 13448 --- [api-gateway] [    Test worker] o.s.b.f.s.DefaultListableBeanFactory     : Returning cached instance of singleton bean 'authorizeReturnObjectAdvisor'
2025-04-26T22:20:20.235+02:00 TRACE 13448 --- [api-gateway] [    Test worker] o.s.b.f.s.DefaultListableBeanFactory     : Finished creating instance of bean 'applicationAvailability'
2025-04-26T22:20:20.235+02:00 TRACE 13448 --- [api-gateway] [    Test worker] o.s.b.f.s.DefaultListableBeanFactory     : Returning cached instance of singleton bean 'org.springframework.cloud.autoconfigure.RefreshAutoConfiguration$RefreshScopeBeanDefinitionEnhancer'
2025-04-26T22:20:20.235+02:00 DEBUG 13448 --- [api-gateway] [    Test worker] o.s.b.f.s.DefaultListableBeanFactory     : Creating shared instance of singleton bean 'org.springframework.cloud.autoconfigure.RefreshAutoConfiguration'
2025-04-26T22:20:20.235+02:00 TRACE 13448 --- [api-gateway] [    Test worker] o.s.b.f.s.DefaultListableBeanFactory     : Creating instance of bean 'org.springframework.cloud.autoconfigure.RefreshAutoConfiguration'
2025-04-26T22:20:20.236+02:00 TRACE 13448 --- [api-gateway] [    Test worker] o.s.b.f.s.DefaultListableBeanFactory     : Returning cached instance of singleton bean 'preFilterAuthorizationAdvisor'
2025-04-26T22:20:20.236+02:00 TRACE 13448 --- [api-gateway] [    Test worker] o.s.b.f.s.DefaultListableBeanFactory     : Returning cached instance of singleton bean 'preAuthorizeAuthorizationAdvisor'
2025-04-26T22:20:20.236+02:00 TRACE 13448 --- [api-gateway] [    Test worker] o.s.b.f.s.DefaultListableBeanFactory     : Returning cached instance of singleton bean 'postFilterAuthorizationAdvisor'
2025-04-26T22:20:20.236+02:00 TRACE 13448 --- [api-gateway] [    Test worker] o.s.b.f.s.DefaultListableBeanFactory     : Returning cached instance of singleton bean 'postAuthorizeAuthorizationAdvisor'
2025-04-26T22:20:20.236+02:00 TRACE 13448 --- [api-gateway] [    Test worker] o.s.b.f.s.DefaultListableBeanFactory     : Returning cached instance of singleton bean 'jsr250AuthorizationAdvisor'
2025-04-26T22:20:20.236+02:00 TRACE 13448 --- [api-gateway] [    Test worker] o.s.b.f.s.DefaultListableBeanFactory     : Returning cached instance of singleton bean 'authorizeReturnObjectAdvisor'
2025-04-26T22:20:20.236+02:00 TRACE 13448 --- [api-gateway] [    Test worker] o.s.b.f.s.DefaultListableBeanFactory     : Finished creating instance of bean 'org.springframework.cloud.autoconfigure.RefreshAutoConfiguration'
2025-04-26T22:20:20.236+02:00 TRACE 13448 --- [api-gateway] [    Test worker] o.s.b.f.s.DefaultListableBeanFactory     : Returning cached instance of singleton bean 'refreshScope'
2025-04-26T22:20:20.236+02:00 DEBUG 13448 --- [api-gateway] [    Test worker] o.s.b.f.s.DefaultListableBeanFactory     : Creating shared instance of singleton bean 'loggingRebinder'
2025-04-26T22:20:20.236+02:00 TRACE 13448 --- [api-gateway] [    Test worker] o.s.b.f.s.DefaultListableBeanFactory     : Creating instance of bean 'loggingRebinder'
2025-04-26T22:20:20.237+02:00 TRACE 13448 --- [api-gateway] [    Test worker] o.s.b.f.s.DefaultListableBeanFactory     : Returning cached instance of singleton bean 'preFilterAuthorizationAdvisor'
2025-04-26T22:20:20.237+02:00 TRACE 13448 --- [api-gateway] [    Test worker] o.s.b.f.s.DefaultListableBeanFactory     : Returning cached instance of singleton bean 'preAuthorizeAuthorizationAdvisor'
2025-04-26T22:20:20.237+02:00 TRACE 13448 --- [api-gateway] [    Test worker] o.s.b.f.s.DefaultListableBeanFactory     : Returning cached instance of singleton bean 'postFilterAuthorizationAdvisor'
2025-04-26T22:20:20.237+02:00 TRACE 13448 --- [api-gateway] [    Test worker] o.s.b.f.s.DefaultListableBeanFactory     : Returning cached instance of singleton bean 'postAuthorizeAuthorizationAdvisor'
2025-04-26T22:20:20.237+02:00 TRACE 13448 --- [api-gateway] [    Test worker] o.s.b.f.s.DefaultListableBeanFactory     : Returning cached instance of singleton bean 'jsr250AuthorizationAdvisor'
2025-04-26T22:20:20.237+02:00 TRACE 13448 --- [api-gateway] [    Test worker] o.s.b.f.s.DefaultListableBeanFactory     : Returning cached instance of singleton bean 'authorizeReturnObjectAdvisor'
2025-04-26T22:20:20.238+02:00 TRACE 13448 --- [api-gateway] [    Test worker] o.s.b.f.s.DefaultListableBeanFactory     : Finished creating instance of bean 'loggingRebinder'
2025-04-26T22:20:20.238+02:00 DEBUG 13448 --- [api-gateway] [    Test worker] o.s.b.f.s.DefaultListableBeanFactory     : Creating shared instance of singleton bean 'configDataContextRefresher'
2025-04-26T22:20:20.238+02:00 TRACE 13448 --- [api-gateway] [    Test worker] o.s.b.f.s.DefaultListableBeanFactory     : Creating instance of bean 'configDataContextRefresher'
2025-04-26T22:20:20.238+02:00 TRACE 13448 --- [api-gateway] [    Test worker] o.s.b.f.s.DefaultListableBeanFactory     : Returning cached instance of singleton bean 'org.springframework.cloud.autoconfigure.RefreshAutoConfiguration'
2025-04-26T22:20:20.238+02:00 TRACE 13448 --- [api-gateway] [    Test worker] o.s.b.f.s.DefaultListableBeanFactory     : Returning cached instance of singleton bean 'refreshScope'
2025-04-26T22:20:20.239+02:00 DEBUG 13448 --- [api-gateway] [    Test worker] o.s.b.f.s.DefaultListableBeanFactory     : Creating shared instance of singleton bean 'spring.cloud.refresh-org.springframework.cloud.autoconfigure.RefreshAutoConfiguration$RefreshProperties'
2025-04-26T22:20:20.239+02:00 TRACE 13448 --- [api-gateway] [    Test worker] o.s.b.f.s.DefaultListableBeanFactory     : Creating instance of bean 'spring.cloud.refresh-org.springframework.cloud.autoconfigure.RefreshAutoConfiguration$RefreshProperties'
2025-04-26T22:20:20.239+02:00 TRACE 13448 --- [api-gateway] [    Test worker] o.s.b.f.s.DefaultListableBeanFactory     : Returning cached instance of singleton bean 'org.springframework.boot.context.properties.BoundConfigurationProperties'
2025-04-26T22:20:20.240+02:00 TRACE 13448 --- [api-gateway] [    Test worker] o.s.b.f.s.DefaultListableBeanFactory     : Returning cached instance of singleton bean 'preFilterAuthorizationAdvisor'
2025-04-26T22:20:20.240+02:00 TRACE 13448 --- [api-gateway] [    Test worker] o.s.b.f.s.DefaultListableBeanFactory     : Returning cached instance of singleton bean 'preAuthorizeAuthorizationAdvisor'
2025-04-26T22:20:20.240+02:00 TRACE 13448 --- [api-gateway] [    Test worker] o.s.b.f.s.DefaultListableBeanFactory     : Returning cached instance of singleton bean 'postFilterAuthorizationAdvisor'
2025-04-26T22:20:20.240+02:00 TRACE 13448 --- [api-gateway] [    Test worker] o.s.b.f.s.DefaultListableBeanFactory     : Returning cached instance of singleton bean 'postAuthorizeAuthorizationAdvisor'
2025-04-26T22:20:20.240+02:00 TRACE 13448 --- [api-gateway] [    Test worker] o.s.b.f.s.DefaultListableBeanFactory     : Returning cached instance of singleton bean 'jsr250AuthorizationAdvisor'
2025-04-26T22:20:20.240+02:00 TRACE 13448 --- [api-gateway] [    Test worker] o.s.b.f.s.DefaultListableBeanFactory     : Returning cached instance of singleton bean 'authorizeReturnObjectAdvisor'
2025-04-26T22:20:20.240+02:00 TRACE 13448 --- [api-gateway] [    Test worker] o.s.b.f.s.DefaultListableBeanFactory     : Finished creating instance of bean 'spring.cloud.refresh-org.springframework.cloud.autoconfigure.RefreshAutoConfiguration$RefreshProperties'
2025-04-26T22:20:20.240+02:00 DEBUG 13448 --- [api-gateway] [    Test worker] o.s.b.f.s.DefaultListableBeanFactory     : Autowiring by type from bean name 'configDataContextRefresher' via factory method to bean named 'org.springframework.boot.web.reactive.context.GenericReactiveWebApplicationContext@79d743e6'
2025-04-26T22:20:20.240+02:00 DEBUG 13448 --- [api-gateway] [    Test worker] o.s.b.f.s.DefaultListableBeanFactory     : Autowiring by type from bean name 'configDataContextRefresher' via factory method to bean named 'refreshScope'
2025-04-26T22:20:20.240+02:00 DEBUG 13448 --- [api-gateway] [    Test worker] o.s.b.f.s.DefaultListableBeanFactory     : Autowiring by type from bean name 'configDataContextRefresher' via factory method to bean named 'spring.cloud.refresh-org.springframework.cloud.autoconfigure.RefreshAutoConfiguration$RefreshProperties'
2025-04-26T22:20:20.241+02:00 TRACE 13448 --- [api-gateway] [    Test worker] o.s.b.f.s.DefaultListableBeanFactory     : Returning cached instance of singleton bean 'preFilterAuthorizationAdvisor'
2025-04-26T22:20:20.242+02:00 TRACE 13448 --- [api-gateway] [    Test worker] o.s.b.f.s.DefaultListableBeanFactory     : Returning cached instance of singleton bean 'preAuthorizeAuthorizationAdvisor'
2025-04-26T22:20:20.242+02:00 TRACE 13448 --- [api-gateway] [    Test worker] o.s.b.f.s.DefaultListableBeanFactory     : Returning cached instance of singleton bean 'postFilterAuthorizationAdvisor'
2025-04-26T22:20:20.242+02:00 TRACE 13448 --- [api-gateway] [    Test worker] o.s.b.f.s.DefaultListableBeanFactory     : Returning cached instance of singleton bean 'postAuthorizeAuthorizationAdvisor'
2025-04-26T22:20:20.242+02:00 TRACE 13448 --- [api-gateway] [    Test worker] o.s.b.f.s.DefaultListableBeanFactory     : Returning cached instance of singleton bean 'jsr250AuthorizationAdvisor'
2025-04-26T22:20:20.242+02:00 TRACE 13448 --- [api-gateway] [    Test worker] o.s.b.f.s.DefaultListableBeanFactory     : Returning cached instance of singleton bean 'authorizeReturnObjectAdvisor'
2025-04-26T22:20:20.242+02:00 TRACE 13448 --- [api-gateway] [    Test worker] o.s.b.f.s.DefaultListableBeanFactory     : Finished creating instance of bean 'configDataContextRefresher'
2025-04-26T22:20:20.242+02:00 DEBUG 13448 --- [api-gateway] [    Test worker] o.s.b.f.s.DefaultListableBeanFactory     : Creating shared instance of singleton bean 'refreshScopeLifecycle'
2025-04-26T22:20:20.242+02:00 TRACE 13448 --- [api-gateway] [    Test worker] o.s.b.f.s.DefaultListableBeanFactory     : Creating instance of bean 'refreshScopeLifecycle'
2025-04-26T22:20:20.242+02:00 TRACE 13448 --- [api-gateway] [    Test worker] o.s.b.f.s.DefaultListableBeanFactory     : Returning cached instance of singleton bean 'org.springframework.cloud.autoconfigure.RefreshAutoConfiguration'
2025-04-26T22:20:20.242+02:00 TRACE 13448 --- [api-gateway] [    Test worker] o.s.b.f.s.DefaultListableBeanFactory     : Returning cached instance of singleton bean 'configDataContextRefresher'
2025-04-26T22:20:20.242+02:00 DEBUG 13448 --- [api-gateway] [    Test worker] o.s.b.f.s.DefaultListableBeanFactory     : Autowiring by type from bean name 'refreshScopeLifecycle' via factory method to bean named 'configDataContextRefresher'
2025-04-26T22:20:20.243+02:00 TRACE 13448 --- [api-gateway] [    Test worker] o.s.b.f.s.DefaultListableBeanFactory     : Returning cached instance of singleton bean 'preFilterAuthorizationAdvisor'
2025-04-26T22:20:20.243+02:00 TRACE 13448 --- [api-gateway] [    Test worker] o.s.b.f.s.DefaultListableBeanFactory     : Returning cached instance of singleton bean 'preAuthorizeAuthorizationAdvisor'
2025-04-26T22:20:20.243+02:00 TRACE 13448 --- [api-gateway] [    Test worker] o.s.b.f.s.DefaultListableBeanFactory     : Returning cached instance of singleton bean 'postFilterAuthorizationAdvisor'
2025-04-26T22:20:20.243+02:00 TRACE 13448 --- [api-gateway] [    Test worker] o.s.b.f.s.DefaultListableBeanFactory     : Returning cached instance of singleton bean 'postAuthorizeAuthorizationAdvisor'
2025-04-26T22:20:20.243+02:00 TRACE 13448 --- [api-gateway] [    Test worker] o.s.b.f.s.DefaultListableBeanFactory     : Returning cached instance of singleton bean 'jsr250AuthorizationAdvisor'
2025-04-26T22:20:20.243+02:00 TRACE 13448 --- [api-gateway] [    Test worker] o.s.b.f.s.DefaultListableBeanFactory     : Returning cached instance of singleton bean 'authorizeReturnObjectAdvisor'
2025-04-26T22:20:20.243+02:00 TRACE 13448 --- [api-gateway] [    Test worker] o.s.b.f.s.DefaultListableBeanFactory     : Finished creating instance of bean 'refreshScopeLifecycle'
2025-04-26T22:20:20.243+02:00 DEBUG 13448 --- [api-gateway] [    Test worker] o.s.b.f.s.DefaultListableBeanFactory     : Creating shared instance of singleton bean 'refreshEventListener'
2025-04-26T22:20:20.243+02:00 TRACE 13448 --- [api-gateway] [    Test worker] o.s.b.f.s.DefaultListableBeanFactory     : Creating instance of bean 'refreshEventListener'
2025-04-26T22:20:20.243+02:00 TRACE 13448 --- [api-gateway] [    Test worker] o.s.b.f.s.DefaultListableBeanFactory     : Returning cached instance of singleton bean 'org.springframework.cloud.autoconfigure.RefreshAutoConfiguration'
2025-04-26T22:20:20.243+02:00 TRACE 13448 --- [api-gateway] [    Test worker] o.s.b.f.s.DefaultListableBeanFactory     : Returning cached instance of singleton bean 'configDataContextRefresher'
2025-04-26T22:20:20.243+02:00 DEBUG 13448 --- [api-gateway] [    Test worker] o.s.b.f.s.DefaultListableBeanFactory     : Autowiring by type from bean name 'refreshEventListener' via factory method to bean named 'configDataContextRefresher'
2025-04-26T22:20:20.244+02:00 TRACE 13448 --- [api-gateway] [    Test worker] o.s.b.f.s.DefaultListableBeanFactory     : Returning cached instance of singleton bean 'preFilterAuthorizationAdvisor'
2025-04-26T22:20:20.244+02:00 TRACE 13448 --- [api-gateway] [    Test worker] o.s.b.f.s.DefaultListableBeanFactory     : Returning cached instance of singleton bean 'preAuthorizeAuthorizationAdvisor'
2025-04-26T22:20:20.244+02:00 TRACE 13448 --- [api-gateway] [    Test worker] o.s.b.f.s.DefaultListableBeanFactory     : Returning cached instance of singleton bean 'postFilterAuthorizationAdvisor'
2025-04-26T22:20:20.244+02:00 TRACE 13448 --- [api-gateway] [    Test worker] o.s.b.f.s.DefaultListableBeanFactory     : Returning cached instance of singleton bean 'postAuthorizeAuthorizationAdvisor'
2025-04-26T22:20:20.244+02:00 TRACE 13448 --- [api-gateway] [    Test worker] o.s.b.f.s.DefaultListableBeanFactory     : Returning cached instance of singleton bean 'jsr250AuthorizationAdvisor'
2025-04-26T22:20:20.244+02:00 TRACE 13448 --- [api-gateway] [    Test worker] o.s.b.f.s.DefaultListableBeanFactory     : Returning cached instance of singleton bean 'authorizeReturnObjectAdvisor'
2025-04-26T22:20:20.244+02:00 TRACE 13448 --- [api-gateway] [    Test worker] o.s.b.f.s.DefaultListableBeanFactory     : Finished creating instance of bean 'refreshEventListener'
2025-04-26T22:20:20.244+02:00 TRACE 13448 --- [api-gateway] [    Test worker] o.s.b.f.s.DefaultListableBeanFactory     : Returning cached instance of singleton bean 'spring.cloud.refresh-org.springframework.cloud.autoconfigure.RefreshAutoConfiguration$RefreshProperties'
2025-04-26T22:20:20.244+02:00 DEBUG 13448 --- [api-gateway] [    Test worker] o.s.b.f.s.DefaultListableBeanFactory     : Creating shared instance of singleton bean 'org.springframework.boot.autoconfigure.context.ConfigurationPropertiesAutoConfiguration'
2025-04-26T22:20:20.244+02:00 TRACE 13448 --- [api-gateway] [    Test worker] o.s.b.f.s.DefaultListableBeanFactory     : Creating instance of bean 'org.springframework.boot.autoconfigure.context.ConfigurationPropertiesAutoConfiguration'
2025-04-26T22:20:20.245+02:00 TRACE 13448 --- [api-gateway] [    Test worker] o.s.b.f.s.DefaultListableBeanFactory     : Returning cached instance of singleton bean 'preFilterAuthorizationAdvisor'
2025-04-26T22:20:20.245+02:00 TRACE 13448 --- [api-gateway] [    Test worker] o.s.b.f.s.DefaultListableBeanFactory     : Returning cached instance of singleton bean 'preAuthorizeAuthorizationAdvisor'
2025-04-26T22:20:20.245+02:00 TRACE 13448 --- [api-gateway] [    Test worker] o.s.b.f.s.DefaultListableBeanFactory     : Returning cached instance of singleton bean 'postFilterAuthorizationAdvisor'
2025-04-26T22:20:20.245+02:00 TRACE 13448 --- [api-gateway] [    Test worker] o.s.b.f.s.DefaultListableBeanFactory     : Returning cached instance of singleton bean 'postAuthorizeAuthorizationAdvisor'
2025-04-26T22:20:20.245+02:00 TRACE 13448 --- [api-gateway] [    Test worker] o.s.b.f.s.DefaultListableBeanFactory     : Returning cached instance of singleton bean 'jsr250AuthorizationAdvisor'
2025-04-26T22:20:20.245+02:00 TRACE 13448 --- [api-gateway] [    Test worker] o.s.b.f.s.DefaultListableBeanFactory     : Returning cached instance of singleton bean 'authorizeReturnObjectAdvisor'
2025-04-26T22:20:20.245+02:00 TRACE 13448 --- [api-gateway] [    Test worker] o.s.b.f.s.DefaultListableBeanFactory     : Finished creating instance of bean 'org.springframework.boot.autoconfigure.context.ConfigurationPropertiesAutoConfiguration'
2025-04-26T22:20:20.245+02:00 DEBUG 13448 --- [api-gateway] [    Test worker] o.s.b.f.s.DefaultListableBeanFactory     : Creating shared instance of singleton bean 'org.springframework.boot.autoconfigure.context.LifecycleAutoConfiguration'
2025-04-26T22:20:20.245+02:00 TRACE 13448 --- [api-gateway] [    Test worker] o.s.b.f.s.DefaultListableBeanFactory     : Creating instance of bean 'org.springframework.boot.autoconfigure.context.LifecycleAutoConfiguration'
2025-04-26T22:20:20.245+02:00 TRACE 13448 --- [api-gateway] [    Test worker] o.s.b.f.s.DefaultListableBeanFactory     : Returning cached instance of singleton bean 'preFilterAuthorizationAdvisor'
2025-04-26T22:20:20.245+02:00 TRACE 13448 --- [api-gateway] [    Test worker] o.s.b.f.s.DefaultListableBeanFactory     : Returning cached instance of singleton bean 'preAuthorizeAuthorizationAdvisor'
2025-04-26T22:20:20.245+02:00 TRACE 13448 --- [api-gateway] [    Test worker] o.s.b.f.s.DefaultListableBeanFactory     : Returning cached instance of singleton bean 'postFilterAuthorizationAdvisor'
2025-04-26T22:20:20.245+02:00 TRACE 13448 --- [api-gateway] [    Test worker] o.s.b.f.s.DefaultListableBeanFactory     : Returning cached instance of singleton bean 'postAuthorizeAuthorizationAdvisor'
2025-04-26T22:20:20.245+02:00 TRACE 13448 --- [api-gateway] [    Test worker] o.s.b.f.s.DefaultListableBeanFactory     : Returning cached instance of singleton bean 'jsr250AuthorizationAdvisor'
2025-04-26T22:20:20.245+02:00 TRACE 13448 --- [api-gateway] [    Test worker] o.s.b.f.s.DefaultListableBeanFactory     : Returning cached instance of singleton bean 'authorizeReturnObjectAdvisor'
2025-04-26T22:20:20.245+02:00 TRACE 13448 --- [api-gateway] [    Test worker] o.s.b.f.s.DefaultListableBeanFactory     : Finished creating instance of bean 'org.springframework.boot.autoconfigure.context.LifecycleAutoConfiguration'
2025-04-26T22:20:20.245+02:00 DEBUG 13448 --- [api-gateway] [    Test worker] o.s.b.f.s.DefaultListableBeanFactory     : Creating shared instance of singleton bean 'lifecycleProcessor'
2025-04-26T22:20:20.245+02:00 TRACE 13448 --- [api-gateway] [    Test worker] o.s.b.f.s.DefaultListableBeanFactory     : Creating instance of bean 'lifecycleProcessor'
2025-04-26T22:20:20.245+02:00 TRACE 13448 --- [api-gateway] [    Test worker] o.s.b.f.s.DefaultListableBeanFactory     : Returning cached instance of singleton bean 'org.springframework.boot.autoconfigure.context.LifecycleAutoConfiguration'
2025-04-26T22:20:20.246+02:00 DEBUG 13448 --- [api-gateway] [    Test worker] o.s.b.f.s.DefaultListableBeanFactory     : Creating shared instance of singleton bean 'spring.lifecycle-org.springframework.boot.autoconfigure.context.LifecycleProperties'
2025-04-26T22:20:20.246+02:00 TRACE 13448 --- [api-gateway] [    Test worker] o.s.b.f.s.DefaultListableBeanFactory     : Creating instance of bean 'spring.lifecycle-org.springframework.boot.autoconfigure.context.LifecycleProperties'
2025-04-26T22:20:20.246+02:00 TRACE 13448 --- [api-gateway] [    Test worker] o.s.b.f.s.DefaultListableBeanFactory     : Returning cached instance of singleton bean 'org.springframework.boot.context.properties.BoundConfigurationProperties'
2025-04-26T22:20:20.246+02:00 TRACE 13448 --- [api-gateway] [    Test worker] o.s.b.f.s.DefaultListableBeanFactory     : Returning cached instance of singleton bean 'preFilterAuthorizationAdvisor'
2025-04-26T22:20:20.246+02:00 TRACE 13448 --- [api-gateway] [    Test worker] o.s.b.f.s.DefaultListableBeanFactory     : Returning cached instance of singleton bean 'preAuthorizeAuthorizationAdvisor'
2025-04-26T22:20:20.246+02:00 TRACE 13448 --- [api-gateway] [    Test worker] o.s.b.f.s.DefaultListableBeanFactory     : Returning cached instance of singleton bean 'postFilterAuthorizationAdvisor'
2025-04-26T22:20:20.246+02:00 TRACE 13448 --- [api-gateway] [    Test worker] o.s.b.f.s.DefaultListableBeanFactory     : Returning cached instance of singleton bean 'postAuthorizeAuthorizationAdvisor'
2025-04-26T22:20:20.246+02:00 TRACE 13448 --- [api-gateway] [    Test worker] o.s.b.f.s.DefaultListableBeanFactory     : Returning cached instance of singleton bean 'jsr250AuthorizationAdvisor'
2025-04-26T22:20:20.246+02:00 TRACE 13448 --- [api-gateway] [    Test worker] o.s.b.f.s.DefaultListableBeanFactory     : Returning cached instance of singleton bean 'authorizeReturnObjectAdvisor'
2025-04-26T22:20:20.247+02:00 TRACE 13448 --- [api-gateway] [    Test worker] o.s.b.f.s.DefaultListableBeanFactory     : Finished creating instance of bean 'spring.lifecycle-org.springframework.boot.autoconfigure.context.LifecycleProperties'
2025-04-26T22:20:20.248+02:00 DEBUG 13448 --- [api-gateway] [    Test worker] o.s.b.f.s.DefaultListableBeanFactory     : Autowiring by type from bean name 'lifecycleProcessor' via factory method to bean named 'spring.lifecycle-org.springframework.boot.autoconfigure.context.LifecycleProperties'
2025-04-26T22:20:20.249+02:00 TRACE 13448 --- [api-gateway] [    Test worker] o.s.b.f.s.DefaultListableBeanFactory     : Returning cached instance of singleton bean 'preFilterAuthorizationAdvisor'
2025-04-26T22:20:20.249+02:00 TRACE 13448 --- [api-gateway] [    Test worker] o.s.b.f.s.DefaultListableBeanFactory     : Returning cached instance of singleton bean 'preAuthorizeAuthorizationAdvisor'
2025-04-26T22:20:20.249+02:00 TRACE 13448 --- [api-gateway] [    Test worker] o.s.b.f.s.DefaultListableBeanFactory     : Returning cached instance of singleton bean 'postFilterAuthorizationAdvisor'
2025-04-26T22:20:20.249+02:00 TRACE 13448 --- [api-gateway] [    Test worker] o.s.b.f.s.DefaultListableBeanFactory     : Returning cached instance of singleton bean 'postAuthorizeAuthorizationAdvisor'
2025-04-26T22:20:20.249+02:00 TRACE 13448 --- [api-gateway] [    Test worker] o.s.b.f.s.DefaultListableBeanFactory     : Returning cached instance of singleton bean 'jsr250AuthorizationAdvisor'
2025-04-26T22:20:20.249+02:00 TRACE 13448 --- [api-gateway] [    Test worker] o.s.b.f.s.DefaultListableBeanFactory     : Returning cached instance of singleton bean 'authorizeReturnObjectAdvisor'
2025-04-26T22:20:20.250+02:00 TRACE 13448 --- [api-gateway] [    Test worker] o.s.b.f.s.DefaultListableBeanFactory     : Finished creating instance of bean 'lifecycleProcessor'
2025-04-26T22:20:20.250+02:00 TRACE 13448 --- [api-gateway] [    Test worker] o.s.b.f.s.DefaultListableBeanFactory     : Returning cached instance of singleton bean 'spring.lifecycle-org.springframework.boot.autoconfigure.context.LifecycleProperties'
2025-04-26T22:20:20.250+02:00 DEBUG 13448 --- [api-gateway] [    Test worker] o.s.b.f.s.DefaultListableBeanFactory     : Creating shared instance of singleton bean 'org.springframework.boot.autoconfigure.gson.GsonAutoConfiguration'
2025-04-26T22:20:20.250+02:00 TRACE 13448 --- [api-gateway] [    Test worker] o.s.b.f.s.DefaultListableBeanFactory     : Creating instance of bean 'org.springframework.boot.autoconfigure.gson.GsonAutoConfiguration'
2025-04-26T22:20:20.250+02:00 TRACE 13448 --- [api-gateway] [    Test worker] o.s.b.f.s.DefaultListableBeanFactory     : Returning cached instance of singleton bean 'preFilterAuthorizationAdvisor'
2025-04-26T22:20:20.250+02:00 TRACE 13448 --- [api-gateway] [    Test worker] o.s.b.f.s.DefaultListableBeanFactory     : Returning cached instance of singleton bean 'preAuthorizeAuthorizationAdvisor'
2025-04-26T22:20:20.250+02:00 TRACE 13448 --- [api-gateway] [    Test worker] o.s.b.f.s.DefaultListableBeanFactory     : Returning cached instance of singleton bean 'postFilterAuthorizationAdvisor'
2025-04-26T22:20:20.250+02:00 TRACE 13448 --- [api-gateway] [    Test worker] o.s.b.f.s.DefaultListableBeanFactory     : Returning cached instance of singleton bean 'postAuthorizeAuthorizationAdvisor'
2025-04-26T22:20:20.250+02:00 TRACE 13448 --- [api-gateway] [    Test worker] o.s.b.f.s.DefaultListableBeanFactory     : Returning cached instance of singleton bean 'jsr250AuthorizationAdvisor'
2025-04-26T22:20:20.250+02:00 TRACE 13448 --- [api-gateway] [    Test worker] o.s.b.f.s.DefaultListableBeanFactory     : Returning cached instance of singleton bean 'authorizeReturnObjectAdvisor'
2025-04-26T22:20:20.250+02:00 TRACE 13448 --- [api-gateway] [    Test worker] o.s.b.f.s.DefaultListableBeanFactory     : Finished creating instance of bean 'org.springframework.boot.autoconfigure.gson.GsonAutoConfiguration'
2025-04-26T22:20:20.250+02:00 DEBUG 13448 --- [api-gateway] [    Test worker] o.s.b.f.s.DefaultListableBeanFactory     : Creating shared instance of singleton bean 'gsonBuilder'
2025-04-26T22:20:20.250+02:00 TRACE 13448 --- [api-gateway] [    Test worker] o.s.b.f.s.DefaultListableBeanFactory     : Creating instance of bean 'gsonBuilder'
2025-04-26T22:20:20.250+02:00 TRACE 13448 --- [api-gateway] [    Test worker] o.s.b.f.s.DefaultListableBeanFactory     : Returning cached instance of singleton bean 'org.springframework.boot.autoconfigure.gson.GsonAutoConfiguration'
2025-04-26T22:20:20.251+02:00 DEBUG 13448 --- [api-gateway] [    Test worker] o.s.b.f.s.DefaultListableBeanFactory     : Creating shared instance of singleton bean 'standardGsonBuilderCustomizer'
2025-04-26T22:20:20.251+02:00 TRACE 13448 --- [api-gateway] [    Test worker] o.s.b.f.s.DefaultListableBeanFactory     : Creating instance of bean 'standardGsonBuilderCustomizer'
2025-04-26T22:20:20.251+02:00 TRACE 13448 --- [api-gateway] [    Test worker] o.s.b.f.s.DefaultListableBeanFactory     : Returning cached instance of singleton bean 'org.springframework.boot.autoconfigure.gson.GsonAutoConfiguration'
2025-04-26T22:20:20.251+02:00 DEBUG 13448 --- [api-gateway] [    Test worker] o.s.b.f.s.DefaultListableBeanFactory     : Creating shared instance of singleton bean 'spring.gson-org.springframework.boot.autoconfigure.gson.GsonProperties'
2025-04-26T22:20:20.251+02:00 TRACE 13448 --- [api-gateway] [    Test worker] o.s.b.f.s.DefaultListableBeanFactory     : Creating instance of bean 'spring.gson-org.springframework.boot.autoconfigure.gson.GsonProperties'
2025-04-26T22:20:20.252+02:00 TRACE 13448 --- [api-gateway] [    Test worker] o.s.b.f.s.DefaultListableBeanFactory     : Returning cached instance of singleton bean 'org.springframework.boot.context.properties.BoundConfigurationProperties'
2025-04-26T22:20:20.253+02:00 TRACE 13448 --- [api-gateway] [    Test worker] o.s.b.f.s.DefaultListableBeanFactory     : Returning cached instance of singleton bean 'preFilterAuthorizationAdvisor'
2025-04-26T22:20:20.253+02:00 TRACE 13448 --- [api-gateway] [    Test worker] o.s.b.f.s.DefaultListableBeanFactory     : Returning cached instance of singleton bean 'preAuthorizeAuthorizationAdvisor'
2025-04-26T22:20:20.253+02:00 TRACE 13448 --- [api-gateway] [    Test worker] o.s.b.f.s.DefaultListableBeanFactory     : Returning cached instance of singleton bean 'postFilterAuthorizationAdvisor'
2025-04-26T22:20:20.253+02:00 TRACE 13448 --- [api-gateway] [    Test worker] o.s.b.f.s.DefaultListableBeanFactory     : Returning cached instance of singleton bean 'postAuthorizeAuthorizationAdvisor'
2025-04-26T22:20:20.253+02:00 TRACE 13448 --- [api-gateway] [    Test worker] o.s.b.f.s.DefaultListableBeanFactory     : Returning cached instance of singleton bean 'jsr250AuthorizationAdvisor'
2025-04-26T22:20:20.253+02:00 TRACE 13448 --- [api-gateway] [    Test worker] o.s.b.f.s.DefaultListableBeanFactory     : Returning cached instance of singleton bean 'authorizeReturnObjectAdvisor'
2025-04-26T22:20:20.253+02:00 TRACE 13448 --- [api-gateway] [    Test worker] o.s.b.f.s.DefaultListableBeanFactory     : Finished creating instance of bean 'spring.gson-org.springframework.boot.autoconfigure.gson.GsonProperties'
2025-04-26T22:20:20.253+02:00 DEBUG 13448 --- [api-gateway] [    Test worker] o.s.b.f.s.DefaultListableBeanFactory     : Autowiring by type from bean name 'standardGsonBuilderCustomizer' via factory method to bean named 'spring.gson-org.springframework.boot.autoconfigure.gson.GsonProperties'
2025-04-26T22:20:20.254+02:00 TRACE 13448 --- [api-gateway] [    Test worker] o.s.b.f.s.DefaultListableBeanFactory     : Returning cached instance of singleton bean 'preFilterAuthorizationAdvisor'
2025-04-26T22:20:20.254+02:00 TRACE 13448 --- [api-gateway] [    Test worker] o.s.b.f.s.DefaultListableBeanFactory     : Returning cached instance of singleton bean 'preAuthorizeAuthorizationAdvisor'
2025-04-26T22:20:20.254+02:00 TRACE 13448 --- [api-gateway] [    Test worker] o.s.b.f.s.DefaultListableBeanFactory     : Returning cached instance of singleton bean 'postFilterAuthorizationAdvisor'
2025-04-26T22:20:20.254+02:00 TRACE 13448 --- [api-gateway] [    Test worker] o.s.b.f.s.DefaultListableBeanFactory     : Returning cached instance of singleton bean 'postAuthorizeAuthorizationAdvisor'
2025-04-26T22:20:20.254+02:00 TRACE 13448 --- [api-gateway] [    Test worker] o.s.b.f.s.DefaultListableBeanFactory     : Returning cached instance of singleton bean 'jsr250AuthorizationAdvisor'
2025-04-26T22:20:20.254+02:00 TRACE 13448 --- [api-gateway] [    Test worker] o.s.b.f.s.DefaultListableBeanFactory     : Returning cached instance of singleton bean 'authorizeReturnObjectAdvisor'
2025-04-26T22:20:20.254+02:00 TRACE 13448 --- [api-gateway] [    Test worker] o.s.b.f.s.DefaultListableBeanFactory     : Finished creating instance of bean 'standardGsonBuilderCustomizer'
2025-04-26T22:20:20.254+02:00 DEBUG 13448 --- [api-gateway] [    Test worker] o.s.b.f.s.DefaultListableBeanFactory     : Autowiring by type from bean name 'gsonBuilder' via factory method to bean named 'standardGsonBuilderCustomizer'
2025-04-26T22:20:20.270+02:00 TRACE 13448 --- [api-gateway] [    Test worker] o.s.b.f.s.DefaultListableBeanFactory     : Returning cached instance of singleton bean 'preFilterAuthorizationAdvisor'
2025-04-26T22:20:20.271+02:00 TRACE 13448 --- [api-gateway] [    Test worker] o.s.b.f.s.DefaultListableBeanFactory     : Returning cached instance of singleton bean 'preAuthorizeAuthorizationAdvisor'
2025-04-26T22:20:20.271+02:00 TRACE 13448 --- [api-gateway] [    Test worker] o.s.b.f.s.DefaultListableBeanFactory     : Returning cached instance of singleton bean 'postFilterAuthorizationAdvisor'
2025-04-26T22:20:20.271+02:00 TRACE 13448 --- [api-gateway] [    Test worker] o.s.b.f.s.DefaultListableBeanFactory     : Returning cached instance of singleton bean 'postAuthorizeAuthorizationAdvisor'
2025-04-26T22:20:20.271+02:00 TRACE 13448 --- [api-gateway] [    Test worker] o.s.b.f.s.DefaultListableBeanFactory     : Returning cached instance of singleton bean 'jsr250AuthorizationAdvisor'
2025-04-26T22:20:20.271+02:00 TRACE 13448 --- [api-gateway] [    Test worker] o.s.b.f.s.DefaultListableBeanFactory     : Returning cached instance of singleton bean 'authorizeReturnObjectAdvisor'
2025-04-26T22:20:20.271+02:00 TRACE 13448 --- [api-gateway] [    Test worker] o.s.b.f.s.DefaultListableBeanFactory     : Finished creating instance of bean 'gsonBuilder'
2025-04-26T22:20:20.271+02:00 DEBUG 13448 --- [api-gateway] [    Test worker] o.s.b.f.s.DefaultListableBeanFactory     : Creating shared instance of singleton bean 'gson'
2025-04-26T22:20:20.271+02:00 TRACE 13448 --- [api-gateway] [    Test worker] o.s.b.f.s.DefaultListableBeanFactory     : Creating instance of bean 'gson'
2025-04-26T22:20:20.271+02:00 TRACE 13448 --- [api-gateway] [    Test worker] o.s.b.f.s.DefaultListableBeanFactory     : Returning cached instance of singleton bean 'org.springframework.boot.autoconfigure.gson.GsonAutoConfiguration'
2025-04-26T22:20:20.271+02:00 TRACE 13448 --- [api-gateway] [    Test worker] o.s.b.f.s.DefaultListableBeanFactory     : Returning cached instance of singleton bean 'gsonBuilder'
2025-04-26T22:20:20.271+02:00 DEBUG 13448 --- [api-gateway] [    Test worker] o.s.b.f.s.DefaultListableBeanFactory     : Autowiring by type from bean name 'gson' via factory method to bean named 'gsonBuilder'
2025-04-26T22:20:20.298+02:00 TRACE 13448 --- [api-gateway] [    Test worker] o.s.b.f.s.DefaultListableBeanFactory     : Returning cached instance of singleton bean 'preFilterAuthorizationAdvisor'
2025-04-26T22:20:20.298+02:00 TRACE 13448 --- [api-gateway] [    Test worker] o.s.b.f.s.DefaultListableBeanFactory     : Returning cached instance of singleton bean 'preAuthorizeAuthorizationAdvisor'
2025-04-26T22:20:20.298+02:00 TRACE 13448 --- [api-gateway] [    Test worker] o.s.b.f.s.DefaultListableBeanFactory     : Returning cached instance of singleton bean 'postFilterAuthorizationAdvisor'
2025-04-26T22:20:20.298+02:00 TRACE 13448 --- [api-gateway] [    Test worker] o.s.b.f.s.DefaultListableBeanFactory     : Returning cached instance of singleton bean 'postAuthorizeAuthorizationAdvisor'
2025-04-26T22:20:20.298+02:00 TRACE 13448 --- [api-gateway] [    Test worker] o.s.b.f.s.DefaultListableBeanFactory     : Returning cached instance of singleton bean 'jsr250AuthorizationAdvisor'
2025-04-26T22:20:20.298+02:00 TRACE 13448 --- [api-gateway] [    Test worker] o.s.b.f.s.DefaultListableBeanFactory     : Returning cached instance of singleton bean 'authorizeReturnObjectAdvisor'
2025-04-26T22:20:20.298+02:00 TRACE 13448 --- [api-gateway] [    Test worker] o.s.b.f.s.DefaultListableBeanFactory     : Finished creating instance of bean 'gson'
2025-04-26T22:20:20.298+02:00 TRACE 13448 --- [api-gateway] [    Test worker] o.s.b.f.s.DefaultListableBeanFactory     : Returning cached instance of singleton bean 'standardGsonBuilderCustomizer'
2025-04-26T22:20:20.298+02:00 TRACE 13448 --- [api-gateway] [    Test worker] o.s.b.f.s.DefaultListableBeanFactory     : Returning cached instance of singleton bean 'spring.gson-org.springframework.boot.autoconfigure.gson.GsonProperties'
2025-04-26T22:20:20.298+02:00 TRACE 13448 --- [api-gateway] [    Test worker] o.s.b.f.s.DefaultListableBeanFactory     : Returning cached instance of singleton bean 'org.springframework.boot.autoconfigure.ssl.SslAutoConfiguration'
2025-04-26T22:20:20.298+02:00 TRACE 13448 --- [api-gateway] [    Test worker] o.s.b.f.s.DefaultListableBeanFactory     : Returning cached instance of singleton bean 'fileWatcher'
2025-04-26T22:20:20.298+02:00 TRACE 13448 --- [api-gateway] [    Test worker] o.s.b.f.s.DefaultListableBeanFactory     : Returning cached instance of singleton bean 'sslPropertiesSslBundleRegistrar'
2025-04-26T22:20:20.298+02:00 TRACE 13448 --- [api-gateway] [    Test worker] o.s.b.f.s.DefaultListableBeanFactory     : Returning cached instance of singleton bean 'sslBundleRegistry'
2025-04-26T22:20:20.298+02:00 TRACE 13448 --- [api-gateway] [    Test worker] o.s.b.f.s.DefaultListableBeanFactory     : Returning cached instance of singleton bean 'spring.ssl-org.springframework.boot.autoconfigure.ssl.SslProperties'
2025-04-26T22:20:20.298+02:00 DEBUG 13448 --- [api-gateway] [    Test worker] o.s.b.f.s.DefaultListableBeanFactory     : Creating shared instance of singleton bean 'org.springframework.boot.autoconfigure.info.ProjectInfoAutoConfiguration'
2025-04-26T22:20:20.298+02:00 TRACE 13448 --- [api-gateway] [    Test worker] o.s.b.f.s.DefaultListableBeanFactory     : Creating instance of bean 'org.springframework.boot.autoconfigure.info.ProjectInfoAutoConfiguration'
2025-04-26T22:20:20.300+02:00 DEBUG 13448 --- [api-gateway] [    Test worker] o.s.b.f.s.DefaultListableBeanFactory     : Creating shared instance of singleton bean 'spring.info-org.springframework.boot.autoconfigure.info.ProjectInfoProperties'
2025-04-26T22:20:20.300+02:00 TRACE 13448 --- [api-gateway] [    Test worker] o.s.b.f.s.DefaultListableBeanFactory     : Creating instance of bean 'spring.info-org.springframework.boot.autoconfigure.info.ProjectInfoProperties'
2025-04-26T22:20:20.300+02:00 TRACE 13448 --- [api-gateway] [    Test worker] o.s.b.f.s.DefaultListableBeanFactory     : Returning cached instance of singleton bean 'org.springframework.boot.context.properties.BoundConfigurationProperties'
2025-04-26T22:20:20.301+02:00 TRACE 13448 --- [api-gateway] [    Test worker] o.s.b.f.s.DefaultListableBeanFactory     : Returning cached instance of singleton bean 'preFilterAuthorizationAdvisor'
2025-04-26T22:20:20.301+02:00 TRACE 13448 --- [api-gateway] [    Test worker] o.s.b.f.s.DefaultListableBeanFactory     : Returning cached instance of singleton bean 'preAuthorizeAuthorizationAdvisor'
2025-04-26T22:20:20.301+02:00 TRACE 13448 --- [api-gateway] [    Test worker] o.s.b.f.s.DefaultListableBeanFactory     : Returning cached instance of singleton bean 'postFilterAuthorizationAdvisor'
2025-04-26T22:20:20.301+02:00 TRACE 13448 --- [api-gateway] [    Test worker] o.s.b.f.s.DefaultListableBeanFactory     : Returning cached instance of singleton bean 'postAuthorizeAuthorizationAdvisor'
2025-04-26T22:20:20.301+02:00 TRACE 13448 --- [api-gateway] [    Test worker] o.s.b.f.s.DefaultListableBeanFactory     : Returning cached instance of singleton bean 'jsr250AuthorizationAdvisor'
2025-04-26T22:20:20.301+02:00 TRACE 13448 --- [api-gateway] [    Test worker] o.s.b.f.s.DefaultListableBeanFactory     : Returning cached instance of singleton bean 'authorizeReturnObjectAdvisor'
2025-04-26T22:20:20.301+02:00 TRACE 13448 --- [api-gateway] [    Test worker] o.s.b.f.s.DefaultListableBeanFactory     : Finished creating instance of bean 'spring.info-org.springframework.boot.autoconfigure.info.ProjectInfoProperties'
2025-04-26T22:20:20.301+02:00 DEBUG 13448 --- [api-gateway] [    Test worker] o.s.b.f.s.DefaultListableBeanFactory     : Autowiring by type from bean name 'org.springframework.boot.autoconfigure.info.ProjectInfoAutoConfiguration' via constructor to bean named 'spring.info-org.springframework.boot.autoconfigure.info.ProjectInfoProperties'
2025-04-26T22:20:20.302+02:00 TRACE 13448 --- [api-gateway] [    Test worker] o.s.b.f.s.DefaultListableBeanFactory     : Returning cached instance of singleton bean 'preFilterAuthorizationAdvisor'
2025-04-26T22:20:20.302+02:00 TRACE 13448 --- [api-gateway] [    Test worker] o.s.b.f.s.DefaultListableBeanFactory     : Returning cached instance of singleton bean 'preAuthorizeAuthorizationAdvisor'
2025-04-26T22:20:20.302+02:00 TRACE 13448 --- [api-gateway] [    Test worker] o.s.b.f.s.DefaultListableBeanFactory     : Returning cached instance of singleton bean 'postFilterAuthorizationAdvisor'
2025-04-26T22:20:20.302+02:00 TRACE 13448 --- [api-gateway] [    Test worker] o.s.b.f.s.DefaultListableBeanFactory     : Returning cached instance of singleton bean 'postAuthorizeAuthorizationAdvisor'
2025-04-26T22:20:20.302+02:00 TRACE 13448 --- [api-gateway] [    Test worker] o.s.b.f.s.DefaultListableBeanFactory     : Returning cached instance of singleton bean 'jsr250AuthorizationAdvisor'
2025-04-26T22:20:20.302+02:00 TRACE 13448 --- [api-gateway] [    Test worker] o.s.b.f.s.DefaultListableBeanFactory     : Returning cached instance of singleton bean 'authorizeReturnObjectAdvisor'
2025-04-26T22:20:20.302+02:00 TRACE 13448 --- [api-gateway] [    Test worker] o.s.b.f.s.DefaultListableBeanFactory     : Finished creating instance of bean 'org.springframework.boot.autoconfigure.info.ProjectInfoAutoConfiguration'
2025-04-26T22:20:20.302+02:00 TRACE 13448 --- [api-gateway] [    Test worker] o.s.b.f.s.DefaultListableBeanFactory     : Returning cached instance of singleton bean 'spring.info-org.springframework.boot.autoconfigure.info.ProjectInfoProperties'
2025-04-26T22:20:20.302+02:00 DEBUG 13448 --- [api-gateway] [    Test worker] o.s.b.f.s.DefaultListableBeanFactory     : Creating shared instance of singleton bean 'org.springframework.boot.autoconfigure.netty.NettyAutoConfiguration'
2025-04-26T22:20:20.302+02:00 TRACE 13448 --- [api-gateway] [    Test worker] o.s.b.f.s.DefaultListableBeanFactory     : Creating instance of bean 'org.springframework.boot.autoconfigure.netty.NettyAutoConfiguration'
2025-04-26T22:20:20.302+02:00 DEBUG 13448 --- [api-gateway] [    Test worker] o.s.b.f.s.DefaultListableBeanFactory     : Creating shared instance of singleton bean 'spring.netty-org.springframework.boot.autoconfigure.netty.NettyProperties'
2025-04-26T22:20:20.302+02:00 TRACE 13448 --- [api-gateway] [    Test worker] o.s.b.f.s.DefaultListableBeanFactory     : Creating instance of bean 'spring.netty-org.springframework.boot.autoconfigure.netty.NettyProperties'
2025-04-26T22:20:20.303+02:00 TRACE 13448 --- [api-gateway] [    Test worker] o.s.b.f.s.DefaultListableBeanFactory     : Returning cached instance of singleton bean 'org.springframework.boot.context.properties.BoundConfigurationProperties'
2025-04-26T22:20:20.303+02:00 TRACE 13448 --- [api-gateway] [    Test worker] o.s.b.f.s.DefaultListableBeanFactory     : Returning cached instance of singleton bean 'preFilterAuthorizationAdvisor'
2025-04-26T22:20:20.303+02:00 TRACE 13448 --- [api-gateway] [    Test worker] o.s.b.f.s.DefaultListableBeanFactory     : Returning cached instance of singleton bean 'preAuthorizeAuthorizationAdvisor'
2025-04-26T22:20:20.303+02:00 TRACE 13448 --- [api-gateway] [    Test worker] o.s.b.f.s.DefaultListableBeanFactory     : Returning cached instance of singleton bean 'postFilterAuthorizationAdvisor'
2025-04-26T22:20:20.303+02:00 TRACE 13448 --- [api-gateway] [    Test worker] o.s.b.f.s.DefaultListableBeanFactory     : Returning cached instance of singleton bean 'postAuthorizeAuthorizationAdvisor'
2025-04-26T22:20:20.303+02:00 TRACE 13448 --- [api-gateway] [    Test worker] o.s.b.f.s.DefaultListableBeanFactory     : Returning cached instance of singleton bean 'jsr250AuthorizationAdvisor'
2025-04-26T22:20:20.303+02:00 TRACE 13448 --- [api-gateway] [    Test worker] o.s.b.f.s.DefaultListableBeanFactory     : Returning cached instance of singleton bean 'authorizeReturnObjectAdvisor'
2025-04-26T22:20:20.303+02:00 TRACE 13448 --- [api-gateway] [    Test worker] o.s.b.f.s.DefaultListableBeanFactory     : Finished creating instance of bean 'spring.netty-org.springframework.boot.autoconfigure.netty.NettyProperties'
2025-04-26T22:20:20.304+02:00 DEBUG 13448 --- [api-gateway] [    Test worker] o.s.b.f.s.DefaultListableBeanFactory     : Autowiring by type from bean name 'org.springframework.boot.autoconfigure.netty.NettyAutoConfiguration' via constructor to bean named 'spring.netty-org.springframework.boot.autoconfigure.netty.NettyProperties'
2025-04-26T22:20:20.304+02:00 TRACE 13448 --- [api-gateway] [    Test worker] o.s.b.f.s.DefaultListableBeanFactory     : Returning cached instance of singleton bean 'preFilterAuthorizationAdvisor'
2025-04-26T22:20:20.304+02:00 TRACE 13448 --- [api-gateway] [    Test worker] o.s.b.f.s.DefaultListableBeanFactory     : Returning cached instance of singleton bean 'preAuthorizeAuthorizationAdvisor'
2025-04-26T22:20:20.304+02:00 TRACE 13448 --- [api-gateway] [    Test worker] o.s.b.f.s.DefaultListableBeanFactory     : Returning cached instance of singleton bean 'postFilterAuthorizationAdvisor'
2025-04-26T22:20:20.304+02:00 TRACE 13448 --- [api-gateway] [    Test worker] o.s.b.f.s.DefaultListableBeanFactory     : Returning cached instance of singleton bean 'postAuthorizeAuthorizationAdvisor'
2025-04-26T22:20:20.304+02:00 TRACE 13448 --- [api-gateway] [    Test worker] o.s.b.f.s.DefaultListableBeanFactory     : Returning cached instance of singleton bean 'jsr250AuthorizationAdvisor'
2025-04-26T22:20:20.304+02:00 TRACE 13448 --- [api-gateway] [    Test worker] o.s.b.f.s.DefaultListableBeanFactory     : Returning cached instance of singleton bean 'authorizeReturnObjectAdvisor'
2025-04-26T22:20:20.304+02:00 TRACE 13448 --- [api-gateway] [    Test worker] o.s.b.f.s.DefaultListableBeanFactory     : Finished creating instance of bean 'org.springframework.boot.autoconfigure.netty.NettyAutoConfiguration'
2025-04-26T22:20:20.304+02:00 TRACE 13448 --- [api-gateway] [    Test worker] o.s.b.f.s.DefaultListableBeanFactory     : Returning cached instance of singleton bean 'spring.netty-org.springframework.boot.autoconfigure.netty.NettyProperties'
2025-04-26T22:20:20.304+02:00 DEBUG 13448 --- [api-gateway] [    Test worker] o.s.b.f.s.DefaultListableBeanFactory     : Creating shared instance of singleton bean 'org.springframework.boot.autoconfigure.reactor.ReactorAutoConfiguration'
2025-04-26T22:20:20.304+02:00 TRACE 13448 --- [api-gateway] [    Test worker] o.s.b.f.s.DefaultListableBeanFactory     : Creating instance of bean 'org.springframework.boot.autoconfigure.reactor.ReactorAutoConfiguration'
2025-04-26T22:20:20.304+02:00 DEBUG 13448 --- [api-gateway] [    Test worker] o.s.b.f.s.DefaultListableBeanFactory     : Creating shared instance of singleton bean 'spring.reactor-org.springframework.boot.autoconfigure.reactor.ReactorProperties'
2025-04-26T22:20:20.305+02:00 TRACE 13448 --- [api-gateway] [    Test worker] o.s.b.f.s.DefaultListableBeanFactory     : Creating instance of bean 'spring.reactor-org.springframework.boot.autoconfigure.reactor.ReactorProperties'
2025-04-26T22:20:20.305+02:00 TRACE 13448 --- [api-gateway] [    Test worker] o.s.b.f.s.DefaultListableBeanFactory     : Returning cached instance of singleton bean 'org.springframework.boot.context.properties.BoundConfigurationProperties'
2025-04-26T22:20:20.305+02:00 TRACE 13448 --- [api-gateway] [    Test worker] o.s.b.f.s.DefaultListableBeanFactory     : Returning cached instance of singleton bean 'preFilterAuthorizationAdvisor'
2025-04-26T22:20:20.305+02:00 TRACE 13448 --- [api-gateway] [    Test worker] o.s.b.f.s.DefaultListableBeanFactory     : Returning cached instance of singleton bean 'preAuthorizeAuthorizationAdvisor'
2025-04-26T22:20:20.305+02:00 TRACE 13448 --- [api-gateway] [    Test worker] o.s.b.f.s.DefaultListableBeanFactory     : Returning cached instance of singleton bean 'postFilterAuthorizationAdvisor'
2025-04-26T22:20:20.305+02:00 TRACE 13448 --- [api-gateway] [    Test worker] o.s.b.f.s.DefaultListableBeanFactory     : Returning cached instance of singleton bean 'postAuthorizeAuthorizationAdvisor'
2025-04-26T22:20:20.305+02:00 TRACE 13448 --- [api-gateway] [    Test worker] o.s.b.f.s.DefaultListableBeanFactory     : Returning cached instance of singleton bean 'jsr250AuthorizationAdvisor'
2025-04-26T22:20:20.305+02:00 TRACE 13448 --- [api-gateway] [    Test worker] o.s.b.f.s.DefaultListableBeanFactory     : Returning cached instance of singleton bean 'authorizeReturnObjectAdvisor'
2025-04-26T22:20:20.305+02:00 TRACE 13448 --- [api-gateway] [    Test worker] o.s.b.f.s.DefaultListableBeanFactory     : Finished creating instance of bean 'spring.reactor-org.springframework.boot.autoconfigure.reactor.ReactorProperties'
2025-04-26T22:20:20.306+02:00 DEBUG 13448 --- [api-gateway] [    Test worker] o.s.b.f.s.DefaultListableBeanFactory     : Autowiring by type from bean name 'org.springframework.boot.autoconfigure.reactor.ReactorAutoConfiguration' via constructor to bean named 'spring.reactor-org.springframework.boot.autoconfigure.reactor.ReactorProperties'
2025-04-26T22:20:20.306+02:00 TRACE 13448 --- [api-gateway] [    Test worker] o.s.b.f.s.DefaultListableBeanFactory     : Returning cached instance of singleton bean 'preFilterAuthorizationAdvisor'
2025-04-26T22:20:20.306+02:00 TRACE 13448 --- [api-gateway] [    Test worker] o.s.b.f.s.DefaultListableBeanFactory     : Returning cached instance of singleton bean 'preAuthorizeAuthorizationAdvisor'
2025-04-26T22:20:20.306+02:00 TRACE 13448 --- [api-gateway] [    Test worker] o.s.b.f.s.DefaultListableBeanFactory     : Returning cached instance of singleton bean 'postFilterAuthorizationAdvisor'
2025-04-26T22:20:20.306+02:00 TRACE 13448 --- [api-gateway] [    Test worker] o.s.b.f.s.DefaultListableBeanFactory     : Returning cached instance of singleton bean 'postAuthorizeAuthorizationAdvisor'
2025-04-26T22:20:20.306+02:00 TRACE 13448 --- [api-gateway] [    Test worker] o.s.b.f.s.DefaultListableBeanFactory     : Returning cached instance of singleton bean 'jsr250AuthorizationAdvisor'
2025-04-26T22:20:20.306+02:00 TRACE 13448 --- [api-gateway] [    Test worker] o.s.b.f.s.DefaultListableBeanFactory     : Returning cached instance of singleton bean 'authorizeReturnObjectAdvisor'
2025-04-26T22:20:20.306+02:00 TRACE 13448 --- [api-gateway] [    Test worker] o.s.b.f.s.DefaultListableBeanFactory     : Finished creating instance of bean 'org.springframework.boot.autoconfigure.reactor.ReactorAutoConfiguration'
2025-04-26T22:20:20.306+02:00 TRACE 13448 --- [api-gateway] [    Test worker] o.s.b.f.s.DefaultListableBeanFactory     : Returning cached instance of singleton bean 'spring.reactor-org.springframework.boot.autoconfigure.reactor.ReactorProperties'
2025-04-26T22:20:20.306+02:00 TRACE 13448 --- [api-gateway] [    Test worker] o.s.b.f.s.DefaultListableBeanFactory     : Returning cached instance of singleton bean 'org.springframework.boot.autoconfigure.security.oauth2.resource.reactive.ReactiveOAuth2ResourceServerJwkConfiguration$JwtConfiguration'
2025-04-26T22:20:20.306+02:00 TRACE 13448 --- [api-gateway] [    Test worker] o.s.b.f.s.DefaultListableBeanFactory     : Returning cached instance of singleton bean 'jwtDecoderByIssuerUri'
2025-04-26T22:20:20.306+02:00 DEBUG 13448 --- [api-gateway] [    Test worker] o.s.b.f.s.DefaultListableBeanFactory     : Creating shared instance of singleton bean 'org.springframework.boot.autoconfigure.security.oauth2.resource.reactive.ReactiveOAuth2ResourceServerConfiguration$JwtConfiguration'
2025-04-26T22:20:20.306+02:00 TRACE 13448 --- [api-gateway] [    Test worker] o.s.b.f.s.DefaultListableBeanFactory     : Creating instance of bean 'org.springframework.boot.autoconfigure.security.oauth2.resource.reactive.ReactiveOAuth2ResourceServerConfiguration$JwtConfiguration'
2025-04-26T22:20:20.306+02:00 TRACE 13448 --- [api-gateway] [    Test worker] o.s.b.f.s.DefaultListableBeanFactory     : Returning cached instance of singleton bean 'preFilterAuthorizationAdvisor'
2025-04-26T22:20:20.306+02:00 TRACE 13448 --- [api-gateway] [    Test worker] o.s.b.f.s.DefaultListableBeanFactory     : Returning cached instance of singleton bean 'preAuthorizeAuthorizationAdvisor'
2025-04-26T22:20:20.306+02:00 TRACE 13448 --- [api-gateway] [    Test worker] o.s.b.f.s.DefaultListableBeanFactory     : Returning cached instance of singleton bean 'postFilterAuthorizationAdvisor'
2025-04-26T22:20:20.306+02:00 TRACE 13448 --- [api-gateway] [    Test worker] o.s.b.f.s.DefaultListableBeanFactory     : Returning cached instance of singleton bean 'postAuthorizeAuthorizationAdvisor'
2025-04-26T22:20:20.306+02:00 TRACE 13448 --- [api-gateway] [    Test worker] o.s.b.f.s.DefaultListableBeanFactory     : Returning cached instance of singleton bean 'jsr250AuthorizationAdvisor'
2025-04-26T22:20:20.306+02:00 TRACE 13448 --- [api-gateway] [    Test worker] o.s.b.f.s.DefaultListableBeanFactory     : Returning cached instance of singleton bean 'authorizeReturnObjectAdvisor'
2025-04-26T22:20:20.306+02:00 TRACE 13448 --- [api-gateway] [    Test worker] o.s.b.f.s.DefaultListableBeanFactory     : Finished creating instance of bean 'org.springframework.boot.autoconfigure.security.oauth2.resource.reactive.ReactiveOAuth2ResourceServerConfiguration$JwtConfiguration'
2025-04-26T22:20:20.306+02:00 DEBUG 13448 --- [api-gateway] [    Test worker] o.s.b.f.s.DefaultListableBeanFactory     : Creating shared instance of singleton bean 'org.springframework.boot.autoconfigure.security.oauth2.resource.reactive.ReactiveOAuth2ResourceServerOpaqueTokenConfiguration$OpaqueTokenIntrospectionClientConfiguration'
2025-04-26T22:20:20.306+02:00 TRACE 13448 --- [api-gateway] [    Test worker] o.s.b.f.s.DefaultListableBeanFactory     : Creating instance of bean 'org.springframework.boot.autoconfigure.security.oauth2.resource.reactive.ReactiveOAuth2ResourceServerOpaqueTokenConfiguration$OpaqueTokenIntrospectionClientConfiguration'
2025-04-26T22:20:20.308+02:00 TRACE 13448 --- [api-gateway] [    Test worker] o.s.b.f.s.DefaultListableBeanFactory     : Returning cached instance of singleton bean 'preFilterAuthorizationAdvisor'
2025-04-26T22:20:20.308+02:00 TRACE 13448 --- [api-gateway] [    Test worker] o.s.b.f.s.DefaultListableBeanFactory     : Returning cached instance of singleton bean 'preAuthorizeAuthorizationAdvisor'
2025-04-26T22:20:20.321+02:00 TRACE 13448 --- [api-gateway] [    Test worker] o.s.b.f.s.DefaultListableBeanFactory     : Returning cached instance of singleton bean 'postFilterAuthorizationAdvisor'
2025-04-26T22:20:20.321+02:00 TRACE 13448 --- [api-gateway] [    Test worker] o.s.b.f.s.DefaultListableBeanFactory     : Returning cached instance of singleton bean 'postAuthorizeAuthorizationAdvisor'
2025-04-26T22:20:20.321+02:00 TRACE 13448 --- [api-gateway] [    Test worker] o.s.b.f.s.DefaultListableBeanFactory     : Returning cached instance of singleton bean 'jsr250AuthorizationAdvisor'
2025-04-26T22:20:20.321+02:00 TRACE 13448 --- [api-gateway] [    Test worker] o.s.b.f.s.DefaultListableBeanFactory     : Returning cached instance of singleton bean 'authorizeReturnObjectAdvisor'
2025-04-26T22:20:20.322+02:00 TRACE 13448 --- [api-gateway] [    Test worker] o.s.b.f.s.DefaultListableBeanFactory     : Finished creating instance of bean 'org.springframework.boot.autoconfigure.security.oauth2.resource.reactive.ReactiveOAuth2ResourceServerOpaqueTokenConfiguration$OpaqueTokenIntrospectionClientConfiguration'
2025-04-26T22:20:20.322+02:00 DEBUG 13448 --- [api-gateway] [    Test worker] o.s.b.f.s.DefaultListableBeanFactory     : Creating shared instance of singleton bean 'org.springframework.boot.autoconfigure.security.oauth2.resource.reactive.ReactiveOAuth2ResourceServerConfiguration$OpaqueTokenConfiguration'
2025-04-26T22:20:20.322+02:00 TRACE 13448 --- [api-gateway] [    Test worker] o.s.b.f.s.DefaultListableBeanFactory     : Creating instance of bean 'org.springframework.boot.autoconfigure.security.oauth2.resource.reactive.ReactiveOAuth2ResourceServerConfiguration$OpaqueTokenConfiguration'
2025-04-26T22:20:20.322+02:00 TRACE 13448 --- [api-gateway] [    Test worker] o.s.b.f.s.DefaultListableBeanFactory     : Returning cached instance of singleton bean 'preFilterAuthorizationAdvisor'
2025-04-26T22:20:20.322+02:00 TRACE 13448 --- [api-gateway] [    Test worker] o.s.b.f.s.DefaultListableBeanFactory     : Returning cached instance of singleton bean 'preAuthorizeAuthorizationAdvisor'
2025-04-26T22:20:20.322+02:00 TRACE 13448 --- [api-gateway] [    Test worker] o.s.b.f.s.DefaultListableBeanFactory     : Returning cached instance of singleton bean 'postFilterAuthorizationAdvisor'
2025-04-26T22:20:20.322+02:00 TRACE 13448 --- [api-gateway] [    Test worker] o.s.b.f.s.DefaultListableBeanFactory     : Returning cached instance of singleton bean 'postAuthorizeAuthorizationAdvisor'
2025-04-26T22:20:20.322+02:00 TRACE 13448 --- [api-gateway] [    Test worker] o.s.b.f.s.DefaultListableBeanFactory     : Returning cached instance of singleton bean 'jsr250AuthorizationAdvisor'
2025-04-26T22:20:20.322+02:00 TRACE 13448 --- [api-gateway] [    Test worker] o.s.b.f.s.DefaultListableBeanFactory     : Returning cached instance of singleton bean 'authorizeReturnObjectAdvisor'
2025-04-26T22:20:20.322+02:00 TRACE 13448 --- [api-gateway] [    Test worker] o.s.b.f.s.DefaultListableBeanFactory     : Finished creating instance of bean 'org.springframework.boot.autoconfigure.security.oauth2.resource.reactive.ReactiveOAuth2ResourceServerConfiguration$OpaqueTokenConfiguration'
2025-04-26T22:20:20.322+02:00 DEBUG 13448 --- [api-gateway] [    Test worker] o.s.b.f.s.DefaultListableBeanFactory     : Creating shared instance of singleton bean 'org.springframework.boot.autoconfigure.security.oauth2.resource.reactive.ReactiveOAuth2ResourceServerAutoConfiguration'
2025-04-26T22:20:20.322+02:00 TRACE 13448 --- [api-gateway] [    Test worker] o.s.b.f.s.DefaultListableBeanFactory     : Creating instance of bean 'org.springframework.boot.autoconfigure.security.oauth2.resource.reactive.ReactiveOAuth2ResourceServerAutoConfiguration'
2025-04-26T22:20:20.322+02:00 TRACE 13448 --- [api-gateway] [    Test worker] o.s.b.f.s.DefaultListableBeanFactory     : Returning cached instance of singleton bean 'preFilterAuthorizationAdvisor'
2025-04-26T22:20:20.322+02:00 TRACE 13448 --- [api-gateway] [    Test worker] o.s.b.f.s.DefaultListableBeanFactory     : Returning cached instance of singleton bean 'preAuthorizeAuthorizationAdvisor'
2025-04-26T22:20:20.322+02:00 TRACE 13448 --- [api-gateway] [    Test worker] o.s.b.f.s.DefaultListableBeanFactory     : Returning cached instance of singleton bean 'postFilterAuthorizationAdvisor'
2025-04-26T22:20:20.322+02:00 TRACE 13448 --- [api-gateway] [    Test worker] o.s.b.f.s.DefaultListableBeanFactory     : Returning cached instance of singleton bean 'postAuthorizeAuthorizationAdvisor'
2025-04-26T22:20:20.322+02:00 TRACE 13448 --- [api-gateway] [    Test worker] o.s.b.f.s.DefaultListableBeanFactory     : Returning cached instance of singleton bean 'jsr250AuthorizationAdvisor'
2025-04-26T22:20:20.322+02:00 TRACE 13448 --- [api-gateway] [    Test worker] o.s.b.f.s.DefaultListableBeanFactory     : Returning cached instance of singleton bean 'authorizeReturnObjectAdvisor'
2025-04-26T22:20:20.322+02:00 TRACE 13448 --- [api-gateway] [    Test worker] o.s.b.f.s.DefaultListableBeanFactory     : Finished creating instance of bean 'org.springframework.boot.autoconfigure.security.oauth2.resource.reactive.ReactiveOAuth2ResourceServerAutoConfiguration'
2025-04-26T22:20:20.322+02:00 TRACE 13448 --- [api-gateway] [    Test worker] o.s.b.f.s.DefaultListableBeanFactory     : Returning cached instance of singleton bean 'spring.security.oauth2.resourceserver-org.springframework.boot.autoconfigure.security.oauth2.resource.OAuth2ResourceServerProperties'
2025-04-26T22:20:20.322+02:00 DEBUG 13448 --- [api-gateway] [    Test worker] o.s.b.f.s.DefaultListableBeanFactory     : Creating shared instance of singleton bean 'org.springframework.boot.autoconfigure.security.reactive.ReactiveSecurityAutoConfiguration$SpringBootWebFluxSecurityConfiguration'
2025-04-26T22:20:20.322+02:00 TRACE 13448 --- [api-gateway] [    Test worker] o.s.b.f.s.DefaultListableBeanFactory     : Creating instance of bean 'org.springframework.boot.autoconfigure.security.reactive.ReactiveSecurityAutoConfiguration$SpringBootWebFluxSecurityConfiguration'
2025-04-26T22:20:20.323+02:00 DEBUG 13448 --- [api-gateway] [    Test worker] o.s.b.f.s.DefaultListableBeanFactory     : Creating shared instance of singleton bean 'org.springframework.boot.autoconfigure.security.reactive.ReactiveSecurityAutoConfiguration'
2025-04-26T22:20:20.323+02:00 TRACE 13448 --- [api-gateway] [    Test worker] o.s.b.f.s.DefaultListableBeanFactory     : Creating instance of bean 'org.springframework.boot.autoconfigure.security.reactive.ReactiveSecurityAutoConfiguration'
2025-04-26T22:20:20.323+02:00 TRACE 13448 --- [api-gateway] [    Test worker] o.s.b.f.s.DefaultListableBeanFactory     : Returning cached instance of singleton bean 'preFilterAuthorizationAdvisor'
2025-04-26T22:20:20.323+02:00 TRACE 13448 --- [api-gateway] [    Test worker] o.s.b.f.s.DefaultListableBeanFactory     : Returning cached instance of singleton bean 'preAuthorizeAuthorizationAdvisor'
2025-04-26T22:20:20.323+02:00 TRACE 13448 --- [api-gateway] [    Test worker] o.s.b.f.s.DefaultListableBeanFactory     : Returning cached instance of singleton bean 'postFilterAuthorizationAdvisor'
2025-04-26T22:20:20.323+02:00 TRACE 13448 --- [api-gateway] [    Test worker] o.s.b.f.s.DefaultListableBeanFactory     : Returning cached instance of singleton bean 'postAuthorizeAuthorizationAdvisor'
2025-04-26T22:20:20.323+02:00 TRACE 13448 --- [api-gateway] [    Test worker] o.s.b.f.s.DefaultListableBeanFactory     : Returning cached instance of singleton bean 'jsr250AuthorizationAdvisor'
2025-04-26T22:20:20.323+02:00 TRACE 13448 --- [api-gateway] [    Test worker] o.s.b.f.s.DefaultListableBeanFactory     : Returning cached instance of singleton bean 'authorizeReturnObjectAdvisor'
2025-04-26T22:20:20.323+02:00 TRACE 13448 --- [api-gateway] [    Test worker] o.s.b.f.s.DefaultListableBeanFactory     : Finished creating instance of bean 'org.springframework.boot.autoconfigure.security.reactive.ReactiveSecurityAutoConfiguration'
2025-04-26T22:20:20.323+02:00 DEBUG 13448 --- [api-gateway] [    Test worker] o.s.b.f.s.DefaultListableBeanFactory     : Autowiring by type from bean name 'org.springframework.boot.autoconfigure.security.reactive.ReactiveSecurityAutoConfiguration$SpringBootWebFluxSecurityConfiguration' via constructor to bean named 'org.springframework.boot.autoconfigure.security.reactive.ReactiveSecurityAutoConfiguration'
2025-04-26T22:20:20.324+02:00 TRACE 13448 --- [api-gateway] [    Test worker] o.s.b.f.s.DefaultListableBeanFactory     : Returning cached instance of singleton bean 'preFilterAuthorizationAdvisor'
2025-04-26T22:20:20.324+02:00 TRACE 13448 --- [api-gateway] [    Test worker] o.s.b.f.s.DefaultListableBeanFactory     : Returning cached instance of singleton bean 'preAuthorizeAuthorizationAdvisor'
2025-04-26T22:20:20.324+02:00 TRACE 13448 --- [api-gateway] [    Test worker] o.s.b.f.s.DefaultListableBeanFactory     : Returning cached instance of singleton bean 'postFilterAuthorizationAdvisor'
2025-04-26T22:20:20.324+02:00 TRACE 13448 --- [api-gateway] [    Test worker] o.s.b.f.s.DefaultListableBeanFactory     : Returning cached instance of singleton bean 'postAuthorizeAuthorizationAdvisor'
2025-04-26T22:20:20.324+02:00 TRACE 13448 --- [api-gateway] [    Test worker] o.s.b.f.s.DefaultListableBeanFactory     : Returning cached instance of singleton bean 'jsr250AuthorizationAdvisor'
2025-04-26T22:20:20.324+02:00 TRACE 13448 --- [api-gateway] [    Test worker] o.s.b.f.s.DefaultListableBeanFactory     : Returning cached instance of singleton bean 'authorizeReturnObjectAdvisor'
2025-04-26T22:20:20.324+02:00 TRACE 13448 --- [api-gateway] [    Test worker] o.s.b.f.s.DefaultListableBeanFactory     : Finished creating instance of bean 'org.springframework.boot.autoconfigure.security.reactive.ReactiveSecurityAutoConfiguration$SpringBootWebFluxSecurityConfiguration'
2025-04-26T22:20:20.324+02:00 TRACE 13448 --- [api-gateway] [    Test worker] o.s.b.f.s.DefaultListableBeanFactory     : Returning cached instance of singleton bean 'org.springframework.boot.autoconfigure.security.reactive.ReactiveSecurityAutoConfiguration'
2025-04-26T22:20:20.324+02:00 DEBUG 13448 --- [api-gateway] [    Test worker] o.s.b.f.s.DefaultListableBeanFactory     : Creating shared instance of singleton bean 'spring.security-org.springframework.boot.autoconfigure.security.SecurityProperties'
2025-04-26T22:20:20.324+02:00 TRACE 13448 --- [api-gateway] [    Test worker] o.s.b.f.s.DefaultListableBeanFactory     : Creating instance of bean 'spring.security-org.springframework.boot.autoconfigure.security.SecurityProperties'
2025-04-26T22:20:20.325+02:00 TRACE 13448 --- [api-gateway] [    Test worker] o.s.b.f.s.DefaultListableBeanFactory     : Returning cached instance of singleton bean 'org.springframework.boot.context.properties.BoundConfigurationProperties'
2025-04-26T22:20:20.325+02:00 TRACE 13448 --- [api-gateway] [    Test worker] o.s.b.f.s.DefaultListableBeanFactory     : Returning cached instance of singleton bean 'preFilterAuthorizationAdvisor'
2025-04-26T22:20:20.325+02:00 TRACE 13448 --- [api-gateway] [    Test worker] o.s.b.f.s.DefaultListableBeanFactory     : Returning cached instance of singleton bean 'preAuthorizeAuthorizationAdvisor'
2025-04-26T22:20:20.325+02:00 TRACE 13448 --- [api-gateway] [    Test worker] o.s.b.f.s.DefaultListableBeanFactory     : Returning cached instance of singleton bean 'postFilterAuthorizationAdvisor'
2025-04-26T22:20:20.325+02:00 TRACE 13448 --- [api-gateway] [    Test worker] o.s.b.f.s.DefaultListableBeanFactory     : Returning cached instance of singleton bean 'postAuthorizeAuthorizationAdvisor'
2025-04-26T22:20:20.325+02:00 TRACE 13448 --- [api-gateway] [    Test worker] o.s.b.f.s.DefaultListableBeanFactory     : Returning cached instance of singleton bean 'jsr250AuthorizationAdvisor'
2025-04-26T22:20:20.325+02:00 TRACE 13448 --- [api-gateway] [    Test worker] o.s.b.f.s.DefaultListableBeanFactory     : Returning cached instance of singleton bean 'authorizeReturnObjectAdvisor'
2025-04-26T22:20:20.325+02:00 TRACE 13448 --- [api-gateway] [    Test worker] o.s.b.f.s.DefaultListableBeanFactory     : Finished creating instance of bean 'spring.security-org.springframework.boot.autoconfigure.security.SecurityProperties'
2025-04-26T22:20:20.325+02:00 DEBUG 13448 --- [api-gateway] [    Test worker] o.s.b.f.s.DefaultListableBeanFactory     : Creating shared instance of singleton bean 'org.springframework.boot.autoconfigure.security.servlet.SecurityAutoConfiguration'
2025-04-26T22:20:20.325+02:00 TRACE 13448 --- [api-gateway] [    Test worker] o.s.b.f.s.DefaultListableBeanFactory     : Creating instance of bean 'org.springframework.boot.autoconfigure.security.servlet.SecurityAutoConfiguration'
2025-04-26T22:20:20.325+02:00 TRACE 13448 --- [api-gateway] [    Test worker] o.s.b.f.s.DefaultListableBeanFactory     : Returning cached instance of singleton bean 'preFilterAuthorizationAdvisor'
2025-04-26T22:20:20.326+02:00 TRACE 13448 --- [api-gateway] [    Test worker] o.s.b.f.s.DefaultListableBeanFactory     : Returning cached instance of singleton bean 'preAuthorizeAuthorizationAdvisor'
2025-04-26T22:20:20.326+02:00 TRACE 13448 --- [api-gateway] [    Test worker] o.s.b.f.s.DefaultListableBeanFactory     : Returning cached instance of singleton bean 'postFilterAuthorizationAdvisor'
2025-04-26T22:20:20.326+02:00 TRACE 13448 --- [api-gateway] [    Test worker] o.s.b.f.s.DefaultListableBeanFactory     : Returning cached instance of singleton bean 'postAuthorizeAuthorizationAdvisor'
2025-04-26T22:20:20.326+02:00 TRACE 13448 --- [api-gateway] [    Test worker] o.s.b.f.s.DefaultListableBeanFactory     : Returning cached instance of singleton bean 'jsr250AuthorizationAdvisor'
2025-04-26T22:20:20.326+02:00 TRACE 13448 --- [api-gateway] [    Test worker] o.s.b.f.s.DefaultListableBeanFactory     : Returning cached instance of singleton bean 'authorizeReturnObjectAdvisor'
2025-04-26T22:20:20.326+02:00 TRACE 13448 --- [api-gateway] [    Test worker] o.s.b.f.s.DefaultListableBeanFactory     : Finished creating instance of bean 'org.springframework.boot.autoconfigure.security.servlet.SecurityAutoConfiguration'
2025-04-26T22:20:20.326+02:00 DEBUG 13448 --- [api-gateway] [    Test worker] o.s.b.f.s.DefaultListableBeanFactory     : Creating shared instance of singleton bean 'authenticationEventPublisher'
2025-04-26T22:20:20.326+02:00 TRACE 13448 --- [api-gateway] [    Test worker] o.s.b.f.s.DefaultListableBeanFactory     : Creating instance of bean 'authenticationEventPublisher'
2025-04-26T22:20:20.326+02:00 TRACE 13448 --- [api-gateway] [    Test worker] o.s.b.f.s.DefaultListableBeanFactory     : Returning cached instance of singleton bean 'org.springframework.boot.autoconfigure.security.servlet.SecurityAutoConfiguration'
2025-04-26T22:20:20.326+02:00 DEBUG 13448 --- [api-gateway] [    Test worker] o.s.b.f.s.DefaultListableBeanFactory     : Autowiring by type from bean name 'authenticationEventPublisher' via factory method to bean named 'org.springframework.boot.web.reactive.context.GenericReactiveWebApplicationContext@79d743e6'
2025-04-26T22:20:20.330+02:00 TRACE 13448 --- [api-gateway] [    Test worker] o.s.b.f.s.DefaultListableBeanFactory     : Returning cached instance of singleton bean 'preFilterAuthorizationAdvisor'
2025-04-26T22:20:20.330+02:00 TRACE 13448 --- [api-gateway] [    Test worker] o.s.b.f.s.DefaultListableBeanFactory     : Returning cached instance of singleton bean 'preAuthorizeAuthorizationAdvisor'
2025-04-26T22:20:20.330+02:00 TRACE 13448 --- [api-gateway] [    Test worker] o.s.b.f.s.DefaultListableBeanFactory     : Returning cached instance of singleton bean 'postFilterAuthorizationAdvisor'
2025-04-26T22:20:20.330+02:00 TRACE 13448 --- [api-gateway] [    Test worker] o.s.b.f.s.DefaultListableBeanFactory     : Returning cached instance of singleton bean 'postAuthorizeAuthorizationAdvisor'
2025-04-26T22:20:20.330+02:00 TRACE 13448 --- [api-gateway] [    Test worker] o.s.b.f.s.DefaultListableBeanFactory     : Returning cached instance of singleton bean 'jsr250AuthorizationAdvisor'
2025-04-26T22:20:20.330+02:00 TRACE 13448 --- [api-gateway] [    Test worker] o.s.b.f.s.DefaultListableBeanFactory     : Returning cached instance of singleton bean 'authorizeReturnObjectAdvisor'
2025-04-26T22:20:20.330+02:00 TRACE 13448 --- [api-gateway] [    Test worker] o.s.b.f.s.DefaultListableBeanFactory     : Finished creating instance of bean 'authenticationEventPublisher'
2025-04-26T22:20:20.330+02:00 DEBUG 13448 --- [api-gateway] [    Test worker] o.s.b.f.s.DefaultListableBeanFactory     : Creating shared instance of singleton bean 'org.springframework.boot.autoconfigure.sql.init.SqlInitializationAutoConfiguration'
2025-04-26T22:20:20.330+02:00 TRACE 13448 --- [api-gateway] [    Test worker] o.s.b.f.s.DefaultListableBeanFactory     : Creating instance of bean 'org.springframework.boot.autoconfigure.sql.init.SqlInitializationAutoConfiguration'
2025-04-26T22:20:20.330+02:00 TRACE 13448 --- [api-gateway] [    Test worker] o.s.b.f.s.DefaultListableBeanFactory     : Returning cached instance of singleton bean 'preFilterAuthorizationAdvisor'
2025-04-26T22:20:20.330+02:00 TRACE 13448 --- [api-gateway] [    Test worker] o.s.b.f.s.DefaultListableBeanFactory     : Returning cached instance of singleton bean 'preAuthorizeAuthorizationAdvisor'
2025-04-26T22:20:20.330+02:00 TRACE 13448 --- [api-gateway] [    Test worker] o.s.b.f.s.DefaultListableBeanFactory     : Returning cached instance of singleton bean 'postFilterAuthorizationAdvisor'
2025-04-26T22:20:20.330+02:00 TRACE 13448 --- [api-gateway] [    Test worker] o.s.b.f.s.DefaultListableBeanFactory     : Returning cached instance of singleton bean 'postAuthorizeAuthorizationAdvisor'
2025-04-26T22:20:20.330+02:00 TRACE 13448 --- [api-gateway] [    Test worker] o.s.b.f.s.DefaultListableBeanFactory     : Returning cached instance of singleton bean 'jsr250AuthorizationAdvisor'
2025-04-26T22:20:20.330+02:00 TRACE 13448 --- [api-gateway] [    Test worker] o.s.b.f.s.DefaultListableBeanFactory     : Returning cached instance of singleton bean 'authorizeReturnObjectAdvisor'
2025-04-26T22:20:20.330+02:00 TRACE 13448 --- [api-gateway] [    Test worker] o.s.b.f.s.DefaultListableBeanFactory     : Finished creating instance of bean 'org.springframework.boot.autoconfigure.sql.init.SqlInitializationAutoConfiguration'
2025-04-26T22:20:20.331+02:00 DEBUG 13448 --- [api-gateway] [    Test worker] o.s.b.f.s.DefaultListableBeanFactory     : Creating shared instance of singleton bean 'spring.sql.init-org.springframework.boot.autoconfigure.sql.init.SqlInitializationProperties'
2025-04-26T22:20:20.331+02:00 TRACE 13448 --- [api-gateway] [    Test worker] o.s.b.f.s.DefaultListableBeanFactory     : Creating instance of bean 'spring.sql.init-org.springframework.boot.autoconfigure.sql.init.SqlInitializationProperties'
2025-04-26T22:20:20.331+02:00 TRACE 13448 --- [api-gateway] [    Test worker] o.s.b.f.s.DefaultListableBeanFactory     : Returning cached instance of singleton bean 'org.springframework.boot.context.properties.BoundConfigurationProperties'
2025-04-26T22:20:20.332+02:00 TRACE 13448 --- [api-gateway] [    Test worker] o.s.b.f.s.DefaultListableBeanFactory     : Returning cached instance of singleton bean 'preFilterAuthorizationAdvisor'
2025-04-26T22:20:20.332+02:00 TRACE 13448 --- [api-gateway] [    Test worker] o.s.b.f.s.DefaultListableBeanFactory     : Returning cached instance of singleton bean 'preAuthorizeAuthorizationAdvisor'
2025-04-26T22:20:20.332+02:00 TRACE 13448 --- [api-gateway] [    Test worker] o.s.b.f.s.DefaultListableBeanFactory     : Returning cached instance of singleton bean 'postFilterAuthorizationAdvisor'
2025-04-26T22:20:20.332+02:00 TRACE 13448 --- [api-gateway] [    Test worker] o.s.b.f.s.DefaultListableBeanFactory     : Returning cached instance of singleton bean 'postAuthorizeAuthorizationAdvisor'
2025-04-26T22:20:20.332+02:00 TRACE 13448 --- [api-gateway] [    Test worker] o.s.b.f.s.DefaultListableBeanFactory     : Returning cached instance of singleton bean 'jsr250AuthorizationAdvisor'
2025-04-26T22:20:20.332+02:00 TRACE 13448 --- [api-gateway] [    Test worker] o.s.b.f.s.DefaultListableBeanFactory     : Returning cached instance of singleton bean 'authorizeReturnObjectAdvisor'
2025-04-26T22:20:20.332+02:00 TRACE 13448 --- [api-gateway] [    Test worker] o.s.b.f.s.DefaultListableBeanFactory     : Finished creating instance of bean 'spring.sql.init-org.springframework.boot.autoconfigure.sql.init.SqlInitializationProperties'
2025-04-26T22:20:20.332+02:00 TRACE 13448 --- [api-gateway] [    Test worker] o.s.b.f.s.DefaultListableBeanFactory     : Returning cached instance of singleton bean 'org.springframework.boot.sql.init.dependency.DatabaseInitializationDependencyConfigurer$DependsOnDatabaseInitializationPostProcessor'
2025-04-26T22:20:20.332+02:00 DEBUG 13448 --- [api-gateway] [    Test worker] o.s.b.f.s.DefaultListableBeanFactory     : Creating shared instance of singleton bean 'org.springframework.boot.autoconfigure.task.TaskExecutorConfigurations$ThreadPoolTaskExecutorBuilderConfiguration'
2025-04-26T22:20:20.332+02:00 TRACE 13448 --- [api-gateway] [    Test worker] o.s.b.f.s.DefaultListableBeanFactory     : Creating instance of bean 'org.springframework.boot.autoconfigure.task.TaskExecutorConfigurations$ThreadPoolTaskExecutorBuilderConfiguration'
2025-04-26T22:20:20.332+02:00 TRACE 13448 --- [api-gateway] [    Test worker] o.s.b.f.s.DefaultListableBeanFactory     : Returning cached instance of singleton bean 'preFilterAuthorizationAdvisor'
2025-04-26T22:20:20.332+02:00 TRACE 13448 --- [api-gateway] [    Test worker] o.s.b.f.s.DefaultListableBeanFactory     : Returning cached instance of singleton bean 'preAuthorizeAuthorizationAdvisor'
2025-04-26T22:20:20.332+02:00 TRACE 13448 --- [api-gateway] [    Test worker] o.s.b.f.s.DefaultListableBeanFactory     : Returning cached instance of singleton bean 'postFilterAuthorizationAdvisor'
2025-04-26T22:20:20.332+02:00 TRACE 13448 --- [api-gateway] [    Test worker] o.s.b.f.s.DefaultListableBeanFactory     : Returning cached instance of singleton bean 'postAuthorizeAuthorizationAdvisor'
2025-04-26T22:20:20.332+02:00 TRACE 13448 --- [api-gateway] [    Test worker] o.s.b.f.s.DefaultListableBeanFactory     : Returning cached instance of singleton bean 'jsr250AuthorizationAdvisor'
2025-04-26T22:20:20.332+02:00 TRACE 13448 --- [api-gateway] [    Test worker] o.s.b.f.s.DefaultListableBeanFactory     : Returning cached instance of singleton bean 'authorizeReturnObjectAdvisor'
2025-04-26T22:20:20.333+02:00 TRACE 13448 --- [api-gateway] [    Test worker] o.s.b.f.s.DefaultListableBeanFactory     : Finished creating instance of bean 'org.springframework.boot.autoconfigure.task.TaskExecutorConfigurations$ThreadPoolTaskExecutorBuilderConfiguration'
2025-04-26T22:20:20.333+02:00 DEBUG 13448 --- [api-gateway] [    Test worker] o.s.b.f.s.DefaultListableBeanFactory     : Creating shared instance of singleton bean 'threadPoolTaskExecutorBuilder'
2025-04-26T22:20:20.333+02:00 TRACE 13448 --- [api-gateway] [    Test worker] o.s.b.f.s.DefaultListableBeanFactory     : Creating instance of bean 'threadPoolTaskExecutorBuilder'
2025-04-26T22:20:20.333+02:00 TRACE 13448 --- [api-gateway] [    Test worker] o.s.b.f.s.DefaultListableBeanFactory     : Returning cached instance of singleton bean 'org.springframework.boot.autoconfigure.task.TaskExecutorConfigurations$ThreadPoolTaskExecutorBuilderConfiguration'
2025-04-26T22:20:20.334+02:00 DEBUG 13448 --- [api-gateway] [    Test worker] o.s.b.f.s.DefaultListableBeanFactory     : Creating shared instance of singleton bean 'spring.task.execution-org.springframework.boot.autoconfigure.task.TaskExecutionProperties'
2025-04-26T22:20:20.334+02:00 TRACE 13448 --- [api-gateway] [    Test worker] o.s.b.f.s.DefaultListableBeanFactory     : Creating instance of bean 'spring.task.execution-org.springframework.boot.autoconfigure.task.TaskExecutionProperties'
2025-04-26T22:20:20.334+02:00 TRACE 13448 --- [api-gateway] [    Test worker] o.s.b.f.s.DefaultListableBeanFactory     : Returning cached instance of singleton bean 'org.springframework.boot.context.properties.BoundConfigurationProperties'
2025-04-26T22:20:20.335+02:00 TRACE 13448 --- [api-gateway] [    Test worker] o.s.b.f.s.DefaultListableBeanFactory     : Returning cached instance of singleton bean 'preFilterAuthorizationAdvisor'
2025-04-26T22:20:20.335+02:00 TRACE 13448 --- [api-gateway] [    Test worker] o.s.b.f.s.DefaultListableBeanFactory     : Returning cached instance of singleton bean 'preAuthorizeAuthorizationAdvisor'
2025-04-26T22:20:20.335+02:00 TRACE 13448 --- [api-gateway] [    Test worker] o.s.b.f.s.DefaultListableBeanFactory     : Returning cached instance of singleton bean 'postFilterAuthorizationAdvisor'
2025-04-26T22:20:20.335+02:00 TRACE 13448 --- [api-gateway] [    Test worker] o.s.b.f.s.DefaultListableBeanFactory     : Returning cached instance of singleton bean 'postAuthorizeAuthorizationAdvisor'
2025-04-26T22:20:20.335+02:00 TRACE 13448 --- [api-gateway] [    Test worker] o.s.b.f.s.DefaultListableBeanFactory     : Returning cached instance of singleton bean 'jsr250AuthorizationAdvisor'
2025-04-26T22:20:20.335+02:00 TRACE 13448 --- [api-gateway] [    Test worker] o.s.b.f.s.DefaultListableBeanFactory     : Returning cached instance of singleton bean 'authorizeReturnObjectAdvisor'
2025-04-26T22:20:20.335+02:00 TRACE 13448 --- [api-gateway] [    Test worker] o.s.b.f.s.DefaultListableBeanFactory     : Finished creating instance of bean 'spring.task.execution-org.springframework.boot.autoconfigure.task.TaskExecutionProperties'
2025-04-26T22:20:20.335+02:00 DEBUG 13448 --- [api-gateway] [    Test worker] o.s.b.f.s.DefaultListableBeanFactory     : Autowiring by type from bean name 'threadPoolTaskExecutorBuilder' via factory method to bean named 'spring.task.execution-org.springframework.boot.autoconfigure.task.TaskExecutionProperties'
2025-04-26T22:20:20.338+02:00 TRACE 13448 --- [api-gateway] [    Test worker] o.s.b.f.s.DefaultListableBeanFactory     : Returning cached instance of singleton bean 'preFilterAuthorizationAdvisor'
2025-04-26T22:20:20.338+02:00 TRACE 13448 --- [api-gateway] [    Test worker] o.s.b.f.s.DefaultListableBeanFactory     : Returning cached instance of singleton bean 'preAuthorizeAuthorizationAdvisor'
2025-04-26T22:20:20.338+02:00 TRACE 13448 --- [api-gateway] [    Test worker] o.s.b.f.s.DefaultListableBeanFactory     : Returning cached instance of singleton bean 'postFilterAuthorizationAdvisor'
2025-04-26T22:20:20.338+02:00 TRACE 13448 --- [api-gateway] [    Test worker] o.s.b.f.s.DefaultListableBeanFactory     : Returning cached instance of singleton bean 'postAuthorizeAuthorizationAdvisor'
2025-04-26T22:20:20.338+02:00 TRACE 13448 --- [api-gateway] [    Test worker] o.s.b.f.s.DefaultListableBeanFactory     : Returning cached instance of singleton bean 'jsr250AuthorizationAdvisor'
2025-04-26T22:20:20.338+02:00 TRACE 13448 --- [api-gateway] [    Test worker] o.s.b.f.s.DefaultListableBeanFactory     : Returning cached instance of singleton bean 'authorizeReturnObjectAdvisor'
2025-04-26T22:20:20.338+02:00 TRACE 13448 --- [api-gateway] [    Test worker] o.s.b.f.s.DefaultListableBeanFactory     : Finished creating instance of bean 'threadPoolTaskExecutorBuilder'
2025-04-26T22:20:20.338+02:00 DEBUG 13448 --- [api-gateway] [    Test worker] o.s.b.f.s.DefaultListableBeanFactory     : Creating shared instance of singleton bean 'org.springframework.boot.autoconfigure.task.TaskExecutorConfigurations$SimpleAsyncTaskExecutorBuilderConfiguration'
2025-04-26T22:20:20.338+02:00 TRACE 13448 --- [api-gateway] [    Test worker] o.s.b.f.s.DefaultListableBeanFactory     : Creating instance of bean 'org.springframework.boot.autoconfigure.task.TaskExecutorConfigurations$SimpleAsyncTaskExecutorBuilderConfiguration'
2025-04-26T22:20:20.339+02:00 TRACE 13448 --- [api-gateway] [    Test worker] o.s.b.f.s.DefaultListableBeanFactory     : Returning cached instance of singleton bean 'spring.task.execution-org.springframework.boot.autoconfigure.task.TaskExecutionProperties'
2025-04-26T22:20:20.339+02:00 DEBUG 13448 --- [api-gateway] [    Test worker] o.s.b.f.s.DefaultListableBeanFactory     : Autowiring by type from bean name 'org.springframework.boot.autoconfigure.task.TaskExecutorConfigurations$SimpleAsyncTaskExecutorBuilderConfiguration' via constructor to bean named 'spring.task.execution-org.springframework.boot.autoconfigure.task.TaskExecutionProperties'
2025-04-26T22:20:20.339+02:00 TRACE 13448 --- [api-gateway] [    Test worker] o.s.b.f.s.DefaultListableBeanFactory     : Returning cached instance of singleton bean 'preFilterAuthorizationAdvisor'
2025-04-26T22:20:20.339+02:00 TRACE 13448 --- [api-gateway] [    Test worker] o.s.b.f.s.DefaultListableBeanFactory     : Returning cached instance of singleton bean 'preAuthorizeAuthorizationAdvisor'
2025-04-26T22:20:20.339+02:00 TRACE 13448 --- [api-gateway] [    Test worker] o.s.b.f.s.DefaultListableBeanFactory     : Returning cached instance of singleton bean 'postFilterAuthorizationAdvisor'
2025-04-26T22:20:20.339+02:00 TRACE 13448 --- [api-gateway] [    Test worker] o.s.b.f.s.DefaultListableBeanFactory     : Returning cached instance of singleton bean 'postAuthorizeAuthorizationAdvisor'
2025-04-26T22:20:20.339+02:00 TRACE 13448 --- [api-gateway] [    Test worker] o.s.b.f.s.DefaultListableBeanFactory     : Returning cached instance of singleton bean 'jsr250AuthorizationAdvisor'
2025-04-26T22:20:20.339+02:00 TRACE 13448 --- [api-gateway] [    Test worker] o.s.b.f.s.DefaultListableBeanFactory     : Returning cached instance of singleton bean 'authorizeReturnObjectAdvisor'
2025-04-26T22:20:20.339+02:00 TRACE 13448 --- [api-gateway] [    Test worker] o.s.b.f.s.DefaultListableBeanFactory     : Finished creating instance of bean 'org.springframework.boot.autoconfigure.task.TaskExecutorConfigurations$SimpleAsyncTaskExecutorBuilderConfiguration'
2025-04-26T22:20:20.339+02:00 DEBUG 13448 --- [api-gateway] [    Test worker] o.s.b.f.s.DefaultListableBeanFactory     : Creating shared instance of singleton bean 'simpleAsyncTaskExecutorBuilder'
2025-04-26T22:20:20.339+02:00 TRACE 13448 --- [api-gateway] [    Test worker] o.s.b.f.s.DefaultListableBeanFactory     : Creating instance of bean 'simpleAsyncTaskExecutorBuilder'
2025-04-26T22:20:20.339+02:00 TRACE 13448 --- [api-gateway] [    Test worker] o.s.b.f.s.DefaultListableBeanFactory     : Returning cached instance of singleton bean 'org.springframework.boot.autoconfigure.task.TaskExecutorConfigurations$SimpleAsyncTaskExecutorBuilderConfiguration'
2025-04-26T22:20:20.340+02:00 TRACE 13448 --- [api-gateway] [    Test worker] o.s.b.f.s.DefaultListableBeanFactory     : Returning cached instance of singleton bean 'preFilterAuthorizationAdvisor'
2025-04-26T22:20:20.340+02:00 TRACE 13448 --- [api-gateway] [    Test worker] o.s.b.f.s.DefaultListableBeanFactory     : Returning cached instance of singleton bean 'preAuthorizeAuthorizationAdvisor'
2025-04-26T22:20:20.340+02:00 TRACE 13448 --- [api-gateway] [    Test worker] o.s.b.f.s.DefaultListableBeanFactory     : Returning cached instance of singleton bean 'postFilterAuthorizationAdvisor'
2025-04-26T22:20:20.340+02:00 TRACE 13448 --- [api-gateway] [    Test worker] o.s.b.f.s.DefaultListableBeanFactory     : Returning cached instance of singleton bean 'postAuthorizeAuthorizationAdvisor'
2025-04-26T22:20:20.340+02:00 TRACE 13448 --- [api-gateway] [    Test worker] o.s.b.f.s.DefaultListableBeanFactory     : Returning cached instance of singleton bean 'jsr250AuthorizationAdvisor'
2025-04-26T22:20:20.340+02:00 TRACE 13448 --- [api-gateway] [    Test worker] o.s.b.f.s.DefaultListableBeanFactory     : Returning cached instance of singleton bean 'authorizeReturnObjectAdvisor'
2025-04-26T22:20:20.341+02:00 TRACE 13448 --- [api-gateway] [    Test worker] o.s.b.f.s.DefaultListableBeanFactory     : Finished creating instance of bean 'simpleAsyncTaskExecutorBuilder'
2025-04-26T22:20:20.341+02:00 DEBUG 13448 --- [api-gateway] [    Test worker] o.s.b.f.s.DefaultListableBeanFactory     : Creating shared instance of singleton bean 'org.springframework.boot.autoconfigure.task.TaskExecutorConfigurations$TaskExecutorConfiguration'
2025-04-26T22:20:20.341+02:00 TRACE 13448 --- [api-gateway] [    Test worker] o.s.b.f.s.DefaultListableBeanFactory     : Creating instance of bean 'org.springframework.boot.autoconfigure.task.TaskExecutorConfigurations$TaskExecutorConfiguration'
2025-04-26T22:20:20.341+02:00 TRACE 13448 --- [api-gateway] [    Test worker] o.s.b.f.s.DefaultListableBeanFactory     : Returning cached instance of singleton bean 'preFilterAuthorizationAdvisor'
2025-04-26T22:20:20.341+02:00 TRACE 13448 --- [api-gateway] [    Test worker] o.s.b.f.s.DefaultListableBeanFactory     : Returning cached instance of singleton bean 'preAuthorizeAuthorizationAdvisor'
2025-04-26T22:20:20.341+02:00 TRACE 13448 --- [api-gateway] [    Test worker] o.s.b.f.s.DefaultListableBeanFactory     : Returning cached instance of singleton bean 'postFilterAuthorizationAdvisor'
2025-04-26T22:20:20.341+02:00 TRACE 13448 --- [api-gateway] [    Test worker] o.s.b.f.s.DefaultListableBeanFactory     : Returning cached instance of singleton bean 'postAuthorizeAuthorizationAdvisor'
2025-04-26T22:20:20.341+02:00 TRACE 13448 --- [api-gateway] [    Test worker] o.s.b.f.s.DefaultListableBeanFactory     : Returning cached instance of singleton bean 'jsr250AuthorizationAdvisor'
2025-04-26T22:20:20.341+02:00 TRACE 13448 --- [api-gateway] [    Test worker] o.s.b.f.s.DefaultListableBeanFactory     : Returning cached instance of singleton bean 'authorizeReturnObjectAdvisor'
2025-04-26T22:20:20.341+02:00 TRACE 13448 --- [api-gateway] [    Test worker] o.s.b.f.s.DefaultListableBeanFactory     : Finished creating instance of bean 'org.springframework.boot.autoconfigure.task.TaskExecutorConfigurations$TaskExecutorConfiguration'
2025-04-26T22:20:20.341+02:00 DEBUG 13448 --- [api-gateway] [    Test worker] o.s.b.f.s.DefaultListableBeanFactory     : Creating shared instance of singleton bean 'org.springframework.boot.autoconfigure.task.TaskExecutionAutoConfiguration'
2025-04-26T22:20:20.341+02:00 TRACE 13448 --- [api-gateway] [    Test worker] o.s.b.f.s.DefaultListableBeanFactory     : Creating instance of bean 'org.springframework.boot.autoconfigure.task.TaskExecutionAutoConfiguration'
2025-04-26T22:20:20.342+02:00 TRACE 13448 --- [api-gateway] [    Test worker] o.s.b.f.s.DefaultListableBeanFactory     : Returning cached instance of singleton bean 'preFilterAuthorizationAdvisor'
2025-04-26T22:20:20.342+02:00 TRACE 13448 --- [api-gateway] [    Test worker] o.s.b.f.s.DefaultListableBeanFactory     : Returning cached instance of singleton bean 'preAuthorizeAuthorizationAdvisor'
2025-04-26T22:20:20.342+02:00 TRACE 13448 --- [api-gateway] [    Test worker] o.s.b.f.s.DefaultListableBeanFactory     : Returning cached instance of singleton bean 'postFilterAuthorizationAdvisor'
2025-04-26T22:20:20.342+02:00 TRACE 13448 --- [api-gateway] [    Test worker] o.s.b.f.s.DefaultListableBeanFactory     : Returning cached instance of singleton bean 'postAuthorizeAuthorizationAdvisor'
2025-04-26T22:20:20.342+02:00 TRACE 13448 --- [api-gateway] [    Test worker] o.s.b.f.s.DefaultListableBeanFactory     : Returning cached instance of singleton bean 'jsr250AuthorizationAdvisor'
2025-04-26T22:20:20.342+02:00 TRACE 13448 --- [api-gateway] [    Test worker] o.s.b.f.s.DefaultListableBeanFactory     : Returning cached instance of singleton bean 'authorizeReturnObjectAdvisor'
2025-04-26T22:20:20.342+02:00 TRACE 13448 --- [api-gateway] [    Test worker] o.s.b.f.s.DefaultListableBeanFactory     : Finished creating instance of bean 'org.springframework.boot.autoconfigure.task.TaskExecutionAutoConfiguration'
2025-04-26T22:20:20.342+02:00 TRACE 13448 --- [api-gateway] [    Test worker] o.s.b.f.s.DefaultListableBeanFactory     : Returning cached instance of singleton bean 'spring.task.execution-org.springframework.boot.autoconfigure.task.TaskExecutionProperties'
2025-04-26T22:20:20.342+02:00 DEBUG 13448 --- [api-gateway] [    Test worker] o.s.b.f.s.DefaultListableBeanFactory     : Creating shared instance of singleton bean 'org.springframework.boot.autoconfigure.task.TaskSchedulingConfigurations$ThreadPoolTaskSchedulerBuilderConfiguration'
2025-04-26T22:20:20.342+02:00 TRACE 13448 --- [api-gateway] [    Test worker] o.s.b.f.s.DefaultListableBeanFactory     : Creating instance of bean 'org.springframework.boot.autoconfigure.task.TaskSchedulingConfigurations$ThreadPoolTaskSchedulerBuilderConfiguration'
2025-04-26T22:20:20.342+02:00 TRACE 13448 --- [api-gateway] [    Test worker] o.s.b.f.s.DefaultListableBeanFactory     : Returning cached instance of singleton bean 'preFilterAuthorizationAdvisor'
2025-04-26T22:20:20.342+02:00 TRACE 13448 --- [api-gateway] [    Test worker] o.s.b.f.s.DefaultListableBeanFactory     : Returning cached instance of singleton bean 'preAuthorizeAuthorizationAdvisor'
2025-04-26T22:20:20.342+02:00 TRACE 13448 --- [api-gateway] [    Test worker] o.s.b.f.s.DefaultListableBeanFactory     : Returning cached instance of singleton bean 'postFilterAuthorizationAdvisor'
2025-04-26T22:20:20.342+02:00 TRACE 13448 --- [api-gateway] [    Test worker] o.s.b.f.s.DefaultListableBeanFactory     : Returning cached instance of singleton bean 'postAuthorizeAuthorizationAdvisor'
2025-04-26T22:20:20.342+02:00 TRACE 13448 --- [api-gateway] [    Test worker] o.s.b.f.s.DefaultListableBeanFactory     : Returning cached instance of singleton bean 'jsr250AuthorizationAdvisor'
2025-04-26T22:20:20.342+02:00 TRACE 13448 --- [api-gateway] [    Test worker] o.s.b.f.s.DefaultListableBeanFactory     : Returning cached instance of singleton bean 'authorizeReturnObjectAdvisor'
2025-04-26T22:20:20.342+02:00 TRACE 13448 --- [api-gateway] [    Test worker] o.s.b.f.s.DefaultListableBeanFactory     : Finished creating instance of bean 'org.springframework.boot.autoconfigure.task.TaskSchedulingConfigurations$ThreadPoolTaskSchedulerBuilderConfiguration'
2025-04-26T22:20:20.342+02:00 DEBUG 13448 --- [api-gateway] [    Test worker] o.s.b.f.s.DefaultListableBeanFactory     : Creating shared instance of singleton bean 'threadPoolTaskSchedulerBuilder'
2025-04-26T22:20:20.342+02:00 TRACE 13448 --- [api-gateway] [    Test worker] o.s.b.f.s.DefaultListableBeanFactory     : Creating instance of bean 'threadPoolTaskSchedulerBuilder'
2025-04-26T22:20:20.342+02:00 TRACE 13448 --- [api-gateway] [    Test worker] o.s.b.f.s.DefaultListableBeanFactory     : Returning cached instance of singleton bean 'org.springframework.boot.autoconfigure.task.TaskSchedulingConfigurations$ThreadPoolTaskSchedulerBuilderConfiguration'
2025-04-26T22:20:20.343+02:00 DEBUG 13448 --- [api-gateway] [    Test worker] o.s.b.f.s.DefaultListableBeanFactory     : Creating shared instance of singleton bean 'spring.task.scheduling-org.springframework.boot.autoconfigure.task.TaskSchedulingProperties'
2025-04-26T22:20:20.343+02:00 TRACE 13448 --- [api-gateway] [    Test worker] o.s.b.f.s.DefaultListableBeanFactory     : Creating instance of bean 'spring.task.scheduling-org.springframework.boot.autoconfigure.task.TaskSchedulingProperties'
2025-04-26T22:20:20.343+02:00 TRACE 13448 --- [api-gateway] [    Test worker] o.s.b.f.s.DefaultListableBeanFactory     : Returning cached instance of singleton bean 'org.springframework.boot.context.properties.BoundConfigurationProperties'
2025-04-26T22:20:20.344+02:00 TRACE 13448 --- [api-gateway] [    Test worker] o.s.b.f.s.DefaultListableBeanFactory     : Returning cached instance of singleton bean 'preFilterAuthorizationAdvisor'
2025-04-26T22:20:20.344+02:00 TRACE 13448 --- [api-gateway] [    Test worker] o.s.b.f.s.DefaultListableBeanFactory     : Returning cached instance of singleton bean 'preAuthorizeAuthorizationAdvisor'
2025-04-26T22:20:20.344+02:00 TRACE 13448 --- [api-gateway] [    Test worker] o.s.b.f.s.DefaultListableBeanFactory     : Returning cached instance of singleton bean 'postFilterAuthorizationAdvisor'
2025-04-26T22:20:20.344+02:00 TRACE 13448 --- [api-gateway] [    Test worker] o.s.b.f.s.DefaultListableBeanFactory     : Returning cached instance of singleton bean 'postAuthorizeAuthorizationAdvisor'
2025-04-26T22:20:20.344+02:00 TRACE 13448 --- [api-gateway] [    Test worker] o.s.b.f.s.DefaultListableBeanFactory     : Returning cached instance of singleton bean 'jsr250AuthorizationAdvisor'
2025-04-26T22:20:20.344+02:00 TRACE 13448 --- [api-gateway] [    Test worker] o.s.b.f.s.DefaultListableBeanFactory     : Returning cached instance of singleton bean 'authorizeReturnObjectAdvisor'
2025-04-26T22:20:20.344+02:00 TRACE 13448 --- [api-gateway] [    Test worker] o.s.b.f.s.DefaultListableBeanFactory     : Finished creating instance of bean 'spring.task.scheduling-org.springframework.boot.autoconfigure.task.TaskSchedulingProperties'
2025-04-26T22:20:20.344+02:00 DEBUG 13448 --- [api-gateway] [    Test worker] o.s.b.f.s.DefaultListableBeanFactory     : Autowiring by type from bean name 'threadPoolTaskSchedulerBuilder' via factory method to bean named 'spring.task.scheduling-org.springframework.boot.autoconfigure.task.TaskSchedulingProperties'
2025-04-26T22:20:20.345+02:00 TRACE 13448 --- [api-gateway] [    Test worker] o.s.b.f.s.DefaultListableBeanFactory     : Returning cached instance of singleton bean 'preFilterAuthorizationAdvisor'
2025-04-26T22:20:20.345+02:00 TRACE 13448 --- [api-gateway] [    Test worker] o.s.b.f.s.DefaultListableBeanFactory     : Returning cached instance of singleton bean 'preAuthorizeAuthorizationAdvisor'
2025-04-26T22:20:20.345+02:00 TRACE 13448 --- [api-gateway] [    Test worker] o.s.b.f.s.DefaultListableBeanFactory     : Returning cached instance of singleton bean 'postFilterAuthorizationAdvisor'
2025-04-26T22:20:20.345+02:00 TRACE 13448 --- [api-gateway] [    Test worker] o.s.b.f.s.DefaultListableBeanFactory     : Returning cached instance of singleton bean 'postAuthorizeAuthorizationAdvisor'
2025-04-26T22:20:20.345+02:00 TRACE 13448 --- [api-gateway] [    Test worker] o.s.b.f.s.DefaultListableBeanFactory     : Returning cached instance of singleton bean 'jsr250AuthorizationAdvisor'
2025-04-26T22:20:20.345+02:00 TRACE 13448 --- [api-gateway] [    Test worker] o.s.b.f.s.DefaultListableBeanFactory     : Returning cached instance of singleton bean 'authorizeReturnObjectAdvisor'
2025-04-26T22:20:20.345+02:00 TRACE 13448 --- [api-gateway] [    Test worker] o.s.b.f.s.DefaultListableBeanFactory     : Finished creating instance of bean 'threadPoolTaskSchedulerBuilder'
2025-04-26T22:20:20.345+02:00 DEBUG 13448 --- [api-gateway] [    Test worker] o.s.b.f.s.DefaultListableBeanFactory     : Creating shared instance of singleton bean 'org.springframework.boot.autoconfigure.task.TaskSchedulingConfigurations$SimpleAsyncTaskSchedulerBuilderConfiguration'
2025-04-26T22:20:20.345+02:00 TRACE 13448 --- [api-gateway] [    Test worker] o.s.b.f.s.DefaultListableBeanFactory     : Creating instance of bean 'org.springframework.boot.autoconfigure.task.TaskSchedulingConfigurations$SimpleAsyncTaskSchedulerBuilderConfiguration'
2025-04-26T22:20:20.346+02:00 TRACE 13448 --- [api-gateway] [    Test worker] o.s.b.f.s.DefaultListableBeanFactory     : Returning cached instance of singleton bean 'spring.task.scheduling-org.springframework.boot.autoconfigure.task.TaskSchedulingProperties'
2025-04-26T22:20:20.346+02:00 DEBUG 13448 --- [api-gateway] [    Test worker] o.s.b.f.s.DefaultListableBeanFactory     : Autowiring by type from bean name 'org.springframework.boot.autoconfigure.task.TaskSchedulingConfigurations$SimpleAsyncTaskSchedulerBuilderConfiguration' via constructor to bean named 'spring.task.scheduling-org.springframework.boot.autoconfigure.task.TaskSchedulingProperties'
2025-04-26T22:20:20.346+02:00 TRACE 13448 --- [api-gateway] [    Test worker] o.s.b.f.s.DefaultListableBeanFactory     : Returning cached instance of singleton bean 'preFilterAuthorizationAdvisor'
2025-04-26T22:20:20.346+02:00 TRACE 13448 --- [api-gateway] [    Test worker] o.s.b.f.s.DefaultListableBeanFactory     : Returning cached instance of singleton bean 'preAuthorizeAuthorizationAdvisor'
2025-04-26T22:20:20.346+02:00 TRACE 13448 --- [api-gateway] [    Test worker] o.s.b.f.s.DefaultListableBeanFactory     : Returning cached instance of singleton bean 'postFilterAuthorizationAdvisor'
2025-04-26T22:20:20.346+02:00 TRACE 13448 --- [api-gateway] [    Test worker] o.s.b.f.s.DefaultListableBeanFactory     : Returning cached instance of singleton bean 'postAuthorizeAuthorizationAdvisor'
2025-04-26T22:20:20.346+02:00 TRACE 13448 --- [api-gateway] [    Test worker] o.s.b.f.s.DefaultListableBeanFactory     : Returning cached instance of singleton bean 'jsr250AuthorizationAdvisor'
2025-04-26T22:20:20.346+02:00 TRACE 13448 --- [api-gateway] [    Test worker] o.s.b.f.s.DefaultListableBeanFactory     : Returning cached instance of singleton bean 'authorizeReturnObjectAdvisor'
2025-04-26T22:20:20.346+02:00 TRACE 13448 --- [api-gateway] [    Test worker] o.s.b.f.s.DefaultListableBeanFactory     : Finished creating instance of bean 'org.springframework.boot.autoconfigure.task.TaskSchedulingConfigurations$SimpleAsyncTaskSchedulerBuilderConfiguration'
2025-04-26T22:20:20.346+02:00 DEBUG 13448 --- [api-gateway] [    Test worker] o.s.b.f.s.DefaultListableBeanFactory     : Creating shared instance of singleton bean 'simpleAsyncTaskSchedulerBuilder'
2025-04-26T22:20:20.346+02:00 TRACE 13448 --- [api-gateway] [    Test worker] o.s.b.f.s.DefaultListableBeanFactory     : Creating instance of bean 'simpleAsyncTaskSchedulerBuilder'
2025-04-26T22:20:20.346+02:00 TRACE 13448 --- [api-gateway] [    Test worker] o.s.b.f.s.DefaultListableBeanFactory     : Returning cached instance of singleton bean 'org.springframework.boot.autoconfigure.task.TaskSchedulingConfigurations$SimpleAsyncTaskSchedulerBuilderConfiguration'
2025-04-26T22:20:20.348+02:00 TRACE 13448 --- [api-gateway] [    Test worker] o.s.b.f.s.DefaultListableBeanFactory     : Returning cached instance of singleton bean 'preFilterAuthorizationAdvisor'
2025-04-26T22:20:20.348+02:00 TRACE 13448 --- [api-gateway] [    Test worker] o.s.b.f.s.DefaultListableBeanFactory     : Returning cached instance of singleton bean 'preAuthorizeAuthorizationAdvisor'
2025-04-26T22:20:20.348+02:00 TRACE 13448 --- [api-gateway] [    Test worker] o.s.b.f.s.DefaultListableBeanFactory     : Returning cached instance of singleton bean 'postFilterAuthorizationAdvisor'
2025-04-26T22:20:20.348+02:00 TRACE 13448 --- [api-gateway] [    Test worker] o.s.b.f.s.DefaultListableBeanFactory     : Returning cached instance of singleton bean 'postAuthorizeAuthorizationAdvisor'
2025-04-26T22:20:20.348+02:00 TRACE 13448 --- [api-gateway] [    Test worker] o.s.b.f.s.DefaultListableBeanFactory     : Returning cached instance of singleton bean 'jsr250AuthorizationAdvisor'
2025-04-26T22:20:20.348+02:00 TRACE 13448 --- [api-gateway] [    Test worker] o.s.b.f.s.DefaultListableBeanFactory     : Returning cached instance of singleton bean 'authorizeReturnObjectAdvisor'
2025-04-26T22:20:20.349+02:00 TRACE 13448 --- [api-gateway] [    Test worker] o.s.b.f.s.DefaultListableBeanFactory     : Finished creating instance of bean 'simpleAsyncTaskSchedulerBuilder'
2025-04-26T22:20:20.349+02:00 DEBUG 13448 --- [api-gateway] [    Test worker] o.s.b.f.s.DefaultListableBeanFactory     : Creating shared instance of singleton bean 'org.springframework.boot.autoconfigure.task.TaskSchedulingAutoConfiguration'
2025-04-26T22:20:20.349+02:00 TRACE 13448 --- [api-gateway] [    Test worker] o.s.b.f.s.DefaultListableBeanFactory     : Creating instance of bean 'org.springframework.boot.autoconfigure.task.TaskSchedulingAutoConfiguration'
2025-04-26T22:20:20.349+02:00 TRACE 13448 --- [api-gateway] [    Test worker] o.s.b.f.s.DefaultListableBeanFactory     : Returning cached instance of singleton bean 'preFilterAuthorizationAdvisor'
2025-04-26T22:20:20.349+02:00 TRACE 13448 --- [api-gateway] [    Test worker] o.s.b.f.s.DefaultListableBeanFactory     : Returning cached instance of singleton bean 'preAuthorizeAuthorizationAdvisor'
2025-04-26T22:20:20.349+02:00 TRACE 13448 --- [api-gateway] [    Test worker] o.s.b.f.s.DefaultListableBeanFactory     : Returning cached instance of singleton bean 'postFilterAuthorizationAdvisor'
2025-04-26T22:20:20.349+02:00 TRACE 13448 --- [api-gateway] [    Test worker] o.s.b.f.s.DefaultListableBeanFactory     : Returning cached instance of singleton bean 'postAuthorizeAuthorizationAdvisor'
2025-04-26T22:20:20.349+02:00 TRACE 13448 --- [api-gateway] [    Test worker] o.s.b.f.s.DefaultListableBeanFactory     : Returning cached instance of singleton bean 'jsr250AuthorizationAdvisor'
2025-04-26T22:20:20.349+02:00 TRACE 13448 --- [api-gateway] [    Test worker] o.s.b.f.s.DefaultListableBeanFactory     : Returning cached instance of singleton bean 'authorizeReturnObjectAdvisor'
2025-04-26T22:20:20.349+02:00 TRACE 13448 --- [api-gateway] [    Test worker] o.s.b.f.s.DefaultListableBeanFactory     : Finished creating instance of bean 'org.springframework.boot.autoconfigure.task.TaskSchedulingAutoConfiguration'
2025-04-26T22:20:20.349+02:00 TRACE 13448 --- [api-gateway] [    Test worker] o.s.b.f.s.DefaultListableBeanFactory     : Returning cached instance of singleton bean 'spring.task.scheduling-org.springframework.boot.autoconfigure.task.TaskSchedulingProperties'
2025-04-26T22:20:20.349+02:00 TRACE 13448 --- [api-gateway] [    Test worker] o.s.b.f.s.DefaultListableBeanFactory     : Returning cached instance of singleton bean 'org.springframework.boot.autoconfigure.web.embedded.EmbeddedWebServerFactoryCustomizerAutoConfiguration$NettyWebServerFactoryCustomizerConfiguration'
2025-04-26T22:20:20.349+02:00 TRACE 13448 --- [api-gateway] [    Test worker] o.s.b.f.s.DefaultListableBeanFactory     : Returning cached instance of singleton bean 'nettyWebServerFactoryCustomizer'
2025-04-26T22:20:20.349+02:00 DEBUG 13448 --- [api-gateway] [    Test worker] o.s.b.f.s.DefaultListableBeanFactory     : Creating shared instance of singleton bean 'org.springframework.boot.autoconfigure.web.embedded.EmbeddedWebServerFactoryCustomizerAutoConfiguration'
2025-04-26T22:20:20.349+02:00 TRACE 13448 --- [api-gateway] [    Test worker] o.s.b.f.s.DefaultListableBeanFactory     : Creating instance of bean 'org.springframework.boot.autoconfigure.web.embedded.EmbeddedWebServerFactoryCustomizerAutoConfiguration'
2025-04-26T22:20:20.349+02:00 TRACE 13448 --- [api-gateway] [    Test worker] o.s.b.f.s.DefaultListableBeanFactory     : Returning cached instance of singleton bean 'preFilterAuthorizationAdvisor'
2025-04-26T22:20:20.349+02:00 TRACE 13448 --- [api-gateway] [    Test worker] o.s.b.f.s.DefaultListableBeanFactory     : Returning cached instance of singleton bean 'preAuthorizeAuthorizationAdvisor'
2025-04-26T22:20:20.349+02:00 TRACE 13448 --- [api-gateway] [    Test worker] o.s.b.f.s.DefaultListableBeanFactory     : Returning cached instance of singleton bean 'postFilterAuthorizationAdvisor'
2025-04-26T22:20:20.349+02:00 TRACE 13448 --- [api-gateway] [    Test worker] o.s.b.f.s.DefaultListableBeanFactory     : Returning cached instance of singleton bean 'postAuthorizeAuthorizationAdvisor'
2025-04-26T22:20:20.349+02:00 TRACE 13448 --- [api-gateway] [    Test worker] o.s.b.f.s.DefaultListableBeanFactory     : Returning cached instance of singleton bean 'jsr250AuthorizationAdvisor'
2025-04-26T22:20:20.349+02:00 TRACE 13448 --- [api-gateway] [    Test worker] o.s.b.f.s.DefaultListableBeanFactory     : Returning cached instance of singleton bean 'authorizeReturnObjectAdvisor'
2025-04-26T22:20:20.350+02:00 TRACE 13448 --- [api-gateway] [    Test worker] o.s.b.f.s.DefaultListableBeanFactory     : Finished creating instance of bean 'org.springframework.boot.autoconfigure.web.embedded.EmbeddedWebServerFactoryCustomizerAutoConfiguration'
2025-04-26T22:20:20.350+02:00 DEBUG 13448 --- [api-gateway] [    Test worker] o.s.b.f.s.DefaultListableBeanFactory     : Creating shared instance of singleton bean 'org.springframework.boot.autoconfigure.web.reactive.function.client.ClientHttpConnectorFactoryConfiguration$ReactorNetty'
2025-04-26T22:20:20.350+02:00 TRACE 13448 --- [api-gateway] [    Test worker] o.s.b.f.s.DefaultListableBeanFactory     : Creating instance of bean 'org.springframework.boot.autoconfigure.web.reactive.function.client.ClientHttpConnectorFactoryConfiguration$ReactorNetty'
2025-04-26T22:20:20.350+02:00 TRACE 13448 --- [api-gateway] [    Test worker] o.s.b.f.s.DefaultListableBeanFactory     : Returning cached instance of singleton bean 'preFilterAuthorizationAdvisor'
2025-04-26T22:20:20.350+02:00 TRACE 13448 --- [api-gateway] [    Test worker] o.s.b.f.s.DefaultListableBeanFactory     : Returning cached instance of singleton bean 'preAuthorizeAuthorizationAdvisor'
2025-04-26T22:20:20.350+02:00 TRACE 13448 --- [api-gateway] [    Test worker] o.s.b.f.s.DefaultListableBeanFactory     : Returning cached instance of singleton bean 'postFilterAuthorizationAdvisor'
2025-04-26T22:20:20.350+02:00 TRACE 13448 --- [api-gateway] [    Test worker] o.s.b.f.s.DefaultListableBeanFactory     : Returning cached instance of singleton bean 'postAuthorizeAuthorizationAdvisor'
2025-04-26T22:20:20.350+02:00 TRACE 13448 --- [api-gateway] [    Test worker] o.s.b.f.s.DefaultListableBeanFactory     : Returning cached instance of singleton bean 'jsr250AuthorizationAdvisor'
2025-04-26T22:20:20.350+02:00 TRACE 13448 --- [api-gateway] [    Test worker] o.s.b.f.s.DefaultListableBeanFactory     : Returning cached instance of singleton bean 'authorizeReturnObjectAdvisor'
2025-04-26T22:20:20.350+02:00 TRACE 13448 --- [api-gateway] [    Test worker] o.s.b.f.s.DefaultListableBeanFactory     : Finished creating instance of bean 'org.springframework.boot.autoconfigure.web.reactive.function.client.ClientHttpConnectorFactoryConfiguration$ReactorNetty'
2025-04-26T22:20:20.350+02:00 DEBUG 13448 --- [api-gateway] [    Test worker] o.s.b.f.s.DefaultListableBeanFactory     : Creating shared instance of singleton bean 'reactorClientHttpConnectorFactory'
2025-04-26T22:20:20.350+02:00 TRACE 13448 --- [api-gateway] [    Test worker] o.s.b.f.s.DefaultListableBeanFactory     : Creating instance of bean 'reactorClientHttpConnectorFactory'
2025-04-26T22:20:20.350+02:00 TRACE 13448 --- [api-gateway] [    Test worker] o.s.b.f.s.DefaultListableBeanFactory     : Returning cached instance of singleton bean 'org.springframework.boot.autoconfigure.web.reactive.function.client.ClientHttpConnectorFactoryConfiguration$ReactorNetty'
2025-04-26T22:20:20.351+02:00 TRACE 13448 --- [api-gateway] [    Test worker] o.s.b.f.s.DefaultListableBeanFactory     : Returning cached instance of singleton bean 'reactorResourceFactory'
2025-04-26T22:20:20.351+02:00 DEBUG 13448 --- [api-gateway] [    Test worker] o.s.b.f.s.DefaultListableBeanFactory     : Autowiring by type from bean name 'reactorClientHttpConnectorFactory' via factory method to bean named 'reactorResourceFactory'
2025-04-26T22:20:20.352+02:00 TRACE 13448 --- [api-gateway] [    Test worker] o.s.b.f.s.DefaultListableBeanFactory     : Returning cached instance of singleton bean 'preFilterAuthorizationAdvisor'
2025-04-26T22:20:20.352+02:00 TRACE 13448 --- [api-gateway] [    Test worker] o.s.b.f.s.DefaultListableBeanFactory     : Returning cached instance of singleton bean 'preAuthorizeAuthorizationAdvisor'
2025-04-26T22:20:20.352+02:00 TRACE 13448 --- [api-gateway] [    Test worker] o.s.b.f.s.DefaultListableBeanFactory     : Returning cached instance of singleton bean 'postFilterAuthorizationAdvisor'
2025-04-26T22:20:20.352+02:00 TRACE 13448 --- [api-gateway] [    Test worker] o.s.b.f.s.DefaultListableBeanFactory     : Returning cached instance of singleton bean 'postAuthorizeAuthorizationAdvisor'
2025-04-26T22:20:20.352+02:00 TRACE 13448 --- [api-gateway] [    Test worker] o.s.b.f.s.DefaultListableBeanFactory     : Returning cached instance of singleton bean 'jsr250AuthorizationAdvisor'
2025-04-26T22:20:20.352+02:00 TRACE 13448 --- [api-gateway] [    Test worker] o.s.b.f.s.DefaultListableBeanFactory     : Returning cached instance of singleton bean 'authorizeReturnObjectAdvisor'
2025-04-26T22:20:20.353+02:00 TRACE 13448 --- [api-gateway] [    Test worker] o.s.b.f.s.DefaultListableBeanFactory     : Finished creating instance of bean 'reactorClientHttpConnectorFactory'
2025-04-26T22:20:20.353+02:00 DEBUG 13448 --- [api-gateway] [    Test worker] o.s.b.f.s.DefaultListableBeanFactory     : Creating shared instance of singleton bean 'org.springframework.boot.autoconfigure.web.reactive.function.client.ClientHttpConnectorAutoConfiguration'
2025-04-26T22:20:20.353+02:00 TRACE 13448 --- [api-gateway] [    Test worker] o.s.b.f.s.DefaultListableBeanFactory     : Creating instance of bean 'org.springframework.boot.autoconfigure.web.reactive.function.client.ClientHttpConnectorAutoConfiguration'
2025-04-26T22:20:20.353+02:00 TRACE 13448 --- [api-gateway] [    Test worker] o.s.b.f.s.DefaultListableBeanFactory     : Returning cached instance of singleton bean 'preFilterAuthorizationAdvisor'
2025-04-26T22:20:20.353+02:00 TRACE 13448 --- [api-gateway] [    Test worker] o.s.b.f.s.DefaultListableBeanFactory     : Returning cached instance of singleton bean 'preAuthorizeAuthorizationAdvisor'
2025-04-26T22:20:20.353+02:00 TRACE 13448 --- [api-gateway] [    Test worker] o.s.b.f.s.DefaultListableBeanFactory     : Returning cached instance of singleton bean 'postFilterAuthorizationAdvisor'
2025-04-26T22:20:20.353+02:00 TRACE 13448 --- [api-gateway] [    Test worker] o.s.b.f.s.DefaultListableBeanFactory     : Returning cached instance of singleton bean 'postAuthorizeAuthorizationAdvisor'
2025-04-26T22:20:20.353+02:00 TRACE 13448 --- [api-gateway] [    Test worker] o.s.b.f.s.DefaultListableBeanFactory     : Returning cached instance of singleton bean 'jsr250AuthorizationAdvisor'
2025-04-26T22:20:20.353+02:00 TRACE 13448 --- [api-gateway] [    Test worker] o.s.b.f.s.DefaultListableBeanFactory     : Returning cached instance of singleton bean 'authorizeReturnObjectAdvisor'
2025-04-26T22:20:20.353+02:00 TRACE 13448 --- [api-gateway] [    Test worker] o.s.b.f.s.DefaultListableBeanFactory     : Finished creating instance of bean 'org.springframework.boot.autoconfigure.web.reactive.function.client.ClientHttpConnectorAutoConfiguration'
2025-04-26T22:20:20.353+02:00 DEBUG 13448 --- [api-gateway] [    Test worker] o.s.b.f.s.DefaultListableBeanFactory     : Creating shared instance of singleton bean 'org.springframework.boot.autoconfigure.web.reactive.function.client.WebClientAutoConfiguration$WebClientCodecsConfiguration'
2025-04-26T22:20:20.353+02:00 TRACE 13448 --- [api-gateway] [    Test worker] o.s.b.f.s.DefaultListableBeanFactory     : Creating instance of bean 'org.springframework.boot.autoconfigure.web.reactive.function.client.WebClientAutoConfiguration$WebClientCodecsConfiguration'
2025-04-26T22:20:20.354+02:00 TRACE 13448 --- [api-gateway] [    Test worker] o.s.b.f.s.DefaultListableBeanFactory     : Returning cached instance of singleton bean 'preFilterAuthorizationAdvisor'
2025-04-26T22:20:20.354+02:00 TRACE 13448 --- [api-gateway] [    Test worker] o.s.b.f.s.DefaultListableBeanFactory     : Returning cached instance of singleton bean 'preAuthorizeAuthorizationAdvisor'
2025-04-26T22:20:20.354+02:00 TRACE 13448 --- [api-gateway] [    Test worker] o.s.b.f.s.DefaultListableBeanFactory     : Returning cached instance of singleton bean 'postFilterAuthorizationAdvisor'
2025-04-26T22:20:20.354+02:00 TRACE 13448 --- [api-gateway] [    Test worker] o.s.b.f.s.DefaultListableBeanFactory     : Returning cached instance of singleton bean 'postAuthorizeAuthorizationAdvisor'
2025-04-26T22:20:20.354+02:00 TRACE 13448 --- [api-gateway] [    Test worker] o.s.b.f.s.DefaultListableBeanFactory     : Returning cached instance of singleton bean 'jsr250AuthorizationAdvisor'
2025-04-26T22:20:20.354+02:00 TRACE 13448 --- [api-gateway] [    Test worker] o.s.b.f.s.DefaultListableBeanFactory     : Returning cached instance of singleton bean 'authorizeReturnObjectAdvisor'
2025-04-26T22:20:20.354+02:00 TRACE 13448 --- [api-gateway] [    Test worker] o.s.b.f.s.DefaultListableBeanFactory     : Finished creating instance of bean 'org.springframework.boot.autoconfigure.web.reactive.function.client.WebClientAutoConfiguration$WebClientCodecsConfiguration'
2025-04-26T22:20:20.354+02:00 DEBUG 13448 --- [api-gateway] [    Test worker] o.s.b.f.s.DefaultListableBeanFactory     : Creating shared instance of singleton bean 'exchangeStrategiesCustomizer'
2025-04-26T22:20:20.354+02:00 TRACE 13448 --- [api-gateway] [    Test worker] o.s.b.f.s.DefaultListableBeanFactory     : Creating instance of bean 'exchangeStrategiesCustomizer'
2025-04-26T22:20:20.354+02:00 TRACE 13448 --- [api-gateway] [    Test worker] o.s.b.f.s.DefaultListableBeanFactory     : Returning cached instance of singleton bean 'org.springframework.boot.autoconfigure.web.reactive.function.client.WebClientAutoConfiguration$WebClientCodecsConfiguration'
2025-04-26T22:20:20.354+02:00 TRACE 13448 --- [api-gateway] [    Test worker] o.s.b.f.s.DefaultListableBeanFactory     : Returning cached instance of singleton bean 'defaultCodecCustomizer'
2025-04-26T22:20:20.354+02:00 TRACE 13448 --- [api-gateway] [    Test worker] o.s.b.f.s.DefaultListableBeanFactory     : Returning cached instance of singleton bean 'jacksonCodecCustomizer'
2025-04-26T22:20:20.354+02:00 TRACE 13448 --- [api-gateway] [    Test worker] o.s.b.f.s.DefaultListableBeanFactory     : Returning cached instance of singleton bean 'defaultPartHttpMessageReaderCustomizer'
2025-04-26T22:20:20.354+02:00 TRACE 13448 --- [api-gateway] [    Test worker] o.s.b.f.s.DefaultListableBeanFactory     : Returning cached instance of singleton bean 'defaultCodecCustomizer'
2025-04-26T22:20:20.354+02:00 TRACE 13448 --- [api-gateway] [    Test worker] o.s.b.f.s.DefaultListableBeanFactory     : Returning cached instance of singleton bean 'jacksonCodecCustomizer'
2025-04-26T22:20:20.354+02:00 TRACE 13448 --- [api-gateway] [    Test worker] o.s.b.f.s.DefaultListableBeanFactory     : Returning cached instance of singleton bean 'defaultPartHttpMessageReaderCustomizer'
2025-04-26T22:20:20.355+02:00 TRACE 13448 --- [api-gateway] [    Test worker] o.s.b.f.s.DefaultListableBeanFactory     : Returning cached instance of singleton bean 'preFilterAuthorizationAdvisor'
2025-04-26T22:20:20.355+02:00 TRACE 13448 --- [api-gateway] [    Test worker] o.s.b.f.s.DefaultListableBeanFactory     : Returning cached instance of singleton bean 'preAuthorizeAuthorizationAdvisor'
2025-04-26T22:20:20.355+02:00 TRACE 13448 --- [api-gateway] [    Test worker] o.s.b.f.s.DefaultListableBeanFactory     : Returning cached instance of singleton bean 'postFilterAuthorizationAdvisor'
2025-04-26T22:20:20.355+02:00 TRACE 13448 --- [api-gateway] [    Test worker] o.s.b.f.s.DefaultListableBeanFactory     : Returning cached instance of singleton bean 'postAuthorizeAuthorizationAdvisor'
2025-04-26T22:20:20.355+02:00 TRACE 13448 --- [api-gateway] [    Test worker] o.s.b.f.s.DefaultListableBeanFactory     : Returning cached instance of singleton bean 'jsr250AuthorizationAdvisor'
2025-04-26T22:20:20.355+02:00 TRACE 13448 --- [api-gateway] [    Test worker] o.s.b.f.s.DefaultListableBeanFactory     : Returning cached instance of singleton bean 'authorizeReturnObjectAdvisor'
2025-04-26T22:20:20.355+02:00 TRACE 13448 --- [api-gateway] [    Test worker] o.s.b.f.s.DefaultListableBeanFactory     : Finished creating instance of bean 'exchangeStrategiesCustomizer'
2025-04-26T22:20:20.355+02:00 DEBUG 13448 --- [api-gateway] [    Test worker] o.s.b.f.s.DefaultListableBeanFactory     : Creating shared instance of singleton bean 'org.springframework.boot.autoconfigure.web.reactive.function.client.WebClientAutoConfiguration'
2025-04-26T22:20:20.355+02:00 TRACE 13448 --- [api-gateway] [    Test worker] o.s.b.f.s.DefaultListableBeanFactory     : Creating instance of bean 'org.springframework.boot.autoconfigure.web.reactive.function.client.WebClientAutoConfiguration'
2025-04-26T22:20:20.355+02:00 TRACE 13448 --- [api-gateway] [    Test worker] o.s.b.f.s.DefaultListableBeanFactory     : Returning cached instance of singleton bean 'preFilterAuthorizationAdvisor'
2025-04-26T22:20:20.355+02:00 TRACE 13448 --- [api-gateway] [    Test worker] o.s.b.f.s.DefaultListableBeanFactory     : Returning cached instance of singleton bean 'preAuthorizeAuthorizationAdvisor'
2025-04-26T22:20:20.355+02:00 TRACE 13448 --- [api-gateway] [    Test worker] o.s.b.f.s.DefaultListableBeanFactory     : Returning cached instance of singleton bean 'postFilterAuthorizationAdvisor'
2025-04-26T22:20:20.355+02:00 TRACE 13448 --- [api-gateway] [    Test worker] o.s.b.f.s.DefaultListableBeanFactory     : Returning cached instance of singleton bean 'postAuthorizeAuthorizationAdvisor'
2025-04-26T22:20:20.355+02:00 TRACE 13448 --- [api-gateway] [    Test worker] o.s.b.f.s.DefaultListableBeanFactory     : Returning cached instance of singleton bean 'jsr250AuthorizationAdvisor'
2025-04-26T22:20:20.355+02:00 TRACE 13448 --- [api-gateway] [    Test worker] o.s.b.f.s.DefaultListableBeanFactory     : Returning cached instance of singleton bean 'authorizeReturnObjectAdvisor'
2025-04-26T22:20:20.355+02:00 TRACE 13448 --- [api-gateway] [    Test worker] o.s.b.f.s.DefaultListableBeanFactory     : Finished creating instance of bean 'org.springframework.boot.autoconfigure.web.reactive.function.client.WebClientAutoConfiguration'
2025-04-26T22:20:20.355+02:00 DEBUG 13448 --- [api-gateway] [    Test worker] o.s.b.f.s.DefaultListableBeanFactory     : Creating shared instance of singleton bean 'webClientSsl'
2025-04-26T22:20:20.355+02:00 TRACE 13448 --- [api-gateway] [    Test worker] o.s.b.f.s.DefaultListableBeanFactory     : Creating instance of bean 'webClientSsl'
2025-04-26T22:20:20.355+02:00 TRACE 13448 --- [api-gateway] [    Test worker] o.s.b.f.s.DefaultListableBeanFactory     : Returning cached instance of singleton bean 'org.springframework.boot.autoconfigure.web.reactive.function.client.WebClientAutoConfiguration'
2025-04-26T22:20:20.356+02:00 TRACE 13448 --- [api-gateway] [    Test worker] o.s.b.f.s.DefaultListableBeanFactory     : Returning cached instance of singleton bean 'reactorClientHttpConnectorFactory'
2025-04-26T22:20:20.356+02:00 TRACE 13448 --- [api-gateway] [    Test worker] o.s.b.f.s.DefaultListableBeanFactory     : Returning cached instance of singleton bean 'sslBundleRegistry'
2025-04-26T22:20:20.356+02:00 DEBUG 13448 --- [api-gateway] [    Test worker] o.s.b.f.s.DefaultListableBeanFactory     : Autowiring by type from bean name 'webClientSsl' via factory method to bean named 'reactorClientHttpConnectorFactory'
2025-04-26T22:20:20.356+02:00 DEBUG 13448 --- [api-gateway] [    Test worker] o.s.b.f.s.DefaultListableBeanFactory     : Autowiring by type from bean name 'webClientSsl' via factory method to bean named 'sslBundleRegistry'
2025-04-26T22:20:20.356+02:00 TRACE 13448 --- [api-gateway] [    Test worker] o.s.b.f.s.DefaultListableBeanFactory     : Returning cached instance of singleton bean 'preFilterAuthorizationAdvisor'
2025-04-26T22:20:20.356+02:00 TRACE 13448 --- [api-gateway] [    Test worker] o.s.b.f.s.DefaultListableBeanFactory     : Returning cached instance of singleton bean 'preAuthorizeAuthorizationAdvisor'
2025-04-26T22:20:20.356+02:00 TRACE 13448 --- [api-gateway] [    Test worker] o.s.b.f.s.DefaultListableBeanFactory     : Returning cached instance of singleton bean 'postFilterAuthorizationAdvisor'
2025-04-26T22:20:20.356+02:00 TRACE 13448 --- [api-gateway] [    Test worker] o.s.b.f.s.DefaultListableBeanFactory     : Returning cached instance of singleton bean 'postAuthorizeAuthorizationAdvisor'
2025-04-26T22:20:20.357+02:00 TRACE 13448 --- [api-gateway] [    Test worker] o.s.b.f.s.DefaultListableBeanFactory     : Returning cached instance of singleton bean 'jsr250AuthorizationAdvisor'
2025-04-26T22:20:20.357+02:00 TRACE 13448 --- [api-gateway] [    Test worker] o.s.b.f.s.DefaultListableBeanFactory     : Returning cached instance of singleton bean 'authorizeReturnObjectAdvisor'
2025-04-26T22:20:20.357+02:00 TRACE 13448 --- [api-gateway] [    Test worker] o.s.b.f.s.DefaultListableBeanFactory     : Finished creating instance of bean 'webClientSsl'
2025-04-26T22:20:20.357+02:00 DEBUG 13448 --- [api-gateway] [    Test worker] o.s.b.f.s.DefaultListableBeanFactory     : Creating shared instance of singleton bean 'org.springframework.cloud.autoconfigure.ConfigurationPropertiesRebinderAutoConfiguration'
2025-04-26T22:20:20.357+02:00 TRACE 13448 --- [api-gateway] [    Test worker] o.s.b.f.s.DefaultListableBeanFactory     : Creating instance of bean 'org.springframework.cloud.autoconfigure.ConfigurationPropertiesRebinderAutoConfiguration'
2025-04-26T22:20:20.357+02:00 TRACE 13448 --- [api-gateway] [    Test worker] o.s.b.f.s.DefaultListableBeanFactory     : Returning cached instance of singleton bean 'preFilterAuthorizationAdvisor'
2025-04-26T22:20:20.357+02:00 TRACE 13448 --- [api-gateway] [    Test worker] o.s.b.f.s.DefaultListableBeanFactory     : Returning cached instance of singleton bean 'preAuthorizeAuthorizationAdvisor'
2025-04-26T22:20:20.357+02:00 TRACE 13448 --- [api-gateway] [    Test worker] o.s.b.f.s.DefaultListableBeanFactory     : Returning cached instance of singleton bean 'postFilterAuthorizationAdvisor'
2025-04-26T22:20:20.357+02:00 TRACE 13448 --- [api-gateway] [    Test worker] o.s.b.f.s.DefaultListableBeanFactory     : Returning cached instance of singleton bean 'postAuthorizeAuthorizationAdvisor'
2025-04-26T22:20:20.357+02:00 TRACE 13448 --- [api-gateway] [    Test worker] o.s.b.f.s.DefaultListableBeanFactory     : Returning cached instance of singleton bean 'jsr250AuthorizationAdvisor'
2025-04-26T22:20:20.357+02:00 TRACE 13448 --- [api-gateway] [    Test worker] o.s.b.f.s.DefaultListableBeanFactory     : Returning cached instance of singleton bean 'authorizeReturnObjectAdvisor'
2025-04-26T22:20:20.357+02:00 TRACE 13448 --- [api-gateway] [    Test worker] o.s.b.f.s.DefaultListableBeanFactory     : Finished creating instance of bean 'org.springframework.cloud.autoconfigure.ConfigurationPropertiesRebinderAutoConfiguration'
2025-04-26T22:20:20.357+02:00 TRACE 13448 --- [api-gateway] [    Test worker] o.s.b.f.s.DefaultListableBeanFactory     : Returning cached instance of singleton bean 'configurationPropertiesBeans'
2025-04-26T22:20:20.357+02:00 DEBUG 13448 --- [api-gateway] [    Test worker] o.s.b.f.s.DefaultListableBeanFactory     : Creating shared instance of singleton bean 'configurationPropertiesRebinder'
2025-04-26T22:20:20.357+02:00 TRACE 13448 --- [api-gateway] [    Test worker] o.s.b.f.s.DefaultListableBeanFactory     : Creating instance of bean 'configurationPropertiesRebinder'
2025-04-26T22:20:20.357+02:00 TRACE 13448 --- [api-gateway] [    Test worker] o.s.b.f.s.DefaultListableBeanFactory     : Returning cached instance of singleton bean 'org.springframework.cloud.autoconfigure.ConfigurationPropertiesRebinderAutoConfiguration'
2025-04-26T22:20:20.358+02:00 TRACE 13448 --- [api-gateway] [    Test worker] o.s.b.f.s.DefaultListableBeanFactory     : Returning cached instance of singleton bean 'configurationPropertiesBeans'
2025-04-26T22:20:20.358+02:00 DEBUG 13448 --- [api-gateway] [    Test worker] o.s.b.f.s.DefaultListableBeanFactory     : Autowiring by type from bean name 'configurationPropertiesRebinder' via factory method to bean named 'configurationPropertiesBeans'
2025-04-26T22:20:20.360+02:00 TRACE 13448 --- [api-gateway] [    Test worker] o.s.b.f.s.DefaultListableBeanFactory     : Returning cached instance of singleton bean 'preFilterAuthorizationAdvisor'
2025-04-26T22:20:20.361+02:00 TRACE 13448 --- [api-gateway] [    Test worker] o.s.b.f.s.DefaultListableBeanFactory     : Returning cached instance of singleton bean 'preAuthorizeAuthorizationAdvisor'
2025-04-26T22:20:20.361+02:00 TRACE 13448 --- [api-gateway] [    Test worker] o.s.b.f.s.DefaultListableBeanFactory     : Returning cached instance of singleton bean 'postFilterAuthorizationAdvisor'
2025-04-26T22:20:20.361+02:00 TRACE 13448 --- [api-gateway] [    Test worker] o.s.b.f.s.DefaultListableBeanFactory     : Returning cached instance of singleton bean 'postAuthorizeAuthorizationAdvisor'
2025-04-26T22:20:20.361+02:00 TRACE 13448 --- [api-gateway] [    Test worker] o.s.b.f.s.DefaultListableBeanFactory     : Returning cached instance of singleton bean 'jsr250AuthorizationAdvisor'
2025-04-26T22:20:20.361+02:00 TRACE 13448 --- [api-gateway] [    Test worker] o.s.b.f.s.DefaultListableBeanFactory     : Returning cached instance of singleton bean 'authorizeReturnObjectAdvisor'
2025-04-26T22:20:20.361+02:00 TRACE 13448 --- [api-gateway] [    Test worker] o.s.b.f.s.DefaultListableBeanFactory     : Finished creating instance of bean 'configurationPropertiesRebinder'
2025-04-26T22:20:20.361+02:00 DEBUG 13448 --- [api-gateway] [    Test worker] o.s.b.f.s.DefaultListableBeanFactory     : Creating shared instance of singleton bean 'org.springframework.cloud.autoconfigure.LifecycleMvcEndpointAutoConfiguration'
2025-04-26T22:20:20.361+02:00 TRACE 13448 --- [api-gateway] [    Test worker] o.s.b.f.s.DefaultListableBeanFactory     : Creating instance of bean 'org.springframework.cloud.autoconfigure.LifecycleMvcEndpointAutoConfiguration'
2025-04-26T22:20:20.362+02:00 TRACE 13448 --- [api-gateway] [    Test worker] o.s.b.f.s.DefaultListableBeanFactory     : Returning cached instance of singleton bean 'preFilterAuthorizationAdvisor'
2025-04-26T22:20:20.362+02:00 TRACE 13448 --- [api-gateway] [    Test worker] o.s.b.f.s.DefaultListableBeanFactory     : Returning cached instance of singleton bean 'preAuthorizeAuthorizationAdvisor'
2025-04-26T22:20:20.362+02:00 TRACE 13448 --- [api-gateway] [    Test worker] o.s.b.f.s.DefaultListableBeanFactory     : Returning cached instance of singleton bean 'postFilterAuthorizationAdvisor'
2025-04-26T22:20:20.362+02:00 TRACE 13448 --- [api-gateway] [    Test worker] o.s.b.f.s.DefaultListableBeanFactory     : Returning cached instance of singleton bean 'postAuthorizeAuthorizationAdvisor'
2025-04-26T22:20:20.362+02:00 TRACE 13448 --- [api-gateway] [    Test worker] o.s.b.f.s.DefaultListableBeanFactory     : Returning cached instance of singleton bean 'jsr250AuthorizationAdvisor'
2025-04-26T22:20:20.362+02:00 TRACE 13448 --- [api-gateway] [    Test worker] o.s.b.f.s.DefaultListableBeanFactory     : Returning cached instance of singleton bean 'authorizeReturnObjectAdvisor'
2025-04-26T22:20:20.362+02:00 TRACE 13448 --- [api-gateway] [    Test worker] o.s.b.f.s.DefaultListableBeanFactory     : Finished creating instance of bean 'org.springframework.cloud.autoconfigure.LifecycleMvcEndpointAutoConfiguration'
2025-04-26T22:20:20.362+02:00 DEBUG 13448 --- [api-gateway] [    Test worker] o.s.b.f.s.DefaultListableBeanFactory     : Creating shared instance of singleton bean 'environmentManager'
2025-04-26T22:20:20.362+02:00 TRACE 13448 --- [api-gateway] [    Test worker] o.s.b.f.s.DefaultListableBeanFactory     : Creating instance of bean 'environmentManager'
2025-04-26T22:20:20.362+02:00 TRACE 13448 --- [api-gateway] [    Test worker] o.s.b.f.s.DefaultListableBeanFactory     : Returning cached instance of singleton bean 'org.springframework.cloud.autoconfigure.LifecycleMvcEndpointAutoConfiguration'
2025-04-26T22:20:20.362+02:00 TRACE 13448 --- [api-gateway] [    Test worker] o.s.b.f.s.DefaultListableBeanFactory     : Returning cached instance of singleton bean 'environment'
2025-04-26T22:20:20.362+02:00 DEBUG 13448 --- [api-gateway] [    Test worker] o.s.b.f.s.DefaultListableBeanFactory     : Autowiring by type from bean name 'environmentManager' via factory method to bean named 'environment'
2025-04-26T22:20:20.362+02:00 TRACE 13448 --- [api-gateway] [    Test worker] o.s.b.f.s.DefaultListableBeanFactory     : Returning cached instance of singleton bean 'preFilterAuthorizationAdvisor'
2025-04-26T22:20:20.362+02:00 TRACE 13448 --- [api-gateway] [    Test worker] o.s.b.f.s.DefaultListableBeanFactory     : Returning cached instance of singleton bean 'preAuthorizeAuthorizationAdvisor'
2025-04-26T22:20:20.362+02:00 TRACE 13448 --- [api-gateway] [    Test worker] o.s.b.f.s.DefaultListableBeanFactory     : Returning cached instance of singleton bean 'postFilterAuthorizationAdvisor'
2025-04-26T22:20:20.362+02:00 TRACE 13448 --- [api-gateway] [    Test worker] o.s.b.f.s.DefaultListableBeanFactory     : Returning cached instance of singleton bean 'postAuthorizeAuthorizationAdvisor'
2025-04-26T22:20:20.362+02:00 TRACE 13448 --- [api-gateway] [    Test worker] o.s.b.f.s.DefaultListableBeanFactory     : Returning cached instance of singleton bean 'jsr250AuthorizationAdvisor'
2025-04-26T22:20:20.362+02:00 TRACE 13448 --- [api-gateway] [    Test worker] o.s.b.f.s.DefaultListableBeanFactory     : Returning cached instance of singleton bean 'authorizeReturnObjectAdvisor'
2025-04-26T22:20:20.363+02:00 TRACE 13448 --- [api-gateway] [    Test worker] o.s.b.f.s.DefaultListableBeanFactory     : Finished creating instance of bean 'environmentManager'
2025-04-26T22:20:20.363+02:00 TRACE 13448 --- [api-gateway] [    Test worker] o.s.b.f.s.DefaultListableBeanFactory     : Returning cached instance of singleton bean 'org.springframework.cloud.client.discovery.simple.SimpleDiscoveryClientAutoConfiguration'
2025-04-26T22:20:20.363+02:00 TRACE 13448 --- [api-gateway] [    Test worker] o.s.b.f.s.DefaultListableBeanFactory     : Returning cached instance of singleton bean 'simpleDiscoveryProperties'
2025-04-26T22:20:20.363+02:00 TRACE 13448 --- [api-gateway] [    Test worker] o.s.b.f.s.DefaultListableBeanFactory     : Returning cached instance of singleton bean 'simpleDiscoveryClient'
2025-04-26T22:20:20.363+02:00 DEBUG 13448 --- [api-gateway] [    Test worker] o.s.b.f.s.DefaultListableBeanFactory     : Creating shared instance of singleton bean 'org.springframework.cloud.client.serviceregistry.AutoServiceRegistrationConfiguration'
2025-04-26T22:20:20.363+02:00 TRACE 13448 --- [api-gateway] [    Test worker] o.s.b.f.s.DefaultListableBeanFactory     : Creating instance of bean 'org.springframework.cloud.client.serviceregistry.AutoServiceRegistrationConfiguration'
2025-04-26T22:20:20.363+02:00 TRACE 13448 --- [api-gateway] [    Test worker] o.s.b.f.s.DefaultListableBeanFactory     : Returning cached instance of singleton bean 'preFilterAuthorizationAdvisor'
2025-04-26T22:20:20.363+02:00 TRACE 13448 --- [api-gateway] [    Test worker] o.s.b.f.s.DefaultListableBeanFactory     : Returning cached instance of singleton bean 'preAuthorizeAuthorizationAdvisor'
2025-04-26T22:20:20.363+02:00 TRACE 13448 --- [api-gateway] [    Test worker] o.s.b.f.s.DefaultListableBeanFactory     : Returning cached instance of singleton bean 'postFilterAuthorizationAdvisor'
2025-04-26T22:20:20.363+02:00 TRACE 13448 --- [api-gateway] [    Test worker] o.s.b.f.s.DefaultListableBeanFactory     : Returning cached instance of singleton bean 'postAuthorizeAuthorizationAdvisor'
2025-04-26T22:20:20.363+02:00 TRACE 13448 --- [api-gateway] [    Test worker] o.s.b.f.s.DefaultListableBeanFactory     : Returning cached instance of singleton bean 'jsr250AuthorizationAdvisor'
2025-04-26T22:20:20.363+02:00 TRACE 13448 --- [api-gateway] [    Test worker] o.s.b.f.s.DefaultListableBeanFactory     : Returning cached instance of singleton bean 'authorizeReturnObjectAdvisor'
2025-04-26T22:20:20.363+02:00 TRACE 13448 --- [api-gateway] [    Test worker] o.s.b.f.s.DefaultListableBeanFactory     : Finished creating instance of bean 'org.springframework.cloud.client.serviceregistry.AutoServiceRegistrationConfiguration'
2025-04-26T22:20:20.363+02:00 DEBUG 13448 --- [api-gateway] [    Test worker] o.s.b.f.s.DefaultListableBeanFactory     : Creating shared instance of singleton bean 'spring.cloud.service-registry.auto-registration-org.springframework.cloud.client.serviceregistry.AutoServiceRegistrationProperties'
2025-04-26T22:20:20.363+02:00 TRACE 13448 --- [api-gateway] [    Test worker] o.s.b.f.s.DefaultListableBeanFactory     : Creating instance of bean 'spring.cloud.service-registry.auto-registration-org.springframework.cloud.client.serviceregistry.AutoServiceRegistrationProperties'
2025-04-26T22:20:20.364+02:00 TRACE 13448 --- [api-gateway] [    Test worker] o.s.b.f.s.DefaultListableBeanFactory     : Returning cached instance of singleton bean 'org.springframework.boot.context.properties.BoundConfigurationProperties'
2025-04-26T22:20:20.364+02:00 TRACE 13448 --- [api-gateway] [    Test worker] o.s.b.f.s.DefaultListableBeanFactory     : Returning cached instance of singleton bean 'preFilterAuthorizationAdvisor'
2025-04-26T22:20:20.364+02:00 TRACE 13448 --- [api-gateway] [    Test worker] o.s.b.f.s.DefaultListableBeanFactory     : Returning cached instance of singleton bean 'preAuthorizeAuthorizationAdvisor'
2025-04-26T22:20:20.364+02:00 TRACE 13448 --- [api-gateway] [    Test worker] o.s.b.f.s.DefaultListableBeanFactory     : Returning cached instance of singleton bean 'postFilterAuthorizationAdvisor'
2025-04-26T22:20:20.364+02:00 TRACE 13448 --- [api-gateway] [    Test worker] o.s.b.f.s.DefaultListableBeanFactory     : Returning cached instance of singleton bean 'postAuthorizeAuthorizationAdvisor'
2025-04-26T22:20:20.364+02:00 TRACE 13448 --- [api-gateway] [    Test worker] o.s.b.f.s.DefaultListableBeanFactory     : Returning cached instance of singleton bean 'jsr250AuthorizationAdvisor'
2025-04-26T22:20:20.364+02:00 TRACE 13448 --- [api-gateway] [    Test worker] o.s.b.f.s.DefaultListableBeanFactory     : Returning cached instance of singleton bean 'authorizeReturnObjectAdvisor'
2025-04-26T22:20:20.365+02:00 TRACE 13448 --- [api-gateway] [    Test worker] o.s.b.f.s.DefaultListableBeanFactory     : Finished creating instance of bean 'spring.cloud.service-registry.auto-registration-org.springframework.cloud.client.serviceregistry.AutoServiceRegistrationProperties'
2025-04-26T22:20:20.365+02:00 DEBUG 13448 --- [api-gateway] [    Test worker] o.s.b.f.s.DefaultListableBeanFactory     : Creating shared instance of singleton bean 'org.springframework.cloud.client.serviceregistry.AutoServiceRegistrationAutoConfiguration'
2025-04-26T22:20:20.365+02:00 TRACE 13448 --- [api-gateway] [    Test worker] o.s.b.f.s.DefaultListableBeanFactory     : Creating instance of bean 'org.springframework.cloud.client.serviceregistry.AutoServiceRegistrationAutoConfiguration'
2025-04-26T22:20:20.365+02:00 DEBUG 13448 --- [api-gateway] [    Test worker] o.s.b.f.s.DefaultListableBeanFactory     : Creating shared instance of singleton bean 'eurekaAutoServiceRegistration'
2025-04-26T22:20:20.365+02:00 TRACE 13448 --- [api-gateway] [    Test worker] o.s.b.f.s.DefaultListableBeanFactory     : Creating instance of bean 'eurekaAutoServiceRegistration'
2025-04-26T22:20:20.365+02:00 TRACE 13448 --- [api-gateway] [    Test worker] o.s.b.f.s.DefaultListableBeanFactory     : Returning cached instance of singleton bean 'org.springframework.cloud.netflix.eureka.EurekaClientAutoConfiguration'
2025-04-26T22:20:20.366+02:00 DEBUG 13448 --- [api-gateway] [    Test worker] o.s.b.f.s.DefaultListableBeanFactory     : Creating shared instance of singleton bean 'eurekaServiceRegistry'
2025-04-26T22:20:20.366+02:00 TRACE 13448 --- [api-gateway] [    Test worker] o.s.b.f.s.DefaultListableBeanFactory     : Creating instance of bean 'eurekaServiceRegistry'
2025-04-26T22:20:20.366+02:00 TRACE 13448 --- [api-gateway] [    Test worker] o.s.b.f.s.DefaultListableBeanFactory     : Returning cached instance of singleton bean 'org.springframework.cloud.netflix.eureka.EurekaClientAutoConfiguration'
2025-04-26T22:20:20.366+02:00 DEBUG 13448 --- [api-gateway] [    Test worker] o.s.b.f.s.DefaultListableBeanFactory     : Creating shared instance of singleton bean 'eurekaInstanceConfigBean'
2025-04-26T22:20:20.366+02:00 TRACE 13448 --- [api-gateway] [    Test worker] o.s.b.f.s.DefaultListableBeanFactory     : Creating instance of bean 'eurekaInstanceConfigBean'
2025-04-26T22:20:20.366+02:00 TRACE 13448 --- [api-gateway] [    Test worker] o.s.b.f.s.DefaultListableBeanFactory     : Returning cached instance of singleton bean 'org.springframework.cloud.netflix.eureka.EurekaClientAutoConfiguration'
2025-04-26T22:20:20.366+02:00 TRACE 13448 --- [api-gateway] [    Test worker] o.s.b.f.s.DefaultListableBeanFactory     : Returning cached instance of singleton bean 'inetUtils'
2025-04-26T22:20:20.366+02:00 DEBUG 13448 --- [api-gateway] [    Test worker] o.s.b.f.s.DefaultListableBeanFactory     : Creating shared instance of singleton bean 'serviceManagementMetadataProvider'
2025-04-26T22:20:20.366+02:00 TRACE 13448 --- [api-gateway] [    Test worker] o.s.b.f.s.DefaultListableBeanFactory     : Creating instance of bean 'serviceManagementMetadataProvider'
2025-04-26T22:20:20.366+02:00 TRACE 13448 --- [api-gateway] [    Test worker] o.s.b.f.s.DefaultListableBeanFactory     : Returning cached instance of singleton bean 'org.springframework.cloud.netflix.eureka.EurekaClientAutoConfiguration'
2025-04-26T22:20:20.367+02:00 TRACE 13448 --- [api-gateway] [    Test worker] o.s.b.f.s.DefaultListableBeanFactory     : Returning cached instance of singleton bean 'preFilterAuthorizationAdvisor'
2025-04-26T22:20:20.367+02:00 TRACE 13448 --- [api-gateway] [    Test worker] o.s.b.f.s.DefaultListableBeanFactory     : Returning cached instance of singleton bean 'preAuthorizeAuthorizationAdvisor'
2025-04-26T22:20:20.367+02:00 TRACE 13448 --- [api-gateway] [    Test worker] o.s.b.f.s.DefaultListableBeanFactory     : Returning cached instance of singleton bean 'postFilterAuthorizationAdvisor'
2025-04-26T22:20:20.367+02:00 TRACE 13448 --- [api-gateway] [    Test worker] o.s.b.f.s.DefaultListableBeanFactory     : Returning cached instance of singleton bean 'postAuthorizeAuthorizationAdvisor'
2025-04-26T22:20:20.367+02:00 TRACE 13448 --- [api-gateway] [    Test worker] o.s.b.f.s.DefaultListableBeanFactory     : Returning cached instance of singleton bean 'jsr250AuthorizationAdvisor'
2025-04-26T22:20:20.367+02:00 TRACE 13448 --- [api-gateway] [    Test worker] o.s.b.f.s.DefaultListableBeanFactory     : Returning cached instance of singleton bean 'authorizeReturnObjectAdvisor'
2025-04-26T22:20:20.368+02:00 TRACE 13448 --- [api-gateway] [    Test worker] o.s.b.f.s.DefaultListableBeanFactory     : Finished creating instance of bean 'serviceManagementMetadataProvider'
2025-04-26T22:20:20.368+02:00 DEBUG 13448 --- [api-gateway] [    Test worker] o.s.b.f.s.DefaultListableBeanFactory     : Autowiring by type from bean name 'eurekaInstanceConfigBean' via factory method to bean named 'inetUtils'
2025-04-26T22:20:20.368+02:00 DEBUG 13448 --- [api-gateway] [    Test worker] o.s.b.f.s.DefaultListableBeanFactory     : Autowiring by type from bean name 'eurekaInstanceConfigBean' via factory method to bean named 'serviceManagementMetadataProvider'
2025-04-26T22:20:20.379+02:00 TRACE 13448 --- [api-gateway] [    Test worker] o.s.cloud.commons.util.InetUtils         : Testing interface: Software Loopback Interface 1
2025-04-26T22:20:20.386+02:00 TRACE 13448 --- [api-gateway] [    Test worker] o.s.cloud.commons.util.InetUtils         : Testing interface: Intel(R) Wireless-AC 9560 160MHz
2025-04-26T22:20:20.386+02:00 TRACE 13448 --- [api-gateway] [    Test worker] o.s.cloud.commons.util.InetUtils         : Found non-loopback interface: Intel(R) Wireless-AC 9560 160MHz
2025-04-26T22:20:20.460+02:00 TRACE 13448 --- [api-gateway] [    Test worker] o.s.cloud.commons.util.InetUtils         : Testing interface: Hyper-V Virtual Ethernet Adapter
2025-04-26T22:20:20.477+02:00 TRACE 13448 --- [api-gateway] [    Test worker] ySourcesPropertyResolver$DefaultResolver : Searching for key 'vcap.application.instance_id' in PropertySource 'configurationProperties'
2025-04-26T22:20:20.477+02:00 TRACE 13448 --- [api-gateway] [    Test worker] ySourcesPropertyResolver$DefaultResolver : Searching for key 'vcap.application.instance_id' in PropertySource 'test'
2025-04-26T22:20:20.477+02:00 TRACE 13448 --- [api-gateway] [    Test worker] ySourcesPropertyResolver$DefaultResolver : Searching for key 'vcap.application.instance_id' in PropertySource 'gateway-properties'
2025-04-26T22:20:20.477+02:00 TRACE 13448 --- [api-gateway] [    Test worker] ySourcesPropertyResolver$DefaultResolver : Searching for key 'vcap.application.instance_id' in PropertySource 'Inlined Test Properties'
2025-04-26T22:20:20.477+02:00 TRACE 13448 --- [api-gateway] [    Test worker] ySourcesPropertyResolver$DefaultResolver : Searching for key 'vcap.application.instance_id' in PropertySource 'systemProperties'
2025-04-26T22:20:20.477+02:00 TRACE 13448 --- [api-gateway] [    Test worker] ySourcesPropertyResolver$DefaultResolver : Searching for key 'vcap.application.instance_id' in PropertySource 'systemEnvironment'
2025-04-26T22:20:20.477+02:00 TRACE 13448 --- [api-gateway] [    Test worker] ySourcesPropertyResolver$DefaultResolver : Searching for key 'vcap.application.instance_id' in PropertySource 'random'
2025-04-26T22:20:20.477+02:00 TRACE 13448 --- [api-gateway] [    Test worker] ySourcesPropertyResolver$DefaultResolver : Searching for key 'vcap.application.instance_id' in PropertySource 'cachedrandom'
2025-04-26T22:20:20.477+02:00 TRACE 13448 --- [api-gateway] [    Test worker] ySourcesPropertyResolver$DefaultResolver : Searching for key 'vcap.application.instance_id' in PropertySource 'Config resource 'class path resource [application.properties]' via location 'optional:classpath:/''
2025-04-26T22:20:20.477+02:00 TRACE 13448 --- [api-gateway] [    Test worker] ySourcesPropertyResolver$DefaultResolver : Searching for key 'vcap.application.instance_id' in PropertySource 'springCloudClientHostInfo'
2025-04-26T22:20:20.477+02:00 TRACE 13448 --- [api-gateway] [    Test worker] ySourcesPropertyResolver$DefaultResolver : Searching for key 'vcap.application.instance_id' in PropertySource 'applicationInfo'
2025-04-26T22:20:20.477+02:00 TRACE 13448 --- [api-gateway] [    Test worker] ySourcesPropertyResolver$DefaultResolver : Could not find key 'vcap.application.instance_id' in any property source
2025-04-26T22:20:20.477+02:00 TRACE 13448 --- [api-gateway] [    Test worker] ySourcesPropertyResolver$DefaultResolver : Searching for key 'spring.application.instance_id' in PropertySource 'configurationProperties'
2025-04-26T22:20:20.477+02:00 TRACE 13448 --- [api-gateway] [    Test worker] ySourcesPropertyResolver$DefaultResolver : Searching for key 'spring.application.instance_id' in PropertySource 'test'
2025-04-26T22:20:20.477+02:00 TRACE 13448 --- [api-gateway] [    Test worker] ySourcesPropertyResolver$DefaultResolver : Searching for key 'spring.application.instance_id' in PropertySource 'gateway-properties'
2025-04-26T22:20:20.477+02:00 TRACE 13448 --- [api-gateway] [    Test worker] ySourcesPropertyResolver$DefaultResolver : Searching for key 'spring.application.instance_id' in PropertySource 'Inlined Test Properties'
2025-04-26T22:20:20.477+02:00 TRACE 13448 --- [api-gateway] [    Test worker] ySourcesPropertyResolver$DefaultResolver : Searching for key 'spring.application.instance_id' in PropertySource 'systemProperties'
2025-04-26T22:20:20.477+02:00 TRACE 13448 --- [api-gateway] [    Test worker] ySourcesPropertyResolver$DefaultResolver : Searching for key 'spring.application.instance_id' in PropertySource 'systemEnvironment'
2025-04-26T22:20:20.477+02:00 TRACE 13448 --- [api-gateway] [    Test worker] ySourcesPropertyResolver$DefaultResolver : Searching for key 'spring.application.instance_id' in PropertySource 'random'
2025-04-26T22:20:20.477+02:00 TRACE 13448 --- [api-gateway] [    Test worker] ySourcesPropertyResolver$DefaultResolver : Searching for key 'spring.application.instance_id' in PropertySource 'cachedrandom'
2025-04-26T22:20:20.477+02:00 TRACE 13448 --- [api-gateway] [    Test worker] ySourcesPropertyResolver$DefaultResolver : Searching for key 'spring.application.instance_id' in PropertySource 'Config resource 'class path resource [application.properties]' via location 'optional:classpath:/''
2025-04-26T22:20:20.477+02:00 TRACE 13448 --- [api-gateway] [    Test worker] ySourcesPropertyResolver$DefaultResolver : Searching for key 'spring.application.instance_id' in PropertySource 'springCloudClientHostInfo'
2025-04-26T22:20:20.477+02:00 TRACE 13448 --- [api-gateway] [    Test worker] ySourcesPropertyResolver$DefaultResolver : Searching for key 'spring.application.instance_id' in PropertySource 'applicationInfo'
2025-04-26T22:20:20.477+02:00 TRACE 13448 --- [api-gateway] [    Test worker] ySourcesPropertyResolver$DefaultResolver : Could not find key 'spring.application.instance_id' in any property source
2025-04-26T22:20:20.480+02:00 DEBUG 13448 --- [api-gateway] [    Test worker] .n.e.m.DefaultManagementMetadataProvider : Constructed eureka meta-data healthcheckUrl: http://host.docker.internal:8078/actuator/health
2025-04-26T22:20:20.480+02:00 DEBUG 13448 --- [api-gateway] [    Test worker] .n.e.m.DefaultManagementMetadataProvider : Constructed eureka meta-data statusPageUrl: http://host.docker.internal:8078/actuator/info
2025-04-26T22:20:20.481+02:00 TRACE 13448 --- [api-gateway] [    Test worker] o.s.b.f.s.DefaultListableBeanFactory     : Returning cached instance of singleton bean 'org.springframework.boot.context.properties.BoundConfigurationProperties'
2025-04-26T22:20:20.492+02:00 TRACE 13448 --- [api-gateway] [    Test worker] o.s.b.f.s.DefaultListableBeanFactory     : Returning cached instance of singleton bean 'preFilterAuthorizationAdvisor'
2025-04-26T22:20:20.492+02:00 TRACE 13448 --- [api-gateway] [    Test worker] o.s.b.f.s.DefaultListableBeanFactory     : Returning cached instance of singleton bean 'preAuthorizeAuthorizationAdvisor'
2025-04-26T22:20:20.492+02:00 TRACE 13448 --- [api-gateway] [    Test worker] o.s.b.f.s.DefaultListableBeanFactory     : Returning cached instance of singleton bean 'postFilterAuthorizationAdvisor'
2025-04-26T22:20:20.492+02:00 TRACE 13448 --- [api-gateway] [    Test worker] o.s.b.f.s.DefaultListableBeanFactory     : Returning cached instance of singleton bean 'postAuthorizeAuthorizationAdvisor'
2025-04-26T22:20:20.492+02:00 TRACE 13448 --- [api-gateway] [    Test worker] o.s.b.f.s.DefaultListableBeanFactory     : Returning cached instance of singleton bean 'jsr250AuthorizationAdvisor'
2025-04-26T22:20:20.492+02:00 TRACE 13448 --- [api-gateway] [    Test worker] o.s.b.f.s.DefaultListableBeanFactory     : Returning cached instance of singleton bean 'authorizeReturnObjectAdvisor'
2025-04-26T22:20:20.493+02:00 TRACE 13448 --- [api-gateway] [    Test worker] o.s.b.f.s.DefaultListableBeanFactory     : Finished creating instance of bean 'eurekaInstanceConfigBean'
2025-04-26T22:20:20.493+02:00 DEBUG 13448 --- [api-gateway] [    Test worker] o.s.b.f.s.DefaultListableBeanFactory     : Autowiring by type from bean name 'eurekaServiceRegistry' via factory method to bean named 'eurekaInstanceConfigBean'
2025-04-26T22:20:20.494+02:00 TRACE 13448 --- [api-gateway] [    Test worker] o.s.b.f.s.DefaultListableBeanFactory     : Returning cached instance of singleton bean 'preFilterAuthorizationAdvisor'
2025-04-26T22:20:20.494+02:00 TRACE 13448 --- [api-gateway] [    Test worker] o.s.b.f.s.DefaultListableBeanFactory     : Returning cached instance of singleton bean 'preAuthorizeAuthorizationAdvisor'
2025-04-26T22:20:20.494+02:00 TRACE 13448 --- [api-gateway] [    Test worker] o.s.b.f.s.DefaultListableBeanFactory     : Returning cached instance of singleton bean 'postFilterAuthorizationAdvisor'
2025-04-26T22:20:20.494+02:00 TRACE 13448 --- [api-gateway] [    Test worker] o.s.b.f.s.DefaultListableBeanFactory     : Returning cached instance of singleton bean 'postAuthorizeAuthorizationAdvisor'
2025-04-26T22:20:20.494+02:00 TRACE 13448 --- [api-gateway] [    Test worker] o.s.b.f.s.DefaultListableBeanFactory     : Returning cached instance of singleton bean 'jsr250AuthorizationAdvisor'
2025-04-26T22:20:20.494+02:00 TRACE 13448 --- [api-gateway] [    Test worker] o.s.b.f.s.DefaultListableBeanFactory     : Returning cached instance of singleton bean 'authorizeReturnObjectAdvisor'
2025-04-26T22:20:20.495+02:00 TRACE 13448 --- [api-gateway] [    Test worker] o.s.b.f.s.DefaultListableBeanFactory     : Finished creating instance of bean 'eurekaServiceRegistry'
2025-04-26T22:20:20.496+02:00 TRACE 13448 --- [api-gateway] [    Test worker] o.s.b.f.s.DefaultListableBeanFactory     : Returning cached instance of singleton bean 'eurekaRegistration'
2025-04-26T22:20:20.497+02:00 DEBUG 13448 --- [api-gateway] [    Test worker] o.s.b.f.s.DefaultListableBeanFactory     : Autowiring by type from bean name 'eurekaAutoServiceRegistration' via factory method to bean named 'org.springframework.boot.web.reactive.context.GenericReactiveWebApplicationContext@79d743e6'
2025-04-26T22:20:20.497+02:00 DEBUG 13448 --- [api-gateway] [    Test worker] o.s.b.f.s.DefaultListableBeanFactory     : Autowiring by type from bean name 'eurekaAutoServiceRegistration' via factory method to bean named 'eurekaServiceRegistry'
2025-04-26T22:20:20.497+02:00 DEBUG 13448 --- [api-gateway] [    Test worker] o.s.b.f.s.DefaultListableBeanFactory     : Autowiring by type from bean name 'eurekaAutoServiceRegistration' via factory method to bean named 'eurekaRegistration'
2025-04-26T22:20:20.498+02:00 TRACE 13448 --- [api-gateway] [    Test worker] o.s.b.f.s.DefaultListableBeanFactory     : Returning cached instance of singleton bean 'preFilterAuthorizationAdvisor'
2025-04-26T22:20:20.498+02:00 TRACE 13448 --- [api-gateway] [    Test worker] o.s.b.f.s.DefaultListableBeanFactory     : Returning cached instance of singleton bean 'preAuthorizeAuthorizationAdvisor'
2025-04-26T22:20:20.498+02:00 TRACE 13448 --- [api-gateway] [    Test worker] o.s.b.f.s.DefaultListableBeanFactory     : Returning cached instance of singleton bean 'postFilterAuthorizationAdvisor'
2025-04-26T22:20:20.498+02:00 TRACE 13448 --- [api-gateway] [    Test worker] o.s.b.f.s.DefaultListableBeanFactory     : Returning cached instance of singleton bean 'postAuthorizeAuthorizationAdvisor'
2025-04-26T22:20:20.498+02:00 TRACE 13448 --- [api-gateway] [    Test worker] o.s.b.f.s.DefaultListableBeanFactory     : Returning cached instance of singleton bean 'jsr250AuthorizationAdvisor'
2025-04-26T22:20:20.498+02:00 TRACE 13448 --- [api-gateway] [    Test worker] o.s.b.f.s.DefaultListableBeanFactory     : Returning cached instance of singleton bean 'authorizeReturnObjectAdvisor'
2025-04-26T22:20:20.499+02:00 TRACE 13448 --- [api-gateway] [    Test worker] o.s.b.f.s.DefaultListableBeanFactory     : Finished creating instance of bean 'eurekaAutoServiceRegistration'
2025-04-26T22:20:20.499+02:00 TRACE 13448 --- [api-gateway] [    Test worker] f.a.AutowiredAnnotationBeanPostProcessor : Autowiring by type from bean name 'org.springframework.cloud.client.serviceregistry.AutoServiceRegistrationAutoConfiguration' to bean named 'eurekaAutoServiceRegistration'
2025-04-26T22:20:20.500+02:00 TRACE 13448 --- [api-gateway] [    Test worker] o.s.b.f.s.DefaultListableBeanFactory     : Returning cached instance of singleton bean 'spring.cloud.service-registry.auto-registration-org.springframework.cloud.client.serviceregistry.AutoServiceRegistrationProperties'
2025-04-26T22:20:20.500+02:00 TRACE 13448 --- [api-gateway] [    Test worker] f.a.AutowiredAnnotationBeanPostProcessor : Autowiring by type from bean name 'org.springframework.cloud.client.serviceregistry.AutoServiceRegistrationAutoConfiguration' to bean named 'spring.cloud.service-registry.auto-registration-org.springframework.cloud.client.serviceregistry.AutoServiceRegistrationProperties'
2025-04-26T22:20:20.500+02:00 TRACE 13448 --- [api-gateway] [    Test worker] o.s.b.f.s.DefaultListableBeanFactory     : Invoking afterPropertiesSet() on bean with name 'org.springframework.cloud.client.serviceregistry.AutoServiceRegistrationAutoConfiguration'
2025-04-26T22:20:20.500+02:00 TRACE 13448 --- [api-gateway] [    Test worker] o.s.b.f.s.DefaultListableBeanFactory     : Returning cached instance of singleton bean 'preFilterAuthorizationAdvisor'
2025-04-26T22:20:20.500+02:00 TRACE 13448 --- [api-gateway] [    Test worker] o.s.b.f.s.DefaultListableBeanFactory     : Returning cached instance of singleton bean 'preAuthorizeAuthorizationAdvisor'
2025-04-26T22:20:20.500+02:00 TRACE 13448 --- [api-gateway] [    Test worker] o.s.b.f.s.DefaultListableBeanFactory     : Returning cached instance of singleton bean 'postFilterAuthorizationAdvisor'
2025-04-26T22:20:20.500+02:00 TRACE 13448 --- [api-gateway] [    Test worker] o.s.b.f.s.DefaultListableBeanFactory     : Returning cached instance of singleton bean 'postAuthorizeAuthorizationAdvisor'
2025-04-26T22:20:20.500+02:00 TRACE 13448 --- [api-gateway] [    Test worker] o.s.b.f.s.DefaultListableBeanFactory     : Returning cached instance of singleton bean 'jsr250AuthorizationAdvisor'
2025-04-26T22:20:20.500+02:00 TRACE 13448 --- [api-gateway] [    Test worker] o.s.b.f.s.DefaultListableBeanFactory     : Returning cached instance of singleton bean 'authorizeReturnObjectAdvisor'
2025-04-26T22:20:20.500+02:00 TRACE 13448 --- [api-gateway] [    Test worker] o.s.b.f.s.DefaultListableBeanFactory     : Finished creating instance of bean 'org.springframework.cloud.client.serviceregistry.AutoServiceRegistrationAutoConfiguration'
2025-04-26T22:20:20.500+02:00 DEBUG 13448 --- [api-gateway] [    Test worker] o.s.b.f.s.DefaultListableBeanFactory     : Creating shared instance of singleton bean 'org.springframework.cloud.netflix.eureka.EurekaDiscoveryClientConfiguration$EurekaClientConfigurationRefresher'
2025-04-26T22:20:20.500+02:00 TRACE 13448 --- [api-gateway] [    Test worker] o.s.b.f.s.DefaultListableBeanFactory     : Creating instance of bean 'org.springframework.cloud.netflix.eureka.EurekaDiscoveryClientConfiguration$EurekaClientConfigurationRefresher'
2025-04-26T22:20:20.500+02:00 TRACE 13448 --- [api-gateway] [    Test worker] o.s.b.f.s.DefaultListableBeanFactory     : Returning cached instance of singleton bean 'eurekaClient'
2025-04-26T22:20:20.500+02:00 TRACE 13448 --- [api-gateway] [    Test worker] f.a.AutowiredAnnotationBeanPostProcessor : Autowiring by type from bean name 'org.springframework.cloud.netflix.eureka.EurekaDiscoveryClientConfiguration$EurekaClientConfigurationRefresher' to bean named 'eurekaClient'
2025-04-26T22:20:20.501+02:00 TRACE 13448 --- [api-gateway] [    Test worker] o.s.b.f.s.DefaultListableBeanFactory     : Returning cached instance of singleton bean 'eurekaAutoServiceRegistration'
2025-04-26T22:20:20.501+02:00 TRACE 13448 --- [api-gateway] [    Test worker] f.a.AutowiredAnnotationBeanPostProcessor : Autowiring by type from bean name 'org.springframework.cloud.netflix.eureka.EurekaDiscoveryClientConfiguration$EurekaClientConfigurationRefresher' to bean named 'eurekaAutoServiceRegistration'
2025-04-26T22:20:20.501+02:00 TRACE 13448 --- [api-gateway] [    Test worker] o.s.b.f.s.DefaultListableBeanFactory     : Returning cached instance of singleton bean 'preFilterAuthorizationAdvisor'
2025-04-26T22:20:20.501+02:00 TRACE 13448 --- [api-gateway] [    Test worker] o.s.b.f.s.DefaultListableBeanFactory     : Returning cached instance of singleton bean 'preAuthorizeAuthorizationAdvisor'
2025-04-26T22:20:20.501+02:00 TRACE 13448 --- [api-gateway] [    Test worker] o.s.b.f.s.DefaultListableBeanFactory     : Returning cached instance of singleton bean 'postFilterAuthorizationAdvisor'
2025-04-26T22:20:20.501+02:00 TRACE 13448 --- [api-gateway] [    Test worker] o.s.b.f.s.DefaultListableBeanFactory     : Returning cached instance of singleton bean 'postAuthorizeAuthorizationAdvisor'
2025-04-26T22:20:20.501+02:00 TRACE 13448 --- [api-gateway] [    Test worker] o.s.b.f.s.DefaultListableBeanFactory     : Returning cached instance of singleton bean 'jsr250AuthorizationAdvisor'
2025-04-26T22:20:20.501+02:00 TRACE 13448 --- [api-gateway] [    Test worker] o.s.b.f.s.DefaultListableBeanFactory     : Returning cached instance of singleton bean 'authorizeReturnObjectAdvisor'
2025-04-26T22:20:20.501+02:00 TRACE 13448 --- [api-gateway] [    Test worker] o.s.b.f.s.DefaultListableBeanFactory     : Finished creating instance of bean 'org.springframework.cloud.netflix.eureka.EurekaDiscoveryClientConfiguration$EurekaClientConfigurationRefresher'
2025-04-26T22:20:20.501+02:00 TRACE 13448 --- [api-gateway] [    Test worker] o.s.b.f.s.DefaultListableBeanFactory     : Returning cached instance of singleton bean 'org.springframework.cloud.netflix.eureka.EurekaDiscoveryClientConfiguration'
2025-04-26T22:20:20.501+02:00 TRACE 13448 --- [api-gateway] [    Test worker] o.s.b.f.s.DefaultListableBeanFactory     : Returning cached instance of singleton bean 'discoveryClient'
2025-04-26T22:20:20.501+02:00 DEBUG 13448 --- [api-gateway] [    Test worker] o.s.b.f.s.DefaultListableBeanFactory     : Creating shared instance of singleton bean 'org.springframework.cloud.netflix.eureka.config.DiscoveryClientOptionalArgsConfiguration$WebClientConfiguration'
2025-04-26T22:20:20.501+02:00 TRACE 13448 --- [api-gateway] [    Test worker] o.s.b.f.s.DefaultListableBeanFactory     : Creating instance of bean 'org.springframework.cloud.netflix.eureka.config.DiscoveryClientOptionalArgsConfiguration$WebClientConfiguration'
2025-04-26T22:20:20.501+02:00 TRACE 13448 --- [api-gateway] [    Test worker] o.s.b.f.s.DefaultListableBeanFactory     : Returning cached instance of singleton bean 'preFilterAuthorizationAdvisor'
2025-04-26T22:20:20.501+02:00 TRACE 13448 --- [api-gateway] [    Test worker] o.s.b.f.s.DefaultListableBeanFactory     : Returning cached instance of singleton bean 'preAuthorizeAuthorizationAdvisor'
2025-04-26T22:20:20.501+02:00 TRACE 13448 --- [api-gateway] [    Test worker] o.s.b.f.s.DefaultListableBeanFactory     : Returning cached instance of singleton bean 'postFilterAuthorizationAdvisor'
2025-04-26T22:20:20.501+02:00 TRACE 13448 --- [api-gateway] [    Test worker] o.s.b.f.s.DefaultListableBeanFactory     : Returning cached instance of singleton bean 'postAuthorizeAuthorizationAdvisor'
2025-04-26T22:20:20.501+02:00 TRACE 13448 --- [api-gateway] [    Test worker] o.s.b.f.s.DefaultListableBeanFactory     : Returning cached instance of singleton bean 'jsr250AuthorizationAdvisor'
2025-04-26T22:20:20.501+02:00 TRACE 13448 --- [api-gateway] [    Test worker] o.s.b.f.s.DefaultListableBeanFactory     : Returning cached instance of singleton bean 'authorizeReturnObjectAdvisor'
2025-04-26T22:20:20.502+02:00 TRACE 13448 --- [api-gateway] [    Test worker] o.s.b.f.s.DefaultListableBeanFactory     : Finished creating instance of bean 'org.springframework.cloud.netflix.eureka.config.DiscoveryClientOptionalArgsConfiguration$WebClientConfiguration'
2025-04-26T22:20:20.502+02:00 DEBUG 13448 --- [api-gateway] [    Test worker] o.s.b.f.s.DefaultListableBeanFactory     : Creating shared instance of singleton bean 'webClientDiscoveryClientOptionalArgs'
2025-04-26T22:20:20.502+02:00 TRACE 13448 --- [api-gateway] [    Test worker] o.s.b.f.s.DefaultListableBeanFactory     : Creating instance of bean 'webClientDiscoveryClientOptionalArgs'
2025-04-26T22:20:20.502+02:00 TRACE 13448 --- [api-gateway] [    Test worker] o.s.b.f.s.DefaultListableBeanFactory     : Returning cached instance of singleton bean 'org.springframework.cloud.netflix.eureka.config.DiscoveryClientOptionalArgsConfiguration$WebClientConfiguration'
2025-04-26T22:20:20.502+02:00 DEBUG 13448 --- [api-gateway] [    Test worker] o.s.b.f.s.DefaultListableBeanFactory     : Creating shared instance of singleton bean 'tlsProperties'
2025-04-26T22:20:20.502+02:00 TRACE 13448 --- [api-gateway] [    Test worker] o.s.b.f.s.DefaultListableBeanFactory     : Creating instance of bean 'tlsProperties'
2025-04-26T22:20:20.502+02:00 DEBUG 13448 --- [api-gateway] [    Test worker] o.s.b.f.s.DefaultListableBeanFactory     : Creating shared instance of singleton bean 'org.springframework.cloud.netflix.eureka.config.DiscoveryClientOptionalArgsConfiguration'
2025-04-26T22:20:20.502+02:00 TRACE 13448 --- [api-gateway] [    Test worker] o.s.b.f.s.DefaultListableBeanFactory     : Creating instance of bean 'org.springframework.cloud.netflix.eureka.config.DiscoveryClientOptionalArgsConfiguration'
2025-04-26T22:20:20.502+02:00 TRACE 13448 --- [api-gateway] [    Test worker] o.s.b.f.s.DefaultListableBeanFactory     : Returning cached instance of singleton bean 'preFilterAuthorizationAdvisor'
2025-04-26T22:20:20.502+02:00 TRACE 13448 --- [api-gateway] [    Test worker] o.s.b.f.s.DefaultListableBeanFactory     : Returning cached instance of singleton bean 'preAuthorizeAuthorizationAdvisor'
2025-04-26T22:20:20.502+02:00 TRACE 13448 --- [api-gateway] [    Test worker] o.s.b.f.s.DefaultListableBeanFactory     : Returning cached instance of singleton bean 'postFilterAuthorizationAdvisor'
2025-04-26T22:20:20.502+02:00 TRACE 13448 --- [api-gateway] [    Test worker] o.s.b.f.s.DefaultListableBeanFactory     : Returning cached instance of singleton bean 'postAuthorizeAuthorizationAdvisor'
2025-04-26T22:20:20.502+02:00 TRACE 13448 --- [api-gateway] [    Test worker] o.s.b.f.s.DefaultListableBeanFactory     : Returning cached instance of singleton bean 'jsr250AuthorizationAdvisor'
2025-04-26T22:20:20.502+02:00 TRACE 13448 --- [api-gateway] [    Test worker] o.s.b.f.s.DefaultListableBeanFactory     : Returning cached instance of singleton bean 'authorizeReturnObjectAdvisor'
2025-04-26T22:20:20.502+02:00 TRACE 13448 --- [api-gateway] [    Test worker] o.s.b.f.s.DefaultListableBeanFactory     : Finished creating instance of bean 'org.springframework.cloud.netflix.eureka.config.DiscoveryClientOptionalArgsConfiguration'
2025-04-26T22:20:20.503+02:00 TRACE 13448 --- [api-gateway] [    Test worker] o.s.b.f.s.DefaultListableBeanFactory     : Returning cached instance of singleton bean 'org.springframework.boot.context.properties.BoundConfigurationProperties'
2025-04-26T22:20:20.504+02:00 TRACE 13448 --- [api-gateway] [    Test worker] o.s.b.f.s.DefaultListableBeanFactory     : Returning cached instance of singleton bean 'preFilterAuthorizationAdvisor'
2025-04-26T22:20:20.504+02:00 TRACE 13448 --- [api-gateway] [    Test worker] o.s.b.f.s.DefaultListableBeanFactory     : Returning cached instance of singleton bean 'preAuthorizeAuthorizationAdvisor'
2025-04-26T22:20:20.504+02:00 TRACE 13448 --- [api-gateway] [    Test worker] o.s.b.f.s.DefaultListableBeanFactory     : Returning cached instance of singleton bean 'postFilterAuthorizationAdvisor'
2025-04-26T22:20:20.504+02:00 TRACE 13448 --- [api-gateway] [    Test worker] o.s.b.f.s.DefaultListableBeanFactory     : Returning cached instance of singleton bean 'postAuthorizeAuthorizationAdvisor'
2025-04-26T22:20:20.504+02:00 TRACE 13448 --- [api-gateway] [    Test worker] o.s.b.f.s.DefaultListableBeanFactory     : Returning cached instance of singleton bean 'jsr250AuthorizationAdvisor'
2025-04-26T22:20:20.504+02:00 TRACE 13448 --- [api-gateway] [    Test worker] o.s.b.f.s.DefaultListableBeanFactory     : Returning cached instance of singleton bean 'authorizeReturnObjectAdvisor'
2025-04-26T22:20:20.504+02:00 TRACE 13448 --- [api-gateway] [    Test worker] o.s.b.f.s.DefaultListableBeanFactory     : Finished creating instance of bean 'tlsProperties'
2025-04-26T22:20:20.504+02:00 DEBUG 13448 --- [api-gateway] [    Test worker] o.s.b.f.s.DefaultListableBeanFactory     : Autowiring by type from bean name 'webClientDiscoveryClientOptionalArgs' via factory method to bean named 'tlsProperties'
2025-04-26T22:20:20.504+02:00  INFO 13448 --- [api-gateway] [    Test worker] DiscoveryClientOptionalArgsConfiguration : Eureka HTTP Client uses WebClient.
2025-04-26T22:20:20.506+02:00 TRACE 13448 --- [api-gateway] [    Test worker] o.s.b.f.s.DefaultListableBeanFactory     : Returning cached instance of singleton bean 'preFilterAuthorizationAdvisor'
2025-04-26T22:20:20.506+02:00 TRACE 13448 --- [api-gateway] [    Test worker] o.s.b.f.s.DefaultListableBeanFactory     : Returning cached instance of singleton bean 'preAuthorizeAuthorizationAdvisor'
2025-04-26T22:20:20.506+02:00 TRACE 13448 --- [api-gateway] [    Test worker] o.s.b.f.s.DefaultListableBeanFactory     : Returning cached instance of singleton bean 'postFilterAuthorizationAdvisor'
2025-04-26T22:20:20.506+02:00 TRACE 13448 --- [api-gateway] [    Test worker] o.s.b.f.s.DefaultListableBeanFactory     : Returning cached instance of singleton bean 'postAuthorizeAuthorizationAdvisor'
2025-04-26T22:20:20.506+02:00 TRACE 13448 --- [api-gateway] [    Test worker] o.s.b.f.s.DefaultListableBeanFactory     : Returning cached instance of singleton bean 'jsr250AuthorizationAdvisor'
2025-04-26T22:20:20.506+02:00 TRACE 13448 --- [api-gateway] [    Test worker] o.s.b.f.s.DefaultListableBeanFactory     : Returning cached instance of singleton bean 'authorizeReturnObjectAdvisor'
2025-04-26T22:20:20.507+02:00 TRACE 13448 --- [api-gateway] [    Test worker] o.s.b.f.s.DefaultListableBeanFactory     : Finished creating instance of bean 'webClientDiscoveryClientOptionalArgs'
2025-04-26T22:20:20.507+02:00 DEBUG 13448 --- [api-gateway] [    Test worker] o.s.b.f.s.DefaultListableBeanFactory     : Creating shared instance of singleton bean 'webClientTransportClientFactories'
2025-04-26T22:20:20.507+02:00 TRACE 13448 --- [api-gateway] [    Test worker] o.s.b.f.s.DefaultListableBeanFactory     : Creating instance of bean 'webClientTransportClientFactories'
2025-04-26T22:20:20.507+02:00 TRACE 13448 --- [api-gateway] [    Test worker] o.s.b.f.s.DefaultListableBeanFactory     : Returning cached instance of singleton bean 'org.springframework.cloud.netflix.eureka.config.DiscoveryClientOptionalArgsConfiguration$WebClientConfiguration'
2025-04-26T22:20:20.507+02:00 TRACE 13448 --- [api-gateway] [    Test worker] o.s.b.f.s.DefaultListableBeanFactory     : Returning cached instance of singleton bean 'preFilterAuthorizationAdvisor'
2025-04-26T22:20:20.507+02:00 TRACE 13448 --- [api-gateway] [    Test worker] o.s.b.f.s.DefaultListableBeanFactory     : Returning cached instance of singleton bean 'preAuthorizeAuthorizationAdvisor'
2025-04-26T22:20:20.507+02:00 TRACE 13448 --- [api-gateway] [    Test worker] o.s.b.f.s.DefaultListableBeanFactory     : Returning cached instance of singleton bean 'postFilterAuthorizationAdvisor'
2025-04-26T22:20:20.507+02:00 TRACE 13448 --- [api-gateway] [    Test worker] o.s.b.f.s.DefaultListableBeanFactory     : Returning cached instance of singleton bean 'postAuthorizeAuthorizationAdvisor'
2025-04-26T22:20:20.507+02:00 TRACE 13448 --- [api-gateway] [    Test worker] o.s.b.f.s.DefaultListableBeanFactory     : Returning cached instance of singleton bean 'jsr250AuthorizationAdvisor'
2025-04-26T22:20:20.507+02:00 TRACE 13448 --- [api-gateway] [    Test worker] o.s.b.f.s.DefaultListableBeanFactory     : Returning cached instance of singleton bean 'authorizeReturnObjectAdvisor'
2025-04-26T22:20:20.508+02:00 TRACE 13448 --- [api-gateway] [    Test worker] o.s.b.f.s.DefaultListableBeanFactory     : Finished creating instance of bean 'webClientTransportClientFactories'
2025-04-26T22:20:20.508+02:00 TRACE 13448 --- [api-gateway] [    Test worker] o.s.b.f.s.DefaultListableBeanFactory     : Returning cached instance of singleton bean 'org.springframework.cloud.netflix.eureka.config.DiscoveryClientOptionalArgsConfiguration'
2025-04-26T22:20:20.508+02:00 TRACE 13448 --- [api-gateway] [    Test worker] o.s.b.f.s.DefaultListableBeanFactory     : Returning cached instance of singleton bean 'tlsProperties'
2025-04-26T22:20:20.508+02:00 DEBUG 13448 --- [api-gateway] [    Test worker] o.s.b.f.s.DefaultListableBeanFactory     : Creating shared instance of singleton bean 'eureka.client.restclient.timeout-org.springframework.cloud.netflix.eureka.RestClientTimeoutProperties'
2025-04-26T22:20:20.508+02:00 TRACE 13448 --- [api-gateway] [    Test worker] o.s.b.f.s.DefaultListableBeanFactory     : Creating instance of bean 'eureka.client.restclient.timeout-org.springframework.cloud.netflix.eureka.RestClientTimeoutProperties'
2025-04-26T22:20:20.508+02:00 TRACE 13448 --- [api-gateway] [    Test worker] o.s.b.f.s.DefaultListableBeanFactory     : Returning cached instance of singleton bean 'org.springframework.boot.context.properties.BoundConfigurationProperties'
2025-04-26T22:20:20.509+02:00 TRACE 13448 --- [api-gateway] [    Test worker] o.s.b.f.s.DefaultListableBeanFactory     : Returning cached instance of singleton bean 'preFilterAuthorizationAdvisor'
2025-04-26T22:20:20.509+02:00 TRACE 13448 --- [api-gateway] [    Test worker] o.s.b.f.s.DefaultListableBeanFactory     : Returning cached instance of singleton bean 'preAuthorizeAuthorizationAdvisor'
2025-04-26T22:20:20.509+02:00 TRACE 13448 --- [api-gateway] [    Test worker] o.s.b.f.s.DefaultListableBeanFactory     : Returning cached instance of singleton bean 'postFilterAuthorizationAdvisor'
2025-04-26T22:20:20.509+02:00 TRACE 13448 --- [api-gateway] [    Test worker] o.s.b.f.s.DefaultListableBeanFactory     : Returning cached instance of singleton bean 'postAuthorizeAuthorizationAdvisor'
2025-04-26T22:20:20.509+02:00 TRACE 13448 --- [api-gateway] [    Test worker] o.s.b.f.s.DefaultListableBeanFactory     : Returning cached instance of singleton bean 'jsr250AuthorizationAdvisor'
2025-04-26T22:20:20.509+02:00 TRACE 13448 --- [api-gateway] [    Test worker] o.s.b.f.s.DefaultListableBeanFactory     : Returning cached instance of singleton bean 'authorizeReturnObjectAdvisor'
2025-04-26T22:20:20.509+02:00 TRACE 13448 --- [api-gateway] [    Test worker] o.s.b.f.s.DefaultListableBeanFactory     : Finished creating instance of bean 'eureka.client.restclient.timeout-org.springframework.cloud.netflix.eureka.RestClientTimeoutProperties'
2025-04-26T22:20:20.509+02:00 DEBUG 13448 --- [api-gateway] [    Test worker] o.s.b.f.s.DefaultListableBeanFactory     : Creating shared instance of singleton bean 'eureka.client.rest-template-timeout-org.springframework.cloud.netflix.eureka.RestTemplateTimeoutProperties'
2025-04-26T22:20:20.509+02:00 TRACE 13448 --- [api-gateway] [    Test worker] o.s.b.f.s.DefaultListableBeanFactory     : Creating instance of bean 'eureka.client.rest-template-timeout-org.springframework.cloud.netflix.eureka.RestTemplateTimeoutProperties'
2025-04-26T22:20:20.509+02:00 TRACE 13448 --- [api-gateway] [    Test worker] o.s.b.f.s.DefaultListableBeanFactory     : Returning cached instance of singleton bean 'org.springframework.boot.context.properties.BoundConfigurationProperties'
2025-04-26T22:20:20.510+02:00 TRACE 13448 --- [api-gateway] [    Test worker] o.s.b.f.s.DefaultListableBeanFactory     : Returning cached instance of singleton bean 'preFilterAuthorizationAdvisor'
2025-04-26T22:20:20.510+02:00 TRACE 13448 --- [api-gateway] [    Test worker] o.s.b.f.s.DefaultListableBeanFactory     : Returning cached instance of singleton bean 'preAuthorizeAuthorizationAdvisor'
2025-04-26T22:20:20.510+02:00 TRACE 13448 --- [api-gateway] [    Test worker] o.s.b.f.s.DefaultListableBeanFactory     : Returning cached instance of singleton bean 'postFilterAuthorizationAdvisor'
2025-04-26T22:20:20.510+02:00 TRACE 13448 --- [api-gateway] [    Test worker] o.s.b.f.s.DefaultListableBeanFactory     : Returning cached instance of singleton bean 'postAuthorizeAuthorizationAdvisor'
2025-04-26T22:20:20.510+02:00 TRACE 13448 --- [api-gateway] [    Test worker] o.s.b.f.s.DefaultListableBeanFactory     : Returning cached instance of singleton bean 'jsr250AuthorizationAdvisor'
2025-04-26T22:20:20.510+02:00 TRACE 13448 --- [api-gateway] [    Test worker] o.s.b.f.s.DefaultListableBeanFactory     : Returning cached instance of singleton bean 'authorizeReturnObjectAdvisor'
2025-04-26T22:20:20.510+02:00 TRACE 13448 --- [api-gateway] [    Test worker] o.s.b.f.s.DefaultListableBeanFactory     : Finished creating instance of bean 'eureka.client.rest-template-timeout-org.springframework.cloud.netflix.eureka.RestTemplateTimeoutProperties'
2025-04-26T22:20:20.510+02:00 DEBUG 13448 --- [api-gateway] [    Test worker] o.s.b.f.s.DefaultListableBeanFactory     : Creating shared instance of singleton bean 'org.springframework.cloud.netflix.eureka.EurekaClientAutoConfiguration$RefreshableEurekaClientConfiguration'
2025-04-26T22:20:20.510+02:00 TRACE 13448 --- [api-gateway] [    Test worker] o.s.b.f.s.DefaultListableBeanFactory     : Creating instance of bean 'org.springframework.cloud.netflix.eureka.EurekaClientAutoConfiguration$RefreshableEurekaClientConfiguration'
2025-04-26T22:20:20.511+02:00 TRACE 13448 --- [api-gateway] [    Test worker] f.a.AutowiredAnnotationBeanPostProcessor : Autowiring by type from bean name 'org.springframework.cloud.netflix.eureka.EurekaClientAutoConfiguration$RefreshableEurekaClientConfiguration' to bean named 'org.springframework.boot.web.reactive.context.GenericReactiveWebApplicationContext@79d743e6'
2025-04-26T22:20:20.511+02:00 TRACE 13448 --- [api-gateway] [    Test worker] o.s.b.f.s.DefaultListableBeanFactory     : Returning cached instance of singleton bean 'webClientDiscoveryClientOptionalArgs'
2025-04-26T22:20:20.511+02:00 TRACE 13448 --- [api-gateway] [    Test worker] f.a.AutowiredAnnotationBeanPostProcessor : Autowiring by type from bean name 'org.springframework.cloud.netflix.eureka.EurekaClientAutoConfiguration$RefreshableEurekaClientConfiguration' to bean named 'webClientDiscoveryClientOptionalArgs'
2025-04-26T22:20:20.511+02:00 TRACE 13448 --- [api-gateway] [    Test worker] o.s.b.f.s.DefaultListableBeanFactory     : Returning cached instance of singleton bean 'preFilterAuthorizationAdvisor'
2025-04-26T22:20:20.512+02:00 TRACE 13448 --- [api-gateway] [    Test worker] o.s.b.f.s.DefaultListableBeanFactory     : Returning cached instance of singleton bean 'preAuthorizeAuthorizationAdvisor'
2025-04-26T22:20:20.512+02:00 TRACE 13448 --- [api-gateway] [    Test worker] o.s.b.f.s.DefaultListableBeanFactory     : Returning cached instance of singleton bean 'postFilterAuthorizationAdvisor'
2025-04-26T22:20:20.512+02:00 TRACE 13448 --- [api-gateway] [    Test worker] o.s.b.f.s.DefaultListableBeanFactory     : Returning cached instance of singleton bean 'postAuthorizeAuthorizationAdvisor'
2025-04-26T22:20:20.512+02:00 TRACE 13448 --- [api-gateway] [    Test worker] o.s.b.f.s.DefaultListableBeanFactory     : Returning cached instance of singleton bean 'jsr250AuthorizationAdvisor'
2025-04-26T22:20:20.512+02:00 TRACE 13448 --- [api-gateway] [    Test worker] o.s.b.f.s.DefaultListableBeanFactory     : Returning cached instance of singleton bean 'authorizeReturnObjectAdvisor'
2025-04-26T22:20:20.512+02:00 TRACE 13448 --- [api-gateway] [    Test worker] o.s.b.f.s.DefaultListableBeanFactory     : Finished creating instance of bean 'org.springframework.cloud.netflix.eureka.EurekaClientAutoConfiguration$RefreshableEurekaClientConfiguration'
2025-04-26T22:20:20.512+02:00 TRACE 13448 --- [api-gateway] [    Test worker] o.s.b.f.s.DefaultListableBeanFactory     : Returning cached instance of singleton bean 'eurekaClient'
2025-04-26T22:20:20.512+02:00 TRACE 13448 --- [api-gateway] [    Test worker] o.s.b.f.s.DefaultListableBeanFactory     : Returning cached instance of singleton bean 'eurekaApplicationInfoManager'
2025-04-26T22:20:20.512+02:00 TRACE 13448 --- [api-gateway] [    Test worker] o.s.b.f.s.DefaultListableBeanFactory     : Returning cached instance of singleton bean 'eurekaRegistration'
2025-04-26T22:20:20.512+02:00 TRACE 13448 --- [api-gateway] [    Test worker] o.s.b.f.s.DefaultListableBeanFactory     : Returning cached instance of singleton bean 'org.springframework.cloud.netflix.eureka.EurekaClientAutoConfiguration'
2025-04-26T22:20:20.512+02:00 DEBUG 13448 --- [api-gateway] [    Test worker] o.s.b.f.s.DefaultListableBeanFactory     : Creating shared instance of singleton bean 'eurekaFeature'
2025-04-26T22:20:20.512+02:00 TRACE 13448 --- [api-gateway] [    Test worker] o.s.b.f.s.DefaultListableBeanFactory     : Creating instance of bean 'eurekaFeature'
2025-04-26T22:20:20.512+02:00 TRACE 13448 --- [api-gateway] [    Test worker] o.s.b.f.s.DefaultListableBeanFactory     : Returning cached instance of singleton bean 'org.springframework.cloud.netflix.eureka.EurekaClientAutoConfiguration'
2025-04-26T22:20:20.514+02:00 TRACE 13448 --- [api-gateway] [    Test worker] o.s.b.f.s.DefaultListableBeanFactory     : Returning cached instance of singleton bean 'preFilterAuthorizationAdvisor'
2025-04-26T22:20:20.514+02:00 TRACE 13448 --- [api-gateway] [    Test worker] o.s.b.f.s.DefaultListableBeanFactory     : Returning cached instance of singleton bean 'preAuthorizeAuthorizationAdvisor'
2025-04-26T22:20:20.514+02:00 TRACE 13448 --- [api-gateway] [    Test worker] o.s.b.f.s.DefaultListableBeanFactory     : Returning cached instance of singleton bean 'postFilterAuthorizationAdvisor'
2025-04-26T22:20:20.514+02:00 TRACE 13448 --- [api-gateway] [    Test worker] o.s.b.f.s.DefaultListableBeanFactory     : Returning cached instance of singleton bean 'postAuthorizeAuthorizationAdvisor'
2025-04-26T22:20:20.514+02:00 TRACE 13448 --- [api-gateway] [    Test worker] o.s.b.f.s.DefaultListableBeanFactory     : Returning cached instance of singleton bean 'jsr250AuthorizationAdvisor'
2025-04-26T22:20:20.514+02:00 TRACE 13448 --- [api-gateway] [    Test worker] o.s.b.f.s.DefaultListableBeanFactory     : Returning cached instance of singleton bean 'authorizeReturnObjectAdvisor'
2025-04-26T22:20:20.514+02:00 TRACE 13448 --- [api-gateway] [    Test worker] o.s.b.f.s.DefaultListableBeanFactory     : Finished creating instance of bean 'eurekaFeature'
2025-04-26T22:20:20.514+02:00 TRACE 13448 --- [api-gateway] [    Test worker] o.s.b.f.s.DefaultListableBeanFactory     : Returning cached instance of singleton bean 'eurekaClientConfigBean'
2025-04-26T22:20:20.514+02:00 TRACE 13448 --- [api-gateway] [    Test worker] o.s.b.f.s.DefaultListableBeanFactory     : Returning cached instance of singleton bean 'serviceManagementMetadataProvider'
2025-04-26T22:20:20.514+02:00 TRACE 13448 --- [api-gateway] [    Test worker] o.s.b.f.s.DefaultListableBeanFactory     : Returning cached instance of singleton bean 'eurekaInstanceConfigBean'
2025-04-26T22:20:20.514+02:00 TRACE 13448 --- [api-gateway] [    Test worker] o.s.b.f.s.DefaultListableBeanFactory     : Returning cached instance of singleton bean 'eurekaServiceRegistry'
2025-04-26T22:20:20.514+02:00 TRACE 13448 --- [api-gateway] [    Test worker] o.s.b.f.s.DefaultListableBeanFactory     : Returning cached instance of singleton bean 'eurekaAutoServiceRegistration'
2025-04-26T22:20:20.514+02:00 DEBUG 13448 --- [api-gateway] [    Test worker] o.s.b.f.s.DefaultListableBeanFactory     : Creating shared instance of singleton bean 'org.springframework.cloud.client.CommonsClientAutoConfiguration'
2025-04-26T22:20:20.514+02:00 TRACE 13448 --- [api-gateway] [    Test worker] o.s.b.f.s.DefaultListableBeanFactory     : Creating instance of bean 'org.springframework.cloud.client.CommonsClientAutoConfiguration'
2025-04-26T22:20:20.515+02:00 TRACE 13448 --- [api-gateway] [    Test worker] o.s.b.f.s.DefaultListableBeanFactory     : Returning cached instance of singleton bean 'preFilterAuthorizationAdvisor'
2025-04-26T22:20:20.515+02:00 TRACE 13448 --- [api-gateway] [    Test worker] o.s.b.f.s.DefaultListableBeanFactory     : Returning cached instance of singleton bean 'preAuthorizeAuthorizationAdvisor'
2025-04-26T22:20:20.515+02:00 TRACE 13448 --- [api-gateway] [    Test worker] o.s.b.f.s.DefaultListableBeanFactory     : Returning cached instance of singleton bean 'postFilterAuthorizationAdvisor'
2025-04-26T22:20:20.515+02:00 TRACE 13448 --- [api-gateway] [    Test worker] o.s.b.f.s.DefaultListableBeanFactory     : Returning cached instance of singleton bean 'postAuthorizeAuthorizationAdvisor'
2025-04-26T22:20:20.515+02:00 TRACE 13448 --- [api-gateway] [    Test worker] o.s.b.f.s.DefaultListableBeanFactory     : Returning cached instance of singleton bean 'jsr250AuthorizationAdvisor'
2025-04-26T22:20:20.515+02:00 TRACE 13448 --- [api-gateway] [    Test worker] o.s.b.f.s.DefaultListableBeanFactory     : Returning cached instance of singleton bean 'authorizeReturnObjectAdvisor'
2025-04-26T22:20:20.515+02:00 TRACE 13448 --- [api-gateway] [    Test worker] o.s.b.f.s.DefaultListableBeanFactory     : Finished creating instance of bean 'org.springframework.cloud.client.CommonsClientAutoConfiguration'
2025-04-26T22:20:20.515+02:00 DEBUG 13448 --- [api-gateway] [    Test worker] o.s.b.f.s.DefaultListableBeanFactory     : Creating shared instance of singleton bean 'org.springframework.cloud.client.discovery.composite.reactive.ReactiveCompositeDiscoveryClientAutoConfiguration'
2025-04-26T22:20:20.515+02:00 TRACE 13448 --- [api-gateway] [    Test worker] o.s.b.f.s.DefaultListableBeanFactory     : Creating instance of bean 'org.springframework.cloud.client.discovery.composite.reactive.ReactiveCompositeDiscoveryClientAutoConfiguration'
2025-04-26T22:20:20.515+02:00 TRACE 13448 --- [api-gateway] [    Test worker] o.s.b.f.s.DefaultListableBeanFactory     : Returning cached instance of singleton bean 'preFilterAuthorizationAdvisor'
2025-04-26T22:20:20.515+02:00 TRACE 13448 --- [api-gateway] [    Test worker] o.s.b.f.s.DefaultListableBeanFactory     : Returning cached instance of singleton bean 'preAuthorizeAuthorizationAdvisor'
2025-04-26T22:20:20.515+02:00 TRACE 13448 --- [api-gateway] [    Test worker] o.s.b.f.s.DefaultListableBeanFactory     : Returning cached instance of singleton bean 'postFilterAuthorizationAdvisor'
2025-04-26T22:20:20.515+02:00 TRACE 13448 --- [api-gateway] [    Test worker] o.s.b.f.s.DefaultListableBeanFactory     : Returning cached instance of singleton bean 'postAuthorizeAuthorizationAdvisor'
2025-04-26T22:20:20.515+02:00 TRACE 13448 --- [api-gateway] [    Test worker] o.s.b.f.s.DefaultListableBeanFactory     : Returning cached instance of singleton bean 'jsr250AuthorizationAdvisor'
2025-04-26T22:20:20.515+02:00 TRACE 13448 --- [api-gateway] [    Test worker] o.s.b.f.s.DefaultListableBeanFactory     : Returning cached instance of singleton bean 'authorizeReturnObjectAdvisor'
2025-04-26T22:20:20.515+02:00 TRACE 13448 --- [api-gateway] [    Test worker] o.s.b.f.s.DefaultListableBeanFactory     : Finished creating instance of bean 'org.springframework.cloud.client.discovery.composite.reactive.ReactiveCompositeDiscoveryClientAutoConfiguration'
2025-04-26T22:20:20.515+02:00 DEBUG 13448 --- [api-gateway] [    Test worker] o.s.b.f.s.DefaultListableBeanFactory     : Creating shared instance of singleton bean 'reactiveCompositeDiscoveryClient'
2025-04-26T22:20:20.515+02:00 TRACE 13448 --- [api-gateway] [    Test worker] o.s.b.f.s.DefaultListableBeanFactory     : Creating instance of bean 'reactiveCompositeDiscoveryClient'
2025-04-26T22:20:20.515+02:00 TRACE 13448 --- [api-gateway] [    Test worker] o.s.b.f.s.DefaultListableBeanFactory     : Returning cached instance of singleton bean 'org.springframework.cloud.client.discovery.composite.reactive.ReactiveCompositeDiscoveryClientAutoConfiguration'
2025-04-26T22:20:20.516+02:00 DEBUG 13448 --- [api-gateway] [    Test worker] o.s.b.f.s.DefaultListableBeanFactory     : Creating shared instance of singleton bean 'simpleReactiveDiscoveryClient'
2025-04-26T22:20:20.516+02:00 TRACE 13448 --- [api-gateway] [    Test worker] o.s.b.f.s.DefaultListableBeanFactory     : Creating instance of bean 'simpleReactiveDiscoveryClient'
2025-04-26T22:20:20.516+02:00 DEBUG 13448 --- [api-gateway] [    Test worker] o.s.b.f.s.DefaultListableBeanFactory     : Creating shared instance of singleton bean 'org.springframework.cloud.client.discovery.simple.reactive.SimpleReactiveDiscoveryClientAutoConfiguration'
2025-04-26T22:20:20.516+02:00 TRACE 13448 --- [api-gateway] [    Test worker] o.s.b.f.s.DefaultListableBeanFactory     : Creating instance of bean 'org.springframework.cloud.client.discovery.simple.reactive.SimpleReactiveDiscoveryClientAutoConfiguration'
2025-04-26T22:20:20.516+02:00 TRACE 13448 --- [api-gateway] [    Test worker] o.s.b.f.s.DefaultListableBeanFactory     : Returning cached instance of singleton bean 'server-org.springframework.boot.autoconfigure.web.ServerProperties'
2025-04-26T22:20:20.516+02:00 TRACE 13448 --- [api-gateway] [    Test worker] f.a.AutowiredAnnotationBeanPostProcessor : Autowiring by type from bean name 'org.springframework.cloud.client.discovery.simple.reactive.SimpleReactiveDiscoveryClientAutoConfiguration' to bean named 'server-org.springframework.boot.autoconfigure.web.ServerProperties'
2025-04-26T22:20:20.517+02:00 TRACE 13448 --- [api-gateway] [    Test worker] o.s.c.e.PropertySourcesPropertyResolver  : Searching for key 'spring.application.name:application' in PropertySource 'environmentProperties'
2025-04-26T22:20:20.517+02:00 TRACE 13448 --- [api-gateway] [    Test worker] ySourcesPropertyResolver$DefaultResolver : Searching for key 'spring.application.name:application' in PropertySource 'configurationProperties'
2025-04-26T22:20:20.517+02:00 TRACE 13448 --- [api-gateway] [    Test worker] ySourcesPropertyResolver$DefaultResolver : Searching for key 'spring.application.name:application' in PropertySource 'test'
2025-04-26T22:20:20.517+02:00 TRACE 13448 --- [api-gateway] [    Test worker] ySourcesPropertyResolver$DefaultResolver : Searching for key 'spring.application.name:application' in PropertySource 'gateway-properties'
2025-04-26T22:20:20.517+02:00 TRACE 13448 --- [api-gateway] [    Test worker] ySourcesPropertyResolver$DefaultResolver : Searching for key 'spring.application.name:application' in PropertySource 'Inlined Test Properties'
2025-04-26T22:20:20.517+02:00 TRACE 13448 --- [api-gateway] [    Test worker] ySourcesPropertyResolver$DefaultResolver : Searching for key 'spring.application.name:application' in PropertySource 'systemProperties'
2025-04-26T22:20:20.517+02:00 TRACE 13448 --- [api-gateway] [    Test worker] ySourcesPropertyResolver$DefaultResolver : Searching for key 'spring.application.name:application' in PropertySource 'systemEnvironment'
2025-04-26T22:20:20.517+02:00 TRACE 13448 --- [api-gateway] [    Test worker] ySourcesPropertyResolver$DefaultResolver : Searching for key 'spring.application.name:application' in PropertySource 'random'
2025-04-26T22:20:20.517+02:00 TRACE 13448 --- [api-gateway] [    Test worker] ySourcesPropertyResolver$DefaultResolver : Searching for key 'spring.application.name:application' in PropertySource 'cachedrandom'
2025-04-26T22:20:20.517+02:00 TRACE 13448 --- [api-gateway] [    Test worker] ySourcesPropertyResolver$DefaultResolver : Searching for key 'spring.application.name:application' in PropertySource 'Config resource 'class path resource [application.properties]' via location 'optional:classpath:/''
2025-04-26T22:20:20.517+02:00 TRACE 13448 --- [api-gateway] [    Test worker] ySourcesPropertyResolver$DefaultResolver : Searching for key 'spring.application.name:application' in PropertySource 'springCloudClientHostInfo'
2025-04-26T22:20:20.517+02:00 TRACE 13448 --- [api-gateway] [    Test worker] ySourcesPropertyResolver$DefaultResolver : Searching for key 'spring.application.name:application' in PropertySource 'applicationInfo'
2025-04-26T22:20:20.517+02:00 TRACE 13448 --- [api-gateway] [    Test worker] ySourcesPropertyResolver$DefaultResolver : Could not find key 'spring.application.name:application' in any property source
2025-04-26T22:20:20.517+02:00 TRACE 13448 --- [api-gateway] [    Test worker] o.s.c.e.PropertySourcesPropertyResolver  : Searching for key 'spring.application.name:application' in PropertySource 'localProperties'
2025-04-26T22:20:20.517+02:00 TRACE 13448 --- [api-gateway] [    Test worker] o.s.c.e.PropertySourcesPropertyResolver  : Could not find key 'spring.application.name:application' in any property source
2025-04-26T22:20:20.517+02:00 TRACE 13448 --- [api-gateway] [    Test worker] o.s.c.e.PropertySourcesPropertyResolver  : Searching for key 'spring.application.name' in PropertySource 'environmentProperties'
2025-04-26T22:20:20.517+02:00 DEBUG 13448 --- [api-gateway] [    Test worker] o.s.c.e.PropertySourcesPropertyResolver  : Found key 'spring.application.name' in PropertySource 'environmentProperties' with value of type String
2025-04-26T22:20:20.517+02:00 TRACE 13448 --- [api-gateway] [    Test worker] o.s.util.PlaceholderParser               : Resolved placeholder 'spring.application.name'
2025-04-26T22:20:20.518+02:00 TRACE 13448 --- [api-gateway] [    Test worker] o.s.b.f.s.DefaultListableBeanFactory     : Returning cached instance of singleton bean 'inetUtils'
2025-04-26T22:20:20.518+02:00 TRACE 13448 --- [api-gateway] [    Test worker] f.a.AutowiredAnnotationBeanPostProcessor : Autowiring by type from bean name 'org.springframework.cloud.client.discovery.simple.reactive.SimpleReactiveDiscoveryClientAutoConfiguration' to bean named 'inetUtils'
2025-04-26T22:20:20.518+02:00 TRACE 13448 --- [api-gateway] [    Test worker] o.s.b.f.s.DefaultListableBeanFactory     : Returning cached instance of singleton bean 'preFilterAuthorizationAdvisor'
2025-04-26T22:20:20.518+02:00 TRACE 13448 --- [api-gateway] [    Test worker] o.s.b.f.s.DefaultListableBeanFactory     : Returning cached instance of singleton bean 'preAuthorizeAuthorizationAdvisor'
2025-04-26T22:20:20.518+02:00 TRACE 13448 --- [api-gateway] [    Test worker] o.s.b.f.s.DefaultListableBeanFactory     : Returning cached instance of singleton bean 'postFilterAuthorizationAdvisor'
2025-04-26T22:20:20.518+02:00 TRACE 13448 --- [api-gateway] [    Test worker] o.s.b.f.s.DefaultListableBeanFactory     : Returning cached instance of singleton bean 'postAuthorizeAuthorizationAdvisor'
2025-04-26T22:20:20.518+02:00 TRACE 13448 --- [api-gateway] [    Test worker] o.s.b.f.s.DefaultListableBeanFactory     : Returning cached instance of singleton bean 'jsr250AuthorizationAdvisor'
2025-04-26T22:20:20.518+02:00 TRACE 13448 --- [api-gateway] [    Test worker] o.s.b.f.s.DefaultListableBeanFactory     : Returning cached instance of singleton bean 'authorizeReturnObjectAdvisor'
2025-04-26T22:20:20.518+02:00 TRACE 13448 --- [api-gateway] [    Test worker] o.s.b.f.s.DefaultListableBeanFactory     : Finished creating instance of bean 'org.springframework.cloud.client.discovery.simple.reactive.SimpleReactiveDiscoveryClientAutoConfiguration'
2025-04-26T22:20:20.519+02:00 DEBUG 13448 --- [api-gateway] [    Test worker] o.s.b.f.s.DefaultListableBeanFactory     : Creating shared instance of singleton bean 'simpleReactiveDiscoveryProperties'
2025-04-26T22:20:20.519+02:00 TRACE 13448 --- [api-gateway] [    Test worker] o.s.b.f.s.DefaultListableBeanFactory     : Creating instance of bean 'simpleReactiveDiscoveryProperties'
2025-04-26T22:20:20.519+02:00 TRACE 13448 --- [api-gateway] [    Test worker] o.s.b.f.s.DefaultListableBeanFactory     : Returning cached instance of singleton bean 'org.springframework.cloud.client.discovery.simple.reactive.SimpleReactiveDiscoveryClientAutoConfiguration'
2025-04-26T22:20:20.529+02:00 TRACE 13448 --- [api-gateway] [    Test worker] o.s.cloud.commons.util.InetUtils         : Testing interface: Software Loopback Interface 1
2025-04-26T22:20:20.535+02:00 TRACE 13448 --- [api-gateway] [    Test worker] o.s.cloud.commons.util.InetUtils         : Testing interface: Intel(R) Wireless-AC 9560 160MHz
2025-04-26T22:20:20.535+02:00 TRACE 13448 --- [api-gateway] [    Test worker] o.s.cloud.commons.util.InetUtils         : Found non-loopback interface: Intel(R) Wireless-AC 9560 160MHz
2025-04-26T22:20:20.611+02:00 TRACE 13448 --- [api-gateway] [    Test worker] o.s.cloud.commons.util.InetUtils         : Testing interface: Hyper-V Virtual Ethernet Adapter
2025-04-26T22:20:20.627+02:00 TRACE 13448 --- [api-gateway] [    Test worker] o.s.b.f.s.DefaultListableBeanFactory     : Returning cached instance of singleton bean 'org.springframework.boot.context.properties.BoundConfigurationProperties'
2025-04-26T22:20:20.627+02:00 TRACE 13448 --- [api-gateway] [    Test worker] o.s.b.f.s.DefaultListableBeanFactory     : Invoking afterPropertiesSet() on bean with name 'simpleReactiveDiscoveryProperties'
2025-04-26T22:20:20.628+02:00 TRACE 13448 --- [api-gateway] [    Test worker] o.s.b.f.s.DefaultListableBeanFactory     : Returning cached instance of singleton bean 'preFilterAuthorizationAdvisor'
2025-04-26T22:20:20.628+02:00 TRACE 13448 --- [api-gateway] [    Test worker] o.s.b.f.s.DefaultListableBeanFactory     : Returning cached instance of singleton bean 'preAuthorizeAuthorizationAdvisor'
2025-04-26T22:20:20.628+02:00 TRACE 13448 --- [api-gateway] [    Test worker] o.s.b.f.s.DefaultListableBeanFactory     : Returning cached instance of singleton bean 'postFilterAuthorizationAdvisor'
2025-04-26T22:20:20.628+02:00 TRACE 13448 --- [api-gateway] [    Test worker] o.s.b.f.s.DefaultListableBeanFactory     : Returning cached instance of singleton bean 'postAuthorizeAuthorizationAdvisor'
2025-04-26T22:20:20.628+02:00 TRACE 13448 --- [api-gateway] [    Test worker] o.s.b.f.s.DefaultListableBeanFactory     : Returning cached instance of singleton bean 'jsr250AuthorizationAdvisor'
2025-04-26T22:20:20.628+02:00 TRACE 13448 --- [api-gateway] [    Test worker] o.s.b.f.s.DefaultListableBeanFactory     : Returning cached instance of singleton bean 'authorizeReturnObjectAdvisor'
2025-04-26T22:20:20.628+02:00 TRACE 13448 --- [api-gateway] [    Test worker] o.s.b.f.s.DefaultListableBeanFactory     : Finished creating instance of bean 'simpleReactiveDiscoveryProperties'
2025-04-26T22:20:20.628+02:00 DEBUG 13448 --- [api-gateway] [    Test worker] o.s.b.f.s.DefaultListableBeanFactory     : Autowiring by type from bean name 'simpleReactiveDiscoveryClient' via factory method to bean named 'simpleReactiveDiscoveryProperties'
2025-04-26T22:20:20.628+02:00 TRACE 13448 --- [api-gateway] [    Test worker] o.s.b.f.s.DefaultListableBeanFactory     : Returning cached instance of singleton bean 'preFilterAuthorizationAdvisor'
2025-04-26T22:20:20.628+02:00 TRACE 13448 --- [api-gateway] [    Test worker] o.s.b.f.s.DefaultListableBeanFactory     : Returning cached instance of singleton bean 'preAuthorizeAuthorizationAdvisor'
2025-04-26T22:20:20.628+02:00 TRACE 13448 --- [api-gateway] [    Test worker] o.s.b.f.s.DefaultListableBeanFactory     : Returning cached instance of singleton bean 'postFilterAuthorizationAdvisor'
2025-04-26T22:20:20.628+02:00 TRACE 13448 --- [api-gateway] [    Test worker] o.s.b.f.s.DefaultListableBeanFactory     : Returning cached instance of singleton bean 'postAuthorizeAuthorizationAdvisor'
2025-04-26T22:20:20.628+02:00 TRACE 13448 --- [api-gateway] [    Test worker] o.s.b.f.s.DefaultListableBeanFactory     : Returning cached instance of singleton bean 'jsr250AuthorizationAdvisor'
2025-04-26T22:20:20.628+02:00 TRACE 13448 --- [api-gateway] [    Test worker] o.s.b.f.s.DefaultListableBeanFactory     : Returning cached instance of singleton bean 'authorizeReturnObjectAdvisor'
2025-04-26T22:20:20.629+02:00 TRACE 13448 --- [api-gateway] [    Test worker] o.s.b.f.s.DefaultListableBeanFactory     : Finished creating instance of bean 'simpleReactiveDiscoveryClient'
2025-04-26T22:20:20.629+02:00 DEBUG 13448 --- [api-gateway] [    Test worker] o.s.b.f.s.DefaultListableBeanFactory     : Creating shared instance of singleton bean 'eurekaReactiveDiscoveryClient'
2025-04-26T22:20:20.629+02:00 TRACE 13448 --- [api-gateway] [    Test worker] o.s.b.f.s.DefaultListableBeanFactory     : Creating instance of bean 'eurekaReactiveDiscoveryClient'
2025-04-26T22:20:20.629+02:00 DEBUG 13448 --- [api-gateway] [    Test worker] o.s.b.f.s.DefaultListableBeanFactory     : Creating shared instance of singleton bean 'org.springframework.cloud.netflix.eureka.reactive.EurekaReactiveDiscoveryClientConfiguration'
2025-04-26T22:20:20.629+02:00 TRACE 13448 --- [api-gateway] [    Test worker] o.s.b.f.s.DefaultListableBeanFactory     : Creating instance of bean 'org.springframework.cloud.netflix.eureka.reactive.EurekaReactiveDiscoveryClientConfiguration'
2025-04-26T22:20:20.630+02:00 TRACE 13448 --- [api-gateway] [    Test worker] o.s.b.f.s.DefaultListableBeanFactory     : Returning cached instance of singleton bean 'preFilterAuthorizationAdvisor'
2025-04-26T22:20:20.630+02:00 TRACE 13448 --- [api-gateway] [    Test worker] o.s.b.f.s.DefaultListableBeanFactory     : Returning cached instance of singleton bean 'preAuthorizeAuthorizationAdvisor'
2025-04-26T22:20:20.630+02:00 TRACE 13448 --- [api-gateway] [    Test worker] o.s.b.f.s.DefaultListableBeanFactory     : Returning cached instance of singleton bean 'postFilterAuthorizationAdvisor'
2025-04-26T22:20:20.630+02:00 TRACE 13448 --- [api-gateway] [    Test worker] o.s.b.f.s.DefaultListableBeanFactory     : Returning cached instance of singleton bean 'postAuthorizeAuthorizationAdvisor'
2025-04-26T22:20:20.630+02:00 TRACE 13448 --- [api-gateway] [    Test worker] o.s.b.f.s.DefaultListableBeanFactory     : Returning cached instance of singleton bean 'jsr250AuthorizationAdvisor'
2025-04-26T22:20:20.630+02:00 TRACE 13448 --- [api-gateway] [    Test worker] o.s.b.f.s.DefaultListableBeanFactory     : Returning cached instance of singleton bean 'authorizeReturnObjectAdvisor'
2025-04-26T22:20:20.630+02:00 TRACE 13448 --- [api-gateway] [    Test worker] o.s.b.f.s.DefaultListableBeanFactory     : Finished creating instance of bean 'org.springframework.cloud.netflix.eureka.reactive.EurekaReactiveDiscoveryClientConfiguration'
2025-04-26T22:20:20.630+02:00 TRACE 13448 --- [api-gateway] [    Test worker] o.s.b.f.s.DefaultListableBeanFactory     : Returning cached instance of singleton bean 'eurekaClient'
2025-04-26T22:20:20.630+02:00 TRACE 13448 --- [api-gateway] [    Test worker] o.s.b.f.s.DefaultListableBeanFactory     : Returning cached instance of singleton bean 'eurekaClientConfigBean'
2025-04-26T22:20:20.630+02:00 DEBUG 13448 --- [api-gateway] [    Test worker] o.s.b.f.s.DefaultListableBeanFactory     : Autowiring by type from bean name 'eurekaReactiveDiscoveryClient' via factory method to bean named 'eurekaClient'
2025-04-26T22:20:20.630+02:00 DEBUG 13448 --- [api-gateway] [    Test worker] o.s.b.f.s.DefaultListableBeanFactory     : Autowiring by type from bean name 'eurekaReactiveDiscoveryClient' via factory method to bean named 'eurekaClientConfigBean'
2025-04-26T22:20:20.631+02:00 TRACE 13448 --- [api-gateway] [    Test worker] o.s.b.f.s.DefaultListableBeanFactory     : Returning cached instance of singleton bean 'preFilterAuthorizationAdvisor'
2025-04-26T22:20:20.631+02:00 TRACE 13448 --- [api-gateway] [    Test worker] o.s.b.f.s.DefaultListableBeanFactory     : Returning cached instance of singleton bean 'preAuthorizeAuthorizationAdvisor'
2025-04-26T22:20:20.631+02:00 TRACE 13448 --- [api-gateway] [    Test worker] o.s.b.f.s.DefaultListableBeanFactory     : Returning cached instance of singleton bean 'postFilterAuthorizationAdvisor'
2025-04-26T22:20:20.631+02:00 TRACE 13448 --- [api-gateway] [    Test worker] o.s.b.f.s.DefaultListableBeanFactory     : Returning cached instance of singleton bean 'postAuthorizeAuthorizationAdvisor'
2025-04-26T22:20:20.631+02:00 TRACE 13448 --- [api-gateway] [    Test worker] o.s.b.f.s.DefaultListableBeanFactory     : Returning cached instance of singleton bean 'jsr250AuthorizationAdvisor'
2025-04-26T22:20:20.631+02:00 TRACE 13448 --- [api-gateway] [    Test worker] o.s.b.f.s.DefaultListableBeanFactory     : Returning cached instance of singleton bean 'authorizeReturnObjectAdvisor'
2025-04-26T22:20:20.631+02:00 TRACE 13448 --- [api-gateway] [    Test worker] o.s.b.f.s.DefaultListableBeanFactory     : Finished creating instance of bean 'eurekaReactiveDiscoveryClient'
2025-04-26T22:20:20.631+02:00 DEBUG 13448 --- [api-gateway] [    Test worker] o.s.b.f.s.DefaultListableBeanFactory     : Autowiring by type from bean name 'reactiveCompositeDiscoveryClient' via factory method to bean named 'simpleReactiveDiscoveryClient'
2025-04-26T22:20:20.631+02:00 DEBUG 13448 --- [api-gateway] [    Test worker] o.s.b.f.s.DefaultListableBeanFactory     : Autowiring by type from bean name 'reactiveCompositeDiscoveryClient' via factory method to bean named 'eurekaReactiveDiscoveryClient'
2025-04-26T22:20:20.631+02:00 TRACE 13448 --- [api-gateway] [    Test worker] o.s.b.f.s.DefaultListableBeanFactory     : Returning cached instance of singleton bean 'preFilterAuthorizationAdvisor'
2025-04-26T22:20:20.631+02:00 TRACE 13448 --- [api-gateway] [    Test worker] o.s.b.f.s.DefaultListableBeanFactory     : Returning cached instance of singleton bean 'preAuthorizeAuthorizationAdvisor'
2025-04-26T22:20:20.631+02:00 TRACE 13448 --- [api-gateway] [    Test worker] o.s.b.f.s.DefaultListableBeanFactory     : Returning cached instance of singleton bean 'postFilterAuthorizationAdvisor'
2025-04-26T22:20:20.631+02:00 TRACE 13448 --- [api-gateway] [    Test worker] o.s.b.f.s.DefaultListableBeanFactory     : Returning cached instance of singleton bean 'postAuthorizeAuthorizationAdvisor'
2025-04-26T22:20:20.631+02:00 TRACE 13448 --- [api-gateway] [    Test worker] o.s.b.f.s.DefaultListableBeanFactory     : Returning cached instance of singleton bean 'jsr250AuthorizationAdvisor'
2025-04-26T22:20:20.631+02:00 TRACE 13448 --- [api-gateway] [    Test worker] o.s.b.f.s.DefaultListableBeanFactory     : Returning cached instance of singleton bean 'authorizeReturnObjectAdvisor'
2025-04-26T22:20:20.632+02:00 TRACE 13448 --- [api-gateway] [    Test worker] o.s.b.f.s.DefaultListableBeanFactory     : Finished creating instance of bean 'reactiveCompositeDiscoveryClient'
2025-04-26T22:20:20.632+02:00 TRACE 13448 --- [api-gateway] [    Test worker] o.s.b.f.s.DefaultListableBeanFactory     : Returning cached instance of singleton bean 'org.springframework.cloud.client.discovery.simple.reactive.SimpleReactiveDiscoveryClientAutoConfiguration'
2025-04-26T22:20:20.632+02:00 TRACE 13448 --- [api-gateway] [    Test worker] o.s.b.f.s.DefaultListableBeanFactory     : Returning cached instance of singleton bean 'simpleReactiveDiscoveryProperties'
2025-04-26T22:20:20.632+02:00 TRACE 13448 --- [api-gateway] [    Test worker] o.s.b.f.s.DefaultListableBeanFactory     : Returning cached instance of singleton bean 'simpleReactiveDiscoveryClient'
2025-04-26T22:20:20.632+02:00 DEBUG 13448 --- [api-gateway] [    Test worker] o.s.b.f.s.DefaultListableBeanFactory     : Creating shared instance of singleton bean 'spring.cloud.discovery.client.health-indicator-org.springframework.cloud.client.discovery.health.DiscoveryClientHealthIndicatorProperties'
2025-04-26T22:20:20.632+02:00 TRACE 13448 --- [api-gateway] [    Test worker] o.s.b.f.s.DefaultListableBeanFactory     : Creating instance of bean 'spring.cloud.discovery.client.health-indicator-org.springframework.cloud.client.discovery.health.DiscoveryClientHealthIndicatorProperties'
2025-04-26T22:20:20.632+02:00 TRACE 13448 --- [api-gateway] [    Test worker] o.s.b.f.s.DefaultListableBeanFactory     : Returning cached instance of singleton bean 'org.springframework.boot.context.properties.BoundConfigurationProperties'
2025-04-26T22:20:20.633+02:00 TRACE 13448 --- [api-gateway] [    Test worker] o.s.b.f.s.DefaultListableBeanFactory     : Returning cached instance of singleton bean 'preFilterAuthorizationAdvisor'
2025-04-26T22:20:20.633+02:00 TRACE 13448 --- [api-gateway] [    Test worker] o.s.b.f.s.DefaultListableBeanFactory     : Returning cached instance of singleton bean 'preAuthorizeAuthorizationAdvisor'
2025-04-26T22:20:20.633+02:00 TRACE 13448 --- [api-gateway] [    Test worker] o.s.b.f.s.DefaultListableBeanFactory     : Returning cached instance of singleton bean 'postFilterAuthorizationAdvisor'
2025-04-26T22:20:20.633+02:00 TRACE 13448 --- [api-gateway] [    Test worker] o.s.b.f.s.DefaultListableBeanFactory     : Returning cached instance of singleton bean 'postAuthorizeAuthorizationAdvisor'
2025-04-26T22:20:20.633+02:00 TRACE 13448 --- [api-gateway] [    Test worker] o.s.b.f.s.DefaultListableBeanFactory     : Returning cached instance of singleton bean 'jsr250AuthorizationAdvisor'
2025-04-26T22:20:20.633+02:00 TRACE 13448 --- [api-gateway] [    Test worker] o.s.b.f.s.DefaultListableBeanFactory     : Returning cached instance of singleton bean 'authorizeReturnObjectAdvisor'
2025-04-26T22:20:20.633+02:00 TRACE 13448 --- [api-gateway] [    Test worker] o.s.b.f.s.DefaultListableBeanFactory     : Finished creating instance of bean 'spring.cloud.discovery.client.health-indicator-org.springframework.cloud.client.discovery.health.DiscoveryClientHealthIndicatorProperties'
2025-04-26T22:20:20.633+02:00 TRACE 13448 --- [api-gateway] [    Test worker] o.s.b.f.s.DefaultListableBeanFactory     : Returning cached instance of singleton bean 'org.springframework.cloud.netflix.eureka.reactive.EurekaReactiveDiscoveryClientConfiguration'
2025-04-26T22:20:20.633+02:00 TRACE 13448 --- [api-gateway] [    Test worker] o.s.b.f.s.DefaultListableBeanFactory     : Returning cached instance of singleton bean 'eurekaReactiveDiscoveryClient'
2025-04-26T22:20:20.633+02:00 DEBUG 13448 --- [api-gateway] [    Test worker] o.s.b.f.s.DefaultListableBeanFactory     : Creating shared instance of singleton bean 'org.springframework.cloud.client.ReactiveCommonsClientAutoConfiguration'
2025-04-26T22:20:20.633+02:00 TRACE 13448 --- [api-gateway] [    Test worker] o.s.b.f.s.DefaultListableBeanFactory     : Creating instance of bean 'org.springframework.cloud.client.ReactiveCommonsClientAutoConfiguration'
2025-04-26T22:20:20.633+02:00 TRACE 13448 --- [api-gateway] [    Test worker] o.s.b.f.s.DefaultListableBeanFactory     : Returning cached instance of singleton bean 'preFilterAuthorizationAdvisor'
2025-04-26T22:20:20.633+02:00 TRACE 13448 --- [api-gateway] [    Test worker] o.s.b.f.s.DefaultListableBeanFactory     : Returning cached instance of singleton bean 'preAuthorizeAuthorizationAdvisor'
2025-04-26T22:20:20.633+02:00 TRACE 13448 --- [api-gateway] [    Test worker] o.s.b.f.s.DefaultListableBeanFactory     : Returning cached instance of singleton bean 'postFilterAuthorizationAdvisor'
2025-04-26T22:20:20.633+02:00 TRACE 13448 --- [api-gateway] [    Test worker] o.s.b.f.s.DefaultListableBeanFactory     : Returning cached instance of singleton bean 'postAuthorizeAuthorizationAdvisor'
2025-04-26T22:20:20.633+02:00 TRACE 13448 --- [api-gateway] [    Test worker] o.s.b.f.s.DefaultListableBeanFactory     : Returning cached instance of singleton bean 'jsr250AuthorizationAdvisor'
2025-04-26T22:20:20.633+02:00 TRACE 13448 --- [api-gateway] [    Test worker] o.s.b.f.s.DefaultListableBeanFactory     : Returning cached instance of singleton bean 'authorizeReturnObjectAdvisor'
2025-04-26T22:20:20.633+02:00 TRACE 13448 --- [api-gateway] [    Test worker] o.s.b.f.s.DefaultListableBeanFactory     : Finished creating instance of bean 'org.springframework.cloud.client.ReactiveCommonsClientAutoConfiguration'
2025-04-26T22:20:20.633+02:00 DEBUG 13448 --- [api-gateway] [    Test worker] o.s.b.f.s.DefaultListableBeanFactory     : Creating shared instance of singleton bean 'org.springframework.cloud.loadbalancer.config.BlockingLoadBalancerClientAutoConfiguration'
2025-04-26T22:20:20.633+02:00 TRACE 13448 --- [api-gateway] [    Test worker] o.s.b.f.s.DefaultListableBeanFactory     : Creating instance of bean 'org.springframework.cloud.loadbalancer.config.BlockingLoadBalancerClientAutoConfiguration'
2025-04-26T22:20:20.634+02:00 TRACE 13448 --- [api-gateway] [    Test worker] o.s.b.f.s.DefaultListableBeanFactory     : Returning cached instance of singleton bean 'preFilterAuthorizationAdvisor'
2025-04-26T22:20:20.634+02:00 TRACE 13448 --- [api-gateway] [    Test worker] o.s.b.f.s.DefaultListableBeanFactory     : Returning cached instance of singleton bean 'preAuthorizeAuthorizationAdvisor'
2025-04-26T22:20:20.634+02:00 TRACE 13448 --- [api-gateway] [    Test worker] o.s.b.f.s.DefaultListableBeanFactory     : Returning cached instance of singleton bean 'postFilterAuthorizationAdvisor'
2025-04-26T22:20:20.634+02:00 TRACE 13448 --- [api-gateway] [    Test worker] o.s.b.f.s.DefaultListableBeanFactory     : Returning cached instance of singleton bean 'postAuthorizeAuthorizationAdvisor'
2025-04-26T22:20:20.634+02:00 TRACE 13448 --- [api-gateway] [    Test worker] o.s.b.f.s.DefaultListableBeanFactory     : Returning cached instance of singleton bean 'jsr250AuthorizationAdvisor'
2025-04-26T22:20:20.634+02:00 TRACE 13448 --- [api-gateway] [    Test worker] o.s.b.f.s.DefaultListableBeanFactory     : Returning cached instance of singleton bean 'authorizeReturnObjectAdvisor'
2025-04-26T22:20:20.634+02:00 TRACE 13448 --- [api-gateway] [    Test worker] o.s.b.f.s.DefaultListableBeanFactory     : Finished creating instance of bean 'org.springframework.cloud.loadbalancer.config.BlockingLoadBalancerClientAutoConfiguration'
2025-04-26T22:20:20.634+02:00 DEBUG 13448 --- [api-gateway] [    Test worker] o.s.b.f.s.DefaultListableBeanFactory     : Creating shared instance of singleton bean 'blockingLoadBalancerClient'
2025-04-26T22:20:20.634+02:00 TRACE 13448 --- [api-gateway] [    Test worker] o.s.b.f.s.DefaultListableBeanFactory     : Creating instance of bean 'blockingLoadBalancerClient'
2025-04-26T22:20:20.634+02:00 TRACE 13448 --- [api-gateway] [    Test worker] o.s.b.f.s.DefaultListableBeanFactory     : Returning cached instance of singleton bean 'org.springframework.cloud.loadbalancer.config.BlockingLoadBalancerClientAutoConfiguration'
2025-04-26T22:20:20.634+02:00 TRACE 13448 --- [api-gateway] [    Test worker] o.s.b.f.s.DefaultListableBeanFactory     : Returning cached instance of singleton bean 'loadBalancerClientFactory'
2025-04-26T22:20:20.634+02:00 DEBUG 13448 --- [api-gateway] [    Test worker] o.s.b.f.s.DefaultListableBeanFactory     : Autowiring by type from bean name 'blockingLoadBalancerClient' via factory method to bean named 'loadBalancerClientFactory'
2025-04-26T22:20:20.637+02:00 TRACE 13448 --- [api-gateway] [    Test worker] o.s.b.f.s.DefaultListableBeanFactory     : Returning cached instance of singleton bean 'preFilterAuthorizationAdvisor'
2025-04-26T22:20:20.637+02:00 TRACE 13448 --- [api-gateway] [    Test worker] o.s.b.f.s.DefaultListableBeanFactory     : Returning cached instance of singleton bean 'preAuthorizeAuthorizationAdvisor'
2025-04-26T22:20:20.637+02:00 TRACE 13448 --- [api-gateway] [    Test worker] o.s.b.f.s.DefaultListableBeanFactory     : Returning cached instance of singleton bean 'postFilterAuthorizationAdvisor'
2025-04-26T22:20:20.637+02:00 TRACE 13448 --- [api-gateway] [    Test worker] o.s.b.f.s.DefaultListableBeanFactory     : Returning cached instance of singleton bean 'postAuthorizeAuthorizationAdvisor'
2025-04-26T22:20:20.637+02:00 TRACE 13448 --- [api-gateway] [    Test worker] o.s.b.f.s.DefaultListableBeanFactory     : Returning cached instance of singleton bean 'jsr250AuthorizationAdvisor'
2025-04-26T22:20:20.637+02:00 TRACE 13448 --- [api-gateway] [    Test worker] o.s.b.f.s.DefaultListableBeanFactory     : Returning cached instance of singleton bean 'authorizeReturnObjectAdvisor'
2025-04-26T22:20:20.638+02:00 TRACE 13448 --- [api-gateway] [    Test worker] o.s.b.f.s.DefaultListableBeanFactory     : Finished creating instance of bean 'blockingLoadBalancerClient'
2025-04-26T22:20:20.638+02:00 DEBUG 13448 --- [api-gateway] [    Test worker] o.s.b.f.s.DefaultListableBeanFactory     : Creating shared instance of singleton bean 'loadBalancerServiceInstanceCookieTransformer'
2025-04-26T22:20:20.638+02:00 TRACE 13448 --- [api-gateway] [    Test worker] o.s.b.f.s.DefaultListableBeanFactory     : Creating instance of bean 'loadBalancerServiceInstanceCookieTransformer'
2025-04-26T22:20:20.638+02:00 TRACE 13448 --- [api-gateway] [    Test worker] o.s.b.f.s.DefaultListableBeanFactory     : Returning cached instance of singleton bean 'org.springframework.cloud.loadbalancer.config.BlockingLoadBalancerClientAutoConfiguration'
2025-04-26T22:20:20.638+02:00 TRACE 13448 --- [api-gateway] [    Test worker] o.s.b.f.s.DefaultListableBeanFactory     : Returning cached instance of singleton bean 'loadBalancerClientFactory'
2025-04-26T22:20:20.638+02:00 DEBUG 13448 --- [api-gateway] [    Test worker] o.s.b.f.s.DefaultListableBeanFactory     : Autowiring by type from bean name 'loadBalancerServiceInstanceCookieTransformer' via factory method to bean named 'loadBalancerClientFactory'
2025-04-26T22:20:20.638+02:00 TRACE 13448 --- [api-gateway] [    Test worker] o.s.b.f.s.DefaultListableBeanFactory     : Returning cached instance of singleton bean 'preFilterAuthorizationAdvisor'
2025-04-26T22:20:20.638+02:00 TRACE 13448 --- [api-gateway] [    Test worker] o.s.b.f.s.DefaultListableBeanFactory     : Returning cached instance of singleton bean 'preAuthorizeAuthorizationAdvisor'
2025-04-26T22:20:20.638+02:00 TRACE 13448 --- [api-gateway] [    Test worker] o.s.b.f.s.DefaultListableBeanFactory     : Returning cached instance of singleton bean 'postFilterAuthorizationAdvisor'
2025-04-26T22:20:20.638+02:00 TRACE 13448 --- [api-gateway] [    Test worker] o.s.b.f.s.DefaultListableBeanFactory     : Returning cached instance of singleton bean 'postAuthorizeAuthorizationAdvisor'
2025-04-26T22:20:20.638+02:00 TRACE 13448 --- [api-gateway] [    Test worker] o.s.b.f.s.DefaultListableBeanFactory     : Returning cached instance of singleton bean 'jsr250AuthorizationAdvisor'
2025-04-26T22:20:20.638+02:00 TRACE 13448 --- [api-gateway] [    Test worker] o.s.b.f.s.DefaultListableBeanFactory     : Returning cached instance of singleton bean 'authorizeReturnObjectAdvisor'
2025-04-26T22:20:20.638+02:00 TRACE 13448 --- [api-gateway] [    Test worker] o.s.b.f.s.DefaultListableBeanFactory     : Finished creating instance of bean 'loadBalancerServiceInstanceCookieTransformer'
2025-04-26T22:20:20.639+02:00 DEBUG 13448 --- [api-gateway] [    Test worker] o.s.b.f.s.DefaultListableBeanFactory     : Creating shared instance of singleton bean 'xForwarderHeadersTransformer'
2025-04-26T22:20:20.639+02:00 TRACE 13448 --- [api-gateway] [    Test worker] o.s.b.f.s.DefaultListableBeanFactory     : Creating instance of bean 'xForwarderHeadersTransformer'
2025-04-26T22:20:20.639+02:00 TRACE 13448 --- [api-gateway] [    Test worker] o.s.b.f.s.DefaultListableBeanFactory     : Returning cached instance of singleton bean 'org.springframework.cloud.loadbalancer.config.BlockingLoadBalancerClientAutoConfiguration'
2025-04-26T22:20:20.639+02:00 TRACE 13448 --- [api-gateway] [    Test worker] o.s.b.f.s.DefaultListableBeanFactory     : Returning cached instance of singleton bean 'loadBalancerClientFactory'
2025-04-26T22:20:20.639+02:00 DEBUG 13448 --- [api-gateway] [    Test worker] o.s.b.f.s.DefaultListableBeanFactory     : Autowiring by type from bean name 'xForwarderHeadersTransformer' via factory method to bean named 'loadBalancerClientFactory'
2025-04-26T22:20:20.639+02:00 TRACE 13448 --- [api-gateway] [    Test worker] o.s.b.f.s.DefaultListableBeanFactory     : Returning cached instance of singleton bean 'preFilterAuthorizationAdvisor'
2025-04-26T22:20:20.639+02:00 TRACE 13448 --- [api-gateway] [    Test worker] o.s.b.f.s.DefaultListableBeanFactory     : Returning cached instance of singleton bean 'preAuthorizeAuthorizationAdvisor'
2025-04-26T22:20:20.639+02:00 TRACE 13448 --- [api-gateway] [    Test worker] o.s.b.f.s.DefaultListableBeanFactory     : Returning cached instance of singleton bean 'postFilterAuthorizationAdvisor'
2025-04-26T22:20:20.639+02:00 TRACE 13448 --- [api-gateway] [    Test worker] o.s.b.f.s.DefaultListableBeanFactory     : Returning cached instance of singleton bean 'postAuthorizeAuthorizationAdvisor'
2025-04-26T22:20:20.639+02:00 TRACE 13448 --- [api-gateway] [    Test worker] o.s.b.f.s.DefaultListableBeanFactory     : Returning cached instance of singleton bean 'jsr250AuthorizationAdvisor'
2025-04-26T22:20:20.639+02:00 TRACE 13448 --- [api-gateway] [    Test worker] o.s.b.f.s.DefaultListableBeanFactory     : Returning cached instance of singleton bean 'authorizeReturnObjectAdvisor'
2025-04-26T22:20:20.639+02:00 TRACE 13448 --- [api-gateway] [    Test worker] o.s.b.f.s.DefaultListableBeanFactory     : Finished creating instance of bean 'xForwarderHeadersTransformer'
2025-04-26T22:20:20.639+02:00 TRACE 13448 --- [api-gateway] [    Test worker] o.s.b.f.s.DefaultListableBeanFactory     : Returning cached instance of singleton bean 'default.org.springframework.cloud.loadbalancer.config.BlockingLoadBalancerClientAutoConfiguration.LoadBalancerClientSpecification'
2025-04-26T22:20:20.639+02:00 DEBUG 13448 --- [api-gateway] [    Test worker] o.s.b.f.s.DefaultListableBeanFactory     : Creating shared instance of singleton bean 'org.springframework.cloud.client.loadbalancer.LoadBalancerAutoConfiguration$LoadBalancerInterceptorConfig'
2025-04-26T22:20:20.639+02:00 TRACE 13448 --- [api-gateway] [    Test worker] o.s.b.f.s.DefaultListableBeanFactory     : Creating instance of bean 'org.springframework.cloud.client.loadbalancer.LoadBalancerAutoConfiguration$LoadBalancerInterceptorConfig'
2025-04-26T22:20:20.639+02:00 TRACE 13448 --- [api-gateway] [    Test worker] o.s.b.f.s.DefaultListableBeanFactory     : Returning cached instance of singleton bean 'preFilterAuthorizationAdvisor'
2025-04-26T22:20:20.639+02:00 TRACE 13448 --- [api-gateway] [    Test worker] o.s.b.f.s.DefaultListableBeanFactory     : Returning cached instance of singleton bean 'preAuthorizeAuthorizationAdvisor'
2025-04-26T22:20:20.639+02:00 TRACE 13448 --- [api-gateway] [    Test worker] o.s.b.f.s.DefaultListableBeanFactory     : Returning cached instance of singleton bean 'postFilterAuthorizationAdvisor'
2025-04-26T22:20:20.639+02:00 TRACE 13448 --- [api-gateway] [    Test worker] o.s.b.f.s.DefaultListableBeanFactory     : Returning cached instance of singleton bean 'postAuthorizeAuthorizationAdvisor'
2025-04-26T22:20:20.639+02:00 TRACE 13448 --- [api-gateway] [    Test worker] o.s.b.f.s.DefaultListableBeanFactory     : Returning cached instance of singleton bean 'jsr250AuthorizationAdvisor'
2025-04-26T22:20:20.639+02:00 TRACE 13448 --- [api-gateway] [    Test worker] o.s.b.f.s.DefaultListableBeanFactory     : Returning cached instance of singleton bean 'authorizeReturnObjectAdvisor'
2025-04-26T22:20:20.640+02:00 TRACE 13448 --- [api-gateway] [    Test worker] o.s.b.f.s.DefaultListableBeanFactory     : Finished creating instance of bean 'org.springframework.cloud.client.loadbalancer.LoadBalancerAutoConfiguration$LoadBalancerInterceptorConfig'
2025-04-26T22:20:20.640+02:00 DEBUG 13448 --- [api-gateway] [    Test worker] o.s.b.f.s.DefaultListableBeanFactory     : Creating shared instance of singleton bean 'loadBalancerInterceptor'
2025-04-26T22:20:20.640+02:00 TRACE 13448 --- [api-gateway] [    Test worker] o.s.b.f.s.DefaultListableBeanFactory     : Creating instance of bean 'loadBalancerInterceptor'
2025-04-26T22:20:20.640+02:00 TRACE 13448 --- [api-gateway] [    Test worker] o.s.b.f.s.DefaultListableBeanFactory     : Returning cached instance of singleton bean 'org.springframework.cloud.client.loadbalancer.LoadBalancerAutoConfiguration$LoadBalancerInterceptorConfig'
2025-04-26T22:20:20.640+02:00 TRACE 13448 --- [api-gateway] [    Test worker] o.s.b.f.s.DefaultListableBeanFactory     : Returning cached instance of singleton bean 'blockingLoadBalancerClient'
2025-04-26T22:20:20.641+02:00 DEBUG 13448 --- [api-gateway] [    Test worker] o.s.b.f.s.DefaultListableBeanFactory     : Creating shared instance of singleton bean 'loadBalancerRequestFactory'
2025-04-26T22:20:20.641+02:00 TRACE 13448 --- [api-gateway] [    Test worker] o.s.b.f.s.DefaultListableBeanFactory     : Creating instance of bean 'loadBalancerRequestFactory'
2025-04-26T22:20:20.641+02:00 DEBUG 13448 --- [api-gateway] [    Test worker] o.s.b.f.s.DefaultListableBeanFactory     : Creating shared instance of singleton bean 'org.springframework.cloud.client.loadbalancer.LoadBalancerAutoConfiguration'
2025-04-26T22:20:20.641+02:00 TRACE 13448 --- [api-gateway] [    Test worker] o.s.b.f.s.DefaultListableBeanFactory     : Creating instance of bean 'org.springframework.cloud.client.loadbalancer.LoadBalancerAutoConfiguration'
2025-04-26T22:20:20.641+02:00 TRACE 13448 --- [api-gateway] [    Test worker] o.s.b.f.s.DefaultListableBeanFactory     : Returning cached instance of singleton bean 'loadBalancerServiceInstanceCookieTransformer'
2025-04-26T22:20:20.642+02:00 TRACE 13448 --- [api-gateway] [    Test worker] o.s.b.f.s.DefaultListableBeanFactory     : Returning cached instance of singleton bean 'xForwarderHeadersTransformer'
2025-04-26T22:20:20.642+02:00 TRACE 13448 --- [api-gateway] [    Test worker] f.a.AutowiredAnnotationBeanPostProcessor : Autowiring by type from bean name 'org.springframework.cloud.client.loadbalancer.LoadBalancerAutoConfiguration' to bean named 'loadBalancerServiceInstanceCookieTransformer'
2025-04-26T22:20:20.642+02:00 TRACE 13448 --- [api-gateway] [    Test worker] f.a.AutowiredAnnotationBeanPostProcessor : Autowiring by type from bean name 'org.springframework.cloud.client.loadbalancer.LoadBalancerAutoConfiguration' to bean named 'xForwarderHeadersTransformer'
2025-04-26T22:20:20.642+02:00 TRACE 13448 --- [api-gateway] [    Test worker] o.s.b.f.s.DefaultListableBeanFactory     : Returning cached instance of singleton bean 'preFilterAuthorizationAdvisor'
2025-04-26T22:20:20.642+02:00 TRACE 13448 --- [api-gateway] [    Test worker] o.s.b.f.s.DefaultListableBeanFactory     : Returning cached instance of singleton bean 'preAuthorizeAuthorizationAdvisor'
2025-04-26T22:20:20.642+02:00 TRACE 13448 --- [api-gateway] [    Test worker] o.s.b.f.s.DefaultListableBeanFactory     : Returning cached instance of singleton bean 'postFilterAuthorizationAdvisor'
2025-04-26T22:20:20.642+02:00 TRACE 13448 --- [api-gateway] [    Test worker] o.s.b.f.s.DefaultListableBeanFactory     : Returning cached instance of singleton bean 'postAuthorizeAuthorizationAdvisor'
2025-04-26T22:20:20.642+02:00 TRACE 13448 --- [api-gateway] [    Test worker] o.s.b.f.s.DefaultListableBeanFactory     : Returning cached instance of singleton bean 'jsr250AuthorizationAdvisor'
2025-04-26T22:20:20.642+02:00 TRACE 13448 --- [api-gateway] [    Test worker] o.s.b.f.s.DefaultListableBeanFactory     : Returning cached instance of singleton bean 'authorizeReturnObjectAdvisor'
2025-04-26T22:20:20.642+02:00 TRACE 13448 --- [api-gateway] [    Test worker] o.s.b.f.s.DefaultListableBeanFactory     : Finished creating instance of bean 'org.springframework.cloud.client.loadbalancer.LoadBalancerAutoConfiguration'
2025-04-26T22:20:20.642+02:00 TRACE 13448 --- [api-gateway] [    Test worker] o.s.b.f.s.DefaultListableBeanFactory     : Returning cached instance of singleton bean 'blockingLoadBalancerClient'
2025-04-26T22:20:20.643+02:00 DEBUG 13448 --- [api-gateway] [    Test worker] o.s.b.f.s.DefaultListableBeanFactory     : Autowiring by type from bean name 'loadBalancerRequestFactory' via factory method to bean named 'blockingLoadBalancerClient'
2025-04-26T22:20:20.643+02:00 TRACE 13448 --- [api-gateway] [    Test worker] o.s.b.f.s.DefaultListableBeanFactory     : Returning cached instance of singleton bean 'preFilterAuthorizationAdvisor'
2025-04-26T22:20:20.643+02:00 TRACE 13448 --- [api-gateway] [    Test worker] o.s.b.f.s.DefaultListableBeanFactory     : Returning cached instance of singleton bean 'preAuthorizeAuthorizationAdvisor'
2025-04-26T22:20:20.643+02:00 TRACE 13448 --- [api-gateway] [    Test worker] o.s.b.f.s.DefaultListableBeanFactory     : Returning cached instance of singleton bean 'postFilterAuthorizationAdvisor'
2025-04-26T22:20:20.643+02:00 TRACE 13448 --- [api-gateway] [    Test worker] o.s.b.f.s.DefaultListableBeanFactory     : Returning cached instance of singleton bean 'postAuthorizeAuthorizationAdvisor'
2025-04-26T22:20:20.643+02:00 TRACE 13448 --- [api-gateway] [    Test worker] o.s.b.f.s.DefaultListableBeanFactory     : Returning cached instance of singleton bean 'jsr250AuthorizationAdvisor'
2025-04-26T22:20:20.643+02:00 TRACE 13448 --- [api-gateway] [    Test worker] o.s.b.f.s.DefaultListableBeanFactory     : Returning cached instance of singleton bean 'authorizeReturnObjectAdvisor'
2025-04-26T22:20:20.644+02:00 TRACE 13448 --- [api-gateway] [    Test worker] o.s.b.f.s.DefaultListableBeanFactory     : Finished creating instance of bean 'loadBalancerRequestFactory'
2025-04-26T22:20:20.644+02:00 DEBUG 13448 --- [api-gateway] [    Test worker] o.s.b.f.s.DefaultListableBeanFactory     : Autowiring by type from bean name 'loadBalancerInterceptor' via factory method to bean named 'blockingLoadBalancerClient'
2025-04-26T22:20:20.644+02:00 DEBUG 13448 --- [api-gateway] [    Test worker] o.s.b.f.s.DefaultListableBeanFactory     : Autowiring by type from bean name 'loadBalancerInterceptor' via factory method to bean named 'loadBalancerRequestFactory'
2025-04-26T22:20:20.644+02:00 TRACE 13448 --- [api-gateway] [    Test worker] o.s.b.f.s.DefaultListableBeanFactory     : Returning cached instance of singleton bean 'preFilterAuthorizationAdvisor'
2025-04-26T22:20:20.644+02:00 TRACE 13448 --- [api-gateway] [    Test worker] o.s.b.f.s.DefaultListableBeanFactory     : Returning cached instance of singleton bean 'preAuthorizeAuthorizationAdvisor'
2025-04-26T22:20:20.644+02:00 TRACE 13448 --- [api-gateway] [    Test worker] o.s.b.f.s.DefaultListableBeanFactory     : Returning cached instance of singleton bean 'postFilterAuthorizationAdvisor'
2025-04-26T22:20:20.644+02:00 TRACE 13448 --- [api-gateway] [    Test worker] o.s.b.f.s.DefaultListableBeanFactory     : Returning cached instance of singleton bean 'postAuthorizeAuthorizationAdvisor'
2025-04-26T22:20:20.644+02:00 TRACE 13448 --- [api-gateway] [    Test worker] o.s.b.f.s.DefaultListableBeanFactory     : Returning cached instance of singleton bean 'jsr250AuthorizationAdvisor'
2025-04-26T22:20:20.644+02:00 TRACE 13448 --- [api-gateway] [    Test worker] o.s.b.f.s.DefaultListableBeanFactory     : Returning cached instance of singleton bean 'authorizeReturnObjectAdvisor'
2025-04-26T22:20:20.645+02:00 TRACE 13448 --- [api-gateway] [    Test worker] o.s.b.f.s.DefaultListableBeanFactory     : Finished creating instance of bean 'loadBalancerInterceptor'
2025-04-26T22:20:20.645+02:00 DEBUG 13448 --- [api-gateway] [    Test worker] o.s.b.f.s.DefaultListableBeanFactory     : Creating shared instance of singleton bean 'restTemplateCustomizer'
2025-04-26T22:20:20.645+02:00 TRACE 13448 --- [api-gateway] [    Test worker] o.s.b.f.s.DefaultListableBeanFactory     : Creating instance of bean 'restTemplateCustomizer'
2025-04-26T22:20:20.645+02:00 TRACE 13448 --- [api-gateway] [    Test worker] o.s.b.f.s.DefaultListableBeanFactory     : Returning cached instance of singleton bean 'org.springframework.cloud.client.loadbalancer.LoadBalancerAutoConfiguration$LoadBalancerInterceptorConfig'
2025-04-26T22:20:20.645+02:00 TRACE 13448 --- [api-gateway] [    Test worker] o.s.b.f.s.DefaultListableBeanFactory     : Returning cached instance of singleton bean 'loadBalancerInterceptor'
2025-04-26T22:20:20.645+02:00 DEBUG 13448 --- [api-gateway] [    Test worker] o.s.b.f.s.DefaultListableBeanFactory     : Autowiring by type from bean name 'restTemplateCustomizer' via factory method to bean named 'loadBalancerInterceptor'
2025-04-26T22:20:20.645+02:00 TRACE 13448 --- [api-gateway] [    Test worker] o.s.b.f.s.DefaultListableBeanFactory     : Returning cached instance of singleton bean 'preFilterAuthorizationAdvisor'
2025-04-26T22:20:20.645+02:00 TRACE 13448 --- [api-gateway] [    Test worker] o.s.b.f.s.DefaultListableBeanFactory     : Returning cached instance of singleton bean 'preAuthorizeAuthorizationAdvisor'
2025-04-26T22:20:20.645+02:00 TRACE 13448 --- [api-gateway] [    Test worker] o.s.b.f.s.DefaultListableBeanFactory     : Returning cached instance of singleton bean 'postFilterAuthorizationAdvisor'
2025-04-26T22:20:20.645+02:00 TRACE 13448 --- [api-gateway] [    Test worker] o.s.b.f.s.DefaultListableBeanFactory     : Returning cached instance of singleton bean 'postAuthorizeAuthorizationAdvisor'
2025-04-26T22:20:20.645+02:00 TRACE 13448 --- [api-gateway] [    Test worker] o.s.b.f.s.DefaultListableBeanFactory     : Returning cached instance of singleton bean 'jsr250AuthorizationAdvisor'
2025-04-26T22:20:20.646+02:00 TRACE 13448 --- [api-gateway] [    Test worker] o.s.b.f.s.DefaultListableBeanFactory     : Returning cached instance of singleton bean 'authorizeReturnObjectAdvisor'
2025-04-26T22:20:20.646+02:00 TRACE 13448 --- [api-gateway] [    Test worker] o.s.b.f.s.DefaultListableBeanFactory     : Finished creating instance of bean 'restTemplateCustomizer'
2025-04-26T22:20:20.646+02:00 DEBUG 13448 --- [api-gateway] [    Test worker] o.s.b.f.s.DefaultListableBeanFactory     : Creating shared instance of singleton bean 'org.springframework.cloud.client.loadbalancer.LoadBalancerAutoConfiguration$DeferringLoadBalancerInterceptorConfig'
2025-04-26T22:20:20.646+02:00 TRACE 13448 --- [api-gateway] [    Test worker] o.s.b.f.s.DefaultListableBeanFactory     : Creating instance of bean 'org.springframework.cloud.client.loadbalancer.LoadBalancerAutoConfiguration$DeferringLoadBalancerInterceptorConfig'
2025-04-26T22:20:20.646+02:00 TRACE 13448 --- [api-gateway] [    Test worker] o.s.b.f.s.DefaultListableBeanFactory     : Returning cached instance of singleton bean 'preFilterAuthorizationAdvisor'
2025-04-26T22:20:20.646+02:00 TRACE 13448 --- [api-gateway] [    Test worker] o.s.b.f.s.DefaultListableBeanFactory     : Returning cached instance of singleton bean 'preAuthorizeAuthorizationAdvisor'
2025-04-26T22:20:20.646+02:00 TRACE 13448 --- [api-gateway] [    Test worker] o.s.b.f.s.DefaultListableBeanFactory     : Returning cached instance of singleton bean 'postFilterAuthorizationAdvisor'
2025-04-26T22:20:20.646+02:00 TRACE 13448 --- [api-gateway] [    Test worker] o.s.b.f.s.DefaultListableBeanFactory     : Returning cached instance of singleton bean 'postAuthorizeAuthorizationAdvisor'
2025-04-26T22:20:20.646+02:00 TRACE 13448 --- [api-gateway] [    Test worker] o.s.b.f.s.DefaultListableBeanFactory     : Returning cached instance of singleton bean 'jsr250AuthorizationAdvisor'
2025-04-26T22:20:20.646+02:00 TRACE 13448 --- [api-gateway] [    Test worker] o.s.b.f.s.DefaultListableBeanFactory     : Returning cached instance of singleton bean 'authorizeReturnObjectAdvisor'
2025-04-26T22:20:20.646+02:00 TRACE 13448 --- [api-gateway] [    Test worker] o.s.b.f.s.DefaultListableBeanFactory     : Finished creating instance of bean 'org.springframework.cloud.client.loadbalancer.LoadBalancerAutoConfiguration$DeferringLoadBalancerInterceptorConfig'
2025-04-26T22:20:20.646+02:00 DEBUG 13448 --- [api-gateway] [    Test worker] o.s.b.f.s.DefaultListableBeanFactory     : Creating shared instance of singleton bean 'deferringLoadBalancerInterceptor'
2025-04-26T22:20:20.646+02:00 TRACE 13448 --- [api-gateway] [    Test worker] o.s.b.f.s.DefaultListableBeanFactory     : Creating instance of bean 'deferringLoadBalancerInterceptor'
2025-04-26T22:20:20.647+02:00 TRACE 13448 --- [api-gateway] [    Test worker] o.s.b.f.s.DefaultListableBeanFactory     : Returning cached instance of singleton bean 'preFilterAuthorizationAdvisor'
2025-04-26T22:20:20.647+02:00 TRACE 13448 --- [api-gateway] [    Test worker] o.s.b.f.s.DefaultListableBeanFactory     : Returning cached instance of singleton bean 'preAuthorizeAuthorizationAdvisor'
2025-04-26T22:20:20.647+02:00 TRACE 13448 --- [api-gateway] [    Test worker] o.s.b.f.s.DefaultListableBeanFactory     : Returning cached instance of singleton bean 'postFilterAuthorizationAdvisor'
2025-04-26T22:20:20.647+02:00 TRACE 13448 --- [api-gateway] [    Test worker] o.s.b.f.s.DefaultListableBeanFactory     : Returning cached instance of singleton bean 'postAuthorizeAuthorizationAdvisor'
2025-04-26T22:20:20.647+02:00 TRACE 13448 --- [api-gateway] [    Test worker] o.s.b.f.s.DefaultListableBeanFactory     : Returning cached instance of singleton bean 'jsr250AuthorizationAdvisor'
2025-04-26T22:20:20.647+02:00 TRACE 13448 --- [api-gateway] [    Test worker] o.s.b.f.s.DefaultListableBeanFactory     : Returning cached instance of singleton bean 'authorizeReturnObjectAdvisor'
2025-04-26T22:20:20.647+02:00 TRACE 13448 --- [api-gateway] [    Test worker] o.s.b.f.s.DefaultListableBeanFactory     : Finished creating instance of bean 'deferringLoadBalancerInterceptor'
2025-04-26T22:20:20.647+02:00 TRACE 13448 --- [api-gateway] [    Test worker] o.s.b.f.s.DefaultListableBeanFactory     : Returning cached instance of singleton bean 'lbRestClientPostProcessor'
2025-04-26T22:20:20.647+02:00 TRACE 13448 --- [api-gateway] [    Test worker] o.s.b.f.s.DefaultListableBeanFactory     : Returning cached instance of singleton bean 'lbRestTemplateBuilderPostProcessor'
2025-04-26T22:20:20.647+02:00 TRACE 13448 --- [api-gateway] [    Test worker] o.s.b.f.s.DefaultListableBeanFactory     : Returning cached instance of singleton bean 'org.springframework.cloud.client.loadbalancer.LoadBalancerAutoConfiguration'
2025-04-26T22:20:20.647+02:00 DEBUG 13448 --- [api-gateway] [    Test worker] o.s.b.f.s.DefaultListableBeanFactory     : Creating shared instance of singleton bean 'loadBalancedRestTemplateInitializerDeprecated'
2025-04-26T22:20:20.647+02:00 TRACE 13448 --- [api-gateway] [    Test worker] o.s.b.f.s.DefaultListableBeanFactory     : Creating instance of bean 'loadBalancedRestTemplateInitializerDeprecated'
2025-04-26T22:20:20.647+02:00 TRACE 13448 --- [api-gateway] [    Test worker] o.s.b.f.s.DefaultListableBeanFactory     : Returning cached instance of singleton bean 'org.springframework.cloud.client.loadbalancer.LoadBalancerAutoConfiguration'
2025-04-26T22:20:20.648+02:00 TRACE 13448 --- [api-gateway] [    Test worker] o.s.b.f.s.DefaultListableBeanFactory     : Returning cached instance of singleton bean 'preFilterAuthorizationAdvisor'
2025-04-26T22:20:20.648+02:00 TRACE 13448 --- [api-gateway] [    Test worker] o.s.b.f.s.DefaultListableBeanFactory     : Returning cached instance of singleton bean 'preAuthorizeAuthorizationAdvisor'
2025-04-26T22:20:20.648+02:00 TRACE 13448 --- [api-gateway] [    Test worker] o.s.b.f.s.DefaultListableBeanFactory     : Returning cached instance of singleton bean 'postFilterAuthorizationAdvisor'
2025-04-26T22:20:20.648+02:00 TRACE 13448 --- [api-gateway] [    Test worker] o.s.b.f.s.DefaultListableBeanFactory     : Returning cached instance of singleton bean 'postAuthorizeAuthorizationAdvisor'
2025-04-26T22:20:20.648+02:00 TRACE 13448 --- [api-gateway] [    Test worker] o.s.b.f.s.DefaultListableBeanFactory     : Returning cached instance of singleton bean 'jsr250AuthorizationAdvisor'
2025-04-26T22:20:20.648+02:00 TRACE 13448 --- [api-gateway] [    Test worker] o.s.b.f.s.DefaultListableBeanFactory     : Returning cached instance of singleton bean 'authorizeReturnObjectAdvisor'
2025-04-26T22:20:20.648+02:00 TRACE 13448 --- [api-gateway] [    Test worker] o.s.b.f.s.DefaultListableBeanFactory     : Finished creating instance of bean 'loadBalancedRestTemplateInitializerDeprecated'
2025-04-26T22:20:20.648+02:00 TRACE 13448 --- [api-gateway] [    Test worker] o.s.b.f.s.DefaultListableBeanFactory     : Returning cached instance of singleton bean 'loadBalancerRequestFactory'
2025-04-26T22:20:20.648+02:00 TRACE 13448 --- [api-gateway] [    Test worker] o.s.b.f.s.DefaultListableBeanFactory     : Returning cached instance of singleton bean 'org.springframework.cloud.client.loadbalancer.LoadBalancerDefaultMappingsProviderAutoConfiguration'
2025-04-26T22:20:20.648+02:00 TRACE 13448 --- [api-gateway] [    Test worker] o.s.b.f.s.DefaultListableBeanFactory     : Returning cached instance of singleton bean 'loadBalancerClientsDefaultsMappingsProvider'
2025-04-26T22:20:20.648+02:00 DEBUG 13448 --- [api-gateway] [    Test worker] o.s.b.f.s.DefaultListableBeanFactory     : Creating shared instance of singleton bean 'org.springframework.cloud.client.loadbalancer.reactive.LoadBalancerBeanPostProcessorAutoConfiguration$ReactorDeferringLoadBalancerFilterConfig'
2025-04-26T22:20:20.648+02:00 TRACE 13448 --- [api-gateway] [    Test worker] o.s.b.f.s.DefaultListableBeanFactory     : Creating instance of bean 'org.springframework.cloud.client.loadbalancer.reactive.LoadBalancerBeanPostProcessorAutoConfiguration$ReactorDeferringLoadBalancerFilterConfig'
2025-04-26T22:20:20.648+02:00 TRACE 13448 --- [api-gateway] [    Test worker] o.s.b.f.s.DefaultListableBeanFactory     : Returning cached instance of singleton bean 'preFilterAuthorizationAdvisor'
2025-04-26T22:20:20.648+02:00 TRACE 13448 --- [api-gateway] [    Test worker] o.s.b.f.s.DefaultListableBeanFactory     : Returning cached instance of singleton bean 'preAuthorizeAuthorizationAdvisor'
2025-04-26T22:20:20.648+02:00 TRACE 13448 --- [api-gateway] [    Test worker] o.s.b.f.s.DefaultListableBeanFactory     : Returning cached instance of singleton bean 'postFilterAuthorizationAdvisor'
2025-04-26T22:20:20.648+02:00 TRACE 13448 --- [api-gateway] [    Test worker] o.s.b.f.s.DefaultListableBeanFactory     : Returning cached instance of singleton bean 'postAuthorizeAuthorizationAdvisor'
2025-04-26T22:20:20.648+02:00 TRACE 13448 --- [api-gateway] [    Test worker] o.s.b.f.s.DefaultListableBeanFactory     : Returning cached instance of singleton bean 'jsr250AuthorizationAdvisor'
2025-04-26T22:20:20.648+02:00 TRACE 13448 --- [api-gateway] [    Test worker] o.s.b.f.s.DefaultListableBeanFactory     : Returning cached instance of singleton bean 'authorizeReturnObjectAdvisor'
2025-04-26T22:20:20.648+02:00 TRACE 13448 --- [api-gateway] [    Test worker] o.s.b.f.s.DefaultListableBeanFactory     : Finished creating instance of bean 'org.springframework.cloud.client.loadbalancer.reactive.LoadBalancerBeanPostProcessorAutoConfiguration$ReactorDeferringLoadBalancerFilterConfig'
2025-04-26T22:20:20.648+02:00 DEBUG 13448 --- [api-gateway] [    Test worker] o.s.b.f.s.DefaultListableBeanFactory     : Creating shared instance of singleton bean 'reactorDeferringLoadBalancerExchangeFilterFunction'
2025-04-26T22:20:20.648+02:00 TRACE 13448 --- [api-gateway] [    Test worker] o.s.b.f.s.DefaultListableBeanFactory     : Creating instance of bean 'reactorDeferringLoadBalancerExchangeFilterFunction'
2025-04-26T22:20:20.650+02:00 TRACE 13448 --- [api-gateway] [    Test worker] o.s.b.f.s.DefaultListableBeanFactory     : Returning cached instance of singleton bean 'preFilterAuthorizationAdvisor'
2025-04-26T22:20:20.650+02:00 TRACE 13448 --- [api-gateway] [    Test worker] o.s.b.f.s.DefaultListableBeanFactory     : Returning cached instance of singleton bean 'preAuthorizeAuthorizationAdvisor'
2025-04-26T22:20:20.650+02:00 TRACE 13448 --- [api-gateway] [    Test worker] o.s.b.f.s.DefaultListableBeanFactory     : Returning cached instance of singleton bean 'postFilterAuthorizationAdvisor'
2025-04-26T22:20:20.650+02:00 TRACE 13448 --- [api-gateway] [    Test worker] o.s.b.f.s.DefaultListableBeanFactory     : Returning cached instance of singleton bean 'postAuthorizeAuthorizationAdvisor'
2025-04-26T22:20:20.650+02:00 TRACE 13448 --- [api-gateway] [    Test worker] o.s.b.f.s.DefaultListableBeanFactory     : Returning cached instance of singleton bean 'jsr250AuthorizationAdvisor'
2025-04-26T22:20:20.650+02:00 TRACE 13448 --- [api-gateway] [    Test worker] o.s.b.f.s.DefaultListableBeanFactory     : Returning cached instance of singleton bean 'authorizeReturnObjectAdvisor'
2025-04-26T22:20:20.650+02:00 TRACE 13448 --- [api-gateway] [    Test worker] o.s.b.f.s.DefaultListableBeanFactory     : Finished creating instance of bean 'reactorDeferringLoadBalancerExchangeFilterFunction'
2025-04-26T22:20:20.650+02:00 DEBUG 13448 --- [api-gateway] [    Test worker] o.s.b.f.s.DefaultListableBeanFactory     : Creating shared instance of singleton bean 'org.springframework.cloud.client.loadbalancer.reactive.LoadBalancerBeanPostProcessorAutoConfiguration'
2025-04-26T22:20:20.650+02:00 TRACE 13448 --- [api-gateway] [    Test worker] o.s.b.f.s.DefaultListableBeanFactory     : Creating instance of bean 'org.springframework.cloud.client.loadbalancer.reactive.LoadBalancerBeanPostProcessorAutoConfiguration'
2025-04-26T22:20:20.650+02:00 TRACE 13448 --- [api-gateway] [    Test worker] o.s.b.f.s.DefaultListableBeanFactory     : Returning cached instance of singleton bean 'preFilterAuthorizationAdvisor'
2025-04-26T22:20:20.650+02:00 TRACE 13448 --- [api-gateway] [    Test worker] o.s.b.f.s.DefaultListableBeanFactory     : Returning cached instance of singleton bean 'preAuthorizeAuthorizationAdvisor'
2025-04-26T22:20:20.650+02:00 TRACE 13448 --- [api-gateway] [    Test worker] o.s.b.f.s.DefaultListableBeanFactory     : Returning cached instance of singleton bean 'postFilterAuthorizationAdvisor'
2025-04-26T22:20:20.650+02:00 TRACE 13448 --- [api-gateway] [    Test worker] o.s.b.f.s.DefaultListableBeanFactory     : Returning cached instance of singleton bean 'postAuthorizeAuthorizationAdvisor'
2025-04-26T22:20:20.650+02:00 TRACE 13448 --- [api-gateway] [    Test worker] o.s.b.f.s.DefaultListableBeanFactory     : Returning cached instance of singleton bean 'jsr250AuthorizationAdvisor'
2025-04-26T22:20:20.650+02:00 TRACE 13448 --- [api-gateway] [    Test worker] o.s.b.f.s.DefaultListableBeanFactory     : Returning cached instance of singleton bean 'authorizeReturnObjectAdvisor'
2025-04-26T22:20:20.651+02:00 TRACE 13448 --- [api-gateway] [    Test worker] o.s.b.f.s.DefaultListableBeanFactory     : Finished creating instance of bean 'org.springframework.cloud.client.loadbalancer.reactive.LoadBalancerBeanPostProcessorAutoConfiguration'
2025-04-26T22:20:20.651+02:00 TRACE 13448 --- [api-gateway] [    Test worker] o.s.b.f.s.DefaultListableBeanFactory     : Returning cached instance of singleton bean 'loadBalancerWebClientBuilderBeanPostProcessor'
2025-04-26T22:20:20.651+02:00 DEBUG 13448 --- [api-gateway] [    Test worker] o.s.b.f.s.DefaultListableBeanFactory     : Creating shared instance of singleton bean 'org.springframework.cloud.client.loadbalancer.reactive.ReactorLoadBalancerClientAutoConfiguration'
2025-04-26T22:20:20.651+02:00 TRACE 13448 --- [api-gateway] [    Test worker] o.s.b.f.s.DefaultListableBeanFactory     : Creating instance of bean 'org.springframework.cloud.client.loadbalancer.reactive.ReactorLoadBalancerClientAutoConfiguration'
2025-04-26T22:20:20.651+02:00 TRACE 13448 --- [api-gateway] [    Test worker] o.s.b.f.s.DefaultListableBeanFactory     : Returning cached instance of singleton bean 'preFilterAuthorizationAdvisor'
2025-04-26T22:20:20.651+02:00 TRACE 13448 --- [api-gateway] [    Test worker] o.s.b.f.s.DefaultListableBeanFactory     : Returning cached instance of singleton bean 'preAuthorizeAuthorizationAdvisor'
2025-04-26T22:20:20.651+02:00 TRACE 13448 --- [api-gateway] [    Test worker] o.s.b.f.s.DefaultListableBeanFactory     : Returning cached instance of singleton bean 'postFilterAuthorizationAdvisor'
2025-04-26T22:20:20.651+02:00 TRACE 13448 --- [api-gateway] [    Test worker] o.s.b.f.s.DefaultListableBeanFactory     : Returning cached instance of singleton bean 'postAuthorizeAuthorizationAdvisor'
2025-04-26T22:20:20.651+02:00 TRACE 13448 --- [api-gateway] [    Test worker] o.s.b.f.s.DefaultListableBeanFactory     : Returning cached instance of singleton bean 'jsr250AuthorizationAdvisor'
2025-04-26T22:20:20.651+02:00 TRACE 13448 --- [api-gateway] [    Test worker] o.s.b.f.s.DefaultListableBeanFactory     : Returning cached instance of singleton bean 'authorizeReturnObjectAdvisor'
2025-04-26T22:20:20.651+02:00 TRACE 13448 --- [api-gateway] [    Test worker] o.s.b.f.s.DefaultListableBeanFactory     : Finished creating instance of bean 'org.springframework.cloud.client.loadbalancer.reactive.ReactorLoadBalancerClientAutoConfiguration'
2025-04-26T22:20:20.651+02:00 DEBUG 13448 --- [api-gateway] [    Test worker] o.s.b.f.s.DefaultListableBeanFactory     : Creating shared instance of singleton bean 'loadBalancerExchangeFilterFunction'
2025-04-26T22:20:20.651+02:00 TRACE 13448 --- [api-gateway] [    Test worker] o.s.b.f.s.DefaultListableBeanFactory     : Creating instance of bean 'loadBalancerExchangeFilterFunction'
2025-04-26T22:20:20.651+02:00 TRACE 13448 --- [api-gateway] [    Test worker] o.s.b.f.s.DefaultListableBeanFactory     : Returning cached instance of singleton bean 'org.springframework.cloud.client.loadbalancer.reactive.ReactorLoadBalancerClientAutoConfiguration'
2025-04-26T22:20:20.652+02:00 TRACE 13448 --- [api-gateway] [    Test worker] o.s.b.f.s.DefaultListableBeanFactory     : Returning cached instance of singleton bean 'loadBalancerClientFactory'
2025-04-26T22:20:20.652+02:00 DEBUG 13448 --- [api-gateway] [    Test worker] o.s.b.f.s.DefaultListableBeanFactory     : Autowiring by type from bean name 'loadBalancerExchangeFilterFunction' via factory method to bean named 'loadBalancerClientFactory'
2025-04-26T22:20:20.655+02:00 TRACE 13448 --- [api-gateway] [    Test worker] o.s.b.f.s.DefaultListableBeanFactory     : Returning cached instance of singleton bean 'preFilterAuthorizationAdvisor'
2025-04-26T22:20:20.655+02:00 TRACE 13448 --- [api-gateway] [    Test worker] o.s.b.f.s.DefaultListableBeanFactory     : Returning cached instance of singleton bean 'preAuthorizeAuthorizationAdvisor'
2025-04-26T22:20:20.655+02:00 TRACE 13448 --- [api-gateway] [    Test worker] o.s.b.f.s.DefaultListableBeanFactory     : Returning cached instance of singleton bean 'postFilterAuthorizationAdvisor'
2025-04-26T22:20:20.655+02:00 TRACE 13448 --- [api-gateway] [    Test worker] o.s.b.f.s.DefaultListableBeanFactory     : Returning cached instance of singleton bean 'postAuthorizeAuthorizationAdvisor'
2025-04-26T22:20:20.655+02:00 TRACE 13448 --- [api-gateway] [    Test worker] o.s.b.f.s.DefaultListableBeanFactory     : Returning cached instance of singleton bean 'jsr250AuthorizationAdvisor'
2025-04-26T22:20:20.655+02:00 TRACE 13448 --- [api-gateway] [    Test worker] o.s.b.f.s.DefaultListableBeanFactory     : Returning cached instance of singleton bean 'authorizeReturnObjectAdvisor'
2025-04-26T22:20:20.655+02:00 TRACE 13448 --- [api-gateway] [    Test worker] o.s.b.f.s.DefaultListableBeanFactory     : Finished creating instance of bean 'loadBalancerExchangeFilterFunction'
2025-04-26T22:20:20.655+02:00 DEBUG 13448 --- [api-gateway] [    Test worker] o.s.b.f.s.DefaultListableBeanFactory     : Creating shared instance of singleton bean 'org.springframework.cloud.client.serviceregistry.ServiceRegistryAutoConfiguration'
2025-04-26T22:20:20.655+02:00 TRACE 13448 --- [api-gateway] [    Test worker] o.s.b.f.s.DefaultListableBeanFactory     : Creating instance of bean 'org.springframework.cloud.client.serviceregistry.ServiceRegistryAutoConfiguration'
2025-04-26T22:20:20.655+02:00 TRACE 13448 --- [api-gateway] [    Test worker] o.s.b.f.s.DefaultListableBeanFactory     : Returning cached instance of singleton bean 'preFilterAuthorizationAdvisor'
2025-04-26T22:20:20.655+02:00 TRACE 13448 --- [api-gateway] [    Test worker] o.s.b.f.s.DefaultListableBeanFactory     : Returning cached instance of singleton bean 'preAuthorizeAuthorizationAdvisor'
2025-04-26T22:20:20.655+02:00 TRACE 13448 --- [api-gateway] [    Test worker] o.s.b.f.s.DefaultListableBeanFactory     : Returning cached instance of singleton bean 'postFilterAuthorizationAdvisor'
2025-04-26T22:20:20.655+02:00 TRACE 13448 --- [api-gateway] [    Test worker] o.s.b.f.s.DefaultListableBeanFactory     : Returning cached instance of singleton bean 'postAuthorizeAuthorizationAdvisor'
2025-04-26T22:20:20.655+02:00 TRACE 13448 --- [api-gateway] [    Test worker] o.s.b.f.s.DefaultListableBeanFactory     : Returning cached instance of singleton bean 'jsr250AuthorizationAdvisor'
2025-04-26T22:20:20.655+02:00 TRACE 13448 --- [api-gateway] [    Test worker] o.s.b.f.s.DefaultListableBeanFactory     : Returning cached instance of singleton bean 'authorizeReturnObjectAdvisor'
2025-04-26T22:20:20.655+02:00 TRACE 13448 --- [api-gateway] [    Test worker] o.s.b.f.s.DefaultListableBeanFactory     : Finished creating instance of bean 'org.springframework.cloud.client.serviceregistry.ServiceRegistryAutoConfiguration'
2025-04-26T22:20:20.656+02:00 TRACE 13448 --- [api-gateway] [    Test worker] o.s.b.f.s.DefaultListableBeanFactory     : Returning cached instance of singleton bean 'org.springframework.cloud.commons.config.CommonsConfigAutoConfiguration'
2025-04-26T22:20:20.656+02:00 TRACE 13448 --- [api-gateway] [    Test worker] o.s.b.f.s.DefaultListableBeanFactory     : Returning cached instance of singleton bean 'defaultsBindHandlerAdvisor'
2025-04-26T22:20:20.656+02:00 TRACE 13448 --- [api-gateway] [    Test worker] o.s.b.f.s.DefaultListableBeanFactory     : Returning cached instance of singleton bean 'org.springframework.cloud.commons.util.UtilAutoConfiguration'
2025-04-26T22:20:20.656+02:00 TRACE 13448 --- [api-gateway] [    Test worker] o.s.b.f.s.DefaultListableBeanFactory     : Returning cached instance of singleton bean 'inetUtilsProperties'
2025-04-26T22:20:20.656+02:00 TRACE 13448 --- [api-gateway] [    Test worker] o.s.b.f.s.DefaultListableBeanFactory     : Returning cached instance of singleton bean 'inetUtils'
2025-04-26T22:20:20.656+02:00 DEBUG 13448 --- [api-gateway] [    Test worker] o.s.b.f.s.DefaultListableBeanFactory     : Creating shared instance of singleton bean 'org.springframework.cloud.configuration.CompatibilityVerifierAutoConfiguration'
2025-04-26T22:20:20.656+02:00 TRACE 13448 --- [api-gateway] [    Test worker] o.s.b.f.s.DefaultListableBeanFactory     : Creating instance of bean 'org.springframework.cloud.configuration.CompatibilityVerifierAutoConfiguration'
2025-04-26T22:20:20.656+02:00 TRACE 13448 --- [api-gateway] [    Test worker] o.s.b.f.s.DefaultListableBeanFactory     : Returning cached instance of singleton bean 'preFilterAuthorizationAdvisor'
2025-04-26T22:20:20.656+02:00 TRACE 13448 --- [api-gateway] [    Test worker] o.s.b.f.s.DefaultListableBeanFactory     : Returning cached instance of singleton bean 'preAuthorizeAuthorizationAdvisor'
2025-04-26T22:20:20.656+02:00 TRACE 13448 --- [api-gateway] [    Test worker] o.s.b.f.s.DefaultListableBeanFactory     : Returning cached instance of singleton bean 'postFilterAuthorizationAdvisor'
2025-04-26T22:20:20.656+02:00 TRACE 13448 --- [api-gateway] [    Test worker] o.s.b.f.s.DefaultListableBeanFactory     : Returning cached instance of singleton bean 'postAuthorizeAuthorizationAdvisor'
2025-04-26T22:20:20.656+02:00 TRACE 13448 --- [api-gateway] [    Test worker] o.s.b.f.s.DefaultListableBeanFactory     : Returning cached instance of singleton bean 'jsr250AuthorizationAdvisor'
2025-04-26T22:20:20.656+02:00 TRACE 13448 --- [api-gateway] [    Test worker] o.s.b.f.s.DefaultListableBeanFactory     : Returning cached instance of singleton bean 'authorizeReturnObjectAdvisor'
2025-04-26T22:20:20.656+02:00 TRACE 13448 --- [api-gateway] [    Test worker] o.s.b.f.s.DefaultListableBeanFactory     : Finished creating instance of bean 'org.springframework.cloud.configuration.CompatibilityVerifierAutoConfiguration'
2025-04-26T22:20:20.656+02:00 DEBUG 13448 --- [api-gateway] [    Test worker] o.s.b.f.s.DefaultListableBeanFactory     : Creating shared instance of singleton bean 'compositeCompatibilityVerifier'
2025-04-26T22:20:20.656+02:00 TRACE 13448 --- [api-gateway] [    Test worker] o.s.b.f.s.DefaultListableBeanFactory     : Creating instance of bean 'compositeCompatibilityVerifier'
2025-04-26T22:20:20.656+02:00 TRACE 13448 --- [api-gateway] [    Test worker] o.s.b.f.s.DefaultListableBeanFactory     : Returning cached instance of singleton bean 'org.springframework.cloud.configuration.CompatibilityVerifierAutoConfiguration'
2025-04-26T22:20:20.657+02:00 DEBUG 13448 --- [api-gateway] [    Test worker] o.s.b.f.s.DefaultListableBeanFactory     : Creating shared instance of singleton bean 'springBootVersionVerifier'
2025-04-26T22:20:20.657+02:00 TRACE 13448 --- [api-gateway] [    Test worker] o.s.b.f.s.DefaultListableBeanFactory     : Creating instance of bean 'springBootVersionVerifier'
2025-04-26T22:20:20.657+02:00 TRACE 13448 --- [api-gateway] [    Test worker] o.s.b.f.s.DefaultListableBeanFactory     : Returning cached instance of singleton bean 'org.springframework.cloud.configuration.CompatibilityVerifierAutoConfiguration'
2025-04-26T22:20:20.657+02:00 DEBUG 13448 --- [api-gateway] [    Test worker] o.s.b.f.s.DefaultListableBeanFactory     : Creating shared instance of singleton bean 'spring.cloud.compatibility-verifier-org.springframework.cloud.configuration.CompatibilityVerifierProperties'
2025-04-26T22:20:20.657+02:00 TRACE 13448 --- [api-gateway] [    Test worker] o.s.b.f.s.DefaultListableBeanFactory     : Creating instance of bean 'spring.cloud.compatibility-verifier-org.springframework.cloud.configuration.CompatibilityVerifierProperties'
2025-04-26T22:20:20.657+02:00 TRACE 13448 --- [api-gateway] [    Test worker] o.s.b.f.s.DefaultListableBeanFactory     : Returning cached instance of singleton bean 'org.springframework.boot.context.properties.BoundConfigurationProperties'
2025-04-26T22:20:20.658+02:00 TRACE 13448 --- [api-gateway] [    Test worker] o.s.b.f.s.DefaultListableBeanFactory     : Returning cached instance of singleton bean 'preFilterAuthorizationAdvisor'
2025-04-26T22:20:20.658+02:00 TRACE 13448 --- [api-gateway] [    Test worker] o.s.b.f.s.DefaultListableBeanFactory     : Returning cached instance of singleton bean 'preAuthorizeAuthorizationAdvisor'
2025-04-26T22:20:20.658+02:00 TRACE 13448 --- [api-gateway] [    Test worker] o.s.b.f.s.DefaultListableBeanFactory     : Returning cached instance of singleton bean 'postFilterAuthorizationAdvisor'
2025-04-26T22:20:20.658+02:00 TRACE 13448 --- [api-gateway] [    Test worker] o.s.b.f.s.DefaultListableBeanFactory     : Returning cached instance of singleton bean 'postAuthorizeAuthorizationAdvisor'
2025-04-26T22:20:20.658+02:00 TRACE 13448 --- [api-gateway] [    Test worker] o.s.b.f.s.DefaultListableBeanFactory     : Returning cached instance of singleton bean 'jsr250AuthorizationAdvisor'
2025-04-26T22:20:20.658+02:00 TRACE 13448 --- [api-gateway] [    Test worker] o.s.b.f.s.DefaultListableBeanFactory     : Returning cached instance of singleton bean 'authorizeReturnObjectAdvisor'
2025-04-26T22:20:20.658+02:00 TRACE 13448 --- [api-gateway] [    Test worker] o.s.b.f.s.DefaultListableBeanFactory     : Finished creating instance of bean 'spring.cloud.compatibility-verifier-org.springframework.cloud.configuration.CompatibilityVerifierProperties'
2025-04-26T22:20:20.658+02:00 DEBUG 13448 --- [api-gateway] [    Test worker] o.s.b.f.s.DefaultListableBeanFactory     : Autowiring by type from bean name 'springBootVersionVerifier' via factory method to bean named 'spring.cloud.compatibility-verifier-org.springframework.cloud.configuration.CompatibilityVerifierProperties'
2025-04-26T22:20:20.660+02:00 TRACE 13448 --- [api-gateway] [    Test worker] o.s.b.f.s.DefaultListableBeanFactory     : Returning cached instance of singleton bean 'preFilterAuthorizationAdvisor'
2025-04-26T22:20:20.660+02:00 TRACE 13448 --- [api-gateway] [    Test worker] o.s.b.f.s.DefaultListableBeanFactory     : Returning cached instance of singleton bean 'preAuthorizeAuthorizationAdvisor'
2025-04-26T22:20:20.660+02:00 TRACE 13448 --- [api-gateway] [    Test worker] o.s.b.f.s.DefaultListableBeanFactory     : Returning cached instance of singleton bean 'postFilterAuthorizationAdvisor'
2025-04-26T22:20:20.660+02:00 TRACE 13448 --- [api-gateway] [    Test worker] o.s.b.f.s.DefaultListableBeanFactory     : Returning cached instance of singleton bean 'postAuthorizeAuthorizationAdvisor'
2025-04-26T22:20:20.660+02:00 TRACE 13448 --- [api-gateway] [    Test worker] o.s.b.f.s.DefaultListableBeanFactory     : Returning cached instance of singleton bean 'jsr250AuthorizationAdvisor'
2025-04-26T22:20:20.660+02:00 TRACE 13448 --- [api-gateway] [    Test worker] o.s.b.f.s.DefaultListableBeanFactory     : Returning cached instance of singleton bean 'authorizeReturnObjectAdvisor'
2025-04-26T22:20:20.660+02:00 TRACE 13448 --- [api-gateway] [    Test worker] o.s.b.f.s.DefaultListableBeanFactory     : Finished creating instance of bean 'springBootVersionVerifier'
2025-04-26T22:20:20.660+02:00 DEBUG 13448 --- [api-gateway] [    Test worker] o.s.b.f.s.DefaultListableBeanFactory     : Creating shared instance of singleton bean 'sleuthPresentVerifier'
2025-04-26T22:20:20.661+02:00 TRACE 13448 --- [api-gateway] [    Test worker] o.s.b.f.s.DefaultListableBeanFactory     : Creating instance of bean 'sleuthPresentVerifier'
2025-04-26T22:20:20.661+02:00 TRACE 13448 --- [api-gateway] [    Test worker] o.s.b.f.s.DefaultListableBeanFactory     : Returning cached instance of singleton bean 'org.springframework.cloud.configuration.CompatibilityVerifierAutoConfiguration'
2025-04-26T22:20:20.661+02:00 TRACE 13448 --- [api-gateway] [    Test worker] o.s.b.f.s.DefaultListableBeanFactory     : Returning cached instance of singleton bean 'preFilterAuthorizationAdvisor'
2025-04-26T22:20:20.661+02:00 TRACE 13448 --- [api-gateway] [    Test worker] o.s.b.f.s.DefaultListableBeanFactory     : Returning cached instance of singleton bean 'preAuthorizeAuthorizationAdvisor'
2025-04-26T22:20:20.661+02:00 TRACE 13448 --- [api-gateway] [    Test worker] o.s.b.f.s.DefaultListableBeanFactory     : Returning cached instance of singleton bean 'postFilterAuthorizationAdvisor'
2025-04-26T22:20:20.661+02:00 TRACE 13448 --- [api-gateway] [    Test worker] o.s.b.f.s.DefaultListableBeanFactory     : Returning cached instance of singleton bean 'postAuthorizeAuthorizationAdvisor'
2025-04-26T22:20:20.661+02:00 TRACE 13448 --- [api-gateway] [    Test worker] o.s.b.f.s.DefaultListableBeanFactory     : Returning cached instance of singleton bean 'jsr250AuthorizationAdvisor'
2025-04-26T22:20:20.661+02:00 TRACE 13448 --- [api-gateway] [    Test worker] o.s.b.f.s.DefaultListableBeanFactory     : Returning cached instance of singleton bean 'authorizeReturnObjectAdvisor'
2025-04-26T22:20:20.661+02:00 TRACE 13448 --- [api-gateway] [    Test worker] o.s.b.f.s.DefaultListableBeanFactory     : Finished creating instance of bean 'sleuthPresentVerifier'
2025-04-26T22:20:20.661+02:00 DEBUG 13448 --- [api-gateway] [    Test worker] o.s.b.f.s.DefaultListableBeanFactory     : Autowiring by type from bean name 'compositeCompatibilityVerifier' via factory method to bean named 'springBootVersionVerifier'
2025-04-26T22:20:20.661+02:00 DEBUG 13448 --- [api-gateway] [    Test worker] o.s.b.f.s.DefaultListableBeanFactory     : Autowiring by type from bean name 'compositeCompatibilityVerifier' via factory method to bean named 'sleuthPresentVerifier'
2025-04-26T22:20:20.663+02:00 DEBUG 13448 --- [api-gateway] [    Test worker] o.s.c.c.SpringBootVersionVerifier        : Version found in Boot manifest [3.4.4]
2025-04-26T22:20:20.663+02:00 DEBUG 13448 --- [api-gateway] [    Test worker] o.s.c.c.CompositeCompatibilityVerifier   : All conditions are passing
2025-04-26T22:20:20.663+02:00 TRACE 13448 --- [api-gateway] [    Test worker] o.s.b.f.s.DefaultListableBeanFactory     : Returning cached instance of singleton bean 'preFilterAuthorizationAdvisor'
2025-04-26T22:20:20.663+02:00 TRACE 13448 --- [api-gateway] [    Test worker] o.s.b.f.s.DefaultListableBeanFactory     : Returning cached instance of singleton bean 'preAuthorizeAuthorizationAdvisor'
2025-04-26T22:20:20.663+02:00 TRACE 13448 --- [api-gateway] [    Test worker] o.s.b.f.s.DefaultListableBeanFactory     : Returning cached instance of singleton bean 'postFilterAuthorizationAdvisor'
2025-04-26T22:20:20.663+02:00 TRACE 13448 --- [api-gateway] [    Test worker] o.s.b.f.s.DefaultListableBeanFactory     : Returning cached instance of singleton bean 'postAuthorizeAuthorizationAdvisor'
2025-04-26T22:20:20.663+02:00 TRACE 13448 --- [api-gateway] [    Test worker] o.s.b.f.s.DefaultListableBeanFactory     : Returning cached instance of singleton bean 'jsr250AuthorizationAdvisor'
2025-04-26T22:20:20.663+02:00 TRACE 13448 --- [api-gateway] [    Test worker] o.s.b.f.s.DefaultListableBeanFactory     : Returning cached instance of singleton bean 'authorizeReturnObjectAdvisor'
2025-04-26T22:20:20.664+02:00 TRACE 13448 --- [api-gateway] [    Test worker] o.s.b.f.s.DefaultListableBeanFactory     : Finished creating instance of bean 'compositeCompatibilityVerifier'
2025-04-26T22:20:20.664+02:00 TRACE 13448 --- [api-gateway] [    Test worker] o.s.b.f.s.DefaultListableBeanFactory     : Returning cached instance of singleton bean 'springBootVersionVerifier'
2025-04-26T22:20:20.664+02:00 TRACE 13448 --- [api-gateway] [    Test worker] o.s.b.f.s.DefaultListableBeanFactory     : Returning cached instance of singleton bean 'sleuthPresentVerifier'
2025-04-26T22:20:20.664+02:00 TRACE 13448 --- [api-gateway] [    Test worker] o.s.b.f.s.DefaultListableBeanFactory     : Returning cached instance of singleton bean 'spring.cloud.compatibility-verifier-org.springframework.cloud.configuration.CompatibilityVerifierProperties'
2025-04-26T22:20:20.664+02:00 DEBUG 13448 --- [api-gateway] [    Test worker] o.s.b.f.s.DefaultListableBeanFactory     : Creating shared instance of singleton bean 'org.springframework.cloud.loadbalancer.config.LoadBalancerCacheAutoConfiguration$DefaultLoadBalancerCacheManagerConfiguration'
2025-04-26T22:20:20.664+02:00 TRACE 13448 --- [api-gateway] [    Test worker] o.s.b.f.s.DefaultListableBeanFactory     : Creating instance of bean 'org.springframework.cloud.loadbalancer.config.LoadBalancerCacheAutoConfiguration$DefaultLoadBalancerCacheManagerConfiguration'
2025-04-26T22:20:20.664+02:00 TRACE 13448 --- [api-gateway] [    Test worker] o.s.b.f.s.DefaultListableBeanFactory     : Returning cached instance of singleton bean 'preFilterAuthorizationAdvisor'
2025-04-26T22:20:20.664+02:00 TRACE 13448 --- [api-gateway] [    Test worker] o.s.b.f.s.DefaultListableBeanFactory     : Returning cached instance of singleton bean 'preAuthorizeAuthorizationAdvisor'
2025-04-26T22:20:20.664+02:00 TRACE 13448 --- [api-gateway] [    Test worker] o.s.b.f.s.DefaultListableBeanFactory     : Returning cached instance of singleton bean 'postFilterAuthorizationAdvisor'
2025-04-26T22:20:20.664+02:00 TRACE 13448 --- [api-gateway] [    Test worker] o.s.b.f.s.DefaultListableBeanFactory     : Returning cached instance of singleton bean 'postAuthorizeAuthorizationAdvisor'
2025-04-26T22:20:20.664+02:00 TRACE 13448 --- [api-gateway] [    Test worker] o.s.b.f.s.DefaultListableBeanFactory     : Returning cached instance of singleton bean 'jsr250AuthorizationAdvisor'
2025-04-26T22:20:20.664+02:00 TRACE 13448 --- [api-gateway] [    Test worker] o.s.b.f.s.DefaultListableBeanFactory     : Returning cached instance of singleton bean 'authorizeReturnObjectAdvisor'
2025-04-26T22:20:20.664+02:00 TRACE 13448 --- [api-gateway] [    Test worker] o.s.b.f.s.DefaultListableBeanFactory     : Finished creating instance of bean 'org.springframework.cloud.loadbalancer.config.LoadBalancerCacheAutoConfiguration$DefaultLoadBalancerCacheManagerConfiguration'
2025-04-26T22:20:20.664+02:00 DEBUG 13448 --- [api-gateway] [    Test worker] o.s.b.f.s.DefaultListableBeanFactory     : Creating shared instance of singleton bean 'defaultLoadBalancerCacheManager'
2025-04-26T22:20:20.664+02:00 TRACE 13448 --- [api-gateway] [    Test worker] o.s.b.f.s.DefaultListableBeanFactory     : Creating instance of bean 'defaultLoadBalancerCacheManager'
2025-04-26T22:20:20.664+02:00 TRACE 13448 --- [api-gateway] [    Test worker] o.s.b.f.s.DefaultListableBeanFactory     : Returning cached instance of singleton bean 'org.springframework.cloud.loadbalancer.config.LoadBalancerCacheAutoConfiguration$DefaultLoadBalancerCacheManagerConfiguration'
2025-04-26T22:20:20.665+02:00 DEBUG 13448 --- [api-gateway] [    Test worker] o.s.b.f.s.DefaultListableBeanFactory     : Creating shared instance of singleton bean 'spring.cloud.loadbalancer.cache-org.springframework.cloud.loadbalancer.cache.LoadBalancerCacheProperties'
2025-04-26T22:20:20.665+02:00 TRACE 13448 --- [api-gateway] [    Test worker] o.s.b.f.s.DefaultListableBeanFactory     : Creating instance of bean 'spring.cloud.loadbalancer.cache-org.springframework.cloud.loadbalancer.cache.LoadBalancerCacheProperties'
2025-04-26T22:20:20.665+02:00 TRACE 13448 --- [api-gateway] [    Test worker] o.s.b.f.s.DefaultListableBeanFactory     : Returning cached instance of singleton bean 'org.springframework.boot.context.properties.BoundConfigurationProperties'
2025-04-26T22:20:20.666+02:00 TRACE 13448 --- [api-gateway] [    Test worker] o.s.b.f.s.DefaultListableBeanFactory     : Returning cached instance of singleton bean 'preFilterAuthorizationAdvisor'
2025-04-26T22:20:20.666+02:00 TRACE 13448 --- [api-gateway] [    Test worker] o.s.b.f.s.DefaultListableBeanFactory     : Returning cached instance of singleton bean 'preAuthorizeAuthorizationAdvisor'
2025-04-26T22:20:20.666+02:00 TRACE 13448 --- [api-gateway] [    Test worker] o.s.b.f.s.DefaultListableBeanFactory     : Returning cached instance of singleton bean 'postFilterAuthorizationAdvisor'
2025-04-26T22:20:20.666+02:00 TRACE 13448 --- [api-gateway] [    Test worker] o.s.b.f.s.DefaultListableBeanFactory     : Returning cached instance of singleton bean 'postAuthorizeAuthorizationAdvisor'
2025-04-26T22:20:20.666+02:00 TRACE 13448 --- [api-gateway] [    Test worker] o.s.b.f.s.DefaultListableBeanFactory     : Returning cached instance of singleton bean 'jsr250AuthorizationAdvisor'
2025-04-26T22:20:20.666+02:00 TRACE 13448 --- [api-gateway] [    Test worker] o.s.b.f.s.DefaultListableBeanFactory     : Returning cached instance of singleton bean 'authorizeReturnObjectAdvisor'
2025-04-26T22:20:20.666+02:00 TRACE 13448 --- [api-gateway] [    Test worker] o.s.b.f.s.DefaultListableBeanFactory     : Finished creating instance of bean 'spring.cloud.loadbalancer.cache-org.springframework.cloud.loadbalancer.cache.LoadBalancerCacheProperties'
2025-04-26T22:20:20.666+02:00 DEBUG 13448 --- [api-gateway] [    Test worker] o.s.b.f.s.DefaultListableBeanFactory     : Autowiring by type from bean name 'defaultLoadBalancerCacheManager' via factory method to bean named 'spring.cloud.loadbalancer.cache-org.springframework.cloud.loadbalancer.cache.LoadBalancerCacheProperties'
2025-04-26T22:20:20.674+02:00 TRACE 13448 --- [api-gateway] [    Test worker] o.s.b.f.s.DefaultListableBeanFactory     : Returning cached instance of singleton bean 'preFilterAuthorizationAdvisor'
2025-04-26T22:20:20.674+02:00 TRACE 13448 --- [api-gateway] [    Test worker] o.s.b.f.s.DefaultListableBeanFactory     : Returning cached instance of singleton bean 'preAuthorizeAuthorizationAdvisor'
2025-04-26T22:20:20.674+02:00 TRACE 13448 --- [api-gateway] [    Test worker] o.s.b.f.s.DefaultListableBeanFactory     : Returning cached instance of singleton bean 'postFilterAuthorizationAdvisor'
2025-04-26T22:20:20.674+02:00 TRACE 13448 --- [api-gateway] [    Test worker] o.s.b.f.s.DefaultListableBeanFactory     : Returning cached instance of singleton bean 'postAuthorizeAuthorizationAdvisor'
2025-04-26T22:20:20.674+02:00 TRACE 13448 --- [api-gateway] [    Test worker] o.s.b.f.s.DefaultListableBeanFactory     : Returning cached instance of singleton bean 'jsr250AuthorizationAdvisor'
2025-04-26T22:20:20.674+02:00 TRACE 13448 --- [api-gateway] [    Test worker] o.s.b.f.s.DefaultListableBeanFactory     : Returning cached instance of singleton bean 'authorizeReturnObjectAdvisor'
2025-04-26T22:20:20.674+02:00 TRACE 13448 --- [api-gateway] [    Test worker] o.s.b.f.s.DefaultListableBeanFactory     : Finished creating instance of bean 'defaultLoadBalancerCacheManager'
2025-04-26T22:20:20.674+02:00 DEBUG 13448 --- [api-gateway] [    Test worker] o.s.b.f.s.DefaultListableBeanFactory     : Creating shared instance of singleton bean 'org.springframework.cloud.loadbalancer.config.LoadBalancerCacheAutoConfiguration$LoadBalancerCacheManagerWarnConfiguration'
2025-04-26T22:20:20.674+02:00 TRACE 13448 --- [api-gateway] [    Test worker] o.s.b.f.s.DefaultListableBeanFactory     : Creating instance of bean 'org.springframework.cloud.loadbalancer.config.LoadBalancerCacheAutoConfiguration$LoadBalancerCacheManagerWarnConfiguration'
2025-04-26T22:20:20.674+02:00 TRACE 13448 --- [api-gateway] [    Test worker] o.s.b.f.s.DefaultListableBeanFactory     : Returning cached instance of singleton bean 'preFilterAuthorizationAdvisor'
2025-04-26T22:20:20.674+02:00 TRACE 13448 --- [api-gateway] [    Test worker] o.s.b.f.s.DefaultListableBeanFactory     : Returning cached instance of singleton bean 'preAuthorizeAuthorizationAdvisor'
2025-04-26T22:20:20.674+02:00 TRACE 13448 --- [api-gateway] [    Test worker] o.s.b.f.s.DefaultListableBeanFactory     : Returning cached instance of singleton bean 'postFilterAuthorizationAdvisor'
2025-04-26T22:20:20.674+02:00 TRACE 13448 --- [api-gateway] [    Test worker] o.s.b.f.s.DefaultListableBeanFactory     : Returning cached instance of singleton bean 'postAuthorizeAuthorizationAdvisor'
2025-04-26T22:20:20.674+02:00 TRACE 13448 --- [api-gateway] [    Test worker] o.s.b.f.s.DefaultListableBeanFactory     : Returning cached instance of singleton bean 'jsr250AuthorizationAdvisor'
2025-04-26T22:20:20.674+02:00 TRACE 13448 --- [api-gateway] [    Test worker] o.s.b.f.s.DefaultListableBeanFactory     : Returning cached instance of singleton bean 'authorizeReturnObjectAdvisor'
2025-04-26T22:20:20.674+02:00 TRACE 13448 --- [api-gateway] [    Test worker] o.s.b.f.s.DefaultListableBeanFactory     : Finished creating instance of bean 'org.springframework.cloud.loadbalancer.config.LoadBalancerCacheAutoConfiguration$LoadBalancerCacheManagerWarnConfiguration'
2025-04-26T22:20:20.675+02:00 DEBUG 13448 --- [api-gateway] [    Test worker] o.s.b.f.s.DefaultListableBeanFactory     : Creating shared instance of singleton bean 'caffeineWarnLogger'
2025-04-26T22:20:20.675+02:00 TRACE 13448 --- [api-gateway] [    Test worker] o.s.b.f.s.DefaultListableBeanFactory     : Creating instance of bean 'caffeineWarnLogger'
2025-04-26T22:20:20.675+02:00 TRACE 13448 --- [api-gateway] [    Test worker] o.s.b.f.s.DefaultListableBeanFactory     : Returning cached instance of singleton bean 'org.springframework.cloud.loadbalancer.config.LoadBalancerCacheAutoConfiguration$LoadBalancerCacheManagerWarnConfiguration'
2025-04-26T22:20:20.675+02:00 TRACE 13448 --- [api-gateway] [    Test worker] o.s.b.f.s.DefaultListableBeanFactory     : Invoking afterPropertiesSet() on bean with name 'caffeineWarnLogger'
2025-04-26T22:20:20.675+02:00  WARN 13448 --- [api-gateway] [    Test worker] iguration$LoadBalancerCaffeineWarnLogger : Spring Cloud LoadBalancer is currently working with the default cache. While this cache implementation is useful for development and tests, it's recommended to use Caffeine cache in production.You can switch to using Caffeine cache, by adding it and org.springframework.cache.caffeine.CaffeineCacheManager to the classpath.
2025-04-26T22:20:20.675+02:00 TRACE 13448 --- [api-gateway] [    Test worker] o.s.b.f.s.DefaultListableBeanFactory     : Returning cached instance of singleton bean 'preFilterAuthorizationAdvisor'
2025-04-26T22:20:20.675+02:00 TRACE 13448 --- [api-gateway] [    Test worker] o.s.b.f.s.DefaultListableBeanFactory     : Returning cached instance of singleton bean 'preAuthorizeAuthorizationAdvisor'
2025-04-26T22:20:20.675+02:00 TRACE 13448 --- [api-gateway] [    Test worker] o.s.b.f.s.DefaultListableBeanFactory     : Returning cached instance of singleton bean 'postFilterAuthorizationAdvisor'
2025-04-26T22:20:20.675+02:00 TRACE 13448 --- [api-gateway] [    Test worker] o.s.b.f.s.DefaultListableBeanFactory     : Returning cached instance of singleton bean 'postAuthorizeAuthorizationAdvisor'
2025-04-26T22:20:20.675+02:00 TRACE 13448 --- [api-gateway] [    Test worker] o.s.b.f.s.DefaultListableBeanFactory     : Returning cached instance of singleton bean 'jsr250AuthorizationAdvisor'
2025-04-26T22:20:20.675+02:00 TRACE 13448 --- [api-gateway] [    Test worker] o.s.b.f.s.DefaultListableBeanFactory     : Returning cached instance of singleton bean 'authorizeReturnObjectAdvisor'
2025-04-26T22:20:20.675+02:00 TRACE 13448 --- [api-gateway] [    Test worker] o.s.b.f.s.DefaultListableBeanFactory     : Finished creating instance of bean 'caffeineWarnLogger'
2025-04-26T22:20:20.675+02:00 DEBUG 13448 --- [api-gateway] [    Test worker] o.s.b.f.s.DefaultListableBeanFactory     : Creating shared instance of singleton bean 'org.springframework.cloud.loadbalancer.config.LoadBalancerCacheAutoConfiguration'
2025-04-26T22:20:20.675+02:00 TRACE 13448 --- [api-gateway] [    Test worker] o.s.b.f.s.DefaultListableBeanFactory     : Creating instance of bean 'org.springframework.cloud.loadbalancer.config.LoadBalancerCacheAutoConfiguration'
2025-04-26T22:20:20.675+02:00 TRACE 13448 --- [api-gateway] [    Test worker] o.s.b.f.s.DefaultListableBeanFactory     : Returning cached instance of singleton bean 'preFilterAuthorizationAdvisor'
2025-04-26T22:20:20.675+02:00 TRACE 13448 --- [api-gateway] [    Test worker] o.s.b.f.s.DefaultListableBeanFactory     : Returning cached instance of singleton bean 'preAuthorizeAuthorizationAdvisor'
2025-04-26T22:20:20.675+02:00 TRACE 13448 --- [api-gateway] [    Test worker] o.s.b.f.s.DefaultListableBeanFactory     : Returning cached instance of singleton bean 'postFilterAuthorizationAdvisor'
2025-04-26T22:20:20.675+02:00 TRACE 13448 --- [api-gateway] [    Test worker] o.s.b.f.s.DefaultListableBeanFactory     : Returning cached instance of singleton bean 'postAuthorizeAuthorizationAdvisor'
2025-04-26T22:20:20.675+02:00 TRACE 13448 --- [api-gateway] [    Test worker] o.s.b.f.s.DefaultListableBeanFactory     : Returning cached instance of singleton bean 'jsr250AuthorizationAdvisor'
2025-04-26T22:20:20.675+02:00 TRACE 13448 --- [api-gateway] [    Test worker] o.s.b.f.s.DefaultListableBeanFactory     : Returning cached instance of singleton bean 'authorizeReturnObjectAdvisor'
2025-04-26T22:20:20.675+02:00 TRACE 13448 --- [api-gateway] [    Test worker] o.s.b.f.s.DefaultListableBeanFactory     : Finished creating instance of bean 'org.springframework.cloud.loadbalancer.config.LoadBalancerCacheAutoConfiguration'
2025-04-26T22:20:20.676+02:00 TRACE 13448 --- [api-gateway] [    Test worker] o.s.b.f.s.DefaultListableBeanFactory     : Returning cached instance of singleton bean 'spring.cloud.loadbalancer.cache-org.springframework.cloud.loadbalancer.cache.LoadBalancerCacheProperties'
2025-04-26T22:20:20.676+02:00 DEBUG 13448 --- [api-gateway] [    Test worker] o.s.b.f.s.DefaultListableBeanFactory     : Creating shared instance of singleton bean 'org.springframework.cloud.netflix.eureka.loadbalancer.LoadBalancerEurekaAutoConfiguration'
2025-04-26T22:20:20.676+02:00 TRACE 13448 --- [api-gateway] [    Test worker] o.s.b.f.s.DefaultListableBeanFactory     : Creating instance of bean 'org.springframework.cloud.netflix.eureka.loadbalancer.LoadBalancerEurekaAutoConfiguration'
2025-04-26T22:20:20.676+02:00 TRACE 13448 --- [api-gateway] [    Test worker] o.s.b.f.s.DefaultListableBeanFactory     : Returning cached instance of singleton bean 'preFilterAuthorizationAdvisor'
2025-04-26T22:20:20.676+02:00 TRACE 13448 --- [api-gateway] [    Test worker] o.s.b.f.s.DefaultListableBeanFactory     : Returning cached instance of singleton bean 'preAuthorizeAuthorizationAdvisor'
2025-04-26T22:20:20.676+02:00 TRACE 13448 --- [api-gateway] [    Test worker] o.s.b.f.s.DefaultListableBeanFactory     : Returning cached instance of singleton bean 'postFilterAuthorizationAdvisor'
2025-04-26T22:20:20.676+02:00 TRACE 13448 --- [api-gateway] [    Test worker] o.s.b.f.s.DefaultListableBeanFactory     : Returning cached instance of singleton bean 'postAuthorizeAuthorizationAdvisor'
2025-04-26T22:20:20.676+02:00 TRACE 13448 --- [api-gateway] [    Test worker] o.s.b.f.s.DefaultListableBeanFactory     : Returning cached instance of singleton bean 'jsr250AuthorizationAdvisor'
2025-04-26T22:20:20.676+02:00 TRACE 13448 --- [api-gateway] [    Test worker] o.s.b.f.s.DefaultListableBeanFactory     : Returning cached instance of singleton bean 'authorizeReturnObjectAdvisor'
2025-04-26T22:20:20.676+02:00 TRACE 13448 --- [api-gateway] [    Test worker] o.s.b.f.s.DefaultListableBeanFactory     : Finished creating instance of bean 'org.springframework.cloud.netflix.eureka.loadbalancer.LoadBalancerEurekaAutoConfiguration'
2025-04-26T22:20:20.676+02:00 DEBUG 13448 --- [api-gateway] [    Test worker] o.s.b.f.s.DefaultListableBeanFactory     : Creating shared instance of singleton bean 'eurekaLoadBalancerProperties'
2025-04-26T22:20:20.676+02:00 TRACE 13448 --- [api-gateway] [    Test worker] o.s.b.f.s.DefaultListableBeanFactory     : Creating instance of bean 'eurekaLoadBalancerProperties'
2025-04-26T22:20:20.676+02:00 TRACE 13448 --- [api-gateway] [    Test worker] o.s.b.f.s.DefaultListableBeanFactory     : Returning cached instance of singleton bean 'org.springframework.cloud.netflix.eureka.loadbalancer.LoadBalancerEurekaAutoConfiguration'
2025-04-26T22:20:20.676+02:00 TRACE 13448 --- [api-gateway] [    Test worker] o.s.b.f.s.DefaultListableBeanFactory     : Returning cached instance of singleton bean 'org.springframework.boot.context.properties.BoundConfigurationProperties'
2025-04-26T22:20:20.677+02:00 TRACE 13448 --- [api-gateway] [    Test worker] o.s.b.f.s.DefaultListableBeanFactory     : Returning cached instance of singleton bean 'preFilterAuthorizationAdvisor'
2025-04-26T22:20:20.677+02:00 TRACE 13448 --- [api-gateway] [    Test worker] o.s.b.f.s.DefaultListableBeanFactory     : Returning cached instance of singleton bean 'preAuthorizeAuthorizationAdvisor'
2025-04-26T22:20:20.677+02:00 TRACE 13448 --- [api-gateway] [    Test worker] o.s.b.f.s.DefaultListableBeanFactory     : Returning cached instance of singleton bean 'postFilterAuthorizationAdvisor'
2025-04-26T22:20:20.677+02:00 TRACE 13448 --- [api-gateway] [    Test worker] o.s.b.f.s.DefaultListableBeanFactory     : Returning cached instance of singleton bean 'postAuthorizeAuthorizationAdvisor'
2025-04-26T22:20:20.677+02:00 TRACE 13448 --- [api-gateway] [    Test worker] o.s.b.f.s.DefaultListableBeanFactory     : Returning cached instance of singleton bean 'jsr250AuthorizationAdvisor'
2025-04-26T22:20:20.677+02:00 TRACE 13448 --- [api-gateway] [    Test worker] o.s.b.f.s.DefaultListableBeanFactory     : Returning cached instance of singleton bean 'authorizeReturnObjectAdvisor'
2025-04-26T22:20:20.677+02:00 TRACE 13448 --- [api-gateway] [    Test worker] o.s.b.f.s.DefaultListableBeanFactory     : Finished creating instance of bean 'eurekaLoadBalancerProperties'
2025-04-26T22:20:20.677+02:00 TRACE 13448 --- [api-gateway] [    Test worker] o.s.b.f.s.DefaultListableBeanFactory     : Returning cached instance of singleton bean 'default.org.springframework.cloud.netflix.eureka.loadbalancer.LoadBalancerEurekaAutoConfiguration.LoadBalancerClientSpecification'
2025-04-26T22:20:20.678+02:00 TRACE 13448 --- [api-gateway] [    Test worker] o.s.c.e.EventListenerMethodProcessor     : No @EventListener annotations found on bean class: com.pibbletv.api_gateway.ApiGatewayApplication
2025-04-26T22:20:20.678+02:00 TRACE 13448 --- [api-gateway] [    Test worker] o.s.c.e.EventListenerMethodProcessor     : No @EventListener annotations found on bean class: com.pibbletv.api_gateway.GatewayConfig$$SpringCGLIB$$0
2025-04-26T22:20:20.679+02:00 TRACE 13448 --- [api-gateway] [    Test worker] o.s.c.e.EventListenerMethodProcessor     : No @EventListener annotations found on bean class: com.pibbletv.api_gateway.SecurityConfig$$SpringCGLIB$$0
2025-04-26T22:20:20.679+02:00 TRACE 13448 --- [api-gateway] [    Test worker] o.s.c.e.EventListenerMethodProcessor     : No @EventListener annotations found on bean class: org.springframework.security.config.annotation.web.reactive.ServerHttpSecurityConfiguration
2025-04-26T22:20:20.679+02:00 TRACE 13448 --- [api-gateway] [    Test worker] o.s.c.e.EventListenerMethodProcessor     : No @EventListener annotations found on bean class: org.springframework.security.config.annotation.web.reactive.WebFluxSecurityConfiguration
2025-04-26T22:20:20.679+02:00 TRACE 13448 --- [api-gateway] [    Test worker] o.s.c.e.EventListenerMethodProcessor     : No @EventListener annotations found on bean class: org.springframework.security.config.annotation.web.reactive.ReactiveObservationConfiguration
2025-04-26T22:20:20.679+02:00 TRACE 13448 --- [api-gateway] [    Test worker] o.s.c.e.EventListenerMethodProcessor     : No @EventListener annotations found on bean class: org.springframework.security.config.annotation.method.configuration.PrePostMethodSecurityConfiguration
2025-04-26T22:20:20.679+02:00 TRACE 13448 --- [api-gateway] [    Test worker] o.s.c.e.EventListenerMethodProcessor     : No @EventListener annotations found on bean class: org.springframework.security.config.annotation.method.configuration.Jsr250MethodSecurityConfiguration
2025-04-26T22:20:20.679+02:00 TRACE 13448 --- [api-gateway] [    Test worker] o.s.c.e.EventListenerMethodProcessor     : No @EventListener annotations found on bean class: org.springframework.security.config.annotation.method.configuration.AuthorizationProxyConfiguration
2025-04-26T22:20:20.679+02:00 TRACE 13448 --- [api-gateway] [    Test worker] o.s.c.e.EventListenerMethodProcessor     : No @EventListener annotations found on bean class: org.springframework.security.config.annotation.method.configuration.MethodObservationConfiguration
2025-04-26T22:20:20.679+02:00 TRACE 13448 --- [api-gateway] [    Test worker] o.s.c.e.EventListenerMethodProcessor     : No @EventListener annotations found on bean class: org.springframework.boot.autoconfigure.context.PropertyPlaceholderAutoConfiguration
2025-04-26T22:20:20.679+02:00 TRACE 13448 --- [api-gateway] [    Test worker] o.s.c.e.EventListenerMethodProcessor     : No @EventListener annotations found on bean class: org.springframework.boot.autoconfigure.reactor.netty.ReactorNettyConfigurations$ReactorResourceFactoryConfiguration
2025-04-26T22:20:20.679+02:00 TRACE 13448 --- [api-gateway] [    Test worker] o.s.c.e.EventListenerMethodProcessor     : No @EventListener annotations found on bean class: org.springframework.boot.autoconfigure.web.reactive.ReactiveWebServerFactoryConfiguration$EmbeddedNetty
2025-04-26T22:20:20.679+02:00 TRACE 13448 --- [api-gateway] [    Test worker] o.s.c.e.EventListenerMethodProcessor     : No @EventListener annotations found on bean class: org.springframework.boot.autoconfigure.web.reactive.ReactiveWebServerFactoryAutoConfiguration
2025-04-26T22:20:20.679+02:00 TRACE 13448 --- [api-gateway] [    Test worker] o.s.c.e.EventListenerMethodProcessor     : No @EventListener annotations found on bean class: org.springframework.boot.autoconfigure.jackson.JacksonAutoConfiguration$Jackson2ObjectMapperBuilderCustomizerConfiguration
2025-04-26T22:20:20.680+02:00 TRACE 13448 --- [api-gateway] [    Test worker] o.s.c.e.EventListenerMethodProcessor     : No @EventListener annotations found on bean class: org.springframework.boot.autoconfigure.jackson.JacksonAutoConfiguration$JacksonObjectMapperBuilderConfiguration
2025-04-26T22:20:20.680+02:00 TRACE 13448 --- [api-gateway] [    Test worker] o.s.c.e.EventListenerMethodProcessor     : No @EventListener annotations found on bean class: org.springframework.boot.autoconfigure.jackson.JacksonAutoConfiguration$ParameterNamesModuleConfiguration
2025-04-26T22:20:20.680+02:00 TRACE 13448 --- [api-gateway] [    Test worker] o.s.c.e.EventListenerMethodProcessor     : No @EventListener annotations found on bean class: com.fasterxml.jackson.module.paramnames.ParameterNamesModule
2025-04-26T22:20:20.680+02:00 TRACE 13448 --- [api-gateway] [    Test worker] o.s.c.e.EventListenerMethodProcessor     : No @EventListener annotations found on bean class: org.springframework.boot.autoconfigure.jackson.JacksonAutoConfiguration$JacksonObjectMapperConfiguration
2025-04-26T22:20:20.680+02:00 TRACE 13448 --- [api-gateway] [    Test worker] o.s.c.e.EventListenerMethodProcessor     : No @EventListener annotations found on bean class: com.fasterxml.jackson.databind.ObjectMapper
2025-04-26T22:20:20.680+02:00 TRACE 13448 --- [api-gateway] [    Test worker] o.s.c.e.EventListenerMethodProcessor     : No @EventListener annotations found on bean class: org.springframework.boot.autoconfigure.jackson.JacksonAutoConfiguration$JacksonMixinConfiguration
2025-04-26T22:20:20.680+02:00 TRACE 13448 --- [api-gateway] [    Test worker] o.s.c.e.EventListenerMethodProcessor     : No @EventListener annotations found on bean class: org.springframework.boot.autoconfigure.jackson.JacksonAutoConfiguration
2025-04-26T22:20:20.680+02:00 TRACE 13448 --- [api-gateway] [    Test worker] o.s.c.e.EventListenerMethodProcessor     : No @EventListener annotations found on bean class: org.springframework.boot.autoconfigure.http.codec.CodecsAutoConfiguration$DefaultCodecsConfiguration
2025-04-26T22:20:20.680+02:00 TRACE 13448 --- [api-gateway] [    Test worker] o.s.c.e.EventListenerMethodProcessor     : No @EventListener annotations found on bean class: org.springframework.boot.autoconfigure.http.codec.CodecsAutoConfiguration$JacksonCodecConfiguration
2025-04-26T22:20:20.681+02:00 TRACE 13448 --- [api-gateway] [    Test worker] o.s.c.e.EventListenerMethodProcessor     : No @EventListener annotations found on bean class: org.springframework.boot.autoconfigure.http.codec.CodecsAutoConfiguration
2025-04-26T22:20:20.681+02:00 TRACE 13448 --- [api-gateway] [    Test worker] o.s.c.e.EventListenerMethodProcessor     : No @EventListener annotations found on bean class: org.springframework.boot.autoconfigure.validation.ValidationAutoConfiguration
2025-04-26T22:20:20.681+02:00 TRACE 13448 --- [api-gateway] [    Test worker] o.s.c.e.EventListenerMethodProcessor     : No @EventListener annotations found on bean class: org.springframework.boot.autoconfigure.web.reactive.ReactiveMultipartAutoConfiguration
2025-04-26T22:20:20.681+02:00 TRACE 13448 --- [api-gateway] [    Test worker] o.s.c.e.EventListenerMethodProcessor     : No @EventListener annotations found on bean class: org.springframework.boot.autoconfigure.web.reactive.WebSessionIdResolverAutoConfiguration
2025-04-26T22:20:20.681+02:00 TRACE 13448 --- [api-gateway] [    Test worker] o.s.c.e.EventListenerMethodProcessor     : No @EventListener annotations found on bean class: org.springframework.boot.autoconfigure.web.reactive.error.ErrorWebFluxAutoConfiguration
2025-04-26T22:20:20.681+02:00 TRACE 13448 --- [api-gateway] [    Test worker] o.s.c.e.EventListenerMethodProcessor     : No @EventListener annotations found on bean class: org.springframework.cloud.gateway.config.GatewayClassPathWarningAutoConfiguration
2025-04-26T22:20:20.681+02:00 TRACE 13448 --- [api-gateway] [    Test worker] o.s.c.e.EventListenerMethodProcessor     : No @EventListener annotations found on bean class: org.springframework.cloud.loadbalancer.config.LoadBalancerAutoConfiguration
2025-04-26T22:20:20.681+02:00 TRACE 13448 --- [api-gateway] [    Test worker] o.s.c.e.EventListenerMethodProcessor     : No @EventListener annotations found on bean class: org.springframework.cloud.gateway.config.GatewayReactiveLoadBalancerClientAutoConfiguration
2025-04-26T22:20:20.681+02:00 TRACE 13448 --- [api-gateway] [    Test worker] o.s.c.e.EventListenerMethodProcessor     : No @EventListener annotations found on bean class: org.springframework.cloud.client.discovery.composite.CompositeDiscoveryClientAutoConfiguration
2025-04-26T22:20:20.681+02:00 TRACE 13448 --- [api-gateway] [    Test worker] o.s.c.e.EventListenerMethodProcessor     : No @EventListener annotations found on bean class: org.springframework.cloud.gateway.discovery.GatewayDiscoveryClientAutoConfiguration$ReactiveDiscoveryClientRouteDefinitionLocatorConfiguration
2025-04-26T22:20:20.681+02:00 TRACE 13448 --- [api-gateway] [    Test worker] o.s.c.e.EventListenerMethodProcessor     : No @EventListener annotations found on bean class: org.springframework.cloud.gateway.discovery.GatewayDiscoveryClientAutoConfiguration
2025-04-26T22:20:20.681+02:00 TRACE 13448 --- [api-gateway] [    Test worker] o.s.c.e.EventListenerMethodProcessor     : No @EventListener annotations found on bean class: org.springframework.cloud.gateway.config.GatewayAutoConfiguration$NettyConfiguration
2025-04-26T22:20:20.681+02:00 TRACE 13448 --- [api-gateway] [    Test worker] o.s.c.e.EventListenerMethodProcessor     : No @EventListener annotations found on bean class: reactor.netty.http.client.HttpClient
2025-04-26T22:20:20.681+02:00 TRACE 13448 --- [api-gateway] [    Test worker] o.s.c.e.EventListenerMethodProcessor     : No @EventListener annotations found on bean class: org.springframework.cloud.gateway.config.GatewayAutoConfiguration
2025-04-26T22:20:20.682+02:00 TRACE 13448 --- [api-gateway] [    Test worker] o.s.c.e.EventListenerMethodProcessor     : No @EventListener annotations found on bean class: org.springframework.boot.autoconfigure.web.reactive.WebFluxAutoConfiguration$EnableWebFluxConfiguration
2025-04-26T22:20:20.682+02:00 TRACE 13448 --- [api-gateway] [    Test worker] o.s.c.e.EventListenerMethodProcessor     : No @EventListener annotations found on bean class: org.springframework.boot.autoconfigure.web.reactive.WebFluxAutoConfiguration$WebFluxConfig
2025-04-26T22:20:20.682+02:00 TRACE 13448 --- [api-gateway] [    Test worker] o.s.c.e.EventListenerMethodProcessor     : No @EventListener annotations found on bean class: org.springframework.boot.autoconfigure.web.reactive.WebFluxAutoConfiguration$WelcomePageConfiguration
2025-04-26T22:20:20.682+02:00 TRACE 13448 --- [api-gateway] [    Test worker] o.s.c.e.EventListenerMethodProcessor     : No @EventListener annotations found on bean class: org.springframework.boot.autoconfigure.web.reactive.WebFluxAutoConfiguration
2025-04-26T22:20:20.682+02:00 TRACE 13448 --- [api-gateway] [    Test worker] o.s.c.e.EventListenerMethodProcessor     : No @EventListener annotations found on bean class: org.springframework.boot.autoconfigure.web.reactive.HttpHandlerAutoConfiguration$AnnotationConfig
2025-04-26T22:20:20.682+02:00 TRACE 13448 --- [api-gateway] [    Test worker] o.s.c.e.EventListenerMethodProcessor     : No @EventListener annotations found on bean class: org.springframework.boot.autoconfigure.web.reactive.HttpHandlerAutoConfiguration
2025-04-26T22:20:20.682+02:00 TRACE 13448 --- [api-gateway] [    Test worker] o.s.c.e.EventListenerMethodProcessor     : No @EventListener annotations found on bean class: org.springframework.boot.autoconfigure.aop.AopAutoConfiguration$ClassProxyingConfiguration
2025-04-26T22:20:20.682+02:00 TRACE 13448 --- [api-gateway] [    Test worker] o.s.c.e.EventListenerMethodProcessor     : No @EventListener annotations found on bean class: org.springframework.boot.autoconfigure.aop.AopAutoConfiguration
2025-04-26T22:20:20.682+02:00 TRACE 13448 --- [api-gateway] [    Test worker] o.s.c.e.EventListenerMethodProcessor     : No @EventListener annotations found on bean class: org.springframework.boot.autoconfigure.availability.ApplicationAvailabilityAutoConfiguration
2025-04-26T22:20:20.682+02:00 TRACE 13448 --- [api-gateway] [    Test worker] o.s.c.e.EventListenerMethodProcessor     : No @EventListener annotations found on bean class: org.springframework.cloud.autoconfigure.RefreshAutoConfiguration$RefreshScopeBeanDefinitionEnhancer
2025-04-26T22:20:20.683+02:00 TRACE 13448 --- [api-gateway] [    Test worker] o.s.c.e.EventListenerMethodProcessor     : No @EventListener annotations found on bean class: org.springframework.cloud.autoconfigure.RefreshAutoConfiguration
2025-04-26T22:20:20.683+02:00 TRACE 13448 --- [api-gateway] [    Test worker] o.s.c.e.EventListenerMethodProcessor     : No @EventListener annotations found on bean class: org.springframework.boot.autoconfigure.context.ConfigurationPropertiesAutoConfiguration
2025-04-26T22:20:20.683+02:00 TRACE 13448 --- [api-gateway] [    Test worker] o.s.c.e.EventListenerMethodProcessor     : No @EventListener annotations found on bean class: org.springframework.boot.autoconfigure.context.LifecycleAutoConfiguration
2025-04-26T22:20:20.683+02:00 TRACE 13448 --- [api-gateway] [    Test worker] o.s.c.e.EventListenerMethodProcessor     : No @EventListener annotations found on bean class: org.springframework.boot.autoconfigure.gson.GsonAutoConfiguration
2025-04-26T22:20:20.683+02:00 TRACE 13448 --- [api-gateway] [    Test worker] o.s.c.e.EventListenerMethodProcessor     : No @EventListener annotations found on bean class: com.google.gson.GsonBuilder
2025-04-26T22:20:20.683+02:00 TRACE 13448 --- [api-gateway] [    Test worker] o.s.c.e.EventListenerMethodProcessor     : No @EventListener annotations found on bean class: com.google.gson.Gson
2025-04-26T22:20:20.683+02:00 TRACE 13448 --- [api-gateway] [    Test worker] o.s.c.e.EventListenerMethodProcessor     : No @EventListener annotations found on bean class: org.springframework.boot.autoconfigure.ssl.SslAutoConfiguration
2025-04-26T22:20:20.683+02:00 TRACE 13448 --- [api-gateway] [    Test worker] o.s.c.e.EventListenerMethodProcessor     : No @EventListener annotations found on bean class: org.springframework.boot.autoconfigure.info.ProjectInfoAutoConfiguration
2025-04-26T22:20:20.683+02:00 TRACE 13448 --- [api-gateway] [    Test worker] o.s.c.e.EventListenerMethodProcessor     : No @EventListener annotations found on bean class: org.springframework.boot.autoconfigure.netty.NettyAutoConfiguration
2025-04-26T22:20:20.683+02:00 TRACE 13448 --- [api-gateway] [    Test worker] o.s.c.e.EventListenerMethodProcessor     : No @EventListener annotations found on bean class: org.springframework.boot.autoconfigure.reactor.ReactorAutoConfiguration
2025-04-26T22:20:20.683+02:00 TRACE 13448 --- [api-gateway] [    Test worker] o.s.c.e.EventListenerMethodProcessor     : No @EventListener annotations found on bean class: org.springframework.boot.autoconfigure.security.oauth2.resource.reactive.ReactiveOAuth2ResourceServerJwkConfiguration$JwtConfiguration
2025-04-26T22:20:20.683+02:00 TRACE 13448 --- [api-gateway] [    Test worker] o.s.c.e.EventListenerMethodProcessor     : No @EventListener annotations found on bean class: org.springframework.boot.autoconfigure.security.oauth2.resource.reactive.ReactiveOAuth2ResourceServerConfiguration$JwtConfiguration
2025-04-26T22:20:20.683+02:00 TRACE 13448 --- [api-gateway] [    Test worker] o.s.c.e.EventListenerMethodProcessor     : No @EventListener annotations found on bean class: org.springframework.boot.autoconfigure.security.oauth2.resource.reactive.ReactiveOAuth2ResourceServerOpaqueTokenConfiguration$OpaqueTokenIntrospectionClientConfiguration
2025-04-26T22:20:20.683+02:00 TRACE 13448 --- [api-gateway] [    Test worker] o.s.c.e.EventListenerMethodProcessor     : No @EventListener annotations found on bean class: org.springframework.boot.autoconfigure.security.oauth2.resource.reactive.ReactiveOAuth2ResourceServerConfiguration$OpaqueTokenConfiguration
2025-04-26T22:20:20.683+02:00 TRACE 13448 --- [api-gateway] [    Test worker] o.s.c.e.EventListenerMethodProcessor     : No @EventListener annotations found on bean class: org.springframework.boot.autoconfigure.security.oauth2.resource.reactive.ReactiveOAuth2ResourceServerAutoConfiguration
2025-04-26T22:20:20.683+02:00 TRACE 13448 --- [api-gateway] [    Test worker] o.s.c.e.EventListenerMethodProcessor     : No @EventListener annotations found on bean class: org.springframework.boot.autoconfigure.security.reactive.ReactiveSecurityAutoConfiguration$SpringBootWebFluxSecurityConfiguration
2025-04-26T22:20:20.683+02:00 TRACE 13448 --- [api-gateway] [    Test worker] o.s.c.e.EventListenerMethodProcessor     : No @EventListener annotations found on bean class: org.springframework.boot.autoconfigure.security.reactive.ReactiveSecurityAutoConfiguration
2025-04-26T22:20:20.683+02:00 TRACE 13448 --- [api-gateway] [    Test worker] o.s.c.e.EventListenerMethodProcessor     : No @EventListener annotations found on bean class: org.springframework.boot.autoconfigure.security.servlet.SecurityAutoConfiguration
2025-04-26T22:20:20.683+02:00 TRACE 13448 --- [api-gateway] [    Test worker] o.s.c.e.EventListenerMethodProcessor     : No @EventListener annotations found on bean class: org.springframework.boot.autoconfigure.sql.init.SqlInitializationAutoConfiguration
2025-04-26T22:20:20.683+02:00 TRACE 13448 --- [api-gateway] [    Test worker] o.s.c.e.EventListenerMethodProcessor     : No @EventListener annotations found on bean class: org.springframework.boot.autoconfigure.task.TaskExecutorConfigurations$ThreadPoolTaskExecutorBuilderConfiguration
2025-04-26T22:20:20.684+02:00 TRACE 13448 --- [api-gateway] [    Test worker] o.s.c.e.EventListenerMethodProcessor     : No @EventListener annotations found on bean class: org.springframework.boot.autoconfigure.task.TaskExecutorConfigurations$SimpleAsyncTaskExecutorBuilderConfiguration
2025-04-26T22:20:20.684+02:00 TRACE 13448 --- [api-gateway] [    Test worker] o.s.c.e.EventListenerMethodProcessor     : No @EventListener annotations found on bean class: org.springframework.boot.autoconfigure.task.TaskExecutorConfigurations$TaskExecutorConfiguration
2025-04-26T22:20:20.684+02:00 TRACE 13448 --- [api-gateway] [    Test worker] o.s.c.e.EventListenerMethodProcessor     : No @EventListener annotations found on bean class: org.springframework.boot.autoconfigure.task.TaskExecutionAutoConfiguration
2025-04-26T22:20:20.684+02:00 TRACE 13448 --- [api-gateway] [    Test worker] o.s.c.e.EventListenerMethodProcessor     : No @EventListener annotations found on bean class: org.springframework.boot.autoconfigure.task.TaskSchedulingConfigurations$ThreadPoolTaskSchedulerBuilderConfiguration
2025-04-26T22:20:20.684+02:00 TRACE 13448 --- [api-gateway] [    Test worker] o.s.c.e.EventListenerMethodProcessor     : No @EventListener annotations found on bean class: org.springframework.boot.autoconfigure.task.TaskSchedulingConfigurations$SimpleAsyncTaskSchedulerBuilderConfiguration
2025-04-26T22:20:20.684+02:00 TRACE 13448 --- [api-gateway] [    Test worker] o.s.c.e.EventListenerMethodProcessor     : No @EventListener annotations found on bean class: org.springframework.boot.autoconfigure.task.TaskSchedulingAutoConfiguration
2025-04-26T22:20:20.684+02:00 TRACE 13448 --- [api-gateway] [    Test worker] o.s.c.e.EventListenerMethodProcessor     : No @EventListener annotations found on bean class: org.springframework.boot.autoconfigure.web.embedded.EmbeddedWebServerFactoryCustomizerAutoConfiguration$NettyWebServerFactoryCustomizerConfiguration
2025-04-26T22:20:20.684+02:00 TRACE 13448 --- [api-gateway] [    Test worker] o.s.c.e.EventListenerMethodProcessor     : No @EventListener annotations found on bean class: org.springframework.boot.autoconfigure.web.embedded.EmbeddedWebServerFactoryCustomizerAutoConfiguration
2025-04-26T22:20:20.684+02:00 TRACE 13448 --- [api-gateway] [    Test worker] o.s.c.e.EventListenerMethodProcessor     : No @EventListener annotations found on bean class: org.springframework.boot.autoconfigure.web.reactive.function.client.ClientHttpConnectorFactoryConfiguration$ReactorNetty
2025-04-26T22:20:20.684+02:00 TRACE 13448 --- [api-gateway] [    Test worker] o.s.c.e.EventListenerMethodProcessor     : No @EventListener annotations found on bean class: org.springframework.boot.autoconfigure.web.reactive.function.client.ClientHttpConnectorAutoConfiguration
2025-04-26T22:20:20.684+02:00 TRACE 13448 --- [api-gateway] [    Test worker] o.s.c.e.EventListenerMethodProcessor     : No @EventListener annotations found on bean class: org.springframework.boot.autoconfigure.web.reactive.function.client.WebClientAutoConfiguration$WebClientCodecsConfiguration
2025-04-26T22:20:20.684+02:00 TRACE 13448 --- [api-gateway] [    Test worker] o.s.c.e.EventListenerMethodProcessor     : No @EventListener annotations found on bean class: org.springframework.boot.autoconfigure.web.reactive.function.client.WebClientAutoConfiguration
2025-04-26T22:20:20.684+02:00 TRACE 13448 --- [api-gateway] [    Test worker] o.s.c.e.EventListenerMethodProcessor     : No @EventListener annotations found on bean class: org.springframework.cloud.autoconfigure.ConfigurationPropertiesRebinderAutoConfiguration
2025-04-26T22:20:20.684+02:00 TRACE 13448 --- [api-gateway] [    Test worker] o.s.c.e.EventListenerMethodProcessor     : No @EventListener annotations found on bean class: org.springframework.cloud.context.properties.ConfigurationPropertiesBeans
2025-04-26T22:20:20.684+02:00 TRACE 13448 --- [api-gateway] [    Test worker] o.s.c.e.EventListenerMethodProcessor     : No @EventListener annotations found on bean class: org.springframework.cloud.context.properties.ConfigurationPropertiesRebinder
2025-04-26T22:20:20.684+02:00 TRACE 13448 --- [api-gateway] [    Test worker] o.s.c.e.EventListenerMethodProcessor     : No @EventListener annotations found on bean class: org.springframework.cloud.autoconfigure.LifecycleMvcEndpointAutoConfiguration
2025-04-26T22:20:20.684+02:00 TRACE 13448 --- [api-gateway] [    Test worker] o.s.c.e.EventListenerMethodProcessor     : No @EventListener annotations found on bean class: org.springframework.cloud.context.environment.EnvironmentManager
2025-04-26T22:20:20.685+02:00 TRACE 13448 --- [api-gateway] [    Test worker] o.s.c.e.EventListenerMethodProcessor     : No @EventListener annotations found on bean class: org.springframework.cloud.client.discovery.simple.SimpleDiscoveryClientAutoConfiguration
2025-04-26T22:20:20.685+02:00 TRACE 13448 --- [api-gateway] [    Test worker] o.s.c.e.EventListenerMethodProcessor     : No @EventListener annotations found on bean class: org.springframework.cloud.client.serviceregistry.AutoServiceRegistrationConfiguration
2025-04-26T22:20:20.685+02:00 TRACE 13448 --- [api-gateway] [    Test worker] o.s.c.e.EventListenerMethodProcessor     : No @EventListener annotations found on bean class: org.springframework.cloud.client.serviceregistry.AutoServiceRegistrationAutoConfiguration
2025-04-26T22:20:20.685+02:00 TRACE 13448 --- [api-gateway] [    Test worker] o.s.c.e.EventListenerMethodProcessor     : No @EventListener annotations found on bean class: org.springframework.cloud.netflix.eureka.EurekaDiscoveryClientConfiguration$EurekaClientConfigurationRefresher
2025-04-26T22:20:20.685+02:00 TRACE 13448 --- [api-gateway] [    Test worker] o.s.c.e.EventListenerMethodProcessor     : No @EventListener annotations found on bean class: org.springframework.cloud.netflix.eureka.EurekaDiscoveryClientConfiguration
2025-04-26T22:20:20.685+02:00 TRACE 13448 --- [api-gateway] [    Test worker] o.s.c.e.EventListenerMethodProcessor     : No @EventListener annotations found on bean class: org.springframework.cloud.netflix.eureka.config.DiscoveryClientOptionalArgsConfiguration$WebClientConfiguration
2025-04-26T22:20:20.685+02:00 TRACE 13448 --- [api-gateway] [    Test worker] o.s.c.e.EventListenerMethodProcessor     : No @EventListener annotations found on bean class: org.springframework.cloud.netflix.eureka.config.DiscoveryClientOptionalArgsConfiguration
2025-04-26T22:20:20.685+02:00 TRACE 13448 --- [api-gateway] [    Test worker] o.s.c.e.EventListenerMethodProcessor     : No @EventListener annotations found on bean class: org.springframework.cloud.netflix.eureka.EurekaClientAutoConfiguration$RefreshableEurekaClientConfiguration
2025-04-26T22:20:20.685+02:00 TRACE 13448 --- [api-gateway] [    Test worker] o.s.c.e.EventListenerMethodProcessor     : No @EventListener annotations found on bean class: com.netflix.discovery.EurekaClient
2025-04-26T22:20:20.685+02:00 TRACE 13448 --- [api-gateway] [    Test worker] o.s.c.e.EventListenerMethodProcessor     : No @EventListener annotations found on bean class: com.netflix.appinfo.ApplicationInfoManager
2025-04-26T22:20:20.685+02:00 TRACE 13448 --- [api-gateway] [    Test worker] o.s.c.e.EventListenerMethodProcessor     : No @EventListener annotations found on bean class: org.springframework.cloud.netflix.eureka.EurekaClientAutoConfiguration
2025-04-26T22:20:20.685+02:00 TRACE 13448 --- [api-gateway] [    Test worker] o.s.c.e.EventListenerMethodProcessor     : No @EventListener annotations found on bean class: org.springframework.cloud.client.CommonsClientAutoConfiguration
2025-04-26T22:20:20.685+02:00 TRACE 13448 --- [api-gateway] [    Test worker] o.s.c.e.EventListenerMethodProcessor     : No @EventListener annotations found on bean class: org.springframework.cloud.client.discovery.composite.reactive.ReactiveCompositeDiscoveryClientAutoConfiguration
2025-04-26T22:20:20.686+02:00 TRACE 13448 --- [api-gateway] [    Test worker] o.s.c.e.EventListenerMethodProcessor     : No @EventListener annotations found on bean class: org.springframework.cloud.client.discovery.simple.reactive.SimpleReactiveDiscoveryClientAutoConfiguration
2025-04-26T22:20:20.686+02:00 TRACE 13448 --- [api-gateway] [    Test worker] o.s.c.e.EventListenerMethodProcessor     : No @EventListener annotations found on bean class: org.springframework.cloud.netflix.eureka.reactive.EurekaReactiveDiscoveryClientConfiguration
2025-04-26T22:20:20.686+02:00 TRACE 13448 --- [api-gateway] [    Test worker] o.s.c.e.EventListenerMethodProcessor     : No @EventListener annotations found on bean class: org.springframework.cloud.client.ReactiveCommonsClientAutoConfiguration
2025-04-26T22:20:20.686+02:00 TRACE 13448 --- [api-gateway] [    Test worker] o.s.c.e.EventListenerMethodProcessor     : No @EventListener annotations found on bean class: org.springframework.cloud.loadbalancer.config.BlockingLoadBalancerClientAutoConfiguration
2025-04-26T22:20:20.686+02:00 TRACE 13448 --- [api-gateway] [    Test worker] o.s.c.e.EventListenerMethodProcessor     : No @EventListener annotations found on bean class: org.springframework.cloud.client.loadbalancer.LoadBalancerAutoConfiguration$LoadBalancerInterceptorConfig
2025-04-26T22:20:20.686+02:00 TRACE 13448 --- [api-gateway] [    Test worker] o.s.c.e.EventListenerMethodProcessor     : No @EventListener annotations found on bean class: org.springframework.cloud.client.loadbalancer.LoadBalancerAutoConfiguration$DeferringLoadBalancerInterceptorConfig
2025-04-26T22:20:20.686+02:00 TRACE 13448 --- [api-gateway] [    Test worker] o.s.c.e.EventListenerMethodProcessor     : No @EventListener annotations found on bean class: org.springframework.cloud.client.loadbalancer.LoadBalancerAutoConfiguration
2025-04-26T22:20:20.686+02:00 TRACE 13448 --- [api-gateway] [    Test worker] o.s.c.e.EventListenerMethodProcessor     : No @EventListener annotations found on bean class: org.springframework.cloud.client.loadbalancer.LoadBalancerDefaultMappingsProviderAutoConfiguration
2025-04-26T22:20:20.686+02:00 TRACE 13448 --- [api-gateway] [    Test worker] o.s.c.e.EventListenerMethodProcessor     : No @EventListener annotations found on bean class: org.springframework.cloud.client.loadbalancer.reactive.LoadBalancerBeanPostProcessorAutoConfiguration$ReactorDeferringLoadBalancerFilterConfig
2025-04-26T22:20:20.686+02:00 TRACE 13448 --- [api-gateway] [    Test worker] o.s.c.e.EventListenerMethodProcessor     : No @EventListener annotations found on bean class: org.springframework.cloud.client.loadbalancer.reactive.LoadBalancerBeanPostProcessorAutoConfiguration
2025-04-26T22:20:20.686+02:00 TRACE 13448 --- [api-gateway] [    Test worker] o.s.c.e.EventListenerMethodProcessor     : No @EventListener annotations found on bean class: org.springframework.cloud.client.loadbalancer.reactive.ReactorLoadBalancerClientAutoConfiguration
2025-04-26T22:20:20.686+02:00 TRACE 13448 --- [api-gateway] [    Test worker] o.s.c.e.EventListenerMethodProcessor     : No @EventListener annotations found on bean class: org.springframework.cloud.client.serviceregistry.ServiceRegistryAutoConfiguration
2025-04-26T22:20:20.686+02:00 TRACE 13448 --- [api-gateway] [    Test worker] o.s.c.e.EventListenerMethodProcessor     : No @EventListener annotations found on bean class: org.springframework.cloud.commons.config.CommonsConfigAutoConfiguration
2025-04-26T22:20:20.686+02:00 TRACE 13448 --- [api-gateway] [    Test worker] o.s.c.e.EventListenerMethodProcessor     : No @EventListener annotations found on bean class: org.springframework.cloud.commons.util.UtilAutoConfiguration
2025-04-26T22:20:20.686+02:00 TRACE 13448 --- [api-gateway] [    Test worker] o.s.c.e.EventListenerMethodProcessor     : No @EventListener annotations found on bean class: org.springframework.cloud.configuration.CompatibilityVerifierAutoConfiguration
2025-04-26T22:20:20.686+02:00 TRACE 13448 --- [api-gateway] [    Test worker] o.s.c.e.EventListenerMethodProcessor     : No @EventListener annotations found on bean class: org.springframework.cloud.loadbalancer.config.LoadBalancerCacheAutoConfiguration$DefaultLoadBalancerCacheManagerConfiguration
2025-04-26T22:20:20.686+02:00 TRACE 13448 --- [api-gateway] [    Test worker] o.s.c.e.EventListenerMethodProcessor     : No @EventListener annotations found on bean class: org.springframework.cloud.loadbalancer.config.LoadBalancerCacheAutoConfiguration$LoadBalancerCacheManagerWarnConfiguration
2025-04-26T22:20:20.686+02:00 TRACE 13448 --- [api-gateway] [    Test worker] o.s.c.e.EventListenerMethodProcessor     : No @EventListener annotations found on bean class: org.springframework.cloud.loadbalancer.config.LoadBalancerCacheAutoConfiguration
2025-04-26T22:20:20.686+02:00 TRACE 13448 --- [api-gateway] [    Test worker] o.s.c.e.EventListenerMethodProcessor     : No @EventListener annotations found on bean class: org.springframework.cloud.netflix.eureka.loadbalancer.LoadBalancerEurekaAutoConfiguration
2025-04-26T22:20:20.688+02:00 TRACE 13448 --- [api-gateway] [    Test worker] o.s.b.f.s.DefaultListableBeanFactory     : Returning cached instance of singleton bean 'restTemplateCustomizer'
2025-04-26T22:20:20.690+02:00 TRACE 13448 --- [api-gateway] [    Test worker] o.s.b.f.s.DefaultListableBeanFactory     : Returning cached instance of singleton bean 'lifecycleProcessor'
2025-04-26T22:20:20.690+02:00 TRACE 13448 --- [api-gateway] [    Test worker] r.c.GenericReactiveWebApplicationContext : Using LifecycleProcessor [org.springframework.context.support.DefaultLifecycleProcessor@731ab49b]
2025-04-26T22:20:20.690+02:00 TRACE 13448 --- [api-gateway] [    Test worker] o.s.b.f.s.DefaultListableBeanFactory     : Returning cached instance of singleton bean 'reactorResourceFactory'
2025-04-26T22:20:20.690+02:00 TRACE 13448 --- [api-gateway] [    Test worker] o.s.b.f.s.DefaultListableBeanFactory     : Returning cached instance of singleton bean 'webSocketService'
2025-04-26T22:20:20.690+02:00 TRACE 13448 --- [api-gateway] [    Test worker] o.s.b.f.s.DefaultListableBeanFactory     : Returning cached instance of singleton bean 'refreshScopeLifecycle'
2025-04-26T22:20:20.690+02:00 TRACE 13448 --- [api-gateway] [    Test worker] o.s.b.f.s.DefaultListableBeanFactory     : Returning cached instance of singleton bean 'lifecycleProcessor'
2025-04-26T22:20:20.690+02:00 DEBUG 13448 --- [api-gateway] [    Test worker] o.s.b.f.s.DefaultListableBeanFactory     : Creating shared instance of singleton bean 'applicationTaskExecutor'
2025-04-26T22:20:20.690+02:00 TRACE 13448 --- [api-gateway] [    Test worker] o.s.b.f.s.DefaultListableBeanFactory     : Creating instance of bean 'applicationTaskExecutor'
2025-04-26T22:20:20.690+02:00 TRACE 13448 --- [api-gateway] [    Test worker] o.s.b.f.s.DefaultListableBeanFactory     : Returning cached instance of singleton bean 'org.springframework.boot.autoconfigure.task.TaskExecutorConfigurations$TaskExecutorConfiguration'
2025-04-26T22:20:20.691+02:00 TRACE 13448 --- [api-gateway] [    Test worker] o.s.b.f.s.DefaultListableBeanFactory     : Returning cached instance of singleton bean 'threadPoolTaskExecutorBuilder'
2025-04-26T22:20:20.691+02:00 DEBUG 13448 --- [api-gateway] [    Test worker] o.s.b.f.s.DefaultListableBeanFactory     : Autowiring by type from bean name 'applicationTaskExecutor' via factory method to bean named 'threadPoolTaskExecutorBuilder'
2025-04-26T22:20:20.696+02:00 TRACE 13448 --- [api-gateway] [    Test worker] o.s.b.f.s.DefaultListableBeanFactory     : Invoking afterPropertiesSet() on bean with name 'applicationTaskExecutor'
2025-04-26T22:20:20.696+02:00 DEBUG 13448 --- [api-gateway] [    Test worker] o.s.s.concurrent.ThreadPoolTaskExecutor  : Initializing ExecutorService 'applicationTaskExecutor'
2025-04-26T22:20:20.696+02:00 TRACE 13448 --- [api-gateway] [    Test worker] o.s.b.f.s.DefaultListableBeanFactory     : Returning cached instance of singleton bean 'preFilterAuthorizationAdvisor'
2025-04-26T22:20:20.696+02:00 TRACE 13448 --- [api-gateway] [    Test worker] o.s.b.f.s.DefaultListableBeanFactory     : Returning cached instance of singleton bean 'preAuthorizeAuthorizationAdvisor'
2025-04-26T22:20:20.696+02:00 TRACE 13448 --- [api-gateway] [    Test worker] o.s.b.f.s.DefaultListableBeanFactory     : Returning cached instance of singleton bean 'postFilterAuthorizationAdvisor'
2025-04-26T22:20:20.696+02:00 TRACE 13448 --- [api-gateway] [    Test worker] o.s.b.f.s.DefaultListableBeanFactory     : Returning cached instance of singleton bean 'postAuthorizeAuthorizationAdvisor'
2025-04-26T22:20:20.696+02:00 TRACE 13448 --- [api-gateway] [    Test worker] o.s.b.f.s.DefaultListableBeanFactory     : Returning cached instance of singleton bean 'jsr250AuthorizationAdvisor'
2025-04-26T22:20:20.696+02:00 TRACE 13448 --- [api-gateway] [    Test worker] o.s.b.f.s.DefaultListableBeanFactory     : Returning cached instance of singleton bean 'authorizeReturnObjectAdvisor'
2025-04-26T22:20:20.705+02:00 TRACE 13448 --- [api-gateway] [    Test worker] o.s.b.f.s.DefaultListableBeanFactory     : Finished creating instance of bean 'applicationTaskExecutor'
2025-04-26T22:20:20.705+02:00 TRACE 13448 --- [api-gateway] [    Test worker] o.s.b.f.s.DefaultListableBeanFactory     : Returning cached instance of singleton bean 'eurekaAutoServiceRegistration'
2025-04-26T22:20:20.705+02:00 TRACE 13448 --- [api-gateway] [    Test worker] o.s.b.f.s.DefaultListableBeanFactory     : Returning cached instance of singleton bean 'springBootLoggingLifecycle'
2025-04-26T22:20:20.708+02:00 DEBUG 13448 --- [api-gateway] [    Test worker] o.s.c.support.DefaultLifecycleProcessor  : Starting beans in phase -2147483647
2025-04-26T22:20:20.708+02:00 TRACE 13448 --- [api-gateway] [    Test worker] o.s.c.support.DefaultLifecycleProcessor  : Starting bean 'springBootLoggingLifecycle' of type [org.springframework.boot.context.logging.LoggingApplicationListener$Lifecycle]
2025-04-26T22:20:20.708+02:00 DEBUG 13448 --- [api-gateway] [    Test worker] o.s.c.support.DefaultLifecycleProcessor  : Successfully started bean 'springBootLoggingLifecycle'
2025-04-26T22:20:20.708+02:00 DEBUG 13448 --- [api-gateway] [    Test worker] o.s.c.support.DefaultLifecycleProcessor  : Starting beans in phase 0
2025-04-26T22:20:20.708+02:00 TRACE 13448 --- [api-gateway] [    Test worker] o.s.c.support.DefaultLifecycleProcessor  : Starting bean 'reactorResourceFactory' of type [org.springframework.http.client.ReactorResourceFactory]
2025-04-26T22:20:20.710+02:00 DEBUG 13448 --- [api-gateway] [    Test worker] o.s.c.support.DefaultLifecycleProcessor  : Successfully started bean 'reactorResourceFactory'
2025-04-26T22:20:20.710+02:00 TRACE 13448 --- [api-gateway] [    Test worker] o.s.c.support.DefaultLifecycleProcessor  : Starting bean 'eurekaAutoServiceRegistration' of type [org.springframework.cloud.netflix.eureka.serviceregistry.EurekaAutoServiceRegistration]
2025-04-26T22:20:20.711+02:00 TRACE 13448 --- [api-gateway] [    Test worker] o.s.b.f.s.DefaultListableBeanFactory     : Creating instance of bean 'scopedTarget.eurekaRegistration'
2025-04-26T22:20:20.712+02:00 TRACE 13448 --- [api-gateway] [    Test worker] o.s.b.f.s.DefaultListableBeanFactory     : Returning cached instance of singleton bean 'org.springframework.cloud.netflix.eureka.EurekaClientAutoConfiguration$RefreshableEurekaClientConfiguration'
2025-04-26T22:20:20.712+02:00 TRACE 13448 --- [api-gateway] [    Test worker] o.s.b.f.s.DefaultListableBeanFactory     : Returning cached instance of singleton bean 'eurekaClient'
2025-04-26T22:20:20.712+02:00 TRACE 13448 --- [api-gateway] [    Test worker] o.s.b.f.s.DefaultListableBeanFactory     : Returning cached instance of singleton bean 'eurekaInstanceConfigBean'
2025-04-26T22:20:20.713+02:00 TRACE 13448 --- [api-gateway] [    Test worker] o.s.b.f.s.DefaultListableBeanFactory     : Returning cached instance of singleton bean 'eurekaApplicationInfoManager'
2025-04-26T22:20:20.713+02:00 DEBUG 13448 --- [api-gateway] [    Test worker] o.s.b.f.s.DefaultListableBeanFactory     : Autowiring by type from bean name 'scopedTarget.eurekaRegistration' via factory method to bean named 'eurekaClient'
2025-04-26T22:20:20.713+02:00 DEBUG 13448 --- [api-gateway] [    Test worker] o.s.b.f.s.DefaultListableBeanFactory     : Autowiring by type from bean name 'scopedTarget.eurekaRegistration' via factory method to bean named 'eurekaInstanceConfigBean'
2025-04-26T22:20:20.713+02:00 DEBUG 13448 --- [api-gateway] [    Test worker] o.s.b.f.s.DefaultListableBeanFactory     : Autowiring by type from bean name 'scopedTarget.eurekaRegistration' via factory method to bean named 'eurekaApplicationInfoManager'
2025-04-26T22:20:20.714+02:00 TRACE 13448 --- [api-gateway] [    Test worker] o.s.b.f.s.DefaultListableBeanFactory     : Returning cached instance of singleton bean 'preFilterAuthorizationAdvisor'
2025-04-26T22:20:20.714+02:00 TRACE 13448 --- [api-gateway] [    Test worker] o.s.b.f.s.DefaultListableBeanFactory     : Returning cached instance of singleton bean 'preAuthorizeAuthorizationAdvisor'
2025-04-26T22:20:20.714+02:00 TRACE 13448 --- [api-gateway] [    Test worker] o.s.b.f.s.DefaultListableBeanFactory     : Returning cached instance of singleton bean 'postFilterAuthorizationAdvisor'
2025-04-26T22:20:20.714+02:00 TRACE 13448 --- [api-gateway] [    Test worker] o.s.b.f.s.DefaultListableBeanFactory     : Returning cached instance of singleton bean 'postAuthorizeAuthorizationAdvisor'
2025-04-26T22:20:20.714+02:00 TRACE 13448 --- [api-gateway] [    Test worker] o.s.b.f.s.DefaultListableBeanFactory     : Returning cached instance of singleton bean 'jsr250AuthorizationAdvisor'
2025-04-26T22:20:20.714+02:00 TRACE 13448 --- [api-gateway] [    Test worker] o.s.b.f.s.DefaultListableBeanFactory     : Returning cached instance of singleton bean 'authorizeReturnObjectAdvisor'
2025-04-26T22:20:20.714+02:00 TRACE 13448 --- [api-gateway] [    Test worker] o.s.b.f.s.DefaultListableBeanFactory     : Finished creating instance of bean 'scopedTarget.eurekaRegistration'
2025-04-26T22:20:20.717+02:00 TRACE 13448 --- [api-gateway] [    Test worker] o.s.b.f.s.DefaultListableBeanFactory     : Returning cached instance of singleton bean 'routeRefreshListener'
2025-04-26T22:20:20.718+02:00 TRACE 13448 --- [api-gateway] [    Test worker] o.s.b.f.s.DefaultListableBeanFactory     : Returning cached instance of singleton bean 'weightCalculatorWebFilter'
2025-04-26T22:20:20.718+02:00 TRACE 13448 --- [api-gateway] [    Test worker] o.s.b.f.s.DefaultListableBeanFactory     : Returning cached instance of singleton bean 'refreshEventListener'
2025-04-26T22:20:20.718+02:00 TRACE 13448 --- [api-gateway] [    Test worker] o.s.b.f.s.DefaultListableBeanFactory     : Returning cached instance of singleton bean 'eurekaAutoServiceRegistration'
2025-04-26T22:20:20.718+02:00 TRACE 13448 --- [api-gateway] [    Test worker] o.s.b.f.s.DefaultListableBeanFactory     : Creating instance of bean 'scopedTarget.eurekaApplicationInfoManager'
2025-04-26T22:20:20.718+02:00 TRACE 13448 --- [api-gateway] [    Test worker] o.s.b.f.s.DefaultListableBeanFactory     : Returning cached instance of singleton bean 'org.springframework.cloud.netflix.eureka.EurekaClientAutoConfiguration$RefreshableEurekaClientConfiguration'
2025-04-26T22:20:20.719+02:00 TRACE 13448 --- [api-gateway] [    Test worker] o.s.b.f.s.DefaultListableBeanFactory     : Returning cached instance of singleton bean 'eurekaInstanceConfigBean'
2025-04-26T22:20:20.719+02:00 DEBUG 13448 --- [api-gateway] [    Test worker] o.s.b.f.s.DefaultListableBeanFactory     : Autowiring by type from bean name 'scopedTarget.eurekaApplicationInfoManager' via factory method to bean named 'eurekaInstanceConfigBean'
2025-04-26T22:20:20.723+02:00  INFO 13448 --- [api-gateway] [    Test worker] o.s.c.n.eureka.InstanceInfoFactory       : Setting initial instance status as: STARTING
2025-04-26T22:20:20.724+02:00 TRACE 13448 --- [api-gateway] [    Test worker] o.s.b.f.s.DefaultListableBeanFactory     : Returning cached instance of singleton bean 'preFilterAuthorizationAdvisor'
2025-04-26T22:20:20.724+02:00 TRACE 13448 --- [api-gateway] [    Test worker] o.s.b.f.s.DefaultListableBeanFactory     : Returning cached instance of singleton bean 'preAuthorizeAuthorizationAdvisor'
2025-04-26T22:20:20.724+02:00 TRACE 13448 --- [api-gateway] [    Test worker] o.s.b.f.s.DefaultListableBeanFactory     : Returning cached instance of singleton bean 'postFilterAuthorizationAdvisor'
2025-04-26T22:20:20.724+02:00 TRACE 13448 --- [api-gateway] [    Test worker] o.s.b.f.s.DefaultListableBeanFactory     : Returning cached instance of singleton bean 'postAuthorizeAuthorizationAdvisor'
2025-04-26T22:20:20.724+02:00 TRACE 13448 --- [api-gateway] [    Test worker] o.s.b.f.s.DefaultListableBeanFactory     : Returning cached instance of singleton bean 'jsr250AuthorizationAdvisor'
2025-04-26T22:20:20.724+02:00 TRACE 13448 --- [api-gateway] [    Test worker] o.s.b.f.s.DefaultListableBeanFactory     : Returning cached instance of singleton bean 'authorizeReturnObjectAdvisor'
2025-04-26T22:20:20.724+02:00 TRACE 13448 --- [api-gateway] [    Test worker] o.s.b.f.s.DefaultListableBeanFactory     : Finished creating instance of bean 'scopedTarget.eurekaApplicationInfoManager'
2025-04-26T22:20:20.724+02:00 TRACE 13448 --- [api-gateway] [    Test worker] o.s.b.f.s.DefaultListableBeanFactory     : Creating instance of bean 'scopedTarget.eurekaClient'
2025-04-26T22:20:20.724+02:00 TRACE 13448 --- [api-gateway] [    Test worker] o.s.b.f.s.DefaultListableBeanFactory     : Returning cached instance of singleton bean 'org.springframework.cloud.netflix.eureka.EurekaClientAutoConfiguration$RefreshableEurekaClientConfiguration'
2025-04-26T22:20:20.725+02:00 TRACE 13448 --- [api-gateway] [    Test worker] o.s.b.f.s.DefaultListableBeanFactory     : Returning cached instance of singleton bean 'eurekaApplicationInfoManager'
2025-04-26T22:20:20.725+02:00 TRACE 13448 --- [api-gateway] [    Test worker] o.s.b.f.s.DefaultListableBeanFactory     : Returning cached instance of singleton bean 'eurekaClientConfigBean'
2025-04-26T22:20:20.725+02:00 TRACE 13448 --- [api-gateway] [    Test worker] o.s.b.f.s.DefaultListableBeanFactory     : Returning cached instance of singleton bean 'eurekaInstanceConfigBean'
2025-04-26T22:20:20.726+02:00 TRACE 13448 --- [api-gateway] [    Test worker] o.s.b.f.s.DefaultListableBeanFactory     : Returning cached instance of singleton bean 'webClientTransportClientFactories'
2025-04-26T22:20:20.726+02:00 DEBUG 13448 --- [api-gateway] [    Test worker] o.s.b.f.s.DefaultListableBeanFactory     : Autowiring by type from bean name 'scopedTarget.eurekaClient' via factory method to bean named 'eurekaApplicationInfoManager'
2025-04-26T22:20:20.726+02:00 DEBUG 13448 --- [api-gateway] [    Test worker] o.s.b.f.s.DefaultListableBeanFactory     : Autowiring by type from bean name 'scopedTarget.eurekaClient' via factory method to bean named 'eurekaClientConfigBean'
2025-04-26T22:20:20.726+02:00 DEBUG 13448 --- [api-gateway] [    Test worker] o.s.b.f.s.DefaultListableBeanFactory     : Autowiring by type from bean name 'scopedTarget.eurekaClient' via factory method to bean named 'eurekaInstanceConfigBean'
2025-04-26T22:20:20.726+02:00 DEBUG 13448 --- [api-gateway] [    Test worker] o.s.b.f.s.DefaultListableBeanFactory     : Autowiring by type from bean name 'scopedTarget.eurekaClient' via factory method to bean named 'webClientTransportClientFactories'
2025-04-26T22:20:20.752+02:00  INFO 13448 --- [api-gateway] [    Test worker] com.netflix.discovery.DiscoveryClient    : Initializing Eureka in region us-east-1
2025-04-26T22:20:20.755+02:00  INFO 13448 --- [api-gateway] [    Test worker] c.n.d.s.r.aws.ConfigClusterResolver      : Resolving eureka endpoints via configuration
2025-04-26T22:20:20.757+02:00 DEBUG 13448 --- [api-gateway] [    Test worker] c.n.discovery.endpoint.EndpointUtils     : The availability zone for the given region us-east-1 are [defaultZone]
2025-04-26T22:20:20.759+02:00 DEBUG 13448 --- [api-gateway] [    Test worker] c.n.d.s.r.aws.ConfigClusterResolver      : Config resolved to [AwsEndpoint{ serviceUrl='http://localhost:8761/eureka/', region='us-east-1', zone='defaultZone'}]
2025-04-26T22:20:20.759+02:00 DEBUG 13448 --- [api-gateway] [    Test worker] c.n.d.s.r.a.ZoneAffinityClusterResolver  : Local zone=defaultZone; resolved to: [AwsEndpoint{ serviceUrl='http://localhost:8761/eureka/', region='us-east-1', zone='defaultZone'}]
2025-04-26T22:20:20.769+02:00  INFO 13448 --- [api-gateway] [    Test worker] com.netflix.discovery.DiscoveryClient    : Disable delta property : false
2025-04-26T22:20:20.769+02:00  INFO 13448 --- [api-gateway] [    Test worker] com.netflix.discovery.DiscoveryClient    : Single vip registry refresh property : null
2025-04-26T22:20:20.769+02:00  INFO 13448 --- [api-gateway] [    Test worker] com.netflix.discovery.DiscoveryClient    : Force full registry fetch : false
2025-04-26T22:20:20.769+02:00  INFO 13448 --- [api-gateway] [    Test worker] com.netflix.discovery.DiscoveryClient    : Application is null : false
2025-04-26T22:20:20.769+02:00  INFO 13448 --- [api-gateway] [    Test worker] com.netflix.discovery.DiscoveryClient    : Registered Applications size is zero : true
2025-04-26T22:20:20.769+02:00  INFO 13448 --- [api-gateway] [    Test worker] com.netflix.discovery.DiscoveryClient    : Application version is -1: true
2025-04-26T22:20:20.769+02:00  INFO 13448 --- [api-gateway] [    Test worker] com.netflix.discovery.DiscoveryClient    : Getting all instance registry info from the eureka server
2025-04-26T22:20:20.770+02:00 DEBUG 13448 --- [api-gateway] [    Test worker] c.n.d.s.t.d.SessionedEurekaHttpClient    : Ending a session and starting anew
2025-04-26T22:20:20.772+02:00 TRACE 13448 --- [api-gateway] [    Test worker] o.s.b.f.s.DefaultListableBeanFactory     : Creating instance of bean 'webClientBuilder'
2025-04-26T22:20:20.772+02:00 TRACE 13448 --- [api-gateway] [    Test worker] o.s.b.f.s.DefaultListableBeanFactory     : Returning cached instance of singleton bean 'org.springframework.boot.autoconfigure.web.reactive.function.client.WebClientAutoConfiguration'
2025-04-26T22:20:20.781+02:00 DEBUG 13448 --- [api-gateway] [    Test worker] o.s.b.f.s.DefaultListableBeanFactory     : Creating shared instance of singleton bean 'webClientHttpConnectorCustomizer'
2025-04-26T22:20:20.781+02:00 TRACE 13448 --- [api-gateway] [    Test worker] o.s.b.f.s.DefaultListableBeanFactory     : Creating instance of bean 'webClientHttpConnectorCustomizer'
2025-04-26T22:20:20.781+02:00 TRACE 13448 --- [api-gateway] [    Test worker] o.s.b.f.s.DefaultListableBeanFactory     : Returning cached instance of singleton bean 'org.springframework.boot.autoconfigure.web.reactive.function.client.ClientHttpConnectorAutoConfiguration'
2025-04-26T22:20:20.782+02:00 DEBUG 13448 --- [api-gateway] [    Test worker] o.s.b.f.s.DefaultListableBeanFactory     : Creating shared instance of singleton bean 'webClientHttpConnector'
2025-04-26T22:20:20.782+02:00 TRACE 13448 --- [api-gateway] [    Test worker] o.s.b.f.s.DefaultListableBeanFactory     : Creating instance of bean 'webClientHttpConnector'
2025-04-26T22:20:20.782+02:00 TRACE 13448 --- [api-gateway] [    Test worker] o.s.b.f.s.DefaultListableBeanFactory     : Returning cached instance of singleton bean 'org.springframework.boot.autoconfigure.web.reactive.function.client.ClientHttpConnectorAutoConfiguration'
2025-04-26T22:20:20.782+02:00 TRACE 13448 --- [api-gateway] [    Test worker] o.s.b.f.s.DefaultListableBeanFactory     : Returning cached instance of singleton bean 'reactorClientHttpConnectorFactory'
2025-04-26T22:20:20.782+02:00 DEBUG 13448 --- [api-gateway] [    Test worker] o.s.b.f.s.DefaultListableBeanFactory     : Autowiring by type from bean name 'webClientHttpConnector' via factory method to bean named 'reactorClientHttpConnectorFactory'
2025-04-26T22:20:20.789+02:00 DEBUG 13448 --- [api-gateway] [    Test worker] i.n.handler.codec.compression.Brotli     : brotli4j not in the classpath; Brotli support will be unavailable.
2025-04-26T22:20:20.792+02:00 DEBUG 13448 --- [api-gateway] [    Test worker] r.netty.resources.DefaultLoopIOUring     : Default io_uring support : false
2025-04-26T22:20:20.803+02:00 DEBUG 13448 --- [api-gateway] [    Test worker] r.netty.resources.DefaultLoopEpoll       : Default Epoll support : false
2025-04-26T22:20:20.804+02:00 DEBUG 13448 --- [api-gateway] [    Test worker] r.netty.resources.DefaultLoopKQueue      : Default KQueue support : false
2025-04-26T22:20:20.808+02:00 DEBUG 13448 --- [api-gateway] [    Test worker] i.n.channel.MultithreadEventLoopGroup    : -Dio.netty.eventLoopThreads: 24
2025-04-26T22:20:20.818+02:00 DEBUG 13448 --- [api-gateway] [    Test worker] i.n.util.concurrent.GlobalEventExecutor  : -Dio.netty.globalEventExecutor.quietPeriodSeconds: 1
2025-04-26T22:20:20.835+02:00 DEBUG 13448 --- [api-gateway] [    Test worker] io.netty.channel.nio.NioEventLoop        : -Dio.netty.noKeySetOptimization: false
2025-04-26T22:20:20.835+02:00 DEBUG 13448 --- [api-gateway] [    Test worker] io.netty.channel.nio.NioEventLoop        : -Dio.netty.selectorAutoRebuildThreshold: 512
2025-04-26T22:20:20.843+02:00 DEBUG 13448 --- [api-gateway] [    Test worker] i.netty.util.internal.PlatformDependent  : org.jctools-core.MpscChunkedArrayQueue: available
2025-04-26T22:20:20.883+02:00 DEBUG 13448 --- [api-gateway] [    Test worker] io.netty.util.NetUtil                    : -Djava.net.preferIPv4Stack: false
2025-04-26T22:20:20.883+02:00 DEBUG 13448 --- [api-gateway] [    Test worker] io.netty.util.NetUtil                    : -Djava.net.preferIPv6Addresses: false
2025-04-26T22:20:20.893+02:00 DEBUG 13448 --- [api-gateway] [    Test worker] io.netty.util.NetUtilInitializations     : Loopback interface: lo (Software Loopback Interface 1, 127.0.0.1)
2025-04-26T22:20:20.894+02:00 DEBUG 13448 --- [api-gateway] [    Test worker] io.netty.util.NetUtil                    : Failed to get SOMAXCONN from sysctl and file \proc\sys\net\core\somaxconn. Default: 200
2025-04-26T22:20:20.895+02:00 DEBUG 13448 --- [api-gateway] [    Test worker] io.netty.resolver.dns.DnsNameResolver    : Default ResolvedAddressTypes: IPV4_ONLY
2025-04-26T22:20:20.895+02:00 DEBUG 13448 --- [api-gateway] [    Test worker] io.netty.resolver.dns.DnsNameResolver    : Localhost address: localhost/127.0.0.1
2025-04-26T22:20:20.897+02:00 DEBUG 13448 --- [api-gateway] [    Test worker] io.netty.resolver.dns.DnsNameResolver    : Windows hostname: DESKTOP-NS6POVE
2025-04-26T22:20:20.897+02:00 DEBUG 13448 --- [api-gateway] [    Test worker] io.netty.resolver.dns.DnsNameResolver    : Default search domains: []
2025-04-26T22:20:20.900+02:00 DEBUG 13448 --- [api-gateway] [    Test worker] io.netty.resolver.dns.DnsNameResolver    : Default UnixResolverOptions{ndots=1, timeout=5, attempts=16}
2025-04-26T22:20:20.907+02:00 DEBUG 13448 --- [api-gateway] [    Test worker] i.n.r.DefaultHostsFileEntriesResolver    : -Dio.netty.hostsFileRefreshInterval: 0
2025-04-26T22:20:20.929+02:00 DEBUG 13448 --- [api-gateway] [    Test worker] .d.DefaultDnsServerAddressStreamProvider : Default DNS servers: [/192.168.1.1:53] (sun.net.dns.ResolverConfiguration)
2025-04-26T22:20:20.942+02:00 TRACE 13448 --- [api-gateway] [    Test worker] o.s.b.f.s.DefaultListableBeanFactory     : Returning cached instance of singleton bean 'preFilterAuthorizationAdvisor'
2025-04-26T22:20:20.943+02:00 TRACE 13448 --- [api-gateway] [    Test worker] o.s.b.f.s.DefaultListableBeanFactory     : Returning cached instance of singleton bean 'preAuthorizeAuthorizationAdvisor'
2025-04-26T22:20:20.943+02:00 TRACE 13448 --- [api-gateway] [    Test worker] o.s.b.f.s.DefaultListableBeanFactory     : Returning cached instance of singleton bean 'postFilterAuthorizationAdvisor'
2025-04-26T22:20:20.943+02:00 TRACE 13448 --- [api-gateway] [    Test worker] o.s.b.f.s.DefaultListableBeanFactory     : Returning cached instance of singleton bean 'postAuthorizeAuthorizationAdvisor'
2025-04-26T22:20:20.943+02:00 TRACE 13448 --- [api-gateway] [    Test worker] o.s.b.f.s.DefaultListableBeanFactory     : Returning cached instance of singleton bean 'jsr250AuthorizationAdvisor'
2025-04-26T22:20:20.943+02:00 TRACE 13448 --- [api-gateway] [    Test worker] o.s.b.f.s.DefaultListableBeanFactory     : Returning cached instance of singleton bean 'authorizeReturnObjectAdvisor'
2025-04-26T22:20:20.943+02:00 TRACE 13448 --- [api-gateway] [    Test worker] o.s.b.f.s.DefaultListableBeanFactory     : Finished creating instance of bean 'webClientHttpConnector'
2025-04-26T22:20:20.943+02:00 DEBUG 13448 --- [api-gateway] [    Test worker] o.s.b.f.s.DefaultListableBeanFactory     : Autowiring by type from bean name 'webClientHttpConnectorCustomizer' via factory method to bean named 'webClientHttpConnector'
2025-04-26T22:20:20.944+02:00 TRACE 13448 --- [api-gateway] [    Test worker] o.s.b.f.s.DefaultListableBeanFactory     : Returning cached instance of singleton bean 'preFilterAuthorizationAdvisor'
2025-04-26T22:20:20.944+02:00 TRACE 13448 --- [api-gateway] [    Test worker] o.s.b.f.s.DefaultListableBeanFactory     : Returning cached instance of singleton bean 'preAuthorizeAuthorizationAdvisor'
2025-04-26T22:20:20.944+02:00 TRACE 13448 --- [api-gateway] [    Test worker] o.s.b.f.s.DefaultListableBeanFactory     : Returning cached instance of singleton bean 'postFilterAuthorizationAdvisor'
2025-04-26T22:20:20.944+02:00 TRACE 13448 --- [api-gateway] [    Test worker] o.s.b.f.s.DefaultListableBeanFactory     : Returning cached instance of singleton bean 'postAuthorizeAuthorizationAdvisor'
2025-04-26T22:20:20.944+02:00 TRACE 13448 --- [api-gateway] [    Test worker] o.s.b.f.s.DefaultListableBeanFactory     : Returning cached instance of singleton bean 'jsr250AuthorizationAdvisor'
2025-04-26T22:20:20.944+02:00 TRACE 13448 --- [api-gateway] [    Test worker] o.s.b.f.s.DefaultListableBeanFactory     : Returning cached instance of singleton bean 'authorizeReturnObjectAdvisor'
2025-04-26T22:20:20.945+02:00 TRACE 13448 --- [api-gateway] [    Test worker] o.s.b.f.s.DefaultListableBeanFactory     : Finished creating instance of bean 'webClientHttpConnectorCustomizer'
2025-04-26T22:20:20.945+02:00 TRACE 13448 --- [api-gateway] [    Test worker] o.s.b.f.s.DefaultListableBeanFactory     : Returning cached instance of singleton bean 'exchangeStrategiesCustomizer'
2025-04-26T22:20:20.945+02:00 TRACE 13448 --- [api-gateway] [    Test worker] o.s.b.f.s.DefaultListableBeanFactory     : Returning cached instance of singleton bean 'webClientHttpConnectorCustomizer'
2025-04-26T22:20:20.945+02:00 TRACE 13448 --- [api-gateway] [    Test worker] o.s.b.f.s.DefaultListableBeanFactory     : Returning cached instance of singleton bean 'exchangeStrategiesCustomizer'
2025-04-26T22:20:20.948+02:00 TRACE 13448 --- [api-gateway] [    Test worker] o.s.b.f.s.DefaultListableBeanFactory     : Returning cached instance of singleton bean 'preFilterAuthorizationAdvisor'
2025-04-26T22:20:20.948+02:00 TRACE 13448 --- [api-gateway] [    Test worker] o.s.b.f.s.DefaultListableBeanFactory     : Returning cached instance of singleton bean 'preAuthorizeAuthorizationAdvisor'
2025-04-26T22:20:20.948+02:00 TRACE 13448 --- [api-gateway] [    Test worker] o.s.b.f.s.DefaultListableBeanFactory     : Returning cached instance of singleton bean 'postFilterAuthorizationAdvisor'
2025-04-26T22:20:20.948+02:00 TRACE 13448 --- [api-gateway] [    Test worker] o.s.b.f.s.DefaultListableBeanFactory     : Returning cached instance of singleton bean 'postAuthorizeAuthorizationAdvisor'
2025-04-26T22:20:20.948+02:00 TRACE 13448 --- [api-gateway] [    Test worker] o.s.b.f.s.DefaultListableBeanFactory     : Returning cached instance of singleton bean 'jsr250AuthorizationAdvisor'
2025-04-26T22:20:20.948+02:00 TRACE 13448 --- [api-gateway] [    Test worker] o.s.b.f.s.DefaultListableBeanFactory     : Returning cached instance of singleton bean 'authorizeReturnObjectAdvisor'
2025-04-26T22:20:20.949+02:00 TRACE 13448 --- [api-gateway] [    Test worker] o.s.b.f.s.DefaultListableBeanFactory     : Finished creating instance of bean 'webClientBuilder'
2025-04-26T22:20:21.061+02:00 TRACE 13448 --- [api-gateway] [    Test worker] o.s.w.r.f.client.ExchangeFunctions       : [7c4a03a] HTTP GET http://localhost:8761/eureka/apps/, headers={masked}
2025-04-26T22:20:21.072+02:00 DEBUG 13448 --- [api-gateway] [    Test worker] r.n.resources.PooledConnectionProvider   : Creating a new [webflux] client pool [PoolFactory{evictionInterval=PT0S, leasingStrategy=fifo, maxConnections=500, maxIdleTime=-1, maxLifeTime=-1, metricsEnabled=false, pendingAcquireMaxCount=1000, pendingAcquireTimeout=45000}] for [localhost/<unresolved>:8761]
2025-04-26T22:20:21.116+02:00 DEBUG 13448 --- [api-gateway] [    Test worker] io.netty.channel.DefaultChannelId        : -Dio.netty.processId: 13448 (auto-detected)
2025-04-26T22:20:21.145+02:00 DEBUG 13448 --- [api-gateway] [    Test worker] io.netty.channel.DefaultChannelId        : -Dio.netty.machineId: 98:3b:8f:ff:fe:e0:a6:0f (auto-detected)
2025-04-26T22:20:21.168+02:00 DEBUG 13448 --- [api-gateway] [    Test worker] io.netty.buffer.PooledByteBufAllocator   : -Dio.netty.allocator.numHeapArenas: 21
2025-04-26T22:20:21.168+02:00 DEBUG 13448 --- [api-gateway] [    Test worker] io.netty.buffer.PooledByteBufAllocator   : -Dio.netty.allocator.numDirectArenas: 21
2025-04-26T22:20:21.168+02:00 DEBUG 13448 --- [api-gateway] [    Test worker] io.netty.buffer.PooledByteBufAllocator   : -Dio.netty.allocator.pageSize: 8192
2025-04-26T22:20:21.168+02:00 DEBUG 13448 --- [api-gateway] [    Test worker] io.netty.buffer.PooledByteBufAllocator   : -Dio.netty.allocator.maxOrder: 9
2025-04-26T22:20:21.168+02:00 DEBUG 13448 --- [api-gateway] [    Test worker] io.netty.buffer.PooledByteBufAllocator   : -Dio.netty.allocator.chunkSize: 4194304
2025-04-26T22:20:21.168+02:00 DEBUG 13448 --- [api-gateway] [    Test worker] io.netty.buffer.PooledByteBufAllocator   : -Dio.netty.allocator.smallCacheSize: 256
2025-04-26T22:20:21.168+02:00 DEBUG 13448 --- [api-gateway] [    Test worker] io.netty.buffer.PooledByteBufAllocator   : -Dio.netty.allocator.normalCacheSize: 64
2025-04-26T22:20:21.168+02:00 DEBUG 13448 --- [api-gateway] [    Test worker] io.netty.buffer.PooledByteBufAllocator   : -Dio.netty.allocator.maxCachedBufferCapacity: 32768
2025-04-26T22:20:21.168+02:00 DEBUG 13448 --- [api-gateway] [    Test worker] io.netty.buffer.PooledByteBufAllocator   : -Dio.netty.allocator.cacheTrimInterval: 8192
2025-04-26T22:20:21.168+02:00 DEBUG 13448 --- [api-gateway] [    Test worker] io.netty.buffer.PooledByteBufAllocator   : -Dio.netty.allocator.cacheTrimIntervalMillis: 0
2025-04-26T22:20:21.168+02:00 DEBUG 13448 --- [api-gateway] [    Test worker] io.netty.buffer.PooledByteBufAllocator   : -Dio.netty.allocator.useCacheForAllThreads: false
2025-04-26T22:20:21.168+02:00 DEBUG 13448 --- [api-gateway] [    Test worker] io.netty.buffer.PooledByteBufAllocator   : -Dio.netty.allocator.maxCachedByteBuffersPerChunk: 1023
2025-04-26T22:20:21.168+02:00 DEBUG 13448 --- [api-gateway] [    Test worker] io.netty.buffer.PooledByteBufAllocator   : -Dio.netty.allocator.disableCacheFinalizersForFastThreadLocalThreads: false
2025-04-26T22:20:21.179+02:00 DEBUG 13448 --- [api-gateway] [    Test worker] io.netty.buffer.ByteBufUtil              : -Dio.netty.allocator.type: pooled
2025-04-26T22:20:21.180+02:00 DEBUG 13448 --- [api-gateway] [    Test worker] io.netty.buffer.ByteBufUtil              : -Dio.netty.threadLocalDirectBufferSize: 0
2025-04-26T22:20:21.180+02:00 DEBUG 13448 --- [api-gateway] [    Test worker] io.netty.buffer.ByteBufUtil              : -Dio.netty.maxThreadLocalCharBufferSize: 16384
2025-04-26T22:20:21.190+02:00 DEBUG 13448 --- [api-gateway] [flux-http-nio-2] r.n.resources.PooledConnectionProvider   : [f1a9dfc0] Created a new pooled channel, now: 0 active connections, 0 inactive connections 0 pending acquire requests.
2025-04-26T22:20:21.221+02:00 DEBUG 13448 --- [api-gateway] [flux-http-nio-2] io.netty.buffer.AbstractByteBuf          : -Dio.netty.buffer.checkAccessible: true
2025-04-26T22:20:21.221+02:00 DEBUG 13448 --- [api-gateway] [flux-http-nio-2] io.netty.buffer.AbstractByteBuf          : -Dio.netty.buffer.checkBounds: true
2025-04-26T22:20:21.222+02:00 DEBUG 13448 --- [api-gateway] [flux-http-nio-2] i.n.util.ResourceLeakDetectorFactory     : Loaded default ResourceLeakDetector: io.netty.util.ResourceLeakDetector@2aa77c36
2025-04-26T22:20:21.231+02:00 DEBUG 13448 --- [api-gateway] [flux-http-nio-2] r.netty.transport.TransportConfig        : [f1a9dfc0] Initialized pipeline DefaultChannelPipeline{(reactor.left.httpCodec = io.netty.handler.codec.http.HttpClientCodec), (reactor.left.httpDecompressor = io.netty.handler.codec.http.HttpContentDecompressor), (reactor.right.reactiveBridge = reactor.netty.channel.ChannelOperationsHandler)}
2025-04-26T22:20:21.232+02:00 DEBUG 13448 --- [api-gateway] [flux-http-nio-2] i.n.resolver.dns.DnsNameResolverBuilder  : resolveCache and TTLs are mutually exclusive. TTLs are ignored.
2025-04-26T22:20:21.232+02:00 DEBUG 13448 --- [api-gateway] [flux-http-nio-2] i.n.resolver.dns.DnsNameResolverBuilder  : cnameCache and TTLs are mutually exclusive. TTLs are ignored.
2025-04-26T22:20:21.232+02:00 DEBUG 13448 --- [api-gateway] [flux-http-nio-2] i.n.resolver.dns.DnsNameResolverBuilder  : authoritativeDnsServerCache and TTLs are mutually exclusive. TTLs are ignored.
2025-04-26T22:20:21.245+02:00 DEBUG 13448 --- [api-gateway] [flux-http-nio-2] i.n.b.ChannelInitializerExtensions       : -Dio.netty.bootstrap.extensions: null
2025-04-26T22:20:21.263+02:00 DEBUG 13448 --- [api-gateway] [flux-http-nio-2] r.netty.transport.TransportConnector     : [f1a9dfc0] Connecting to [localhost/127.0.0.1:8761].
2025-04-26T22:20:21.268+02:00 DEBUG 13448 --- [api-gateway] [flux-http-nio-2] r.netty.transport.TransportConnector     : [f1a9dfc0] Connect attempt to [localhost/127.0.0.1:8761] failed.

io.netty.channel.AbstractChannel$AnnotatedConnectException: Connection refused: no further information: localhost/127.0.0.1:8761
Caused by: java.net.ConnectException: Connection refused: no further information
	at java.base/sun.nio.ch.Net.pollConnect(Native Method) ~[na:na]
	at java.base/sun.nio.ch.Net.pollConnectNow(Net.java:672) ~[na:na]
	at java.base/sun.nio.ch.SocketChannelImpl.finishConnect(SocketChannelImpl.java:946) ~[na:na]
	at io.netty.channel.socket.nio.NioSocketChannel.doFinishConnect(NioSocketChannel.java:336) ~[netty-transport-4.1.119.Final.jar:4.1.119.Final]
	at io.netty.channel.nio.AbstractNioChannel$AbstractNioUnsafe.finishConnect(AbstractNioChannel.java:339) ~[netty-transport-4.1.119.Final.jar:4.1.119.Final]
	at io.netty.channel.nio.NioEventLoop.processSelectedKey(NioEventLoop.java:784) ~[netty-transport-4.1.119.Final.jar:4.1.119.Final]
	at io.netty.channel.nio.NioEventLoop.processSelectedKeysOptimized(NioEventLoop.java:732) ~[netty-transport-4.1.119.Final.jar:4.1.119.Final]
	at io.netty.channel.nio.NioEventLoop.processSelectedKeys(NioEventLoop.java:658) ~[netty-transport-4.1.119.Final.jar:4.1.119.Final]
	at io.netty.channel.nio.NioEventLoop.run(NioEventLoop.java:562) ~[netty-transport-4.1.119.Final.jar:4.1.119.Final]
	at io.netty.util.concurrent.SingleThreadEventExecutor$4.run(SingleThreadEventExecutor.java:998) ~[netty-common-4.1.119.Final.jar:4.1.119.Final]
	at io.netty.util.internal.ThreadExecutorMap$2.run(ThreadExecutorMap.java:74) ~[netty-common-4.1.119.Final.jar:4.1.119.Final]
	at io.netty.util.concurrent.FastThreadLocalRunnable.run(FastThreadLocalRunnable.java:30) ~[netty-common-4.1.119.Final.jar:4.1.119.Final]
	at java.base/java.lang.Thread.run(Thread.java:842) ~[na:na]

2025-04-26T22:20:21.286+02:00  INFO 13448 --- [api-gateway] [    Test worker] c.n.d.s.t.d.RedirectingEurekaHttpClient  : Request execution error. endpoint=DefaultEndpoint{ serviceUrl='http://localhost:8761/eureka/}, exception=Connection refused: no further information: localhost/127.0.0.1:8761 stacktrace=org.springframework.web.reactive.function.client.WebClientRequestException: Connection refused: no further information: localhost/127.0.0.1:8761
	at org.springframework.web.reactive.function.client.ExchangeFunctions$DefaultExchangeFunction.lambda$wrapException$9(ExchangeFunctions.java:137)
	Suppressed: The stacktrace has been enhanced by Reactor, refer to additional information below: 
Error has been observed at the following site(s):
	*__checkpoint ? Request to GET http://localhost:8761/eureka/apps/ [DefaultWebClient]
Original Stack Trace:
		at org.springframework.web.reactive.function.client.ExchangeFunctions$DefaultExchangeFunction.lambda$wrapException$9(ExchangeFunctions.java:137)
		at reactor.core.publisher.MonoErrorSupplied.subscribe(MonoErrorSupplied.java:55)
		at reactor.core.publisher.Mono.subscribe(Mono.java:4576)
		at reactor.core.publisher.FluxOnErrorResume$ResumeSubscriber.onError(FluxOnErrorResume.java:103)
		at reactor.core.publisher.FluxPeek$PeekSubscriber.onError(FluxPeek.java:222)
		at reactor.core.publisher.FluxPeek$PeekSubscriber.onError(FluxPeek.java:222)
		at reactor.core.publisher.FluxPeek$PeekSubscriber.onError(FluxPeek.java:222)
		at reactor.core.publisher.MonoNext$NextSubscriber.onError(MonoNext.java:93)
		at reactor.core.publisher.MonoFlatMapMany$FlatMapManyMain.onError(MonoFlatMapMany.java:205)
		at reactor.core.publisher.SerializedSubscriber.onError(SerializedSubscriber.java:124)
		at reactor.core.publisher.FluxRetryWhen$RetryWhenMainSubscriber.whenError(FluxRetryWhen.java:229)
		at reactor.core.publisher.FluxRetryWhen$RetryWhenOtherSubscriber.onError(FluxRetryWhen.java:279)
		at reactor.core.publisher.FluxContextWrite$ContextWriteSubscriber.onError(FluxContextWrite.java:121)
		at reactor.core.publisher.FluxConcatMapNoPrefetch$FluxConcatMapNoPrefetchSubscriber.maybeOnError(FluxConcatMapNoPrefetch.java:327)
		at reactor.core.publisher.FluxConcatMapNoPrefetch$FluxConcatMapNoPrefetchSubscriber.onNext(FluxConcatMapNoPrefetch.java:212)
		at reactor.core.publisher.FluxContextWrite$ContextWriteSubscriber.onNext(FluxContextWrite.java:107)
		at reactor.core.publisher.SinkManyEmitterProcessor.drain(SinkManyEmitterProcessor.java:476)
		at reactor.core.publisher.SinkManyEmitterProcessor$EmitterInner.drainParent(SinkManyEmitterProcessor.java:620)
		at reactor.core.publisher.FluxPublish$PubSubInner.request(FluxPublish.java:874)
		at reactor.core.publisher.FluxContextWrite$ContextWriteSubscriber.request(FluxContextWrite.java:136)
		at reactor.core.publisher.FluxConcatMapNoPrefetch$FluxConcatMapNoPrefetchSubscriber.request(FluxConcatMapNoPrefetch.java:337)
		at reactor.core.publisher.FluxContextWrite$ContextWriteSubscriber.request(FluxContextWrite.java:136)
		at reactor.core.publisher.Operators$DeferredSubscription.request(Operators.java:1743)
		at reactor.core.publisher.FluxRetryWhen$RetryWhenMainSubscriber.onError(FluxRetryWhen.java:196)
		at reactor.core.publisher.MonoCreate$DefaultMonoSink.error(MonoCreate.java:205)
		at reactor.netty.http.client.HttpClientConnect$MonoHttpConnect$ClientTransportSubscriber.onError(HttpClientConnect.java:323)
		at reactor.core.publisher.MonoCreate$DefaultMonoSink.error(MonoCreate.java:205)
		at reactor.netty.resources.DefaultPooledConnectionProvider$DisposableAcquire.onError(DefaultPooledConnectionProvider.java:174)
		at reactor.netty.internal.shaded.reactor.pool.AbstractPool$Borrower.fail(AbstractPool.java:479)
		at reactor.netty.internal.shaded.reactor.pool.SimpleDequePool.lambda$drainLoop$9(SimpleDequePool.java:443)
		at reactor.core.publisher.FluxDoOnEach$DoOnEachSubscriber.onError(FluxDoOnEach.java:186)
		at reactor.core.publisher.MonoCreate$DefaultMonoSink.error(MonoCreate.java:205)
		at reactor.netty.resources.DefaultPooledConnectionProvider$PooledConnectionAllocator$PooledConnectionInitializer.onError(DefaultPooledConnectionProvider.java:593)
		at reactor.core.publisher.MonoFlatMap$FlatMapMain.secondError(MonoFlatMap.java:241)
		at reactor.core.publisher.MonoFlatMap$FlatMapInner.onError(MonoFlatMap.java:315)
		at reactor.core.publisher.FluxOnErrorResume$ResumeSubscriber.onError(FluxOnErrorResume.java:106)
		at reactor.core.publisher.Operators.error(Operators.java:198)
		at reactor.core.publisher.MonoError.subscribe(MonoError.java:53)
		at reactor.core.publisher.Mono.subscribe(Mono.java:4576)
		at reactor.core.publisher.FluxOnErrorResume$ResumeSubscriber.onError(FluxOnErrorResume.java:103)
		at reactor.netty.transport.TransportConnector$MonoChannelPromise.tryFailure(TransportConnector.java:576)
		at reactor.netty.transport.TransportConnector$MonoChannelPromise.setFailure(TransportConnector.java:522)
		at reactor.netty.transport.TransportConnector.lambda$doConnect$7(TransportConnector.java:261)
		at io.netty.util.concurrent.DefaultPromise.notifyListener0(DefaultPromise.java:590)
		at io.netty.util.concurrent.DefaultPromise.notifyListeners0(DefaultPromise.java:583)
		at io.netty.util.concurrent.DefaultPromise.notifyListenersNow(DefaultPromise.java:559)
		at io.netty.util.concurrent.DefaultPromise.notifyListeners(DefaultPromise.java:492)
		at io.netty.util.concurrent.DefaultPromise.setValue0(DefaultPromise.java:636)
		at io.netty.util.concurrent.DefaultPromise.setFailure0(DefaultPromise.java:629)
		at io.netty.util.concurrent.DefaultPromise.tryFailure(DefaultPromise.java:118)
		at io.netty.channel.nio.AbstractNioChannel$AbstractNioUnsafe.fulfillConnectPromise(AbstractNioChannel.java:326)
		at io.netty.channel.nio.AbstractNioChannel$AbstractNioUnsafe.finishConnect(AbstractNioChannel.java:342)
		at io.netty.channel.nio.NioEventLoop.processSelectedKey(NioEventLoop.java:784)
		at io.netty.channel.nio.NioEventLoop.processSelectedKeysOptimized(NioEventLoop.java:732)
		at io.netty.channel.nio.NioEventLoop.processSelectedKeys(NioEventLoop.java:658)
		at io.netty.channel.nio.NioEventLoop.run(NioEventLoop.java:562)
		at io.netty.util.concurrent.SingleThreadEventExecutor$4.run(SingleThreadEventExecutor.java:998)
		at io.netty.util.internal.ThreadExecutorMap$2.run(ThreadExecutorMap.java:74)
		at io.netty.util.concurrent.FastThreadLocalRunnable.run(FastThreadLocalRunnable.java:30)
		at java.base/java.lang.Thread.run(Thread.java:842)
	Suppressed: java.lang.Exception: #block terminated with an error
		at reactor.core.publisher.BlockingSingleSubscriber.blockingGet(BlockingSingleSubscriber.java:104)
		at reactor.core.publisher.Mono.block(Mono.java:1779)
		at org.springframework.cloud.netflix.eureka.http.WebClientEurekaHttpClient.getApplicationsInternal(WebClientEurekaHttpClient.java:157)
		at org.springframework.cloud.netflix.eureka.http.WebClientEurekaHttpClient.getApplications(WebClientEurekaHttpClient.java:143)
		at com.netflix.discovery.shared.transport.decorator.EurekaHttpClientDecorator$6.execute(EurekaHttpClientDecorator.java:137)
		at com.netflix.discovery.shared.transport.decorator.RedirectingEurekaHttpClient.executeOnNewServer(RedirectingEurekaHttpClient.java:121)
		at com.netflix.discovery.shared.transport.decorator.RedirectingEurekaHttpClient.execute(RedirectingEurekaHttpClient.java:80)
		at com.netflix.discovery.shared.transport.decorator.EurekaHttpClientDecorator.getApplications(EurekaHttpClientDecorator.java:134)
		at com.netflix.discovery.shared.transport.decorator.EurekaHttpClientDecorator$6.execute(EurekaHttpClientDecorator.java:137)
		at com.netflix.discovery.shared.transport.decorator.RetryableEurekaHttpClient.execute(RetryableEurekaHttpClient.java:120)
		at com.netflix.discovery.shared.transport.decorator.EurekaHttpClientDecorator.getApplications(EurekaHttpClientDecorator.java:134)
		at com.netflix.discovery.shared.transport.decorator.EurekaHttpClientDecorator$6.execute(EurekaHttpClientDecorator.java:137)
		at com.netflix.discovery.shared.transport.decorator.SessionedEurekaHttpClient.execute(SessionedEurekaHttpClient.java:76)
		at com.netflix.discovery.shared.transport.decorator.EurekaHttpClientDecorator.getApplications(EurekaHttpClientDecorator.java:134)
		at com.netflix.discovery.DiscoveryClient.getAndStoreFullRegistry(DiscoveryClient.java:1046)
		at com.netflix.discovery.DiscoveryClient.fetchRegistry(DiscoveryClient.java:961)
		at com.netflix.discovery.DiscoveryClient.<init>(DiscoveryClient.java:410)
		at com.netflix.discovery.DiscoveryClient.<init>(DiscoveryClient.java:245)
		at com.netflix.discovery.DiscoveryClient.<init>(DiscoveryClient.java:240)
		at org.springframework.cloud.netflix.eureka.CloudEurekaClient.<init>(CloudEurekaClient.java:68)
		at org.springframework.cloud.netflix.eureka.EurekaClientAutoConfiguration$RefreshableEurekaClientConfiguration.eurekaClient(EurekaClientAutoConfiguration.java:324)
		at java.base/jdk.internal.reflect.NativeMethodAccessorImpl.invoke0(Native Method)
		at java.base/jdk.internal.reflect.NativeMethodAccessorImpl.invoke(NativeMethodAccessorImpl.java:77)
		at java.base/jdk.internal.reflect.DelegatingMethodAccessorImpl.invoke(DelegatingMethodAccessorImpl.java:43)
		at java.base/java.lang.reflect.Method.invoke(Method.java:568)
		at org.springframework.beans.factory.support.SimpleInstantiationStrategy.lambda$instantiate$0(SimpleInstantiationStrategy.java:171)
		at org.springframework.beans.factory.support.SimpleInstantiationStrategy.instantiateWithFactoryMethod(SimpleInstantiationStrategy.java:88)
		at org.springframework.beans.factory.support.SimpleInstantiationStrategy.instantiate(SimpleInstantiationStrategy.java:168)
		at org.springframework.beans.factory.support.ConstructorResolver.instantiate(ConstructorResolver.java:653)
		at org.springframework.beans.factory.support.ConstructorResolver.instantiateUsingFactoryMethod(ConstructorResolver.java:645)
		at org.springframework.beans.factory.support.AbstractAutowireCapableBeanFactory.instantiateUsingFactoryMethod(AbstractAutowireCapableBeanFactory.java:1361)
		at org.springframework.beans.factory.support.AbstractAutowireCapableBeanFactory.createBeanInstance(AbstractAutowireCapableBeanFactory.java:1191)
		at org.springframework.beans.factory.support.AbstractAutowireCapableBeanFactory.doCreateBean(AbstractAutowireCapableBeanFactory.java:563)
		at org.springframework.beans.factory.support.AbstractAutowireCapableBeanFactory.createBean(AbstractAutowireCapableBeanFactory.java:523)
		at org.springframework.beans.factory.support.AbstractBeanFactory.lambda$doGetBean$1(AbstractBeanFactory.java:378)
		at org.springframework.cloud.context.scope.GenericScope$BeanLifecycleWrapper.getBean(GenericScope.java:375)
		at org.springframework.cloud.context.scope.GenericScope.get(GenericScope.java:179)
		at org.springframework.beans.factory.support.AbstractBeanFactory.doGetBean(AbstractBeanFactory.java:375)
		at org.springframework.beans.factory.support.AbstractBeanFactory.getBean(AbstractBeanFactory.java:202)
		at org.springframework.aop.target.SimpleBeanTargetSource.getTarget(SimpleBeanTargetSource.java:35)
		at org.springframework.cloud.netflix.eureka.serviceregistry.EurekaRegistration.getTargetObject(EurekaRegistration.java:128)
		at org.springframework.cloud.netflix.eureka.serviceregistry.EurekaRegistration.getEurekaClient(EurekaRegistration.java:116)
		at java.base/jdk.internal.reflect.NativeMethodAccessorImpl.invoke0(Native Method)
		at java.base/jdk.internal.reflect.NativeMethodAccessorImpl.invoke(NativeMethodAccessorImpl.java:77)
		at java.base/jdk.internal.reflect.DelegatingMethodAccessorImpl.invoke(DelegatingMethodAccessorImpl.java:43)
		at java.base/java.lang.reflect.Method.invoke(Method.java:568)
		at org.springframework.util.ReflectionUtils.invokeMethod(ReflectionUtils.java:281)
		at org.springframework.cloud.context.scope.GenericScope$LockedScopedProxyFactoryBean.invoke(GenericScope.java:482)
		at org.springframework.aop.framework.ReflectiveMethodInvocation.proceed(ReflectiveMethodInvocation.java:184)
		at org.springframework.aop.framework.CglibAopProxy$DynamicAdvisedInterceptor.intercept(CglibAopProxy.java:727)
		at org.springframework.cloud.netflix.eureka.serviceregistry.EurekaRegistration$$SpringCGLIB$$0.getEurekaClient(<generated>)
		at org.springframework.cloud.netflix.eureka.serviceregistry.EurekaServiceRegistry.maybeInitializeClient(EurekaServiceRegistry.java:83)
		at org.springframework.cloud.netflix.eureka.serviceregistry.EurekaServiceRegistry.register(EurekaServiceRegistry.java:66)
		at org.springframework.cloud.netflix.eureka.serviceregistry.EurekaAutoServiceRegistration.start(EurekaAutoServiceRegistration.java:89)
		at org.springframework.context.support.DefaultLifecycleProcessor.doStart(DefaultLifecycleProcessor.java:323)
		at org.springframework.context.support.DefaultLifecycleProcessor$LifecycleGroup.start(DefaultLifecycleProcessor.java:510)
		at java.base/java.lang.Iterable.forEach(Iterable.java:75)
		at org.springframework.context.support.DefaultLifecycleProcessor.startBeans(DefaultLifecycleProcessor.java:295)
		at org.springframework.context.support.DefaultLifecycleProcessor.onRefresh(DefaultLifecycleProcessor.java:240)
		at org.springframework.context.support.AbstractApplicationContext.finishRefresh(AbstractApplicationContext.java:1006)
		at org.springframework.context.support.AbstractApplicationContext.refresh(AbstractApplicationContext.java:630)
		at org.springframework.boot.SpringApplication.refresh(SpringApplication.java:752)
		at org.springframework.boot.SpringApplication.refreshContext(SpringApplication.java:439)
		at org.springframework.boot.SpringApplication.run(SpringApplication.java:318)
		at org.springframework.boot.test.context.SpringBootContextLoader.lambda$loadContext$3(SpringBootContextLoader.java:144)
		at org.springframework.util.function.ThrowingSupplier.get(ThrowingSupplier.java:58)
		at org.springframework.util.function.ThrowingSupplier.get(ThrowingSupplier.java:46)
		at org.springframework.boot.SpringApplication.withHook(SpringApplication.java:1461)
		at org.springframework.boot.test.context.SpringBootContextLoader$ContextLoaderHook.run(SpringBootContextLoader.java:563)
		at org.springframework.boot.test.context.SpringBootContextLoader.loadContext(SpringBootContextLoader.java:144)
		at org.springframework.boot.test.context.SpringBootContextLoader.loadContext(SpringBootContextLoader.java:110)
		at org.springframework.test.context.cache.DefaultCacheAwareContextLoaderDelegate.loadContextInternal(DefaultCacheAwareContextLoaderDelegate.java:225)
		at org.springframework.test.context.cache.DefaultCacheAwareContextLoaderDelegate.loadContext(DefaultCacheAwareContextLoaderDelegate.java:152)
		at org.springframework.test.context.support.DefaultTestContext.getApplicationContext(DefaultTestContext.java:130)
		at org.springframework.test.context.support.DependencyInjectionTestExecutionListener.injectDependencies(DependencyInjectionTestExecutionListener.java:155)
		at org.springframework.test.context.support.DependencyInjectionTestExecutionListener.prepareTestInstance(DependencyInjectionTestExecutionListener.java:111)
		at org.springframework.test.context.TestContextManager.prepareTestInstance(TestContextManager.java:260)
		at org.springframework.test.context.junit.jupiter.SpringExtension.postProcessTestInstance(SpringExtension.java:160)
		at org.junit.jupiter.engine.descriptor.ClassBasedTestDescriptor.lambda$invokeTestInstancePostProcessors$11(ClassBasedTestDescriptor.java:378)
		at org.junit.jupiter.engine.descriptor.ClassBasedTestDescriptor.executeAndMaskThrowable(ClassBasedTestDescriptor.java:383)
		at org.junit.jupiter.engine.descriptor.ClassBasedTestDescriptor.lambda$invokeTestInstancePostProcessors$12(ClassBasedTestDescriptor.java:378)
		at java.base/java.util.stream.ForEachOps$ForEachOp$OfRef.accept(ForEachOps.java:183)
		at java.base/java.util.stream.ReferencePipeline$3$1.accept(ReferencePipeline.java:197)
		at java.base/java.util.stream.ReferencePipeline$2$1.accept(ReferencePipeline.java:179)
		at java.base/java.util.stream.ReferencePipeline$3$1.accept(ReferencePipeline.java:197)
		at java.base/java.util.ArrayList$ArrayListSpliterator.forEachRemaining(ArrayList.java:1625)
		at java.base/java.util.stream.AbstractPipeline.copyInto(AbstractPipeline.java:509)
		at java.base/java.util.stream.AbstractPipeline.wrapAndCopyInto(AbstractPipeline.java:499)
		at java.base/java.util.stream.ForEachOps$ForEachOp.evaluateSequential(ForEachOps.java:150)
		at java.base/java.util.stream.ForEachOps$ForEachOp$OfRef.evaluateSequential(ForEachOps.java:173)
		at java.base/java.util.stream.AbstractPipeline.evaluate(AbstractPipeline.java:234)
		at java.base/java.util.stream.ReferencePipeline.forEach(ReferencePipeline.java:596)
		at org.junit.jupiter.engine.descriptor.ClassBasedTestDescriptor.invokeTestInstancePostProcessors(ClassBasedTestDescriptor.java:377)
		at org.junit.jupiter.engine.descriptor.ClassBasedTestDescriptor.lambda$instantiateAndPostProcessTestInstance$7(ClassBasedTestDescriptor.java:290)
		at org.junit.platform.engine.support.hierarchical.ThrowableCollector.execute(ThrowableCollector.java:73)
		at org.junit.jupiter.engine.descriptor.ClassBasedTestDescriptor.instantiateAndPostProcessTestInstance(ClassBasedTestDescriptor.java:289)
		at org.junit.jupiter.engine.descriptor.ClassBasedTestDescriptor.lambda$testInstancesProvider$5(ClassBasedTestDescriptor.java:279)
		at java.base/java.util.Optional.orElseGet(Optional.java:364)
		at org.junit.jupiter.engine.descriptor.ClassBasedTestDescriptor.lambda$testInstancesProvider$6(ClassBasedTestDescriptor.java:278)
		at org.junit.jupiter.engine.execution.TestInstancesProvider.getTestInstances(TestInstancesProvider.java:31)
		at org.junit.jupiter.engine.descriptor.TestMethodTestDescriptor.lambda$prepare$1(TestMethodTestDescriptor.java:105)
		at org.junit.platform.engine.support.hierarchical.ThrowableCollector.execute(ThrowableCollector.java:73)
		at org.junit.jupiter.engine.descriptor.TestMethodTestDescriptor.prepare(TestMethodTestDescriptor.java:104)
		at org.junit.jupiter.engine.descriptor.TestMethodTestDescriptor.prepare(TestMethodTestDescriptor.java:68)
		at org.junit.platform.engine.support.hierarchical.NodeTestTask.lambda$prepare$2(NodeTestTask.java:128)
		at org.junit.platform.engine.support.hierarchical.ThrowableCollector.execute(ThrowableCollector.java:73)
		at org.junit.platform.engine.support.hierarchical.NodeTestTask.prepare(NodeTestTask.java:128)
		at org.junit.platform.engine.support.hierarchical.NodeTestTask.execute(NodeTestTask.java:95)
		at java.base/java.util.ArrayList.forEach(ArrayList.java:1511)
		at org.junit.platform.engine.support.hierarchical.SameThreadHierarchicalTestExecutorService.invokeAll(SameThreadHierarchicalTestExecutorService.java:41)
		at org.junit.platform.engine.support.hierarchical.NodeTestTask.lambda$executeRecursively$6(NodeTestTask.java:160)
		at org.junit.platform.engine.support.hierarchical.ThrowableCollector.execute(ThrowableCollector.java:73)
		at org.junit.platform.engine.support.hierarchical.NodeTestTask.lambda$executeRecursively$8(NodeTestTask.java:146)
		at org.junit.platform.engine.support.hierarchical.Node.around(Node.java:137)
		at org.junit.platform.engine.support.hierarchical.NodeTestTask.lambda$executeRecursively$9(NodeTestTask.java:144)
		at org.junit.platform.engine.support.hierarchical.ThrowableCollector.execute(ThrowableCollector.java:73)
		at org.junit.platform.engine.support.hierarchical.NodeTestTask.executeRecursively(NodeTestTask.java:143)
		at org.junit.platform.engine.support.hierarchical.NodeTestTask.execute(NodeTestTask.java:100)
		at java.base/java.util.ArrayList.forEach(ArrayList.java:1511)
		at org.junit.platform.engine.support.hierarchical.SameThreadHierarchicalTestExecutorService.invokeAll(SameThreadHierarchicalTestExecutorService.java:41)
		at org.junit.platform.engine.support.hierarchical.NodeTestTask.lambda$executeRecursively$6(NodeTestTask.java:160)
		at org.junit.platform.engine.support.hierarchical.ThrowableCollector.execute(ThrowableCollector.java:73)
		at org.junit.platform.engine.support.hierarchical.NodeTestTask.lambda$executeRecursively$8(NodeTestTask.java:146)
		at org.junit.platform.engine.support.hierarchical.Node.around(Node.java:137)
		at org.junit.platform.engine.support.hierarchical.NodeTestTask.lambda$executeRecursively$9(NodeTestTask.java:144)
		at org.junit.platform.engine.support.hierarchical.ThrowableCollector.execute(ThrowableCollector.java:73)
		at org.junit.platform.engine.support.hierarchical.NodeTestTask.executeRecursively(NodeTestTask.java:143)
		at org.junit.platform.engine.support.hierarchical.NodeTestTask.execute(NodeTestTask.java:100)
		at org.junit.platform.engine.support.hierarchical.SameThreadHierarchicalTestExecutorService.submit(SameThreadHierarchicalTestExecutorService.java:35)
		at org.junit.platform.engine.support.hierarchical.HierarchicalTestExecutor.execute(HierarchicalTestExecutor.java:57)
		at org.junit.platform.engine.support.hierarchical.HierarchicalTestEngine.execute(HierarchicalTestEngine.java:54)
		at org.junit.platform.launcher.core.EngineExecutionOrchestrator.execute(EngineExecutionOrchestrator.java:198)
		at org.junit.platform.launcher.core.EngineExecutionOrchestrator.execute(EngineExecutionOrchestrator.java:169)
		at org.junit.platform.launcher.core.EngineExecutionOrchestrator.execute(EngineExecutionOrchestrator.java:93)
		at org.junit.platform.launcher.core.EngineExecutionOrchestrator.lambda$execute$0(EngineExecutionOrchestrator.java:58)
		at org.junit.platform.launcher.core.EngineExecutionOrchestrator.withInterceptedStreams(EngineExecutionOrchestrator.java:141)
		at org.junit.platform.launcher.core.EngineExecutionOrchestrator.execute(EngineExecutionOrchestrator.java:57)
		at org.junit.platform.launcher.core.DefaultLauncher.execute(DefaultLauncher.java:103)
		at org.junit.platform.launcher.core.DefaultLauncher.execute(DefaultLauncher.java:85)
		at org.junit.platform.launcher.core.DelegatingLauncher.execute(DelegatingLauncher.java:47)
		at org.gradle.api.internal.tasks.testing.junitplatform.JUnitPlatformTestClassProcessor$CollectAllTestClassesExecutor.processAllTestClasses(JUnitPlatformTestClassProcessor.java:124)
		at org.gradle.api.internal.tasks.testing.junitplatform.JUnitPlatformTestClassProcessor$CollectAllTestClassesExecutor.access$000(JUnitPlatformTestClassProcessor.java:99)
		at org.gradle.api.internal.tasks.testing.junitplatform.JUnitPlatformTestClassProcessor.stop(JUnitPlatformTestClassProcessor.java:94)
		at org.gradle.api.internal.tasks.testing.SuiteTestClassProcessor.stop(SuiteTestClassProcessor.java:63)
		at java.base/jdk.internal.reflect.NativeMethodAccessorImpl.invoke0(Native Method)
		at java.base/jdk.internal.reflect.NativeMethodAccessorImpl.invoke(NativeMethodAccessorImpl.java:77)
		at java.base/jdk.internal.reflect.DelegatingMethodAccessorImpl.invoke(DelegatingMethodAccessorImpl.java:43)
		at java.base/java.lang.reflect.Method.invoke(Method.java:568)
		at org.gradle.internal.dispatch.ReflectionDispatch.dispatch(ReflectionDispatch.java:36)
		at org.gradle.internal.dispatch.ReflectionDispatch.dispatch(ReflectionDispatch.java:24)
		at org.gradle.internal.dispatch.ContextClassLoaderDispatch.dispatch(ContextClassLoaderDispatch.java:33)
		at org.gradle.internal.dispatch.ProxyDispatchAdapter$DispatchingInvocationHandler.invoke(ProxyDispatchAdapter.java:92)
		at jdk.proxy1/jdk.proxy1.$Proxy4.stop(Unknown Source)
		at org.gradle.api.internal.tasks.testing.worker.TestWorker$3.run(TestWorker.java:200)
		at org.gradle.api.internal.tasks.testing.worker.TestWorker.executeAndMaintainThreadName(TestWorker.java:132)
		at org.gradle.api.internal.tasks.testing.worker.TestWorker.execute(TestWorker.java:103)
		at org.gradle.api.internal.tasks.testing.worker.TestWorker.execute(TestWorker.java:63)
		at org.gradle.process.internal.worker.child.ActionExecutionWorker.execute(ActionExecutionWorker.java:56)
		at org.gradle.process.internal.worker.child.SystemApplicationClassLoaderWorker.call(SystemApplicationClassLoaderWorker.java:121)
		at org.gradle.process.internal.worker.child.SystemApplicationClassLoaderWorker.call(SystemApplicationClassLoaderWorker.java:71)
		at worker.org.gradle.process.internal.worker.GradleWorkerMain.run(GradleWorkerMain.java:69)
		at worker.org.gradle.process.internal.worker.GradleWorkerMain.main(GradleWorkerMain.java:74)
Caused by: io.netty.channel.AbstractChannel$AnnotatedConnectException: Connection refused: no further information: localhost/127.0.0.1:8761
Caused by: java.net.ConnectException: Connection refused: no further information
	at java.base/sun.nio.ch.Net.pollConnect(Native Method)
	at java.base/sun.nio.ch.Net.pollConnectNow(Net.java:672)
	at java.base/sun.nio.ch.SocketChannelImpl.finishConnect(SocketChannelImpl.java:946)
	at io.netty.channel.socket.nio.NioSocketChannel.doFinishConnect(NioSocketChannel.java:336)
	at io.netty.channel.nio.AbstractNioChannel$AbstractNioUnsafe.finishConnect(AbstractNioChannel.java:339)
	at io.netty.channel.nio.NioEventLoop.processSelectedKey(NioEventLoop.java:784)
	at io.netty.channel.nio.NioEventLoop.processSelectedKeysOptimized(NioEventLoop.java:732)
	at io.netty.channel.nio.NioEventLoop.processSelectedKeys(NioEventLoop.java:658)
	at io.netty.channel.nio.NioEventLoop.run(NioEventLoop.java:562)
	at io.netty.util.concurrent.SingleThreadEventExecutor$4.run(SingleThreadEventExecutor.java:998)
	at io.netty.util.internal.ThreadExecutorMap$2.run(ThreadExecutorMap.java:74)
	at io.netty.util.concurrent.FastThreadLocalRunnable.run(FastThreadLocalRunnable.java:30)
	at java.base/java.lang.Thread.run(Thread.java:842)

2025-04-26T22:20:21.289+02:00  WARN 13448 --- [api-gateway] [    Test worker] c.n.d.s.t.d.RetryableEurekaHttpClient    : Request execution failed with message: Connection refused: no further information: localhost/127.0.0.1:8761
2025-04-26T22:20:21.290+02:00  INFO 13448 --- [api-gateway] [    Test worker] com.netflix.discovery.DiscoveryClient    : DiscoveryClient_API-GATEWAY/host.docker.internal:api-gateway:8078 - was unable to refresh its cache! This periodic background refresh will be retried in 30 seconds. status = Cannot execute request on any known server stacktrace = com.netflix.discovery.shared.transport.TransportException: Cannot execute request on any known server
	at com.netflix.discovery.shared.transport.decorator.RetryableEurekaHttpClient.execute(RetryableEurekaHttpClient.java:112)
	at com.netflix.discovery.shared.transport.decorator.EurekaHttpClientDecorator.getApplications(EurekaHttpClientDecorator.java:134)
	at com.netflix.discovery.shared.transport.decorator.EurekaHttpClientDecorator$6.execute(EurekaHttpClientDecorator.java:137)
	at com.netflix.discovery.shared.transport.decorator.SessionedEurekaHttpClient.execute(SessionedEurekaHttpClient.java:76)
	at com.netflix.discovery.shared.transport.decorator.EurekaHttpClientDecorator.getApplications(EurekaHttpClientDecorator.java:134)
	at com.netflix.discovery.DiscoveryClient.getAndStoreFullRegistry(DiscoveryClient.java:1046)
	at com.netflix.discovery.DiscoveryClient.fetchRegistry(DiscoveryClient.java:961)
	at com.netflix.discovery.DiscoveryClient.<init>(DiscoveryClient.java:410)
	at com.netflix.discovery.DiscoveryClient.<init>(DiscoveryClient.java:245)
	at com.netflix.discovery.DiscoveryClient.<init>(DiscoveryClient.java:240)
	at org.springframework.cloud.netflix.eureka.CloudEurekaClient.<init>(CloudEurekaClient.java:68)
	at org.springframework.cloud.netflix.eureka.EurekaClientAutoConfiguration$RefreshableEurekaClientConfiguration.eurekaClient(EurekaClientAutoConfiguration.java:324)
	at java.base/jdk.internal.reflect.NativeMethodAccessorImpl.invoke0(Native Method)
	at java.base/jdk.internal.reflect.NativeMethodAccessorImpl.invoke(NativeMethodAccessorImpl.java:77)
	at java.base/jdk.internal.reflect.DelegatingMethodAccessorImpl.invoke(DelegatingMethodAccessorImpl.java:43)
	at java.base/java.lang.reflect.Method.invoke(Method.java:568)
	at org.springframework.beans.factory.support.SimpleInstantiationStrategy.lambda$instantiate$0(SimpleInstantiationStrategy.java:171)
	at org.springframework.beans.factory.support.SimpleInstantiationStrategy.instantiateWithFactoryMethod(SimpleInstantiationStrategy.java:88)
	at org.springframework.beans.factory.support.SimpleInstantiationStrategy.instantiate(SimpleInstantiationStrategy.java:168)
	at org.springframework.beans.factory.support.ConstructorResolver.instantiate(ConstructorResolver.java:653)
	at org.springframework.beans.factory.support.ConstructorResolver.instantiateUsingFactoryMethod(ConstructorResolver.java:645)
	at org.springframework.beans.factory.support.AbstractAutowireCapableBeanFactory.instantiateUsingFactoryMethod(AbstractAutowireCapableBeanFactory.java:1361)
	at org.springframework.beans.factory.support.AbstractAutowireCapableBeanFactory.createBeanInstance(AbstractAutowireCapableBeanFactory.java:1191)
	at org.springframework.beans.factory.support.AbstractAutowireCapableBeanFactory.doCreateBean(AbstractAutowireCapableBeanFactory.java:563)
	at org.springframework.beans.factory.support.AbstractAutowireCapableBeanFactory.createBean(AbstractAutowireCapableBeanFactory.java:523)
	at org.springframework.beans.factory.support.AbstractBeanFactory.lambda$doGetBean$1(AbstractBeanFactory.java:378)
	at org.springframework.cloud.context.scope.GenericScope$BeanLifecycleWrapper.getBean(GenericScope.java:375)
	at org.springframework.cloud.context.scope.GenericScope.get(GenericScope.java:179)
	at org.springframework.beans.factory.support.AbstractBeanFactory.doGetBean(AbstractBeanFactory.java:375)
	at org.springframework.beans.factory.support.AbstractBeanFactory.getBean(AbstractBeanFactory.java:202)
	at org.springframework.aop.target.SimpleBeanTargetSource.getTarget(SimpleBeanTargetSource.java:35)
	at org.springframework.cloud.netflix.eureka.serviceregistry.EurekaRegistration.getTargetObject(EurekaRegistration.java:128)
	at org.springframework.cloud.netflix.eureka.serviceregistry.EurekaRegistration.getEurekaClient(EurekaRegistration.java:116)
	at java.base/jdk.internal.reflect.NativeMethodAccessorImpl.invoke0(Native Method)
	at java.base/jdk.internal.reflect.NativeMethodAccessorImpl.invoke(NativeMethodAccessorImpl.java:77)
	at java.base/jdk.internal.reflect.DelegatingMethodAccessorImpl.invoke(DelegatingMethodAccessorImpl.java:43)
	at java.base/java.lang.reflect.Method.invoke(Method.java:568)
	at org.springframework.util.ReflectionUtils.invokeMethod(ReflectionUtils.java:281)
	at org.springframework.cloud.context.scope.GenericScope$LockedScopedProxyFactoryBean.invoke(GenericScope.java:482)
	at org.springframework.aop.framework.ReflectiveMethodInvocation.proceed(ReflectiveMethodInvocation.java:184)
	at org.springframework.aop.framework.CglibAopProxy$DynamicAdvisedInterceptor.intercept(CglibAopProxy.java:727)
	at org.springframework.cloud.netflix.eureka.serviceregistry.EurekaRegistration$$SpringCGLIB$$0.getEurekaClient(<generated>)
	at org.springframework.cloud.netflix.eureka.serviceregistry.EurekaServiceRegistry.maybeInitializeClient(EurekaServiceRegistry.java:83)
	at org.springframework.cloud.netflix.eureka.serviceregistry.EurekaServiceRegistry.register(EurekaServiceRegistry.java:66)
	at org.springframework.cloud.netflix.eureka.serviceregistry.EurekaAutoServiceRegistration.start(EurekaAutoServiceRegistration.java:89)
	at org.springframework.context.support.DefaultLifecycleProcessor.doStart(DefaultLifecycleProcessor.java:323)
	at org.springframework.context.support.DefaultLifecycleProcessor$LifecycleGroup.start(DefaultLifecycleProcessor.java:510)
	at java.base/java.lang.Iterable.forEach(Iterable.java:75)
	at org.springframework.context.support.DefaultLifecycleProcessor.startBeans(DefaultLifecycleProcessor.java:295)
	at org.springframework.context.support.DefaultLifecycleProcessor.onRefresh(DefaultLifecycleProcessor.java:240)
	at org.springframework.context.support.AbstractApplicationContext.finishRefresh(AbstractApplicationContext.java:1006)
	at org.springframework.context.support.AbstractApplicationContext.refresh(AbstractApplicationContext.java:630)
	at org.springframework.boot.SpringApplication.refresh(SpringApplication.java:752)
	at org.springframework.boot.SpringApplication.refreshContext(SpringApplication.java:439)
	at org.springframework.boot.SpringApplication.run(SpringApplication.java:318)
	at org.springframework.boot.test.context.SpringBootContextLoader.lambda$loadContext$3(SpringBootContextLoader.java:144)
	at org.springframework.util.function.ThrowingSupplier.get(ThrowingSupplier.java:58)
	at org.springframework.util.function.ThrowingSupplier.get(ThrowingSupplier.java:46)
	at org.springframework.boot.SpringApplication.withHook(SpringApplication.java:1461)
	at org.springframework.boot.test.context.SpringBootContextLoader$ContextLoaderHook.run(SpringBootContextLoader.java:563)
	at org.springframework.boot.test.context.SpringBootContextLoader.loadContext(SpringBootContextLoader.java:144)
	at org.springframework.boot.test.context.SpringBootContextLoader.loadContext(SpringBootContextLoader.java:110)
	at org.springframework.test.context.cache.DefaultCacheAwareContextLoaderDelegate.loadContextInternal(DefaultCacheAwareContextLoaderDelegate.java:225)
	at org.springframework.test.context.cache.DefaultCacheAwareContextLoaderDelegate.loadContext(DefaultCacheAwareContextLoaderDelegate.java:152)
	at org.springframework.test.context.support.DefaultTestContext.getApplicationContext(DefaultTestContext.java:130)
	at org.springframework.test.context.support.DependencyInjectionTestExecutionListener.injectDependencies(DependencyInjectionTestExecutionListener.java:155)
	at org.springframework.test.context.support.DependencyInjectionTestExecutionListener.prepareTestInstance(DependencyInjectionTestExecutionListener.java:111)
	at org.springframework.test.context.TestContextManager.prepareTestInstance(TestContextManager.java:260)
	at org.springframework.test.context.junit.jupiter.SpringExtension.postProcessTestInstance(SpringExtension.java:160)
	at org.junit.jupiter.engine.descriptor.ClassBasedTestDescriptor.lambda$invokeTestInstancePostProcessors$11(ClassBasedTestDescriptor.java:378)
	at org.junit.jupiter.engine.descriptor.ClassBasedTestDescriptor.executeAndMaskThrowable(ClassBasedTestDescriptor.java:383)
	at org.junit.jupiter.engine.descriptor.ClassBasedTestDescriptor.lambda$invokeTestInstancePostProcessors$12(ClassBasedTestDescriptor.java:378)
	at java.base/java.util.stream.ForEachOps$ForEachOp$OfRef.accept(ForEachOps.java:183)
	at java.base/java.util.stream.ReferencePipeline$3$1.accept(ReferencePipeline.java:197)
	at java.base/java.util.stream.ReferencePipeline$2$1.accept(ReferencePipeline.java:179)
	at java.base/java.util.stream.ReferencePipeline$3$1.accept(ReferencePipeline.java:197)
	at java.base/java.util.ArrayList$ArrayListSpliterator.forEachRemaining(ArrayList.java:1625)
	at java.base/java.util.stream.AbstractPipeline.copyInto(AbstractPipeline.java:509)
	at java.base/java.util.stream.AbstractPipeline.wrapAndCopyInto(AbstractPipeline.java:499)
	at java.base/java.util.stream.ForEachOps$ForEachOp.evaluateSequential(ForEachOps.java:150)
	at java.base/java.util.stream.ForEachOps$ForEachOp$OfRef.evaluateSequential(ForEachOps.java:173)
	at java.base/java.util.stream.AbstractPipeline.evaluate(AbstractPipeline.java:234)
	at java.base/java.util.stream.ReferencePipeline.forEach(ReferencePipeline.java:596)
	at org.junit.jupiter.engine.descriptor.ClassBasedTestDescriptor.invokeTestInstancePostProcessors(ClassBasedTestDescriptor.java:377)
	at org.junit.jupiter.engine.descriptor.ClassBasedTestDescriptor.lambda$instantiateAndPostProcessTestInstance$7(ClassBasedTestDescriptor.java:290)
	at org.junit.platform.engine.support.hierarchical.ThrowableCollector.execute(ThrowableCollector.java:73)
	at org.junit.jupiter.engine.descriptor.ClassBasedTestDescriptor.instantiateAndPostProcessTestInstance(ClassBasedTestDescriptor.java:289)
	at org.junit.jupiter.engine.descriptor.ClassBasedTestDescriptor.lambda$testInstancesProvider$5(ClassBasedTestDescriptor.java:279)
	at java.base/java.util.Optional.orElseGet(Optional.java:364)
	at org.junit.jupiter.engine.descriptor.ClassBasedTestDescriptor.lambda$testInstancesProvider$6(ClassBasedTestDescriptor.java:278)
	at org.junit.jupiter.engine.execution.TestInstancesProvider.getTestInstances(TestInstancesProvider.java:31)
	at org.junit.jupiter.engine.descriptor.TestMethodTestDescriptor.lambda$prepare$1(TestMethodTestDescriptor.java:105)
	at org.junit.platform.engine.support.hierarchical.ThrowableCollector.execute(ThrowableCollector.java:73)
	at org.junit.jupiter.engine.descriptor.TestMethodTestDescriptor.prepare(TestMethodTestDescriptor.java:104)
	at org.junit.jupiter.engine.descriptor.TestMethodTestDescriptor.prepare(TestMethodTestDescriptor.java:68)
	at org.junit.platform.engine.support.hierarchical.NodeTestTask.lambda$prepare$2(NodeTestTask.java:128)
	at org.junit.platform.engine.support.hierarchical.ThrowableCollector.execute(ThrowableCollector.java:73)
	at org.junit.platform.engine.support.hierarchical.NodeTestTask.prepare(NodeTestTask.java:128)
	at org.junit.platform.engine.support.hierarchical.NodeTestTask.execute(NodeTestTask.java:95)
	at java.base/java.util.ArrayList.forEach(ArrayList.java:1511)
	at org.junit.platform.engine.support.hierarchical.SameThreadHierarchicalTestExecutorService.invokeAll(SameThreadHierarchicalTestExecutorService.java:41)
	at org.junit.platform.engine.support.hierarchical.NodeTestTask.lambda$executeRecursively$6(NodeTestTask.java:160)
	at org.junit.platform.engine.support.hierarchical.ThrowableCollector.execute(ThrowableCollector.java:73)
	at org.junit.platform.engine.support.hierarchical.NodeTestTask.lambda$executeRecursively$8(NodeTestTask.java:146)
	at org.junit.platform.engine.support.hierarchical.Node.around(Node.java:137)
	at org.junit.platform.engine.support.hierarchical.NodeTestTask.lambda$executeRecursively$9(NodeTestTask.java:144)
	at org.junit.platform.engine.support.hierarchical.ThrowableCollector.execute(ThrowableCollector.java:73)
	at org.junit.platform.engine.support.hierarchical.NodeTestTask.executeRecursively(NodeTestTask.java:143)
	at org.junit.platform.engine.support.hierarchical.NodeTestTask.execute(NodeTestTask.java:100)
	at java.base/java.util.ArrayList.forEach(ArrayList.java:1511)
	at org.junit.platform.engine.support.hierarchical.SameThreadHierarchicalTestExecutorService.invokeAll(SameThreadHierarchicalTestExecutorService.java:41)
	at org.junit.platform.engine.support.hierarchical.NodeTestTask.lambda$executeRecursively$6(NodeTestTask.java:160)
	at org.junit.platform.engine.support.hierarchical.ThrowableCollector.execute(ThrowableCollector.java:73)
	at org.junit.platform.engine.support.hierarchical.NodeTestTask.lambda$executeRecursively$8(NodeTestTask.java:146)
	at org.junit.platform.engine.support.hierarchical.Node.around(Node.java:137)
	at org.junit.platform.engine.support.hierarchical.NodeTestTask.lambda$executeRecursively$9(NodeTestTask.java:144)
	at org.junit.platform.engine.support.hierarchical.ThrowableCollector.execute(ThrowableCollector.java:73)
	at org.junit.platform.engine.support.hierarchical.NodeTestTask.executeRecursively(NodeTestTask.java:143)
	at org.junit.platform.engine.support.hierarchical.NodeTestTask.execute(NodeTestTask.java:100)
	at org.junit.platform.engine.support.hierarchical.SameThreadHierarchicalTestExecutorService.submit(SameThreadHierarchicalTestExecutorService.java:35)
	at org.junit.platform.engine.support.hierarchical.HierarchicalTestExecutor.execute(HierarchicalTestExecutor.java:57)
	at org.junit.platform.engine.support.hierarchical.HierarchicalTestEngine.execute(HierarchicalTestEngine.java:54)
	at org.junit.platform.launcher.core.EngineExecutionOrchestrator.execute(EngineExecutionOrchestrator.java:198)
	at org.junit.platform.launcher.core.EngineExecutionOrchestrator.execute(EngineExecutionOrchestrator.java:169)
	at org.junit.platform.launcher.core.EngineExecutionOrchestrator.execute(EngineExecutionOrchestrator.java:93)
	at org.junit.platform.launcher.core.EngineExecutionOrchestrator.lambda$execute$0(EngineExecutionOrchestrator.java:58)
	at org.junit.platform.launcher.core.EngineExecutionOrchestrator.withInterceptedStreams(EngineExecutionOrchestrator.java:141)
	at org.junit.platform.launcher.core.EngineExecutionOrchestrator.execute(EngineExecutionOrchestrator.java:57)
	at org.junit.platform.launcher.core.DefaultLauncher.execute(DefaultLauncher.java:103)
	at org.junit.platform.launcher.core.DefaultLauncher.execute(DefaultLauncher.java:85)
	at org.junit.platform.launcher.core.DelegatingLauncher.execute(DelegatingLauncher.java:47)
	at org.gradle.api.internal.tasks.testing.junitplatform.JUnitPlatformTestClassProcessor$CollectAllTestClassesExecutor.processAllTestClasses(JUnitPlatformTestClassProcessor.java:124)
	at org.gradle.api.internal.tasks.testing.junitplatform.JUnitPlatformTestClassProcessor$CollectAllTestClassesExecutor.access$000(JUnitPlatformTestClassProcessor.java:99)
	at org.gradle.api.internal.tasks.testing.junitplatform.JUnitPlatformTestClassProcessor.stop(JUnitPlatformTestClassProcessor.java:94)
	at org.gradle.api.internal.tasks.testing.SuiteTestClassProcessor.stop(SuiteTestClassProcessor.java:63)
	at java.base/jdk.internal.reflect.NativeMethodAccessorImpl.invoke0(Native Method)
	at java.base/jdk.internal.reflect.NativeMethodAccessorImpl.invoke(NativeMethodAccessorImpl.java:77)
	at java.base/jdk.internal.reflect.DelegatingMethodAccessorImpl.invoke(DelegatingMethodAccessorImpl.java:43)
	at java.base/java.lang.reflect.Method.invoke(Method.java:568)
	at org.gradle.internal.dispatch.ReflectionDispatch.dispatch(ReflectionDispatch.java:36)
	at org.gradle.internal.dispatch.ReflectionDispatch.dispatch(ReflectionDispatch.java:24)
	at org.gradle.internal.dispatch.ContextClassLoaderDispatch.dispatch(ContextClassLoaderDispatch.java:33)
	at org.gradle.internal.dispatch.ProxyDispatchAdapter$DispatchingInvocationHandler.invoke(ProxyDispatchAdapter.java:92)
	at jdk.proxy1/jdk.proxy1.$Proxy4.stop(Unknown Source)
	at org.gradle.api.internal.tasks.testing.worker.TestWorker$3.run(TestWorker.java:200)
	at org.gradle.api.internal.tasks.testing.worker.TestWorker.executeAndMaintainThreadName(TestWorker.java:132)
	at org.gradle.api.internal.tasks.testing.worker.TestWorker.execute(TestWorker.java:103)
	at org.gradle.api.internal.tasks.testing.worker.TestWorker.execute(TestWorker.java:63)
	at org.gradle.process.internal.worker.child.ActionExecutionWorker.execute(ActionExecutionWorker.java:56)
	at org.gradle.process.internal.worker.child.SystemApplicationClassLoaderWorker.call(SystemApplicationClassLoaderWorker.java:121)
	at org.gradle.process.internal.worker.child.SystemApplicationClassLoaderWorker.call(SystemApplicationClassLoaderWorker.java:71)
	at worker.org.gradle.process.internal.worker.GradleWorkerMain.run(GradleWorkerMain.java:69)
	at worker.org.gradle.process.internal.worker.GradleWorkerMain.main(GradleWorkerMain.java:74)

2025-04-26T22:20:21.291+02:00  INFO 13448 --- [api-gateway] [    Test worker] com.netflix.discovery.DiscoveryClient    : Initial registry fetch from primary servers failed
2025-04-26T22:20:21.291+02:00  WARN 13448 --- [api-gateway] [    Test worker] com.netflix.discovery.DiscoveryClient    : Using default backup registry implementation which does not do anything.
2025-04-26T22:20:21.291+02:00  INFO 13448 --- [api-gateway] [    Test worker] com.netflix.discovery.DiscoveryClient    : Initial registry fetch from backup servers failed
2025-04-26T22:20:21.292+02:00  INFO 13448 --- [api-gateway] [    Test worker] com.netflix.discovery.DiscoveryClient    : Starting heartbeat executor: renew interval is: 30
2025-04-26T22:20:21.295+02:00  INFO 13448 --- [api-gateway] [    Test worker] c.n.discovery.InstanceInfoReplicator     : InstanceInfoReplicator onDemand update allowed rate per min is 4
2025-04-26T22:20:21.298+02:00  INFO 13448 --- [api-gateway] [    Test worker] com.netflix.discovery.DiscoveryClient    : Discovery Client initialized at timestamp 1745698821296 with initial instances count: 0
2025-04-26T22:20:21.301+02:00 TRACE 13448 --- [api-gateway] [    Test worker] .s.c.a.CommonAnnotationBeanPostProcessor : Found destroy method on class [org.springframework.cloud.netflix.eureka.CloudEurekaClient]: public synchronized void com.netflix.discovery.DiscoveryClient.shutdown()
2025-04-26T22:20:21.302+02:00 TRACE 13448 --- [api-gateway] [    Test worker] .s.c.a.CommonAnnotationBeanPostProcessor : Registered destroy method on class [org.springframework.cloud.netflix.eureka.CloudEurekaClient]: shutdown
2025-04-26T22:20:21.302+02:00 TRACE 13448 --- [api-gateway] [    Test worker] o.s.b.f.s.DefaultListableBeanFactory     : Returning cached instance of singleton bean 'preFilterAuthorizationAdvisor'
2025-04-26T22:20:21.302+02:00 TRACE 13448 --- [api-gateway] [    Test worker] o.s.b.f.s.DefaultListableBeanFactory     : Returning cached instance of singleton bean 'preAuthorizeAuthorizationAdvisor'
2025-04-26T22:20:21.302+02:00 TRACE 13448 --- [api-gateway] [    Test worker] o.s.b.f.s.DefaultListableBeanFactory     : Returning cached instance of singleton bean 'postFilterAuthorizationAdvisor'
2025-04-26T22:20:21.302+02:00 TRACE 13448 --- [api-gateway] [    Test worker] o.s.b.f.s.DefaultListableBeanFactory     : Returning cached instance of singleton bean 'postAuthorizeAuthorizationAdvisor'
2025-04-26T22:20:21.302+02:00 TRACE 13448 --- [api-gateway] [    Test worker] o.s.b.f.s.DefaultListableBeanFactory     : Returning cached instance of singleton bean 'jsr250AuthorizationAdvisor'
2025-04-26T22:20:21.302+02:00 TRACE 13448 --- [api-gateway] [    Test worker] o.s.b.f.s.DefaultListableBeanFactory     : Returning cached instance of singleton bean 'authorizeReturnObjectAdvisor'
2025-04-26T22:20:21.304+02:00 TRACE 13448 --- [api-gateway] [    Test worker] o.s.b.f.s.DefaultListableBeanFactory     : Finished creating instance of bean 'scopedTarget.eurekaClient'
2025-04-26T22:20:21.304+02:00  INFO 13448 --- [api-gateway] [    Test worker] o.s.c.n.e.s.EurekaServiceRegistry        : Registering application API-GATEWAY with eureka with status UP
2025-04-26T22:20:21.305+02:00  INFO 13448 --- [api-gateway] [    Test worker] com.netflix.discovery.DiscoveryClient    : Saw local status change event StatusChangeEvent [timestamp=1745698821305, current=UP, previous=STARTING]
2025-04-26T22:20:21.305+02:00 DEBUG 13448 --- [api-gateway] [foReplicator-%d] c.n.discovery.InstanceInfoReplicator     : Executing on-demand update of local InstanceInfo
2025-04-26T22:20:21.306+02:00 DEBUG 13448 --- [api-gateway] [foReplicator-%d] c.n.discovery.InstanceInfoReplicator     : Canceling the latest scheduled update, it will be rescheduled at the end of on demand update
2025-04-26T22:20:21.306+02:00 TRACE 13448 --- [api-gateway] [    Test worker] o.s.b.f.s.DefaultListableBeanFactory     : Returning cached instance of singleton bean 'routeRefreshListener'
2025-04-26T22:20:21.306+02:00 TRACE 13448 --- [api-gateway] [    Test worker] o.s.b.f.s.DefaultListableBeanFactory     : Returning cached instance of singleton bean 'weightCalculatorWebFilter'
2025-04-26T22:20:21.306+02:00 TRACE 13448 --- [api-gateway] [    Test worker] o.s.b.f.s.DefaultListableBeanFactory     : Returning cached instance of singleton bean 'refreshEventListener'
2025-04-26T22:20:21.306+02:00 TRACE 13448 --- [api-gateway] [    Test worker] o.s.b.f.s.DefaultListableBeanFactory     : Returning cached instance of singleton bean 'eurekaAutoServiceRegistration'
2025-04-26T22:20:21.307+02:00 TRACE 13448 --- [api-gateway] [    Test worker] o.s.b.f.s.DefaultListableBeanFactory     : Returning cached instance of singleton bean 'routeRefreshListener'
2025-04-26T22:20:21.307+02:00 TRACE 13448 --- [api-gateway] [    Test worker] o.s.b.f.s.DefaultListableBeanFactory     : Returning cached instance of singleton bean 'filteringWebHandler'
2025-04-26T22:20:21.307+02:00 TRACE 13448 --- [api-gateway] [    Test worker] o.s.b.f.s.DefaultListableBeanFactory     : Returning cached instance of singleton bean 'corsGatewayFilterApplicationListener'
2025-04-26T22:20:21.307+02:00 TRACE 13448 --- [api-gateway] [    Test worker] o.s.b.f.s.DefaultListableBeanFactory     : Returning cached instance of singleton bean 'weightCalculatorWebFilter'
2025-04-26T22:20:21.307+02:00  INFO 13448 --- [api-gateway] [foReplicator-%d] com.netflix.discovery.DiscoveryClient    : DiscoveryClient_API-GATEWAY/host.docker.internal:api-gateway:8078: registering service...
2025-04-26T22:20:21.307+02:00 TRACE 13448 --- [api-gateway] [    Test worker] o.s.b.f.s.DefaultListableBeanFactory     : Returning cached instance of singleton bean 'refreshEventListener'
2025-04-26T22:20:21.307+02:00 TRACE 13448 --- [api-gateway] [    Test worker] o.s.b.f.s.DefaultListableBeanFactory     : Returning cached instance of singleton bean 'eurekaAutoServiceRegistration'
2025-04-26T22:20:21.307+02:00 DEBUG 13448 --- [api-gateway] [foReplicator-%d] c.n.d.s.t.d.SessionedEurekaHttpClient    : Ending a session and starting anew
2025-04-26T22:20:21.308+02:00 TRACE 13448 --- [api-gateway] [foReplicator-%d] o.s.b.f.s.DefaultListableBeanFactory     : Creating instance of bean 'webClientBuilder'
2025-04-26T22:20:21.308+02:00 TRACE 13448 --- [api-gateway] [foReplicator-%d] o.s.b.f.s.DefaultListableBeanFactory     : Returning cached instance of singleton bean 'org.springframework.boot.autoconfigure.web.reactive.function.client.WebClientAutoConfiguration'
2025-04-26T22:20:21.308+02:00 TRACE 13448 --- [api-gateway] [foReplicator-%d] o.s.b.f.s.DefaultListableBeanFactory     : Returning cached instance of singleton bean 'webClientHttpConnectorCustomizer'
2025-04-26T22:20:21.308+02:00 TRACE 13448 --- [api-gateway] [foReplicator-%d] o.s.b.f.s.DefaultListableBeanFactory     : Returning cached instance of singleton bean 'exchangeStrategiesCustomizer'
2025-04-26T22:20:21.308+02:00 TRACE 13448 --- [api-gateway] [foReplicator-%d] o.s.b.f.s.DefaultListableBeanFactory     : Returning cached instance of singleton bean 'webClientHttpConnectorCustomizer'
2025-04-26T22:20:21.308+02:00 TRACE 13448 --- [api-gateway] [foReplicator-%d] o.s.b.f.s.DefaultListableBeanFactory     : Returning cached instance of singleton bean 'exchangeStrategiesCustomizer'
2025-04-26T22:20:21.308+02:00 TRACE 13448 --- [api-gateway] [foReplicator-%d] o.s.b.f.s.DefaultListableBeanFactory     : Finished creating instance of bean 'webClientBuilder'
2025-04-26T22:20:21.312+02:00 TRACE 13448 --- [api-gateway] [foReplicator-%d] o.s.w.r.f.client.ExchangeFunctions       : [53d61039] HTTP POST http://localhost:8761/eureka/apps/API-GATEWAY, headers={masked}
2025-04-26T22:20:21.313+02:00 DEBUG 13448 --- [api-gateway] [flux-http-nio-3] r.n.resources.PooledConnectionProvider   : [58d9004d] Created a new pooled channel, now: 0 active connections, 0 inactive connections 0 pending acquire requests.
2025-04-26T22:20:21.313+02:00 DEBUG 13448 --- [api-gateway] [flux-http-nio-3] r.netty.transport.TransportConfig        : [58d9004d] Initialized pipeline DefaultChannelPipeline{(reactor.left.httpCodec = io.netty.handler.codec.http.HttpClientCodec), (reactor.left.httpDecompressor = io.netty.handler.codec.http.HttpContentDecompressor), (reactor.right.reactiveBridge = reactor.netty.channel.ChannelOperationsHandler)}
2025-04-26T22:20:21.314+02:00 DEBUG 13448 --- [api-gateway] [flux-http-nio-3] i.n.resolver.dns.DnsNameResolverBuilder  : resolveCache and TTLs are mutually exclusive. TTLs are ignored.
2025-04-26T22:20:21.314+02:00 DEBUG 13448 --- [api-gateway] [flux-http-nio-3] i.n.resolver.dns.DnsNameResolverBuilder  : cnameCache and TTLs are mutually exclusive. TTLs are ignored.
2025-04-26T22:20:21.314+02:00 DEBUG 13448 --- [api-gateway] [flux-http-nio-3] i.n.resolver.dns.DnsNameResolverBuilder  : authoritativeDnsServerCache and TTLs are mutually exclusive. TTLs are ignored.
2025-04-26T22:20:21.314+02:00 DEBUG 13448 --- [api-gateway] [flux-http-nio-3] r.netty.transport.TransportConnector     : [58d9004d] Connecting to [localhost/127.0.0.1:8761].
2025-04-26T22:20:21.314+02:00 DEBUG 13448 --- [api-gateway] [flux-http-nio-3] r.netty.transport.TransportConnector     : [58d9004d] Connect attempt to [localhost/127.0.0.1:8761] failed.

io.netty.channel.AbstractChannel$AnnotatedConnectException: Connection refused: no further information: localhost/127.0.0.1:8761
Caused by: java.net.ConnectException: Connection refused: no further information
	at java.base/sun.nio.ch.Net.pollConnect(Native Method) ~[na:na]
	at java.base/sun.nio.ch.Net.pollConnectNow(Net.java:672) ~[na:na]
	at java.base/sun.nio.ch.SocketChannelImpl.finishConnect(SocketChannelImpl.java:946) ~[na:na]
	at io.netty.channel.socket.nio.NioSocketChannel.doFinishConnect(NioSocketChannel.java:336) ~[netty-transport-4.1.119.Final.jar:4.1.119.Final]
	at io.netty.channel.nio.AbstractNioChannel$AbstractNioUnsafe.finishConnect(AbstractNioChannel.java:339) ~[netty-transport-4.1.119.Final.jar:4.1.119.Final]
	at io.netty.channel.nio.NioEventLoop.processSelectedKey(NioEventLoop.java:784) ~[netty-transport-4.1.119.Final.jar:4.1.119.Final]
	at io.netty.channel.nio.NioEventLoop.processSelectedKeysOptimized(NioEventLoop.java:732) ~[netty-transport-4.1.119.Final.jar:4.1.119.Final]
	at io.netty.channel.nio.NioEventLoop.processSelectedKeys(NioEventLoop.java:658) ~[netty-transport-4.1.119.Final.jar:4.1.119.Final]
	at io.netty.channel.nio.NioEventLoop.run(NioEventLoop.java:562) ~[netty-transport-4.1.119.Final.jar:4.1.119.Final]
	at io.netty.util.concurrent.SingleThreadEventExecutor$4.run(SingleThreadEventExecutor.java:998) ~[netty-common-4.1.119.Final.jar:4.1.119.Final]
	at io.netty.util.internal.ThreadExecutorMap$2.run(ThreadExecutorMap.java:74) ~[netty-common-4.1.119.Final.jar:4.1.119.Final]
	at io.netty.util.concurrent.FastThreadLocalRunnable.run(FastThreadLocalRunnable.java:30) ~[netty-common-4.1.119.Final.jar:4.1.119.Final]
	at java.base/java.lang.Thread.run(Thread.java:842) ~[na:na]

2025-04-26T22:20:21.316+02:00  INFO 13448 --- [api-gateway] [foReplicator-%d] c.n.d.s.t.d.RedirectingEurekaHttpClient  : Request execution error. endpoint=DefaultEndpoint{ serviceUrl='http://localhost:8761/eureka/}, exception=Connection refused: no further information: localhost/127.0.0.1:8761 stacktrace=org.springframework.web.reactive.function.client.WebClientRequestException: Connection refused: no further information: localhost/127.0.0.1:8761
	at org.springframework.web.reactive.function.client.ExchangeFunctions$DefaultExchangeFunction.lambda$wrapException$9(ExchangeFunctions.java:137)
	Suppressed: The stacktrace has been enhanced by Reactor, refer to additional information below: 
Error has been observed at the following site(s):
	*__checkpoint ? Request to POST http://localhost:8761/eureka/apps/API-GATEWAY [DefaultWebClient]
Original Stack Trace:
		at org.springframework.web.reactive.function.client.ExchangeFunctions$DefaultExchangeFunction.lambda$wrapException$9(ExchangeFunctions.java:137)
		at reactor.core.publisher.MonoErrorSupplied.subscribe(MonoErrorSupplied.java:55)
		at reactor.core.publisher.Mono.subscribe(Mono.java:4576)
		at reactor.core.publisher.FluxOnErrorResume$ResumeSubscriber.onError(FluxOnErrorResume.java:103)
		at reactor.core.publisher.FluxPeek$PeekSubscriber.onError(FluxPeek.java:222)
		at reactor.core.publisher.FluxPeek$PeekSubscriber.onError(FluxPeek.java:222)
		at reactor.core.publisher.FluxPeek$PeekSubscriber.onError(FluxPeek.java:222)
		at reactor.core.publisher.MonoNext$NextSubscriber.onError(MonoNext.java:93)
		at reactor.core.publisher.MonoFlatMapMany$FlatMapManyMain.onError(MonoFlatMapMany.java:205)
		at reactor.core.publisher.SerializedSubscriber.onError(SerializedSubscriber.java:124)
		at reactor.core.publisher.FluxRetryWhen$RetryWhenMainSubscriber.whenError(FluxRetryWhen.java:229)
		at reactor.core.publisher.FluxRetryWhen$RetryWhenOtherSubscriber.onError(FluxRetryWhen.java:279)
		at reactor.core.publisher.FluxContextWrite$ContextWriteSubscriber.onError(FluxContextWrite.java:121)
		at reactor.core.publisher.FluxConcatMapNoPrefetch$FluxConcatMapNoPrefetchSubscriber.maybeOnError(FluxConcatMapNoPrefetch.java:327)
		at reactor.core.publisher.FluxConcatMapNoPrefetch$FluxConcatMapNoPrefetchSubscriber.onNext(FluxConcatMapNoPrefetch.java:212)
		at reactor.core.publisher.FluxContextWrite$ContextWriteSubscriber.onNext(FluxContextWrite.java:107)
		at reactor.core.publisher.SinkManyEmitterProcessor.drain(SinkManyEmitterProcessor.java:476)
		at reactor.core.publisher.SinkManyEmitterProcessor$EmitterInner.drainParent(SinkManyEmitterProcessor.java:620)
		at reactor.core.publisher.FluxPublish$PubSubInner.request(FluxPublish.java:874)
		at reactor.core.publisher.FluxContextWrite$ContextWriteSubscriber.request(FluxContextWrite.java:136)
		at reactor.core.publisher.FluxConcatMapNoPrefetch$FluxConcatMapNoPrefetchSubscriber.request(FluxConcatMapNoPrefetch.java:337)
		at reactor.core.publisher.FluxContextWrite$ContextWriteSubscriber.request(FluxContextWrite.java:136)
		at reactor.core.publisher.Operators$DeferredSubscription.request(Operators.java:1743)
		at reactor.core.publisher.FluxRetryWhen$RetryWhenMainSubscriber.onError(FluxRetryWhen.java:196)
		at reactor.core.publisher.MonoCreate$DefaultMonoSink.error(MonoCreate.java:205)
		at reactor.netty.http.client.HttpClientConnect$MonoHttpConnect$ClientTransportSubscriber.onError(HttpClientConnect.java:323)
		at reactor.core.publisher.MonoCreate$DefaultMonoSink.error(MonoCreate.java:205)
		at reactor.netty.resources.DefaultPooledConnectionProvider$DisposableAcquire.onError(DefaultPooledConnectionProvider.java:174)
		at reactor.netty.internal.shaded.reactor.pool.AbstractPool$Borrower.fail(AbstractPool.java:479)
		at reactor.netty.internal.shaded.reactor.pool.SimpleDequePool.lambda$drainLoop$9(SimpleDequePool.java:443)
		at reactor.core.publisher.FluxDoOnEach$DoOnEachSubscriber.onError(FluxDoOnEach.java:186)
		at reactor.core.publisher.MonoCreate$DefaultMonoSink.error(MonoCreate.java:205)
		at reactor.netty.resources.DefaultPooledConnectionProvider$PooledConnectionAllocator$PooledConnectionInitializer.onError(DefaultPooledConnectionProvider.java:593)
		at reactor.core.publisher.MonoFlatMap$FlatMapMain.secondError(MonoFlatMap.java:241)
		at reactor.core.publisher.MonoFlatMap$FlatMapInner.onError(MonoFlatMap.java:315)
		at reactor.core.publisher.FluxOnErrorResume$ResumeSubscriber.onError(FluxOnErrorResume.java:106)
		at reactor.core.publisher.Operators.error(Operators.java:198)
		at reactor.core.publisher.MonoError.subscribe(MonoError.java:53)
		at reactor.core.publisher.Mono.subscribe(Mono.java:4576)
		at reactor.core.publisher.FluxOnErrorResume$ResumeSubscriber.onError(FluxOnErrorResume.java:103)
		at reactor.netty.transport.TransportConnector$MonoChannelPromise.tryFailure(TransportConnector.java:576)
		at reactor.netty.transport.TransportConnector$MonoChannelPromise.setFailure(TransportConnector.java:522)
		at reactor.netty.transport.TransportConnector.lambda$doConnect$7(TransportConnector.java:261)
		at io.netty.util.concurrent.DefaultPromise.notifyListener0(DefaultPromise.java:590)
		at io.netty.util.concurrent.DefaultPromise.notifyListeners0(DefaultPromise.java:583)
		at io.netty.util.concurrent.DefaultPromise.notifyListenersNow(DefaultPromise.java:559)
		at io.netty.util.concurrent.DefaultPromise.notifyListeners(DefaultPromise.java:492)
		at io.netty.util.concurrent.DefaultPromise.setValue0(DefaultPromise.java:636)
		at io.netty.util.concurrent.DefaultPromise.setFailure0(DefaultPromise.java:629)
		at io.netty.util.concurrent.DefaultPromise.tryFailure(DefaultPromise.java:118)
		at io.netty.channel.nio.AbstractNioChannel$AbstractNioUnsafe.fulfillConnectPromise(AbstractNioChannel.java:326)
		at io.netty.channel.nio.AbstractNioChannel$AbstractNioUnsafe.finishConnect(AbstractNioChannel.java:342)
		at io.netty.channel.nio.NioEventLoop.processSelectedKey(NioEventLoop.java:784)
		at io.netty.channel.nio.NioEventLoop.processSelectedKeysOptimized(NioEventLoop.java:732)
		at io.netty.channel.nio.NioEventLoop.processSelectedKeys(NioEventLoop.java:658)
		at io.netty.channel.nio.NioEventLoop.run(NioEventLoop.java:562)
		at io.netty.util.concurrent.SingleThreadEventExecutor$4.run(SingleThreadEventExecutor.java:998)
		at io.netty.util.internal.ThreadExecutorMap$2.run(ThreadExecutorMap.java:74)
		at io.netty.util.concurrent.FastThreadLocalRunnable.run(FastThreadLocalRunnable.java:30)
		at java.base/java.lang.Thread.run(Thread.java:842)
	Suppressed: java.lang.Exception: #block terminated with an error
		at reactor.core.publisher.BlockingSingleSubscriber.blockingGet(BlockingSingleSubscriber.java:104)
		at reactor.core.publisher.Mono.block(Mono.java:1779)
		at org.springframework.cloud.netflix.eureka.http.WebClientEurekaHttpClient.register(WebClientEurekaHttpClient.java:67)
		at com.netflix.discovery.shared.transport.decorator.EurekaHttpClientDecorator$1.execute(EurekaHttpClientDecorator.java:59)
		at com.netflix.discovery.shared.transport.decorator.RedirectingEurekaHttpClient.executeOnNewServer(RedirectingEurekaHttpClient.java:121)
		at com.netflix.discovery.shared.transport.decorator.RedirectingEurekaHttpClient.execute(RedirectingEurekaHttpClient.java:80)
		at com.netflix.discovery.shared.transport.decorator.EurekaHttpClientDecorator.register(EurekaHttpClientDecorator.java:56)
		at com.netflix.discovery.shared.transport.decorator.EurekaHttpClientDecorator$1.execute(EurekaHttpClientDecorator.java:59)
		at com.netflix.discovery.shared.transport.decorator.RetryableEurekaHttpClient.execute(RetryableEurekaHttpClient.java:120)
		at com.netflix.discovery.shared.transport.decorator.EurekaHttpClientDecorator.register(EurekaHttpClientDecorator.java:56)
		at com.netflix.discovery.shared.transport.decorator.EurekaHttpClientDecorator$1.execute(EurekaHttpClientDecorator.java:59)
		at com.netflix.discovery.shared.transport.decorator.SessionedEurekaHttpClient.execute(SessionedEurekaHttpClient.java:76)
		at com.netflix.discovery.shared.transport.decorator.EurekaHttpClientDecorator.register(EurekaHttpClientDecorator.java:56)
		at com.netflix.discovery.DiscoveryClient.register(DiscoveryClient.java:828)
		at com.netflix.discovery.InstanceInfoReplicator.run(InstanceInfoReplicator.java:125)
		at com.netflix.discovery.InstanceInfoReplicator$2.run(InstanceInfoReplicator.java:105)
		at java.base/java.util.concurrent.Executors$RunnableAdapter.call(Executors.java:539)
		at java.base/java.util.concurrent.FutureTask.run(FutureTask.java:264)
		at java.base/java.util.concurrent.ScheduledThreadPoolExecutor$ScheduledFutureTask.run(ScheduledThreadPoolExecutor.java:304)
		at java.base/java.util.concurrent.ThreadPoolExecutor.runWorker(ThreadPoolExecutor.java:1136)
		at java.base/java.util.concurrent.ThreadPoolExecutor$Worker.run(ThreadPoolExecutor.java:635)
		at java.base/java.lang.Thread.run(Thread.java:842)
Caused by: io.netty.channel.AbstractChannel$AnnotatedConnectException: Connection refused: no further information: localhost/127.0.0.1:8761
Caused by: java.net.ConnectException: Connection refused: no further information
	at java.base/sun.nio.ch.Net.pollConnect(Native Method)
	at java.base/sun.nio.ch.Net.pollConnectNow(Net.java:672)
	at java.base/sun.nio.ch.SocketChannelImpl.finishConnect(SocketChannelImpl.java:946)
	at io.netty.channel.socket.nio.NioSocketChannel.doFinishConnect(NioSocketChannel.java:336)
	at io.netty.channel.nio.AbstractNioChannel$AbstractNioUnsafe.finishConnect(AbstractNioChannel.java:339)
	at io.netty.channel.nio.NioEventLoop.processSelectedKey(NioEventLoop.java:784)
	at io.netty.channel.nio.NioEventLoop.processSelectedKeysOptimized(NioEventLoop.java:732)
	at io.netty.channel.nio.NioEventLoop.processSelectedKeys(NioEventLoop.java:658)
	at io.netty.channel.nio.NioEventLoop.run(NioEventLoop.java:562)
	at io.netty.util.concurrent.SingleThreadEventExecutor$4.run(SingleThreadEventExecutor.java:998)
	at io.netty.util.internal.ThreadExecutorMap$2.run(ThreadExecutorMap.java:74)
	at io.netty.util.concurrent.FastThreadLocalRunnable.run(FastThreadLocalRunnable.java:30)
	at java.base/java.lang.Thread.run(Thread.java:842)

2025-04-26T22:20:21.317+02:00  WARN 13448 --- [api-gateway] [foReplicator-%d] c.n.d.s.t.d.RetryableEurekaHttpClient    : Request execution failed with message: Connection refused: no further information: localhost/127.0.0.1:8761
2025-04-26T22:20:21.317+02:00  WARN 13448 --- [api-gateway] [foReplicator-%d] com.netflix.discovery.DiscoveryClient    : DiscoveryClient_API-GATEWAY/host.docker.internal:api-gateway:8078 - registration failed Cannot execute request on any known server

com.netflix.discovery.shared.transport.TransportException: Cannot execute request on any known server
	at com.netflix.discovery.shared.transport.decorator.RetryableEurekaHttpClient.execute(RetryableEurekaHttpClient.java:112) ~[eureka-client-2.0.4.jar:2.0.4]
	at com.netflix.discovery.shared.transport.decorator.EurekaHttpClientDecorator.register(EurekaHttpClientDecorator.java:56) ~[eureka-client-2.0.4.jar:2.0.4]
	at com.netflix.discovery.shared.transport.decorator.EurekaHttpClientDecorator$1.execute(EurekaHttpClientDecorator.java:59) ~[eureka-client-2.0.4.jar:2.0.4]
	at com.netflix.discovery.shared.transport.decorator.SessionedEurekaHttpClient.execute(SessionedEurekaHttpClient.java:76) ~[eureka-client-2.0.4.jar:2.0.4]
	at com.netflix.discovery.shared.transport.decorator.EurekaHttpClientDecorator.register(EurekaHttpClientDecorator.java:56) ~[eureka-client-2.0.4.jar:2.0.4]
	at com.netflix.discovery.DiscoveryClient.register(DiscoveryClient.java:828) ~[eureka-client-2.0.4.jar:2.0.4]
	at com.netflix.discovery.InstanceInfoReplicator.run(InstanceInfoReplicator.java:125) ~[eureka-client-2.0.4.jar:2.0.4]
	at com.netflix.discovery.InstanceInfoReplicator$2.run(InstanceInfoReplicator.java:105) ~[eureka-client-2.0.4.jar:2.0.4]
	at java.base/java.util.concurrent.Executors$RunnableAdapter.call(Executors.java:539) ~[na:na]
	at java.base/java.util.concurrent.FutureTask.run(FutureTask.java:264) ~[na:na]
	at java.base/java.util.concurrent.ScheduledThreadPoolExecutor$ScheduledFutureTask.run(ScheduledThreadPoolExecutor.java:304) ~[na:na]
	at java.base/java.util.concurrent.ThreadPoolExecutor.runWorker(ThreadPoolExecutor.java:1136) ~[na:na]
	at java.base/java.util.concurrent.ThreadPoolExecutor$Worker.run(ThreadPoolExecutor.java:635) ~[na:na]
	at java.base/java.lang.Thread.run(Thread.java:842) ~[na:na]

2025-04-26T22:20:21.319+02:00  WARN 13448 --- [api-gateway] [foReplicator-%d] c.n.discovery.InstanceInfoReplicator     : There was a problem with the instance info replicator

com.netflix.discovery.shared.transport.TransportException: Cannot execute request on any known server
	at com.netflix.discovery.shared.transport.decorator.RetryableEurekaHttpClient.execute(RetryableEurekaHttpClient.java:112) ~[eureka-client-2.0.4.jar:2.0.4]
	at com.netflix.discovery.shared.transport.decorator.EurekaHttpClientDecorator.register(EurekaHttpClientDecorator.java:56) ~[eureka-client-2.0.4.jar:2.0.4]
	at com.netflix.discovery.shared.transport.decorator.EurekaHttpClientDecorator$1.execute(EurekaHttpClientDecorator.java:59) ~[eureka-client-2.0.4.jar:2.0.4]
	at com.netflix.discovery.shared.transport.decorator.SessionedEurekaHttpClient.execute(SessionedEurekaHttpClient.java:76) ~[eureka-client-2.0.4.jar:2.0.4]
	at com.netflix.discovery.shared.transport.decorator.EurekaHttpClientDecorator.register(EurekaHttpClientDecorator.java:56) ~[eureka-client-2.0.4.jar:2.0.4]
	at com.netflix.discovery.DiscoveryClient.register(DiscoveryClient.java:828) ~[eureka-client-2.0.4.jar:2.0.4]
	at com.netflix.discovery.InstanceInfoReplicator.run(InstanceInfoReplicator.java:125) ~[eureka-client-2.0.4.jar:2.0.4]
	at com.netflix.discovery.InstanceInfoReplicator$2.run(InstanceInfoReplicator.java:105) ~[eureka-client-2.0.4.jar:2.0.4]
	at java.base/java.util.concurrent.Executors$RunnableAdapter.call(Executors.java:539) ~[na:na]
	at java.base/java.util.concurrent.FutureTask.run(FutureTask.java:264) ~[na:na]
	at java.base/java.util.concurrent.ScheduledThreadPoolExecutor$ScheduledFutureTask.run(ScheduledThreadPoolExecutor.java:304) ~[na:na]
	at java.base/java.util.concurrent.ThreadPoolExecutor.runWorker(ThreadPoolExecutor.java:1136) ~[na:na]
	at java.base/java.util.concurrent.ThreadPoolExecutor$Worker.run(ThreadPoolExecutor.java:635) ~[na:na]
	at java.base/java.lang.Thread.run(Thread.java:842) ~[na:na]

2025-04-26T22:20:21.328+02:00 TRACE 13448 --- [api-gateway] [    Test worker] o.s.b.f.s.DefaultListableBeanFactory     : Returning cached instance of singleton bean 'routeRefreshListener'
2025-04-26T22:20:21.328+02:00 TRACE 13448 --- [api-gateway] [    Test worker] o.s.b.f.s.DefaultListableBeanFactory     : Returning cached instance of singleton bean 'weightCalculatorWebFilter'
2025-04-26T22:20:21.328+02:00 TRACE 13448 --- [api-gateway] [    Test worker] o.s.b.f.s.DefaultListableBeanFactory     : Returning cached instance of singleton bean 'refreshEventListener'
2025-04-26T22:20:21.328+02:00 TRACE 13448 --- [api-gateway] [    Test worker] o.s.b.f.s.DefaultListableBeanFactory     : Returning cached instance of singleton bean 'eurekaAutoServiceRegistration'
2025-04-26T22:20:21.329+02:00 TRACE 13448 --- [api-gateway] [    Test worker] o.s.b.f.s.DefaultListableBeanFactory     : Returning cached instance of singleton bean 'customRouteLocator'
2025-04-26T22:20:21.329+02:00 TRACE 13448 --- [api-gateway] [    Test worker] o.s.b.f.s.DefaultListableBeanFactory     : Returning cached instance of singleton bean 'routeDefinitionRouteLocator'
2025-04-26T22:20:21.329+02:00 TRACE 13448 --- [api-gateway] [    Test worker] o.s.b.f.s.DefaultListableBeanFactory     : Returning cached instance of singleton bean 'cachedCompositeRouteLocator'
2025-04-26T22:20:21.331+02:00 DEBUG 13448 --- [api-gateway] [    Test worker] o.s.c.support.DefaultLifecycleProcessor  : Successfully started bean 'eurekaAutoServiceRegistration'
2025-04-26T22:20:21.331+02:00 DEBUG 13448 --- [api-gateway] [    Test worker] o.s.c.support.DefaultLifecycleProcessor  : Starting beans in phase 1073741823
2025-04-26T22:20:21.331+02:00 TRACE 13448 --- [api-gateway] [    Test worker] o.s.b.f.s.DefaultListableBeanFactory     : Returning cached instance of singleton bean 'org.springframework.boot.autoconfigure.internalCachingMetadataReaderFactory'
2025-04-26T22:20:21.331+02:00 TRACE 13448 --- [api-gateway] [    Test worker] o.s.b.f.s.DefaultListableBeanFactory     : Returning cached instance of singleton bean 'routeRefreshListener'
2025-04-26T22:20:21.331+02:00 TRACE 13448 --- [api-gateway] [    Test worker] o.s.b.f.s.DefaultListableBeanFactory     : Returning cached instance of singleton bean 'weightCalculatorWebFilter'
2025-04-26T22:20:21.331+02:00 TRACE 13448 --- [api-gateway] [    Test worker] o.s.b.f.s.DefaultListableBeanFactory     : Returning cached instance of singleton bean 'resourceUrlProvider'
2025-04-26T22:20:21.331+02:00 TRACE 13448 --- [api-gateway] [    Test worker] o.s.b.f.s.DefaultListableBeanFactory     : Returning cached instance of singleton bean 'refreshScope'
2025-04-26T22:20:21.331+02:00 TRACE 13448 --- [api-gateway] [    Test worker] o.s.b.f.s.DefaultListableBeanFactory     : Returning cached instance of singleton bean 'refreshEventListener'
2025-04-26T22:20:21.331+02:00 TRACE 13448 --- [api-gateway] [    Test worker] o.s.b.f.s.DefaultListableBeanFactory     : Returning cached instance of singleton bean 'eurekaAutoServiceRegistration'
2025-04-26T22:20:21.332+02:00 TRACE 13448 --- [api-gateway] [    Test worker] o.s.b.f.s.DefaultListableBeanFactory     : Returning cached instance of singleton bean 'routeRefreshListener'
2025-04-26T22:20:21.332+02:00 TRACE 13448 --- [api-gateway] [    Test worker] o.s.b.f.s.DefaultListableBeanFactory     : Returning cached instance of singleton bean 'weightCalculatorWebFilter'
2025-04-26T22:20:21.332+02:00 TRACE 13448 --- [api-gateway] [    Test worker] o.s.b.f.s.DefaultListableBeanFactory     : Returning cached instance of singleton bean 'configDataContextRefresher'
2025-04-26T22:20:21.332+02:00 TRACE 13448 --- [api-gateway] [    Test worker] o.s.b.f.s.DefaultListableBeanFactory     : Returning cached instance of singleton bean 'refreshEventListener'
2025-04-26T22:20:21.332+02:00 TRACE 13448 --- [api-gateway] [    Test worker] o.s.b.f.s.DefaultListableBeanFactory     : Returning cached instance of singleton bean 'eurekaAutoServiceRegistration'
2025-04-26T22:20:21.344+02:00 DEBUG 13448 --- [api-gateway] [    Test worker] .s.b.a.l.ConditionEvaluationReportLogger : 


============================
CONDITIONS EVALUATION REPORT
============================


Positive matches:
-----------------

   AopAutoConfiguration matched:
      - @ConditionalOnProperty (spring.aop.auto=true) matched (OnPropertyCondition)

   AopAutoConfiguration.ClassProxyingConfiguration matched:
      - @ConditionalOnMissingClass did not find unwanted class 'org.aspectj.weaver.Advice' (OnClassCondition)
      - @ConditionalOnProperty (spring.aop.proxy-target-class=true) matched (OnPropertyCondition)

   ApplicationAvailabilityAutoConfiguration#applicationAvailability matched:
      - @ConditionalOnMissingBean (types: org.springframework.boot.availability.ApplicationAvailability; SearchStrategy: all) did not find any beans (OnBeanCondition)

   AutoServiceRegistrationAutoConfiguration matched:
      - @ConditionalOnProperty (spring.cloud.service-registry.auto-registration.enabled) matched (OnPropertyCondition)

   AutoServiceRegistrationConfiguration matched:
      - @ConditionalOnProperty (spring.cloud.service-registry.auto-registration.enabled) matched (OnPropertyCondition)

   BlockingLoadBalancerClientAutoConfiguration matched:
      - @ConditionalOnProperty (spring.cloud.loadbalancer.enabled=true) matched (OnPropertyCondition)
      - AnyNestedCondition 2 matched 0 did not; NestedCondition on BlockingRestClassesPresentCondition.RestClientPresent @ConditionalOnClass found required class 'org.springframework.web.client.RestClient'; NestedCondition on BlockingRestClassesPresentCondition.RestTemplatePresent @ConditionalOnClass found required class 'org.springframework.web.client.RestTemplate' (BlockingRestClassesPresentCondition)

   BlockingLoadBalancerClientAutoConfiguration#blockingLoadBalancerClient matched:
      - @ConditionalOnBean (types: org.springframework.cloud.loadbalancer.support.LoadBalancerClientFactory; SearchStrategy: all) found bean 'loadBalancerClientFactory'; @ConditionalOnMissingBean (types: org.springframework.cloud.client.loadbalancer.LoadBalancerClient; SearchStrategy: all) did not find any beans (OnBeanCondition)

   BlockingLoadBalancerClientAutoConfiguration#loadBalancerServiceInstanceCookieTransformer matched:
      - @ConditionalOnBean (types: org.springframework.cloud.loadbalancer.support.LoadBalancerClientFactory; SearchStrategy: all) found bean 'loadBalancerClientFactory'; @ConditionalOnMissingBean (types: org.springframework.cloud.loadbalancer.core.LoadBalancerServiceInstanceCookieTransformer; SearchStrategy: all) did not find any beans (OnBeanCondition)

   BlockingLoadBalancerClientAutoConfiguration#xForwarderHeadersTransformer matched:
      - @ConditionalOnBean (types: org.springframework.cloud.loadbalancer.support.LoadBalancerClientFactory; SearchStrategy: all) found bean 'loadBalancerClientFactory'; @ConditionalOnMissingBean (types: org.springframework.cloud.loadbalancer.blocking.XForwardedHeadersTransformer; SearchStrategy: all) did not find any beans (OnBeanCondition)

   ClientHttpConnectorAutoConfiguration matched:
      - @ConditionalOnClass found required class 'org.springframework.web.reactive.function.client.WebClient' (OnClassCondition)

   ClientHttpConnectorAutoConfiguration#webClientHttpConnector matched:
      - @ConditionalOnMissingBean (types: org.springframework.http.client.reactive.ClientHttpConnector; SearchStrategy: all) did not find any beans (OnBeanCondition)

   ClientHttpConnectorAutoConfiguration#webClientHttpConnectorCustomizer matched:
      - @ConditionalOnBean (types: org.springframework.http.client.reactive.ClientHttpConnector; SearchStrategy: all) found bean 'webClientHttpConnector' (OnBeanCondition)

   ClientHttpConnectorFactoryConfiguration.ReactorNetty matched:
      - @ConditionalOnClass found required class 'reactor.netty.http.client.HttpClient' (OnClassCondition)
      - @ConditionalOnMissingBean (types: org.springframework.boot.autoconfigure.web.reactive.function.client.ClientHttpConnectorFactory; SearchStrategy: all) did not find any beans (OnBeanCondition)

   CodecsAutoConfiguration matched:
      - @ConditionalOnClass found required classes 'org.springframework.http.codec.CodecConfigurer', 'org.springframework.web.reactive.function.client.WebClient' (OnClassCondition)

   CodecsAutoConfiguration.JacksonCodecConfiguration matched:
      - @ConditionalOnClass found required class 'com.fasterxml.jackson.databind.ObjectMapper' (OnClassCondition)

   CodecsAutoConfiguration.JacksonCodecConfiguration#jacksonCodecCustomizer matched:
      - @ConditionalOnBean (types: com.fasterxml.jackson.databind.ObjectMapper; SearchStrategy: all) found bean 'jacksonObjectMapper' (OnBeanCondition)

   CompatibilityVerifierAutoConfiguration matched:
      - @ConditionalOnProperty (spring.cloud.compatibility-verifier.enabled) matched (OnPropertyCondition)

   ConfigurationPropertiesRebinderAutoConfiguration matched:
      - @ConditionalOnBean (types: org.springframework.boot.context.properties.ConfigurationPropertiesBindingPostProcessor; SearchStrategy: all) found bean 'org.springframework.boot.context.properties.ConfigurationPropertiesBindingPostProcessor' (OnBeanCondition)

   ConfigurationPropertiesRebinderAutoConfiguration#configurationPropertiesBeans matched:
      - @ConditionalOnMissingBean (types: org.springframework.cloud.context.properties.ConfigurationPropertiesBeans; SearchStrategy: current) did not find any beans (OnBeanCondition)

   ConfigurationPropertiesRebinderAutoConfiguration#configurationPropertiesRebinder matched:
      - @ConditionalOnMissingBean (types: org.springframework.cloud.context.properties.ConfigurationPropertiesRebinder; SearchStrategy: current) did not find any beans (OnBeanCondition)

   DiscoveryClientOptionalArgsConfiguration.WebClientConfiguration matched:
      - @ConditionalOnClass found required class 'org.springframework.web.reactive.function.client.WebClient' (OnClassCondition)
      - @ConditionalOnProperty (eureka.client.webclient.enabled=true) matched (OnPropertyCondition)
      - AnyNestedCondition 1 matched 1 did not; NestedCondition on DiscoveryClientOptionalArgsConfiguration.OnJerseyClientNotPresentOrNotEnabledCondition.OnJerseyClientDisabled @ConditionalOnProperty (eureka.client.jersey.enabled=false) did not find property 'eureka.client.jersey.enabled'; NestedCondition on DiscoveryClientOptionalArgsConfiguration.OnJerseyClientNotPresentOrNotEnabledCondition.OnJerseyClientMissing @ConditionalOnMissingClass did not find unwanted class 'org.glassfish.jersey.client.JerseyClient' (DiscoveryClientOptionalArgsConfiguration.OnJerseyClientNotPresentOrNotEnabledCondition)

   DiscoveryClientOptionalArgsConfiguration.WebClientConfiguration#webClientDiscoveryClientOptionalArgs matched:
      - @ConditionalOnMissingBean (types: com.netflix.discovery.AbstractDiscoveryClientOptionalArgs,org.springframework.cloud.netflix.eureka.http.RestTemplateDiscoveryClientOptionalArgs; SearchStrategy: current) did not find any beans (OnBeanCondition)

   DiscoveryClientOptionalArgsConfiguration.WebClientConfiguration#webClientTransportClientFactories matched:
      - @ConditionalOnMissingBean (types: com.netflix.discovery.shared.transport.jersey.TransportClientFactories; SearchStrategy: current) did not find any beans (OnBeanCondition)

   EmbeddedWebServerFactoryCustomizerAutoConfiguration matched:
      - @ConditionalOnWebApplication (required) found ConfigurableReactiveWebEnvironment (OnWebApplicationCondition)
      - @ConditionalOnWarDeployment the application is not deployed as a WAR file. (OnWarDeploymentCondition)

   EmbeddedWebServerFactoryCustomizerAutoConfiguration.NettyWebServerFactoryCustomizerConfiguration matched:
      - @ConditionalOnClass found required class 'reactor.netty.http.server.HttpServer' (OnClassCondition)

   ErrorWebFluxAutoConfiguration matched:
      - @ConditionalOnClass found required class 'org.springframework.web.reactive.config.WebFluxConfigurer' (OnClassCondition)
      - found ConfigurableReactiveWebEnvironment (OnWebApplicationCondition)

   ErrorWebFluxAutoConfiguration#errorAttributes matched:
      - @ConditionalOnMissingBean (types: org.springframework.boot.web.reactive.error.ErrorAttributes; SearchStrategy: current) did not find any beans (OnBeanCondition)

   ErrorWebFluxAutoConfiguration#errorWebExceptionHandler matched:
      - @ConditionalOnMissingBean (types: org.springframework.boot.web.reactive.error.ErrorWebExceptionHandler; SearchStrategy: current) did not find any beans (OnBeanCondition)

   EurekaClientAutoConfiguration matched:
      - @ConditionalOnClass found required class 'com.netflix.discovery.EurekaClientConfig' (OnClassCondition)
      - @ConditionalOnProperty (eureka.client.enabled) matched; @ConditionalOnProperty (spring.cloud.discovery.enabled) matched (OnPropertyCondition)

   EurekaClientAutoConfiguration#eurekaAutoServiceRegistration matched:
      - @ConditionalOnProperty (spring.cloud.service-registry.auto-registration.enabled) matched (OnPropertyCondition)
      - @ConditionalOnBean (types: org.springframework.cloud.client.serviceregistry.AutoServiceRegistrationProperties; SearchStrategy: all) found bean 'spring.cloud.service-registry.auto-registration-org.springframework.cloud.client.serviceregistry.AutoServiceRegistrationProperties' (OnBeanCondition)

   EurekaClientAutoConfiguration#eurekaClientConfigBean matched:
      - @ConditionalOnMissingBean (types: com.netflix.discovery.EurekaClientConfig; SearchStrategy: current) did not find any beans (OnBeanCondition)

   EurekaClientAutoConfiguration#eurekaInstanceConfigBean matched:
      - @ConditionalOnMissingBean (types: com.netflix.appinfo.EurekaInstanceConfig; SearchStrategy: current) did not find any beans (OnBeanCondition)

   EurekaClientAutoConfiguration#serviceManagementMetadataProvider matched:
      - @ConditionalOnMissingBean (types: org.springframework.cloud.netflix.eureka.metadata.ManagementMetadataProvider; SearchStrategy: all) did not find any beans (OnBeanCondition)

   EurekaClientAutoConfiguration.RefreshableEurekaClientConfiguration matched:
      - @ConditionalOnClass found required class 'org.springframework.cloud.context.scope.refresh.RefreshScope' (OnClassCondition)
      - @ConditionalOnProperty (eureka.client.refresh.enable=true) matched (OnPropertyCondition)
      - @ConditionalOnBean (types: org.springframework.cloud.autoconfigure.RefreshAutoConfiguration; SearchStrategy: all) found bean 'org.springframework.cloud.autoconfigure.RefreshAutoConfiguration' (OnBeanCondition)

   EurekaClientAutoConfiguration.RefreshableEurekaClientConfiguration#eurekaApplicationInfoManager matched:
      - @ConditionalOnMissingBean (types: com.netflix.appinfo.ApplicationInfoManager; SearchStrategy: current) did not find any beans (OnBeanCondition)

   EurekaClientAutoConfiguration.RefreshableEurekaClientConfiguration#eurekaClient matched:
      - @ConditionalOnMissingBean (types: com.netflix.discovery.EurekaClient; SearchStrategy: current) did not find any beans (OnBeanCondition)

   EurekaClientAutoConfiguration.RefreshableEurekaClientConfiguration#eurekaRegistration matched:
      - @ConditionalOnProperty (spring.cloud.service-registry.auto-registration.enabled) matched (OnPropertyCondition)
      - @ConditionalOnBean (types: org.springframework.cloud.client.serviceregistry.AutoServiceRegistrationProperties; SearchStrategy: all) found bean 'spring.cloud.service-registry.auto-registration-org.springframework.cloud.client.serviceregistry.AutoServiceRegistrationProperties' (OnBeanCondition)

   EurekaDiscoveryClientConfiguration matched:
      - @ConditionalOnClass found required class 'com.netflix.discovery.EurekaClientConfig' (OnClassCondition)
      - @ConditionalOnProperty (eureka.client.enabled) matched; @ConditionalOnProperty (spring.cloud.discovery.enabled) matched; @ConditionalOnProperty (spring.cloud.discovery.blocking.enabled) matched (OnPropertyCondition)

   EurekaDiscoveryClientConfiguration#discoveryClient matched:
      - @ConditionalOnMissingBean (types: org.springframework.cloud.netflix.eureka.EurekaDiscoveryClient; SearchStrategy: all) did not find any beans (OnBeanCondition)

   EurekaDiscoveryClientConfiguration.EurekaClientConfigurationRefresher matched:
      - @ConditionalOnClass found required class 'org.springframework.cloud.context.scope.refresh.RefreshScopeRefreshedEvent' (OnClassCondition)

   EurekaReactiveDiscoveryClientConfiguration matched:
      - @ConditionalOnClass found required classes 'com.netflix.discovery.EurekaClientConfig', 'org.springframework.web.reactive.function.client.WebClient' (OnClassCondition)
      - @ConditionalOnProperty (eureka.client.enabled) matched; @ConditionalOnProperty (spring.cloud.discovery.enabled) matched; @ConditionalOnProperty (spring.cloud.discovery.reactive.enabled) matched (OnPropertyCondition)

   EurekaReactiveDiscoveryClientConfiguration#eurekaReactiveDiscoveryClient matched:
      - @ConditionalOnMissingBean (types: org.springframework.cloud.netflix.eureka.reactive.EurekaReactiveDiscoveryClient; SearchStrategy: all) did not find any beans (OnBeanCondition)

   GatewayAutoConfiguration matched:
      - @ConditionalOnClass found required class 'org.springframework.web.reactive.DispatcherHandler' (OnClassCondition)
      - @ConditionalOnProperty (spring.cloud.gateway.enabled) matched (OnPropertyCondition)

   GatewayAutoConfiguration#adaptCachedBodyGlobalFilter matched:
      - matched (OnEnabledGlobalFilter)

   GatewayAutoConfiguration#addRequestHeaderGatewayFilterFactory matched:
      - matched (OnEnabledFilter)

   GatewayAutoConfiguration#addRequestHeadersIfNotPresentGatewayFilterFactory matched:
      - matched (OnEnabledFilter)

   GatewayAutoConfiguration#addRequestParameterGatewayFilterFactory matched:
      - matched (OnEnabledFilter)

   GatewayAutoConfiguration#addResponseHeaderGatewayFilterFactory matched:
      - matched (OnEnabledFilter)

   GatewayAutoConfiguration#afterRoutePredicateFactory matched:
      - matched (OnEnabledPredicate)

   GatewayAutoConfiguration#beforeRoutePredicateFactory matched:
      - matched (OnEnabledPredicate)

   GatewayAutoConfiguration#betweenRoutePredicateFactory matched:
      - matched (OnEnabledPredicate)

   GatewayAutoConfiguration#cacheRequestBodyGatewayFilterFactory matched:
      - matched (OnEnabledFilter)

   GatewayAutoConfiguration#cachedCompositeRouteLocator matched:
      - @ConditionalOnMissingBean (names: cachedCompositeRouteLocator; SearchStrategy: all) did not find any beans (OnBeanCondition)

   GatewayAutoConfiguration#cloudFoundryRouteServiceRoutePredicateFactory matched:
      - matched (OnEnabledPredicate)

   GatewayAutoConfiguration#cookieRoutePredicateFactory matched:
      - matched (OnEnabledPredicate)

   GatewayAutoConfiguration#corsGatewayFilterApplicationListener matched:
      - @ConditionalOnProperty (spring.cloud.gateway.globalcors.enabled) matched (OnPropertyCondition)

   GatewayAutoConfiguration#dedupeResponseHeaderGatewayFilterFactory matched:
      - matched (OnEnabledFilter)

   GatewayAutoConfiguration#filteringWebHandler matched:
      - @ConditionalOnMissingBean (types: org.springframework.cloud.gateway.handler.FilteringWebHandler; SearchStrategy: all) did not find any beans (OnBeanCondition)

   GatewayAutoConfiguration#forwardPathFilter matched:
      - matched (OnEnabledGlobalFilter)

   GatewayAutoConfiguration#forwardRoutingFilter matched:
      - matched (OnEnabledGlobalFilter)

   GatewayAutoConfiguration#forwardedHeadersFilter matched:
      - @ConditionalOnProperty (spring.cloud.gateway.forwarded.enabled) matched (OnPropertyCondition)

   GatewayAutoConfiguration#gRPCRequestHeadersFilter matched:
      - @ConditionalOnProperty (server.http2.enabled) matched (OnPropertyCondition)

   GatewayAutoConfiguration#gRPCResponseHeadersFilter matched:
      - @ConditionalOnProperty (server.http2.enabled) matched (OnPropertyCondition)

   GatewayAutoConfiguration#headerRoutePredicateFactory matched:
      - matched (OnEnabledPredicate)

   GatewayAutoConfiguration#hostRoutePredicateFactory matched:
      - matched (OnEnabledPredicate)

   GatewayAutoConfiguration#inMemoryRouteDefinitionRepository matched:
      - @ConditionalOnMissingBean (types: org.springframework.cloud.gateway.route.RouteDefinitionRepository; SearchStrategy: all) did not find any beans (OnBeanCondition)

   GatewayAutoConfiguration#mapRequestHeaderGatewayFilterFactory matched:
      - matched (OnEnabledFilter)

   GatewayAutoConfiguration#methodRoutePredicateFactory matched:
      - matched (OnEnabledPredicate)

   GatewayAutoConfiguration#modifyRequestBodyGatewayFilterFactory matched:
      - matched (OnEnabledFilter)

   GatewayAutoConfiguration#modifyResponseBodyGatewayFilterFactory matched:
      - matched (OnEnabledFilter)

   GatewayAutoConfiguration#pathRoutePredicateFactory matched:
      - matched (OnEnabledPredicate)

   GatewayAutoConfiguration#prefixPathGatewayFilterFactory matched:
      - matched (OnEnabledFilter)

   GatewayAutoConfiguration#preserveHostHeaderGatewayFilterFactory matched:
      - matched (OnEnabledFilter)

   GatewayAutoConfiguration#propertiesRouteDefinitionLocator matched:
      - @ConditionalOnMissingBean (types: org.springframework.cloud.gateway.config.PropertiesRouteDefinitionLocator; SearchStrategy: all) did not find any beans (OnBeanCondition)

   GatewayAutoConfiguration#queryRoutePredicateFactory matched:
      - matched (OnEnabledPredicate)

   GatewayAutoConfiguration#readBodyPredicateFactory matched:
      - matched (OnEnabledPredicate)

   GatewayAutoConfiguration#redirectToGatewayFilterFactory matched:
      - matched (OnEnabledFilter)

   GatewayAutoConfiguration#remoteAddrRoutePredicateFactory matched:
      - matched (OnEnabledPredicate)

   GatewayAutoConfiguration#removeCachedBodyFilter matched:
      - matched (OnEnabledGlobalFilter)

   GatewayAutoConfiguration#removeJsonAttributesResponseBodyGatewayFilterFactory matched:
      - matched (OnEnabledFilter)

   GatewayAutoConfiguration#removeRequestHeaderGatewayFilterFactory matched:
      - matched (OnEnabledFilter)

   GatewayAutoConfiguration#removeRequestParameterGatewayFilterFactory matched:
      - matched (OnEnabledFilter)

   GatewayAutoConfiguration#removeResponseHeaderGatewayFilterFactory matched:
      - matched (OnEnabledFilter)

   GatewayAutoConfiguration#requestHeaderSizeGatewayFilterFactory matched:
      - matched (OnEnabledFilter)

   GatewayAutoConfiguration#requestHeaderToRequestUriGatewayFilterFactory matched:
      - matched (OnEnabledFilter)

   GatewayAutoConfiguration#requestSizeGatewayFilterFactory matched:
      - matched (OnEnabledFilter)

   GatewayAutoConfiguration#retryGatewayFilterFactory matched:
      - matched (OnEnabledFilter)

   GatewayAutoConfiguration#rewriteLocationResponseHeaderGatewayFilterFactory matched:
      - matched (OnEnabledFilter)

   GatewayAutoConfiguration#rewritePathGatewayFilterFactory matched:
      - matched (OnEnabledFilter)

   GatewayAutoConfiguration#rewriteRequestParameterGatewayFilterFactory matched:
      - matched (OnEnabledFilter)

   GatewayAutoConfiguration#rewriteResponseHeaderGatewayFilterFactory matched:
      - matched (OnEnabledFilter)

   GatewayAutoConfiguration#routePredicateHandlerMapping matched:
      - @ConditionalOnMissingBean (types: org.springframework.cloud.gateway.handler.RoutePredicateHandlerMapping; SearchStrategy: all) did not find any beans (OnBeanCondition)

   GatewayAutoConfiguration#routeRefreshListener matched:
      - @ConditionalOnClass found required class 'org.springframework.cloud.client.discovery.event.HeartbeatMonitor' (OnClassCondition)
      - @ConditionalOnProperty (spring.cloud.gateway..route-refresh-listener.enabled) matched (OnPropertyCondition)

   GatewayAutoConfiguration#routeToRequestUrlFilter matched:
      - matched (OnEnabledGlobalFilter)

   GatewayAutoConfiguration#saveSessionGatewayFilterFactory matched:
      - matched (OnEnabledFilter)

   GatewayAutoConfiguration#secureHeadersGatewayFilterFactory matched:
      - matched (OnEnabledFilter)

   GatewayAutoConfiguration#setPathGatewayFilterFactory matched:
      - matched (OnEnabledFilter)

   GatewayAutoConfiguration#setRequestHeaderGatewayFilterFactory matched:
      - matched (OnEnabledFilter)

   GatewayAutoConfiguration#setRequestHostHeaderGatewayFilterFactory matched:
      - matched (OnEnabledFilter)

   GatewayAutoConfiguration#setResponseHeaderGatewayFilterFactory matched:
      - matched (OnEnabledFilter)

   GatewayAutoConfiguration#setStatusGatewayFilterFactory matched:
      - matched (OnEnabledFilter)

   GatewayAutoConfiguration#stripPrefixGatewayFilterFactory matched:
      - matched (OnEnabledFilter)

   GatewayAutoConfiguration#webSocketService matched:
      - matched (OnEnabledGlobalFilter)

   GatewayAutoConfiguration#websocketRoutingFilter matched:
      - matched (OnEnabledGlobalFilter)

   GatewayAutoConfiguration#weightCalculatorWebFilter matched:
      - matched (OnEnabledPredicate)

   GatewayAutoConfiguration#weightRoutePredicateFactory matched:
      - matched (OnEnabledPredicate)

   GatewayAutoConfiguration#xForwardedHeadersFilter matched:
      - @ConditionalOnProperty (spring.cloud.gateway.x-forwarded.enabled) matched (OnPropertyCondition)

   GatewayAutoConfiguration#xForwardedRemoteAddrRoutePredicateFactory matched:
      - matched (OnEnabledPredicate)

   GatewayAutoConfiguration.NettyConfiguration matched:
      - @ConditionalOnClass found required class 'reactor.netty.http.client.HttpClient' (OnClassCondition)

   GatewayAutoConfiguration.NettyConfiguration#gatewayHttpClientFactory matched:
      - @ConditionalOnMissingBean (types: reactor.netty.http.client.HttpClient,org.springframework.cloud.gateway.config.HttpClientFactory; SearchStrategy: all) did not find any beans (OnBeanCondition)

   GatewayAutoConfiguration.NettyConfiguration#nettyWriteResponseFilter matched:
      - matched (OnEnabledGlobalFilter)

   GatewayAutoConfiguration.NettyConfiguration#reactorNettyRequestUpgradeStrategy matched:
      - matched (OnEnabledGlobalFilter)

   GatewayAutoConfiguration.NettyConfiguration#reactorNettyWebSocketClient matched:
      - matched (OnEnabledGlobalFilter)

   GatewayAutoConfiguration.NettyConfiguration#routingFilter matched:
      - matched (OnEnabledGlobalFilter)

   GatewayClassPathWarningAutoConfiguration matched:
      - @ConditionalOnProperty (spring.cloud.gateway.enabled) matched (OnPropertyCondition)

   GatewayDiscoveryClientAutoConfiguration matched:
      - @ConditionalOnClass found required classes 'org.springframework.web.reactive.DispatcherHandler', 'org.springframework.cloud.client.discovery.composite.CompositeDiscoveryClientAutoConfiguration' (OnClassCondition)
      - @ConditionalOnProperty (spring.cloud.gateway.enabled) matched (OnPropertyCondition)

   GatewayDiscoveryClientAutoConfiguration.ReactiveDiscoveryClientRouteDefinitionLocatorConfiguration matched:
      - @ConditionalOnProperty (spring.cloud.discovery.reactive.enabled) matched (OnPropertyCondition)

   GatewayReactiveLoadBalancerClientAutoConfiguration matched:
      - @ConditionalOnClass found required classes 'org.springframework.cloud.client.loadbalancer.reactive.ReactiveLoadBalancer', 'org.springframework.cloud.loadbalancer.config.LoadBalancerAutoConfiguration', 'org.springframework.web.reactive.DispatcherHandler' (OnClassCondition)

   GatewayReactiveLoadBalancerClientAutoConfiguration#gatewayLoadBalancerClientFilter matched:
      - @ConditionalOnBean (types: org.springframework.cloud.loadbalancer.support.LoadBalancerClientFactory; SearchStrategy: all) found bean 'loadBalancerClientFactory'; @ConditionalOnMissingBean (types: org.springframework.cloud.gateway.filter.ReactiveLoadBalancerClientFilter; SearchStrategy: all) did not find any beans (OnBeanCondition)
      - matched (OnEnabledGlobalFilter)

   GatewayReactiveLoadBalancerClientAutoConfiguration#loadBalancerServiceInstanceCookieFilter matched:
      - @ConditionalOnBean (types: org.springframework.cloud.gateway.filter.ReactiveLoadBalancerClientFilter,org.springframework.cloud.loadbalancer.support.LoadBalancerClientFactory; SearchStrategy: all) found beans 'loadBalancerClientFactory', 'gatewayLoadBalancerClientFilter'; @ConditionalOnMissingBean (types: org.springframework.cloud.gateway.filter.LoadBalancerServiceInstanceCookieFilter; SearchStrategy: all) did not find any beans (OnBeanCondition)
      - matched (OnEnabledGlobalFilter)

   GenericCacheConfiguration matched:
      - Cache org.springframework.boot.autoconfigure.cache.GenericCacheConfiguration automatic cache type (CacheCondition)

   GsonAutoConfiguration matched:
      - @ConditionalOnClass found required class 'com.google.gson.Gson' (OnClassCondition)

   GsonAutoConfiguration#gson matched:
      - @ConditionalOnMissingBean (types: com.google.gson.Gson; SearchStrategy: all) did not find any beans (OnBeanCondition)

   GsonAutoConfiguration#gsonBuilder matched:
      - @ConditionalOnMissingBean (types: com.google.gson.GsonBuilder; SearchStrategy: all) did not find any beans (OnBeanCondition)

   HttpHandlerAutoConfiguration matched:
      - @ConditionalOnClass found required classes 'org.springframework.web.reactive.DispatcherHandler', 'org.springframework.http.server.reactive.HttpHandler' (OnClassCondition)
      - found ConfigurableReactiveWebEnvironment (OnWebApplicationCondition)
      - @ConditionalOnMissingBean (types: org.springframework.http.server.reactive.HttpHandler; SearchStrategy: all) did not find any beans (OnBeanCondition)

   JacksonAutoConfiguration matched:
      - @ConditionalOnClass found required class 'com.fasterxml.jackson.databind.ObjectMapper' (OnClassCondition)

   JacksonAutoConfiguration.Jackson2ObjectMapperBuilderCustomizerConfiguration matched:
      - @ConditionalOnClass found required class 'org.springframework.http.converter.json.Jackson2ObjectMapperBuilder' (OnClassCondition)

   JacksonAutoConfiguration.JacksonObjectMapperBuilderConfiguration matched:
      - @ConditionalOnClass found required class 'org.springframework.http.converter.json.Jackson2ObjectMapperBuilder' (OnClassCondition)

   JacksonAutoConfiguration.JacksonObjectMapperBuilderConfiguration#jacksonObjectMapperBuilder matched:
      - @ConditionalOnMissingBean (types: org.springframework.http.converter.json.Jackson2ObjectMapperBuilder; SearchStrategy: all) did not find any beans (OnBeanCondition)

   JacksonAutoConfiguration.JacksonObjectMapperConfiguration matched:
      - @ConditionalOnClass found required class 'org.springframework.http.converter.json.Jackson2ObjectMapperBuilder' (OnClassCondition)

   JacksonAutoConfiguration.JacksonObjectMapperConfiguration#jacksonObjectMapper matched:
      - @ConditionalOnMissingBean (types: com.fasterxml.jackson.databind.ObjectMapper; SearchStrategy: all) did not find any beans (OnBeanCondition)

   JacksonAutoConfiguration.ParameterNamesModuleConfiguration matched:
      - @ConditionalOnClass found required class 'com.fasterxml.jackson.module.paramnames.ParameterNamesModule' (OnClassCondition)

   JacksonAutoConfiguration.ParameterNamesModuleConfiguration#parameterNamesModule matched:
      - @ConditionalOnMissingBean (types: com.fasterxml.jackson.module.paramnames.ParameterNamesModule; SearchStrategy: all) did not find any beans (OnBeanCondition)

   LifecycleAutoConfiguration#defaultLifecycleProcessor matched:
      - @ConditionalOnMissingBean (names: lifecycleProcessor; SearchStrategy: current) did not find any beans (OnBeanCondition)

   LifecycleMvcEndpointAutoConfiguration#environmentManager matched:
      - @ConditionalOnMissingBean (types: org.springframework.cloud.context.environment.EnvironmentManager; SearchStrategy: all) did not find any beans (OnBeanCondition)

   org.springframework.cloud.client.loadbalancer.LoadBalancerAutoConfiguration matched:
      - AnyNestedCondition 2 matched 0 did not; NestedCondition on BlockingRestClassesPresentCondition.RestClientPresent @ConditionalOnClass found required class 'org.springframework.web.client.RestClient'; NestedCondition on BlockingRestClassesPresentCondition.RestTemplatePresent @ConditionalOnClass found required class 'org.springframework.web.client.RestTemplate' (BlockingRestClassesPresentCondition)
      - @ConditionalOnBean (types: org.springframework.cloud.client.loadbalancer.LoadBalancerClient; SearchStrategy: all) found bean 'blockingLoadBalancerClient' (OnBeanCondition)

   org.springframework.cloud.loadbalancer.config.LoadBalancerAutoConfiguration matched:
      - @ConditionalOnProperty (spring.cloud.loadbalancer.enabled=true) matched (OnPropertyCondition)

   LoadBalancerAutoConfiguration#loadBalancerClientFactory matched:
      - @ConditionalOnMissingBean (types: org.springframework.cloud.loadbalancer.support.LoadBalancerClientFactory; SearchStrategy: all) did not find any beans (OnBeanCondition)

   LoadBalancerAutoConfiguration#loadBalancerRequestFactory matched:
      - @ConditionalOnMissingBean (types: org.springframework.cloud.client.loadbalancer.LoadBalancerRequestFactory; SearchStrategy: all) did not find any beans (OnBeanCondition)

   LoadBalancerAutoConfiguration#zoneConfig matched:
      - @ConditionalOnMissingBean (types: org.springframework.cloud.loadbalancer.config.LoadBalancerZoneConfig; SearchStrategy: all) did not find any beans (OnBeanCondition)

   LoadBalancerAutoConfiguration.DeferringLoadBalancerInterceptorConfig#deferringLoadBalancerInterceptor matched:
      - @ConditionalOnMissingBean (types: org.springframework.cloud.client.loadbalancer.DeferringLoadBalancerInterceptor; SearchStrategy: all) did not find any beans (OnBeanCondition)

   LoadBalancerAutoConfiguration.DeferringLoadBalancerInterceptorConfig#lbRestClientPostProcessor matched:
      - @ConditionalOnBean (types: org.springframework.cloud.client.loadbalancer.DeferringLoadBalancerInterceptor; SearchStrategy: all) found bean 'deferringLoadBalancerInterceptor'; @ConditionalOnMissingBean (types: org.springframework.cloud.client.loadbalancer.LoadBalancerRestClientBuilderBeanPostProcessor; SearchStrategy: all) did not find any beans (OnBeanCondition)

   LoadBalancerAutoConfiguration.DeferringLoadBalancerInterceptorConfig#lbRestTemplateBuilderPostProcessor matched:
      - @ConditionalOnBean (types: org.springframework.cloud.client.loadbalancer.DeferringLoadBalancerInterceptor; SearchStrategy: all) found bean 'deferringLoadBalancerInterceptor'; @ConditionalOnMissingBean (types: org.springframework.cloud.client.loadbalancer.LoadBalancerRestTemplateBuilderBeanPostProcessor; SearchStrategy: all) did not find any beans (OnBeanCondition)

   LoadBalancerAutoConfiguration.LoadBalancerInterceptorConfig matched:
      - AnyNestedCondition 1 matched 1 did not; NestedCondition on LoadBalancerAutoConfiguration.RetryMissingOrDisabledCondition.RetryDisabled @ConditionalOnProperty (spring.cloud.loadbalancer.retry.enabled=false) did not find property 'spring.cloud.loadbalancer.retry.enabled'; NestedCondition on LoadBalancerAutoConfiguration.RetryMissingOrDisabledCondition.RetryTemplateMissing @ConditionalOnMissingClass did not find unwanted class 'org.springframework.retry.support.RetryTemplate' (LoadBalancerAutoConfiguration.RetryMissingOrDisabledCondition)

   LoadBalancerAutoConfiguration.LoadBalancerInterceptorConfig#restTemplateCustomizer matched:
      - @ConditionalOnMissingBean (types: org.springframework.cloud.client.loadbalancer.RestTemplateCustomizer; SearchStrategy: all) did not find any beans (OnBeanCondition)

   LoadBalancerBeanPostProcessorAutoConfiguration matched:
      - @ConditionalOnClass found required class 'org.springframework.web.reactive.function.client.WebClient' (OnClassCondition)
      - AnyNestedCondition 2 matched 0 did not; NestedCondition on LoadBalancerBeanPostProcessorAutoConfiguration.OnAnyLoadBalancerImplementationPresentCondition.LoadBalancerClientPresent @ConditionalOnBean (types: org.springframework.cloud.client.loadbalancer.LoadBalancerClient; SearchStrategy: all) found bean 'blockingLoadBalancerClient'; NestedCondition on LoadBalancerBeanPostProcessorAutoConfiguration.OnAnyLoadBalancerImplementationPresentCondition.ReactiveLoadBalancerFactoryPresent @ConditionalOnBean (types: org.springframework.cloud.client.loadbalancer.reactive.ReactiveLoadBalancer$Factory; SearchStrategy: all) found bean 'loadBalancerClientFactory' (LoadBalancerBeanPostProcessorAutoConfiguration.OnAnyLoadBalancerImplementationPresentCondition)

   LoadBalancerBeanPostProcessorAutoConfiguration.ReactorDeferringLoadBalancerFilterConfig matched:
      - @ConditionalOnBean (types: org.springframework.cloud.client.loadbalancer.reactive.ReactiveLoadBalancer$Factory; SearchStrategy: all) found bean 'loadBalancerClientFactory' (OnBeanCondition)

   LoadBalancerCacheAutoConfiguration matched:
      - @ConditionalOnClass found required classes 'org.springframework.cache.CacheManager', 'org.springframework.boot.autoconfigure.cache.CacheAutoConfiguration' (OnClassCondition)
      - AllNestedConditions 2 matched 0 did not; NestedCondition on LoadBalancerCacheAutoConfiguration.OnLoadBalancerCachingEnabledCondition.LoadBalancerCacheEnabled @ConditionalOnProperty (spring.cloud.loadbalancer.cache.enabled) matched; NestedCondition on LoadBalancerCacheAutoConfiguration.OnLoadBalancerCachingEnabledCondition.LoadBalancerEnabled @ConditionalOnProperty (spring.cloud.loadbalancer.enabled=true) matched (LoadBalancerCacheAutoConfiguration.OnLoadBalancerCachingEnabledCondition)

   LoadBalancerCacheAutoConfiguration.DefaultLoadBalancerCacheManagerConfiguration matched:
      - @ConditionalOnClass found required class 'com.stoyanr.evictor.ConcurrentMapWithTimedEviction' (OnClassCondition)
      - AnyNestedCondition 1 matched 1 did not; NestedCondition on LoadBalancerCacheAutoConfiguration.OnCaffeineCacheMissingCondition.CaffeineCacheManagerClassMissing @ConditionalOnMissingClass found unwanted class 'org.springframework.cache.caffeine.CaffeineCacheManager'; NestedCondition on LoadBalancerCacheAutoConfiguration.OnCaffeineCacheMissingCondition.CaffeineClassMissing @ConditionalOnMissingClass did not find unwanted class 'com.github.benmanes.caffeine.cache.Caffeine' (LoadBalancerCacheAutoConfiguration.OnCaffeineCacheMissingCondition)

   LoadBalancerCacheAutoConfiguration.DefaultLoadBalancerCacheManagerConfiguration#defaultLoadBalancerCacheManager matched:
      - @ConditionalOnMissingBean (types: org.springframework.cloud.loadbalancer.cache.LoadBalancerCacheManager; SearchStrategy: all) did not find any beans (OnBeanCondition)

   LoadBalancerCacheAutoConfiguration.LoadBalancerCacheManagerWarnConfiguration matched:
      - AnyNestedCondition 1 matched 1 did not; NestedCondition on LoadBalancerCacheAutoConfiguration.OnCaffeineCacheMissingCondition.CaffeineCacheManagerClassMissing @ConditionalOnMissingClass found unwanted class 'org.springframework.cache.caffeine.CaffeineCacheManager'; NestedCondition on LoadBalancerCacheAutoConfiguration.OnCaffeineCacheMissingCondition.CaffeineClassMissing @ConditionalOnMissingClass did not find unwanted class 'com.github.benmanes.caffeine.cache.Caffeine' (LoadBalancerCacheAutoConfiguration.OnCaffeineCacheMissingCondition)

   LoadBalancerEurekaAutoConfiguration matched:
      - @ConditionalOnClass found required class 'org.springframework.cloud.loadbalancer.annotation.LoadBalancerClientConfigurationRegistrar' (OnClassCondition)
      - @ConditionalOnProperty (eureka.client.enabled) matched (OnPropertyCondition)

   LoadBalancerEurekaAutoConfiguration#eurekaLoadBalancerProperties matched:
      - @ConditionalOnMissingBean (types: org.springframework.cloud.netflix.eureka.loadbalancer.EurekaLoadBalancerProperties; SearchStrategy: all) did not find any beans (OnBeanCondition)

   NettyAutoConfiguration matched:
      - @ConditionalOnClass found required class 'io.netty.util.NettyRuntime' (OnClassCondition)

   NoOpCacheConfiguration matched:
      - Cache org.springframework.boot.autoconfigure.cache.NoOpCacheConfiguration automatic cache type (CacheCondition)

   PropertyPlaceholderAutoConfiguration#propertySourcesPlaceholderConfigurer matched:
      - @ConditionalOnMissingBean (types: org.springframework.context.support.PropertySourcesPlaceholderConfigurer; SearchStrategy: current) did not find any beans (OnBeanCondition)

   ReactiveCompositeDiscoveryClientAutoConfiguration matched:
      - @ConditionalOnClass found required class 'org.springframework.web.reactive.function.client.WebClient' (OnClassCondition)
      - @ConditionalOnProperty (spring.cloud.discovery.enabled) matched; @ConditionalOnProperty (spring.cloud.discovery.reactive.enabled) matched (OnPropertyCondition)

   ReactiveMultipartAutoConfiguration matched:
      - @ConditionalOnClass found required classes 'org.springframework.http.codec.multipart.DefaultPartHttpMessageReader', 'org.springframework.web.reactive.config.WebFluxConfigurer' (OnClassCondition)
      - found ConfigurableReactiveWebEnvironment (OnWebApplicationCondition)

   ReactiveOAuth2ResourceServerAutoConfiguration matched:
      - @ConditionalOnClass found required class 'org.springframework.security.config.annotation.web.reactive.EnableWebFluxSecurity' (OnClassCondition)
      - found ConfigurableReactiveWebEnvironment (OnWebApplicationCondition)

   ReactiveOAuth2ResourceServerConfiguration.JwtConfiguration matched:
      - @ConditionalOnClass found required classes 'org.springframework.security.oauth2.server.resource.authentication.BearerTokenAuthenticationToken', 'org.springframework.security.oauth2.jwt.ReactiveJwtDecoder' (OnClassCondition)

   ReactiveOAuth2ResourceServerConfiguration.OpaqueTokenConfiguration matched:
      - @ConditionalOnClass found required classes 'org.springframework.security.oauth2.server.resource.authentication.BearerTokenAuthenticationToken', 'org.springframework.security.oauth2.server.resource.introspection.ReactiveOpaqueTokenIntrospector' (OnClassCondition)

   ReactiveOAuth2ResourceServerJwkConfiguration.JwtConfiguration matched:
      - @ConditionalOnMissingBean (types: org.springframework.security.oauth2.jwt.ReactiveJwtDecoder; SearchStrategy: all) did not find any beans (OnBeanCondition)

   ReactiveOAuth2ResourceServerJwkConfiguration.JwtConfiguration#jwtDecoderByIssuerUri matched:
      - OpenID Connect Issuer URI Condition found issuer-uri property (IssuerUriCondition)

   ReactiveOAuth2ResourceServerOpaqueTokenConfiguration.OpaqueTokenIntrospectionClientConfiguration matched:
      - @ConditionalOnMissingBean (types: org.springframework.security.oauth2.server.resource.introspection.ReactiveOpaqueTokenIntrospector; SearchStrategy: all) did not find any beans (OnBeanCondition)

   ReactiveSecurityAutoConfiguration matched:
      - @ConditionalOnClass found required classes 'reactor.core.publisher.Flux', 'org.springframework.security.config.annotation.web.reactive.EnableWebFluxSecurity', 'org.springframework.security.web.server.WebFilterChainProxy', 'org.springframework.web.reactive.config.WebFluxConfigurer' (OnClassCondition)

   ReactiveSecurityAutoConfiguration.SpringBootWebFluxSecurityConfiguration matched:
      - found ConfigurableReactiveWebEnvironment (OnWebApplicationCondition)

   ReactiveWebServerFactoryAutoConfiguration matched:
      - @ConditionalOnClass found required class 'org.springframework.http.ReactiveHttpInputMessage' (OnClassCondition)
      - found ConfigurableReactiveWebEnvironment (OnWebApplicationCondition)

   ReactiveWebServerFactoryConfiguration.EmbeddedNetty matched:
      - @ConditionalOnClass found required class 'reactor.netty.http.server.HttpServer' (OnClassCondition)
      - @ConditionalOnMissingBean (types: org.springframework.boot.web.reactive.server.ReactiveWebServerFactory; SearchStrategy: all) did not find any beans (OnBeanCondition)

   ReactorAutoConfiguration matched:
      - @ConditionalOnClass found required class 'reactor.core.publisher.Hooks' (OnClassCondition)

   ReactorLoadBalancerClientAutoConfiguration matched:
      - @ConditionalOnClass found required class 'org.springframework.web.reactive.function.client.WebClient' (OnClassCondition)
      - @ConditionalOnBean (types: org.springframework.cloud.client.loadbalancer.reactive.ReactiveLoadBalancer$Factory; SearchStrategy: all) found bean 'loadBalancerClientFactory' (OnBeanCondition)

   ReactorLoadBalancerClientAutoConfiguration#loadBalancerExchangeFilterFunction matched:
      - @ConditionalOnProperty (spring.cloud.loadbalancer.retry.enabled=false) matched (OnPropertyCondition)
      - @ConditionalOnMissingBean (types: org.springframework.cloud.client.loadbalancer.reactive.ReactorLoadBalancerExchangeFilterFunction; SearchStrategy: all) did not find any beans (OnBeanCondition)

   ReactorNettyConfigurations.ReactorResourceFactoryConfiguration#reactorResourceFactory matched:
      - @ConditionalOnMissingBean (types: org.springframework.http.client.ReactorResourceFactory; SearchStrategy: all) did not find any beans (OnBeanCondition)

   RefreshAutoConfiguration matched:
      - @ConditionalOnClass found required class 'org.springframework.cloud.context.scope.refresh.RefreshScope' (OnClassCondition)
      - @ConditionalOnProperty (spring.cloud.refresh.enabled) matched (OnPropertyCondition)

   RefreshAutoConfiguration#configDataContextRefresher matched:
      - @ConditionalOnMissingBean (types: org.springframework.cloud.context.refresh.ConfigDataContextRefresher; SearchStrategy: all) did not find any beans (OnBeanCondition)
      - NoneNestedConditions 0 matched 3 did not; NestedCondition on ConditionalOnBootstrapDisabled.OnBootstrapDisabledCondition.OnBootstrapEnabled @ConditionalOnProperty (spring.cloud.bootstrap.enabled) did not find property 'spring.cloud.bootstrap.enabled'; NestedCondition on ConditionalOnBootstrapDisabled.OnBootstrapDisabledCondition.OnUseLegacyProcessingEnabled @ConditionalOnProperty (spring.config.use-legacy-processing) did not find property 'spring.config.use-legacy-processing'; NestedCondition on ConditionalOnBootstrapDisabled.OnBootstrapDisabledCondition.OnBootstrapMarkerClassPresent @ConditionalOnClass did not find required class 'org.springframework.cloud.bootstrap.marker.Marker' (ConditionalOnBootstrapDisabled.OnBootstrapDisabledCondition)

   RefreshAutoConfiguration#loggingRebinder matched:
      - @ConditionalOnMissingBean (types: org.springframework.cloud.logging.LoggingRebinder; SearchStrategy: all) did not find any beans (OnBeanCondition)

   RefreshAutoConfiguration#refreshScope matched:
      - @ConditionalOnMissingBean (types: org.springframework.cloud.context.scope.refresh.RefreshScope; SearchStrategy: all) did not find any beans (OnBeanCondition)

   RefreshAutoConfiguration#refreshScopeLifecycle matched:
      - @ConditionalOnProperty (spring.cloud.refresh.on-restart.enabled) matched (OnPropertyCondition)

   SecurityAutoConfiguration matched:
      - @ConditionalOnClass found required class 'org.springframework.security.authentication.DefaultAuthenticationEventPublisher' (OnClassCondition)

   SecurityAutoConfiguration#authenticationEventPublisher matched:
      - @ConditionalOnMissingBean (types: org.springframework.security.authentication.AuthenticationEventPublisher; SearchStrategy: all) did not find any beans (OnBeanCondition)

   SimpleCacheConfiguration matched:
      - Cache org.springframework.boot.autoconfigure.cache.SimpleCacheConfiguration automatic cache type (CacheCondition)

   SimpleDiscoveryClientAutoConfiguration#simpleDiscoveryProperties matched:
      - @ConditionalOnMissingBean (types: org.springframework.cloud.client.discovery.simple.SimpleDiscoveryProperties; SearchStrategy: all) did not find any beans (OnBeanCondition)

   SimpleReactiveDiscoveryClientAutoConfiguration matched:
      - @ConditionalOnClass found required class 'org.springframework.web.reactive.function.client.WebClient' (OnClassCondition)
      - @ConditionalOnProperty (spring.cloud.discovery.enabled) matched; @ConditionalOnProperty (spring.cloud.discovery.reactive.enabled) matched (OnPropertyCondition)

   SqlInitializationAutoConfiguration matched:
      - @ConditionalOnProperty (spring.sql.init.enabled) matched (OnPropertyCondition)
      - NoneNestedConditions 0 matched 1 did not; NestedCondition on SqlInitializationAutoConfiguration.SqlInitializationModeCondition.ModeIsNever @ConditionalOnProperty (spring.sql.init.mode=never) did not find property 'mode' (SqlInitializationAutoConfiguration.SqlInitializationModeCondition)

   SslAutoConfiguration#sslBundleRegistry matched:
      - @ConditionalOnMissingBean (types: org.springframework.boot.ssl.SslBundleRegistry,org.springframework.boot.ssl.SslBundles; SearchStrategy: all) did not find any beans (OnBeanCondition)

   TaskExecutionAutoConfiguration matched:
      - @ConditionalOnClass found required class 'org.springframework.scheduling.concurrent.ThreadPoolTaskExecutor' (OnClassCondition)

   TaskExecutorConfigurations.SimpleAsyncTaskExecutorBuilderConfiguration#simpleAsyncTaskExecutorBuilder matched:
      - @ConditionalOnMissingBean (types: org.springframework.boot.task.SimpleAsyncTaskExecutorBuilder; SearchStrategy: all) did not find any beans (OnBeanCondition)
      - @ConditionalOnThreading found PLATFORM (OnThreadingCondition)

   TaskExecutorConfigurations.TaskExecutorConfiguration matched:
      - @ConditionalOnMissingBean (types: java.util.concurrent.Executor; SearchStrategy: all) did not find any beans (OnBeanCondition)

   TaskExecutorConfigurations.TaskExecutorConfiguration#applicationTaskExecutor matched:
      - @ConditionalOnThreading found PLATFORM (OnThreadingCondition)

   TaskExecutorConfigurations.ThreadPoolTaskExecutorBuilderConfiguration#threadPoolTaskExecutorBuilder matched:
      - @ConditionalOnMissingBean (types: org.springframework.boot.task.ThreadPoolTaskExecutorBuilder; SearchStrategy: all) did not find any beans (OnBeanCondition)

   TaskSchedulingAutoConfiguration matched:
      - @ConditionalOnClass found required class 'org.springframework.scheduling.concurrent.ThreadPoolTaskScheduler' (OnClassCondition)

   TaskSchedulingConfigurations.SimpleAsyncTaskSchedulerBuilderConfiguration#simpleAsyncTaskSchedulerBuilder matched:
      - @ConditionalOnMissingBean (types: org.springframework.boot.task.SimpleAsyncTaskSchedulerBuilder; SearchStrategy: all) did not find any beans (OnBeanCondition)
      - @ConditionalOnThreading found PLATFORM (OnThreadingCondition)

   TaskSchedulingConfigurations.ThreadPoolTaskSchedulerBuilderConfiguration#threadPoolTaskSchedulerBuilder matched:
      - @ConditionalOnMissingBean (types: org.springframework.boot.task.ThreadPoolTaskSchedulerBuilder; SearchStrategy: all) did not find any beans (OnBeanCondition)

   UtilAutoConfiguration matched:
      - @ConditionalOnProperty (spring.cloud.util.enabled) matched (OnPropertyCondition)

   UtilAutoConfiguration#inetUtils matched:
      - @ConditionalOnMissingBean (types: org.springframework.cloud.commons.util.InetUtils; SearchStrategy: all) did not find any beans (OnBeanCondition)

   ValidationAutoConfiguration matched:
      - @ConditionalOnClass found required class 'jakarta.validation.executable.ExecutableValidator' (OnClassCondition)
      - @ConditionalOnResource found location classpath:META-INF/services/jakarta.validation.spi.ValidationProvider (OnResourceCondition)

   ValidationAutoConfiguration#defaultValidator matched:
      - @ConditionalOnMissingBean (types: jakarta.validation.Validator; SearchStrategy: all) did not find any beans (OnBeanCondition)

   ValidationAutoConfiguration#methodValidationPostProcessor matched:
      - @ConditionalOnMissingBean (types: org.springframework.validation.beanvalidation.MethodValidationPostProcessor; SearchStrategy: current) did not find any beans (OnBeanCondition)

   WebClientAutoConfiguration matched:
      - @ConditionalOnClass found required class 'org.springframework.web.reactive.function.client.WebClient' (OnClassCondition)

   WebClientAutoConfiguration#webClientBuilder matched:
      - @ConditionalOnMissingBean (types: org.springframework.web.reactive.function.client.WebClient$Builder; SearchStrategy: all) did not find any beans (OnBeanCondition)

   WebClientAutoConfiguration#webClientSsl matched:
      - @ConditionalOnBean (types: org.springframework.boot.ssl.SslBundles; SearchStrategy: all) found bean 'sslBundleRegistry'; @ConditionalOnMissingBean (types: org.springframework.boot.autoconfigure.web.reactive.function.client.WebClientSsl; SearchStrategy: all) did not find any beans (OnBeanCondition)

   WebClientAutoConfiguration.WebClientCodecsConfiguration matched:
      - @ConditionalOnBean (types: org.springframework.boot.web.codec.CodecCustomizer; SearchStrategy: all) found beans 'jacksonCodecCustomizer', 'defaultCodecCustomizer', 'defaultPartHttpMessageReaderCustomizer' (OnBeanCondition)

   WebClientAutoConfiguration.WebClientCodecsConfiguration#exchangeStrategiesCustomizer matched:
      - @ConditionalOnMissingBean (types: org.springframework.boot.autoconfigure.web.reactive.function.client.WebClientCodecCustomizer; SearchStrategy: all) did not find any beans (OnBeanCondition)

   WebFluxAutoConfiguration matched:
      - @ConditionalOnClass found required class 'org.springframework.web.reactive.config.WebFluxConfigurer' (OnClassCondition)
      - found ConfigurableReactiveWebEnvironment (OnWebApplicationCondition)
      - @ConditionalOnMissingBean (types: org.springframework.web.reactive.config.WebFluxConfigurationSupport; SearchStrategy: all) did not find any beans (OnBeanCondition)

   WebFluxAutoConfiguration.EnableWebFluxConfiguration#localeContextResolver matched:
      - @ConditionalOnMissingBean (names: localeContextResolver; SearchStrategy: all) did not find any beans (OnBeanCondition)

   WebFluxAutoConfiguration.EnableWebFluxConfiguration#webSessionManager matched:
      - @ConditionalOnMissingBean (names: webSessionManager; SearchStrategy: all) did not find any beans (OnBeanCondition)

   WebSessionIdResolverAutoConfiguration matched:
      - @ConditionalOnClass found required classes 'org.springframework.web.server.session.WebSessionManager', 'reactor.core.publisher.Mono' (OnClassCondition)
      - found ConfigurableReactiveWebEnvironment (OnWebApplicationCondition)

   WebSessionIdResolverAutoConfiguration#webSessionIdResolver matched:
      - @ConditionalOnMissingBean (types: org.springframework.web.server.session.WebSessionIdResolver; SearchStrategy: all) did not find any beans (OnBeanCondition)


Negative matches:
-----------------

   ActiveMQAutoConfiguration:
      Did not match:
         - @ConditionalOnClass did not find required class 'jakarta.jms.ConnectionFactory' (OnClassCondition)

   AopAutoConfiguration.AspectJAutoProxyingConfiguration:
      Did not match:
         - @ConditionalOnClass did not find required class 'org.aspectj.weaver.Advice' (OnClassCondition)

   ArtemisAutoConfiguration:
      Did not match:
         - @ConditionalOnClass did not find required class 'jakarta.jms.ConnectionFactory' (OnClassCondition)

   BatchAutoConfiguration:
      Did not match:
         - @ConditionalOnClass did not find required class 'org.springframework.batch.core.launch.JobLauncher' (OnClassCondition)

   BlockingLoadBalancerClientAutoConfiguration.BlockingLoadBalancerRetryConfig:
      Did not match:
         - @ConditionalOnClass did not find required class 'org.springframework.retry.support.RetryTemplate' (OnClassCondition)

   Cache2kCacheConfiguration:
      Did not match:
         - @ConditionalOnClass did not find required class 'org.cache2k.Cache2kBuilder' (OnClassCondition)

   CacheAutoConfiguration:
      Did not match:
         - @ConditionalOnBean (types: org.springframework.cache.interceptor.CacheAspectSupport; SearchStrategy: all) did not find any beans of type org.springframework.cache.interceptor.CacheAspectSupport (OnBeanCondition)
      Matched:
         - @ConditionalOnClass found required class 'org.springframework.cache.CacheManager' (OnClassCondition)

   CacheAutoConfiguration.CacheManagerEntityManagerFactoryDependsOnPostProcessor:
      Did not match:
         - @ConditionalOnClass did not find required class 'org.springframework.orm.jpa.LocalContainerEntityManagerFactoryBean' (OnClassCondition)
         - Ancestor org.springframework.boot.autoconfigure.cache.CacheAutoConfiguration did not match (ConditionEvaluationReport.AncestorsMatchedCondition)

   CaffeineCacheConfiguration:
      Did not match:
         - @ConditionalOnClass did not find required class 'com.github.benmanes.caffeine.cache.Caffeine' (OnClassCondition)

   CassandraAutoConfiguration:
      Did not match:
         - @ConditionalOnClass did not find required class 'com.datastax.oss.driver.api.core.CqlSession' (OnClassCondition)

   CassandraDataAutoConfiguration:
      Did not match:
         - @ConditionalOnClass did not find required class 'com.datastax.oss.driver.api.core.CqlSession' (OnClassCondition)

   CassandraReactiveDataAutoConfiguration:
      Did not match:
         - @ConditionalOnClass did not find required class 'com.datastax.oss.driver.api.core.CqlSession' (OnClassCondition)

   CassandraReactiveRepositoriesAutoConfiguration:
      Did not match:
         - @ConditionalOnClass did not find required class 'org.springframework.data.cassandra.ReactiveSession' (OnClassCondition)

   CassandraRepositoriesAutoConfiguration:
      Did not match:
         - @ConditionalOnClass did not find required class 'com.datastax.oss.driver.api.core.CqlSession' (OnClassCondition)

   ClientHttpConnectorFactoryConfiguration.HttpClient5:
      Did not match:
         - @ConditionalOnClass did not find required class 'org.apache.hc.core5.reactive.ReactiveResponseConsumer' (OnClassCondition)

   ClientHttpConnectorFactoryConfiguration.JdkClient:
      Did not match:
         - @ConditionalOnMissingBean (types: org.springframework.boot.autoconfigure.web.reactive.function.client.ClientHttpConnectorFactory; SearchStrategy: all) found beans of type 'org.springframework.boot.autoconfigure.web.reactive.function.client.ClientHttpConnectorFactory' reactorClientHttpConnectorFactory (OnBeanCondition)
      Matched:
         - @ConditionalOnClass found required class 'java.net.http.HttpClient' (OnClassCondition)

   CloudHypermediaAutoConfiguration:
      Did not match:
         - @ConditionalOnClass did not find required class 'org.springframework.hateoas.Link' (OnClassCondition)

   CommonsClientAutoConfiguration.ActuatorConfiguration:
      Did not match:
         - @ConditionalOnClass did not find required class 'org.springframework.boot.actuate.endpoint.annotation.Endpoint' (OnClassCondition)

   CommonsClientAutoConfiguration.DiscoveryLoadBalancerConfiguration:
      Did not match:
         - @ConditionalOnClass did not find required class 'org.springframework.boot.actuate.health.HealthIndicator' (OnClassCondition)

   CouchbaseAutoConfiguration:
      Did not match:
         - @ConditionalOnClass did not find required class 'com.couchbase.client.java.Cluster' (OnClassCondition)

   CouchbaseCacheConfiguration:
      Did not match:
         - @ConditionalOnClass did not find required class 'com.couchbase.client.java.Cluster' (OnClassCondition)

   CouchbaseDataAutoConfiguration:
      Did not match:
         - @ConditionalOnClass did not find required class 'com.couchbase.client.java.Bucket' (OnClassCondition)

   CouchbaseReactiveDataAutoConfiguration:
      Did not match:
         - @ConditionalOnClass did not find required class 'com.couchbase.client.java.Cluster' (OnClassCondition)

   CouchbaseReactiveRepositoriesAutoConfiguration:
      Did not match:
         - @ConditionalOnClass did not find required class 'com.couchbase.client.java.Cluster' (OnClassCondition)

   CouchbaseRepositoriesAutoConfiguration:
      Did not match:
         - @ConditionalOnClass did not find required class 'com.couchbase.client.java.Bucket' (OnClassCondition)

   DataSourceAutoConfiguration:
      Did not match:
         - @ConditionalOnClass did not find required class 'org.springframework.jdbc.datasource.embedded.EmbeddedDatabaseType' (OnClassCondition)

   DataSourceInitializationConfiguration:
      Did not match:
         - @ConditionalOnClass did not find required class 'org.springframework.jdbc.datasource.init.DatabasePopulator' (OnClassCondition)

   DataSourceTransactionManagerAutoConfiguration:
      Did not match:
         - @ConditionalOnClass did not find required class 'org.springframework.jdbc.core.JdbcTemplate' (OnClassCondition)

   DiscoveryClientOptionalArgsConfiguration.DiscoveryClientOptionalArgsTlsConfiguration:
      Did not match:
         - AllNestedConditions 1 matched 1 did not; NestedCondition on DiscoveryClientOptionalArgsConfiguration.OnJerseyClientPresentAndEnabledCondition.OnJerseyClientEnabled @ConditionalOnProperty (eureka.client.jersey.enabled) matched; NestedCondition on DiscoveryClientOptionalArgsConfiguration.OnJerseyClientPresentAndEnabledCondition.OnJerseyClientPresent @ConditionalOnClass did not find required class 'org.glassfish.jersey.client.JerseyClient' (DiscoveryClientOptionalArgsConfiguration.OnJerseyClientPresentAndEnabledCondition)

   DiscoveryClientOptionalArgsConfiguration.RestClientConfiguration:
      Did not match:
         - AllNestedConditions 2 matched 2 did not; NestedCondition on DiscoveryClientOptionalArgsConfiguration.OnRestClientPresentAndEnabledCondition.OnRestClientEnabled @ConditionalOnProperty (eureka.client.restclient.enabled=true) did not find property 'restclient.enabled'; NestedCondition on DiscoveryClientOptionalArgsConfiguration.OnRestClientPresentAndEnabledCondition.OnWebClientDisabled @ConditionalOnProperty (eureka.client.webclient.enabled=false) found different value in property 'webclient.enabled'; NestedCondition on DiscoveryClientOptionalArgsConfiguration.OnRestClientPresentAndEnabledCondition.OnJerseyClientNotPresentOrNotEnabled AnyNestedCondition 1 matched 1 did not; NestedCondition on DiscoveryClientOptionalArgsConfiguration.OnJerseyClientNotPresentOrNotEnabledCondition.OnJerseyClientDisabled @ConditionalOnProperty (eureka.client.jersey.enabled=false) did not find property 'eureka.client.jersey.enabled'; NestedCondition on DiscoveryClientOptionalArgsConfiguration.OnJerseyClientNotPresentOrNotEnabledCondition.OnJerseyClientMissing @ConditionalOnMissingClass did not find unwanted class 'org.glassfish.jersey.client.JerseyClient'; NestedCondition on DiscoveryClientOptionalArgsConfiguration.OnRestClientPresentAndEnabledCondition.OnRestClientPresent @ConditionalOnClass found required class 'org.springframework.web.client.RestClient' (DiscoveryClientOptionalArgsConfiguration.OnRestClientPresentAndEnabledCondition)

   DiscoveryClientOptionalArgsConfiguration.RestTemplateConfiguration:
      Did not match:
         - AllNestedConditions 3 matched 1 did not; NestedCondition on DiscoveryClientOptionalArgsConfiguration.OnRestTemplatePresentAndEnabledCondition.OnRestClientDisabled @ConditionalOnProperty (eureka.client.restclient.enabled=false) matched; NestedCondition on DiscoveryClientOptionalArgsConfiguration.OnRestTemplatePresentAndEnabledCondition.OnWebClientDisabled @ConditionalOnProperty (eureka.client.webclient.enabled=false) found different value in property 'webclient.enabled'; NestedCondition on DiscoveryClientOptionalArgsConfiguration.OnRestTemplatePresentAndEnabledCondition.OnJerseyClientNotPresentOrNotEnabled AnyNestedCondition 1 matched 1 did not; NestedCondition on DiscoveryClientOptionalArgsConfiguration.OnJerseyClientNotPresentOrNotEnabledCondition.OnJerseyClientDisabled @ConditionalOnProperty (eureka.client.jersey.enabled=false) did not find property 'eureka.client.jersey.enabled'; NestedCondition on DiscoveryClientOptionalArgsConfiguration.OnJerseyClientNotPresentOrNotEnabledCondition.OnJerseyClientMissing @ConditionalOnMissingClass did not find unwanted class 'org.glassfish.jersey.client.JerseyClient'; NestedCondition on DiscoveryClientOptionalArgsConfiguration.OnRestTemplatePresentAndEnabledCondition.OnRestTemplatePresent @ConditionalOnClass found required class 'org.springframework.web.client.RestTemplate' (DiscoveryClientOptionalArgsConfiguration.OnRestTemplatePresentAndEnabledCondition)

   DiscoveryClientOptionalArgsConfiguration.WebClientNotFoundConfiguration:
      Did not match:
         - @ConditionalOnMissingClass found unwanted class 'org.springframework.web.reactive.function.client.WebClient' (OnClassCondition)

   DispatcherServletAutoConfiguration:
      Did not match:
         - @ConditionalOnClass did not find required class 'org.springframework.web.servlet.DispatcherServlet' (OnClassCondition)

   ElasticsearchClientAutoConfiguration:
      Did not match:
         - @ConditionalOnClass did not find required class 'co.elastic.clients.elasticsearch.ElasticsearchClient' (OnClassCondition)

   ElasticsearchDataAutoConfiguration:
      Did not match:
         - @ConditionalOnClass did not find required class 'org.springframework.data.elasticsearch.client.elc.ElasticsearchTemplate' (OnClassCondition)

   ElasticsearchRepositoriesAutoConfiguration:
      Did not match:
         - @ConditionalOnClass did not find required class 'org.springframework.data.elasticsearch.repository.ElasticsearchRepository' (OnClassCondition)

   ElasticsearchRestClientAutoConfiguration:
      Did not match:
         - @ConditionalOnClass did not find required class 'org.elasticsearch.client.RestClientBuilder' (OnClassCondition)

   EmbeddedLdapAutoConfiguration:
      Did not match:
         - @ConditionalOnClass did not find required class 'com.unboundid.ldap.listener.InMemoryDirectoryServer' (OnClassCondition)

   EmbeddedWebServerFactoryCustomizerAutoConfiguration.JettyWebServerFactoryCustomizerConfiguration:
      Did not match:
         - @ConditionalOnClass did not find required classes 'org.eclipse.jetty.server.Server', 'org.eclipse.jetty.util.Loader', 'org.eclipse.jetty.ee10.webapp.WebAppContext' (OnClassCondition)

   EmbeddedWebServerFactoryCustomizerAutoConfiguration.TomcatWebServerFactoryCustomizerConfiguration:
      Did not match:
         - @ConditionalOnClass did not find required classes 'org.apache.catalina.startup.Tomcat', 'org.apache.coyote.UpgradeProtocol' (OnClassCondition)

   EmbeddedWebServerFactoryCustomizerAutoConfiguration.UndertowWebServerFactoryCustomizerConfiguration:
      Did not match:
         - @ConditionalOnClass did not find required classes 'io.undertow.Undertow', 'org.xnio.SslClientAuthMode' (OnClassCondition)

   ErrorMvcAutoConfiguration:
      Did not match:
         - @ConditionalOnClass did not find required class 'jakarta.servlet.Servlet' (OnClassCondition)

   EurekaClientAutoConfiguration.EurekaClientConfiguration:
      Did not match:
         - AnyNestedCondition 0 matched 3 did not; NestedCondition on EurekaClientAutoConfiguration.OnMissingRefreshScopeCondition.OnPropertyDisabled @ConditionalOnProperty (eureka.client.refresh.enable=false) did not find property 'eureka.client.refresh.enable'; NestedCondition on EurekaClientAutoConfiguration.OnMissingRefreshScopeCondition.MissingScope @ConditionalOnMissingBean (types: org.springframework.cloud.autoconfigure.RefreshAutoConfiguration; SearchStrategy: all) found beans of type 'org.springframework.cloud.autoconfigure.RefreshAutoConfiguration' org.springframework.cloud.autoconfigure.RefreshAutoConfiguration; NestedCondition on EurekaClientAutoConfiguration.OnMissingRefreshScopeCondition.MissingClass @ConditionalOnMissingClass found unwanted class 'org.springframework.cloud.context.scope.refresh.RefreshScope' (EurekaClientAutoConfiguration.OnMissingRefreshScopeCondition)

   EurekaClientAutoConfiguration.EurekaHealthIndicatorConfiguration:
      Did not match:
         - @ConditionalOnClass did not find required class 'org.springframework.boot.actuate.health.Health' (OnClassCondition)

   EurekaClientConfigServerAutoConfiguration:
      Did not match:
         - @ConditionalOnClass did not find required class 'org.springframework.cloud.config.server.config.ConfigServerProperties' (OnClassCondition)

   EurekaDiscoveryClientConfiguration.EurekaHealthCheckHandlerConfiguration:
      Did not match:
         - @ConditionalOnProperty (eureka.client.healthcheck.enabled) did not find property 'eureka.client.healthcheck.enabled' (OnPropertyCondition)

   EurekaReactiveDiscoveryClientConfiguration#eurekaReactiveDiscoveryClientHealthIndicator:
      Did not match:
         - @ConditionalOnClass did not find required class 'org.springframework.boot.actuate.health.ReactiveHealthIndicator' (OnClassCondition)

   FlywayAutoConfiguration:
      Did not match:
         - @ConditionalOnClass did not find required class 'org.flywaydb.core.Flyway' (OnClassCondition)

   FreeMarkerAutoConfiguration:
      Did not match:
         - @ConditionalOnClass did not find required class 'freemarker.template.Configuration' (OnClassCondition)

   GatewayAutoConfiguration#grpcSslConfigurer:
      Did not match:
         - @ConditionalOnClass did not find required class 'io.grpc.Channel' (OnClassCondition)

   GatewayAutoConfiguration#jsonToGRPCFilterFactory:
      Did not match:
         - @ConditionalOnClass did not find required class 'io.grpc.Channel' (OnClassCondition)

   GatewayAutoConfiguration#principalNameKeyResolver:
      Did not match:
         - @ConditionalOnBean (types: org.springframework.cloud.gateway.filter.ratelimit.RateLimiter; SearchStrategy: all) did not find any beans of type org.springframework.cloud.gateway.filter.ratelimit.RateLimiter (OnBeanCondition)

   GatewayAutoConfiguration#requestRateLimiterGatewayFilterFactory:
      Did not match:
         - @ConditionalOnBean (types: org.springframework.cloud.gateway.filter.ratelimit.RateLimiter,org.springframework.cloud.gateway.filter.ratelimit.KeyResolver; SearchStrategy: all) did not find any beans of type org.springframework.cloud.gateway.filter.ratelimit.RateLimiter, org.springframework.cloud.gateway.filter.ratelimit.KeyResolver (OnBeanCondition)

   GatewayAutoConfiguration.GatewayActuatorConfiguration:
      Did not match:
         - @ConditionalOnClass did not find required class 'org.springframework.boot.actuate.health.Health' (OnClassCondition)

   GatewayAutoConfiguration.NettyConfiguration#nettyServerWiretapCustomizer:
      Did not match:
         - @ConditionalOnProperty (spring.cloud.gateway.httpserver.wiretap) did not find property 'spring.cloud.gateway.httpserver.wiretap' (OnPropertyCondition)

   GatewayAutoConfiguration.TokenRelayConfiguration:
      Did not match:
         - @ConditionalOnClass did not find required class 'org.springframework.security.oauth2.client.OAuth2AuthorizedClient' (OnClassCondition)

   GatewayClassPathWarningAutoConfiguration.SpringMvcFoundOnClasspathConfiguration:
      Did not match:
         - @ConditionalOnClass did not find required class 'org.springframework.web.servlet.DispatcherServlet' (OnClassCondition)

   GatewayClassPathWarningAutoConfiguration.WebfluxMissingFromClasspathConfiguration:
      Did not match:
         - @ConditionalOnMissingClass found unwanted class 'org.springframework.web.reactive.DispatcherHandler' (OnClassCondition)

   GatewayDiscoveryClientAutoConfiguration.ReactiveDiscoveryClientRouteDefinitionLocatorConfiguration#discoveryClientRouteDefinitionLocator:
      Did not match:
         - @ConditionalOnProperty (spring.cloud.gateway.discovery.locator.enabled) did not find property 'spring.cloud.gateway.discovery.locator.enabled' (OnPropertyCondition)

   GatewayMetricsAutoConfiguration:
      Did not match:
         - @ConditionalOnClass did not find required class 'io.micrometer.core.instrument.MeterRegistry' (OnClassCondition)

   GatewayNoLoadBalancerClientAutoConfiguration:
      Did not match:
         - @ConditionalOnMissingClass found unwanted class 'org.springframework.cloud.loadbalancer.core.ReactorLoadBalancer' (OnClassCondition)

   GatewayRedisAutoConfiguration:
      Did not match:
         - @ConditionalOnClass did not find required class 'org.springframework.data.redis.core.RedisTemplate' (OnClassCondition)

   GatewayResilience4JCircuitBreakerAutoConfiguration:
      Did not match:
         - @ConditionalOnClass did not find required class 'org.springframework.cloud.circuitbreaker.resilience4j.ReactiveResilience4JAutoConfiguration' (OnClassCondition)

   GraphQlAutoConfiguration:
      Did not match:
         - @ConditionalOnClass did not find required class 'graphql.GraphQL' (OnClassCondition)

   GraphQlQueryByExampleAutoConfiguration:
      Did not match:
         - @ConditionalOnClass did not find required class 'graphql.GraphQL' (OnClassCondition)

   GraphQlQuerydslAutoConfiguration:
      Did not match:
         - @ConditionalOnClass did not find required class 'com.querydsl.core.Query' (OnClassCondition)

   GraphQlRSocketAutoConfiguration:
      Did not match:
         - @ConditionalOnClass did not find required class 'graphql.GraphQL' (OnClassCondition)

   GraphQlReactiveQueryByExampleAutoConfiguration:
      Did not match:
         - @ConditionalOnClass did not find required class 'graphql.GraphQL' (OnClassCondition)

   GraphQlReactiveQuerydslAutoConfiguration:
      Did not match:
         - @ConditionalOnClass did not find required class 'com.querydsl.core.Query' (OnClassCondition)

   GraphQlWebFluxAutoConfiguration:
      Did not match:
         - @ConditionalOnClass did not find required class 'graphql.GraphQL' (OnClassCondition)

   GraphQlWebFluxSecurityAutoConfiguration:
      Did not match:
         - @ConditionalOnClass did not find required class 'graphql.GraphQL' (OnClassCondition)

   GraphQlWebMvcAutoConfiguration:
      Did not match:
         - @ConditionalOnClass did not find required class 'graphql.GraphQL' (OnClassCondition)

   GraphQlWebMvcSecurityAutoConfiguration:
      Did not match:
         - @ConditionalOnClass did not find required class 'graphql.GraphQL' (OnClassCondition)

   GroovyTemplateAutoConfiguration:
      Did not match:
         - @ConditionalOnClass did not find required class 'groovy.text.markup.MarkupTemplateEngine' (OnClassCondition)

   H2ConsoleAutoConfiguration:
      Did not match:
         - @ConditionalOnClass did not find required class 'org.h2.server.web.JakartaWebServlet' (OnClassCondition)

   HazelcastAutoConfiguration:
      Did not match:
         - @ConditionalOnClass did not find required class 'com.hazelcast.core.HazelcastInstance' (OnClassCondition)

   HazelcastCacheConfiguration:
      Did not match:
         - @ConditionalOnClass did not find required class 'com.hazelcast.core.HazelcastInstance' (OnClassCondition)

   HazelcastJpaDependencyAutoConfiguration:
      Did not match:
         - @ConditionalOnClass did not find required class 'com.hazelcast.core.HazelcastInstance' (OnClassCondition)

   HibernateJpaAutoConfiguration:
      Did not match:
         - @ConditionalOnClass did not find required class 'jakarta.persistence.EntityManager' (OnClassCondition)

   HttpClientAutoConfiguration:
      Did not match:
         - NoneNestedConditions 1 matched 0 did not; NestedCondition on NotReactiveWebApplicationCondition.ReactiveWebApplication found ConfigurableReactiveWebEnvironment (NotReactiveWebApplicationCondition)
      Matched:
         - @ConditionalOnClass found required class 'org.springframework.http.client.ClientHttpRequestFactory' (OnClassCondition)

   HttpEncodingAutoConfiguration:
      Did not match:
         - @ConditionalOnClass did not find required class 'org.springframework.web.filter.CharacterEncodingFilter' (OnClassCondition)

   HttpMessageConvertersAutoConfiguration:
      Did not match:
         - NoneNestedConditions 1 matched 0 did not; NestedCondition on HttpMessageConvertersAutoConfiguration.NotReactiveWebApplicationCondition.ReactiveWebApplication found ConfigurableReactiveWebEnvironment (HttpMessageConvertersAutoConfiguration.NotReactiveWebApplicationCondition)
      Matched:
         - @ConditionalOnClass found required class 'org.springframework.http.converter.HttpMessageConverter' (OnClassCondition)

   HypermediaAutoConfiguration:
      Did not match:
         - @ConditionalOnClass did not find required class 'org.springframework.hateoas.EntityModel' (OnClassCondition)

   InfinispanCacheConfiguration:
      Did not match:
         - @ConditionalOnClass did not find required class 'org.infinispan.spring.embedded.provider.SpringEmbeddedCacheManager' (OnClassCondition)

   IntegrationAutoConfiguration:
      Did not match:
         - @ConditionalOnClass did not find required class 'org.springframework.integration.config.EnableIntegration' (OnClassCondition)

   JCacheCacheConfiguration:
      Did not match:
         - @ConditionalOnClass did not find required class 'javax.cache.Caching' (OnClassCondition)

   JdbcClientAutoConfiguration:
      Did not match:
         - @ConditionalOnSingleCandidate did not find required type 'org.springframework.jdbc.core.namedparam.NamedParameterJdbcTemplate' (OnBeanCondition)

   JdbcRepositoriesAutoConfiguration:
      Did not match:
         - @ConditionalOnClass did not find required class 'org.springframework.data.jdbc.repository.config.AbstractJdbcConfiguration' (OnClassCondition)

   JdbcTemplateAutoConfiguration:
      Did not match:
         - @ConditionalOnClass did not find required class 'org.springframework.jdbc.core.JdbcTemplate' (OnClassCondition)

   JerseyAutoConfiguration:
      Did not match:
         - @ConditionalOnClass did not find required class 'jakarta.servlet.ServletRegistration' (OnClassCondition)

   JmsAutoConfiguration:
      Did not match:
         - @ConditionalOnClass did not find required class 'jakarta.jms.Message' (OnClassCondition)

   JmxAutoConfiguration:
      Did not match:
         - @ConditionalOnProperty (spring.jmx.enabled=true) found different value in property 'enabled' (OnPropertyCondition)
      Matched:
         - @ConditionalOnClass found required class 'org.springframework.jmx.export.MBeanExporter' (OnClassCondition)

   JndiConnectionFactoryAutoConfiguration:
      Did not match:
         - @ConditionalOnClass did not find required class 'org.springframework.jms.core.JmsTemplate' (OnClassCondition)

   JndiDataSourceAutoConfiguration:
      Did not match:
         - @ConditionalOnClass did not find required class 'org.springframework.jdbc.datasource.embedded.EmbeddedDatabaseType' (OnClassCondition)

   JooqAutoConfiguration:
      Did not match:
         - @ConditionalOnClass did not find required class 'org.jooq.DSLContext' (OnClassCondition)

   JpaRepositoriesAutoConfiguration:
      Did not match:
         - @ConditionalOnClass did not find required class 'org.springframework.data.jpa.repository.JpaRepository' (OnClassCondition)

   JsonbAutoConfiguration:
      Did not match:
         - @ConditionalOnClass did not find required class 'jakarta.json.bind.Jsonb' (OnClassCondition)

   JtaAutoConfiguration:
      Did not match:
         - @ConditionalOnClass did not find required class 'jakarta.transaction.Transaction' (OnClassCondition)

   KafkaAutoConfiguration:
      Did not match:
         - @ConditionalOnClass did not find required class 'org.springframework.kafka.core.KafkaTemplate' (OnClassCondition)

   LdapAutoConfiguration:
      Did not match:
         - @ConditionalOnClass did not find required class 'org.springframework.ldap.core.ContextSource' (OnClassCondition)

   LdapRepositoriesAutoConfiguration:
      Did not match:
         - @ConditionalOnClass did not find required class 'org.springframework.data.ldap.repository.LdapRepository' (OnClassCondition)

   LiquibaseAutoConfiguration:
      Did not match:
         - @ConditionalOnClass did not find required class 'liquibase.change.DatabaseChange' (OnClassCondition)

   LoadBalancerAutoConfiguration.RetryAutoConfiguration:
      Did not match:
         - @ConditionalOnClass did not find required class 'org.springframework.retry.support.RetryTemplate' (OnClassCondition)

   LoadBalancerAutoConfiguration.RetryInterceptorAutoConfiguration:
      Did not match:
         - @ConditionalOnClass did not find required class 'org.springframework.retry.support.RetryTemplate' (OnClassCondition)

   LoadBalancerCacheAutoConfiguration.CaffeineLoadBalancerCacheManagerConfiguration:
      Did not match:
         - @ConditionalOnClass did not find required class 'com.github.benmanes.caffeine.cache.Caffeine' (OnClassCondition)

   LoadBalancerEurekaAutoConfiguration#zoneConfig:
      Did not match:
         - @ConditionalOnMissingBean (types: org.springframework.cloud.loadbalancer.config.LoadBalancerZoneConfig; SearchStrategy: all) found beans of type 'org.springframework.cloud.loadbalancer.config.LoadBalancerZoneConfig' zoneConfig (OnBeanCondition)

   LoadBalancerStatsAutoConfiguration:
      Did not match:
         - @ConditionalOnClass did not find required class 'io.micrometer.core.instrument.MeterRegistry' (OnClassCondition)

   LocalResponseCacheAutoConfiguration:
      Did not match:
         - @ConditionalOnClass did not find required class 'com.github.benmanes.caffeine.cache.Caffeine' (OnClassCondition)

   MailSenderAutoConfiguration:
      Did not match:
         - @ConditionalOnClass did not find required class 'jakarta.mail.internet.MimeMessage' (OnClassCondition)

   MailSenderValidatorAutoConfiguration:
      Did not match:
         - @ConditionalOnProperty (spring.mail.test-connection) did not find property 'test-connection' (OnPropertyCondition)

   MessageSourceAutoConfiguration:
      Did not match:
         - ResourceBundle did not find bundle with basename messages (MessageSourceAutoConfiguration.ResourceBundleCondition)

   MongoAutoConfiguration:
      Did not match:
         - @ConditionalOnClass did not find required class 'com.mongodb.client.MongoClient' (OnClassCondition)

   MongoDataAutoConfiguration:
      Did not match:
         - @ConditionalOnClass did not find required class 'com.mongodb.client.MongoClient' (OnClassCondition)

   MongoReactiveAutoConfiguration:
      Did not match:
         - @ConditionalOnClass did not find required class 'com.mongodb.reactivestreams.client.MongoClient' (OnClassCondition)

   MongoReactiveDataAutoConfiguration:
      Did not match:
         - @ConditionalOnClass did not find required class 'com.mongodb.reactivestreams.client.MongoClient' (OnClassCondition)

   MongoReactiveRepositoriesAutoConfiguration:
      Did not match:
         - @ConditionalOnClass did not find required class 'com.mongodb.reactivestreams.client.MongoClient' (OnClassCondition)

   MongoRepositoriesAutoConfiguration:
      Did not match:
         - @ConditionalOnClass did not find required class 'com.mongodb.client.MongoClient' (OnClassCondition)

   MultipartAutoConfiguration:
      Did not match:
         - @ConditionalOnClass did not find required class 'jakarta.servlet.MultipartConfigElement' (OnClassCondition)

   MustacheAutoConfiguration:
      Did not match:
         - @ConditionalOnClass did not find required class 'com.samskivert.mustache.Mustache' (OnClassCondition)

   Neo4jAutoConfiguration:
      Did not match:
         - @ConditionalOnClass did not find required class 'org.neo4j.driver.Driver' (OnClassCondition)

   Neo4jDataAutoConfiguration:
      Did not match:
         - @ConditionalOnClass did not find required class 'org.neo4j.driver.Driver' (OnClassCondition)

   Neo4jReactiveDataAutoConfiguration:
      Did not match:
         - @ConditionalOnClass did not find required class 'org.neo4j.driver.Driver' (OnClassCondition)

   Neo4jReactiveRepositoriesAutoConfiguration:
      Did not match:
         - @ConditionalOnClass did not find required class 'org.neo4j.driver.Driver' (OnClassCondition)

   Neo4jRepositoriesAutoConfiguration:
      Did not match:
         - @ConditionalOnClass did not find required class 'org.neo4j.driver.Driver' (OnClassCondition)

   OAuth2AuthorizationServerAutoConfiguration:
      Did not match:
         - @ConditionalOnClass did not find required class 'org.springframework.security.oauth2.server.authorization.OAuth2Authorization' (OnClassCondition)

   OAuth2AuthorizationServerJwtAutoConfiguration:
      Did not match:
         - @ConditionalOnClass did not find required class 'org.springframework.security.oauth2.server.authorization.OAuth2Authorization' (OnClassCondition)

   OAuth2ClientAutoConfiguration:
      Did not match:
         - @ConditionalOnClass did not find required class 'org.springframework.security.oauth2.client.registration.ClientRegistration' (OnClassCondition)

   OAuth2LoadBalancerClientAutoConfiguration:
      Did not match:
         - @ConditionalOnProperty (spring.cloud.oauth2.load-balanced.enabled) did not find property 'spring.cloud.oauth2.load-balanced.enabled' (OnPropertyCondition)

   OAuth2ResourceServerAutoConfiguration:
      Did not match:
         - not a servlet web application (OnWebApplicationCondition)
      Matched:
         - @ConditionalOnClass found required class 'org.springframework.security.oauth2.server.resource.authentication.BearerTokenAuthenticationToken' (OnClassCondition)

   PersistenceExceptionTranslationAutoConfiguration:
      Did not match:
         - @ConditionalOnClass did not find required class 'org.springframework.dao.annotation.PersistenceExceptionTranslationPostProcessor' (OnClassCondition)

   ProjectInfoAutoConfiguration#buildProperties:
      Did not match:
         - @ConditionalOnResource did not find resource '${spring.info.build.location:classpath:META-INF/build-info.properties}' (OnResourceCondition)

   ProjectInfoAutoConfiguration#gitProperties:
      Did not match:
         - GitResource did not find git info at classpath:git.properties (ProjectInfoAutoConfiguration.GitResourceAvailableCondition)

   PulsarAutoConfiguration:
      Did not match:
         - @ConditionalOnClass did not find required class 'org.apache.pulsar.client.api.PulsarClient' (OnClassCondition)

   PulsarReactiveAutoConfiguration:
      Did not match:
         - @ConditionalOnClass did not find required class 'org.apache.pulsar.client.api.PulsarClient' (OnClassCondition)

   QuartzAutoConfiguration:
      Did not match:
         - @ConditionalOnClass did not find required class 'org.quartz.Scheduler' (OnClassCondition)

   R2dbcAutoConfiguration:
      Did not match:
         - @ConditionalOnClass did not find required class 'io.r2dbc.spi.ConnectionFactory' (OnClassCondition)

   R2dbcDataAutoConfiguration:
      Did not match:
         - @ConditionalOnClass did not find required class 'org.springframework.data.r2dbc.core.R2dbcEntityTemplate' (OnClassCondition)

   R2dbcInitializationConfiguration:
      Did not match:
         - @ConditionalOnClass did not find required classes 'io.r2dbc.spi.ConnectionFactory', 'org.springframework.r2dbc.connection.init.DatabasePopulator' (OnClassCondition)

   R2dbcProxyAutoConfiguration:
      Did not match:
         - @ConditionalOnClass did not find required class 'io.r2dbc.proxy.ProxyConnectionFactory' (OnClassCondition)

   R2dbcRepositoriesAutoConfiguration:
      Did not match:
         - @ConditionalOnClass did not find required class 'io.r2dbc.spi.ConnectionFactory' (OnClassCondition)

   R2dbcTransactionManagerAutoConfiguration:
      Did not match:
         - @ConditionalOnClass did not find required class 'org.springframework.r2dbc.connection.R2dbcTransactionManager' (OnClassCondition)

   RSocketGraphQlClientAutoConfiguration:
      Did not match:
         - @ConditionalOnClass did not find required class 'graphql.GraphQL' (OnClassCondition)

   RSocketMessagingAutoConfiguration:
      Did not match:
         - @ConditionalOnClass did not find required class 'io.rsocket.RSocket' (OnClassCondition)

   RSocketRequesterAutoConfiguration:
      Did not match:
         - @ConditionalOnClass did not find required class 'io.rsocket.RSocket' (OnClassCondition)

   RSocketSecurityAutoConfiguration:
      Did not match:
         - @ConditionalOnClass did not find required class 'org.springframework.security.rsocket.core.SecuritySocketAcceptorInterceptor' (OnClassCondition)

   RSocketServerAutoConfiguration:
      Did not match:
         - @ConditionalOnClass did not find required class 'io.rsocket.core.RSocketServer' (OnClassCondition)

   RSocketStrategiesAutoConfiguration:
      Did not match:
         - @ConditionalOnClass did not find required class 'io.rsocket.RSocket' (OnClassCondition)

   RabbitAutoConfiguration:
      Did not match:
         - @ConditionalOnClass did not find required class 'com.rabbitmq.client.Channel' (OnClassCondition)

   ReactiveCommonsClientAutoConfiguration.ReactiveDiscoveryLoadBalancerConfiguration:
      Did not match:
         - @ConditionalOnClass did not find required class 'org.springframework.boot.actuate.health.ReactiveHealthIndicator' (OnClassCondition)

   ReactiveElasticsearchClientAutoConfiguration:
      Did not match:
         - @ConditionalOnClass did not find required class 'co.elastic.clients.transport.ElasticsearchTransport' (OnClassCondition)

   ReactiveElasticsearchRepositoriesAutoConfiguration:
      Did not match:
         - @ConditionalOnClass did not find required class 'org.springframework.data.elasticsearch.client.elc.ReactiveElasticsearchClient' (OnClassCondition)

   ReactiveOAuth2ClientAutoConfiguration:
      Did not match:
         - @ConditionalOnClass did not find required class 'org.springframework.security.oauth2.client.registration.ClientRegistration' (OnClassCondition)

   ReactiveOAuth2ResourceServerJwkConfiguration.JwtConfiguration#jwtDecoder:
      Did not match:
         - @ConditionalOnProperty (spring.security.oauth2.resourceserver.jwt.jwk-set-uri) did not find property 'spring.security.oauth2.resourceserver.jwt.jwk-set-uri' (OnPropertyCondition)

   ReactiveOAuth2ResourceServerJwkConfiguration.JwtConfiguration#jwtDecoderByPublicKeyValue:
      Did not match:
         - Public Key Value Condition did not find public-key-location property (KeyValueCondition)

   ReactiveOAuth2ResourceServerJwkConfiguration.JwtConverterConfiguration:
      Did not match:
         - AnyNestedCondition 0 matched 3 did not; NestedCondition on ReactiveOAuth2ResourceServerJwkConfiguration.JwtConverterPropertiesCondition.OnAuthoritiesClaimName @ConditionalOnProperty (spring.security.oauth2.resourceserver.jwt.authorities-claim-name) did not find property 'authorities-claim-name'; NestedCondition on ReactiveOAuth2ResourceServerJwkConfiguration.JwtConverterPropertiesCondition.OnPrincipalClaimName @ConditionalOnProperty (spring.security.oauth2.resourceserver.jwt.principal-claim-name) did not find property 'principal-claim-name'; NestedCondition on ReactiveOAuth2ResourceServerJwkConfiguration.JwtConverterPropertiesCondition.OnAuthorityPrefix @ConditionalOnProperty (spring.security.oauth2.resourceserver.jwt.authority-prefix) did not find property 'authority-prefix' (ReactiveOAuth2ResourceServerJwkConfiguration.JwtConverterPropertiesCondition)

   ReactiveOAuth2ResourceServerJwkConfiguration.WebSecurityConfiguration:
      Did not match:
         - @ConditionalOnMissingBean (types: org.springframework.security.web.server.SecurityWebFilterChain; SearchStrategy: all) found beans of type 'org.springframework.security.web.server.SecurityWebFilterChain' securityWebFilterChain (OnBeanCondition)

   ReactiveOAuth2ResourceServerOpaqueTokenConfiguration.OpaqueTokenIntrospectionClientConfiguration#opaqueTokenIntrospector:
      Did not match:
         - @ConditionalOnProperty (spring.security.oauth2.resourceserver.opaquetoken.introspection-uri) did not find property 'spring.security.oauth2.resourceserver.opaquetoken.introspection-uri' (OnPropertyCondition)

   ReactiveOAuth2ResourceServerOpaqueTokenConfiguration.WebSecurityConfiguration:
      Did not match:
         - @ConditionalOnMissingBean (types: org.springframework.security.web.server.SecurityWebFilterChain; SearchStrategy: all) found beans of type 'org.springframework.security.web.server.SecurityWebFilterChain' securityWebFilterChain (OnBeanCondition)

   ReactiveSecurityAutoConfiguration.SpringBootWebFluxSecurityConfiguration#denyAllAuthenticationManager:
      Did not match:
         - @ConditionalOnMissingBean (types: org.springframework.security.authentication.ReactiveAuthenticationManager,org.springframework.security.core.userdetails.ReactiveUserDetailsService,org.springframework.security.web.server.SecurityWebFilterChain; SearchStrategy: all) found beans of type 'org.springframework.security.web.server.SecurityWebFilterChain' securityWebFilterChain (OnBeanCondition)

   ReactiveSecurityAutoConfiguration.SpringBootWebFluxSecurityConfiguration.EnableWebFluxSecurityConfiguration:
      Did not match:
         - @ConditionalOnMissingBean (types: org.springframework.security.web.server.WebFilterChainProxy; SearchStrategy: all) found beans of type 'org.springframework.security.web.server.WebFilterChainProxy' org.springframework.security.config.annotation.web.reactive.WebFluxSecurityConfiguration.WebFilterChainFilter (OnBeanCondition)

   ReactiveUserDetailsServiceAutoConfiguration:
      Did not match:
         - AnyNestedCondition 0 matched 3 did not; NestedCondition on ReactiveUserDetailsServiceAutoConfiguration.MissingAlternativeOrUserPropertiesConfigured.PasswordConfigured @ConditionalOnProperty (spring.security.user.password) did not find property 'password'; NestedCondition on ReactiveUserDetailsServiceAutoConfiguration.MissingAlternativeOrUserPropertiesConfigured.NameConfigured @ConditionalOnProperty (spring.security.user.name) did not find property 'name'; NestedCondition on ReactiveUserDetailsServiceAutoConfiguration.MissingAlternativeOrUserPropertiesConfigured.MissingAlternative @ConditionalOnMissingClass found unwanted class 'org.springframework.security.oauth2.server.resource.introspection.ReactiveOpaqueTokenIntrospector' (ReactiveUserDetailsServiceAutoConfiguration.MissingAlternativeOrUserPropertiesConfigured)
      Matched:
         - @ConditionalOnClass found required class 'org.springframework.security.authentication.ReactiveAuthenticationManager' (OnClassCondition)

   ReactiveWebServerFactoryAutoConfiguration#forwardedHeaderTransformer:
      Did not match:
         - @ConditionalOnProperty (server.forward-headers-strategy=framework) did not find property 'server.forward-headers-strategy' (OnPropertyCondition)

   ReactiveWebServerFactoryAutoConfiguration#tomcatReactiveWebServerFactoryCustomizer:
      Did not match:
         - @ConditionalOnClass did not find required class 'org.apache.catalina.startup.Tomcat' (OnClassCondition)

   ReactiveWebServerFactoryConfiguration.EmbeddedJetty:
      Did not match:
         - @ConditionalOnClass did not find required classes 'org.eclipse.jetty.server.Server', 'org.eclipse.jetty.ee10.servlet.ServletHolder' (OnClassCondition)

   ReactiveWebServerFactoryConfiguration.EmbeddedTomcat:
      Did not match:
         - @ConditionalOnClass did not find required class 'org.apache.catalina.startup.Tomcat' (OnClassCondition)

   ReactiveWebServerFactoryConfiguration.EmbeddedUndertow:
      Did not match:
         - @ConditionalOnClass did not find required class 'io.undertow.Undertow' (OnClassCondition)

   ReactorLoadBalancerClientAutoConfiguration#loadBalancerRetryPolicy:
      Did not match:
         - @ConditionalOnProperty (spring.cloud.loadbalancer.retry.enabled=true) did not find property 'spring.cloud.loadbalancer.retry.enabled' (OnPropertyCondition)

   ReactorLoadBalancerClientAutoConfiguration#retryableLoadBalancerExchangeFilterFunction:
      Did not match:
         - @ConditionalOnProperty (spring.cloud.loadbalancer.retry.enabled=true) did not find property 'spring.cloud.loadbalancer.retry.enabled' (OnPropertyCondition)

   RedisAutoConfiguration:
      Did not match:
         - @ConditionalOnClass did not find required class 'org.springframework.data.redis.core.RedisOperations' (OnClassCondition)

   RedisCacheConfiguration:
      Did not match:
         - @ConditionalOnClass did not find required class 'org.springframework.data.redis.connection.RedisConnectionFactory' (OnClassCondition)

   RedisReactiveAutoConfiguration:
      Did not match:
         - @ConditionalOnClass did not find required class 'org.springframework.data.redis.connection.ReactiveRedisConnectionFactory' (OnClassCondition)

   RedisRepositoriesAutoConfiguration:
      Did not match:
         - @ConditionalOnClass did not find required class 'org.springframework.data.redis.repository.configuration.EnableRedisRepositories' (OnClassCondition)

   RefreshAutoConfiguration#legacyContextRefresher:
      Did not match:
         - AnyNestedCondition 0 matched 3 did not; NestedCondition on ConditionalOnBootstrapEnabled.OnBootstrapEnabledCondition.OnBootstrapEnabled @ConditionalOnProperty (spring.cloud.bootstrap.enabled) did not find property 'spring.cloud.bootstrap.enabled'; NestedCondition on ConditionalOnBootstrapEnabled.OnBootstrapEnabledCondition.OnUseLegacyProcessingEnabled @ConditionalOnProperty (spring.config.use-legacy-processing) did not find property 'spring.config.use-legacy-processing'; NestedCondition on ConditionalOnBootstrapEnabled.OnBootstrapEnabledCondition.OnBootstrapMarkerClassPresent @ConditionalOnClass did not find required class 'org.springframework.cloud.bootstrap.marker.Marker' (ConditionalOnBootstrapEnabled.OnBootstrapEnabledCondition)

   RefreshEndpointAutoConfiguration:
      Did not match:
         - @ConditionalOnClass did not find required class 'org.springframework.boot.actuate.autoconfigure.endpoint.EndpointAutoConfiguration' (OnClassCondition)

   RepositoryRestMvcAutoConfiguration:
      Did not match:
         - @ConditionalOnClass did not find required class 'org.springframework.data.rest.webmvc.config.RepositoryRestMvcConfiguration' (OnClassCondition)

   ResourceServerTokenRelayAutoConfiguration:
      Did not match:
         - @ConditionalOnClass did not find required class 'org.springframework.web.servlet.config.annotation.WebMvcConfigurer' (OnClassCondition)

   RestClientAutoConfiguration:
      Did not match:
         - NoneNestedConditions 1 matched 0 did not; NestedCondition on NotReactiveWebApplicationCondition.ReactiveWebApplication found ConfigurableReactiveWebEnvironment (NotReactiveWebApplicationCondition)
      Matched:
         - @ConditionalOnClass found required class 'org.springframework.web.client.RestClient' (OnClassCondition)

   RestTemplateAutoConfiguration:
      Did not match:
         - NoneNestedConditions 1 matched 0 did not; NestedCondition on NotReactiveWebApplicationCondition.ReactiveWebApplication found ConfigurableReactiveWebEnvironment (NotReactiveWebApplicationCondition)
      Matched:
         - @ConditionalOnClass found required class 'org.springframework.web.client.RestTemplate' (OnClassCondition)

   Saml2RelyingPartyAutoConfiguration:
      Did not match:
         - @ConditionalOnClass did not find required class 'org.springframework.security.saml2.provider.service.registration.RelyingPartyRegistrationRepository' (OnClassCondition)

   SecurityDataConfiguration:
      Did not match:
         - @ConditionalOnClass did not find required class 'org.springframework.security.data.repository.query.SecurityEvaluationContextExtension' (OnClassCondition)

   SecurityFilterAutoConfiguration:
      Did not match:
         - not a servlet web application (OnWebApplicationCondition)
      Matched:
         - @ConditionalOnClass found required classes 'org.springframework.security.web.context.AbstractSecurityWebApplicationInitializer', 'org.springframework.security.config.http.SessionCreationPolicy' (OnClassCondition)

   SendGridAutoConfiguration:
      Did not match:
         - @ConditionalOnClass did not find required class 'com.sendgrid.SendGrid' (OnClassCondition)

   ServiceRegistryAutoConfiguration.ServiceRegistryEndpointConfiguration:
      Did not match:
         - @ConditionalOnClass did not find required class 'org.springframework.boot.actuate.endpoint.annotation.Endpoint' (OnClassCondition)

   ServletWebServerFactoryAutoConfiguration:
      Did not match:
         - @ConditionalOnClass did not find required class 'jakarta.servlet.ServletRequest' (OnClassCondition)

   SessionAutoConfiguration:
      Did not match:
         - @ConditionalOnClass did not find required class 'org.springframework.session.Session' (OnClassCondition)

   SimpleReactiveDiscoveryClientAutoConfiguration.HealthConfiguration:
      Did not match:
         - @ConditionalOnClass did not find required class 'org.springframework.boot.actuate.health.ReactiveHealthIndicator' (OnClassCondition)

   SimpleUrlHandlerMappingGlobalCorsAutoConfiguration:
      Did not match:
         - @ConditionalOnProperty (spring.cloud.gateway.globalcors.add-to-simple-url-handler-mapping) did not find property 'spring.cloud.gateway.globalcors.add-to-simple-url-handler-mapping' (OnPropertyCondition)
      Matched:
         - @ConditionalOnClass found required class 'org.springframework.web.reactive.handler.SimpleUrlHandlerMapping' (OnClassCondition)

   SpringApplicationAdminJmxAutoConfiguration:
      Did not match:
         - @ConditionalOnProperty (spring.application.admin.enabled=true) did not find property 'enabled' (OnPropertyCondition)

   SpringBootWebSecurityConfiguration:
      Did not match:
         - not a servlet web application (OnWebApplicationCondition)

   SpringDataWebAutoConfiguration:
      Did not match:
         - @ConditionalOnClass did not find required class 'org.springframework.data.web.PageableHandlerMethodArgumentResolver' (OnClassCondition)

   TaskExecutorConfigurations.SimpleAsyncTaskExecutorBuilderConfiguration#simpleAsyncTaskExecutorBuilderVirtualThreads:
      Did not match:
         - @ConditionalOnMissingBean (types: org.springframework.boot.task.SimpleAsyncTaskExecutorBuilder; SearchStrategy: all) found beans of type 'org.springframework.boot.task.SimpleAsyncTaskExecutorBuilder' simpleAsyncTaskExecutorBuilder (OnBeanCondition)

   TaskExecutorConfigurations.TaskExecutorConfiguration#applicationTaskExecutorVirtualThreads:
      Did not match:
         - @ConditionalOnThreading did not find VIRTUAL (OnThreadingCondition)

   TaskSchedulingAutoConfiguration#scheduledBeanLazyInitializationExcludeFilter:
      Did not match:
         - @ConditionalOnBean (names: org.springframework.context.annotation.internalScheduledAnnotationProcessor; SearchStrategy: all) did not find any beans named org.springframework.context.annotation.internalScheduledAnnotationProcessor (OnBeanCondition)

   TaskSchedulingConfigurations.SimpleAsyncTaskSchedulerBuilderConfiguration#simpleAsyncTaskSchedulerBuilderVirtualThreads:
      Did not match:
         - @ConditionalOnMissingBean (types: org.springframework.boot.task.SimpleAsyncTaskSchedulerBuilder; SearchStrategy: all) found beans of type 'org.springframework.boot.task.SimpleAsyncTaskSchedulerBuilder' simpleAsyncTaskSchedulerBuilder (OnBeanCondition)

   TaskSchedulingConfigurations.TaskSchedulerConfiguration:
      Did not match:
         - @ConditionalOnBean (names: org.springframework.context.annotation.internalScheduledAnnotationProcessor; SearchStrategy: all) did not find any beans named org.springframework.context.annotation.internalScheduledAnnotationProcessor (OnBeanCondition)

   ThymeleafAutoConfiguration:
      Did not match:
         - @ConditionalOnClass did not find required class 'org.thymeleaf.spring6.SpringTemplateEngine' (OnClassCondition)

   TransactionAutoConfiguration:
      Did not match:
         - @ConditionalOnClass did not find required class 'org.springframework.transaction.PlatformTransactionManager' (OnClassCondition)

   TransactionManagerCustomizationAutoConfiguration:
      Did not match:
         - @ConditionalOnClass did not find required class 'org.springframework.transaction.PlatformTransactionManager' (OnClassCondition)

   UserDetailsServiceAutoConfiguration:
      Did not match:
         - not a servlet web application (OnWebApplicationCondition)
      Matched:
         - @ConditionalOnClass found required class 'org.springframework.security.authentication.AuthenticationManager' (OnClassCondition)

   WebFluxAutoConfiguration#hiddenHttpMethodFilter:
      Did not match:
         - @ConditionalOnProperty (spring.webflux.hiddenmethod.filter.enabled) found different value in property 'enabled' (OnPropertyCondition)

   WebFluxAutoConfiguration.ProblemDetailsErrorHandlingConfiguration:
      Did not match:
         - @ConditionalOnProperty (spring.webflux.problemdetails.enabled=true) did not find property 'enabled' (OnPropertyCondition)

   WebFluxAutoConfiguration.ResourceChainCustomizerConfiguration:
      Did not match:
         - @ConditionalOnEnabledResourceChain did not find class org.webjars.WebJarVersionLocator (OnEnabledResourceChainCondition)

   WebMvcAutoConfiguration:
      Did not match:
         - @ConditionalOnClass did not find required class 'jakarta.servlet.Servlet' (OnClassCondition)

   WebServiceTemplateAutoConfiguration:
      Did not match:
         - @ConditionalOnClass did not find required class 'org.springframework.oxm.Marshaller' (OnClassCondition)

   WebServicesAutoConfiguration:
      Did not match:
         - @ConditionalOnClass did not find required class 'org.springframework.ws.transport.http.MessageDispatcherServlet' (OnClassCondition)

   WebSocketMessagingAutoConfiguration:
      Did not match:
         - @ConditionalOnClass did not find required class 'org.springframework.web.socket.config.annotation.WebSocketMessageBrokerConfigurer' (OnClassCondition)

   WebSocketReactiveAutoConfiguration:
      Did not match:
         - @ConditionalOnClass did not find required class 'jakarta.servlet.Servlet' (OnClassCondition)

   WebSocketServletAutoConfiguration:
      Did not match:
         - @ConditionalOnClass did not find required class 'jakarta.servlet.Servlet' (OnClassCondition)

   WritableEnvironmentEndpointAutoConfiguration:
      Did not match:
         - @ConditionalOnClass did not find required class 'org.springframework.boot.actuate.autoconfigure.env.EnvironmentEndpointProperties' (OnClassCondition)

   XADataSourceAutoConfiguration:
      Did not match:
         - @ConditionalOnClass did not find required class 'jakarta.transaction.TransactionManager' (OnClassCondition)


Exclusions:
-----------

    None


Unconditional classes:
----------------------

    org.springframework.boot.autoconfigure.context.ConfigurationPropertiesAutoConfiguration

    org.springframework.cloud.client.ReactiveCommonsClientAutoConfiguration

    org.springframework.boot.autoconfigure.ssl.SslAutoConfiguration

    org.springframework.boot.autoconfigure.context.PropertyPlaceholderAutoConfiguration

    org.springframework.cloud.client.discovery.simple.SimpleDiscoveryClientAutoConfiguration

    org.springframework.boot.autoconfigure.context.LifecycleAutoConfiguration

    org.springframework.cloud.client.CommonsClientAutoConfiguration

    org.springframework.cloud.commons.config.CommonsConfigAutoConfiguration

    org.springframework.cloud.netflix.eureka.config.DiscoveryClientOptionalArgsConfiguration

    org.springframework.cloud.client.loadbalancer.LoadBalancerDefaultMappingsProviderAutoConfiguration

    org.springframework.cloud.client.discovery.composite.CompositeDiscoveryClientAutoConfiguration

    org.springframework.cloud.client.serviceregistry.ServiceRegistryAutoConfiguration

    org.springframework.cloud.autoconfigure.LifecycleMvcEndpointAutoConfiguration

    org.springframework.boot.autoconfigure.availability.ApplicationAvailabilityAutoConfiguration

    org.springframework.boot.autoconfigure.info.ProjectInfoAutoConfiguration



2025-04-26T22:20:21.347+02:00 TRACE 13448 --- [api-gateway] [    Test worker] o.s.b.f.s.DefaultListableBeanFactory     : Returning cached instance of singleton bean 'customRouteLocator'
2025-04-26T22:20:21.347+02:00 TRACE 13448 --- [api-gateway] [    Test worker] o.s.b.f.s.DefaultListableBeanFactory     : Returning cached instance of singleton bean 'routeDefinitionRouteLocator'
2025-04-26T22:20:21.347+02:00 TRACE 13448 --- [api-gateway] [    Test worker] o.s.b.f.s.DefaultListableBeanFactory     : Returning cached instance of singleton bean 'cachedCompositeRouteLocator'
2025-04-26T22:20:21.349+02:00 TRACE 13448 --- [api-gateway] [    Test worker] o.s.b.f.s.DefaultListableBeanFactory     : Returning cached instance of singleton bean 'routePredicateHandlerMapping'
2025-04-26T22:20:21.349+02:00 TRACE 13448 --- [api-gateway] [    Test worker] o.s.b.f.s.DefaultListableBeanFactory     : Returning cached instance of singleton bean 'requestMappingHandlerMapping'
2025-04-26T22:20:21.349+02:00 TRACE 13448 --- [api-gateway] [    Test worker] o.s.b.f.s.DefaultListableBeanFactory     : Returning cached instance of singleton bean 'routerFunctionMapping'
2025-04-26T22:20:21.349+02:00 TRACE 13448 --- [api-gateway] [    Test worker] o.s.b.f.s.DefaultListableBeanFactory     : Returning cached instance of singleton bean 'resourceHandlerMapping'
2025-04-26T22:20:21.349+02:00 TRACE 13448 --- [api-gateway] [    Test worker] o.s.b.f.s.DefaultListableBeanFactory     : Returning cached instance of singleton bean 'welcomePageRouterFunctionMapping'
2025-04-26T22:20:21.358+02:00  INFO 13448 --- [api-gateway] [    Test worker] c.p.a.ApiGatewayApplicationTests         : Started ApiGatewayApplicationTests in 4.692 seconds (process running for 6.205)
2025-04-26T22:20:21.358+02:00 TRACE 13448 --- [api-gateway] [    Test worker] o.s.b.f.s.DefaultListableBeanFactory     : Returning cached instance of singleton bean 'routeRefreshListener'
2025-04-26T22:20:21.358+02:00 TRACE 13448 --- [api-gateway] [    Test worker] o.s.b.f.s.DefaultListableBeanFactory     : Returning cached instance of singleton bean 'weightCalculatorWebFilter'
2025-04-26T22:20:21.358+02:00 TRACE 13448 --- [api-gateway] [    Test worker] o.s.b.f.s.DefaultListableBeanFactory     : Returning cached instance of singleton bean 'refreshEventListener'
2025-04-26T22:20:21.358+02:00 TRACE 13448 --- [api-gateway] [    Test worker] o.s.b.f.s.DefaultListableBeanFactory     : Returning cached instance of singleton bean 'eurekaAutoServiceRegistration'
2025-04-26T22:20:21.359+02:00 TRACE 13448 --- [api-gateway] [    Test worker] o.s.b.f.s.DefaultListableBeanFactory     : Returning cached instance of singleton bean 'routeRefreshListener'
2025-04-26T22:20:21.359+02:00 TRACE 13448 --- [api-gateway] [    Test worker] o.s.b.f.s.DefaultListableBeanFactory     : Returning cached instance of singleton bean 'weightCalculatorWebFilter'
2025-04-26T22:20:21.359+02:00 TRACE 13448 --- [api-gateway] [    Test worker] o.s.b.f.s.DefaultListableBeanFactory     : Returning cached instance of singleton bean 'applicationAvailability'
2025-04-26T22:20:21.359+02:00 TRACE 13448 --- [api-gateway] [    Test worker] o.s.b.f.s.DefaultListableBeanFactory     : Returning cached instance of singleton bean 'refreshEventListener'
2025-04-26T22:20:21.359+02:00 TRACE 13448 --- [api-gateway] [    Test worker] o.s.b.f.s.DefaultListableBeanFactory     : Returning cached instance of singleton bean 'eurekaAutoServiceRegistration'
2025-04-26T22:20:21.360+02:00 DEBUG 13448 --- [api-gateway] [    Test worker] o.s.b.a.ApplicationAvailabilityBean      : Application availability state LivenessState changed to CORRECT
2025-04-26T22:20:21.362+02:00 TRACE 13448 --- [api-gateway] [    Test worker] o.s.b.f.s.DefaultListableBeanFactory     : Returning cached instance of singleton bean 'loadBalancerEagerContextInitializer'
2025-04-26T22:20:21.362+02:00 TRACE 13448 --- [api-gateway] [    Test worker] o.s.b.f.s.DefaultListableBeanFactory     : Returning cached instance of singleton bean 'routeRefreshListener'
2025-04-26T22:20:21.362+02:00 TRACE 13448 --- [api-gateway] [    Test worker] o.s.b.f.s.DefaultListableBeanFactory     : Returning cached instance of singleton bean 'weightCalculatorWebFilter'
2025-04-26T22:20:21.362+02:00 TRACE 13448 --- [api-gateway] [    Test worker] o.s.b.f.s.DefaultListableBeanFactory     : Returning cached instance of singleton bean 'refreshEventListener'
2025-04-26T22:20:21.362+02:00 TRACE 13448 --- [api-gateway] [    Test worker] o.s.b.f.s.DefaultListableBeanFactory     : Returning cached instance of singleton bean 'eurekaAutoServiceRegistration'
2025-04-26T22:20:21.362+02:00 TRACE 13448 --- [api-gateway] [    Test worker] o.s.b.f.s.DefaultListableBeanFactory     : Returning cached instance of singleton bean 'routeRefreshListener'
2025-04-26T22:20:21.362+02:00 TRACE 13448 --- [api-gateway] [    Test worker] o.s.b.f.s.DefaultListableBeanFactory     : Returning cached instance of singleton bean 'weightCalculatorWebFilter'
2025-04-26T22:20:21.362+02:00 TRACE 13448 --- [api-gateway] [    Test worker] o.s.b.f.s.DefaultListableBeanFactory     : Returning cached instance of singleton bean 'applicationAvailability'
2025-04-26T22:20:21.362+02:00 TRACE 13448 --- [api-gateway] [    Test worker] o.s.b.f.s.DefaultListableBeanFactory     : Returning cached instance of singleton bean 'refreshEventListener'
2025-04-26T22:20:21.362+02:00 TRACE 13448 --- [api-gateway] [    Test worker] o.s.b.f.s.DefaultListableBeanFactory     : Returning cached instance of singleton bean 'eurekaAutoServiceRegistration'
2025-04-26T22:20:21.363+02:00 DEBUG 13448 --- [api-gateway] [    Test worker] o.s.b.a.ApplicationAvailabilityBean      : Application availability state ReadinessState changed to ACCEPTING_TRAFFIC
2025-04-26T22:20:21.364+02:00 TRACE 13448 --- [api-gateway] [    Test worker] c.DefaultCacheAwareContextLoaderDelegate : Storing ApplicationContext [2044150758] in cache under key [ReactiveWebMergedContextConfiguration@6cd6698b testClass = com.pibbletv.api_gateway.ApiGatewayApplicationTests, locations = [], classes = [com.pibbletv.api_gateway.ApiGatewayApplication], contextInitializerClasses = [], activeProfiles = [], propertySourceDescriptors = [], propertySourceProperties = ["org.springframework.boot.test.context.SpringBootTestContextBootstrapper=true"], contextCustomizers = [org.springframework.boot.test.autoconfigure.OnFailureConditionReportContextCustomizerFactory$OnFailureConditionReportContextCustomizer@e98770d, org.springframework.boot.test.autoconfigure.actuate.observability.ObservabilityContextCustomizerFactory$DisableObservabilityContextCustomizer@1f, org.springframework.boot.test.autoconfigure.properties.PropertyMappingContextCustomizer@0, org.springframework.boot.test.autoconfigure.web.servlet.WebDriverContextCustomizer@3b2c0e88, org.springframework.boot.test.context.filter.ExcludeFilterContextCustomizer@655f7ea, org.springframework.boot.test.json.DuplicateJsonObjectContextCustomizerFactory$DuplicateJsonObjectContextCustomizer@20a14b55, org.springframework.boot.test.mock.mockito.MockitoContextCustomizer@0, org.springframework.boot.test.web.client.TestRestTemplateContextCustomizer@6035b93b, org.springframework.boot.test.web.reactive.server.WebTestClientContextCustomizer@58fe0499, org.springframework.boot.test.web.reactor.netty.DisableReactorResourceFactoryGlobalResourcesContextCustomizerFactory$DisableReactorResourceFactoryGlobalResourcesContextCustomizerCustomizer@72758afa, org.springframework.test.context.support.DynamicPropertiesContextCustomizer@0, org.springframework.boot.test.context.SpringBootTestAnnotation@53156849], contextLoader = org.springframework.boot.test.context.SpringBootContextLoader, parent = null]
2025-04-26T22:20:21.364+02:00 DEBUG 13448 --- [api-gateway] [    Test worker] org.springframework.test.context.cache   : Spring test ApplicationContext cache statistics: [DefaultContextCache@5ac7550a size = 1, maxSize = 32, parentContextCount = 0, hitCount = 0, missCount = 1, failureCount = 0]
2025-04-26T22:20:21.366+02:00 TRACE 13448 --- [api-gateway] [    Test worker] c.DefaultCacheAwareContextLoaderDelegate : Retrieved ApplicationContext [2044150758] from cache with key [ReactiveWebMergedContextConfiguration@6cd6698b testClass = com.pibbletv.api_gateway.ApiGatewayApplicationTests, locations = [], classes = [com.pibbletv.api_gateway.ApiGatewayApplication], contextInitializerClasses = [], activeProfiles = [], propertySourceDescriptors = [], propertySourceProperties = ["org.springframework.boot.test.context.SpringBootTestContextBootstrapper=true"], contextCustomizers = [org.springframework.boot.test.autoconfigure.OnFailureConditionReportContextCustomizerFactory$OnFailureConditionReportContextCustomizer@e98770d, org.springframework.boot.test.autoconfigure.actuate.observability.ObservabilityContextCustomizerFactory$DisableObservabilityContextCustomizer@1f, org.springframework.boot.test.autoconfigure.properties.PropertyMappingContextCustomizer@0, org.springframework.boot.test.autoconfigure.web.servlet.WebDriverContextCustomizer@3b2c0e88, org.springframework.boot.test.context.filter.ExcludeFilterContextCustomizer@655f7ea, org.springframework.boot.test.json.DuplicateJsonObjectContextCustomizerFactory$DuplicateJsonObjectContextCustomizer@20a14b55, org.springframework.boot.test.mock.mockito.MockitoContextCustomizer@0, org.springframework.boot.test.web.client.TestRestTemplateContextCustomizer@6035b93b, org.springframework.boot.test.web.reactive.server.WebTestClientContextCustomizer@58fe0499, org.springframework.boot.test.web.reactor.netty.DisableReactorResourceFactoryGlobalResourcesContextCustomizerFactory$DisableReactorResourceFactoryGlobalResourcesContextCustomizerCustomizer@72758afa, org.springframework.test.context.support.DynamicPropertiesContextCustomizer@0, org.springframework.boot.test.context.SpringBootTestAnnotation@53156849], contextLoader = org.springframework.boot.test.context.SpringBootContextLoader, parent = null]
2025-04-26T22:20:21.366+02:00 DEBUG 13448 --- [api-gateway] [    Test worker] org.springframework.test.context.cache   : Spring test ApplicationContext cache statistics: [DefaultContextCache@5ac7550a size = 1, maxSize = 32, parentContextCount = 0, hitCount = 1, missCount = 1, failureCount = 0]
2025-04-26T22:20:21.366+02:00 TRACE 13448 --- [api-gateway] [    Test worker] o.s.b.f.s.DefaultListableBeanFactory     : Returning cached instance of singleton bean 'routeRefreshListener'
2025-04-26T22:20:21.366+02:00 TRACE 13448 --- [api-gateway] [    Test worker] o.s.b.f.s.DefaultListableBeanFactory     : Returning cached instance of singleton bean 'weightCalculatorWebFilter'
2025-04-26T22:20:21.366+02:00 TRACE 13448 --- [api-gateway] [    Test worker] o.s.b.f.s.DefaultListableBeanFactory     : Returning cached instance of singleton bean 'refreshEventListener'
2025-04-26T22:20:21.366+02:00 TRACE 13448 --- [api-gateway] [    Test worker] o.s.b.f.s.DefaultListableBeanFactory     : Returning cached instance of singleton bean 'eurekaAutoServiceRegistration'
2025-04-26T22:20:21.369+02:00 TRACE 13448 --- [api-gateway] [    Test worker] o.s.test.context.TestContextManager      : beforeTestMethod(): instance [com.pibbletv.api_gateway.ApiGatewayApplicationTests@12765ebd], method [void com.pibbletv.api_gateway.ApiGatewayApplicationTests.contextLoads()]
2025-04-26T22:20:21.370+02:00 TRACE 13448 --- [api-gateway] [    Test worker] sContextBeforeModesTestExecutionListener : Before test method: context [DefaultTestContext@2336d3f testClass = com.pibbletv.api_gateway.ApiGatewayApplicationTests, testInstance = com.pibbletv.api_gateway.ApiGatewayApplicationTests@12765ebd, testMethod = contextLoads(), testException = null, mergedContextConfiguration = [ReactiveWebMergedContextConfiguration@6cd6698b testClass = com.pibbletv.api_gateway.ApiGatewayApplicationTests, locations = [], classes = [com.pibbletv.api_gateway.ApiGatewayApplication], contextInitializerClasses = [], activeProfiles = [], propertySourceDescriptors = [], propertySourceProperties = ["org.springframework.boot.test.context.SpringBootTestContextBootstrapper=true"], contextCustomizers = [org.springframework.boot.test.autoconfigure.OnFailureConditionReportContextCustomizerFactory$OnFailureConditionReportContextCustomizer@e98770d, org.springframework.boot.test.autoconfigure.actuate.observability.ObservabilityContextCustomizerFactory$DisableObservabilityContextCustomizer@1f, org.springframework.boot.test.autoconfigure.properties.PropertyMappingContextCustomizer@0, org.springframework.boot.test.autoconfigure.web.servlet.WebDriverContextCustomizer@3b2c0e88, org.springframework.boot.test.context.filter.ExcludeFilterContextCustomizer@655f7ea, org.springframework.boot.test.json.DuplicateJsonObjectContextCustomizerFactory$DuplicateJsonObjectContextCustomizer@20a14b55, org.springframework.boot.test.mock.mockito.MockitoContextCustomizer@0, org.springframework.boot.test.web.client.TestRestTemplateContextCustomizer@6035b93b, org.springframework.boot.test.web.reactive.server.WebTestClientContextCustomizer@58fe0499, org.springframework.boot.test.web.reactor.netty.DisableReactorResourceFactoryGlobalResourcesContextCustomizerFactory$DisableReactorResourceFactoryGlobalResourcesContextCustomizerCustomizer@72758afa, org.springframework.test.context.support.DynamicPropertiesContextCustomizer@0, org.springframework.boot.test.context.SpringBootTestAnnotation@53156849], contextLoader = org.springframework.boot.test.context.SpringBootContextLoader, parent = null], attributes = {"org.springframework.test.context.event.ApplicationEventsTestExecutionListener.recordApplicationEvents" -> false}], class annotated with @DirtiesContext [false] with mode [null], method annotated with @DirtiesContext [false] with mode [null]
2025-04-26T22:20:21.371+02:00 TRACE 13448 --- [api-gateway] [    Test worker] c.DefaultCacheAwareContextLoaderDelegate : Retrieved ApplicationContext [2044150758] from cache with key [ReactiveWebMergedContextConfiguration@6cd6698b testClass = com.pibbletv.api_gateway.ApiGatewayApplicationTests, locations = [], classes = [com.pibbletv.api_gateway.ApiGatewayApplication], contextInitializerClasses = [], activeProfiles = [], propertySourceDescriptors = [], propertySourceProperties = ["org.springframework.boot.test.context.SpringBootTestContextBootstrapper=true"], contextCustomizers = [org.springframework.boot.test.autoconfigure.OnFailureConditionReportContextCustomizerFactory$OnFailureConditionReportContextCustomizer@e98770d, org.springframework.boot.test.autoconfigure.actuate.observability.ObservabilityContextCustomizerFactory$DisableObservabilityContextCustomizer@1f, org.springframework.boot.test.autoconfigure.properties.PropertyMappingContextCustomizer@0, org.springframework.boot.test.autoconfigure.web.servlet.WebDriverContextCustomizer@3b2c0e88, org.springframework.boot.test.context.filter.ExcludeFilterContextCustomizer@655f7ea, org.springframework.boot.test.json.DuplicateJsonObjectContextCustomizerFactory$DuplicateJsonObjectContextCustomizer@20a14b55, org.springframework.boot.test.mock.mockito.MockitoContextCustomizer@0, org.springframework.boot.test.web.client.TestRestTemplateContextCustomizer@6035b93b, org.springframework.boot.test.web.reactive.server.WebTestClientContextCustomizer@58fe0499, org.springframework.boot.test.web.reactor.netty.DisableReactorResourceFactoryGlobalResourcesContextCustomizerFactory$DisableReactorResourceFactoryGlobalResourcesContextCustomizerCustomizer@72758afa, org.springframework.test.context.support.DynamicPropertiesContextCustomizer@0, org.springframework.boot.test.context.SpringBootTestAnnotation@53156849], contextLoader = org.springframework.boot.test.context.SpringBootContextLoader, parent = null]
2025-04-26T22:20:21.371+02:00 DEBUG 13448 --- [api-gateway] [    Test worker] org.springframework.test.context.cache   : Spring test ApplicationContext cache statistics: [DefaultContextCache@5ac7550a size = 1, maxSize = 32, parentContextCount = 0, hitCount = 2, missCount = 1, failureCount = 0]
2025-04-26T22:20:21.371+02:00 TRACE 13448 --- [api-gateway] [    Test worker] o.s.b.f.s.DefaultListableBeanFactory     : Returning cached instance of singleton bean 'routeRefreshListener'
2025-04-26T22:20:21.371+02:00 TRACE 13448 --- [api-gateway] [    Test worker] o.s.b.f.s.DefaultListableBeanFactory     : Returning cached instance of singleton bean 'weightCalculatorWebFilter'
2025-04-26T22:20:21.371+02:00 TRACE 13448 --- [api-gateway] [    Test worker] o.s.b.f.s.DefaultListableBeanFactory     : Returning cached instance of singleton bean 'refreshEventListener'
2025-04-26T22:20:21.371+02:00 TRACE 13448 --- [api-gateway] [    Test worker] o.s.b.f.s.DefaultListableBeanFactory     : Returning cached instance of singleton bean 'eurekaAutoServiceRegistration'
2025-04-26T22:20:21.371+02:00 TRACE 13448 --- [api-gateway] [    Test worker] c.DefaultCacheAwareContextLoaderDelegate : Retrieved ApplicationContext [2044150758] from cache with key [ReactiveWebMergedContextConfiguration@6cd6698b testClass = com.pibbletv.api_gateway.ApiGatewayApplicationTests, locations = [], classes = [com.pibbletv.api_gateway.ApiGatewayApplication], contextInitializerClasses = [], activeProfiles = [], propertySourceDescriptors = [], propertySourceProperties = ["org.springframework.boot.test.context.SpringBootTestContextBootstrapper=true"], contextCustomizers = [org.springframework.boot.test.autoconfigure.OnFailureConditionReportContextCustomizerFactory$OnFailureConditionReportContextCustomizer@e98770d, org.springframework.boot.test.autoconfigure.actuate.observability.ObservabilityContextCustomizerFactory$DisableObservabilityContextCustomizer@1f, org.springframework.boot.test.autoconfigure.properties.PropertyMappingContextCustomizer@0, org.springframework.boot.test.autoconfigure.web.servlet.WebDriverContextCustomizer@3b2c0e88, org.springframework.boot.test.context.filter.ExcludeFilterContextCustomizer@655f7ea, org.springframework.boot.test.json.DuplicateJsonObjectContextCustomizerFactory$DuplicateJsonObjectContextCustomizer@20a14b55, org.springframework.boot.test.mock.mockito.MockitoContextCustomizer@0, org.springframework.boot.test.web.client.TestRestTemplateContextCustomizer@6035b93b, org.springframework.boot.test.web.reactive.server.WebTestClientContextCustomizer@58fe0499, org.springframework.boot.test.web.reactor.netty.DisableReactorResourceFactoryGlobalResourcesContextCustomizerFactory$DisableReactorResourceFactoryGlobalResourcesContextCustomizerCustomizer@72758afa, org.springframework.test.context.support.DynamicPropertiesContextCustomizer@0, org.springframework.boot.test.context.SpringBootTestAnnotation@53156849], contextLoader = org.springframework.boot.test.context.SpringBootContextLoader, parent = null]
2025-04-26T22:20:21.371+02:00 DEBUG 13448 --- [api-gateway] [    Test worker] org.springframework.test.context.cache   : Spring test ApplicationContext cache statistics: [DefaultContextCache@5ac7550a size = 1, maxSize = 32, parentContextCount = 0, hitCount = 3, missCount = 1, failureCount = 0]
2025-04-26T22:20:21.372+02:00 TRACE 13448 --- [api-gateway] [    Test worker] o.s.b.f.s.DefaultListableBeanFactory     : Returning cached instance of singleton bean 'org.springframework.boot.test.mock.mockito.MockitoPostProcessor$SpyPostProcessor'
2025-04-26T22:20:22.179+02:00 TRACE 13448 --- [api-gateway] [    Test worker] o.s.b.f.s.DefaultListableBeanFactory     : Returning cached instance of singleton bean 'org.springframework.boot.test.mock.mockito.MockitoPostProcessor'
2025-04-26T22:20:22.179+02:00 TRACE 13448 --- [api-gateway] [    Test worker] o.s.b.f.s.DefaultListableBeanFactory     : Returning cached instance of singleton bean 'org.springframework.test.context.support.internalDynamicPropertyRegistrarBeanInitializer'
2025-04-26T22:20:22.179+02:00 TRACE 13448 --- [api-gateway] [    Test worker] o.s.b.f.s.DefaultListableBeanFactory     : Returning cached instance of singleton bean 'org.springframework.context.annotation.internalConfigurationAnnotationProcessor'
2025-04-26T22:20:22.179+02:00 TRACE 13448 --- [api-gateway] [    Test worker] o.s.b.f.s.DefaultListableBeanFactory     : Returning cached instance of singleton bean 'org.springframework.context.annotation.internalAutowiredAnnotationProcessor'
2025-04-26T22:20:22.179+02:00 TRACE 13448 --- [api-gateway] [    Test worker] o.s.b.f.s.DefaultListableBeanFactory     : Returning cached instance of singleton bean 'org.springframework.context.annotation.internalCommonAnnotationProcessor'
2025-04-26T22:20:22.179+02:00 TRACE 13448 --- [api-gateway] [    Test worker] o.s.b.f.s.DefaultListableBeanFactory     : Returning cached instance of singleton bean 'org.springframework.context.event.internalEventListenerProcessor'
2025-04-26T22:20:22.179+02:00 TRACE 13448 --- [api-gateway] [    Test worker] o.s.b.f.s.DefaultListableBeanFactory     : Returning cached instance of singleton bean 'org.springframework.context.event.internalEventListenerFactory'
2025-04-26T22:20:22.179+02:00 TRACE 13448 --- [api-gateway] [    Test worker] o.s.b.f.s.DefaultListableBeanFactory     : Returning cached instance of singleton bean 'apiGatewayApplication'
2025-04-26T22:20:22.180+02:00 TRACE 13448 --- [api-gateway] [    Test worker] o.s.b.f.s.DefaultListableBeanFactory     : Returning cached instance of singleton bean 'org.springframework.boot.autoconfigure.internalCachingMetadataReaderFactory'
2025-04-26T22:20:22.180+02:00 TRACE 13448 --- [api-gateway] [    Test worker] o.s.b.f.s.DefaultListableBeanFactory     : Returning cached instance of singleton bean 'org.springframework.boot.autoconfigure.internalCachingMetadataReaderFactory'
2025-04-26T22:20:22.180+02:00 TRACE 13448 --- [api-gateway] [    Test worker] o.s.b.f.s.DefaultListableBeanFactory     : Returning cached instance of singleton bean 'gatewayConfig'
2025-04-26T22:20:22.180+02:00 TRACE 13448 --- [api-gateway] [    Test worker] o.s.b.f.s.DefaultListableBeanFactory     : Returning cached instance of singleton bean 'securityConfig'
2025-04-26T22:20:22.180+02:00 TRACE 13448 --- [api-gateway] [    Test worker] o.s.b.f.s.DefaultListableBeanFactory     : Returning cached instance of singleton bean 'customRouteLocator'
2025-04-26T22:20:22.180+02:00 TRACE 13448 --- [api-gateway] [    Test worker] o.s.b.f.s.DefaultListableBeanFactory     : Returning cached instance of singleton bean 'org.springframework.security.config.annotation.web.reactive.ServerHttpSecurityConfiguration'
2025-04-26T22:20:22.180+02:00 TRACE 13448 --- [api-gateway] [    Test worker] o.s.b.f.s.DefaultListableBeanFactory     : Returning cached instance of singleton bean 'authenticationPrincipalArgumentResolverConfigurer'
2025-04-26T22:20:22.180+02:00 TRACE 13448 --- [api-gateway] [    Test worker] o.s.b.f.s.DefaultListableBeanFactory     : Returning cached instance of singleton bean 'authenticationPrincipalArgumentResolver'
2025-04-26T22:20:22.180+02:00 TRACE 13448 --- [api-gateway] [    Test worker] o.s.b.f.s.DefaultListableBeanFactory     : Returning cached instance of singleton bean 'reactiveCurrentSecurityContextArgumentResolver'
2025-04-26T22:20:22.180+02:00 TRACE 13448 --- [api-gateway] [    Test worker] o.s.b.f.s.DefaultListableBeanFactory     : Returning cached instance of singleton bean 'org.springframework.security.config.annotation.web.reactive.WebFluxSecurityConfiguration'
2025-04-26T22:20:22.180+02:00 TRACE 13448 --- [api-gateway] [    Test worker] o.s.b.f.s.DefaultListableBeanFactory     : Returning cached instance of singleton bean 'org.springframework.security.config.annotation.web.reactive.WebFluxSecurityConfiguration.WebFilterChainFilter'
2025-04-26T22:20:22.180+02:00 TRACE 13448 --- [api-gateway] [    Test worker] o.s.b.f.s.DefaultListableBeanFactory     : Returning cached instance of singleton bean 'requestDataValueProcessor'
2025-04-26T22:20:22.180+02:00 TRACE 13448 --- [api-gateway] [    Test worker] o.s.b.f.s.DefaultListableBeanFactory     : Returning cached instance of singleton bean 'conversionServicePostProcessor'
2025-04-26T22:20:22.180+02:00 TRACE 13448 --- [api-gateway] [    Test worker] o.s.b.f.s.DefaultListableBeanFactory     : Returning cached instance of singleton bean 'org.springframework.security.config.annotation.web.reactive.ReactiveObservationConfiguration'
2025-04-26T22:20:22.180+02:00 TRACE 13448 --- [api-gateway] [    Test worker] o.s.b.f.s.DefaultListableBeanFactory     : Returning cached instance of singleton bean 'webAuthorizationManagerPostProcessor'
2025-04-26T22:20:22.180+02:00 TRACE 13448 --- [api-gateway] [    Test worker] o.s.b.f.s.DefaultListableBeanFactory     : Returning cached instance of singleton bean 'reactiveAuthenticationManagerPostProcessor'
2025-04-26T22:20:22.180+02:00 TRACE 13448 --- [api-gateway] [    Test worker] o.s.b.f.s.DefaultListableBeanFactory     : Returning cached instance of singleton bean 'filterChainDecoratorPostProcessor'
2025-04-26T22:20:22.180+02:00 TRACE 13448 --- [api-gateway] [    Test worker] o.s.b.f.s.DefaultListableBeanFactory     : Returning cached instance of singleton bean '_prePostMethodSecurityConfiguration'
2025-04-26T22:20:22.180+02:00 TRACE 13448 --- [api-gateway] [    Test worker] o.s.b.f.s.DefaultListableBeanFactory     : Returning cached instance of singleton bean 'preFilterAuthorizationMethodInterceptor'
2025-04-26T22:20:22.180+02:00 TRACE 13448 --- [api-gateway] [    Test worker] o.s.b.f.s.DefaultListableBeanFactory     : Returning cached instance of singleton bean 'preAuthorizeAuthorizationMethodInterceptor'
2025-04-26T22:20:22.180+02:00 TRACE 13448 --- [api-gateway] [    Test worker] o.s.b.f.s.DefaultListableBeanFactory     : Returning cached instance of singleton bean 'postAuthorizeAuthorizationMethodInterceptor'
2025-04-26T22:20:22.180+02:00 TRACE 13448 --- [api-gateway] [    Test worker] o.s.b.f.s.DefaultListableBeanFactory     : Returning cached instance of singleton bean 'postFilterAuthorizationMethodInterceptor'
2025-04-26T22:20:22.180+02:00 TRACE 13448 --- [api-gateway] [    Test worker] o.s.b.f.s.DefaultListableBeanFactory     : Returning cached instance of singleton bean 'prePostAuthorizeExpressionHintsRegistrar'
2025-04-26T22:20:22.180+02:00 TRACE 13448 --- [api-gateway] [    Test worker] o.s.b.f.s.DefaultListableBeanFactory     : Returning cached instance of singleton bean '_jsr250MethodSecurityConfiguration'
2025-04-26T22:20:22.180+02:00 TRACE 13448 --- [api-gateway] [    Test worker] o.s.b.f.s.DefaultListableBeanFactory     : Returning cached instance of singleton bean 'jsr250AuthorizationMethodInterceptor'
2025-04-26T22:20:22.180+02:00 TRACE 13448 --- [api-gateway] [    Test worker] o.s.b.f.s.DefaultListableBeanFactory     : Returning cached instance of singleton bean 'org.springframework.security.config.annotation.method.configuration.AuthorizationProxyConfiguration'
2025-04-26T22:20:22.180+02:00 TRACE 13448 --- [api-gateway] [    Test worker] o.s.b.f.s.DefaultListableBeanFactory     : Returning cached instance of singleton bean 'authorizationProxyFactory'
2025-04-26T22:20:22.183+02:00 TRACE 13448 --- [api-gateway] [    Test worker] o.s.b.f.s.DefaultListableBeanFactory     : Returning cached instance of singleton bean 'authorizeReturnObjectMethodInterceptor'
2025-04-26T22:20:22.183+02:00 TRACE 13448 --- [api-gateway] [    Test worker] o.s.b.f.s.DefaultListableBeanFactory     : Returning cached instance of singleton bean 'authorizeReturnObjectHintsRegistrar'
2025-04-26T22:20:22.183+02:00 TRACE 13448 --- [api-gateway] [    Test worker] o.s.b.f.s.DefaultListableBeanFactory     : Returning cached instance of singleton bean 'org.springframework.security.config.annotation.method.configuration.MethodObservationConfiguration'
2025-04-26T22:20:22.183+02:00 TRACE 13448 --- [api-gateway] [    Test worker] o.s.b.f.s.DefaultListableBeanFactory     : Returning cached instance of singleton bean 'methodAuthorizationManagerPostProcessor'
2025-04-26T22:20:22.183+02:00 TRACE 13448 --- [api-gateway] [    Test worker] o.s.b.f.s.DefaultListableBeanFactory     : Returning cached instance of singleton bean 'methodResultAuthorizationManagerPostProcessor'
2025-04-26T22:20:22.183+02:00 TRACE 13448 --- [api-gateway] [    Test worker] o.s.b.f.s.DefaultListableBeanFactory     : Returning cached instance of singleton bean 'securityWebFilterChain'
2025-04-26T22:20:22.183+02:00 TRACE 13448 --- [api-gateway] [    Test worker] o.s.b.f.s.DefaultListableBeanFactory     : Returning cached instance of singleton bean 'corsConfigurationSource'
2025-04-26T22:20:22.183+02:00 TRACE 13448 --- [api-gateway] [    Test worker] o.s.b.f.s.DefaultListableBeanFactory     : Returning cached instance of singleton bean 'org.springframework.aop.config.internalAutoProxyCreator'
2025-04-26T22:20:22.183+02:00 TRACE 13448 --- [api-gateway] [    Test worker] o.s.b.f.s.DefaultListableBeanFactory     : Returning cached instance of singleton bean 'preFilterAuthorizationAdvisor'
2025-04-26T22:20:22.183+02:00 TRACE 13448 --- [api-gateway] [    Test worker] o.s.b.f.s.DefaultListableBeanFactory     : Returning cached instance of singleton bean 'preAuthorizeAuthorizationAdvisor'
2025-04-26T22:20:22.183+02:00 TRACE 13448 --- [api-gateway] [    Test worker] o.s.b.f.s.DefaultListableBeanFactory     : Returning cached instance of singleton bean 'postFilterAuthorizationAdvisor'
2025-04-26T22:20:22.183+02:00 TRACE 13448 --- [api-gateway] [    Test worker] o.s.b.f.s.DefaultListableBeanFactory     : Returning cached instance of singleton bean 'postAuthorizeAuthorizationAdvisor'
2025-04-26T22:20:22.183+02:00 TRACE 13448 --- [api-gateway] [    Test worker] o.s.b.f.s.DefaultListableBeanFactory     : Returning cached instance of singleton bean 'jsr250AuthorizationAdvisor'
2025-04-26T22:20:22.183+02:00 TRACE 13448 --- [api-gateway] [    Test worker] o.s.b.f.s.DefaultListableBeanFactory     : Returning cached instance of singleton bean 'authorizeReturnObjectAdvisor'
2025-04-26T22:20:22.184+02:00 TRACE 13448 --- [api-gateway] [    Test worker] o.s.b.f.s.DefaultListableBeanFactory     : Returning cached instance of singleton bean 'org.springframework.boot.autoconfigure.AutoConfigurationPackages'
2025-04-26T22:20:22.184+02:00 TRACE 13448 --- [api-gateway] [    Test worker] o.s.b.f.s.DefaultListableBeanFactory     : Returning cached instance of singleton bean 'org.springframework.boot.autoconfigure.context.PropertyPlaceholderAutoConfiguration'
2025-04-26T22:20:22.184+02:00 TRACE 13448 --- [api-gateway] [    Test worker] o.s.b.f.s.DefaultListableBeanFactory     : Returning cached instance of singleton bean 'propertySourcesPlaceholderConfigurer'
2025-04-26T22:20:22.184+02:00 TRACE 13448 --- [api-gateway] [    Test worker] o.s.b.f.s.DefaultListableBeanFactory     : Returning cached instance of singleton bean 'org.springframework.boot.autoconfigure.reactor.netty.ReactorNettyConfigurations$ReactorResourceFactoryConfiguration'
2025-04-26T22:20:22.184+02:00 TRACE 13448 --- [api-gateway] [    Test worker] o.s.b.f.s.DefaultListableBeanFactory     : Returning cached instance of singleton bean 'reactorResourceFactory'
2025-04-26T22:20:22.184+02:00 TRACE 13448 --- [api-gateway] [    Test worker] o.s.b.f.s.DefaultListableBeanFactory     : Returning cached instance of singleton bean 'org.springframework.boot.context.properties.ConfigurationPropertiesBindingPostProcessor'
2025-04-26T22:20:22.184+02:00 TRACE 13448 --- [api-gateway] [    Test worker] o.s.b.f.s.DefaultListableBeanFactory     : Returning cached instance of singleton bean 'org.springframework.boot.context.internalConfigurationPropertiesBinder'
2025-04-26T22:20:22.184+02:00 TRACE 13448 --- [api-gateway] [    Test worker] o.s.b.f.s.DefaultListableBeanFactory     : Returning cached instance of singleton bean 'org.springframework.boot.context.internalConfigurationPropertiesBinder'
2025-04-26T22:20:22.184+02:00 TRACE 13448 --- [api-gateway] [    Test worker] o.s.b.f.s.DefaultListableBeanFactory     : Returning cached instance of singleton bean 'org.springframework.boot.context.properties.BoundConfigurationProperties'
2025-04-26T22:20:22.184+02:00 TRACE 13448 --- [api-gateway] [    Test worker] o.s.b.f.s.DefaultListableBeanFactory     : Returning cached instance of singleton bean 'org.springframework.boot.context.properties.EnableConfigurationPropertiesRegistrar.methodValidationExcludeFilter'
2025-04-26T22:20:22.184+02:00 TRACE 13448 --- [api-gateway] [    Test worker] o.s.b.f.s.DefaultListableBeanFactory     : Returning cached instance of singleton bean 'spring.reactor.netty-org.springframework.boot.autoconfigure.reactor.netty.ReactorNettyProperties'
2025-04-26T22:20:22.184+02:00 TRACE 13448 --- [api-gateway] [    Test worker] o.s.b.f.s.DefaultListableBeanFactory     : Returning cached instance of singleton bean 'org.springframework.boot.autoconfigure.web.reactive.ReactiveWebServerFactoryConfiguration$EmbeddedNetty'
2025-04-26T22:20:22.184+02:00 TRACE 13448 --- [api-gateway] [    Test worker] o.s.b.f.s.DefaultListableBeanFactory     : Returning cached instance of singleton bean 'nettyReactiveWebServerFactory'
2025-04-26T22:20:22.184+02:00 TRACE 13448 --- [api-gateway] [    Test worker] o.s.b.f.s.DefaultListableBeanFactory     : Returning cached instance of singleton bean 'org.springframework.boot.autoconfigure.web.reactive.ReactiveWebServerFactoryAutoConfiguration'
2025-04-26T22:20:22.184+02:00 TRACE 13448 --- [api-gateway] [    Test worker] o.s.b.f.s.DefaultListableBeanFactory     : Returning cached instance of singleton bean 'reactiveWebServerFactoryCustomizer'
2025-04-26T22:20:22.184+02:00 TRACE 13448 --- [api-gateway] [    Test worker] o.s.b.f.s.DefaultListableBeanFactory     : Returning cached instance of singleton bean 'server-org.springframework.boot.autoconfigure.web.ServerProperties'
2025-04-26T22:20:22.184+02:00 TRACE 13448 --- [api-gateway] [    Test worker] o.s.b.f.s.DefaultListableBeanFactory     : Returning cached instance of singleton bean 'webServerFactoryCustomizerBeanPostProcessor'
2025-04-26T22:20:22.184+02:00 TRACE 13448 --- [api-gateway] [    Test worker] o.s.b.f.s.DefaultListableBeanFactory     : Returning cached instance of singleton bean 'org.springframework.boot.autoconfigure.jackson.JacksonAutoConfiguration$Jackson2ObjectMapperBuilderCustomizerConfiguration'
2025-04-26T22:20:22.184+02:00 TRACE 13448 --- [api-gateway] [    Test worker] o.s.b.f.s.DefaultListableBeanFactory     : Returning cached instance of singleton bean 'standardJacksonObjectMapperBuilderCustomizer'
2025-04-26T22:20:22.184+02:00 TRACE 13448 --- [api-gateway] [    Test worker] o.s.b.f.s.DefaultListableBeanFactory     : Returning cached instance of singleton bean 'spring.jackson-org.springframework.boot.autoconfigure.jackson.JacksonProperties'
2025-04-26T22:20:22.184+02:00 TRACE 13448 --- [api-gateway] [    Test worker] o.s.b.f.s.DefaultListableBeanFactory     : Returning cached instance of singleton bean 'org.springframework.boot.autoconfigure.jackson.JacksonAutoConfiguration$JacksonObjectMapperBuilderConfiguration'
2025-04-26T22:20:22.184+02:00 TRACE 13448 --- [api-gateway] [    Test worker] o.s.b.f.s.DefaultListableBeanFactory     : Returning cached instance of singleton bean 'org.springframework.boot.autoconfigure.jackson.JacksonAutoConfiguration$ParameterNamesModuleConfiguration'
2025-04-26T22:20:22.184+02:00 TRACE 13448 --- [api-gateway] [    Test worker] o.s.b.f.s.DefaultListableBeanFactory     : Returning cached instance of singleton bean 'parameterNamesModule'
2025-04-26T22:20:22.184+02:00 TRACE 13448 --- [api-gateway] [    Test worker] o.s.b.f.s.DefaultListableBeanFactory     : Returning cached instance of singleton bean 'org.springframework.boot.autoconfigure.jackson.JacksonAutoConfiguration$JacksonObjectMapperConfiguration'
2025-04-26T22:20:22.184+02:00 TRACE 13448 --- [api-gateway] [    Test worker] o.s.b.f.s.DefaultListableBeanFactory     : Returning cached instance of singleton bean 'jacksonObjectMapper'
2025-04-26T22:20:22.184+02:00 TRACE 13448 --- [api-gateway] [    Test worker] o.s.b.f.s.DefaultListableBeanFactory     : Returning cached instance of singleton bean 'org.springframework.boot.autoconfigure.jackson.JacksonAutoConfiguration$JacksonMixinConfiguration'
2025-04-26T22:20:22.184+02:00 TRACE 13448 --- [api-gateway] [    Test worker] o.s.b.f.s.DefaultListableBeanFactory     : Returning cached instance of singleton bean 'jsonMixinModuleEntries'
2025-04-26T22:20:22.184+02:00 TRACE 13448 --- [api-gateway] [    Test worker] o.s.b.f.s.DefaultListableBeanFactory     : Returning cached instance of singleton bean 'jsonMixinModule'
2025-04-26T22:20:22.184+02:00 TRACE 13448 --- [api-gateway] [    Test worker] o.s.b.f.s.DefaultListableBeanFactory     : Returning cached instance of singleton bean 'org.springframework.boot.autoconfigure.jackson.JacksonAutoConfiguration'
2025-04-26T22:20:22.184+02:00 TRACE 13448 --- [api-gateway] [    Test worker] o.s.b.f.s.DefaultListableBeanFactory     : Returning cached instance of singleton bean 'jsonComponentModule'
2025-04-26T22:20:22.184+02:00 TRACE 13448 --- [api-gateway] [    Test worker] o.s.b.f.s.DefaultListableBeanFactory     : Returning cached instance of singleton bean 'org.springframework.boot.autoconfigure.http.codec.CodecsAutoConfiguration$DefaultCodecsConfiguration'
2025-04-26T22:20:22.184+02:00 TRACE 13448 --- [api-gateway] [    Test worker] o.s.b.f.s.DefaultListableBeanFactory     : Returning cached instance of singleton bean 'defaultCodecCustomizer'
2025-04-26T22:20:22.184+02:00 TRACE 13448 --- [api-gateway] [    Test worker] o.s.b.f.s.DefaultListableBeanFactory     : Returning cached instance of singleton bean 'org.springframework.boot.autoconfigure.http.codec.CodecsAutoConfiguration$JacksonCodecConfiguration'
2025-04-26T22:20:22.184+02:00 TRACE 13448 --- [api-gateway] [    Test worker] o.s.b.f.s.DefaultListableBeanFactory     : Returning cached instance of singleton bean 'jacksonCodecCustomizer'
2025-04-26T22:20:22.184+02:00 TRACE 13448 --- [api-gateway] [    Test worker] o.s.b.f.s.DefaultListableBeanFactory     : Returning cached instance of singleton bean 'org.springframework.boot.autoconfigure.http.codec.CodecsAutoConfiguration'
2025-04-26T22:20:22.184+02:00 TRACE 13448 --- [api-gateway] [    Test worker] o.s.b.f.s.DefaultListableBeanFactory     : Returning cached instance of singleton bean 'spring.codec-org.springframework.boot.autoconfigure.codec.CodecProperties'
2025-04-26T22:20:22.184+02:00 TRACE 13448 --- [api-gateway] [    Test worker] o.s.b.f.s.DefaultListableBeanFactory     : Returning cached instance of singleton bean 'org.springframework.boot.autoconfigure.validation.ValidationAutoConfiguration'
2025-04-26T22:20:22.184+02:00 TRACE 13448 --- [api-gateway] [    Test worker] o.s.b.f.s.DefaultListableBeanFactory     : Returning cached instance of singleton bean 'defaultValidator'
2025-04-26T22:20:22.184+02:00 TRACE 13448 --- [api-gateway] [    Test worker] o.s.b.f.s.DefaultListableBeanFactory     : Returning cached instance of singleton bean 'methodValidationPostProcessor'
2025-04-26T22:20:22.184+02:00 TRACE 13448 --- [api-gateway] [    Test worker] o.s.b.f.s.DefaultListableBeanFactory     : Returning cached instance of singleton bean 'org.springframework.boot.autoconfigure.web.reactive.ReactiveMultipartAutoConfiguration'
2025-04-26T22:20:22.184+02:00 TRACE 13448 --- [api-gateway] [    Test worker] o.s.b.f.s.DefaultListableBeanFactory     : Returning cached instance of singleton bean 'defaultPartHttpMessageReaderCustomizer'
2025-04-26T22:20:22.184+02:00 TRACE 13448 --- [api-gateway] [    Test worker] o.s.b.f.s.DefaultListableBeanFactory     : Returning cached instance of singleton bean 'spring.webflux.multipart-org.springframework.boot.autoconfigure.web.reactive.ReactiveMultipartProperties'
2025-04-26T22:20:22.184+02:00 TRACE 13448 --- [api-gateway] [    Test worker] o.s.b.f.s.DefaultListableBeanFactory     : Returning cached instance of singleton bean 'org.springframework.boot.autoconfigure.web.reactive.WebSessionIdResolverAutoConfiguration'
2025-04-26T22:20:22.184+02:00 TRACE 13448 --- [api-gateway] [    Test worker] o.s.b.f.s.DefaultListableBeanFactory     : Returning cached instance of singleton bean 'webSessionIdResolver'
2025-04-26T22:20:22.184+02:00 TRACE 13448 --- [api-gateway] [    Test worker] o.s.b.f.s.DefaultListableBeanFactory     : Returning cached instance of singleton bean 'spring.webflux-org.springframework.boot.autoconfigure.web.reactive.WebFluxProperties'
2025-04-26T22:20:22.184+02:00 TRACE 13448 --- [api-gateway] [    Test worker] o.s.b.f.s.DefaultListableBeanFactory     : Returning cached instance of singleton bean 'org.springframework.boot.autoconfigure.web.reactive.error.ErrorWebFluxAutoConfiguration'
2025-04-26T22:20:22.184+02:00 TRACE 13448 --- [api-gateway] [    Test worker] o.s.b.f.s.DefaultListableBeanFactory     : Returning cached instance of singleton bean 'errorWebExceptionHandler'
2025-04-26T22:20:22.184+02:00 TRACE 13448 --- [api-gateway] [    Test worker] o.s.b.f.s.DefaultListableBeanFactory     : Returning cached instance of singleton bean 'errorAttributes'
2025-04-26T22:20:22.184+02:00 TRACE 13448 --- [api-gateway] [    Test worker] o.s.b.f.s.DefaultListableBeanFactory     : Returning cached instance of singleton bean 'spring.web-org.springframework.boot.autoconfigure.web.WebProperties'
2025-04-26T22:20:22.184+02:00 TRACE 13448 --- [api-gateway] [    Test worker] o.s.b.f.s.DefaultListableBeanFactory     : Returning cached instance of singleton bean 'org.springframework.cloud.gateway.config.GatewayClassPathWarningAutoConfiguration'
2025-04-26T22:20:22.184+02:00 TRACE 13448 --- [api-gateway] [    Test worker] o.s.b.f.s.DefaultListableBeanFactory     : Returning cached instance of singleton bean 'org.springframework.cloud.loadbalancer.config.LoadBalancerAutoConfiguration'
2025-04-26T22:20:22.184+02:00 TRACE 13448 --- [api-gateway] [    Test worker] o.s.b.f.s.DefaultListableBeanFactory     : Returning cached instance of singleton bean 'zoneConfig'
2025-04-26T22:20:22.185+02:00 TRACE 13448 --- [api-gateway] [    Test worker] o.s.b.f.s.DefaultListableBeanFactory     : Returning cached instance of singleton bean 'loadBalancerClientFactory'
2025-04-26T22:20:22.185+02:00 TRACE 13448 --- [api-gateway] [    Test worker] o.s.b.f.s.DefaultListableBeanFactory     : Returning cached instance of singleton bean 'loadBalancerEagerContextInitializer'
2025-04-26T22:20:22.185+02:00 TRACE 13448 --- [api-gateway] [    Test worker] o.s.b.f.s.DefaultListableBeanFactory     : Returning cached instance of singleton bean 'loadBalancerChildContextInitializer'
2025-04-26T22:20:22.185+02:00 TRACE 13448 --- [api-gateway] [    Test worker] o.s.b.f.s.DefaultListableBeanFactory     : Returning cached instance of singleton bean 'default.org.springframework.cloud.loadbalancer.config.LoadBalancerAutoConfiguration.LoadBalancerClientSpecification'
2025-04-26T22:20:22.185+02:00 TRACE 13448 --- [api-gateway] [    Test worker] o.s.b.f.s.DefaultListableBeanFactory     : Returning cached instance of singleton bean 'spring.cloud.loadbalancer.eager-load-org.springframework.cloud.client.loadbalancer.LoadBalancerEagerLoadProperties'
2025-04-26T22:20:22.185+02:00 TRACE 13448 --- [api-gateway] [    Test worker] o.s.b.f.s.DefaultListableBeanFactory     : Returning cached instance of singleton bean 'spring.cloud.loadbalancer-org.springframework.cloud.client.loadbalancer.LoadBalancerClientsProperties'
2025-04-26T22:20:22.185+02:00 TRACE 13448 --- [api-gateway] [    Test worker] o.s.b.f.s.DefaultListableBeanFactory     : Returning cached instance of singleton bean 'org.springframework.cloud.gateway.config.GatewayReactiveLoadBalancerClientAutoConfiguration'
2025-04-26T22:20:22.185+02:00 TRACE 13448 --- [api-gateway] [    Test worker] o.s.b.f.s.DefaultListableBeanFactory     : Returning cached instance of singleton bean 'gatewayLoadBalancerClientFilter'
2025-04-26T22:20:22.185+02:00 TRACE 13448 --- [api-gateway] [    Test worker] o.s.b.f.s.DefaultListableBeanFactory     : Returning cached instance of singleton bean 'loadBalancerServiceInstanceCookieFilter'
2025-04-26T22:20:22.185+02:00 TRACE 13448 --- [api-gateway] [    Test worker] o.s.b.f.s.DefaultListableBeanFactory     : Returning cached instance of singleton bean 'spring.cloud.gateway.loadbalancer-org.springframework.cloud.gateway.config.GatewayLoadBalancerProperties'
2025-04-26T22:20:22.185+02:00 TRACE 13448 --- [api-gateway] [    Test worker] o.s.b.f.s.DefaultListableBeanFactory     : Returning cached instance of singleton bean 'org.springframework.cloud.client.discovery.composite.CompositeDiscoveryClientAutoConfiguration'
2025-04-26T22:20:22.185+02:00 TRACE 13448 --- [api-gateway] [    Test worker] o.s.b.f.s.DefaultListableBeanFactory     : Returning cached instance of singleton bean 'compositeDiscoveryClient'
2025-04-26T22:20:22.185+02:00 TRACE 13448 --- [api-gateway] [    Test worker] o.s.b.f.s.DefaultListableBeanFactory     : Returning cached instance of singleton bean 'org.springframework.cloud.gateway.discovery.GatewayDiscoveryClientAutoConfiguration$ReactiveDiscoveryClientRouteDefinitionLocatorConfiguration'
2025-04-26T22:20:22.185+02:00 TRACE 13448 --- [api-gateway] [    Test worker] o.s.b.f.s.DefaultListableBeanFactory     : Returning cached instance of singleton bean 'org.springframework.cloud.gateway.discovery.GatewayDiscoveryClientAutoConfiguration'
2025-04-26T22:20:22.185+02:00 TRACE 13448 --- [api-gateway] [    Test worker] o.s.b.f.s.DefaultListableBeanFactory     : Returning cached instance of singleton bean 'discoveryLocatorProperties'
2025-04-26T22:20:22.185+02:00 TRACE 13448 --- [api-gateway] [    Test worker] o.s.b.f.s.DefaultListableBeanFactory     : Returning cached instance of singleton bean 'org.springframework.cloud.gateway.config.GatewayAutoConfiguration$NettyConfiguration'
2025-04-26T22:20:22.185+02:00 TRACE 13448 --- [api-gateway] [    Test worker] o.s.b.f.s.DefaultListableBeanFactory     : Returning cached instance of singleton bean 'httpClientSslConfigurer'
2025-04-26T22:20:22.185+02:00 TRACE 13448 --- [api-gateway] [    Test worker] o.s.b.f.s.DefaultListableBeanFactory     : Returning cached instance of singleton bean 'gatewayHttpClientFactory'
2025-04-26T22:20:22.185+02:00 TRACE 13448 --- [api-gateway] [    Test worker] o.s.b.f.s.DefaultListableBeanFactory     : Returning cached instance of singleton bean 'gatewayHttpClientFactory'
2025-04-26T22:20:22.185+02:00 TRACE 13448 --- [api-gateway] [    Test worker] o.s.b.f.s.DefaultListableBeanFactory     : Returning cached instance of singleton bean 'httpClientProperties'
2025-04-26T22:20:22.185+02:00 TRACE 13448 --- [api-gateway] [    Test worker] o.s.b.f.s.DefaultListableBeanFactory     : Returning cached instance of singleton bean 'routingFilter'
2025-04-26T22:20:22.185+02:00 TRACE 13448 --- [api-gateway] [    Test worker] o.s.b.f.s.DefaultListableBeanFactory     : Returning cached instance of singleton bean 'nettyWriteResponseFilter'
2025-04-26T22:20:22.185+02:00 TRACE 13448 --- [api-gateway] [    Test worker] o.s.b.f.s.DefaultListableBeanFactory     : Returning cached instance of singleton bean 'reactorNettyWebSocketClient'
2025-04-26T22:20:22.185+02:00 TRACE 13448 --- [api-gateway] [    Test worker] o.s.b.f.s.DefaultListableBeanFactory     : Returning cached instance of singleton bean 'reactorNettyRequestUpgradeStrategy'
2025-04-26T22:20:22.185+02:00 TRACE 13448 --- [api-gateway] [    Test worker] o.s.b.f.s.DefaultListableBeanFactory     : Returning cached instance of singleton bean 'org.springframework.cloud.gateway.config.GatewayAutoConfiguration'
2025-04-26T22:20:22.185+02:00 TRACE 13448 --- [api-gateway] [    Test worker] o.s.b.f.s.DefaultListableBeanFactory     : Returning cached instance of singleton bean 'stringToZonedDateTimeConverter'
2025-04-26T22:20:22.185+02:00 TRACE 13448 --- [api-gateway] [    Test worker] o.s.b.f.s.DefaultListableBeanFactory     : Returning cached instance of singleton bean 'deprecatedKeyValueConverter'
2025-04-26T22:20:22.185+02:00 TRACE 13448 --- [api-gateway] [    Test worker] o.s.b.f.s.DefaultListableBeanFactory     : Returning cached instance of singleton bean 'keyValueConverter'
2025-04-26T22:20:22.185+02:00 TRACE 13448 --- [api-gateway] [    Test worker] o.s.b.f.s.DefaultListableBeanFactory     : Returning cached instance of singleton bean 'routeLocatorBuilder'
2025-04-26T22:20:22.185+02:00 TRACE 13448 --- [api-gateway] [    Test worker] o.s.b.f.s.DefaultListableBeanFactory     : Returning cached instance of singleton bean 'propertiesRouteDefinitionLocator'
2025-04-26T22:20:22.185+02:00 TRACE 13448 --- [api-gateway] [    Test worker] o.s.b.f.s.DefaultListableBeanFactory     : Returning cached instance of singleton bean 'inMemoryRouteDefinitionRepository'
2025-04-26T22:20:22.185+02:00 TRACE 13448 --- [api-gateway] [    Test worker] o.s.b.f.s.DefaultListableBeanFactory     : Returning cached instance of singleton bean 'routeDefinitionLocator'
2025-04-26T22:20:22.185+02:00 TRACE 13448 --- [api-gateway] [    Test worker] o.s.b.f.s.DefaultListableBeanFactory     : Returning cached instance of singleton bean 'gatewayConfigurationService'
2025-04-26T22:20:22.185+02:00 TRACE 13448 --- [api-gateway] [    Test worker] o.s.b.f.s.DefaultListableBeanFactory     : Returning cached instance of singleton bean 'routeDefinitionRouteLocator'
2025-04-26T22:20:22.185+02:00 TRACE 13448 --- [api-gateway] [    Test worker] o.s.b.f.s.DefaultListableBeanFactory     : Returning cached instance of singleton bean 'cachedCompositeRouteLocator'
2025-04-26T22:20:22.185+02:00 TRACE 13448 --- [api-gateway] [    Test worker] o.s.b.f.s.DefaultListableBeanFactory     : Returning cached instance of singleton bean 'routeRefreshListener'
2025-04-26T22:20:22.185+02:00 TRACE 13448 --- [api-gateway] [    Test worker] o.s.b.f.s.DefaultListableBeanFactory     : Returning cached instance of singleton bean 'filteringWebHandler'
2025-04-26T22:20:22.185+02:00 TRACE 13448 --- [api-gateway] [    Test worker] o.s.b.f.s.DefaultListableBeanFactory     : Returning cached instance of singleton bean 'globalCorsProperties'
2025-04-26T22:20:22.185+02:00 TRACE 13448 --- [api-gateway] [    Test worker] o.s.b.f.s.DefaultListableBeanFactory     : Returning cached instance of singleton bean 'corsGatewayFilterApplicationListener'
2025-04-26T22:20:22.185+02:00 TRACE 13448 --- [api-gateway] [    Test worker] o.s.b.f.s.DefaultListableBeanFactory     : Returning cached instance of singleton bean 'routePredicateHandlerMapping'
2025-04-26T22:20:22.185+02:00 TRACE 13448 --- [api-gateway] [    Test worker] o.s.b.f.s.DefaultListableBeanFactory     : Returning cached instance of singleton bean 'gatewayProperties'
2025-04-26T22:20:22.185+02:00 TRACE 13448 --- [api-gateway] [    Test worker] o.s.b.f.s.DefaultListableBeanFactory     : Returning cached instance of singleton bean 'secureHeadersProperties'
2025-04-26T22:20:22.185+02:00 TRACE 13448 --- [api-gateway] [    Test worker] o.s.b.f.s.DefaultListableBeanFactory     : Returning cached instance of singleton bean 'forwardedHeadersFilter'
2025-04-26T22:20:22.185+02:00 TRACE 13448 --- [api-gateway] [    Test worker] o.s.b.f.s.DefaultListableBeanFactory     : Returning cached instance of singleton bean 'removeHopByHopHeadersFilter'
2025-04-26T22:20:22.185+02:00 TRACE 13448 --- [api-gateway] [    Test worker] o.s.b.f.s.DefaultListableBeanFactory     : Returning cached instance of singleton bean 'xForwardedHeadersFilter'
2025-04-26T22:20:22.185+02:00 TRACE 13448 --- [api-gateway] [    Test worker] o.s.b.f.s.DefaultListableBeanFactory     : Returning cached instance of singleton bean 'gRPCRequestHeadersFilter'
2025-04-26T22:20:22.185+02:00 TRACE 13448 --- [api-gateway] [    Test worker] o.s.b.f.s.DefaultListableBeanFactory     : Returning cached instance of singleton bean 'gRPCResponseHeadersFilter'
2025-04-26T22:20:22.185+02:00 TRACE 13448 --- [api-gateway] [    Test worker] o.s.b.f.s.DefaultListableBeanFactory     : Returning cached instance of singleton bean 'transferEncodingNormalizationHeadersFilter'
2025-04-26T22:20:22.185+02:00 TRACE 13448 --- [api-gateway] [    Test worker] o.s.b.f.s.DefaultListableBeanFactory     : Returning cached instance of singleton bean 'adaptCachedBodyGlobalFilter'
2025-04-26T22:20:22.185+02:00 TRACE 13448 --- [api-gateway] [    Test worker] o.s.b.f.s.DefaultListableBeanFactory     : Returning cached instance of singleton bean 'removeCachedBodyFilter'
2025-04-26T22:20:22.185+02:00 TRACE 13448 --- [api-gateway] [    Test worker] o.s.b.f.s.DefaultListableBeanFactory     : Returning cached instance of singleton bean 'routeToRequestUrlFilter'
2025-04-26T22:20:22.185+02:00 TRACE 13448 --- [api-gateway] [    Test worker] o.s.b.f.s.DefaultListableBeanFactory     : Returning cached instance of singleton bean 'forwardRoutingFilter'
2025-04-26T22:20:22.185+02:00 TRACE 13448 --- [api-gateway] [    Test worker] o.s.b.f.s.DefaultListableBeanFactory     : Returning cached instance of singleton bean 'forwardPathFilter'
2025-04-26T22:20:22.185+02:00 TRACE 13448 --- [api-gateway] [    Test worker] o.s.b.f.s.DefaultListableBeanFactory     : Returning cached instance of singleton bean 'webSocketService'
2025-04-26T22:20:22.185+02:00 TRACE 13448 --- [api-gateway] [    Test worker] o.s.b.f.s.DefaultListableBeanFactory     : Returning cached instance of singleton bean 'websocketRoutingFilter'
2025-04-26T22:20:22.185+02:00 TRACE 13448 --- [api-gateway] [    Test worker] o.s.b.f.s.DefaultListableBeanFactory     : Returning cached instance of singleton bean 'weightCalculatorWebFilter'
2025-04-26T22:20:22.185+02:00 TRACE 13448 --- [api-gateway] [    Test worker] o.s.b.f.s.DefaultListableBeanFactory     : Returning cached instance of singleton bean 'afterRoutePredicateFactory'
2025-04-26T22:20:22.185+02:00 TRACE 13448 --- [api-gateway] [    Test worker] o.s.b.f.s.DefaultListableBeanFactory     : Returning cached instance of singleton bean 'beforeRoutePredicateFactory'
2025-04-26T22:20:22.185+02:00 TRACE 13448 --- [api-gateway] [    Test worker] o.s.b.f.s.DefaultListableBeanFactory     : Returning cached instance of singleton bean 'betweenRoutePredicateFactory'
2025-04-26T22:20:22.185+02:00 TRACE 13448 --- [api-gateway] [    Test worker] o.s.b.f.s.DefaultListableBeanFactory     : Returning cached instance of singleton bean 'cookieRoutePredicateFactory'
2025-04-26T22:20:22.185+02:00 TRACE 13448 --- [api-gateway] [    Test worker] o.s.b.f.s.DefaultListableBeanFactory     : Returning cached instance of singleton bean 'headerRoutePredicateFactory'
2025-04-26T22:20:22.185+02:00 TRACE 13448 --- [api-gateway] [    Test worker] o.s.b.f.s.DefaultListableBeanFactory     : Returning cached instance of singleton bean 'hostRoutePredicateFactory'
2025-04-26T22:20:22.185+02:00 TRACE 13448 --- [api-gateway] [    Test worker] o.s.b.f.s.DefaultListableBeanFactory     : Returning cached instance of singleton bean 'methodRoutePredicateFactory'
2025-04-26T22:20:22.185+02:00 TRACE 13448 --- [api-gateway] [    Test worker] o.s.b.f.s.DefaultListableBeanFactory     : Returning cached instance of singleton bean 'pathRoutePredicateFactory'
2025-04-26T22:20:22.185+02:00 TRACE 13448 --- [api-gateway] [    Test worker] o.s.b.f.s.DefaultListableBeanFactory     : Returning cached instance of singleton bean 'queryRoutePredicateFactory'
2025-04-26T22:20:22.185+02:00 TRACE 13448 --- [api-gateway] [    Test worker] o.s.b.f.s.DefaultListableBeanFactory     : Returning cached instance of singleton bean 'readBodyPredicateFactory'
2025-04-26T22:20:22.185+02:00 TRACE 13448 --- [api-gateway] [    Test worker] o.s.b.f.s.DefaultListableBeanFactory     : Returning cached instance of singleton bean 'remoteAddrRoutePredicateFactory'
2025-04-26T22:20:22.185+02:00 TRACE 13448 --- [api-gateway] [    Test worker] o.s.b.f.s.DefaultListableBeanFactory     : Returning cached instance of singleton bean 'xForwardedRemoteAddrRoutePredicateFactory'
2025-04-26T22:20:22.185+02:00 TRACE 13448 --- [api-gateway] [    Test worker] o.s.b.f.s.DefaultListableBeanFactory     : Returning cached instance of singleton bean 'weightRoutePredicateFactory'
2025-04-26T22:20:22.185+02:00 TRACE 13448 --- [api-gateway] [    Test worker] o.s.b.f.s.DefaultListableBeanFactory     : Returning cached instance of singleton bean 'cloudFoundryRouteServiceRoutePredicateFactory'
2025-04-26T22:20:22.186+02:00 TRACE 13448 --- [api-gateway] [    Test worker] o.s.b.f.s.DefaultListableBeanFactory     : Returning cached instance of singleton bean 'addRequestHeaderGatewayFilterFactory'
2025-04-26T22:20:22.186+02:00 TRACE 13448 --- [api-gateway] [    Test worker] o.s.b.f.s.DefaultListableBeanFactory     : Returning cached instance of singleton bean 'addRequestHeadersIfNotPresentGatewayFilterFactory'
2025-04-26T22:20:22.186+02:00 TRACE 13448 --- [api-gateway] [    Test worker] o.s.b.f.s.DefaultListableBeanFactory     : Returning cached instance of singleton bean 'mapRequestHeaderGatewayFilterFactory'
2025-04-26T22:20:22.186+02:00 TRACE 13448 --- [api-gateway] [    Test worker] o.s.b.f.s.DefaultListableBeanFactory     : Returning cached instance of singleton bean 'addRequestParameterGatewayFilterFactory'
2025-04-26T22:20:22.186+02:00 TRACE 13448 --- [api-gateway] [    Test worker] o.s.b.f.s.DefaultListableBeanFactory     : Returning cached instance of singleton bean 'addResponseHeaderGatewayFilterFactory'
2025-04-26T22:20:22.186+02:00 TRACE 13448 --- [api-gateway] [    Test worker] o.s.b.f.s.DefaultListableBeanFactory     : Returning cached instance of singleton bean 'modifyRequestBodyGatewayFilterFactory'
2025-04-26T22:20:22.186+02:00 TRACE 13448 --- [api-gateway] [    Test worker] o.s.b.f.s.DefaultListableBeanFactory     : Returning cached instance of singleton bean 'dedupeResponseHeaderGatewayFilterFactory'
2025-04-26T22:20:22.186+02:00 TRACE 13448 --- [api-gateway] [    Test worker] o.s.b.f.s.DefaultListableBeanFactory     : Returning cached instance of singleton bean 'modifyResponseBodyGatewayFilterFactory'
2025-04-26T22:20:22.186+02:00 TRACE 13448 --- [api-gateway] [    Test worker] o.s.b.f.s.DefaultListableBeanFactory     : Returning cached instance of singleton bean 'cacheRequestBodyGatewayFilterFactory'
2025-04-26T22:20:22.186+02:00 TRACE 13448 --- [api-gateway] [    Test worker] o.s.b.f.s.DefaultListableBeanFactory     : Returning cached instance of singleton bean 'prefixPathGatewayFilterFactory'
2025-04-26T22:20:22.186+02:00 TRACE 13448 --- [api-gateway] [    Test worker] o.s.b.f.s.DefaultListableBeanFactory     : Returning cached instance of singleton bean 'preserveHostHeaderGatewayFilterFactory'
2025-04-26T22:20:22.186+02:00 TRACE 13448 --- [api-gateway] [    Test worker] o.s.b.f.s.DefaultListableBeanFactory     : Returning cached instance of singleton bean 'redirectToGatewayFilterFactory'
2025-04-26T22:20:22.186+02:00 TRACE 13448 --- [api-gateway] [    Test worker] o.s.b.f.s.DefaultListableBeanFactory     : Returning cached instance of singleton bean 'removeJsonAttributesResponseBodyGatewayFilterFactory'
2025-04-26T22:20:22.186+02:00 TRACE 13448 --- [api-gateway] [    Test worker] o.s.b.f.s.DefaultListableBeanFactory     : Returning cached instance of singleton bean 'removeRequestHeaderGatewayFilterFactory'
2025-04-26T22:20:22.186+02:00 TRACE 13448 --- [api-gateway] [    Test worker] o.s.b.f.s.DefaultListableBeanFactory     : Returning cached instance of singleton bean 'removeRequestParameterGatewayFilterFactory'
2025-04-26T22:20:22.186+02:00 TRACE 13448 --- [api-gateway] [    Test worker] o.s.b.f.s.DefaultListableBeanFactory     : Returning cached instance of singleton bean 'removeResponseHeaderGatewayFilterFactory'
2025-04-26T22:20:22.186+02:00 TRACE 13448 --- [api-gateway] [    Test worker] o.s.b.f.s.DefaultListableBeanFactory     : Returning cached instance of singleton bean 'rewritePathGatewayFilterFactory'
2025-04-26T22:20:22.186+02:00 TRACE 13448 --- [api-gateway] [    Test worker] o.s.b.f.s.DefaultListableBeanFactory     : Returning cached instance of singleton bean 'retryGatewayFilterFactory'
2025-04-26T22:20:22.186+02:00 TRACE 13448 --- [api-gateway] [    Test worker] o.s.b.f.s.DefaultListableBeanFactory     : Returning cached instance of singleton bean 'setPathGatewayFilterFactory'
2025-04-26T22:20:22.186+02:00 TRACE 13448 --- [api-gateway] [    Test worker] o.s.b.f.s.DefaultListableBeanFactory     : Returning cached instance of singleton bean 'secureHeadersGatewayFilterFactory'
2025-04-26T22:20:22.186+02:00 TRACE 13448 --- [api-gateway] [    Test worker] o.s.b.f.s.DefaultListableBeanFactory     : Returning cached instance of singleton bean 'setRequestHeaderGatewayFilterFactory'
2025-04-26T22:20:22.186+02:00 TRACE 13448 --- [api-gateway] [    Test worker] o.s.b.f.s.DefaultListableBeanFactory     : Returning cached instance of singleton bean 'setRequestHostHeaderGatewayFilterFactory'
2025-04-26T22:20:22.186+02:00 TRACE 13448 --- [api-gateway] [    Test worker] o.s.b.f.s.DefaultListableBeanFactory     : Returning cached instance of singleton bean 'setResponseHeaderGatewayFilterFactory'
2025-04-26T22:20:22.186+02:00 TRACE 13448 --- [api-gateway] [    Test worker] o.s.b.f.s.DefaultListableBeanFactory     : Returning cached instance of singleton bean 'rewriteResponseHeaderGatewayFilterFactory'
2025-04-26T22:20:22.186+02:00 TRACE 13448 --- [api-gateway] [    Test worker] o.s.b.f.s.DefaultListableBeanFactory     : Returning cached instance of singleton bean 'rewriteLocationResponseHeaderGatewayFilterFactory'
2025-04-26T22:20:22.186+02:00 TRACE 13448 --- [api-gateway] [    Test worker] o.s.b.f.s.DefaultListableBeanFactory     : Returning cached instance of singleton bean 'setStatusGatewayFilterFactory'
2025-04-26T22:20:22.186+02:00 TRACE 13448 --- [api-gateway] [    Test worker] o.s.b.f.s.DefaultListableBeanFactory     : Returning cached instance of singleton bean 'saveSessionGatewayFilterFactory'
2025-04-26T22:20:22.186+02:00 TRACE 13448 --- [api-gateway] [    Test worker] o.s.b.f.s.DefaultListableBeanFactory     : Returning cached instance of singleton bean 'stripPrefixGatewayFilterFactory'
2025-04-26T22:20:22.186+02:00 TRACE 13448 --- [api-gateway] [    Test worker] o.s.b.f.s.DefaultListableBeanFactory     : Returning cached instance of singleton bean 'requestHeaderToRequestUriGatewayFilterFactory'
2025-04-26T22:20:22.186+02:00 TRACE 13448 --- [api-gateway] [    Test worker] o.s.b.f.s.DefaultListableBeanFactory     : Returning cached instance of singleton bean 'requestSizeGatewayFilterFactory'
2025-04-26T22:20:22.186+02:00 TRACE 13448 --- [api-gateway] [    Test worker] o.s.b.f.s.DefaultListableBeanFactory     : Returning cached instance of singleton bean 'requestHeaderSizeGatewayFilterFactory'
2025-04-26T22:20:22.186+02:00 TRACE 13448 --- [api-gateway] [    Test worker] o.s.b.f.s.DefaultListableBeanFactory     : Returning cached instance of singleton bean 'rewriteRequestParameterGatewayFilterFactory'
2025-04-26T22:20:22.186+02:00 TRACE 13448 --- [api-gateway] [    Test worker] o.s.b.f.s.DefaultListableBeanFactory     : Returning cached instance of singleton bean 'gzipMessageBodyResolver'
2025-04-26T22:20:22.186+02:00 TRACE 13448 --- [api-gateway] [    Test worker] o.s.b.f.s.DefaultListableBeanFactory     : Returning cached instance of singleton bean 'configurableHintsRegistrationProcessor'
2025-04-26T22:20:22.186+02:00 TRACE 13448 --- [api-gateway] [    Test worker] o.s.b.f.s.DefaultListableBeanFactory     : Returning cached instance of singleton bean 'org.springframework.boot.autoconfigure.web.reactive.WebFluxAutoConfiguration$EnableWebFluxConfiguration'
2025-04-26T22:20:22.186+02:00 TRACE 13448 --- [api-gateway] [    Test worker] o.s.b.f.s.DefaultListableBeanFactory     : Returning cached instance of singleton bean 'webFluxConversionService'
2025-04-26T22:20:22.186+02:00 TRACE 13448 --- [api-gateway] [    Test worker] o.s.b.f.s.DefaultListableBeanFactory     : Returning cached instance of singleton bean 'webFluxValidator'
2025-04-26T22:20:22.186+02:00 TRACE 13448 --- [api-gateway] [    Test worker] o.s.b.f.s.DefaultListableBeanFactory     : Returning cached instance of singleton bean 'localeContextResolver'
2025-04-26T22:20:22.186+02:00 TRACE 13448 --- [api-gateway] [    Test worker] o.s.b.f.s.DefaultListableBeanFactory     : Returning cached instance of singleton bean 'webSessionManager'
2025-04-26T22:20:22.186+02:00 TRACE 13448 --- [api-gateway] [    Test worker] o.s.b.f.s.DefaultListableBeanFactory     : Returning cached instance of singleton bean 'webHandler'
2025-04-26T22:20:22.186+02:00 TRACE 13448 --- [api-gateway] [    Test worker] o.s.b.f.s.DefaultListableBeanFactory     : Returning cached instance of singleton bean 'responseStatusExceptionHandler'
2025-04-26T22:20:22.186+02:00 TRACE 13448 --- [api-gateway] [    Test worker] o.s.b.f.s.DefaultListableBeanFactory     : Returning cached instance of singleton bean 'requestMappingHandlerMapping'
2025-04-26T22:20:22.186+02:00 TRACE 13448 --- [api-gateway] [    Test worker] o.s.b.f.s.DefaultListableBeanFactory     : Returning cached instance of singleton bean 'webFluxContentTypeResolver'
2025-04-26T22:20:22.186+02:00 TRACE 13448 --- [api-gateway] [    Test worker] o.s.b.f.s.DefaultListableBeanFactory     : Returning cached instance of singleton bean 'routerFunctionMapping'
2025-04-26T22:20:22.187+02:00 TRACE 13448 --- [api-gateway] [    Test worker] o.s.b.f.s.DefaultListableBeanFactory     : Returning cached instance of singleton bean 'resourceHandlerMapping'
2025-04-26T22:20:22.187+02:00 TRACE 13448 --- [api-gateway] [    Test worker] o.s.b.f.s.DefaultListableBeanFactory     : Returning cached instance of singleton bean 'resourceUrlProvider'
2025-04-26T22:20:22.187+02:00 TRACE 13448 --- [api-gateway] [    Test worker] o.s.b.f.s.DefaultListableBeanFactory     : Returning cached instance of singleton bean 'requestMappingHandlerAdapter'
2025-04-26T22:20:22.187+02:00 TRACE 13448 --- [api-gateway] [    Test worker] o.s.b.f.s.DefaultListableBeanFactory     : Returning cached instance of singleton bean 'serverCodecConfigurer'
2025-04-26T22:20:22.187+02:00 TRACE 13448 --- [api-gateway] [    Test worker] o.s.b.f.s.DefaultListableBeanFactory     : Returning cached instance of singleton bean 'webFluxAdapterRegistry'
2025-04-26T22:20:22.187+02:00 TRACE 13448 --- [api-gateway] [    Test worker] o.s.b.f.s.DefaultListableBeanFactory     : Returning cached instance of singleton bean 'handlerFunctionAdapter'
2025-04-26T22:20:22.187+02:00 TRACE 13448 --- [api-gateway] [    Test worker] o.s.b.f.s.DefaultListableBeanFactory     : Returning cached instance of singleton bean 'simpleHandlerAdapter'
2025-04-26T22:20:22.187+02:00 TRACE 13448 --- [api-gateway] [    Test worker] o.s.b.f.s.DefaultListableBeanFactory     : Returning cached instance of singleton bean 'webFluxWebSocketHandlerAdapter'
2025-04-26T22:20:22.187+02:00 TRACE 13448 --- [api-gateway] [    Test worker] o.s.b.f.s.DefaultListableBeanFactory     : Returning cached instance of singleton bean 'responseEntityResultHandler'
2025-04-26T22:20:22.187+02:00 TRACE 13448 --- [api-gateway] [    Test worker] o.s.b.f.s.DefaultListableBeanFactory     : Returning cached instance of singleton bean 'responseBodyResultHandler'
2025-04-26T22:20:22.187+02:00 TRACE 13448 --- [api-gateway] [    Test worker] o.s.b.f.s.DefaultListableBeanFactory     : Returning cached instance of singleton bean 'viewResolutionResultHandler'
2025-04-26T22:20:22.187+02:00 TRACE 13448 --- [api-gateway] [    Test worker] o.s.b.f.s.DefaultListableBeanFactory     : Returning cached instance of singleton bean 'serverResponseResultHandler'
2025-04-26T22:20:22.187+02:00 TRACE 13448 --- [api-gateway] [    Test worker] o.s.b.f.s.DefaultListableBeanFactory     : Returning cached instance of singleton bean 'org.springframework.boot.autoconfigure.web.reactive.WebFluxAutoConfiguration$WebFluxConfig'
2025-04-26T22:20:22.187+02:00 TRACE 13448 --- [api-gateway] [    Test worker] o.s.b.f.s.DefaultListableBeanFactory     : Returning cached instance of singleton bean 'org.springframework.boot.autoconfigure.web.reactive.WebFluxAutoConfiguration$WelcomePageConfiguration'
2025-04-26T22:20:22.187+02:00 TRACE 13448 --- [api-gateway] [    Test worker] o.s.b.f.s.DefaultListableBeanFactory     : Returning cached instance of singleton bean 'welcomePageRouterFunctionMapping'
2025-04-26T22:20:22.187+02:00 TRACE 13448 --- [api-gateway] [    Test worker] o.s.b.f.s.DefaultListableBeanFactory     : Returning cached instance of singleton bean 'org.springframework.boot.autoconfigure.web.reactive.WebFluxAutoConfiguration'
2025-04-26T22:20:22.187+02:00 TRACE 13448 --- [api-gateway] [    Test worker] o.s.b.f.s.DefaultListableBeanFactory     : Returning cached instance of singleton bean 'org.springframework.boot.autoconfigure.web.reactive.HttpHandlerAutoConfiguration$AnnotationConfig'
2025-04-26T22:20:22.187+02:00 TRACE 13448 --- [api-gateway] [    Test worker] o.s.b.f.s.DefaultListableBeanFactory     : Returning cached instance of singleton bean 'httpHandler'
2025-04-26T22:20:22.187+02:00 TRACE 13448 --- [api-gateway] [    Test worker] o.s.b.f.s.DefaultListableBeanFactory     : Returning cached instance of singleton bean 'org.springframework.boot.autoconfigure.web.reactive.HttpHandlerAutoConfiguration'
2025-04-26T22:20:22.187+02:00 TRACE 13448 --- [api-gateway] [    Test worker] o.s.b.f.s.DefaultListableBeanFactory     : Returning cached instance of singleton bean 'org.springframework.boot.autoconfigure.aop.AopAutoConfiguration$ClassProxyingConfiguration'
2025-04-26T22:20:22.187+02:00 TRACE 13448 --- [api-gateway] [    Test worker] o.s.b.f.s.DefaultListableBeanFactory     : Returning cached instance of singleton bean 'forceAutoProxyCreatorToUseClassProxying'
2025-04-26T22:20:22.187+02:00 TRACE 13448 --- [api-gateway] [    Test worker] o.s.b.f.s.DefaultListableBeanFactory     : Returning cached instance of singleton bean 'org.springframework.boot.autoconfigure.aop.AopAutoConfiguration'
2025-04-26T22:20:22.187+02:00 TRACE 13448 --- [api-gateway] [    Test worker] o.s.b.f.s.DefaultListableBeanFactory     : Returning cached instance of singleton bean 'org.springframework.boot.autoconfigure.availability.ApplicationAvailabilityAutoConfiguration'
2025-04-26T22:20:22.187+02:00 TRACE 13448 --- [api-gateway] [    Test worker] o.s.b.f.s.DefaultListableBeanFactory     : Returning cached instance of singleton bean 'applicationAvailability'
2025-04-26T22:20:22.187+02:00 TRACE 13448 --- [api-gateway] [    Test worker] o.s.b.f.s.DefaultListableBeanFactory     : Returning cached instance of singleton bean 'org.springframework.cloud.autoconfigure.RefreshAutoConfiguration$RefreshScopeBeanDefinitionEnhancer'
2025-04-26T22:20:22.187+02:00 TRACE 13448 --- [api-gateway] [    Test worker] o.s.b.f.s.DefaultListableBeanFactory     : Returning cached instance of singleton bean 'org.springframework.cloud.autoconfigure.RefreshAutoConfiguration'
2025-04-26T22:20:22.187+02:00 TRACE 13448 --- [api-gateway] [    Test worker] o.s.b.f.s.DefaultListableBeanFactory     : Returning cached instance of singleton bean 'refreshScope'
2025-04-26T22:20:22.187+02:00 TRACE 13448 --- [api-gateway] [    Test worker] o.s.b.f.s.DefaultListableBeanFactory     : Returning cached instance of singleton bean 'loggingRebinder'
2025-04-26T22:20:22.187+02:00 TRACE 13448 --- [api-gateway] [    Test worker] o.s.b.f.s.DefaultListableBeanFactory     : Returning cached instance of singleton bean 'configDataContextRefresher'
2025-04-26T22:20:22.187+02:00 TRACE 13448 --- [api-gateway] [    Test worker] o.s.b.f.s.DefaultListableBeanFactory     : Returning cached instance of singleton bean 'refreshScopeLifecycle'
2025-04-26T22:20:22.187+02:00 TRACE 13448 --- [api-gateway] [    Test worker] o.s.b.f.s.DefaultListableBeanFactory     : Returning cached instance of singleton bean 'refreshEventListener'
2025-04-26T22:20:22.187+02:00 TRACE 13448 --- [api-gateway] [    Test worker] o.s.b.f.s.DefaultListableBeanFactory     : Returning cached instance of singleton bean 'spring.cloud.refresh-org.springframework.cloud.autoconfigure.RefreshAutoConfiguration$RefreshProperties'
2025-04-26T22:20:22.187+02:00 TRACE 13448 --- [api-gateway] [    Test worker] o.s.b.f.s.DefaultListableBeanFactory     : Returning cached instance of singleton bean 'org.springframework.boot.autoconfigure.context.ConfigurationPropertiesAutoConfiguration'
2025-04-26T22:20:22.187+02:00 TRACE 13448 --- [api-gateway] [    Test worker] o.s.b.f.s.DefaultListableBeanFactory     : Returning cached instance of singleton bean 'org.springframework.boot.autoconfigure.context.LifecycleAutoConfiguration'
2025-04-26T22:20:22.187+02:00 TRACE 13448 --- [api-gateway] [    Test worker] o.s.b.f.s.DefaultListableBeanFactory     : Returning cached instance of singleton bean 'lifecycleProcessor'
2025-04-26T22:20:22.187+02:00 TRACE 13448 --- [api-gateway] [    Test worker] o.s.b.f.s.DefaultListableBeanFactory     : Returning cached instance of singleton bean 'spring.lifecycle-org.springframework.boot.autoconfigure.context.LifecycleProperties'
2025-04-26T22:20:22.187+02:00 TRACE 13448 --- [api-gateway] [    Test worker] o.s.b.f.s.DefaultListableBeanFactory     : Returning cached instance of singleton bean 'org.springframework.boot.autoconfigure.gson.GsonAutoConfiguration'
2025-04-26T22:20:22.187+02:00 TRACE 13448 --- [api-gateway] [    Test worker] o.s.b.f.s.DefaultListableBeanFactory     : Returning cached instance of singleton bean 'gsonBuilder'
2025-04-26T22:20:22.187+02:00 TRACE 13448 --- [api-gateway] [    Test worker] o.s.b.f.s.DefaultListableBeanFactory     : Returning cached instance of singleton bean 'gson'
2025-04-26T22:20:22.187+02:00 TRACE 13448 --- [api-gateway] [    Test worker] o.s.b.f.s.DefaultListableBeanFactory     : Returning cached instance of singleton bean 'standardGsonBuilderCustomizer'
2025-04-26T22:20:22.187+02:00 TRACE 13448 --- [api-gateway] [    Test worker] o.s.b.f.s.DefaultListableBeanFactory     : Returning cached instance of singleton bean 'spring.gson-org.springframework.boot.autoconfigure.gson.GsonProperties'
2025-04-26T22:20:22.187+02:00 TRACE 13448 --- [api-gateway] [    Test worker] o.s.b.f.s.DefaultListableBeanFactory     : Returning cached instance of singleton bean 'org.springframework.boot.autoconfigure.ssl.SslAutoConfiguration'
2025-04-26T22:20:22.187+02:00 TRACE 13448 --- [api-gateway] [    Test worker] o.s.b.f.s.DefaultListableBeanFactory     : Returning cached instance of singleton bean 'fileWatcher'
2025-04-26T22:20:22.187+02:00 TRACE 13448 --- [api-gateway] [    Test worker] o.s.b.f.s.DefaultListableBeanFactory     : Returning cached instance of singleton bean 'sslPropertiesSslBundleRegistrar'
2025-04-26T22:20:22.187+02:00 TRACE 13448 --- [api-gateway] [    Test worker] o.s.b.f.s.DefaultListableBeanFactory     : Returning cached instance of singleton bean 'sslBundleRegistry'
2025-04-26T22:20:22.187+02:00 TRACE 13448 --- [api-gateway] [    Test worker] o.s.b.f.s.DefaultListableBeanFactory     : Returning cached instance of singleton bean 'spring.ssl-org.springframework.boot.autoconfigure.ssl.SslProperties'
2025-04-26T22:20:22.187+02:00 TRACE 13448 --- [api-gateway] [    Test worker] o.s.b.f.s.DefaultListableBeanFactory     : Returning cached instance of singleton bean 'org.springframework.boot.autoconfigure.info.ProjectInfoAutoConfiguration'
2025-04-26T22:20:22.187+02:00 TRACE 13448 --- [api-gateway] [    Test worker] o.s.b.f.s.DefaultListableBeanFactory     : Returning cached instance of singleton bean 'spring.info-org.springframework.boot.autoconfigure.info.ProjectInfoProperties'
2025-04-26T22:20:22.188+02:00 TRACE 13448 --- [api-gateway] [    Test worker] o.s.b.f.s.DefaultListableBeanFactory     : Returning cached instance of singleton bean 'org.springframework.boot.autoconfigure.netty.NettyAutoConfiguration'
2025-04-26T22:20:22.188+02:00 TRACE 13448 --- [api-gateway] [    Test worker] o.s.b.f.s.DefaultListableBeanFactory     : Returning cached instance of singleton bean 'spring.netty-org.springframework.boot.autoconfigure.netty.NettyProperties'
2025-04-26T22:20:22.188+02:00 TRACE 13448 --- [api-gateway] [    Test worker] o.s.b.f.s.DefaultListableBeanFactory     : Returning cached instance of singleton bean 'org.springframework.boot.autoconfigure.reactor.ReactorAutoConfiguration'
2025-04-26T22:20:22.188+02:00 TRACE 13448 --- [api-gateway] [    Test worker] o.s.b.f.s.DefaultListableBeanFactory     : Returning cached instance of singleton bean 'spring.reactor-org.springframework.boot.autoconfigure.reactor.ReactorProperties'
2025-04-26T22:20:22.188+02:00 TRACE 13448 --- [api-gateway] [    Test worker] o.s.b.f.s.DefaultListableBeanFactory     : Returning cached instance of singleton bean 'org.springframework.boot.autoconfigure.security.oauth2.resource.reactive.ReactiveOAuth2ResourceServerJwkConfiguration$JwtConfiguration'
2025-04-26T22:20:22.188+02:00 TRACE 13448 --- [api-gateway] [    Test worker] o.s.b.f.s.DefaultListableBeanFactory     : Returning cached instance of singleton bean 'jwtDecoderByIssuerUri'
2025-04-26T22:20:22.188+02:00 TRACE 13448 --- [api-gateway] [    Test worker] o.s.b.f.s.DefaultListableBeanFactory     : Returning cached instance of singleton bean 'org.springframework.boot.autoconfigure.security.oauth2.resource.reactive.ReactiveOAuth2ResourceServerConfiguration$JwtConfiguration'
2025-04-26T22:20:22.188+02:00 TRACE 13448 --- [api-gateway] [    Test worker] o.s.b.f.s.DefaultListableBeanFactory     : Returning cached instance of singleton bean 'org.springframework.boot.autoconfigure.security.oauth2.resource.reactive.ReactiveOAuth2ResourceServerOpaqueTokenConfiguration$OpaqueTokenIntrospectionClientConfiguration'
2025-04-26T22:20:22.188+02:00 TRACE 13448 --- [api-gateway] [    Test worker] o.s.b.f.s.DefaultListableBeanFactory     : Returning cached instance of singleton bean 'org.springframework.boot.autoconfigure.security.oauth2.resource.reactive.ReactiveOAuth2ResourceServerConfiguration$OpaqueTokenConfiguration'
2025-04-26T22:20:22.188+02:00 TRACE 13448 --- [api-gateway] [    Test worker] o.s.b.f.s.DefaultListableBeanFactory     : Returning cached instance of singleton bean 'org.springframework.boot.autoconfigure.security.oauth2.resource.reactive.ReactiveOAuth2ResourceServerAutoConfiguration'
2025-04-26T22:20:22.188+02:00 TRACE 13448 --- [api-gateway] [    Test worker] o.s.b.f.s.DefaultListableBeanFactory     : Returning cached instance of singleton bean 'spring.security.oauth2.resourceserver-org.springframework.boot.autoconfigure.security.oauth2.resource.OAuth2ResourceServerProperties'
2025-04-26T22:20:22.188+02:00 TRACE 13448 --- [api-gateway] [    Test worker] o.s.b.f.s.DefaultListableBeanFactory     : Returning cached instance of singleton bean 'org.springframework.boot.autoconfigure.security.reactive.ReactiveSecurityAutoConfiguration$SpringBootWebFluxSecurityConfiguration'
2025-04-26T22:20:22.188+02:00 TRACE 13448 --- [api-gateway] [    Test worker] o.s.b.f.s.DefaultListableBeanFactory     : Returning cached instance of singleton bean 'org.springframework.boot.autoconfigure.security.reactive.ReactiveSecurityAutoConfiguration'
2025-04-26T22:20:22.188+02:00 TRACE 13448 --- [api-gateway] [    Test worker] o.s.b.f.s.DefaultListableBeanFactory     : Returning cached instance of singleton bean 'spring.security-org.springframework.boot.autoconfigure.security.SecurityProperties'
2025-04-26T22:20:22.188+02:00 TRACE 13448 --- [api-gateway] [    Test worker] o.s.b.f.s.DefaultListableBeanFactory     : Returning cached instance of singleton bean 'org.springframework.boot.autoconfigure.security.servlet.SecurityAutoConfiguration'
2025-04-26T22:20:22.188+02:00 TRACE 13448 --- [api-gateway] [    Test worker] o.s.b.f.s.DefaultListableBeanFactory     : Returning cached instance of singleton bean 'authenticationEventPublisher'
2025-04-26T22:20:22.188+02:00 TRACE 13448 --- [api-gateway] [    Test worker] o.s.b.f.s.DefaultListableBeanFactory     : Returning cached instance of singleton bean 'org.springframework.boot.autoconfigure.sql.init.SqlInitializationAutoConfiguration'
2025-04-26T22:20:22.188+02:00 TRACE 13448 --- [api-gateway] [    Test worker] o.s.b.f.s.DefaultListableBeanFactory     : Returning cached instance of singleton bean 'spring.sql.init-org.springframework.boot.autoconfigure.sql.init.SqlInitializationProperties'
2025-04-26T22:20:22.188+02:00 TRACE 13448 --- [api-gateway] [    Test worker] o.s.b.f.s.DefaultListableBeanFactory     : Returning cached instance of singleton bean 'org.springframework.boot.sql.init.dependency.DatabaseInitializationDependencyConfigurer$DependsOnDatabaseInitializationPostProcessor'
2025-04-26T22:20:22.188+02:00 TRACE 13448 --- [api-gateway] [    Test worker] o.s.b.f.s.DefaultListableBeanFactory     : Returning cached instance of singleton bean 'org.springframework.boot.autoconfigure.task.TaskExecutorConfigurations$ThreadPoolTaskExecutorBuilderConfiguration'
2025-04-26T22:20:22.188+02:00 TRACE 13448 --- [api-gateway] [    Test worker] o.s.b.f.s.DefaultListableBeanFactory     : Returning cached instance of singleton bean 'threadPoolTaskExecutorBuilder'
2025-04-26T22:20:22.188+02:00 TRACE 13448 --- [api-gateway] [    Test worker] o.s.b.f.s.DefaultListableBeanFactory     : Returning cached instance of singleton bean 'org.springframework.boot.autoconfigure.task.TaskExecutorConfigurations$SimpleAsyncTaskExecutorBuilderConfiguration'
2025-04-26T22:20:22.188+02:00 TRACE 13448 --- [api-gateway] [    Test worker] o.s.b.f.s.DefaultListableBeanFactory     : Returning cached instance of singleton bean 'simpleAsyncTaskExecutorBuilder'
2025-04-26T22:20:22.188+02:00 TRACE 13448 --- [api-gateway] [    Test worker] o.s.b.f.s.DefaultListableBeanFactory     : Returning cached instance of singleton bean 'org.springframework.boot.autoconfigure.task.TaskExecutorConfigurations$TaskExecutorConfiguration'
2025-04-26T22:20:22.188+02:00 TRACE 13448 --- [api-gateway] [    Test worker] o.s.b.f.s.DefaultListableBeanFactory     : Returning cached instance of singleton bean 'applicationTaskExecutor'
2025-04-26T22:20:22.188+02:00 TRACE 13448 --- [api-gateway] [    Test worker] o.s.b.f.s.DefaultListableBeanFactory     : Returning cached instance of singleton bean 'org.springframework.boot.autoconfigure.task.TaskExecutionAutoConfiguration'
2025-04-26T22:20:22.188+02:00 TRACE 13448 --- [api-gateway] [    Test worker] o.s.b.f.s.DefaultListableBeanFactory     : Returning cached instance of singleton bean 'spring.task.execution-org.springframework.boot.autoconfigure.task.TaskExecutionProperties'
2025-04-26T22:20:22.188+02:00 TRACE 13448 --- [api-gateway] [    Test worker] o.s.b.f.s.DefaultListableBeanFactory     : Returning cached instance of singleton bean 'org.springframework.boot.autoconfigure.task.TaskSchedulingConfigurations$ThreadPoolTaskSchedulerBuilderConfiguration'
2025-04-26T22:20:22.188+02:00 TRACE 13448 --- [api-gateway] [    Test worker] o.s.b.f.s.DefaultListableBeanFactory     : Returning cached instance of singleton bean 'threadPoolTaskSchedulerBuilder'
2025-04-26T22:20:22.188+02:00 TRACE 13448 --- [api-gateway] [    Test worker] o.s.b.f.s.DefaultListableBeanFactory     : Returning cached instance of singleton bean 'org.springframework.boot.autoconfigure.task.TaskSchedulingConfigurations$SimpleAsyncTaskSchedulerBuilderConfiguration'
2025-04-26T22:20:22.188+02:00 TRACE 13448 --- [api-gateway] [    Test worker] o.s.b.f.s.DefaultListableBeanFactory     : Returning cached instance of singleton bean 'simpleAsyncTaskSchedulerBuilder'
2025-04-26T22:20:22.188+02:00 TRACE 13448 --- [api-gateway] [    Test worker] o.s.b.f.s.DefaultListableBeanFactory     : Returning cached instance of singleton bean 'org.springframework.boot.autoconfigure.task.TaskSchedulingAutoConfiguration'
2025-04-26T22:20:22.188+02:00 TRACE 13448 --- [api-gateway] [    Test worker] o.s.b.f.s.DefaultListableBeanFactory     : Returning cached instance of singleton bean 'spring.task.scheduling-org.springframework.boot.autoconfigure.task.TaskSchedulingProperties'
2025-04-26T22:20:22.188+02:00 TRACE 13448 --- [api-gateway] [    Test worker] o.s.b.f.s.DefaultListableBeanFactory     : Returning cached instance of singleton bean 'org.springframework.boot.autoconfigure.web.embedded.EmbeddedWebServerFactoryCustomizerAutoConfiguration$NettyWebServerFactoryCustomizerConfiguration'
2025-04-26T22:20:22.188+02:00 TRACE 13448 --- [api-gateway] [    Test worker] o.s.b.f.s.DefaultListableBeanFactory     : Returning cached instance of singleton bean 'nettyWebServerFactoryCustomizer'
2025-04-26T22:20:22.188+02:00 TRACE 13448 --- [api-gateway] [    Test worker] o.s.b.f.s.DefaultListableBeanFactory     : Returning cached instance of singleton bean 'org.springframework.boot.autoconfigure.web.embedded.EmbeddedWebServerFactoryCustomizerAutoConfiguration'
2025-04-26T22:20:22.188+02:00 TRACE 13448 --- [api-gateway] [    Test worker] o.s.b.f.s.DefaultListableBeanFactory     : Returning cached instance of singleton bean 'org.springframework.boot.autoconfigure.web.reactive.function.client.ClientHttpConnectorFactoryConfiguration$ReactorNetty'
2025-04-26T22:20:22.188+02:00 TRACE 13448 --- [api-gateway] [    Test worker] o.s.b.f.s.DefaultListableBeanFactory     : Returning cached instance of singleton bean 'reactorClientHttpConnectorFactory'
2025-04-26T22:20:22.188+02:00 TRACE 13448 --- [api-gateway] [    Test worker] o.s.b.f.s.DefaultListableBeanFactory     : Returning cached instance of singleton bean 'org.springframework.boot.autoconfigure.web.reactive.function.client.ClientHttpConnectorAutoConfiguration'
2025-04-26T22:20:22.188+02:00 TRACE 13448 --- [api-gateway] [    Test worker] o.s.b.f.s.DefaultListableBeanFactory     : Returning cached instance of singleton bean 'webClientHttpConnector'
2025-04-26T22:20:22.188+02:00 TRACE 13448 --- [api-gateway] [    Test worker] o.s.b.f.s.DefaultListableBeanFactory     : Returning cached instance of singleton bean 'webClientHttpConnectorCustomizer'
2025-04-26T22:20:22.188+02:00 TRACE 13448 --- [api-gateway] [    Test worker] o.s.b.f.s.DefaultListableBeanFactory     : Returning cached instance of singleton bean 'org.springframework.boot.autoconfigure.web.reactive.function.client.WebClientAutoConfiguration$WebClientCodecsConfiguration'
2025-04-26T22:20:22.188+02:00 TRACE 13448 --- [api-gateway] [    Test worker] o.s.b.f.s.DefaultListableBeanFactory     : Returning cached instance of singleton bean 'exchangeStrategiesCustomizer'
2025-04-26T22:20:22.188+02:00 TRACE 13448 --- [api-gateway] [    Test worker] o.s.b.f.s.DefaultListableBeanFactory     : Returning cached instance of singleton bean 'org.springframework.boot.autoconfigure.web.reactive.function.client.WebClientAutoConfiguration'
2025-04-26T22:20:22.189+02:00 TRACE 13448 --- [api-gateway] [    Test worker] o.s.b.f.s.DefaultListableBeanFactory     : Returning cached instance of singleton bean 'webClientSsl'
2025-04-26T22:20:22.189+02:00 TRACE 13448 --- [api-gateway] [    Test worker] o.s.b.f.s.DefaultListableBeanFactory     : Returning cached instance of singleton bean 'org.springframework.cloud.autoconfigure.ConfigurationPropertiesRebinderAutoConfiguration'
2025-04-26T22:20:22.189+02:00 TRACE 13448 --- [api-gateway] [    Test worker] o.s.b.f.s.DefaultListableBeanFactory     : Returning cached instance of singleton bean 'configurationPropertiesBeans'
2025-04-26T22:20:22.189+02:00 TRACE 13448 --- [api-gateway] [    Test worker] o.s.b.f.s.DefaultListableBeanFactory     : Returning cached instance of singleton bean 'configurationPropertiesRebinder'
2025-04-26T22:20:22.189+02:00 TRACE 13448 --- [api-gateway] [    Test worker] o.s.b.f.s.DefaultListableBeanFactory     : Returning cached instance of singleton bean 'org.springframework.cloud.autoconfigure.LifecycleMvcEndpointAutoConfiguration'
2025-04-26T22:20:22.189+02:00 TRACE 13448 --- [api-gateway] [    Test worker] o.s.b.f.s.DefaultListableBeanFactory     : Returning cached instance of singleton bean 'environmentManager'
2025-04-26T22:20:22.189+02:00 TRACE 13448 --- [api-gateway] [    Test worker] o.s.b.f.s.DefaultListableBeanFactory     : Returning cached instance of singleton bean 'org.springframework.cloud.client.discovery.simple.SimpleDiscoveryClientAutoConfiguration'
2025-04-26T22:20:22.189+02:00 TRACE 13448 --- [api-gateway] [    Test worker] o.s.b.f.s.DefaultListableBeanFactory     : Returning cached instance of singleton bean 'simpleDiscoveryProperties'
2025-04-26T22:20:22.189+02:00 TRACE 13448 --- [api-gateway] [    Test worker] o.s.b.f.s.DefaultListableBeanFactory     : Returning cached instance of singleton bean 'simpleDiscoveryClient'
2025-04-26T22:20:22.189+02:00 TRACE 13448 --- [api-gateway] [    Test worker] o.s.b.f.s.DefaultListableBeanFactory     : Returning cached instance of singleton bean 'org.springframework.cloud.client.serviceregistry.AutoServiceRegistrationConfiguration'
2025-04-26T22:20:22.189+02:00 TRACE 13448 --- [api-gateway] [    Test worker] o.s.b.f.s.DefaultListableBeanFactory     : Returning cached instance of singleton bean 'spring.cloud.service-registry.auto-registration-org.springframework.cloud.client.serviceregistry.AutoServiceRegistrationProperties'
2025-04-26T22:20:22.189+02:00 TRACE 13448 --- [api-gateway] [    Test worker] o.s.b.f.s.DefaultListableBeanFactory     : Returning cached instance of singleton bean 'org.springframework.cloud.client.serviceregistry.AutoServiceRegistrationAutoConfiguration'
2025-04-26T22:20:22.189+02:00 TRACE 13448 --- [api-gateway] [    Test worker] o.s.b.f.s.DefaultListableBeanFactory     : Returning cached instance of singleton bean 'org.springframework.cloud.netflix.eureka.EurekaDiscoveryClientConfiguration$EurekaClientConfigurationRefresher'
2025-04-26T22:20:22.189+02:00 TRACE 13448 --- [api-gateway] [    Test worker] o.s.b.f.s.DefaultListableBeanFactory     : Returning cached instance of singleton bean 'org.springframework.cloud.netflix.eureka.EurekaDiscoveryClientConfiguration'
2025-04-26T22:20:22.189+02:00 TRACE 13448 --- [api-gateway] [    Test worker] o.s.b.f.s.DefaultListableBeanFactory     : Returning cached instance of singleton bean 'discoveryClient'
2025-04-26T22:20:22.189+02:00 TRACE 13448 --- [api-gateway] [    Test worker] o.s.b.f.s.DefaultListableBeanFactory     : Returning cached instance of singleton bean 'org.springframework.cloud.netflix.eureka.config.DiscoveryClientOptionalArgsConfiguration$WebClientConfiguration'
2025-04-26T22:20:22.189+02:00 TRACE 13448 --- [api-gateway] [    Test worker] o.s.b.f.s.DefaultListableBeanFactory     : Returning cached instance of singleton bean 'webClientDiscoveryClientOptionalArgs'
2025-04-26T22:20:22.189+02:00 TRACE 13448 --- [api-gateway] [    Test worker] o.s.b.f.s.DefaultListableBeanFactory     : Returning cached instance of singleton bean 'webClientTransportClientFactories'
2025-04-26T22:20:22.189+02:00 TRACE 13448 --- [api-gateway] [    Test worker] o.s.b.f.s.DefaultListableBeanFactory     : Returning cached instance of singleton bean 'org.springframework.cloud.netflix.eureka.config.DiscoveryClientOptionalArgsConfiguration'
2025-04-26T22:20:22.189+02:00 TRACE 13448 --- [api-gateway] [    Test worker] o.s.b.f.s.DefaultListableBeanFactory     : Returning cached instance of singleton bean 'tlsProperties'
2025-04-26T22:20:22.189+02:00 TRACE 13448 --- [api-gateway] [    Test worker] o.s.b.f.s.DefaultListableBeanFactory     : Returning cached instance of singleton bean 'eureka.client.restclient.timeout-org.springframework.cloud.netflix.eureka.RestClientTimeoutProperties'
2025-04-26T22:20:22.189+02:00 TRACE 13448 --- [api-gateway] [    Test worker] o.s.b.f.s.DefaultListableBeanFactory     : Returning cached instance of singleton bean 'eureka.client.rest-template-timeout-org.springframework.cloud.netflix.eureka.RestTemplateTimeoutProperties'
2025-04-26T22:20:22.189+02:00 TRACE 13448 --- [api-gateway] [    Test worker] o.s.b.f.s.DefaultListableBeanFactory     : Returning cached instance of singleton bean 'org.springframework.cloud.netflix.eureka.EurekaClientAutoConfiguration$RefreshableEurekaClientConfiguration'
2025-04-26T22:20:22.189+02:00 TRACE 13448 --- [api-gateway] [    Test worker] o.s.b.f.s.DefaultListableBeanFactory     : Returning cached instance of singleton bean 'eurekaClient'
2025-04-26T22:20:22.189+02:00 TRACE 13448 --- [api-gateway] [    Test worker] o.s.b.f.s.DefaultListableBeanFactory     : Returning cached instance of singleton bean 'eurekaClient'
2025-04-26T22:20:22.189+02:00 TRACE 13448 --- [api-gateway] [    Test worker] o.s.b.f.s.DefaultListableBeanFactory     : Returning cached instance of singleton bean 'eurekaApplicationInfoManager'
2025-04-26T22:20:22.189+02:00 TRACE 13448 --- [api-gateway] [    Test worker] o.s.b.f.s.DefaultListableBeanFactory     : Returning cached instance of singleton bean 'eurekaApplicationInfoManager'
2025-04-26T22:20:22.189+02:00 TRACE 13448 --- [api-gateway] [    Test worker] o.s.b.f.s.DefaultListableBeanFactory     : Returning cached instance of singleton bean 'eurekaRegistration'
2025-04-26T22:20:22.189+02:00 TRACE 13448 --- [api-gateway] [    Test worker] o.s.b.f.s.DefaultListableBeanFactory     : Returning cached instance of singleton bean 'eurekaRegistration'
2025-04-26T22:20:22.189+02:00 TRACE 13448 --- [api-gateway] [    Test worker] o.s.b.f.s.DefaultListableBeanFactory     : Returning cached instance of singleton bean 'org.springframework.cloud.netflix.eureka.EurekaClientAutoConfiguration'
2025-04-26T22:20:22.189+02:00 TRACE 13448 --- [api-gateway] [    Test worker] o.s.b.f.s.DefaultListableBeanFactory     : Returning cached instance of singleton bean 'eurekaFeature'
2025-04-26T22:20:22.189+02:00 TRACE 13448 --- [api-gateway] [    Test worker] o.s.b.f.s.DefaultListableBeanFactory     : Returning cached instance of singleton bean 'eurekaClientConfigBean'
2025-04-26T22:20:22.189+02:00 TRACE 13448 --- [api-gateway] [    Test worker] o.s.b.f.s.DefaultListableBeanFactory     : Returning cached instance of singleton bean 'serviceManagementMetadataProvider'
2025-04-26T22:20:22.189+02:00 TRACE 13448 --- [api-gateway] [    Test worker] o.s.b.f.s.DefaultListableBeanFactory     : Returning cached instance of singleton bean 'eurekaInstanceConfigBean'
2025-04-26T22:20:22.189+02:00 TRACE 13448 --- [api-gateway] [    Test worker] o.s.b.f.s.DefaultListableBeanFactory     : Returning cached instance of singleton bean 'eurekaServiceRegistry'
2025-04-26T22:20:22.189+02:00 TRACE 13448 --- [api-gateway] [    Test worker] o.s.b.f.s.DefaultListableBeanFactory     : Returning cached instance of singleton bean 'eurekaAutoServiceRegistration'
2025-04-26T22:20:22.189+02:00 TRACE 13448 --- [api-gateway] [    Test worker] o.s.b.f.s.DefaultListableBeanFactory     : Returning cached instance of singleton bean 'org.springframework.cloud.client.CommonsClientAutoConfiguration'
2025-04-26T22:20:22.189+02:00 TRACE 13448 --- [api-gateway] [    Test worker] o.s.b.f.s.DefaultListableBeanFactory     : Returning cached instance of singleton bean 'org.springframework.cloud.client.discovery.composite.reactive.ReactiveCompositeDiscoveryClientAutoConfiguration'
2025-04-26T22:20:22.189+02:00 TRACE 13448 --- [api-gateway] [    Test worker] o.s.b.f.s.DefaultListableBeanFactory     : Returning cached instance of singleton bean 'reactiveCompositeDiscoveryClient'
2025-04-26T22:20:22.189+02:00 TRACE 13448 --- [api-gateway] [    Test worker] o.s.b.f.s.DefaultListableBeanFactory     : Returning cached instance of singleton bean 'org.springframework.cloud.client.discovery.simple.reactive.SimpleReactiveDiscoveryClientAutoConfiguration'
2025-04-26T22:20:22.189+02:00 TRACE 13448 --- [api-gateway] [    Test worker] o.s.b.f.s.DefaultListableBeanFactory     : Returning cached instance of singleton bean 'simpleReactiveDiscoveryProperties'
2025-04-26T22:20:22.189+02:00 TRACE 13448 --- [api-gateway] [    Test worker] o.s.b.f.s.DefaultListableBeanFactory     : Returning cached instance of singleton bean 'simpleReactiveDiscoveryClient'
2025-04-26T22:20:22.189+02:00 TRACE 13448 --- [api-gateway] [    Test worker] o.s.b.f.s.DefaultListableBeanFactory     : Returning cached instance of singleton bean 'spring.cloud.discovery.client.health-indicator-org.springframework.cloud.client.discovery.health.DiscoveryClientHealthIndicatorProperties'
2025-04-26T22:20:22.189+02:00 TRACE 13448 --- [api-gateway] [    Test worker] o.s.b.f.s.DefaultListableBeanFactory     : Returning cached instance of singleton bean 'org.springframework.cloud.netflix.eureka.reactive.EurekaReactiveDiscoveryClientConfiguration'
2025-04-26T22:20:22.189+02:00 TRACE 13448 --- [api-gateway] [    Test worker] o.s.b.f.s.DefaultListableBeanFactory     : Returning cached instance of singleton bean 'eurekaReactiveDiscoveryClient'
2025-04-26T22:20:22.189+02:00 TRACE 13448 --- [api-gateway] [    Test worker] o.s.b.f.s.DefaultListableBeanFactory     : Returning cached instance of singleton bean 'org.springframework.cloud.client.ReactiveCommonsClientAutoConfiguration'
2025-04-26T22:20:22.189+02:00 TRACE 13448 --- [api-gateway] [    Test worker] o.s.b.f.s.DefaultListableBeanFactory     : Returning cached instance of singleton bean 'org.springframework.cloud.loadbalancer.config.BlockingLoadBalancerClientAutoConfiguration'
2025-04-26T22:20:22.189+02:00 TRACE 13448 --- [api-gateway] [    Test worker] o.s.b.f.s.DefaultListableBeanFactory     : Returning cached instance of singleton bean 'blockingLoadBalancerClient'
2025-04-26T22:20:22.189+02:00 TRACE 13448 --- [api-gateway] [    Test worker] o.s.b.f.s.DefaultListableBeanFactory     : Returning cached instance of singleton bean 'loadBalancerServiceInstanceCookieTransformer'
2025-04-26T22:20:22.189+02:00 TRACE 13448 --- [api-gateway] [    Test worker] o.s.b.f.s.DefaultListableBeanFactory     : Returning cached instance of singleton bean 'xForwarderHeadersTransformer'
2025-04-26T22:20:22.189+02:00 TRACE 13448 --- [api-gateway] [    Test worker] o.s.b.f.s.DefaultListableBeanFactory     : Returning cached instance of singleton bean 'default.org.springframework.cloud.loadbalancer.config.BlockingLoadBalancerClientAutoConfiguration.LoadBalancerClientSpecification'
2025-04-26T22:20:22.190+02:00 TRACE 13448 --- [api-gateway] [    Test worker] o.s.b.f.s.DefaultListableBeanFactory     : Returning cached instance of singleton bean 'org.springframework.cloud.client.loadbalancer.LoadBalancerAutoConfiguration$LoadBalancerInterceptorConfig'
2025-04-26T22:20:22.190+02:00 TRACE 13448 --- [api-gateway] [    Test worker] o.s.b.f.s.DefaultListableBeanFactory     : Returning cached instance of singleton bean 'loadBalancerInterceptor'
2025-04-26T22:20:22.190+02:00 TRACE 13448 --- [api-gateway] [    Test worker] o.s.b.f.s.DefaultListableBeanFactory     : Returning cached instance of singleton bean 'restTemplateCustomizer'
2025-04-26T22:20:22.190+02:00 TRACE 13448 --- [api-gateway] [    Test worker] o.s.b.f.s.DefaultListableBeanFactory     : Returning cached instance of singleton bean 'org.springframework.cloud.client.loadbalancer.LoadBalancerAutoConfiguration$DeferringLoadBalancerInterceptorConfig'
2025-04-26T22:20:22.190+02:00 TRACE 13448 --- [api-gateway] [    Test worker] o.s.b.f.s.DefaultListableBeanFactory     : Returning cached instance of singleton bean 'deferringLoadBalancerInterceptor'
2025-04-26T22:20:22.190+02:00 TRACE 13448 --- [api-gateway] [    Test worker] o.s.b.f.s.DefaultListableBeanFactory     : Returning cached instance of singleton bean 'lbRestClientPostProcessor'
2025-04-26T22:20:22.190+02:00 TRACE 13448 --- [api-gateway] [    Test worker] o.s.b.f.s.DefaultListableBeanFactory     : Returning cached instance of singleton bean 'lbRestTemplateBuilderPostProcessor'
2025-04-26T22:20:22.190+02:00 TRACE 13448 --- [api-gateway] [    Test worker] o.s.b.f.s.DefaultListableBeanFactory     : Returning cached instance of singleton bean 'org.springframework.cloud.client.loadbalancer.LoadBalancerAutoConfiguration'
2025-04-26T22:20:22.190+02:00 TRACE 13448 --- [api-gateway] [    Test worker] o.s.b.f.s.DefaultListableBeanFactory     : Returning cached instance of singleton bean 'loadBalancedRestTemplateInitializerDeprecated'
2025-04-26T22:20:22.190+02:00 TRACE 13448 --- [api-gateway] [    Test worker] o.s.b.f.s.DefaultListableBeanFactory     : Returning cached instance of singleton bean 'loadBalancerRequestFactory'
2025-04-26T22:20:22.190+02:00 TRACE 13448 --- [api-gateway] [    Test worker] o.s.b.f.s.DefaultListableBeanFactory     : Returning cached instance of singleton bean 'org.springframework.cloud.client.loadbalancer.LoadBalancerDefaultMappingsProviderAutoConfiguration'
2025-04-26T22:20:22.190+02:00 TRACE 13448 --- [api-gateway] [    Test worker] o.s.b.f.s.DefaultListableBeanFactory     : Returning cached instance of singleton bean 'loadBalancerClientsDefaultsMappingsProvider'
2025-04-26T22:20:22.190+02:00 TRACE 13448 --- [api-gateway] [    Test worker] o.s.b.f.s.DefaultListableBeanFactory     : Returning cached instance of singleton bean 'org.springframework.cloud.client.loadbalancer.reactive.LoadBalancerBeanPostProcessorAutoConfiguration$ReactorDeferringLoadBalancerFilterConfig'
2025-04-26T22:20:22.190+02:00 TRACE 13448 --- [api-gateway] [    Test worker] o.s.b.f.s.DefaultListableBeanFactory     : Returning cached instance of singleton bean 'reactorDeferringLoadBalancerExchangeFilterFunction'
2025-04-26T22:20:22.190+02:00 TRACE 13448 --- [api-gateway] [    Test worker] o.s.b.f.s.DefaultListableBeanFactory     : Returning cached instance of singleton bean 'org.springframework.cloud.client.loadbalancer.reactive.LoadBalancerBeanPostProcessorAutoConfiguration'
2025-04-26T22:20:22.190+02:00 TRACE 13448 --- [api-gateway] [    Test worker] o.s.b.f.s.DefaultListableBeanFactory     : Returning cached instance of singleton bean 'loadBalancerWebClientBuilderBeanPostProcessor'
2025-04-26T22:20:22.190+02:00 TRACE 13448 --- [api-gateway] [    Test worker] o.s.b.f.s.DefaultListableBeanFactory     : Returning cached instance of singleton bean 'org.springframework.cloud.client.loadbalancer.reactive.ReactorLoadBalancerClientAutoConfiguration'
2025-04-26T22:20:22.190+02:00 TRACE 13448 --- [api-gateway] [    Test worker] o.s.b.f.s.DefaultListableBeanFactory     : Returning cached instance of singleton bean 'loadBalancerExchangeFilterFunction'
2025-04-26T22:20:22.190+02:00 TRACE 13448 --- [api-gateway] [    Test worker] o.s.b.f.s.DefaultListableBeanFactory     : Returning cached instance of singleton bean 'org.springframework.cloud.client.serviceregistry.ServiceRegistryAutoConfiguration'
2025-04-26T22:20:22.190+02:00 TRACE 13448 --- [api-gateway] [    Test worker] o.s.b.f.s.DefaultListableBeanFactory     : Returning cached instance of singleton bean 'org.springframework.cloud.commons.config.CommonsConfigAutoConfiguration'
2025-04-26T22:20:22.190+02:00 TRACE 13448 --- [api-gateway] [    Test worker] o.s.b.f.s.DefaultListableBeanFactory     : Returning cached instance of singleton bean 'defaultsBindHandlerAdvisor'
2025-04-26T22:20:22.190+02:00 TRACE 13448 --- [api-gateway] [    Test worker] o.s.b.f.s.DefaultListableBeanFactory     : Returning cached instance of singleton bean 'org.springframework.cloud.commons.util.UtilAutoConfiguration'
2025-04-26T22:20:22.190+02:00 TRACE 13448 --- [api-gateway] [    Test worker] o.s.b.f.s.DefaultListableBeanFactory     : Returning cached instance of singleton bean 'inetUtilsProperties'
2025-04-26T22:20:22.190+02:00 TRACE 13448 --- [api-gateway] [    Test worker] o.s.b.f.s.DefaultListableBeanFactory     : Returning cached instance of singleton bean 'inetUtils'
2025-04-26T22:20:22.190+02:00 TRACE 13448 --- [api-gateway] [    Test worker] o.s.b.f.s.DefaultListableBeanFactory     : Returning cached instance of singleton bean 'org.springframework.cloud.configuration.CompatibilityVerifierAutoConfiguration'
2025-04-26T22:20:22.190+02:00 TRACE 13448 --- [api-gateway] [    Test worker] o.s.b.f.s.DefaultListableBeanFactory     : Returning cached instance of singleton bean 'compositeCompatibilityVerifier'
2025-04-26T22:20:22.190+02:00 TRACE 13448 --- [api-gateway] [    Test worker] o.s.b.f.s.DefaultListableBeanFactory     : Returning cached instance of singleton bean 'springBootVersionVerifier'
2025-04-26T22:20:22.190+02:00 TRACE 13448 --- [api-gateway] [    Test worker] o.s.b.f.s.DefaultListableBeanFactory     : Returning cached instance of singleton bean 'sleuthPresentVerifier'
2025-04-26T22:20:22.190+02:00 TRACE 13448 --- [api-gateway] [    Test worker] o.s.b.f.s.DefaultListableBeanFactory     : Returning cached instance of singleton bean 'spring.cloud.compatibility-verifier-org.springframework.cloud.configuration.CompatibilityVerifierProperties'
2025-04-26T22:20:22.190+02:00 TRACE 13448 --- [api-gateway] [    Test worker] o.s.b.f.s.DefaultListableBeanFactory     : Returning cached instance of singleton bean 'org.springframework.cloud.loadbalancer.config.LoadBalancerCacheAutoConfiguration$DefaultLoadBalancerCacheManagerConfiguration'
2025-04-26T22:20:22.190+02:00 TRACE 13448 --- [api-gateway] [    Test worker] o.s.b.f.s.DefaultListableBeanFactory     : Returning cached instance of singleton bean 'defaultLoadBalancerCacheManager'
2025-04-26T22:20:22.190+02:00 TRACE 13448 --- [api-gateway] [    Test worker] o.s.b.f.s.DefaultListableBeanFactory     : Returning cached instance of singleton bean 'org.springframework.cloud.loadbalancer.config.LoadBalancerCacheAutoConfiguration$LoadBalancerCacheManagerWarnConfiguration'
2025-04-26T22:20:22.190+02:00 TRACE 13448 --- [api-gateway] [    Test worker] o.s.b.f.s.DefaultListableBeanFactory     : Returning cached instance of singleton bean 'caffeineWarnLogger'
2025-04-26T22:20:22.190+02:00 TRACE 13448 --- [api-gateway] [    Test worker] o.s.b.f.s.DefaultListableBeanFactory     : Returning cached instance of singleton bean 'org.springframework.cloud.loadbalancer.config.LoadBalancerCacheAutoConfiguration'
2025-04-26T22:20:22.190+02:00 TRACE 13448 --- [api-gateway] [    Test worker] o.s.b.f.s.DefaultListableBeanFactory     : Returning cached instance of singleton bean 'spring.cloud.loadbalancer.cache-org.springframework.cloud.loadbalancer.cache.LoadBalancerCacheProperties'
2025-04-26T22:20:22.190+02:00 TRACE 13448 --- [api-gateway] [    Test worker] o.s.b.f.s.DefaultListableBeanFactory     : Returning cached instance of singleton bean 'org.springframework.cloud.netflix.eureka.loadbalancer.LoadBalancerEurekaAutoConfiguration'
2025-04-26T22:20:22.190+02:00 TRACE 13448 --- [api-gateway] [    Test worker] o.s.b.f.s.DefaultListableBeanFactory     : Returning cached instance of singleton bean 'eurekaLoadBalancerProperties'
2025-04-26T22:20:22.190+02:00 TRACE 13448 --- [api-gateway] [    Test worker] o.s.b.f.s.DefaultListableBeanFactory     : Returning cached instance of singleton bean 'default.org.springframework.cloud.netflix.eureka.loadbalancer.LoadBalancerEurekaAutoConfiguration.LoadBalancerClientSpecification'
2025-04-26T22:20:22.191+02:00 TRACE 13448 --- [api-gateway] [    Test worker] o.s.b.f.s.DefaultListableBeanFactory     : Returning cached instance of singleton bean 'org.springframework.boot.test.mock.mockito.MockitoBeans'
2025-04-26T22:20:22.191+02:00 TRACE 13448 --- [api-gateway] [    Test worker] c.DefaultCacheAwareContextLoaderDelegate : Retrieved ApplicationContext [2044150758] from cache with key [ReactiveWebMergedContextConfiguration@6cd6698b testClass = com.pibbletv.api_gateway.ApiGatewayApplicationTests, locations = [], classes = [com.pibbletv.api_gateway.ApiGatewayApplication], contextInitializerClasses = [], activeProfiles = [], propertySourceDescriptors = [], propertySourceProperties = ["org.springframework.boot.test.context.SpringBootTestContextBootstrapper=true"], contextCustomizers = [org.springframework.boot.test.autoconfigure.OnFailureConditionReportContextCustomizerFactory$OnFailureConditionReportContextCustomizer@e98770d, org.springframework.boot.test.autoconfigure.actuate.observability.ObservabilityContextCustomizerFactory$DisableObservabilityContextCustomizer@1f, org.springframework.boot.test.autoconfigure.properties.PropertyMappingContextCustomizer@0, org.springframework.boot.test.autoconfigure.web.servlet.WebDriverContextCustomizer@3b2c0e88, org.springframework.boot.test.context.filter.ExcludeFilterContextCustomizer@655f7ea, org.springframework.boot.test.json.DuplicateJsonObjectContextCustomizerFactory$DuplicateJsonObjectContextCustomizer@20a14b55, org.springframework.boot.test.mock.mockito.MockitoContextCustomizer@0, org.springframework.boot.test.web.client.TestRestTemplateContextCustomizer@6035b93b, org.springframework.boot.test.web.reactive.server.WebTestClientContextCustomizer@58fe0499, org.springframework.boot.test.web.reactor.netty.DisableReactorResourceFactoryGlobalResourcesContextCustomizerFactory$DisableReactorResourceFactoryGlobalResourcesContextCustomizerCustomizer@72758afa, org.springframework.test.context.support.DynamicPropertiesContextCustomizer@0, org.springframework.boot.test.context.SpringBootTestAnnotation@53156849], contextLoader = org.springframework.boot.test.context.SpringBootContextLoader, parent = null]
2025-04-26T22:20:22.191+02:00 DEBUG 13448 --- [api-gateway] [    Test worker] org.springframework.test.context.cache   : Spring test ApplicationContext cache statistics: [DefaultContextCache@5ac7550a size = 1, maxSize = 32, parentContextCount = 0, hitCount = 4, missCount = 1, failureCount = 0]
2025-04-26T22:20:22.192+02:00 TRACE 13448 --- [api-gateway] [    Test worker] o.s.b.f.s.DefaultListableBeanFactory     : Returning cached instance of singleton bean 'org.springframework.boot.test.mock.mockito.MockitoPostProcessor$SpyPostProcessor'
2025-04-26T22:20:22.192+02:00 TRACE 13448 --- [api-gateway] [    Test worker] o.s.b.f.s.DefaultListableBeanFactory     : Returning cached instance of singleton bean 'org.springframework.boot.test.mock.mockito.MockitoPostProcessor'
2025-04-26T22:20:22.192+02:00 TRACE 13448 --- [api-gateway] [    Test worker] o.s.b.f.s.DefaultListableBeanFactory     : Returning cached instance of singleton bean 'org.springframework.test.context.support.internalDynamicPropertyRegistrarBeanInitializer'
2025-04-26T22:20:22.192+02:00 TRACE 13448 --- [api-gateway] [    Test worker] o.s.b.f.s.DefaultListableBeanFactory     : Returning cached instance of singleton bean 'org.springframework.context.annotation.internalConfigurationAnnotationProcessor'
2025-04-26T22:20:22.192+02:00 TRACE 13448 --- [api-gateway] [    Test worker] o.s.b.f.s.DefaultListableBeanFactory     : Returning cached instance of singleton bean 'org.springframework.context.annotation.internalAutowiredAnnotationProcessor'
2025-04-26T22:20:22.192+02:00 TRACE 13448 --- [api-gateway] [    Test worker] o.s.b.f.s.DefaultListableBeanFactory     : Returning cached instance of singleton bean 'org.springframework.context.annotation.internalCommonAnnotationProcessor'
2025-04-26T22:20:22.192+02:00 TRACE 13448 --- [api-gateway] [    Test worker] o.s.b.f.s.DefaultListableBeanFactory     : Returning cached instance of singleton bean 'org.springframework.context.event.internalEventListenerProcessor'
2025-04-26T22:20:22.192+02:00 TRACE 13448 --- [api-gateway] [    Test worker] o.s.b.f.s.DefaultListableBeanFactory     : Returning cached instance of singleton bean 'org.springframework.context.event.internalEventListenerFactory'
2025-04-26T22:20:22.192+02:00 TRACE 13448 --- [api-gateway] [    Test worker] o.s.b.f.s.DefaultListableBeanFactory     : Returning cached instance of singleton bean 'apiGatewayApplication'
2025-04-26T22:20:22.192+02:00 TRACE 13448 --- [api-gateway] [    Test worker] o.s.b.f.s.DefaultListableBeanFactory     : Returning cached instance of singleton bean 'org.springframework.boot.autoconfigure.internalCachingMetadataReaderFactory'
2025-04-26T22:20:22.192+02:00 TRACE 13448 --- [api-gateway] [    Test worker] o.s.b.f.s.DefaultListableBeanFactory     : Returning cached instance of singleton bean 'org.springframework.boot.autoconfigure.internalCachingMetadataReaderFactory'
2025-04-26T22:20:22.192+02:00 TRACE 13448 --- [api-gateway] [    Test worker] o.s.b.f.s.DefaultListableBeanFactory     : Returning cached instance of singleton bean 'gatewayConfig'
2025-04-26T22:20:22.192+02:00 TRACE 13448 --- [api-gateway] [    Test worker] o.s.b.f.s.DefaultListableBeanFactory     : Returning cached instance of singleton bean 'securityConfig'
2025-04-26T22:20:22.192+02:00 TRACE 13448 --- [api-gateway] [    Test worker] o.s.b.f.s.DefaultListableBeanFactory     : Returning cached instance of singleton bean 'customRouteLocator'
2025-04-26T22:20:22.192+02:00 TRACE 13448 --- [api-gateway] [    Test worker] o.s.b.f.s.DefaultListableBeanFactory     : Returning cached instance of singleton bean 'org.springframework.security.config.annotation.web.reactive.ServerHttpSecurityConfiguration'
2025-04-26T22:20:22.192+02:00 TRACE 13448 --- [api-gateway] [    Test worker] o.s.b.f.s.DefaultListableBeanFactory     : Returning cached instance of singleton bean 'authenticationPrincipalArgumentResolverConfigurer'
2025-04-26T22:20:22.192+02:00 TRACE 13448 --- [api-gateway] [    Test worker] o.s.b.f.s.DefaultListableBeanFactory     : Returning cached instance of singleton bean 'authenticationPrincipalArgumentResolver'
2025-04-26T22:20:22.192+02:00 TRACE 13448 --- [api-gateway] [    Test worker] o.s.b.f.s.DefaultListableBeanFactory     : Returning cached instance of singleton bean 'reactiveCurrentSecurityContextArgumentResolver'
2025-04-26T22:20:22.192+02:00 TRACE 13448 --- [api-gateway] [    Test worker] o.s.b.f.s.DefaultListableBeanFactory     : Returning cached instance of singleton bean 'org.springframework.security.config.annotation.web.reactive.WebFluxSecurityConfiguration'
2025-04-26T22:20:22.193+02:00 TRACE 13448 --- [api-gateway] [    Test worker] o.s.b.f.s.DefaultListableBeanFactory     : Returning cached instance of singleton bean 'org.springframework.security.config.annotation.web.reactive.WebFluxSecurityConfiguration.WebFilterChainFilter'
2025-04-26T22:20:22.193+02:00 TRACE 13448 --- [api-gateway] [    Test worker] o.s.b.f.s.DefaultListableBeanFactory     : Returning cached instance of singleton bean 'requestDataValueProcessor'
2025-04-26T22:20:22.193+02:00 TRACE 13448 --- [api-gateway] [    Test worker] o.s.b.f.s.DefaultListableBeanFactory     : Returning cached instance of singleton bean 'conversionServicePostProcessor'
2025-04-26T22:20:22.193+02:00 TRACE 13448 --- [api-gateway] [    Test worker] o.s.b.f.s.DefaultListableBeanFactory     : Returning cached instance of singleton bean 'org.springframework.security.config.annotation.web.reactive.ReactiveObservationConfiguration'
2025-04-26T22:20:22.193+02:00 TRACE 13448 --- [api-gateway] [    Test worker] o.s.b.f.s.DefaultListableBeanFactory     : Returning cached instance of singleton bean 'webAuthorizationManagerPostProcessor'
2025-04-26T22:20:22.193+02:00 TRACE 13448 --- [api-gateway] [    Test worker] o.s.b.f.s.DefaultListableBeanFactory     : Returning cached instance of singleton bean 'reactiveAuthenticationManagerPostProcessor'
2025-04-26T22:20:22.193+02:00 TRACE 13448 --- [api-gateway] [    Test worker] o.s.b.f.s.DefaultListableBeanFactory     : Returning cached instance of singleton bean 'filterChainDecoratorPostProcessor'
2025-04-26T22:20:22.193+02:00 TRACE 13448 --- [api-gateway] [    Test worker] o.s.b.f.s.DefaultListableBeanFactory     : Returning cached instance of singleton bean '_prePostMethodSecurityConfiguration'
2025-04-26T22:20:22.193+02:00 TRACE 13448 --- [api-gateway] [    Test worker] o.s.b.f.s.DefaultListableBeanFactory     : Returning cached instance of singleton bean 'preFilterAuthorizationMethodInterceptor'
2025-04-26T22:20:22.193+02:00 TRACE 13448 --- [api-gateway] [    Test worker] o.s.b.f.s.DefaultListableBeanFactory     : Returning cached instance of singleton bean 'preAuthorizeAuthorizationMethodInterceptor'
2025-04-26T22:20:22.193+02:00 TRACE 13448 --- [api-gateway] [    Test worker] o.s.b.f.s.DefaultListableBeanFactory     : Returning cached instance of singleton bean 'postAuthorizeAuthorizationMethodInterceptor'
2025-04-26T22:20:22.193+02:00 TRACE 13448 --- [api-gateway] [    Test worker] o.s.b.f.s.DefaultListableBeanFactory     : Returning cached instance of singleton bean 'postFilterAuthorizationMethodInterceptor'
2025-04-26T22:20:22.193+02:00 TRACE 13448 --- [api-gateway] [    Test worker] o.s.b.f.s.DefaultListableBeanFactory     : Returning cached instance of singleton bean 'prePostAuthorizeExpressionHintsRegistrar'
2025-04-26T22:20:22.193+02:00 TRACE 13448 --- [api-gateway] [    Test worker] o.s.b.f.s.DefaultListableBeanFactory     : Returning cached instance of singleton bean '_jsr250MethodSecurityConfiguration'
2025-04-26T22:20:22.193+02:00 TRACE 13448 --- [api-gateway] [    Test worker] o.s.b.f.s.DefaultListableBeanFactory     : Returning cached instance of singleton bean 'jsr250AuthorizationMethodInterceptor'
2025-04-26T22:20:22.193+02:00 TRACE 13448 --- [api-gateway] [    Test worker] o.s.b.f.s.DefaultListableBeanFactory     : Returning cached instance of singleton bean 'org.springframework.security.config.annotation.method.configuration.AuthorizationProxyConfiguration'
2025-04-26T22:20:22.193+02:00 TRACE 13448 --- [api-gateway] [    Test worker] o.s.b.f.s.DefaultListableBeanFactory     : Returning cached instance of singleton bean 'authorizationProxyFactory'
2025-04-26T22:20:22.193+02:00 TRACE 13448 --- [api-gateway] [    Test worker] o.s.b.f.s.DefaultListableBeanFactory     : Returning cached instance of singleton bean 'authorizeReturnObjectMethodInterceptor'
2025-04-26T22:20:22.193+02:00 TRACE 13448 --- [api-gateway] [    Test worker] o.s.b.f.s.DefaultListableBeanFactory     : Returning cached instance of singleton bean 'authorizeReturnObjectHintsRegistrar'
2025-04-26T22:20:22.193+02:00 TRACE 13448 --- [api-gateway] [    Test worker] o.s.b.f.s.DefaultListableBeanFactory     : Returning cached instance of singleton bean 'org.springframework.security.config.annotation.method.configuration.MethodObservationConfiguration'
2025-04-26T22:20:22.193+02:00 TRACE 13448 --- [api-gateway] [    Test worker] o.s.b.f.s.DefaultListableBeanFactory     : Returning cached instance of singleton bean 'methodAuthorizationManagerPostProcessor'
2025-04-26T22:20:22.193+02:00 TRACE 13448 --- [api-gateway] [    Test worker] o.s.b.f.s.DefaultListableBeanFactory     : Returning cached instance of singleton bean 'methodResultAuthorizationManagerPostProcessor'
2025-04-26T22:20:22.193+02:00 TRACE 13448 --- [api-gateway] [    Test worker] o.s.b.f.s.DefaultListableBeanFactory     : Returning cached instance of singleton bean 'securityWebFilterChain'
2025-04-26T22:20:22.193+02:00 TRACE 13448 --- [api-gateway] [    Test worker] o.s.b.f.s.DefaultListableBeanFactory     : Returning cached instance of singleton bean 'corsConfigurationSource'
2025-04-26T22:20:22.193+02:00 TRACE 13448 --- [api-gateway] [    Test worker] o.s.b.f.s.DefaultListableBeanFactory     : Returning cached instance of singleton bean 'org.springframework.aop.config.internalAutoProxyCreator'
2025-04-26T22:20:22.193+02:00 TRACE 13448 --- [api-gateway] [    Test worker] o.s.b.f.s.DefaultListableBeanFactory     : Returning cached instance of singleton bean 'preFilterAuthorizationAdvisor'
2025-04-26T22:20:22.193+02:00 TRACE 13448 --- [api-gateway] [    Test worker] o.s.b.f.s.DefaultListableBeanFactory     : Returning cached instance of singleton bean 'preAuthorizeAuthorizationAdvisor'
2025-04-26T22:20:22.193+02:00 TRACE 13448 --- [api-gateway] [    Test worker] o.s.b.f.s.DefaultListableBeanFactory     : Returning cached instance of singleton bean 'postFilterAuthorizationAdvisor'
2025-04-26T22:20:22.193+02:00 TRACE 13448 --- [api-gateway] [    Test worker] o.s.b.f.s.DefaultListableBeanFactory     : Returning cached instance of singleton bean 'postAuthorizeAuthorizationAdvisor'
2025-04-26T22:20:22.193+02:00 TRACE 13448 --- [api-gateway] [    Test worker] o.s.b.f.s.DefaultListableBeanFactory     : Returning cached instance of singleton bean 'jsr250AuthorizationAdvisor'
2025-04-26T22:20:22.193+02:00 TRACE 13448 --- [api-gateway] [    Test worker] o.s.b.f.s.DefaultListableBeanFactory     : Returning cached instance of singleton bean 'authorizeReturnObjectAdvisor'
2025-04-26T22:20:22.193+02:00 TRACE 13448 --- [api-gateway] [    Test worker] o.s.b.f.s.DefaultListableBeanFactory     : Returning cached instance of singleton bean 'org.springframework.boot.autoconfigure.AutoConfigurationPackages'
2025-04-26T22:20:22.193+02:00 TRACE 13448 --- [api-gateway] [    Test worker] o.s.b.f.s.DefaultListableBeanFactory     : Returning cached instance of singleton bean 'org.springframework.boot.autoconfigure.context.PropertyPlaceholderAutoConfiguration'
2025-04-26T22:20:22.193+02:00 TRACE 13448 --- [api-gateway] [    Test worker] o.s.b.f.s.DefaultListableBeanFactory     : Returning cached instance of singleton bean 'propertySourcesPlaceholderConfigurer'
2025-04-26T22:20:22.193+02:00 TRACE 13448 --- [api-gateway] [    Test worker] o.s.b.f.s.DefaultListableBeanFactory     : Returning cached instance of singleton bean 'org.springframework.boot.autoconfigure.reactor.netty.ReactorNettyConfigurations$ReactorResourceFactoryConfiguration'
2025-04-26T22:20:22.193+02:00 TRACE 13448 --- [api-gateway] [    Test worker] o.s.b.f.s.DefaultListableBeanFactory     : Returning cached instance of singleton bean 'reactorResourceFactory'
2025-04-26T22:20:22.193+02:00 TRACE 13448 --- [api-gateway] [    Test worker] o.s.b.f.s.DefaultListableBeanFactory     : Returning cached instance of singleton bean 'org.springframework.boot.context.properties.ConfigurationPropertiesBindingPostProcessor'
2025-04-26T22:20:22.193+02:00 TRACE 13448 --- [api-gateway] [    Test worker] o.s.b.f.s.DefaultListableBeanFactory     : Returning cached instance of singleton bean 'org.springframework.boot.context.internalConfigurationPropertiesBinder'
2025-04-26T22:20:22.194+02:00 TRACE 13448 --- [api-gateway] [    Test worker] o.s.b.f.s.DefaultListableBeanFactory     : Returning cached instance of singleton bean 'org.springframework.boot.context.internalConfigurationPropertiesBinder'
2025-04-26T22:20:22.194+02:00 TRACE 13448 --- [api-gateway] [    Test worker] o.s.b.f.s.DefaultListableBeanFactory     : Returning cached instance of singleton bean 'org.springframework.boot.context.properties.BoundConfigurationProperties'
2025-04-26T22:20:22.194+02:00 TRACE 13448 --- [api-gateway] [    Test worker] o.s.b.f.s.DefaultListableBeanFactory     : Returning cached instance of singleton bean 'org.springframework.boot.context.properties.EnableConfigurationPropertiesRegistrar.methodValidationExcludeFilter'
2025-04-26T22:20:22.194+02:00 TRACE 13448 --- [api-gateway] [    Test worker] o.s.b.f.s.DefaultListableBeanFactory     : Returning cached instance of singleton bean 'spring.reactor.netty-org.springframework.boot.autoconfigure.reactor.netty.ReactorNettyProperties'
2025-04-26T22:20:22.194+02:00 TRACE 13448 --- [api-gateway] [    Test worker] o.s.b.f.s.DefaultListableBeanFactory     : Returning cached instance of singleton bean 'org.springframework.boot.autoconfigure.web.reactive.ReactiveWebServerFactoryConfiguration$EmbeddedNetty'
2025-04-26T22:20:22.194+02:00 TRACE 13448 --- [api-gateway] [    Test worker] o.s.b.f.s.DefaultListableBeanFactory     : Returning cached instance of singleton bean 'nettyReactiveWebServerFactory'
2025-04-26T22:20:22.194+02:00 TRACE 13448 --- [api-gateway] [    Test worker] o.s.b.f.s.DefaultListableBeanFactory     : Returning cached instance of singleton bean 'org.springframework.boot.autoconfigure.web.reactive.ReactiveWebServerFactoryAutoConfiguration'
2025-04-26T22:20:22.194+02:00 TRACE 13448 --- [api-gateway] [    Test worker] o.s.b.f.s.DefaultListableBeanFactory     : Returning cached instance of singleton bean 'reactiveWebServerFactoryCustomizer'
2025-04-26T22:20:22.194+02:00 TRACE 13448 --- [api-gateway] [    Test worker] o.s.b.f.s.DefaultListableBeanFactory     : Returning cached instance of singleton bean 'server-org.springframework.boot.autoconfigure.web.ServerProperties'
2025-04-26T22:20:22.194+02:00 TRACE 13448 --- [api-gateway] [    Test worker] o.s.b.f.s.DefaultListableBeanFactory     : Returning cached instance of singleton bean 'webServerFactoryCustomizerBeanPostProcessor'
2025-04-26T22:20:22.194+02:00 TRACE 13448 --- [api-gateway] [    Test worker] o.s.b.f.s.DefaultListableBeanFactory     : Returning cached instance of singleton bean 'org.springframework.boot.autoconfigure.jackson.JacksonAutoConfiguration$Jackson2ObjectMapperBuilderCustomizerConfiguration'
2025-04-26T22:20:22.194+02:00 TRACE 13448 --- [api-gateway] [    Test worker] o.s.b.f.s.DefaultListableBeanFactory     : Returning cached instance of singleton bean 'standardJacksonObjectMapperBuilderCustomizer'
2025-04-26T22:20:22.194+02:00 TRACE 13448 --- [api-gateway] [    Test worker] o.s.b.f.s.DefaultListableBeanFactory     : Returning cached instance of singleton bean 'spring.jackson-org.springframework.boot.autoconfigure.jackson.JacksonProperties'
2025-04-26T22:20:22.194+02:00 TRACE 13448 --- [api-gateway] [    Test worker] o.s.b.f.s.DefaultListableBeanFactory     : Returning cached instance of singleton bean 'org.springframework.boot.autoconfigure.jackson.JacksonAutoConfiguration$JacksonObjectMapperBuilderConfiguration'
2025-04-26T22:20:22.194+02:00 TRACE 13448 --- [api-gateway] [    Test worker] o.s.b.f.s.DefaultListableBeanFactory     : Returning cached instance of singleton bean 'org.springframework.boot.autoconfigure.jackson.JacksonAutoConfiguration$ParameterNamesModuleConfiguration'
2025-04-26T22:20:22.194+02:00 TRACE 13448 --- [api-gateway] [    Test worker] o.s.b.f.s.DefaultListableBeanFactory     : Returning cached instance of singleton bean 'parameterNamesModule'
2025-04-26T22:20:22.194+02:00 TRACE 13448 --- [api-gateway] [    Test worker] o.s.b.f.s.DefaultListableBeanFactory     : Returning cached instance of singleton bean 'org.springframework.boot.autoconfigure.jackson.JacksonAutoConfiguration$JacksonObjectMapperConfiguration'
2025-04-26T22:20:22.194+02:00 TRACE 13448 --- [api-gateway] [    Test worker] o.s.b.f.s.DefaultListableBeanFactory     : Returning cached instance of singleton bean 'jacksonObjectMapper'
2025-04-26T22:20:22.194+02:00 TRACE 13448 --- [api-gateway] [    Test worker] o.s.b.f.s.DefaultListableBeanFactory     : Returning cached instance of singleton bean 'org.springframework.boot.autoconfigure.jackson.JacksonAutoConfiguration$JacksonMixinConfiguration'
2025-04-26T22:20:22.194+02:00 TRACE 13448 --- [api-gateway] [    Test worker] o.s.b.f.s.DefaultListableBeanFactory     : Returning cached instance of singleton bean 'jsonMixinModuleEntries'
2025-04-26T22:20:22.194+02:00 TRACE 13448 --- [api-gateway] [    Test worker] o.s.b.f.s.DefaultListableBeanFactory     : Returning cached instance of singleton bean 'jsonMixinModule'
2025-04-26T22:20:22.194+02:00 TRACE 13448 --- [api-gateway] [    Test worker] o.s.b.f.s.DefaultListableBeanFactory     : Returning cached instance of singleton bean 'org.springframework.boot.autoconfigure.jackson.JacksonAutoConfiguration'
2025-04-26T22:20:22.194+02:00 TRACE 13448 --- [api-gateway] [    Test worker] o.s.b.f.s.DefaultListableBeanFactory     : Returning cached instance of singleton bean 'jsonComponentModule'
2025-04-26T22:20:22.194+02:00 TRACE 13448 --- [api-gateway] [    Test worker] o.s.b.f.s.DefaultListableBeanFactory     : Returning cached instance of singleton bean 'org.springframework.boot.autoconfigure.http.codec.CodecsAutoConfiguration$DefaultCodecsConfiguration'
2025-04-26T22:20:22.194+02:00 TRACE 13448 --- [api-gateway] [    Test worker] o.s.b.f.s.DefaultListableBeanFactory     : Returning cached instance of singleton bean 'defaultCodecCustomizer'
2025-04-26T22:20:22.194+02:00 TRACE 13448 --- [api-gateway] [    Test worker] o.s.b.f.s.DefaultListableBeanFactory     : Returning cached instance of singleton bean 'org.springframework.boot.autoconfigure.http.codec.CodecsAutoConfiguration$JacksonCodecConfiguration'
2025-04-26T22:20:22.194+02:00 TRACE 13448 --- [api-gateway] [    Test worker] o.s.b.f.s.DefaultListableBeanFactory     : Returning cached instance of singleton bean 'jacksonCodecCustomizer'
2025-04-26T22:20:22.194+02:00 TRACE 13448 --- [api-gateway] [    Test worker] o.s.b.f.s.DefaultListableBeanFactory     : Returning cached instance of singleton bean 'org.springframework.boot.autoconfigure.http.codec.CodecsAutoConfiguration'
2025-04-26T22:20:22.194+02:00 TRACE 13448 --- [api-gateway] [    Test worker] o.s.b.f.s.DefaultListableBeanFactory     : Returning cached instance of singleton bean 'spring.codec-org.springframework.boot.autoconfigure.codec.CodecProperties'
2025-04-26T22:20:22.194+02:00 TRACE 13448 --- [api-gateway] [    Test worker] o.s.b.f.s.DefaultListableBeanFactory     : Returning cached instance of singleton bean 'org.springframework.boot.autoconfigure.validation.ValidationAutoConfiguration'
2025-04-26T22:20:22.194+02:00 TRACE 13448 --- [api-gateway] [    Test worker] o.s.b.f.s.DefaultListableBeanFactory     : Returning cached instance of singleton bean 'defaultValidator'
2025-04-26T22:20:22.194+02:00 TRACE 13448 --- [api-gateway] [    Test worker] o.s.b.f.s.DefaultListableBeanFactory     : Returning cached instance of singleton bean 'methodValidationPostProcessor'
2025-04-26T22:20:22.194+02:00 TRACE 13448 --- [api-gateway] [    Test worker] o.s.b.f.s.DefaultListableBeanFactory     : Returning cached instance of singleton bean 'org.springframework.boot.autoconfigure.web.reactive.ReactiveMultipartAutoConfiguration'
2025-04-26T22:20:22.194+02:00 TRACE 13448 --- [api-gateway] [    Test worker] o.s.b.f.s.DefaultListableBeanFactory     : Returning cached instance of singleton bean 'defaultPartHttpMessageReaderCustomizer'
2025-04-26T22:20:22.194+02:00 TRACE 13448 --- [api-gateway] [    Test worker] o.s.b.f.s.DefaultListableBeanFactory     : Returning cached instance of singleton bean 'spring.webflux.multipart-org.springframework.boot.autoconfigure.web.reactive.ReactiveMultipartProperties'
2025-04-26T22:20:22.194+02:00 TRACE 13448 --- [api-gateway] [    Test worker] o.s.b.f.s.DefaultListableBeanFactory     : Returning cached instance of singleton bean 'org.springframework.boot.autoconfigure.web.reactive.WebSessionIdResolverAutoConfiguration'
2025-04-26T22:20:22.194+02:00 TRACE 13448 --- [api-gateway] [    Test worker] o.s.b.f.s.DefaultListableBeanFactory     : Returning cached instance of singleton bean 'webSessionIdResolver'
2025-04-26T22:20:22.194+02:00 TRACE 13448 --- [api-gateway] [    Test worker] o.s.b.f.s.DefaultListableBeanFactory     : Returning cached instance of singleton bean 'spring.webflux-org.springframework.boot.autoconfigure.web.reactive.WebFluxProperties'
2025-04-26T22:20:22.194+02:00 TRACE 13448 --- [api-gateway] [    Test worker] o.s.b.f.s.DefaultListableBeanFactory     : Returning cached instance of singleton bean 'org.springframework.boot.autoconfigure.web.reactive.error.ErrorWebFluxAutoConfiguration'
2025-04-26T22:20:22.194+02:00 TRACE 13448 --- [api-gateway] [    Test worker] o.s.b.f.s.DefaultListableBeanFactory     : Returning cached instance of singleton bean 'errorWebExceptionHandler'
2025-04-26T22:20:22.195+02:00 TRACE 13448 --- [api-gateway] [    Test worker] o.s.b.f.s.DefaultListableBeanFactory     : Returning cached instance of singleton bean 'errorAttributes'
2025-04-26T22:20:22.195+02:00 TRACE 13448 --- [api-gateway] [    Test worker] o.s.b.f.s.DefaultListableBeanFactory     : Returning cached instance of singleton bean 'spring.web-org.springframework.boot.autoconfigure.web.WebProperties'
2025-04-26T22:20:22.195+02:00 TRACE 13448 --- [api-gateway] [    Test worker] o.s.b.f.s.DefaultListableBeanFactory     : Returning cached instance of singleton bean 'org.springframework.cloud.gateway.config.GatewayClassPathWarningAutoConfiguration'
2025-04-26T22:20:22.195+02:00 TRACE 13448 --- [api-gateway] [    Test worker] o.s.b.f.s.DefaultListableBeanFactory     : Returning cached instance of singleton bean 'org.springframework.cloud.loadbalancer.config.LoadBalancerAutoConfiguration'
2025-04-26T22:20:22.195+02:00 TRACE 13448 --- [api-gateway] [    Test worker] o.s.b.f.s.DefaultListableBeanFactory     : Returning cached instance of singleton bean 'zoneConfig'
2025-04-26T22:20:22.195+02:00 TRACE 13448 --- [api-gateway] [    Test worker] o.s.b.f.s.DefaultListableBeanFactory     : Returning cached instance of singleton bean 'loadBalancerClientFactory'
2025-04-26T22:20:22.195+02:00 TRACE 13448 --- [api-gateway] [    Test worker] o.s.b.f.s.DefaultListableBeanFactory     : Returning cached instance of singleton bean 'loadBalancerEagerContextInitializer'
2025-04-26T22:20:22.195+02:00 TRACE 13448 --- [api-gateway] [    Test worker] o.s.b.f.s.DefaultListableBeanFactory     : Returning cached instance of singleton bean 'loadBalancerChildContextInitializer'
2025-04-26T22:20:22.195+02:00 TRACE 13448 --- [api-gateway] [    Test worker] o.s.b.f.s.DefaultListableBeanFactory     : Returning cached instance of singleton bean 'default.org.springframework.cloud.loadbalancer.config.LoadBalancerAutoConfiguration.LoadBalancerClientSpecification'
2025-04-26T22:20:22.195+02:00 TRACE 13448 --- [api-gateway] [    Test worker] o.s.b.f.s.DefaultListableBeanFactory     : Returning cached instance of singleton bean 'spring.cloud.loadbalancer.eager-load-org.springframework.cloud.client.loadbalancer.LoadBalancerEagerLoadProperties'
2025-04-26T22:20:22.195+02:00 TRACE 13448 --- [api-gateway] [    Test worker] o.s.b.f.s.DefaultListableBeanFactory     : Returning cached instance of singleton bean 'spring.cloud.loadbalancer-org.springframework.cloud.client.loadbalancer.LoadBalancerClientsProperties'
2025-04-26T22:20:22.195+02:00 TRACE 13448 --- [api-gateway] [    Test worker] o.s.b.f.s.DefaultListableBeanFactory     : Returning cached instance of singleton bean 'org.springframework.cloud.gateway.config.GatewayReactiveLoadBalancerClientAutoConfiguration'
2025-04-26T22:20:22.195+02:00 TRACE 13448 --- [api-gateway] [    Test worker] o.s.b.f.s.DefaultListableBeanFactory     : Returning cached instance of singleton bean 'gatewayLoadBalancerClientFilter'
2025-04-26T22:20:22.195+02:00 TRACE 13448 --- [api-gateway] [    Test worker] o.s.b.f.s.DefaultListableBeanFactory     : Returning cached instance of singleton bean 'loadBalancerServiceInstanceCookieFilter'
2025-04-26T22:20:22.195+02:00 TRACE 13448 --- [api-gateway] [    Test worker] o.s.b.f.s.DefaultListableBeanFactory     : Returning cached instance of singleton bean 'spring.cloud.gateway.loadbalancer-org.springframework.cloud.gateway.config.GatewayLoadBalancerProperties'
2025-04-26T22:20:22.195+02:00 TRACE 13448 --- [api-gateway] [    Test worker] o.s.b.f.s.DefaultListableBeanFactory     : Returning cached instance of singleton bean 'org.springframework.cloud.client.discovery.composite.CompositeDiscoveryClientAutoConfiguration'
2025-04-26T22:20:22.195+02:00 TRACE 13448 --- [api-gateway] [    Test worker] o.s.b.f.s.DefaultListableBeanFactory     : Returning cached instance of singleton bean 'compositeDiscoveryClient'
2025-04-26T22:20:22.195+02:00 TRACE 13448 --- [api-gateway] [    Test worker] o.s.b.f.s.DefaultListableBeanFactory     : Returning cached instance of singleton bean 'org.springframework.cloud.gateway.discovery.GatewayDiscoveryClientAutoConfiguration$ReactiveDiscoveryClientRouteDefinitionLocatorConfiguration'
2025-04-26T22:20:22.195+02:00 TRACE 13448 --- [api-gateway] [    Test worker] o.s.b.f.s.DefaultListableBeanFactory     : Returning cached instance of singleton bean 'org.springframework.cloud.gateway.discovery.GatewayDiscoveryClientAutoConfiguration'
2025-04-26T22:20:22.195+02:00 TRACE 13448 --- [api-gateway] [    Test worker] o.s.b.f.s.DefaultListableBeanFactory     : Returning cached instance of singleton bean 'discoveryLocatorProperties'
2025-04-26T22:20:22.195+02:00 TRACE 13448 --- [api-gateway] [    Test worker] o.s.b.f.s.DefaultListableBeanFactory     : Returning cached instance of singleton bean 'org.springframework.cloud.gateway.config.GatewayAutoConfiguration$NettyConfiguration'
2025-04-26T22:20:22.195+02:00 TRACE 13448 --- [api-gateway] [    Test worker] o.s.b.f.s.DefaultListableBeanFactory     : Returning cached instance of singleton bean 'httpClientSslConfigurer'
2025-04-26T22:20:22.195+02:00 TRACE 13448 --- [api-gateway] [    Test worker] o.s.b.f.s.DefaultListableBeanFactory     : Returning cached instance of singleton bean 'gatewayHttpClientFactory'
2025-04-26T22:20:22.195+02:00 TRACE 13448 --- [api-gateway] [    Test worker] o.s.b.f.s.DefaultListableBeanFactory     : Returning cached instance of singleton bean 'gatewayHttpClientFactory'
2025-04-26T22:20:22.195+02:00 TRACE 13448 --- [api-gateway] [    Test worker] o.s.b.f.s.DefaultListableBeanFactory     : Returning cached instance of singleton bean 'httpClientProperties'
2025-04-26T22:20:22.195+02:00 TRACE 13448 --- [api-gateway] [    Test worker] o.s.b.f.s.DefaultListableBeanFactory     : Returning cached instance of singleton bean 'routingFilter'
2025-04-26T22:20:22.195+02:00 TRACE 13448 --- [api-gateway] [    Test worker] o.s.b.f.s.DefaultListableBeanFactory     : Returning cached instance of singleton bean 'nettyWriteResponseFilter'
2025-04-26T22:20:22.195+02:00 TRACE 13448 --- [api-gateway] [    Test worker] o.s.b.f.s.DefaultListableBeanFactory     : Returning cached instance of singleton bean 'reactorNettyWebSocketClient'
2025-04-26T22:20:22.195+02:00 TRACE 13448 --- [api-gateway] [    Test worker] o.s.b.f.s.DefaultListableBeanFactory     : Returning cached instance of singleton bean 'reactorNettyRequestUpgradeStrategy'
2025-04-26T22:20:22.195+02:00 TRACE 13448 --- [api-gateway] [    Test worker] o.s.b.f.s.DefaultListableBeanFactory     : Returning cached instance of singleton bean 'org.springframework.cloud.gateway.config.GatewayAutoConfiguration'
2025-04-26T22:20:22.195+02:00 TRACE 13448 --- [api-gateway] [    Test worker] o.s.b.f.s.DefaultListableBeanFactory     : Returning cached instance of singleton bean 'stringToZonedDateTimeConverter'
2025-04-26T22:20:22.195+02:00 TRACE 13448 --- [api-gateway] [    Test worker] o.s.b.f.s.DefaultListableBeanFactory     : Returning cached instance of singleton bean 'deprecatedKeyValueConverter'
2025-04-26T22:20:22.195+02:00 TRACE 13448 --- [api-gateway] [    Test worker] o.s.b.f.s.DefaultListableBeanFactory     : Returning cached instance of singleton bean 'keyValueConverter'
2025-04-26T22:20:22.195+02:00 TRACE 13448 --- [api-gateway] [    Test worker] o.s.b.f.s.DefaultListableBeanFactory     : Returning cached instance of singleton bean 'routeLocatorBuilder'
2025-04-26T22:20:22.195+02:00 TRACE 13448 --- [api-gateway] [    Test worker] o.s.b.f.s.DefaultListableBeanFactory     : Returning cached instance of singleton bean 'propertiesRouteDefinitionLocator'
2025-04-26T22:20:22.195+02:00 TRACE 13448 --- [api-gateway] [    Test worker] o.s.b.f.s.DefaultListableBeanFactory     : Returning cached instance of singleton bean 'inMemoryRouteDefinitionRepository'
2025-04-26T22:20:22.195+02:00 TRACE 13448 --- [api-gateway] [    Test worker] o.s.b.f.s.DefaultListableBeanFactory     : Returning cached instance of singleton bean 'routeDefinitionLocator'
2025-04-26T22:20:22.195+02:00 TRACE 13448 --- [api-gateway] [    Test worker] o.s.b.f.s.DefaultListableBeanFactory     : Returning cached instance of singleton bean 'gatewayConfigurationService'
2025-04-26T22:20:22.196+02:00 TRACE 13448 --- [api-gateway] [    Test worker] o.s.b.f.s.DefaultListableBeanFactory     : Returning cached instance of singleton bean 'routeDefinitionRouteLocator'
2025-04-26T22:20:22.196+02:00 TRACE 13448 --- [api-gateway] [    Test worker] o.s.b.f.s.DefaultListableBeanFactory     : Returning cached instance of singleton bean 'cachedCompositeRouteLocator'
2025-04-26T22:20:22.196+02:00 TRACE 13448 --- [api-gateway] [    Test worker] o.s.b.f.s.DefaultListableBeanFactory     : Returning cached instance of singleton bean 'routeRefreshListener'
2025-04-26T22:20:22.196+02:00 TRACE 13448 --- [api-gateway] [    Test worker] o.s.b.f.s.DefaultListableBeanFactory     : Returning cached instance of singleton bean 'filteringWebHandler'
2025-04-26T22:20:22.196+02:00 TRACE 13448 --- [api-gateway] [    Test worker] o.s.b.f.s.DefaultListableBeanFactory     : Returning cached instance of singleton bean 'globalCorsProperties'
2025-04-26T22:20:22.196+02:00 TRACE 13448 --- [api-gateway] [    Test worker] o.s.b.f.s.DefaultListableBeanFactory     : Returning cached instance of singleton bean 'corsGatewayFilterApplicationListener'
2025-04-26T22:20:22.196+02:00 TRACE 13448 --- [api-gateway] [    Test worker] o.s.b.f.s.DefaultListableBeanFactory     : Returning cached instance of singleton bean 'routePredicateHandlerMapping'
2025-04-26T22:20:22.196+02:00 TRACE 13448 --- [api-gateway] [    Test worker] o.s.b.f.s.DefaultListableBeanFactory     : Returning cached instance of singleton bean 'gatewayProperties'
2025-04-26T22:20:22.196+02:00 TRACE 13448 --- [api-gateway] [    Test worker] o.s.b.f.s.DefaultListableBeanFactory     : Returning cached instance of singleton bean 'secureHeadersProperties'
2025-04-26T22:20:22.196+02:00 TRACE 13448 --- [api-gateway] [    Test worker] o.s.b.f.s.DefaultListableBeanFactory     : Returning cached instance of singleton bean 'forwardedHeadersFilter'
2025-04-26T22:20:22.196+02:00 TRACE 13448 --- [api-gateway] [    Test worker] o.s.b.f.s.DefaultListableBeanFactory     : Returning cached instance of singleton bean 'removeHopByHopHeadersFilter'
2025-04-26T22:20:22.196+02:00 TRACE 13448 --- [api-gateway] [    Test worker] o.s.b.f.s.DefaultListableBeanFactory     : Returning cached instance of singleton bean 'xForwardedHeadersFilter'
2025-04-26T22:20:22.196+02:00 TRACE 13448 --- [api-gateway] [    Test worker] o.s.b.f.s.DefaultListableBeanFactory     : Returning cached instance of singleton bean 'gRPCRequestHeadersFilter'
2025-04-26T22:20:22.196+02:00 TRACE 13448 --- [api-gateway] [    Test worker] o.s.b.f.s.DefaultListableBeanFactory     : Returning cached instance of singleton bean 'gRPCResponseHeadersFilter'
2025-04-26T22:20:22.196+02:00 TRACE 13448 --- [api-gateway] [    Test worker] o.s.b.f.s.DefaultListableBeanFactory     : Returning cached instance of singleton bean 'transferEncodingNormalizationHeadersFilter'
2025-04-26T22:20:22.196+02:00 TRACE 13448 --- [api-gateway] [    Test worker] o.s.b.f.s.DefaultListableBeanFactory     : Returning cached instance of singleton bean 'adaptCachedBodyGlobalFilter'
2025-04-26T22:20:22.196+02:00 TRACE 13448 --- [api-gateway] [    Test worker] o.s.b.f.s.DefaultListableBeanFactory     : Returning cached instance of singleton bean 'removeCachedBodyFilter'
2025-04-26T22:20:22.196+02:00 TRACE 13448 --- [api-gateway] [    Test worker] o.s.b.f.s.DefaultListableBeanFactory     : Returning cached instance of singleton bean 'routeToRequestUrlFilter'
2025-04-26T22:20:22.196+02:00 TRACE 13448 --- [api-gateway] [    Test worker] o.s.b.f.s.DefaultListableBeanFactory     : Returning cached instance of singleton bean 'forwardRoutingFilter'
2025-04-26T22:20:22.196+02:00 TRACE 13448 --- [api-gateway] [    Test worker] o.s.b.f.s.DefaultListableBeanFactory     : Returning cached instance of singleton bean 'forwardPathFilter'
2025-04-26T22:20:22.196+02:00 TRACE 13448 --- [api-gateway] [    Test worker] o.s.b.f.s.DefaultListableBeanFactory     : Returning cached instance of singleton bean 'webSocketService'
2025-04-26T22:20:22.196+02:00 TRACE 13448 --- [api-gateway] [    Test worker] o.s.b.f.s.DefaultListableBeanFactory     : Returning cached instance of singleton bean 'websocketRoutingFilter'
2025-04-26T22:20:22.196+02:00 TRACE 13448 --- [api-gateway] [    Test worker] o.s.b.f.s.DefaultListableBeanFactory     : Returning cached instance of singleton bean 'weightCalculatorWebFilter'
2025-04-26T22:20:22.196+02:00 TRACE 13448 --- [api-gateway] [    Test worker] o.s.b.f.s.DefaultListableBeanFactory     : Returning cached instance of singleton bean 'afterRoutePredicateFactory'
2025-04-26T22:20:22.196+02:00 TRACE 13448 --- [api-gateway] [    Test worker] o.s.b.f.s.DefaultListableBeanFactory     : Returning cached instance of singleton bean 'beforeRoutePredicateFactory'
2025-04-26T22:20:22.196+02:00 TRACE 13448 --- [api-gateway] [    Test worker] o.s.b.f.s.DefaultListableBeanFactory     : Returning cached instance of singleton bean 'betweenRoutePredicateFactory'
2025-04-26T22:20:22.196+02:00 TRACE 13448 --- [api-gateway] [    Test worker] o.s.b.f.s.DefaultListableBeanFactory     : Returning cached instance of singleton bean 'cookieRoutePredicateFactory'
2025-04-26T22:20:22.196+02:00 TRACE 13448 --- [api-gateway] [    Test worker] o.s.b.f.s.DefaultListableBeanFactory     : Returning cached instance of singleton bean 'headerRoutePredicateFactory'
2025-04-26T22:20:22.196+02:00 TRACE 13448 --- [api-gateway] [    Test worker] o.s.b.f.s.DefaultListableBeanFactory     : Returning cached instance of singleton bean 'hostRoutePredicateFactory'
2025-04-26T22:20:22.196+02:00 TRACE 13448 --- [api-gateway] [    Test worker] o.s.b.f.s.DefaultListableBeanFactory     : Returning cached instance of singleton bean 'methodRoutePredicateFactory'
2025-04-26T22:20:22.196+02:00 TRACE 13448 --- [api-gateway] [    Test worker] o.s.b.f.s.DefaultListableBeanFactory     : Returning cached instance of singleton bean 'pathRoutePredicateFactory'
2025-04-26T22:20:22.196+02:00 TRACE 13448 --- [api-gateway] [    Test worker] o.s.b.f.s.DefaultListableBeanFactory     : Returning cached instance of singleton bean 'queryRoutePredicateFactory'
2025-04-26T22:20:22.196+02:00 TRACE 13448 --- [api-gateway] [    Test worker] o.s.b.f.s.DefaultListableBeanFactory     : Returning cached instance of singleton bean 'readBodyPredicateFactory'
2025-04-26T22:20:22.196+02:00 TRACE 13448 --- [api-gateway] [    Test worker] o.s.b.f.s.DefaultListableBeanFactory     : Returning cached instance of singleton bean 'remoteAddrRoutePredicateFactory'
2025-04-26T22:20:22.196+02:00 TRACE 13448 --- [api-gateway] [    Test worker] o.s.b.f.s.DefaultListableBeanFactory     : Returning cached instance of singleton bean 'xForwardedRemoteAddrRoutePredicateFactory'
2025-04-26T22:20:22.196+02:00 TRACE 13448 --- [api-gateway] [    Test worker] o.s.b.f.s.DefaultListableBeanFactory     : Returning cached instance of singleton bean 'weightRoutePredicateFactory'
2025-04-26T22:20:22.196+02:00 TRACE 13448 --- [api-gateway] [    Test worker] o.s.b.f.s.DefaultListableBeanFactory     : Returning cached instance of singleton bean 'cloudFoundryRouteServiceRoutePredicateFactory'
2025-04-26T22:20:22.196+02:00 TRACE 13448 --- [api-gateway] [    Test worker] o.s.b.f.s.DefaultListableBeanFactory     : Returning cached instance of singleton bean 'addRequestHeaderGatewayFilterFactory'
2025-04-26T22:20:22.196+02:00 TRACE 13448 --- [api-gateway] [    Test worker] o.s.b.f.s.DefaultListableBeanFactory     : Returning cached instance of singleton bean 'addRequestHeadersIfNotPresentGatewayFilterFactory'
2025-04-26T22:20:22.196+02:00 TRACE 13448 --- [api-gateway] [    Test worker] o.s.b.f.s.DefaultListableBeanFactory     : Returning cached instance of singleton bean 'mapRequestHeaderGatewayFilterFactory'
2025-04-26T22:20:22.197+02:00 TRACE 13448 --- [api-gateway] [    Test worker] o.s.b.f.s.DefaultListableBeanFactory     : Returning cached instance of singleton bean 'addRequestParameterGatewayFilterFactory'
2025-04-26T22:20:22.197+02:00 TRACE 13448 --- [api-gateway] [    Test worker] o.s.b.f.s.DefaultListableBeanFactory     : Returning cached instance of singleton bean 'addResponseHeaderGatewayFilterFactory'
2025-04-26T22:20:22.197+02:00 TRACE 13448 --- [api-gateway] [    Test worker] o.s.b.f.s.DefaultListableBeanFactory     : Returning cached instance of singleton bean 'modifyRequestBodyGatewayFilterFactory'
2025-04-26T22:20:22.197+02:00 TRACE 13448 --- [api-gateway] [    Test worker] o.s.b.f.s.DefaultListableBeanFactory     : Returning cached instance of singleton bean 'dedupeResponseHeaderGatewayFilterFactory'
2025-04-26T22:20:22.197+02:00 TRACE 13448 --- [api-gateway] [    Test worker] o.s.b.f.s.DefaultListableBeanFactory     : Returning cached instance of singleton bean 'modifyResponseBodyGatewayFilterFactory'
2025-04-26T22:20:22.197+02:00 TRACE 13448 --- [api-gateway] [    Test worker] o.s.b.f.s.DefaultListableBeanFactory     : Returning cached instance of singleton bean 'cacheRequestBodyGatewayFilterFactory'
2025-04-26T22:20:22.197+02:00 TRACE 13448 --- [api-gateway] [    Test worker] o.s.b.f.s.DefaultListableBeanFactory     : Returning cached instance of singleton bean 'prefixPathGatewayFilterFactory'
2025-04-26T22:20:22.197+02:00 TRACE 13448 --- [api-gateway] [    Test worker] o.s.b.f.s.DefaultListableBeanFactory     : Returning cached instance of singleton bean 'preserveHostHeaderGatewayFilterFactory'
2025-04-26T22:20:22.197+02:00 TRACE 13448 --- [api-gateway] [    Test worker] o.s.b.f.s.DefaultListableBeanFactory     : Returning cached instance of singleton bean 'redirectToGatewayFilterFactory'
2025-04-26T22:20:22.197+02:00 TRACE 13448 --- [api-gateway] [    Test worker] o.s.b.f.s.DefaultListableBeanFactory     : Returning cached instance of singleton bean 'removeJsonAttributesResponseBodyGatewayFilterFactory'
2025-04-26T22:20:22.197+02:00 TRACE 13448 --- [api-gateway] [    Test worker] o.s.b.f.s.DefaultListableBeanFactory     : Returning cached instance of singleton bean 'removeRequestHeaderGatewayFilterFactory'
2025-04-26T22:20:22.197+02:00 TRACE 13448 --- [api-gateway] [    Test worker] o.s.b.f.s.DefaultListableBeanFactory     : Returning cached instance of singleton bean 'removeRequestParameterGatewayFilterFactory'
2025-04-26T22:20:22.197+02:00 TRACE 13448 --- [api-gateway] [    Test worker] o.s.b.f.s.DefaultListableBeanFactory     : Returning cached instance of singleton bean 'removeResponseHeaderGatewayFilterFactory'
2025-04-26T22:20:22.197+02:00 TRACE 13448 --- [api-gateway] [    Test worker] o.s.b.f.s.DefaultListableBeanFactory     : Returning cached instance of singleton bean 'rewritePathGatewayFilterFactory'
2025-04-26T22:20:22.197+02:00 TRACE 13448 --- [api-gateway] [    Test worker] o.s.b.f.s.DefaultListableBeanFactory     : Returning cached instance of singleton bean 'retryGatewayFilterFactory'
2025-04-26T22:20:22.197+02:00 TRACE 13448 --- [api-gateway] [    Test worker] o.s.b.f.s.DefaultListableBeanFactory     : Returning cached instance of singleton bean 'setPathGatewayFilterFactory'
2025-04-26T22:20:22.197+02:00 TRACE 13448 --- [api-gateway] [    Test worker] o.s.b.f.s.DefaultListableBeanFactory     : Returning cached instance of singleton bean 'secureHeadersGatewayFilterFactory'
2025-04-26T22:20:22.197+02:00 TRACE 13448 --- [api-gateway] [    Test worker] o.s.b.f.s.DefaultListableBeanFactory     : Returning cached instance of singleton bean 'setRequestHeaderGatewayFilterFactory'
2025-04-26T22:20:22.197+02:00 TRACE 13448 --- [api-gateway] [    Test worker] o.s.b.f.s.DefaultListableBeanFactory     : Returning cached instance of singleton bean 'setRequestHostHeaderGatewayFilterFactory'
2025-04-26T22:20:22.197+02:00 TRACE 13448 --- [api-gateway] [    Test worker] o.s.b.f.s.DefaultListableBeanFactory     : Returning cached instance of singleton bean 'setResponseHeaderGatewayFilterFactory'
2025-04-26T22:20:22.197+02:00 TRACE 13448 --- [api-gateway] [    Test worker] o.s.b.f.s.DefaultListableBeanFactory     : Returning cached instance of singleton bean 'rewriteResponseHeaderGatewayFilterFactory'
2025-04-26T22:20:22.197+02:00 TRACE 13448 --- [api-gateway] [    Test worker] o.s.b.f.s.DefaultListableBeanFactory     : Returning cached instance of singleton bean 'rewriteLocationResponseHeaderGatewayFilterFactory'
2025-04-26T22:20:22.197+02:00 TRACE 13448 --- [api-gateway] [    Test worker] o.s.b.f.s.DefaultListableBeanFactory     : Returning cached instance of singleton bean 'setStatusGatewayFilterFactory'
2025-04-26T22:20:22.197+02:00 TRACE 13448 --- [api-gateway] [    Test worker] o.s.b.f.s.DefaultListableBeanFactory     : Returning cached instance of singleton bean 'saveSessionGatewayFilterFactory'
2025-04-26T22:20:22.197+02:00 TRACE 13448 --- [api-gateway] [    Test worker] o.s.b.f.s.DefaultListableBeanFactory     : Returning cached instance of singleton bean 'stripPrefixGatewayFilterFactory'
2025-04-26T22:20:22.197+02:00 TRACE 13448 --- [api-gateway] [    Test worker] o.s.b.f.s.DefaultListableBeanFactory     : Returning cached instance of singleton bean 'requestHeaderToRequestUriGatewayFilterFactory'
2025-04-26T22:20:22.197+02:00 TRACE 13448 --- [api-gateway] [    Test worker] o.s.b.f.s.DefaultListableBeanFactory     : Returning cached instance of singleton bean 'requestSizeGatewayFilterFactory'
2025-04-26T22:20:22.197+02:00 TRACE 13448 --- [api-gateway] [    Test worker] o.s.b.f.s.DefaultListableBeanFactory     : Returning cached instance of singleton bean 'requestHeaderSizeGatewayFilterFactory'
2025-04-26T22:20:22.197+02:00 TRACE 13448 --- [api-gateway] [    Test worker] o.s.b.f.s.DefaultListableBeanFactory     : Returning cached instance of singleton bean 'rewriteRequestParameterGatewayFilterFactory'
2025-04-26T22:20:22.197+02:00 TRACE 13448 --- [api-gateway] [    Test worker] o.s.b.f.s.DefaultListableBeanFactory     : Returning cached instance of singleton bean 'gzipMessageBodyResolver'
2025-04-26T22:20:22.197+02:00 TRACE 13448 --- [api-gateway] [    Test worker] o.s.b.f.s.DefaultListableBeanFactory     : Returning cached instance of singleton bean 'configurableHintsRegistrationProcessor'
2025-04-26T22:20:22.197+02:00 TRACE 13448 --- [api-gateway] [    Test worker] o.s.b.f.s.DefaultListableBeanFactory     : Returning cached instance of singleton bean 'org.springframework.boot.autoconfigure.web.reactive.WebFluxAutoConfiguration$EnableWebFluxConfiguration'
2025-04-26T22:20:22.197+02:00 TRACE 13448 --- [api-gateway] [    Test worker] o.s.b.f.s.DefaultListableBeanFactory     : Returning cached instance of singleton bean 'webFluxConversionService'
2025-04-26T22:20:22.197+02:00 TRACE 13448 --- [api-gateway] [    Test worker] o.s.b.f.s.DefaultListableBeanFactory     : Returning cached instance of singleton bean 'webFluxValidator'
2025-04-26T22:20:22.198+02:00 TRACE 13448 --- [api-gateway] [    Test worker] o.s.b.f.s.DefaultListableBeanFactory     : Returning cached instance of singleton bean 'localeContextResolver'
2025-04-26T22:20:22.198+02:00 TRACE 13448 --- [api-gateway] [    Test worker] o.s.b.f.s.DefaultListableBeanFactory     : Returning cached instance of singleton bean 'webSessionManager'
2025-04-26T22:20:22.198+02:00 TRACE 13448 --- [api-gateway] [    Test worker] o.s.b.f.s.DefaultListableBeanFactory     : Returning cached instance of singleton bean 'webHandler'
2025-04-26T22:20:22.198+02:00 TRACE 13448 --- [api-gateway] [    Test worker] o.s.b.f.s.DefaultListableBeanFactory     : Returning cached instance of singleton bean 'responseStatusExceptionHandler'
2025-04-26T22:20:22.198+02:00 TRACE 13448 --- [api-gateway] [    Test worker] o.s.b.f.s.DefaultListableBeanFactory     : Returning cached instance of singleton bean 'requestMappingHandlerMapping'
2025-04-26T22:20:22.198+02:00 TRACE 13448 --- [api-gateway] [    Test worker] o.s.b.f.s.DefaultListableBeanFactory     : Returning cached instance of singleton bean 'webFluxContentTypeResolver'
2025-04-26T22:20:22.198+02:00 TRACE 13448 --- [api-gateway] [    Test worker] o.s.b.f.s.DefaultListableBeanFactory     : Returning cached instance of singleton bean 'routerFunctionMapping'
2025-04-26T22:20:22.198+02:00 TRACE 13448 --- [api-gateway] [    Test worker] o.s.b.f.s.DefaultListableBeanFactory     : Returning cached instance of singleton bean 'resourceHandlerMapping'
2025-04-26T22:20:22.198+02:00 TRACE 13448 --- [api-gateway] [    Test worker] o.s.b.f.s.DefaultListableBeanFactory     : Returning cached instance of singleton bean 'resourceUrlProvider'
2025-04-26T22:20:22.198+02:00 TRACE 13448 --- [api-gateway] [    Test worker] o.s.b.f.s.DefaultListableBeanFactory     : Returning cached instance of singleton bean 'requestMappingHandlerAdapter'
2025-04-26T22:20:22.198+02:00 TRACE 13448 --- [api-gateway] [    Test worker] o.s.b.f.s.DefaultListableBeanFactory     : Returning cached instance of singleton bean 'serverCodecConfigurer'
2025-04-26T22:20:22.198+02:00 TRACE 13448 --- [api-gateway] [    Test worker] o.s.b.f.s.DefaultListableBeanFactory     : Returning cached instance of singleton bean 'webFluxAdapterRegistry'
2025-04-26T22:20:22.198+02:00 TRACE 13448 --- [api-gateway] [    Test worker] o.s.b.f.s.DefaultListableBeanFactory     : Returning cached instance of singleton bean 'handlerFunctionAdapter'
2025-04-26T22:20:22.198+02:00 TRACE 13448 --- [api-gateway] [    Test worker] o.s.b.f.s.DefaultListableBeanFactory     : Returning cached instance of singleton bean 'simpleHandlerAdapter'
2025-04-26T22:20:22.198+02:00 TRACE 13448 --- [api-gateway] [    Test worker] o.s.b.f.s.DefaultListableBeanFactory     : Returning cached instance of singleton bean 'webFluxWebSocketHandlerAdapter'
2025-04-26T22:20:22.198+02:00 TRACE 13448 --- [api-gateway] [    Test worker] o.s.b.f.s.DefaultListableBeanFactory     : Returning cached instance of singleton bean 'responseEntityResultHandler'
2025-04-26T22:20:22.198+02:00 TRACE 13448 --- [api-gateway] [    Test worker] o.s.b.f.s.DefaultListableBeanFactory     : Returning cached instance of singleton bean 'responseBodyResultHandler'
2025-04-26T22:20:22.198+02:00 TRACE 13448 --- [api-gateway] [    Test worker] o.s.b.f.s.DefaultListableBeanFactory     : Returning cached instance of singleton bean 'viewResolutionResultHandler'
2025-04-26T22:20:22.198+02:00 TRACE 13448 --- [api-gateway] [    Test worker] o.s.b.f.s.DefaultListableBeanFactory     : Returning cached instance of singleton bean 'serverResponseResultHandler'
2025-04-26T22:20:22.198+02:00 TRACE 13448 --- [api-gateway] [    Test worker] o.s.b.f.s.DefaultListableBeanFactory     : Returning cached instance of singleton bean 'org.springframework.boot.autoconfigure.web.reactive.WebFluxAutoConfiguration$WebFluxConfig'
2025-04-26T22:20:22.198+02:00 TRACE 13448 --- [api-gateway] [    Test worker] o.s.b.f.s.DefaultListableBeanFactory     : Returning cached instance of singleton bean 'org.springframework.boot.autoconfigure.web.reactive.WebFluxAutoConfiguration$WelcomePageConfiguration'
2025-04-26T22:20:22.198+02:00 TRACE 13448 --- [api-gateway] [    Test worker] o.s.b.f.s.DefaultListableBeanFactory     : Returning cached instance of singleton bean 'welcomePageRouterFunctionMapping'
2025-04-26T22:20:22.198+02:00 TRACE 13448 --- [api-gateway] [    Test worker] o.s.b.f.s.DefaultListableBeanFactory     : Returning cached instance of singleton bean 'org.springframework.boot.autoconfigure.web.reactive.WebFluxAutoConfiguration'
2025-04-26T22:20:22.198+02:00 TRACE 13448 --- [api-gateway] [    Test worker] o.s.b.f.s.DefaultListableBeanFactory     : Returning cached instance of singleton bean 'org.springframework.boot.autoconfigure.web.reactive.HttpHandlerAutoConfiguration$AnnotationConfig'
2025-04-26T22:20:22.198+02:00 TRACE 13448 --- [api-gateway] [    Test worker] o.s.b.f.s.DefaultListableBeanFactory     : Returning cached instance of singleton bean 'httpHandler'
2025-04-26T22:20:22.198+02:00 TRACE 13448 --- [api-gateway] [    Test worker] o.s.b.f.s.DefaultListableBeanFactory     : Returning cached instance of singleton bean 'org.springframework.boot.autoconfigure.web.reactive.HttpHandlerAutoConfiguration'
2025-04-26T22:20:22.198+02:00 TRACE 13448 --- [api-gateway] [    Test worker] o.s.b.f.s.DefaultListableBeanFactory     : Returning cached instance of singleton bean 'org.springframework.boot.autoconfigure.aop.AopAutoConfiguration$ClassProxyingConfiguration'
2025-04-26T22:20:22.198+02:00 TRACE 13448 --- [api-gateway] [    Test worker] o.s.b.f.s.DefaultListableBeanFactory     : Returning cached instance of singleton bean 'forceAutoProxyCreatorToUseClassProxying'
2025-04-26T22:20:22.198+02:00 TRACE 13448 --- [api-gateway] [    Test worker] o.s.b.f.s.DefaultListableBeanFactory     : Returning cached instance of singleton bean 'org.springframework.boot.autoconfigure.aop.AopAutoConfiguration'
2025-04-26T22:20:22.198+02:00 TRACE 13448 --- [api-gateway] [    Test worker] o.s.b.f.s.DefaultListableBeanFactory     : Returning cached instance of singleton bean 'org.springframework.boot.autoconfigure.availability.ApplicationAvailabilityAutoConfiguration'
2025-04-26T22:20:22.198+02:00 TRACE 13448 --- [api-gateway] [    Test worker] o.s.b.f.s.DefaultListableBeanFactory     : Returning cached instance of singleton bean 'applicationAvailability'
2025-04-26T22:20:22.198+02:00 TRACE 13448 --- [api-gateway] [    Test worker] o.s.b.f.s.DefaultListableBeanFactory     : Returning cached instance of singleton bean 'org.springframework.cloud.autoconfigure.RefreshAutoConfiguration$RefreshScopeBeanDefinitionEnhancer'
2025-04-26T22:20:22.198+02:00 TRACE 13448 --- [api-gateway] [    Test worker] o.s.b.f.s.DefaultListableBeanFactory     : Returning cached instance of singleton bean 'org.springframework.cloud.autoconfigure.RefreshAutoConfiguration'
2025-04-26T22:20:22.198+02:00 TRACE 13448 --- [api-gateway] [    Test worker] o.s.b.f.s.DefaultListableBeanFactory     : Returning cached instance of singleton bean 'refreshScope'
2025-04-26T22:20:22.198+02:00 TRACE 13448 --- [api-gateway] [    Test worker] o.s.b.f.s.DefaultListableBeanFactory     : Returning cached instance of singleton bean 'loggingRebinder'
2025-04-26T22:20:22.198+02:00 TRACE 13448 --- [api-gateway] [    Test worker] o.s.b.f.s.DefaultListableBeanFactory     : Returning cached instance of singleton bean 'configDataContextRefresher'
2025-04-26T22:20:22.198+02:00 TRACE 13448 --- [api-gateway] [    Test worker] o.s.b.f.s.DefaultListableBeanFactory     : Returning cached instance of singleton bean 'refreshScopeLifecycle'
2025-04-26T22:20:22.198+02:00 TRACE 13448 --- [api-gateway] [    Test worker] o.s.b.f.s.DefaultListableBeanFactory     : Returning cached instance of singleton bean 'refreshEventListener'
2025-04-26T22:20:22.198+02:00 TRACE 13448 --- [api-gateway] [    Test worker] o.s.b.f.s.DefaultListableBeanFactory     : Returning cached instance of singleton bean 'spring.cloud.refresh-org.springframework.cloud.autoconfigure.RefreshAutoConfiguration$RefreshProperties'
2025-04-26T22:20:22.198+02:00 TRACE 13448 --- [api-gateway] [    Test worker] o.s.b.f.s.DefaultListableBeanFactory     : Returning cached instance of singleton bean 'org.springframework.boot.autoconfigure.context.ConfigurationPropertiesAutoConfiguration'
2025-04-26T22:20:22.198+02:00 TRACE 13448 --- [api-gateway] [    Test worker] o.s.b.f.s.DefaultListableBeanFactory     : Returning cached instance of singleton bean 'org.springframework.boot.autoconfigure.context.LifecycleAutoConfiguration'
2025-04-26T22:20:22.198+02:00 TRACE 13448 --- [api-gateway] [    Test worker] o.s.b.f.s.DefaultListableBeanFactory     : Returning cached instance of singleton bean 'lifecycleProcessor'
2025-04-26T22:20:22.199+02:00 TRACE 13448 --- [api-gateway] [    Test worker] o.s.b.f.s.DefaultListableBeanFactory     : Returning cached instance of singleton bean 'spring.lifecycle-org.springframework.boot.autoconfigure.context.LifecycleProperties'
2025-04-26T22:20:22.199+02:00 TRACE 13448 --- [api-gateway] [    Test worker] o.s.b.f.s.DefaultListableBeanFactory     : Returning cached instance of singleton bean 'org.springframework.boot.autoconfigure.gson.GsonAutoConfiguration'
2025-04-26T22:20:22.199+02:00 TRACE 13448 --- [api-gateway] [    Test worker] o.s.b.f.s.DefaultListableBeanFactory     : Returning cached instance of singleton bean 'gsonBuilder'
2025-04-26T22:20:22.199+02:00 TRACE 13448 --- [api-gateway] [    Test worker] o.s.b.f.s.DefaultListableBeanFactory     : Returning cached instance of singleton bean 'gson'
2025-04-26T22:20:22.199+02:00 TRACE 13448 --- [api-gateway] [    Test worker] o.s.b.f.s.DefaultListableBeanFactory     : Returning cached instance of singleton bean 'standardGsonBuilderCustomizer'
2025-04-26T22:20:22.199+02:00 TRACE 13448 --- [api-gateway] [    Test worker] o.s.b.f.s.DefaultListableBeanFactory     : Returning cached instance of singleton bean 'spring.gson-org.springframework.boot.autoconfigure.gson.GsonProperties'
2025-04-26T22:20:22.199+02:00 TRACE 13448 --- [api-gateway] [    Test worker] o.s.b.f.s.DefaultListableBeanFactory     : Returning cached instance of singleton bean 'org.springframework.boot.autoconfigure.ssl.SslAutoConfiguration'
2025-04-26T22:20:22.199+02:00 TRACE 13448 --- [api-gateway] [    Test worker] o.s.b.f.s.DefaultListableBeanFactory     : Returning cached instance of singleton bean 'fileWatcher'
2025-04-26T22:20:22.199+02:00 TRACE 13448 --- [api-gateway] [    Test worker] o.s.b.f.s.DefaultListableBeanFactory     : Returning cached instance of singleton bean 'sslPropertiesSslBundleRegistrar'
2025-04-26T22:20:22.199+02:00 TRACE 13448 --- [api-gateway] [    Test worker] o.s.b.f.s.DefaultListableBeanFactory     : Returning cached instance of singleton bean 'sslBundleRegistry'
2025-04-26T22:20:22.199+02:00 TRACE 13448 --- [api-gateway] [    Test worker] o.s.b.f.s.DefaultListableBeanFactory     : Returning cached instance of singleton bean 'spring.ssl-org.springframework.boot.autoconfigure.ssl.SslProperties'
2025-04-26T22:20:22.199+02:00 TRACE 13448 --- [api-gateway] [    Test worker] o.s.b.f.s.DefaultListableBeanFactory     : Returning cached instance of singleton bean 'org.springframework.boot.autoconfigure.info.ProjectInfoAutoConfiguration'
2025-04-26T22:20:22.199+02:00 TRACE 13448 --- [api-gateway] [    Test worker] o.s.b.f.s.DefaultListableBeanFactory     : Returning cached instance of singleton bean 'spring.info-org.springframework.boot.autoconfigure.info.ProjectInfoProperties'
2025-04-26T22:20:22.199+02:00 TRACE 13448 --- [api-gateway] [    Test worker] o.s.b.f.s.DefaultListableBeanFactory     : Returning cached instance of singleton bean 'org.springframework.boot.autoconfigure.netty.NettyAutoConfiguration'
2025-04-26T22:20:22.199+02:00 TRACE 13448 --- [api-gateway] [    Test worker] o.s.b.f.s.DefaultListableBeanFactory     : Returning cached instance of singleton bean 'spring.netty-org.springframework.boot.autoconfigure.netty.NettyProperties'
2025-04-26T22:20:22.199+02:00 TRACE 13448 --- [api-gateway] [    Test worker] o.s.b.f.s.DefaultListableBeanFactory     : Returning cached instance of singleton bean 'org.springframework.boot.autoconfigure.reactor.ReactorAutoConfiguration'
2025-04-26T22:20:22.199+02:00 TRACE 13448 --- [api-gateway] [    Test worker] o.s.b.f.s.DefaultListableBeanFactory     : Returning cached instance of singleton bean 'spring.reactor-org.springframework.boot.autoconfigure.reactor.ReactorProperties'
2025-04-26T22:20:22.199+02:00 TRACE 13448 --- [api-gateway] [    Test worker] o.s.b.f.s.DefaultListableBeanFactory     : Returning cached instance of singleton bean 'org.springframework.boot.autoconfigure.security.oauth2.resource.reactive.ReactiveOAuth2ResourceServerJwkConfiguration$JwtConfiguration'
2025-04-26T22:20:22.199+02:00 TRACE 13448 --- [api-gateway] [    Test worker] o.s.b.f.s.DefaultListableBeanFactory     : Returning cached instance of singleton bean 'jwtDecoderByIssuerUri'
2025-04-26T22:20:22.199+02:00 TRACE 13448 --- [api-gateway] [    Test worker] o.s.b.f.s.DefaultListableBeanFactory     : Returning cached instance of singleton bean 'org.springframework.boot.autoconfigure.security.oauth2.resource.reactive.ReactiveOAuth2ResourceServerConfiguration$JwtConfiguration'
2025-04-26T22:20:22.199+02:00 TRACE 13448 --- [api-gateway] [    Test worker] o.s.b.f.s.DefaultListableBeanFactory     : Returning cached instance of singleton bean 'org.springframework.boot.autoconfigure.security.oauth2.resource.reactive.ReactiveOAuth2ResourceServerOpaqueTokenConfiguration$OpaqueTokenIntrospectionClientConfiguration'
2025-04-26T22:20:22.199+02:00 TRACE 13448 --- [api-gateway] [    Test worker] o.s.b.f.s.DefaultListableBeanFactory     : Returning cached instance of singleton bean 'org.springframework.boot.autoconfigure.security.oauth2.resource.reactive.ReactiveOAuth2ResourceServerConfiguration$OpaqueTokenConfiguration'
2025-04-26T22:20:22.199+02:00 TRACE 13448 --- [api-gateway] [    Test worker] o.s.b.f.s.DefaultListableBeanFactory     : Returning cached instance of singleton bean 'org.springframework.boot.autoconfigure.security.oauth2.resource.reactive.ReactiveOAuth2ResourceServerAutoConfiguration'
2025-04-26T22:20:22.199+02:00 TRACE 13448 --- [api-gateway] [    Test worker] o.s.b.f.s.DefaultListableBeanFactory     : Returning cached instance of singleton bean 'spring.security.oauth2.resourceserver-org.springframework.boot.autoconfigure.security.oauth2.resource.OAuth2ResourceServerProperties'
2025-04-26T22:20:22.199+02:00 TRACE 13448 --- [api-gateway] [    Test worker] o.s.b.f.s.DefaultListableBeanFactory     : Returning cached instance of singleton bean 'org.springframework.boot.autoconfigure.security.reactive.ReactiveSecurityAutoConfiguration$SpringBootWebFluxSecurityConfiguration'
2025-04-26T22:20:22.199+02:00 TRACE 13448 --- [api-gateway] [    Test worker] o.s.b.f.s.DefaultListableBeanFactory     : Returning cached instance of singleton bean 'org.springframework.boot.autoconfigure.security.reactive.ReactiveSecurityAutoConfiguration'
2025-04-26T22:20:22.199+02:00 TRACE 13448 --- [api-gateway] [    Test worker] o.s.b.f.s.DefaultListableBeanFactory     : Returning cached instance of singleton bean 'spring.security-org.springframework.boot.autoconfigure.security.SecurityProperties'
2025-04-26T22:20:22.199+02:00 TRACE 13448 --- [api-gateway] [    Test worker] o.s.b.f.s.DefaultListableBeanFactory     : Returning cached instance of singleton bean 'org.springframework.boot.autoconfigure.security.servlet.SecurityAutoConfiguration'
2025-04-26T22:20:22.199+02:00 TRACE 13448 --- [api-gateway] [    Test worker] o.s.b.f.s.DefaultListableBeanFactory     : Returning cached instance of singleton bean 'authenticationEventPublisher'
2025-04-26T22:20:22.199+02:00 TRACE 13448 --- [api-gateway] [    Test worker] o.s.b.f.s.DefaultListableBeanFactory     : Returning cached instance of singleton bean 'org.springframework.boot.autoconfigure.sql.init.SqlInitializationAutoConfiguration'
2025-04-26T22:20:22.199+02:00 TRACE 13448 --- [api-gateway] [    Test worker] o.s.b.f.s.DefaultListableBeanFactory     : Returning cached instance of singleton bean 'spring.sql.init-org.springframework.boot.autoconfigure.sql.init.SqlInitializationProperties'
2025-04-26T22:20:22.199+02:00 TRACE 13448 --- [api-gateway] [    Test worker] o.s.b.f.s.DefaultListableBeanFactory     : Returning cached instance of singleton bean 'org.springframework.boot.sql.init.dependency.DatabaseInitializationDependencyConfigurer$DependsOnDatabaseInitializationPostProcessor'
2025-04-26T22:20:22.199+02:00 TRACE 13448 --- [api-gateway] [    Test worker] o.s.b.f.s.DefaultListableBeanFactory     : Returning cached instance of singleton bean 'org.springframework.boot.autoconfigure.task.TaskExecutorConfigurations$ThreadPoolTaskExecutorBuilderConfiguration'
2025-04-26T22:20:22.199+02:00 TRACE 13448 --- [api-gateway] [    Test worker] o.s.b.f.s.DefaultListableBeanFactory     : Returning cached instance of singleton bean 'threadPoolTaskExecutorBuilder'
2025-04-26T22:20:22.199+02:00 TRACE 13448 --- [api-gateway] [    Test worker] o.s.b.f.s.DefaultListableBeanFactory     : Returning cached instance of singleton bean 'org.springframework.boot.autoconfigure.task.TaskExecutorConfigurations$SimpleAsyncTaskExecutorBuilderConfiguration'
2025-04-26T22:20:22.199+02:00 TRACE 13448 --- [api-gateway] [    Test worker] o.s.b.f.s.DefaultListableBeanFactory     : Returning cached instance of singleton bean 'simpleAsyncTaskExecutorBuilder'
2025-04-26T22:20:22.199+02:00 TRACE 13448 --- [api-gateway] [    Test worker] o.s.b.f.s.DefaultListableBeanFactory     : Returning cached instance of singleton bean 'org.springframework.boot.autoconfigure.task.TaskExecutorConfigurations$TaskExecutorConfiguration'
2025-04-26T22:20:22.200+02:00 TRACE 13448 --- [api-gateway] [    Test worker] o.s.b.f.s.DefaultListableBeanFactory     : Returning cached instance of singleton bean 'applicationTaskExecutor'
2025-04-26T22:20:22.200+02:00 TRACE 13448 --- [api-gateway] [    Test worker] o.s.b.f.s.DefaultListableBeanFactory     : Returning cached instance of singleton bean 'org.springframework.boot.autoconfigure.task.TaskExecutionAutoConfiguration'
2025-04-26T22:20:22.200+02:00 TRACE 13448 --- [api-gateway] [    Test worker] o.s.b.f.s.DefaultListableBeanFactory     : Returning cached instance of singleton bean 'spring.task.execution-org.springframework.boot.autoconfigure.task.TaskExecutionProperties'
2025-04-26T22:20:22.200+02:00 TRACE 13448 --- [api-gateway] [    Test worker] o.s.b.f.s.DefaultListableBeanFactory     : Returning cached instance of singleton bean 'org.springframework.boot.autoconfigure.task.TaskSchedulingConfigurations$ThreadPoolTaskSchedulerBuilderConfiguration'
2025-04-26T22:20:22.200+02:00 TRACE 13448 --- [api-gateway] [    Test worker] o.s.b.f.s.DefaultListableBeanFactory     : Returning cached instance of singleton bean 'threadPoolTaskSchedulerBuilder'
2025-04-26T22:20:22.200+02:00 TRACE 13448 --- [api-gateway] [    Test worker] o.s.b.f.s.DefaultListableBeanFactory     : Returning cached instance of singleton bean 'org.springframework.boot.autoconfigure.task.TaskSchedulingConfigurations$SimpleAsyncTaskSchedulerBuilderConfiguration'
2025-04-26T22:20:22.200+02:00 TRACE 13448 --- [api-gateway] [    Test worker] o.s.b.f.s.DefaultListableBeanFactory     : Returning cached instance of singleton bean 'simpleAsyncTaskSchedulerBuilder'
2025-04-26T22:20:22.200+02:00 TRACE 13448 --- [api-gateway] [    Test worker] o.s.b.f.s.DefaultListableBeanFactory     : Returning cached instance of singleton bean 'org.springframework.boot.autoconfigure.task.TaskSchedulingAutoConfiguration'
2025-04-26T22:20:22.200+02:00 TRACE 13448 --- [api-gateway] [    Test worker] o.s.b.f.s.DefaultListableBeanFactory     : Returning cached instance of singleton bean 'spring.task.scheduling-org.springframework.boot.autoconfigure.task.TaskSchedulingProperties'
2025-04-26T22:20:22.200+02:00 TRACE 13448 --- [api-gateway] [    Test worker] o.s.b.f.s.DefaultListableBeanFactory     : Returning cached instance of singleton bean 'org.springframework.boot.autoconfigure.web.embedded.EmbeddedWebServerFactoryCustomizerAutoConfiguration$NettyWebServerFactoryCustomizerConfiguration'
2025-04-26T22:20:22.200+02:00 TRACE 13448 --- [api-gateway] [    Test worker] o.s.b.f.s.DefaultListableBeanFactory     : Returning cached instance of singleton bean 'nettyWebServerFactoryCustomizer'
2025-04-26T22:20:22.200+02:00 TRACE 13448 --- [api-gateway] [    Test worker] o.s.b.f.s.DefaultListableBeanFactory     : Returning cached instance of singleton bean 'org.springframework.boot.autoconfigure.web.embedded.EmbeddedWebServerFactoryCustomizerAutoConfiguration'
2025-04-26T22:20:22.200+02:00 TRACE 13448 --- [api-gateway] [    Test worker] o.s.b.f.s.DefaultListableBeanFactory     : Returning cached instance of singleton bean 'org.springframework.boot.autoconfigure.web.reactive.function.client.ClientHttpConnectorFactoryConfiguration$ReactorNetty'
2025-04-26T22:20:22.200+02:00 TRACE 13448 --- [api-gateway] [    Test worker] o.s.b.f.s.DefaultListableBeanFactory     : Returning cached instance of singleton bean 'reactorClientHttpConnectorFactory'
2025-04-26T22:20:22.200+02:00 TRACE 13448 --- [api-gateway] [    Test worker] o.s.b.f.s.DefaultListableBeanFactory     : Returning cached instance of singleton bean 'org.springframework.boot.autoconfigure.web.reactive.function.client.ClientHttpConnectorAutoConfiguration'
2025-04-26T22:20:22.200+02:00 TRACE 13448 --- [api-gateway] [    Test worker] o.s.b.f.s.DefaultListableBeanFactory     : Returning cached instance of singleton bean 'webClientHttpConnector'
2025-04-26T22:20:22.200+02:00 TRACE 13448 --- [api-gateway] [    Test worker] o.s.b.f.s.DefaultListableBeanFactory     : Returning cached instance of singleton bean 'webClientHttpConnectorCustomizer'
2025-04-26T22:20:22.200+02:00 TRACE 13448 --- [api-gateway] [    Test worker] o.s.b.f.s.DefaultListableBeanFactory     : Returning cached instance of singleton bean 'org.springframework.boot.autoconfigure.web.reactive.function.client.WebClientAutoConfiguration$WebClientCodecsConfiguration'
2025-04-26T22:20:22.200+02:00 TRACE 13448 --- [api-gateway] [    Test worker] o.s.b.f.s.DefaultListableBeanFactory     : Returning cached instance of singleton bean 'exchangeStrategiesCustomizer'
2025-04-26T22:20:22.200+02:00 TRACE 13448 --- [api-gateway] [    Test worker] o.s.b.f.s.DefaultListableBeanFactory     : Returning cached instance of singleton bean 'org.springframework.boot.autoconfigure.web.reactive.function.client.WebClientAutoConfiguration'
2025-04-26T22:20:22.200+02:00 TRACE 13448 --- [api-gateway] [    Test worker] o.s.b.f.s.DefaultListableBeanFactory     : Returning cached instance of singleton bean 'webClientSsl'
2025-04-26T22:20:22.200+02:00 TRACE 13448 --- [api-gateway] [    Test worker] o.s.b.f.s.DefaultListableBeanFactory     : Returning cached instance of singleton bean 'org.springframework.cloud.autoconfigure.ConfigurationPropertiesRebinderAutoConfiguration'
2025-04-26T22:20:22.200+02:00 TRACE 13448 --- [api-gateway] [    Test worker] o.s.b.f.s.DefaultListableBeanFactory     : Returning cached instance of singleton bean 'configurationPropertiesBeans'
2025-04-26T22:20:22.200+02:00 TRACE 13448 --- [api-gateway] [    Test worker] o.s.b.f.s.DefaultListableBeanFactory     : Returning cached instance of singleton bean 'configurationPropertiesRebinder'
2025-04-26T22:20:22.200+02:00 TRACE 13448 --- [api-gateway] [    Test worker] o.s.b.f.s.DefaultListableBeanFactory     : Returning cached instance of singleton bean 'org.springframework.cloud.autoconfigure.LifecycleMvcEndpointAutoConfiguration'
2025-04-26T22:20:22.200+02:00 TRACE 13448 --- [api-gateway] [    Test worker] o.s.b.f.s.DefaultListableBeanFactory     : Returning cached instance of singleton bean 'environmentManager'
2025-04-26T22:20:22.200+02:00 TRACE 13448 --- [api-gateway] [    Test worker] o.s.b.f.s.DefaultListableBeanFactory     : Returning cached instance of singleton bean 'org.springframework.cloud.client.discovery.simple.SimpleDiscoveryClientAutoConfiguration'
2025-04-26T22:20:22.200+02:00 TRACE 13448 --- [api-gateway] [    Test worker] o.s.b.f.s.DefaultListableBeanFactory     : Returning cached instance of singleton bean 'simpleDiscoveryProperties'
2025-04-26T22:20:22.200+02:00 TRACE 13448 --- [api-gateway] [    Test worker] o.s.b.f.s.DefaultListableBeanFactory     : Returning cached instance of singleton bean 'simpleDiscoveryClient'
2025-04-26T22:20:22.200+02:00 TRACE 13448 --- [api-gateway] [    Test worker] o.s.b.f.s.DefaultListableBeanFactory     : Returning cached instance of singleton bean 'org.springframework.cloud.client.serviceregistry.AutoServiceRegistrationConfiguration'
2025-04-26T22:20:22.200+02:00 TRACE 13448 --- [api-gateway] [    Test worker] o.s.b.f.s.DefaultListableBeanFactory     : Returning cached instance of singleton bean 'spring.cloud.service-registry.auto-registration-org.springframework.cloud.client.serviceregistry.AutoServiceRegistrationProperties'
2025-04-26T22:20:22.200+02:00 TRACE 13448 --- [api-gateway] [    Test worker] o.s.b.f.s.DefaultListableBeanFactory     : Returning cached instance of singleton bean 'org.springframework.cloud.client.serviceregistry.AutoServiceRegistrationAutoConfiguration'
2025-04-26T22:20:22.200+02:00 TRACE 13448 --- [api-gateway] [    Test worker] o.s.b.f.s.DefaultListableBeanFactory     : Returning cached instance of singleton bean 'org.springframework.cloud.netflix.eureka.EurekaDiscoveryClientConfiguration$EurekaClientConfigurationRefresher'
2025-04-26T22:20:22.200+02:00 TRACE 13448 --- [api-gateway] [    Test worker] o.s.b.f.s.DefaultListableBeanFactory     : Returning cached instance of singleton bean 'org.springframework.cloud.netflix.eureka.EurekaDiscoveryClientConfiguration'
2025-04-26T22:20:22.200+02:00 TRACE 13448 --- [api-gateway] [    Test worker] o.s.b.f.s.DefaultListableBeanFactory     : Returning cached instance of singleton bean 'discoveryClient'
2025-04-26T22:20:22.200+02:00 TRACE 13448 --- [api-gateway] [    Test worker] o.s.b.f.s.DefaultListableBeanFactory     : Returning cached instance of singleton bean 'org.springframework.cloud.netflix.eureka.config.DiscoveryClientOptionalArgsConfiguration$WebClientConfiguration'
2025-04-26T22:20:22.200+02:00 TRACE 13448 --- [api-gateway] [    Test worker] o.s.b.f.s.DefaultListableBeanFactory     : Returning cached instance of singleton bean 'webClientDiscoveryClientOptionalArgs'
2025-04-26T22:20:22.200+02:00 TRACE 13448 --- [api-gateway] [    Test worker] o.s.b.f.s.DefaultListableBeanFactory     : Returning cached instance of singleton bean 'webClientTransportClientFactories'
2025-04-26T22:20:22.200+02:00 TRACE 13448 --- [api-gateway] [    Test worker] o.s.b.f.s.DefaultListableBeanFactory     : Returning cached instance of singleton bean 'org.springframework.cloud.netflix.eureka.config.DiscoveryClientOptionalArgsConfiguration'
2025-04-26T22:20:22.200+02:00 TRACE 13448 --- [api-gateway] [    Test worker] o.s.b.f.s.DefaultListableBeanFactory     : Returning cached instance of singleton bean 'tlsProperties'
2025-04-26T22:20:22.200+02:00 TRACE 13448 --- [api-gateway] [    Test worker] o.s.b.f.s.DefaultListableBeanFactory     : Returning cached instance of singleton bean 'eureka.client.restclient.timeout-org.springframework.cloud.netflix.eureka.RestClientTimeoutProperties'
2025-04-26T22:20:22.201+02:00 TRACE 13448 --- [api-gateway] [    Test worker] o.s.b.f.s.DefaultListableBeanFactory     : Returning cached instance of singleton bean 'eureka.client.rest-template-timeout-org.springframework.cloud.netflix.eureka.RestTemplateTimeoutProperties'
2025-04-26T22:20:22.201+02:00 TRACE 13448 --- [api-gateway] [    Test worker] o.s.b.f.s.DefaultListableBeanFactory     : Returning cached instance of singleton bean 'org.springframework.cloud.netflix.eureka.EurekaClientAutoConfiguration$RefreshableEurekaClientConfiguration'
2025-04-26T22:20:22.201+02:00 TRACE 13448 --- [api-gateway] [    Test worker] o.s.b.f.s.DefaultListableBeanFactory     : Returning cached instance of singleton bean 'eurekaClient'
2025-04-26T22:20:22.201+02:00 TRACE 13448 --- [api-gateway] [    Test worker] o.s.b.f.s.DefaultListableBeanFactory     : Returning cached instance of singleton bean 'eurekaClient'
2025-04-26T22:20:22.201+02:00 TRACE 13448 --- [api-gateway] [    Test worker] o.s.b.f.s.DefaultListableBeanFactory     : Returning cached instance of singleton bean 'eurekaApplicationInfoManager'
2025-04-26T22:20:22.201+02:00 TRACE 13448 --- [api-gateway] [    Test worker] o.s.b.f.s.DefaultListableBeanFactory     : Returning cached instance of singleton bean 'eurekaApplicationInfoManager'
2025-04-26T22:20:22.201+02:00 TRACE 13448 --- [api-gateway] [    Test worker] o.s.b.f.s.DefaultListableBeanFactory     : Returning cached instance of singleton bean 'eurekaRegistration'
2025-04-26T22:20:22.201+02:00 TRACE 13448 --- [api-gateway] [    Test worker] o.s.b.f.s.DefaultListableBeanFactory     : Returning cached instance of singleton bean 'eurekaRegistration'
2025-04-26T22:20:22.201+02:00 TRACE 13448 --- [api-gateway] [    Test worker] o.s.b.f.s.DefaultListableBeanFactory     : Returning cached instance of singleton bean 'org.springframework.cloud.netflix.eureka.EurekaClientAutoConfiguration'
2025-04-26T22:20:22.201+02:00 TRACE 13448 --- [api-gateway] [    Test worker] o.s.b.f.s.DefaultListableBeanFactory     : Returning cached instance of singleton bean 'eurekaFeature'
2025-04-26T22:20:22.201+02:00 TRACE 13448 --- [api-gateway] [    Test worker] o.s.b.f.s.DefaultListableBeanFactory     : Returning cached instance of singleton bean 'eurekaClientConfigBean'
2025-04-26T22:20:22.201+02:00 TRACE 13448 --- [api-gateway] [    Test worker] o.s.b.f.s.DefaultListableBeanFactory     : Returning cached instance of singleton bean 'serviceManagementMetadataProvider'
2025-04-26T22:20:22.201+02:00 TRACE 13448 --- [api-gateway] [    Test worker] o.s.b.f.s.DefaultListableBeanFactory     : Returning cached instance of singleton bean 'eurekaInstanceConfigBean'
2025-04-26T22:20:22.201+02:00 TRACE 13448 --- [api-gateway] [    Test worker] o.s.b.f.s.DefaultListableBeanFactory     : Returning cached instance of singleton bean 'eurekaServiceRegistry'
2025-04-26T22:20:22.201+02:00 TRACE 13448 --- [api-gateway] [    Test worker] o.s.b.f.s.DefaultListableBeanFactory     : Returning cached instance of singleton bean 'eurekaAutoServiceRegistration'
2025-04-26T22:20:22.201+02:00 TRACE 13448 --- [api-gateway] [    Test worker] o.s.b.f.s.DefaultListableBeanFactory     : Returning cached instance of singleton bean 'org.springframework.cloud.client.CommonsClientAutoConfiguration'
2025-04-26T22:20:22.201+02:00 TRACE 13448 --- [api-gateway] [    Test worker] o.s.b.f.s.DefaultListableBeanFactory     : Returning cached instance of singleton bean 'org.springframework.cloud.client.discovery.composite.reactive.ReactiveCompositeDiscoveryClientAutoConfiguration'
2025-04-26T22:20:22.201+02:00 TRACE 13448 --- [api-gateway] [    Test worker] o.s.b.f.s.DefaultListableBeanFactory     : Returning cached instance of singleton bean 'reactiveCompositeDiscoveryClient'
2025-04-26T22:20:22.201+02:00 TRACE 13448 --- [api-gateway] [    Test worker] o.s.b.f.s.DefaultListableBeanFactory     : Returning cached instance of singleton bean 'org.springframework.cloud.client.discovery.simple.reactive.SimpleReactiveDiscoveryClientAutoConfiguration'
2025-04-26T22:20:22.201+02:00 TRACE 13448 --- [api-gateway] [    Test worker] o.s.b.f.s.DefaultListableBeanFactory     : Returning cached instance of singleton bean 'simpleReactiveDiscoveryProperties'
2025-04-26T22:20:22.201+02:00 TRACE 13448 --- [api-gateway] [    Test worker] o.s.b.f.s.DefaultListableBeanFactory     : Returning cached instance of singleton bean 'simpleReactiveDiscoveryClient'
2025-04-26T22:20:22.201+02:00 TRACE 13448 --- [api-gateway] [    Test worker] o.s.b.f.s.DefaultListableBeanFactory     : Returning cached instance of singleton bean 'spring.cloud.discovery.client.health-indicator-org.springframework.cloud.client.discovery.health.DiscoveryClientHealthIndicatorProperties'
2025-04-26T22:20:22.201+02:00 TRACE 13448 --- [api-gateway] [    Test worker] o.s.b.f.s.DefaultListableBeanFactory     : Returning cached instance of singleton bean 'org.springframework.cloud.netflix.eureka.reactive.EurekaReactiveDiscoveryClientConfiguration'
2025-04-26T22:20:22.201+02:00 TRACE 13448 --- [api-gateway] [    Test worker] o.s.b.f.s.DefaultListableBeanFactory     : Returning cached instance of singleton bean 'eurekaReactiveDiscoveryClient'
2025-04-26T22:20:22.206+02:00 TRACE 13448 --- [api-gateway] [    Test worker] o.s.b.f.s.DefaultListableBeanFactory     : Returning cached instance of singleton bean 'org.springframework.cloud.client.ReactiveCommonsClientAutoConfiguration'
2025-04-26T22:20:22.206+02:00 TRACE 13448 --- [api-gateway] [    Test worker] o.s.b.f.s.DefaultListableBeanFactory     : Returning cached instance of singleton bean 'org.springframework.cloud.loadbalancer.config.BlockingLoadBalancerClientAutoConfiguration'
2025-04-26T22:20:22.206+02:00 TRACE 13448 --- [api-gateway] [    Test worker] o.s.b.f.s.DefaultListableBeanFactory     : Returning cached instance of singleton bean 'blockingLoadBalancerClient'
2025-04-26T22:20:22.206+02:00 TRACE 13448 --- [api-gateway] [    Test worker] o.s.b.f.s.DefaultListableBeanFactory     : Returning cached instance of singleton bean 'loadBalancerServiceInstanceCookieTransformer'
2025-04-26T22:20:22.206+02:00 TRACE 13448 --- [api-gateway] [    Test worker] o.s.b.f.s.DefaultListableBeanFactory     : Returning cached instance of singleton bean 'xForwarderHeadersTransformer'
2025-04-26T22:20:22.206+02:00 TRACE 13448 --- [api-gateway] [    Test worker] o.s.b.f.s.DefaultListableBeanFactory     : Returning cached instance of singleton bean 'default.org.springframework.cloud.loadbalancer.config.BlockingLoadBalancerClientAutoConfiguration.LoadBalancerClientSpecification'
2025-04-26T22:20:22.206+02:00 TRACE 13448 --- [api-gateway] [    Test worker] o.s.b.f.s.DefaultListableBeanFactory     : Returning cached instance of singleton bean 'org.springframework.cloud.client.loadbalancer.LoadBalancerAutoConfiguration$LoadBalancerInterceptorConfig'
2025-04-26T22:20:22.206+02:00 TRACE 13448 --- [api-gateway] [    Test worker] o.s.b.f.s.DefaultListableBeanFactory     : Returning cached instance of singleton bean 'loadBalancerInterceptor'
2025-04-26T22:20:22.206+02:00 TRACE 13448 --- [api-gateway] [    Test worker] o.s.b.f.s.DefaultListableBeanFactory     : Returning cached instance of singleton bean 'restTemplateCustomizer'
2025-04-26T22:20:22.206+02:00 TRACE 13448 --- [api-gateway] [    Test worker] o.s.b.f.s.DefaultListableBeanFactory     : Returning cached instance of singleton bean 'org.springframework.cloud.client.loadbalancer.LoadBalancerAutoConfiguration$DeferringLoadBalancerInterceptorConfig'
2025-04-26T22:20:22.206+02:00 TRACE 13448 --- [api-gateway] [    Test worker] o.s.b.f.s.DefaultListableBeanFactory     : Returning cached instance of singleton bean 'deferringLoadBalancerInterceptor'
2025-04-26T22:20:22.206+02:00 TRACE 13448 --- [api-gateway] [    Test worker] o.s.b.f.s.DefaultListableBeanFactory     : Returning cached instance of singleton bean 'lbRestClientPostProcessor'
2025-04-26T22:20:22.206+02:00 TRACE 13448 --- [api-gateway] [    Test worker] o.s.b.f.s.DefaultListableBeanFactory     : Returning cached instance of singleton bean 'lbRestTemplateBuilderPostProcessor'
2025-04-26T22:20:22.206+02:00 TRACE 13448 --- [api-gateway] [    Test worker] o.s.b.f.s.DefaultListableBeanFactory     : Returning cached instance of singleton bean 'org.springframework.cloud.client.loadbalancer.LoadBalancerAutoConfiguration'
2025-04-26T22:20:22.206+02:00 TRACE 13448 --- [api-gateway] [    Test worker] o.s.b.f.s.DefaultListableBeanFactory     : Returning cached instance of singleton bean 'loadBalancedRestTemplateInitializerDeprecated'
2025-04-26T22:20:22.206+02:00 TRACE 13448 --- [api-gateway] [    Test worker] o.s.b.f.s.DefaultListableBeanFactory     : Returning cached instance of singleton bean 'loadBalancerRequestFactory'
2025-04-26T22:20:22.206+02:00 TRACE 13448 --- [api-gateway] [    Test worker] o.s.b.f.s.DefaultListableBeanFactory     : Returning cached instance of singleton bean 'org.springframework.cloud.client.loadbalancer.LoadBalancerDefaultMappingsProviderAutoConfiguration'
2025-04-26T22:20:22.206+02:00 TRACE 13448 --- [api-gateway] [    Test worker] o.s.b.f.s.DefaultListableBeanFactory     : Returning cached instance of singleton bean 'loadBalancerClientsDefaultsMappingsProvider'
2025-04-26T22:20:22.206+02:00 TRACE 13448 --- [api-gateway] [    Test worker] o.s.b.f.s.DefaultListableBeanFactory     : Returning cached instance of singleton bean 'org.springframework.cloud.client.loadbalancer.reactive.LoadBalancerBeanPostProcessorAutoConfiguration$ReactorDeferringLoadBalancerFilterConfig'
2025-04-26T22:20:22.206+02:00 TRACE 13448 --- [api-gateway] [    Test worker] o.s.b.f.s.DefaultListableBeanFactory     : Returning cached instance of singleton bean 'reactorDeferringLoadBalancerExchangeFilterFunction'
2025-04-26T22:20:22.206+02:00 TRACE 13448 --- [api-gateway] [    Test worker] o.s.b.f.s.DefaultListableBeanFactory     : Returning cached instance of singleton bean 'org.springframework.cloud.client.loadbalancer.reactive.LoadBalancerBeanPostProcessorAutoConfiguration'
2025-04-26T22:20:22.206+02:00 TRACE 13448 --- [api-gateway] [    Test worker] o.s.b.f.s.DefaultListableBeanFactory     : Returning cached instance of singleton bean 'loadBalancerWebClientBuilderBeanPostProcessor'
2025-04-26T22:20:22.206+02:00 TRACE 13448 --- [api-gateway] [    Test worker] o.s.b.f.s.DefaultListableBeanFactory     : Returning cached instance of singleton bean 'org.springframework.cloud.client.loadbalancer.reactive.ReactorLoadBalancerClientAutoConfiguration'
2025-04-26T22:20:22.206+02:00 TRACE 13448 --- [api-gateway] [    Test worker] o.s.b.f.s.DefaultListableBeanFactory     : Returning cached instance of singleton bean 'loadBalancerExchangeFilterFunction'
2025-04-26T22:20:22.206+02:00 TRACE 13448 --- [api-gateway] [    Test worker] o.s.b.f.s.DefaultListableBeanFactory     : Returning cached instance of singleton bean 'org.springframework.cloud.client.serviceregistry.ServiceRegistryAutoConfiguration'
2025-04-26T22:20:22.206+02:00 TRACE 13448 --- [api-gateway] [    Test worker] o.s.b.f.s.DefaultListableBeanFactory     : Returning cached instance of singleton bean 'org.springframework.cloud.commons.config.CommonsConfigAutoConfiguration'
2025-04-26T22:20:22.206+02:00 TRACE 13448 --- [api-gateway] [    Test worker] o.s.b.f.s.DefaultListableBeanFactory     : Returning cached instance of singleton bean 'defaultsBindHandlerAdvisor'
2025-04-26T22:20:22.206+02:00 TRACE 13448 --- [api-gateway] [    Test worker] o.s.b.f.s.DefaultListableBeanFactory     : Returning cached instance of singleton bean 'org.springframework.cloud.commons.util.UtilAutoConfiguration'
2025-04-26T22:20:22.206+02:00 TRACE 13448 --- [api-gateway] [    Test worker] o.s.b.f.s.DefaultListableBeanFactory     : Returning cached instance of singleton bean 'inetUtilsProperties'
2025-04-26T22:20:22.206+02:00 TRACE 13448 --- [api-gateway] [    Test worker] o.s.b.f.s.DefaultListableBeanFactory     : Returning cached instance of singleton bean 'inetUtils'
2025-04-26T22:20:22.206+02:00 TRACE 13448 --- [api-gateway] [    Test worker] o.s.b.f.s.DefaultListableBeanFactory     : Returning cached instance of singleton bean 'org.springframework.cloud.configuration.CompatibilityVerifierAutoConfiguration'
2025-04-26T22:20:22.206+02:00 TRACE 13448 --- [api-gateway] [    Test worker] o.s.b.f.s.DefaultListableBeanFactory     : Returning cached instance of singleton bean 'compositeCompatibilityVerifier'
2025-04-26T22:20:22.206+02:00 TRACE 13448 --- [api-gateway] [    Test worker] o.s.b.f.s.DefaultListableBeanFactory     : Returning cached instance of singleton bean 'springBootVersionVerifier'
2025-04-26T22:20:22.206+02:00 TRACE 13448 --- [api-gateway] [    Test worker] o.s.b.f.s.DefaultListableBeanFactory     : Returning cached instance of singleton bean 'sleuthPresentVerifier'
2025-04-26T22:20:22.206+02:00 TRACE 13448 --- [api-gateway] [    Test worker] o.s.b.f.s.DefaultListableBeanFactory     : Returning cached instance of singleton bean 'spring.cloud.compatibility-verifier-org.springframework.cloud.configuration.CompatibilityVerifierProperties'
2025-04-26T22:20:22.206+02:00 TRACE 13448 --- [api-gateway] [    Test worker] o.s.b.f.s.DefaultListableBeanFactory     : Returning cached instance of singleton bean 'org.springframework.cloud.loadbalancer.config.LoadBalancerCacheAutoConfiguration$DefaultLoadBalancerCacheManagerConfiguration'
2025-04-26T22:20:22.206+02:00 TRACE 13448 --- [api-gateway] [    Test worker] o.s.b.f.s.DefaultListableBeanFactory     : Returning cached instance of singleton bean 'defaultLoadBalancerCacheManager'
2025-04-26T22:20:22.206+02:00 TRACE 13448 --- [api-gateway] [    Test worker] o.s.b.f.s.DefaultListableBeanFactory     : Returning cached instance of singleton bean 'org.springframework.cloud.loadbalancer.config.LoadBalancerCacheAutoConfiguration$LoadBalancerCacheManagerWarnConfiguration'
2025-04-26T22:20:22.206+02:00 TRACE 13448 --- [api-gateway] [    Test worker] o.s.b.f.s.DefaultListableBeanFactory     : Returning cached instance of singleton bean 'caffeineWarnLogger'
2025-04-26T22:20:22.206+02:00 TRACE 13448 --- [api-gateway] [    Test worker] o.s.b.f.s.DefaultListableBeanFactory     : Returning cached instance of singleton bean 'org.springframework.cloud.loadbalancer.config.LoadBalancerCacheAutoConfiguration'
2025-04-26T22:20:22.206+02:00 TRACE 13448 --- [api-gateway] [    Test worker] o.s.b.f.s.DefaultListableBeanFactory     : Returning cached instance of singleton bean 'spring.cloud.loadbalancer.cache-org.springframework.cloud.loadbalancer.cache.LoadBalancerCacheProperties'
2025-04-26T22:20:22.206+02:00 TRACE 13448 --- [api-gateway] [    Test worker] o.s.b.f.s.DefaultListableBeanFactory     : Returning cached instance of singleton bean 'org.springframework.cloud.netflix.eureka.loadbalancer.LoadBalancerEurekaAutoConfiguration'
2025-04-26T22:20:22.206+02:00 TRACE 13448 --- [api-gateway] [    Test worker] o.s.b.f.s.DefaultListableBeanFactory     : Returning cached instance of singleton bean 'eurekaLoadBalancerProperties'
2025-04-26T22:20:22.206+02:00 TRACE 13448 --- [api-gateway] [    Test worker] o.s.b.f.s.DefaultListableBeanFactory     : Returning cached instance of singleton bean 'default.org.springframework.cloud.netflix.eureka.loadbalancer.LoadBalancerEurekaAutoConfiguration.LoadBalancerClientSpecification'
2025-04-26T22:20:22.208+02:00 TRACE 13448 --- [api-gateway] [    Test worker] o.s.test.context.TestContextManager      : beforeTestExecution(): instance [com.pibbletv.api_gateway.ApiGatewayApplicationTests@12765ebd], method [void com.pibbletv.api_gateway.ApiGatewayApplicationTests.contextLoads()]
2025-04-26T22:20:22.209+02:00 TRACE 13448 --- [api-gateway] [    Test worker] c.DefaultCacheAwareContextLoaderDelegate : Retrieved ApplicationContext [2044150758] from cache with key [ReactiveWebMergedContextConfiguration@6cd6698b testClass = com.pibbletv.api_gateway.ApiGatewayApplicationTests, locations = [], classes = [com.pibbletv.api_gateway.ApiGatewayApplication], contextInitializerClasses = [], activeProfiles = [], propertySourceDescriptors = [], propertySourceProperties = ["org.springframework.boot.test.context.SpringBootTestContextBootstrapper=true"], contextCustomizers = [org.springframework.boot.test.autoconfigure.OnFailureConditionReportContextCustomizerFactory$OnFailureConditionReportContextCustomizer@e98770d, org.springframework.boot.test.autoconfigure.actuate.observability.ObservabilityContextCustomizerFactory$DisableObservabilityContextCustomizer@1f, org.springframework.boot.test.autoconfigure.properties.PropertyMappingContextCustomizer@0, org.springframework.boot.test.autoconfigure.web.servlet.WebDriverContextCustomizer@3b2c0e88, org.springframework.boot.test.context.filter.ExcludeFilterContextCustomizer@655f7ea, org.springframework.boot.test.json.DuplicateJsonObjectContextCustomizerFactory$DuplicateJsonObjectContextCustomizer@20a14b55, org.springframework.boot.test.mock.mockito.MockitoContextCustomizer@0, org.springframework.boot.test.web.client.TestRestTemplateContextCustomizer@6035b93b, org.springframework.boot.test.web.reactive.server.WebTestClientContextCustomizer@58fe0499, org.springframework.boot.test.web.reactor.netty.DisableReactorResourceFactoryGlobalResourcesContextCustomizerFactory$DisableReactorResourceFactoryGlobalResourcesContextCustomizerCustomizer@72758afa, org.springframework.test.context.support.DynamicPropertiesContextCustomizer@0, org.springframework.boot.test.context.SpringBootTestAnnotation@53156849], contextLoader = org.springframework.boot.test.context.SpringBootContextLoader, parent = null]
2025-04-26T22:20:22.209+02:00 DEBUG 13448 --- [api-gateway] [    Test worker] org.springframework.test.context.cache   : Spring test ApplicationContext cache statistics: [DefaultContextCache@5ac7550a size = 1, maxSize = 32, parentContextCount = 0, hitCount = 5, missCount = 1, failureCount = 0]
2025-04-26T22:20:22.209+02:00 TRACE 13448 --- [api-gateway] [    Test worker] o.s.b.f.s.DefaultListableBeanFactory     : Returning cached instance of singleton bean 'routeRefreshListener'
2025-04-26T22:20:22.209+02:00 TRACE 13448 --- [api-gateway] [    Test worker] o.s.b.f.s.DefaultListableBeanFactory     : Returning cached instance of singleton bean 'weightCalculatorWebFilter'
2025-04-26T22:20:22.209+02:00 TRACE 13448 --- [api-gateway] [    Test worker] o.s.b.f.s.DefaultListableBeanFactory     : Returning cached instance of singleton bean 'refreshEventListener'
2025-04-26T22:20:22.209+02:00 TRACE 13448 --- [api-gateway] [    Test worker] o.s.b.f.s.DefaultListableBeanFactory     : Returning cached instance of singleton bean 'eurekaAutoServiceRegistration'
2025-04-26T22:20:22.217+02:00 TRACE 13448 --- [api-gateway] [    Test worker] o.s.test.context.TestContextManager      : afterTestExecution(): instance [com.pibbletv.api_gateway.ApiGatewayApplicationTests@12765ebd], method [void com.pibbletv.api_gateway.ApiGatewayApplicationTests.contextLoads()], exception [null]
2025-04-26T22:20:22.218+02:00 TRACE 13448 --- [api-gateway] [    Test worker] c.DefaultCacheAwareContextLoaderDelegate : Retrieved ApplicationContext [2044150758] from cache with key [ReactiveWebMergedContextConfiguration@6cd6698b testClass = com.pibbletv.api_gateway.ApiGatewayApplicationTests, locations = [], classes = [com.pibbletv.api_gateway.ApiGatewayApplication], contextInitializerClasses = [], activeProfiles = [], propertySourceDescriptors = [], propertySourceProperties = ["org.springframework.boot.test.context.SpringBootTestContextBootstrapper=true"], contextCustomizers = [org.springframework.boot.test.autoconfigure.OnFailureConditionReportContextCustomizerFactory$OnFailureConditionReportContextCustomizer@e98770d, org.springframework.boot.test.autoconfigure.actuate.observability.ObservabilityContextCustomizerFactory$DisableObservabilityContextCustomizer@1f, org.springframework.boot.test.autoconfigure.properties.PropertyMappingContextCustomizer@0, org.springframework.boot.test.autoconfigure.web.servlet.WebDriverContextCustomizer@3b2c0e88, org.springframework.boot.test.context.filter.ExcludeFilterContextCustomizer@655f7ea, org.springframework.boot.test.json.DuplicateJsonObjectContextCustomizerFactory$DuplicateJsonObjectContextCustomizer@20a14b55, org.springframework.boot.test.mock.mockito.MockitoContextCustomizer@0, org.springframework.boot.test.web.client.TestRestTemplateContextCustomizer@6035b93b, org.springframework.boot.test.web.reactive.server.WebTestClientContextCustomizer@58fe0499, org.springframework.boot.test.web.reactor.netty.DisableReactorResourceFactoryGlobalResourcesContextCustomizerFactory$DisableReactorResourceFactoryGlobalResourcesContextCustomizerCustomizer@72758afa, org.springframework.test.context.support.DynamicPropertiesContextCustomizer@0, org.springframework.boot.test.context.SpringBootTestAnnotation@53156849], contextLoader = org.springframework.boot.test.context.SpringBootContextLoader, parent = null]
2025-04-26T22:20:22.218+02:00 DEBUG 13448 --- [api-gateway] [    Test worker] org.springframework.test.context.cache   : Spring test ApplicationContext cache statistics: [DefaultContextCache@5ac7550a size = 1, maxSize = 32, parentContextCount = 0, hitCount = 6, missCount = 1, failureCount = 0]
2025-04-26T22:20:22.218+02:00 TRACE 13448 --- [api-gateway] [    Test worker] o.s.b.f.s.DefaultListableBeanFactory     : Returning cached instance of singleton bean 'routeRefreshListener'
2025-04-26T22:20:22.218+02:00 TRACE 13448 --- [api-gateway] [    Test worker] o.s.b.f.s.DefaultListableBeanFactory     : Returning cached instance of singleton bean 'weightCalculatorWebFilter'
2025-04-26T22:20:22.218+02:00 TRACE 13448 --- [api-gateway] [    Test worker] o.s.b.f.s.DefaultListableBeanFactory     : Returning cached instance of singleton bean 'refreshEventListener'
2025-04-26T22:20:22.218+02:00 TRACE 13448 --- [api-gateway] [    Test worker] o.s.b.f.s.DefaultListableBeanFactory     : Returning cached instance of singleton bean 'eurekaAutoServiceRegistration'
2025-04-26T22:20:22.219+02:00 TRACE 13448 --- [api-gateway] [    Test worker] o.s.test.context.TestContextManager      : afterTestMethod(): instance [com.pibbletv.api_gateway.ApiGatewayApplicationTests@12765ebd], method [void com.pibbletv.api_gateway.ApiGatewayApplicationTests.contextLoads()], exception [null]
2025-04-26T22:20:22.219+02:00 TRACE 13448 --- [api-gateway] [    Test worker] c.DefaultCacheAwareContextLoaderDelegate : Retrieved ApplicationContext [2044150758] from cache with key [ReactiveWebMergedContextConfiguration@6cd6698b testClass = com.pibbletv.api_gateway.ApiGatewayApplicationTests, locations = [], classes = [com.pibbletv.api_gateway.ApiGatewayApplication], contextInitializerClasses = [], activeProfiles = [], propertySourceDescriptors = [], propertySourceProperties = ["org.springframework.boot.test.context.SpringBootTestContextBootstrapper=true"], contextCustomizers = [org.springframework.boot.test.autoconfigure.OnFailureConditionReportContextCustomizerFactory$OnFailureConditionReportContextCustomizer@e98770d, org.springframework.boot.test.autoconfigure.actuate.observability.ObservabilityContextCustomizerFactory$DisableObservabilityContextCustomizer@1f, org.springframework.boot.test.autoconfigure.properties.PropertyMappingContextCustomizer@0, org.springframework.boot.test.autoconfigure.web.servlet.WebDriverContextCustomizer@3b2c0e88, org.springframework.boot.test.context.filter.ExcludeFilterContextCustomizer@655f7ea, org.springframework.boot.test.json.DuplicateJsonObjectContextCustomizerFactory$DuplicateJsonObjectContextCustomizer@20a14b55, org.springframework.boot.test.mock.mockito.MockitoContextCustomizer@0, org.springframework.boot.test.web.client.TestRestTemplateContextCustomizer@6035b93b, org.springframework.boot.test.web.reactive.server.WebTestClientContextCustomizer@58fe0499, org.springframework.boot.test.web.reactor.netty.DisableReactorResourceFactoryGlobalResourcesContextCustomizerFactory$DisableReactorResourceFactoryGlobalResourcesContextCustomizerCustomizer@72758afa, org.springframework.test.context.support.DynamicPropertiesContextCustomizer@0, org.springframework.boot.test.context.SpringBootTestAnnotation@53156849], contextLoader = org.springframework.boot.test.context.SpringBootContextLoader, parent = null]
2025-04-26T22:20:22.219+02:00 DEBUG 13448 --- [api-gateway] [    Test worker] org.springframework.test.context.cache   : Spring test ApplicationContext cache statistics: [DefaultContextCache@5ac7550a size = 1, maxSize = 32, parentContextCount = 0, hitCount = 7, missCount = 1, failureCount = 0]
2025-04-26T22:20:22.219+02:00 TRACE 13448 --- [api-gateway] [    Test worker] o.s.b.f.s.DefaultListableBeanFactory     : Returning cached instance of singleton bean 'org.springframework.boot.test.mock.mockito.MockitoPostProcessor$SpyPostProcessor'
2025-04-26T22:20:22.219+02:00 TRACE 13448 --- [api-gateway] [    Test worker] o.s.b.f.s.DefaultListableBeanFactory     : Returning cached instance of singleton bean 'org.springframework.boot.test.mock.mockito.MockitoPostProcessor'
2025-04-26T22:20:22.219+02:00 TRACE 13448 --- [api-gateway] [    Test worker] o.s.b.f.s.DefaultListableBeanFactory     : Returning cached instance of singleton bean 'org.springframework.test.context.support.internalDynamicPropertyRegistrarBeanInitializer'
2025-04-26T22:20:22.219+02:00 TRACE 13448 --- [api-gateway] [    Test worker] o.s.b.f.s.DefaultListableBeanFactory     : Returning cached instance of singleton bean 'org.springframework.context.annotation.internalConfigurationAnnotationProcessor'
2025-04-26T22:20:22.219+02:00 TRACE 13448 --- [api-gateway] [    Test worker] o.s.b.f.s.DefaultListableBeanFactory     : Returning cached instance of singleton bean 'org.springframework.context.annotation.internalAutowiredAnnotationProcessor'
2025-04-26T22:20:22.219+02:00 TRACE 13448 --- [api-gateway] [    Test worker] o.s.b.f.s.DefaultListableBeanFactory     : Returning cached instance of singleton bean 'org.springframework.context.annotation.internalCommonAnnotationProcessor'
2025-04-26T22:20:22.219+02:00 TRACE 13448 --- [api-gateway] [    Test worker] o.s.b.f.s.DefaultListableBeanFactory     : Returning cached instance of singleton bean 'org.springframework.context.event.internalEventListenerProcessor'
2025-04-26T22:20:22.219+02:00 TRACE 13448 --- [api-gateway] [    Test worker] o.s.b.f.s.DefaultListableBeanFactory     : Returning cached instance of singleton bean 'org.springframework.context.event.internalEventListenerFactory'
2025-04-26T22:20:22.219+02:00 TRACE 13448 --- [api-gateway] [    Test worker] o.s.b.f.s.DefaultListableBeanFactory     : Returning cached instance of singleton bean 'apiGatewayApplication'
2025-04-26T22:20:22.219+02:00 TRACE 13448 --- [api-gateway] [    Test worker] o.s.b.f.s.DefaultListableBeanFactory     : Returning cached instance of singleton bean 'org.springframework.boot.autoconfigure.internalCachingMetadataReaderFactory'
2025-04-26T22:20:22.219+02:00 TRACE 13448 --- [api-gateway] [    Test worker] o.s.b.f.s.DefaultListableBeanFactory     : Returning cached instance of singleton bean 'org.springframework.boot.autoconfigure.internalCachingMetadataReaderFactory'
2025-04-26T22:20:22.219+02:00 TRACE 13448 --- [api-gateway] [    Test worker] o.s.b.f.s.DefaultListableBeanFactory     : Returning cached instance of singleton bean 'gatewayConfig'
2025-04-26T22:20:22.219+02:00 TRACE 13448 --- [api-gateway] [    Test worker] o.s.b.f.s.DefaultListableBeanFactory     : Returning cached instance of singleton bean 'securityConfig'
2025-04-26T22:20:22.219+02:00 TRACE 13448 --- [api-gateway] [    Test worker] o.s.b.f.s.DefaultListableBeanFactory     : Returning cached instance of singleton bean 'customRouteLocator'
2025-04-26T22:20:22.219+02:00 TRACE 13448 --- [api-gateway] [    Test worker] o.s.b.f.s.DefaultListableBeanFactory     : Returning cached instance of singleton bean 'org.springframework.security.config.annotation.web.reactive.ServerHttpSecurityConfiguration'
2025-04-26T22:20:22.219+02:00 TRACE 13448 --- [api-gateway] [    Test worker] o.s.b.f.s.DefaultListableBeanFactory     : Returning cached instance of singleton bean 'authenticationPrincipalArgumentResolverConfigurer'
2025-04-26T22:20:22.219+02:00 TRACE 13448 --- [api-gateway] [    Test worker] o.s.b.f.s.DefaultListableBeanFactory     : Returning cached instance of singleton bean 'authenticationPrincipalArgumentResolver'
2025-04-26T22:20:22.219+02:00 TRACE 13448 --- [api-gateway] [    Test worker] o.s.b.f.s.DefaultListableBeanFactory     : Returning cached instance of singleton bean 'reactiveCurrentSecurityContextArgumentResolver'
2025-04-26T22:20:22.219+02:00 TRACE 13448 --- [api-gateway] [    Test worker] o.s.b.f.s.DefaultListableBeanFactory     : Returning cached instance of singleton bean 'org.springframework.security.config.annotation.web.reactive.WebFluxSecurityConfiguration'
2025-04-26T22:20:22.219+02:00 TRACE 13448 --- [api-gateway] [    Test worker] o.s.b.f.s.DefaultListableBeanFactory     : Returning cached instance of singleton bean 'org.springframework.security.config.annotation.web.reactive.WebFluxSecurityConfiguration.WebFilterChainFilter'
2025-04-26T22:20:22.219+02:00 TRACE 13448 --- [api-gateway] [    Test worker] o.s.b.f.s.DefaultListableBeanFactory     : Returning cached instance of singleton bean 'requestDataValueProcessor'
2025-04-26T22:20:22.219+02:00 TRACE 13448 --- [api-gateway] [    Test worker] o.s.b.f.s.DefaultListableBeanFactory     : Returning cached instance of singleton bean 'conversionServicePostProcessor'
2025-04-26T22:20:22.219+02:00 TRACE 13448 --- [api-gateway] [    Test worker] o.s.b.f.s.DefaultListableBeanFactory     : Returning cached instance of singleton bean 'org.springframework.security.config.annotation.web.reactive.ReactiveObservationConfiguration'
2025-04-26T22:20:22.219+02:00 TRACE 13448 --- [api-gateway] [    Test worker] o.s.b.f.s.DefaultListableBeanFactory     : Returning cached instance of singleton bean 'webAuthorizationManagerPostProcessor'
2025-04-26T22:20:22.219+02:00 TRACE 13448 --- [api-gateway] [    Test worker] o.s.b.f.s.DefaultListableBeanFactory     : Returning cached instance of singleton bean 'reactiveAuthenticationManagerPostProcessor'
2025-04-26T22:20:22.219+02:00 TRACE 13448 --- [api-gateway] [    Test worker] o.s.b.f.s.DefaultListableBeanFactory     : Returning cached instance of singleton bean 'filterChainDecoratorPostProcessor'
2025-04-26T22:20:22.219+02:00 TRACE 13448 --- [api-gateway] [    Test worker] o.s.b.f.s.DefaultListableBeanFactory     : Returning cached instance of singleton bean '_prePostMethodSecurityConfiguration'
2025-04-26T22:20:22.219+02:00 TRACE 13448 --- [api-gateway] [    Test worker] o.s.b.f.s.DefaultListableBeanFactory     : Returning cached instance of singleton bean 'preFilterAuthorizationMethodInterceptor'
2025-04-26T22:20:22.219+02:00 TRACE 13448 --- [api-gateway] [    Test worker] o.s.b.f.s.DefaultListableBeanFactory     : Returning cached instance of singleton bean 'preAuthorizeAuthorizationMethodInterceptor'
2025-04-26T22:20:22.219+02:00 TRACE 13448 --- [api-gateway] [    Test worker] o.s.b.f.s.DefaultListableBeanFactory     : Returning cached instance of singleton bean 'postAuthorizeAuthorizationMethodInterceptor'
2025-04-26T22:20:22.219+02:00 TRACE 13448 --- [api-gateway] [    Test worker] o.s.b.f.s.DefaultListableBeanFactory     : Returning cached instance of singleton bean 'postFilterAuthorizationMethodInterceptor'
2025-04-26T22:20:22.219+02:00 TRACE 13448 --- [api-gateway] [    Test worker] o.s.b.f.s.DefaultListableBeanFactory     : Returning cached instance of singleton bean 'prePostAuthorizeExpressionHintsRegistrar'
2025-04-26T22:20:22.219+02:00 TRACE 13448 --- [api-gateway] [    Test worker] o.s.b.f.s.DefaultListableBeanFactory     : Returning cached instance of singleton bean '_jsr250MethodSecurityConfiguration'
2025-04-26T22:20:22.219+02:00 TRACE 13448 --- [api-gateway] [    Test worker] o.s.b.f.s.DefaultListableBeanFactory     : Returning cached instance of singleton bean 'jsr250AuthorizationMethodInterceptor'
2025-04-26T22:20:22.219+02:00 TRACE 13448 --- [api-gateway] [    Test worker] o.s.b.f.s.DefaultListableBeanFactory     : Returning cached instance of singleton bean 'org.springframework.security.config.annotation.method.configuration.AuthorizationProxyConfiguration'
2025-04-26T22:20:22.219+02:00 TRACE 13448 --- [api-gateway] [    Test worker] o.s.b.f.s.DefaultListableBeanFactory     : Returning cached instance of singleton bean 'authorizationProxyFactory'
2025-04-26T22:20:22.219+02:00 TRACE 13448 --- [api-gateway] [    Test worker] o.s.b.f.s.DefaultListableBeanFactory     : Returning cached instance of singleton bean 'authorizeReturnObjectMethodInterceptor'
2025-04-26T22:20:22.219+02:00 TRACE 13448 --- [api-gateway] [    Test worker] o.s.b.f.s.DefaultListableBeanFactory     : Returning cached instance of singleton bean 'authorizeReturnObjectHintsRegistrar'
2025-04-26T22:20:22.219+02:00 TRACE 13448 --- [api-gateway] [    Test worker] o.s.b.f.s.DefaultListableBeanFactory     : Returning cached instance of singleton bean 'org.springframework.security.config.annotation.method.configuration.MethodObservationConfiguration'
2025-04-26T22:20:22.219+02:00 TRACE 13448 --- [api-gateway] [    Test worker] o.s.b.f.s.DefaultListableBeanFactory     : Returning cached instance of singleton bean 'methodAuthorizationManagerPostProcessor'
2025-04-26T22:20:22.219+02:00 TRACE 13448 --- [api-gateway] [    Test worker] o.s.b.f.s.DefaultListableBeanFactory     : Returning cached instance of singleton bean 'methodResultAuthorizationManagerPostProcessor'
2025-04-26T22:20:22.219+02:00 TRACE 13448 --- [api-gateway] [    Test worker] o.s.b.f.s.DefaultListableBeanFactory     : Returning cached instance of singleton bean 'securityWebFilterChain'
2025-04-26T22:20:22.219+02:00 TRACE 13448 --- [api-gateway] [    Test worker] o.s.b.f.s.DefaultListableBeanFactory     : Returning cached instance of singleton bean 'corsConfigurationSource'
2025-04-26T22:20:22.219+02:00 TRACE 13448 --- [api-gateway] [    Test worker] o.s.b.f.s.DefaultListableBeanFactory     : Returning cached instance of singleton bean 'org.springframework.aop.config.internalAutoProxyCreator'
2025-04-26T22:20:22.219+02:00 TRACE 13448 --- [api-gateway] [    Test worker] o.s.b.f.s.DefaultListableBeanFactory     : Returning cached instance of singleton bean 'preFilterAuthorizationAdvisor'
2025-04-26T22:20:22.219+02:00 TRACE 13448 --- [api-gateway] [    Test worker] o.s.b.f.s.DefaultListableBeanFactory     : Returning cached instance of singleton bean 'preAuthorizeAuthorizationAdvisor'
2025-04-26T22:20:22.219+02:00 TRACE 13448 --- [api-gateway] [    Test worker] o.s.b.f.s.DefaultListableBeanFactory     : Returning cached instance of singleton bean 'postFilterAuthorizationAdvisor'
2025-04-26T22:20:22.219+02:00 TRACE 13448 --- [api-gateway] [    Test worker] o.s.b.f.s.DefaultListableBeanFactory     : Returning cached instance of singleton bean 'postAuthorizeAuthorizationAdvisor'
2025-04-26T22:20:22.219+02:00 TRACE 13448 --- [api-gateway] [    Test worker] o.s.b.f.s.DefaultListableBeanFactory     : Returning cached instance of singleton bean 'jsr250AuthorizationAdvisor'
2025-04-26T22:20:22.219+02:00 TRACE 13448 --- [api-gateway] [    Test worker] o.s.b.f.s.DefaultListableBeanFactory     : Returning cached instance of singleton bean 'authorizeReturnObjectAdvisor'
2025-04-26T22:20:22.219+02:00 TRACE 13448 --- [api-gateway] [    Test worker] o.s.b.f.s.DefaultListableBeanFactory     : Returning cached instance of singleton bean 'org.springframework.boot.autoconfigure.AutoConfigurationPackages'
2025-04-26T22:20:22.219+02:00 TRACE 13448 --- [api-gateway] [    Test worker] o.s.b.f.s.DefaultListableBeanFactory     : Returning cached instance of singleton bean 'org.springframework.boot.autoconfigure.context.PropertyPlaceholderAutoConfiguration'
2025-04-26T22:20:22.219+02:00 TRACE 13448 --- [api-gateway] [    Test worker] o.s.b.f.s.DefaultListableBeanFactory     : Returning cached instance of singleton bean 'propertySourcesPlaceholderConfigurer'
2025-04-26T22:20:22.219+02:00 TRACE 13448 --- [api-gateway] [    Test worker] o.s.b.f.s.DefaultListableBeanFactory     : Returning cached instance of singleton bean 'org.springframework.boot.autoconfigure.reactor.netty.ReactorNettyConfigurations$ReactorResourceFactoryConfiguration'
2025-04-26T22:20:22.219+02:00 TRACE 13448 --- [api-gateway] [    Test worker] o.s.b.f.s.DefaultListableBeanFactory     : Returning cached instance of singleton bean 'reactorResourceFactory'
2025-04-26T22:20:22.220+02:00 TRACE 13448 --- [api-gateway] [    Test worker] o.s.b.f.s.DefaultListableBeanFactory     : Returning cached instance of singleton bean 'org.springframework.boot.context.properties.ConfigurationPropertiesBindingPostProcessor'
2025-04-26T22:20:22.220+02:00 TRACE 13448 --- [api-gateway] [    Test worker] o.s.b.f.s.DefaultListableBeanFactory     : Returning cached instance of singleton bean 'org.springframework.boot.context.internalConfigurationPropertiesBinder'
2025-04-26T22:20:22.220+02:00 TRACE 13448 --- [api-gateway] [    Test worker] o.s.b.f.s.DefaultListableBeanFactory     : Returning cached instance of singleton bean 'org.springframework.boot.context.internalConfigurationPropertiesBinder'
2025-04-26T22:20:22.220+02:00 TRACE 13448 --- [api-gateway] [    Test worker] o.s.b.f.s.DefaultListableBeanFactory     : Returning cached instance of singleton bean 'org.springframework.boot.context.properties.BoundConfigurationProperties'
2025-04-26T22:20:22.220+02:00 TRACE 13448 --- [api-gateway] [    Test worker] o.s.b.f.s.DefaultListableBeanFactory     : Returning cached instance of singleton bean 'org.springframework.boot.context.properties.EnableConfigurationPropertiesRegistrar.methodValidationExcludeFilter'
2025-04-26T22:20:22.220+02:00 TRACE 13448 --- [api-gateway] [    Test worker] o.s.b.f.s.DefaultListableBeanFactory     : Returning cached instance of singleton bean 'spring.reactor.netty-org.springframework.boot.autoconfigure.reactor.netty.ReactorNettyProperties'
2025-04-26T22:20:22.220+02:00 TRACE 13448 --- [api-gateway] [    Test worker] o.s.b.f.s.DefaultListableBeanFactory     : Returning cached instance of singleton bean 'org.springframework.boot.autoconfigure.web.reactive.ReactiveWebServerFactoryConfiguration$EmbeddedNetty'
2025-04-26T22:20:22.220+02:00 TRACE 13448 --- [api-gateway] [    Test worker] o.s.b.f.s.DefaultListableBeanFactory     : Returning cached instance of singleton bean 'nettyReactiveWebServerFactory'
2025-04-26T22:20:22.220+02:00 TRACE 13448 --- [api-gateway] [    Test worker] o.s.b.f.s.DefaultListableBeanFactory     : Returning cached instance of singleton bean 'org.springframework.boot.autoconfigure.web.reactive.ReactiveWebServerFactoryAutoConfiguration'
2025-04-26T22:20:22.220+02:00 TRACE 13448 --- [api-gateway] [    Test worker] o.s.b.f.s.DefaultListableBeanFactory     : Returning cached instance of singleton bean 'reactiveWebServerFactoryCustomizer'
2025-04-26T22:20:22.220+02:00 TRACE 13448 --- [api-gateway] [    Test worker] o.s.b.f.s.DefaultListableBeanFactory     : Returning cached instance of singleton bean 'server-org.springframework.boot.autoconfigure.web.ServerProperties'
2025-04-26T22:20:22.220+02:00 TRACE 13448 --- [api-gateway] [    Test worker] o.s.b.f.s.DefaultListableBeanFactory     : Returning cached instance of singleton bean 'webServerFactoryCustomizerBeanPostProcessor'
2025-04-26T22:20:22.220+02:00 TRACE 13448 --- [api-gateway] [    Test worker] o.s.b.f.s.DefaultListableBeanFactory     : Returning cached instance of singleton bean 'org.springframework.boot.autoconfigure.jackson.JacksonAutoConfiguration$Jackson2ObjectMapperBuilderCustomizerConfiguration'
2025-04-26T22:20:22.220+02:00 TRACE 13448 --- [api-gateway] [    Test worker] o.s.b.f.s.DefaultListableBeanFactory     : Returning cached instance of singleton bean 'standardJacksonObjectMapperBuilderCustomizer'
2025-04-26T22:20:22.220+02:00 TRACE 13448 --- [api-gateway] [    Test worker] o.s.b.f.s.DefaultListableBeanFactory     : Returning cached instance of singleton bean 'spring.jackson-org.springframework.boot.autoconfigure.jackson.JacksonProperties'
2025-04-26T22:20:22.220+02:00 TRACE 13448 --- [api-gateway] [    Test worker] o.s.b.f.s.DefaultListableBeanFactory     : Returning cached instance of singleton bean 'org.springframework.boot.autoconfigure.jackson.JacksonAutoConfiguration$JacksonObjectMapperBuilderConfiguration'
2025-04-26T22:20:22.220+02:00 TRACE 13448 --- [api-gateway] [    Test worker] o.s.b.f.s.DefaultListableBeanFactory     : Returning cached instance of singleton bean 'org.springframework.boot.autoconfigure.jackson.JacksonAutoConfiguration$ParameterNamesModuleConfiguration'
2025-04-26T22:20:22.220+02:00 TRACE 13448 --- [api-gateway] [    Test worker] o.s.b.f.s.DefaultListableBeanFactory     : Returning cached instance of singleton bean 'parameterNamesModule'
2025-04-26T22:20:22.220+02:00 TRACE 13448 --- [api-gateway] [    Test worker] o.s.b.f.s.DefaultListableBeanFactory     : Returning cached instance of singleton bean 'org.springframework.boot.autoconfigure.jackson.JacksonAutoConfiguration$JacksonObjectMapperConfiguration'
2025-04-26T22:20:22.220+02:00 TRACE 13448 --- [api-gateway] [    Test worker] o.s.b.f.s.DefaultListableBeanFactory     : Returning cached instance of singleton bean 'jacksonObjectMapper'
2025-04-26T22:20:22.220+02:00 TRACE 13448 --- [api-gateway] [    Test worker] o.s.b.f.s.DefaultListableBeanFactory     : Returning cached instance of singleton bean 'org.springframework.boot.autoconfigure.jackson.JacksonAutoConfiguration$JacksonMixinConfiguration'
2025-04-26T22:20:22.220+02:00 TRACE 13448 --- [api-gateway] [    Test worker] o.s.b.f.s.DefaultListableBeanFactory     : Returning cached instance of singleton bean 'jsonMixinModuleEntries'
2025-04-26T22:20:22.220+02:00 TRACE 13448 --- [api-gateway] [    Test worker] o.s.b.f.s.DefaultListableBeanFactory     : Returning cached instance of singleton bean 'jsonMixinModule'
2025-04-26T22:20:22.220+02:00 TRACE 13448 --- [api-gateway] [    Test worker] o.s.b.f.s.DefaultListableBeanFactory     : Returning cached instance of singleton bean 'org.springframework.boot.autoconfigure.jackson.JacksonAutoConfiguration'
2025-04-26T22:20:22.220+02:00 TRACE 13448 --- [api-gateway] [    Test worker] o.s.b.f.s.DefaultListableBeanFactory     : Returning cached instance of singleton bean 'jsonComponentModule'
2025-04-26T22:20:22.220+02:00 TRACE 13448 --- [api-gateway] [    Test worker] o.s.b.f.s.DefaultListableBeanFactory     : Returning cached instance of singleton bean 'org.springframework.boot.autoconfigure.http.codec.CodecsAutoConfiguration$DefaultCodecsConfiguration'
2025-04-26T22:20:22.220+02:00 TRACE 13448 --- [api-gateway] [    Test worker] o.s.b.f.s.DefaultListableBeanFactory     : Returning cached instance of singleton bean 'defaultCodecCustomizer'
2025-04-26T22:20:22.220+02:00 TRACE 13448 --- [api-gateway] [    Test worker] o.s.b.f.s.DefaultListableBeanFactory     : Returning cached instance of singleton bean 'org.springframework.boot.autoconfigure.http.codec.CodecsAutoConfiguration$JacksonCodecConfiguration'
2025-04-26T22:20:22.220+02:00 TRACE 13448 --- [api-gateway] [    Test worker] o.s.b.f.s.DefaultListableBeanFactory     : Returning cached instance of singleton bean 'jacksonCodecCustomizer'
2025-04-26T22:20:22.220+02:00 TRACE 13448 --- [api-gateway] [    Test worker] o.s.b.f.s.DefaultListableBeanFactory     : Returning cached instance of singleton bean 'org.springframework.boot.autoconfigure.http.codec.CodecsAutoConfiguration'
2025-04-26T22:20:22.220+02:00 TRACE 13448 --- [api-gateway] [    Test worker] o.s.b.f.s.DefaultListableBeanFactory     : Returning cached instance of singleton bean 'spring.codec-org.springframework.boot.autoconfigure.codec.CodecProperties'
2025-04-26T22:20:22.220+02:00 TRACE 13448 --- [api-gateway] [    Test worker] o.s.b.f.s.DefaultListableBeanFactory     : Returning cached instance of singleton bean 'org.springframework.boot.autoconfigure.validation.ValidationAutoConfiguration'
2025-04-26T22:20:22.220+02:00 TRACE 13448 --- [api-gateway] [    Test worker] o.s.b.f.s.DefaultListableBeanFactory     : Returning cached instance of singleton bean 'defaultValidator'
2025-04-26T22:20:22.220+02:00 TRACE 13448 --- [api-gateway] [    Test worker] o.s.b.f.s.DefaultListableBeanFactory     : Returning cached instance of singleton bean 'methodValidationPostProcessor'
2025-04-26T22:20:22.220+02:00 TRACE 13448 --- [api-gateway] [    Test worker] o.s.b.f.s.DefaultListableBeanFactory     : Returning cached instance of singleton bean 'org.springframework.boot.autoconfigure.web.reactive.ReactiveMultipartAutoConfiguration'
2025-04-26T22:20:22.220+02:00 TRACE 13448 --- [api-gateway] [    Test worker] o.s.b.f.s.DefaultListableBeanFactory     : Returning cached instance of singleton bean 'defaultPartHttpMessageReaderCustomizer'
2025-04-26T22:20:22.220+02:00 TRACE 13448 --- [api-gateway] [    Test worker] o.s.b.f.s.DefaultListableBeanFactory     : Returning cached instance of singleton bean 'spring.webflux.multipart-org.springframework.boot.autoconfigure.web.reactive.ReactiveMultipartProperties'
2025-04-26T22:20:22.220+02:00 TRACE 13448 --- [api-gateway] [    Test worker] o.s.b.f.s.DefaultListableBeanFactory     : Returning cached instance of singleton bean 'org.springframework.boot.autoconfigure.web.reactive.WebSessionIdResolverAutoConfiguration'
2025-04-26T22:20:22.220+02:00 TRACE 13448 --- [api-gateway] [    Test worker] o.s.b.f.s.DefaultListableBeanFactory     : Returning cached instance of singleton bean 'webSessionIdResolver'
2025-04-26T22:20:22.220+02:00 TRACE 13448 --- [api-gateway] [    Test worker] o.s.b.f.s.DefaultListableBeanFactory     : Returning cached instance of singleton bean 'spring.webflux-org.springframework.boot.autoconfigure.web.reactive.WebFluxProperties'
2025-04-26T22:20:22.220+02:00 TRACE 13448 --- [api-gateway] [    Test worker] o.s.b.f.s.DefaultListableBeanFactory     : Returning cached instance of singleton bean 'org.springframework.boot.autoconfigure.web.reactive.error.ErrorWebFluxAutoConfiguration'
2025-04-26T22:20:22.220+02:00 TRACE 13448 --- [api-gateway] [    Test worker] o.s.b.f.s.DefaultListableBeanFactory     : Returning cached instance of singleton bean 'errorWebExceptionHandler'
2025-04-26T22:20:22.220+02:00 TRACE 13448 --- [api-gateway] [    Test worker] o.s.b.f.s.DefaultListableBeanFactory     : Returning cached instance of singleton bean 'errorAttributes'
2025-04-26T22:20:22.220+02:00 TRACE 13448 --- [api-gateway] [    Test worker] o.s.b.f.s.DefaultListableBeanFactory     : Returning cached instance of singleton bean 'spring.web-org.springframework.boot.autoconfigure.web.WebProperties'
2025-04-26T22:20:22.220+02:00 TRACE 13448 --- [api-gateway] [    Test worker] o.s.b.f.s.DefaultListableBeanFactory     : Returning cached instance of singleton bean 'org.springframework.cloud.gateway.config.GatewayClassPathWarningAutoConfiguration'
2025-04-26T22:20:22.220+02:00 TRACE 13448 --- [api-gateway] [    Test worker] o.s.b.f.s.DefaultListableBeanFactory     : Returning cached instance of singleton bean 'org.springframework.cloud.loadbalancer.config.LoadBalancerAutoConfiguration'
2025-04-26T22:20:22.220+02:00 TRACE 13448 --- [api-gateway] [    Test worker] o.s.b.f.s.DefaultListableBeanFactory     : Returning cached instance of singleton bean 'zoneConfig'
2025-04-26T22:20:22.220+02:00 TRACE 13448 --- [api-gateway] [    Test worker] o.s.b.f.s.DefaultListableBeanFactory     : Returning cached instance of singleton bean 'loadBalancerClientFactory'
2025-04-26T22:20:22.220+02:00 TRACE 13448 --- [api-gateway] [    Test worker] o.s.b.f.s.DefaultListableBeanFactory     : Returning cached instance of singleton bean 'loadBalancerEagerContextInitializer'
2025-04-26T22:20:22.220+02:00 TRACE 13448 --- [api-gateway] [    Test worker] o.s.b.f.s.DefaultListableBeanFactory     : Returning cached instance of singleton bean 'loadBalancerChildContextInitializer'
2025-04-26T22:20:22.220+02:00 TRACE 13448 --- [api-gateway] [    Test worker] o.s.b.f.s.DefaultListableBeanFactory     : Returning cached instance of singleton bean 'default.org.springframework.cloud.loadbalancer.config.LoadBalancerAutoConfiguration.LoadBalancerClientSpecification'
2025-04-26T22:20:22.220+02:00 TRACE 13448 --- [api-gateway] [    Test worker] o.s.b.f.s.DefaultListableBeanFactory     : Returning cached instance of singleton bean 'spring.cloud.loadbalancer.eager-load-org.springframework.cloud.client.loadbalancer.LoadBalancerEagerLoadProperties'
2025-04-26T22:20:22.220+02:00 TRACE 13448 --- [api-gateway] [    Test worker] o.s.b.f.s.DefaultListableBeanFactory     : Returning cached instance of singleton bean 'spring.cloud.loadbalancer-org.springframework.cloud.client.loadbalancer.LoadBalancerClientsProperties'
2025-04-26T22:20:22.220+02:00 TRACE 13448 --- [api-gateway] [    Test worker] o.s.b.f.s.DefaultListableBeanFactory     : Returning cached instance of singleton bean 'org.springframework.cloud.gateway.config.GatewayReactiveLoadBalancerClientAutoConfiguration'
2025-04-26T22:20:22.220+02:00 TRACE 13448 --- [api-gateway] [    Test worker] o.s.b.f.s.DefaultListableBeanFactory     : Returning cached instance of singleton bean 'gatewayLoadBalancerClientFilter'
2025-04-26T22:20:22.220+02:00 TRACE 13448 --- [api-gateway] [    Test worker] o.s.b.f.s.DefaultListableBeanFactory     : Returning cached instance of singleton bean 'loadBalancerServiceInstanceCookieFilter'
2025-04-26T22:20:22.220+02:00 TRACE 13448 --- [api-gateway] [    Test worker] o.s.b.f.s.DefaultListableBeanFactory     : Returning cached instance of singleton bean 'spring.cloud.gateway.loadbalancer-org.springframework.cloud.gateway.config.GatewayLoadBalancerProperties'
2025-04-26T22:20:22.220+02:00 TRACE 13448 --- [api-gateway] [    Test worker] o.s.b.f.s.DefaultListableBeanFactory     : Returning cached instance of singleton bean 'org.springframework.cloud.client.discovery.composite.CompositeDiscoveryClientAutoConfiguration'
2025-04-26T22:20:22.220+02:00 TRACE 13448 --- [api-gateway] [    Test worker] o.s.b.f.s.DefaultListableBeanFactory     : Returning cached instance of singleton bean 'compositeDiscoveryClient'
2025-04-26T22:20:22.220+02:00 TRACE 13448 --- [api-gateway] [    Test worker] o.s.b.f.s.DefaultListableBeanFactory     : Returning cached instance of singleton bean 'org.springframework.cloud.gateway.discovery.GatewayDiscoveryClientAutoConfiguration$ReactiveDiscoveryClientRouteDefinitionLocatorConfiguration'
2025-04-26T22:20:22.220+02:00 TRACE 13448 --- [api-gateway] [    Test worker] o.s.b.f.s.DefaultListableBeanFactory     : Returning cached instance of singleton bean 'org.springframework.cloud.gateway.discovery.GatewayDiscoveryClientAutoConfiguration'
2025-04-26T22:20:22.220+02:00 TRACE 13448 --- [api-gateway] [    Test worker] o.s.b.f.s.DefaultListableBeanFactory     : Returning cached instance of singleton bean 'discoveryLocatorProperties'
2025-04-26T22:20:22.220+02:00 TRACE 13448 --- [api-gateway] [    Test worker] o.s.b.f.s.DefaultListableBeanFactory     : Returning cached instance of singleton bean 'org.springframework.cloud.gateway.config.GatewayAutoConfiguration$NettyConfiguration'
2025-04-26T22:20:22.220+02:00 TRACE 13448 --- [api-gateway] [    Test worker] o.s.b.f.s.DefaultListableBeanFactory     : Returning cached instance of singleton bean 'httpClientSslConfigurer'
2025-04-26T22:20:22.220+02:00 TRACE 13448 --- [api-gateway] [    Test worker] o.s.b.f.s.DefaultListableBeanFactory     : Returning cached instance of singleton bean 'gatewayHttpClientFactory'
2025-04-26T22:20:22.220+02:00 TRACE 13448 --- [api-gateway] [    Test worker] o.s.b.f.s.DefaultListableBeanFactory     : Returning cached instance of singleton bean 'gatewayHttpClientFactory'
2025-04-26T22:20:22.220+02:00 TRACE 13448 --- [api-gateway] [    Test worker] o.s.b.f.s.DefaultListableBeanFactory     : Returning cached instance of singleton bean 'httpClientProperties'
2025-04-26T22:20:22.220+02:00 TRACE 13448 --- [api-gateway] [    Test worker] o.s.b.f.s.DefaultListableBeanFactory     : Returning cached instance of singleton bean 'routingFilter'
2025-04-26T22:20:22.220+02:00 TRACE 13448 --- [api-gateway] [    Test worker] o.s.b.f.s.DefaultListableBeanFactory     : Returning cached instance of singleton bean 'nettyWriteResponseFilter'
2025-04-26T22:20:22.220+02:00 TRACE 13448 --- [api-gateway] [    Test worker] o.s.b.f.s.DefaultListableBeanFactory     : Returning cached instance of singleton bean 'reactorNettyWebSocketClient'
2025-04-26T22:20:22.220+02:00 TRACE 13448 --- [api-gateway] [    Test worker] o.s.b.f.s.DefaultListableBeanFactory     : Returning cached instance of singleton bean 'reactorNettyRequestUpgradeStrategy'
2025-04-26T22:20:22.220+02:00 TRACE 13448 --- [api-gateway] [    Test worker] o.s.b.f.s.DefaultListableBeanFactory     : Returning cached instance of singleton bean 'org.springframework.cloud.gateway.config.GatewayAutoConfiguration'
2025-04-26T22:20:22.220+02:00 TRACE 13448 --- [api-gateway] [    Test worker] o.s.b.f.s.DefaultListableBeanFactory     : Returning cached instance of singleton bean 'stringToZonedDateTimeConverter'
2025-04-26T22:20:22.220+02:00 TRACE 13448 --- [api-gateway] [    Test worker] o.s.b.f.s.DefaultListableBeanFactory     : Returning cached instance of singleton bean 'deprecatedKeyValueConverter'
2025-04-26T22:20:22.220+02:00 TRACE 13448 --- [api-gateway] [    Test worker] o.s.b.f.s.DefaultListableBeanFactory     : Returning cached instance of singleton bean 'keyValueConverter'
2025-04-26T22:20:22.220+02:00 TRACE 13448 --- [api-gateway] [    Test worker] o.s.b.f.s.DefaultListableBeanFactory     : Returning cached instance of singleton bean 'routeLocatorBuilder'
2025-04-26T22:20:22.221+02:00 TRACE 13448 --- [api-gateway] [    Test worker] o.s.b.f.s.DefaultListableBeanFactory     : Returning cached instance of singleton bean 'propertiesRouteDefinitionLocator'
2025-04-26T22:20:22.221+02:00 TRACE 13448 --- [api-gateway] [    Test worker] o.s.b.f.s.DefaultListableBeanFactory     : Returning cached instance of singleton bean 'inMemoryRouteDefinitionRepository'
2025-04-26T22:20:22.221+02:00 TRACE 13448 --- [api-gateway] [    Test worker] o.s.b.f.s.DefaultListableBeanFactory     : Returning cached instance of singleton bean 'routeDefinitionLocator'
2025-04-26T22:20:22.221+02:00 TRACE 13448 --- [api-gateway] [    Test worker] o.s.b.f.s.DefaultListableBeanFactory     : Returning cached instance of singleton bean 'gatewayConfigurationService'
2025-04-26T22:20:22.221+02:00 TRACE 13448 --- [api-gateway] [    Test worker] o.s.b.f.s.DefaultListableBeanFactory     : Returning cached instance of singleton bean 'routeDefinitionRouteLocator'
2025-04-26T22:20:22.221+02:00 TRACE 13448 --- [api-gateway] [    Test worker] o.s.b.f.s.DefaultListableBeanFactory     : Returning cached instance of singleton bean 'cachedCompositeRouteLocator'
2025-04-26T22:20:22.221+02:00 TRACE 13448 --- [api-gateway] [    Test worker] o.s.b.f.s.DefaultListableBeanFactory     : Returning cached instance of singleton bean 'routeRefreshListener'
2025-04-26T22:20:22.221+02:00 TRACE 13448 --- [api-gateway] [    Test worker] o.s.b.f.s.DefaultListableBeanFactory     : Returning cached instance of singleton bean 'filteringWebHandler'
2025-04-26T22:20:22.221+02:00 TRACE 13448 --- [api-gateway] [    Test worker] o.s.b.f.s.DefaultListableBeanFactory     : Returning cached instance of singleton bean 'globalCorsProperties'
2025-04-26T22:20:22.221+02:00 TRACE 13448 --- [api-gateway] [    Test worker] o.s.b.f.s.DefaultListableBeanFactory     : Returning cached instance of singleton bean 'corsGatewayFilterApplicationListener'
2025-04-26T22:20:22.221+02:00 TRACE 13448 --- [api-gateway] [    Test worker] o.s.b.f.s.DefaultListableBeanFactory     : Returning cached instance of singleton bean 'routePredicateHandlerMapping'
2025-04-26T22:20:22.221+02:00 TRACE 13448 --- [api-gateway] [    Test worker] o.s.b.f.s.DefaultListableBeanFactory     : Returning cached instance of singleton bean 'gatewayProperties'
2025-04-26T22:20:22.221+02:00 TRACE 13448 --- [api-gateway] [    Test worker] o.s.b.f.s.DefaultListableBeanFactory     : Returning cached instance of singleton bean 'secureHeadersProperties'
2025-04-26T22:20:22.221+02:00 TRACE 13448 --- [api-gateway] [    Test worker] o.s.b.f.s.DefaultListableBeanFactory     : Returning cached instance of singleton bean 'forwardedHeadersFilter'
2025-04-26T22:20:22.221+02:00 TRACE 13448 --- [api-gateway] [    Test worker] o.s.b.f.s.DefaultListableBeanFactory     : Returning cached instance of singleton bean 'removeHopByHopHeadersFilter'
2025-04-26T22:20:22.221+02:00 TRACE 13448 --- [api-gateway] [    Test worker] o.s.b.f.s.DefaultListableBeanFactory     : Returning cached instance of singleton bean 'xForwardedHeadersFilter'
2025-04-26T22:20:22.221+02:00 TRACE 13448 --- [api-gateway] [    Test worker] o.s.b.f.s.DefaultListableBeanFactory     : Returning cached instance of singleton bean 'gRPCRequestHeadersFilter'
2025-04-26T22:20:22.221+02:00 TRACE 13448 --- [api-gateway] [    Test worker] o.s.b.f.s.DefaultListableBeanFactory     : Returning cached instance of singleton bean 'gRPCResponseHeadersFilter'
2025-04-26T22:20:22.221+02:00 TRACE 13448 --- [api-gateway] [    Test worker] o.s.b.f.s.DefaultListableBeanFactory     : Returning cached instance of singleton bean 'transferEncodingNormalizationHeadersFilter'
2025-04-26T22:20:22.221+02:00 TRACE 13448 --- [api-gateway] [    Test worker] o.s.b.f.s.DefaultListableBeanFactory     : Returning cached instance of singleton bean 'adaptCachedBodyGlobalFilter'
2025-04-26T22:20:22.221+02:00 TRACE 13448 --- [api-gateway] [    Test worker] o.s.b.f.s.DefaultListableBeanFactory     : Returning cached instance of singleton bean 'removeCachedBodyFilter'
2025-04-26T22:20:22.221+02:00 TRACE 13448 --- [api-gateway] [    Test worker] o.s.b.f.s.DefaultListableBeanFactory     : Returning cached instance of singleton bean 'routeToRequestUrlFilter'
2025-04-26T22:20:22.221+02:00 TRACE 13448 --- [api-gateway] [    Test worker] o.s.b.f.s.DefaultListableBeanFactory     : Returning cached instance of singleton bean 'forwardRoutingFilter'
2025-04-26T22:20:22.221+02:00 TRACE 13448 --- [api-gateway] [    Test worker] o.s.b.f.s.DefaultListableBeanFactory     : Returning cached instance of singleton bean 'forwardPathFilter'
2025-04-26T22:20:22.221+02:00 TRACE 13448 --- [api-gateway] [    Test worker] o.s.b.f.s.DefaultListableBeanFactory     : Returning cached instance of singleton bean 'webSocketService'
2025-04-26T22:20:22.221+02:00 TRACE 13448 --- [api-gateway] [    Test worker] o.s.b.f.s.DefaultListableBeanFactory     : Returning cached instance of singleton bean 'websocketRoutingFilter'
2025-04-26T22:20:22.221+02:00 TRACE 13448 --- [api-gateway] [    Test worker] o.s.b.f.s.DefaultListableBeanFactory     : Returning cached instance of singleton bean 'weightCalculatorWebFilter'
2025-04-26T22:20:22.221+02:00 TRACE 13448 --- [api-gateway] [    Test worker] o.s.b.f.s.DefaultListableBeanFactory     : Returning cached instance of singleton bean 'afterRoutePredicateFactory'
2025-04-26T22:20:22.221+02:00 TRACE 13448 --- [api-gateway] [    Test worker] o.s.b.f.s.DefaultListableBeanFactory     : Returning cached instance of singleton bean 'beforeRoutePredicateFactory'
2025-04-26T22:20:22.221+02:00 TRACE 13448 --- [api-gateway] [    Test worker] o.s.b.f.s.DefaultListableBeanFactory     : Returning cached instance of singleton bean 'betweenRoutePredicateFactory'
2025-04-26T22:20:22.221+02:00 TRACE 13448 --- [api-gateway] [    Test worker] o.s.b.f.s.DefaultListableBeanFactory     : Returning cached instance of singleton bean 'cookieRoutePredicateFactory'
2025-04-26T22:20:22.221+02:00 TRACE 13448 --- [api-gateway] [    Test worker] o.s.b.f.s.DefaultListableBeanFactory     : Returning cached instance of singleton bean 'headerRoutePredicateFactory'
2025-04-26T22:20:22.221+02:00 TRACE 13448 --- [api-gateway] [    Test worker] o.s.b.f.s.DefaultListableBeanFactory     : Returning cached instance of singleton bean 'hostRoutePredicateFactory'
2025-04-26T22:20:22.221+02:00 TRACE 13448 --- [api-gateway] [    Test worker] o.s.b.f.s.DefaultListableBeanFactory     : Returning cached instance of singleton bean 'methodRoutePredicateFactory'
2025-04-26T22:20:22.221+02:00 TRACE 13448 --- [api-gateway] [    Test worker] o.s.b.f.s.DefaultListableBeanFactory     : Returning cached instance of singleton bean 'pathRoutePredicateFactory'
2025-04-26T22:20:22.221+02:00 TRACE 13448 --- [api-gateway] [    Test worker] o.s.b.f.s.DefaultListableBeanFactory     : Returning cached instance of singleton bean 'queryRoutePredicateFactory'
2025-04-26T22:20:22.221+02:00 TRACE 13448 --- [api-gateway] [    Test worker] o.s.b.f.s.DefaultListableBeanFactory     : Returning cached instance of singleton bean 'readBodyPredicateFactory'
2025-04-26T22:20:22.221+02:00 TRACE 13448 --- [api-gateway] [    Test worker] o.s.b.f.s.DefaultListableBeanFactory     : Returning cached instance of singleton bean 'remoteAddrRoutePredicateFactory'
2025-04-26T22:20:22.221+02:00 TRACE 13448 --- [api-gateway] [    Test worker] o.s.b.f.s.DefaultListableBeanFactory     : Returning cached instance of singleton bean 'xForwardedRemoteAddrRoutePredicateFactory'
2025-04-26T22:20:22.221+02:00 TRACE 13448 --- [api-gateway] [    Test worker] o.s.b.f.s.DefaultListableBeanFactory     : Returning cached instance of singleton bean 'weightRoutePredicateFactory'
2025-04-26T22:20:22.221+02:00 TRACE 13448 --- [api-gateway] [    Test worker] o.s.b.f.s.DefaultListableBeanFactory     : Returning cached instance of singleton bean 'cloudFoundryRouteServiceRoutePredicateFactory'
2025-04-26T22:20:22.221+02:00 TRACE 13448 --- [api-gateway] [    Test worker] o.s.b.f.s.DefaultListableBeanFactory     : Returning cached instance of singleton bean 'addRequestHeaderGatewayFilterFactory'
2025-04-26T22:20:22.221+02:00 TRACE 13448 --- [api-gateway] [    Test worker] o.s.b.f.s.DefaultListableBeanFactory     : Returning cached instance of singleton bean 'addRequestHeadersIfNotPresentGatewayFilterFactory'
2025-04-26T22:20:22.221+02:00 TRACE 13448 --- [api-gateway] [    Test worker] o.s.b.f.s.DefaultListableBeanFactory     : Returning cached instance of singleton bean 'mapRequestHeaderGatewayFilterFactory'
2025-04-26T22:20:22.221+02:00 TRACE 13448 --- [api-gateway] [    Test worker] o.s.b.f.s.DefaultListableBeanFactory     : Returning cached instance of singleton bean 'addRequestParameterGatewayFilterFactory'
2025-04-26T22:20:22.221+02:00 TRACE 13448 --- [api-gateway] [    Test worker] o.s.b.f.s.DefaultListableBeanFactory     : Returning cached instance of singleton bean 'addResponseHeaderGatewayFilterFactory'
2025-04-26T22:20:22.221+02:00 TRACE 13448 --- [api-gateway] [    Test worker] o.s.b.f.s.DefaultListableBeanFactory     : Returning cached instance of singleton bean 'modifyRequestBodyGatewayFilterFactory'
2025-04-26T22:20:22.221+02:00 TRACE 13448 --- [api-gateway] [    Test worker] o.s.b.f.s.DefaultListableBeanFactory     : Returning cached instance of singleton bean 'dedupeResponseHeaderGatewayFilterFactory'
2025-04-26T22:20:22.221+02:00 TRACE 13448 --- [api-gateway] [    Test worker] o.s.b.f.s.DefaultListableBeanFactory     : Returning cached instance of singleton bean 'modifyResponseBodyGatewayFilterFactory'
2025-04-26T22:20:22.221+02:00 TRACE 13448 --- [api-gateway] [    Test worker] o.s.b.f.s.DefaultListableBeanFactory     : Returning cached instance of singleton bean 'cacheRequestBodyGatewayFilterFactory'
2025-04-26T22:20:22.221+02:00 TRACE 13448 --- [api-gateway] [    Test worker] o.s.b.f.s.DefaultListableBeanFactory     : Returning cached instance of singleton bean 'prefixPathGatewayFilterFactory'
2025-04-26T22:20:22.221+02:00 TRACE 13448 --- [api-gateway] [    Test worker] o.s.b.f.s.DefaultListableBeanFactory     : Returning cached instance of singleton bean 'preserveHostHeaderGatewayFilterFactory'
2025-04-26T22:20:22.221+02:00 TRACE 13448 --- [api-gateway] [    Test worker] o.s.b.f.s.DefaultListableBeanFactory     : Returning cached instance of singleton bean 'redirectToGatewayFilterFactory'
2025-04-26T22:20:22.221+02:00 TRACE 13448 --- [api-gateway] [    Test worker] o.s.b.f.s.DefaultListableBeanFactory     : Returning cached instance of singleton bean 'removeJsonAttributesResponseBodyGatewayFilterFactory'
2025-04-26T22:20:22.221+02:00 TRACE 13448 --- [api-gateway] [    Test worker] o.s.b.f.s.DefaultListableBeanFactory     : Returning cached instance of singleton bean 'removeRequestHeaderGatewayFilterFactory'
2025-04-26T22:20:22.221+02:00 TRACE 13448 --- [api-gateway] [    Test worker] o.s.b.f.s.DefaultListableBeanFactory     : Returning cached instance of singleton bean 'removeRequestParameterGatewayFilterFactory'
2025-04-26T22:20:22.221+02:00 TRACE 13448 --- [api-gateway] [    Test worker] o.s.b.f.s.DefaultListableBeanFactory     : Returning cached instance of singleton bean 'removeResponseHeaderGatewayFilterFactory'
2025-04-26T22:20:22.222+02:00 TRACE 13448 --- [api-gateway] [    Test worker] o.s.b.f.s.DefaultListableBeanFactory     : Returning cached instance of singleton bean 'rewritePathGatewayFilterFactory'
2025-04-26T22:20:22.222+02:00 TRACE 13448 --- [api-gateway] [    Test worker] o.s.b.f.s.DefaultListableBeanFactory     : Returning cached instance of singleton bean 'retryGatewayFilterFactory'
2025-04-26T22:20:22.222+02:00 TRACE 13448 --- [api-gateway] [    Test worker] o.s.b.f.s.DefaultListableBeanFactory     : Returning cached instance of singleton bean 'setPathGatewayFilterFactory'
2025-04-26T22:20:22.222+02:00 TRACE 13448 --- [api-gateway] [    Test worker] o.s.b.f.s.DefaultListableBeanFactory     : Returning cached instance of singleton bean 'secureHeadersGatewayFilterFactory'
2025-04-26T22:20:22.222+02:00 TRACE 13448 --- [api-gateway] [    Test worker] o.s.b.f.s.DefaultListableBeanFactory     : Returning cached instance of singleton bean 'setRequestHeaderGatewayFilterFactory'
2025-04-26T22:20:22.222+02:00 TRACE 13448 --- [api-gateway] [    Test worker] o.s.b.f.s.DefaultListableBeanFactory     : Returning cached instance of singleton bean 'setRequestHostHeaderGatewayFilterFactory'
2025-04-26T22:20:22.222+02:00 TRACE 13448 --- [api-gateway] [    Test worker] o.s.b.f.s.DefaultListableBeanFactory     : Returning cached instance of singleton bean 'setResponseHeaderGatewayFilterFactory'
2025-04-26T22:20:22.222+02:00 TRACE 13448 --- [api-gateway] [    Test worker] o.s.b.f.s.DefaultListableBeanFactory     : Returning cached instance of singleton bean 'rewriteResponseHeaderGatewayFilterFactory'
2025-04-26T22:20:22.222+02:00 TRACE 13448 --- [api-gateway] [    Test worker] o.s.b.f.s.DefaultListableBeanFactory     : Returning cached instance of singleton bean 'rewriteLocationResponseHeaderGatewayFilterFactory'
2025-04-26T22:20:22.222+02:00 TRACE 13448 --- [api-gateway] [    Test worker] o.s.b.f.s.DefaultListableBeanFactory     : Returning cached instance of singleton bean 'setStatusGatewayFilterFactory'
2025-04-26T22:20:22.222+02:00 TRACE 13448 --- [api-gateway] [    Test worker] o.s.b.f.s.DefaultListableBeanFactory     : Returning cached instance of singleton bean 'saveSessionGatewayFilterFactory'
2025-04-26T22:20:22.222+02:00 TRACE 13448 --- [api-gateway] [    Test worker] o.s.b.f.s.DefaultListableBeanFactory     : Returning cached instance of singleton bean 'stripPrefixGatewayFilterFactory'
2025-04-26T22:20:22.222+02:00 TRACE 13448 --- [api-gateway] [    Test worker] o.s.b.f.s.DefaultListableBeanFactory     : Returning cached instance of singleton bean 'requestHeaderToRequestUriGatewayFilterFactory'
2025-04-26T22:20:22.222+02:00 TRACE 13448 --- [api-gateway] [    Test worker] o.s.b.f.s.DefaultListableBeanFactory     : Returning cached instance of singleton bean 'requestSizeGatewayFilterFactory'
2025-04-26T22:20:22.222+02:00 TRACE 13448 --- [api-gateway] [    Test worker] o.s.b.f.s.DefaultListableBeanFactory     : Returning cached instance of singleton bean 'requestHeaderSizeGatewayFilterFactory'
2025-04-26T22:20:22.222+02:00 TRACE 13448 --- [api-gateway] [    Test worker] o.s.b.f.s.DefaultListableBeanFactory     : Returning cached instance of singleton bean 'rewriteRequestParameterGatewayFilterFactory'
2025-04-26T22:20:22.222+02:00 TRACE 13448 --- [api-gateway] [    Test worker] o.s.b.f.s.DefaultListableBeanFactory     : Returning cached instance of singleton bean 'gzipMessageBodyResolver'
2025-04-26T22:20:22.222+02:00 TRACE 13448 --- [api-gateway] [    Test worker] o.s.b.f.s.DefaultListableBeanFactory     : Returning cached instance of singleton bean 'configurableHintsRegistrationProcessor'
2025-04-26T22:20:22.222+02:00 TRACE 13448 --- [api-gateway] [    Test worker] o.s.b.f.s.DefaultListableBeanFactory     : Returning cached instance of singleton bean 'org.springframework.boot.autoconfigure.web.reactive.WebFluxAutoConfiguration$EnableWebFluxConfiguration'
2025-04-26T22:20:22.222+02:00 TRACE 13448 --- [api-gateway] [    Test worker] o.s.b.f.s.DefaultListableBeanFactory     : Returning cached instance of singleton bean 'webFluxConversionService'
2025-04-26T22:20:22.222+02:00 TRACE 13448 --- [api-gateway] [    Test worker] o.s.b.f.s.DefaultListableBeanFactory     : Returning cached instance of singleton bean 'webFluxValidator'
2025-04-26T22:20:22.222+02:00 TRACE 13448 --- [api-gateway] [    Test worker] o.s.b.f.s.DefaultListableBeanFactory     : Returning cached instance of singleton bean 'localeContextResolver'
2025-04-26T22:20:22.222+02:00 TRACE 13448 --- [api-gateway] [    Test worker] o.s.b.f.s.DefaultListableBeanFactory     : Returning cached instance of singleton bean 'webSessionManager'
2025-04-26T22:20:22.222+02:00 TRACE 13448 --- [api-gateway] [    Test worker] o.s.b.f.s.DefaultListableBeanFactory     : Returning cached instance of singleton bean 'webHandler'
2025-04-26T22:20:22.222+02:00 TRACE 13448 --- [api-gateway] [    Test worker] o.s.b.f.s.DefaultListableBeanFactory     : Returning cached instance of singleton bean 'responseStatusExceptionHandler'
2025-04-26T22:20:22.222+02:00 TRACE 13448 --- [api-gateway] [    Test worker] o.s.b.f.s.DefaultListableBeanFactory     : Returning cached instance of singleton bean 'requestMappingHandlerMapping'
2025-04-26T22:20:22.222+02:00 TRACE 13448 --- [api-gateway] [    Test worker] o.s.b.f.s.DefaultListableBeanFactory     : Returning cached instance of singleton bean 'webFluxContentTypeResolver'
2025-04-26T22:20:22.222+02:00 TRACE 13448 --- [api-gateway] [    Test worker] o.s.b.f.s.DefaultListableBeanFactory     : Returning cached instance of singleton bean 'routerFunctionMapping'
2025-04-26T22:20:22.222+02:00 TRACE 13448 --- [api-gateway] [    Test worker] o.s.b.f.s.DefaultListableBeanFactory     : Returning cached instance of singleton bean 'resourceHandlerMapping'
2025-04-26T22:20:22.222+02:00 TRACE 13448 --- [api-gateway] [    Test worker] o.s.b.f.s.DefaultListableBeanFactory     : Returning cached instance of singleton bean 'resourceUrlProvider'
2025-04-26T22:20:22.222+02:00 TRACE 13448 --- [api-gateway] [    Test worker] o.s.b.f.s.DefaultListableBeanFactory     : Returning cached instance of singleton bean 'requestMappingHandlerAdapter'
2025-04-26T22:20:22.222+02:00 TRACE 13448 --- [api-gateway] [    Test worker] o.s.b.f.s.DefaultListableBeanFactory     : Returning cached instance of singleton bean 'serverCodecConfigurer'
2025-04-26T22:20:22.222+02:00 TRACE 13448 --- [api-gateway] [    Test worker] o.s.b.f.s.DefaultListableBeanFactory     : Returning cached instance of singleton bean 'webFluxAdapterRegistry'
2025-04-26T22:20:22.222+02:00 TRACE 13448 --- [api-gateway] [    Test worker] o.s.b.f.s.DefaultListableBeanFactory     : Returning cached instance of singleton bean 'handlerFunctionAdapter'
2025-04-26T22:20:22.222+02:00 TRACE 13448 --- [api-gateway] [    Test worker] o.s.b.f.s.DefaultListableBeanFactory     : Returning cached instance of singleton bean 'simpleHandlerAdapter'
2025-04-26T22:20:22.222+02:00 TRACE 13448 --- [api-gateway] [    Test worker] o.s.b.f.s.DefaultListableBeanFactory     : Returning cached instance of singleton bean 'webFluxWebSocketHandlerAdapter'
2025-04-26T22:20:22.222+02:00 TRACE 13448 --- [api-gateway] [    Test worker] o.s.b.f.s.DefaultListableBeanFactory     : Returning cached instance of singleton bean 'responseEntityResultHandler'
2025-04-26T22:20:22.222+02:00 TRACE 13448 --- [api-gateway] [    Test worker] o.s.b.f.s.DefaultListableBeanFactory     : Returning cached instance of singleton bean 'responseBodyResultHandler'
2025-04-26T22:20:22.222+02:00 TRACE 13448 --- [api-gateway] [    Test worker] o.s.b.f.s.DefaultListableBeanFactory     : Returning cached instance of singleton bean 'viewResolutionResultHandler'
2025-04-26T22:20:22.222+02:00 TRACE 13448 --- [api-gateway] [    Test worker] o.s.b.f.s.DefaultListableBeanFactory     : Returning cached instance of singleton bean 'serverResponseResultHandler'
2025-04-26T22:20:22.222+02:00 TRACE 13448 --- [api-gateway] [    Test worker] o.s.b.f.s.DefaultListableBeanFactory     : Returning cached instance of singleton bean 'org.springframework.boot.autoconfigure.web.reactive.WebFluxAutoConfiguration$WebFluxConfig'
2025-04-26T22:20:22.222+02:00 TRACE 13448 --- [api-gateway] [    Test worker] o.s.b.f.s.DefaultListableBeanFactory     : Returning cached instance of singleton bean 'org.springframework.boot.autoconfigure.web.reactive.WebFluxAutoConfiguration$WelcomePageConfiguration'
2025-04-26T22:20:22.222+02:00 TRACE 13448 --- [api-gateway] [    Test worker] o.s.b.f.s.DefaultListableBeanFactory     : Returning cached instance of singleton bean 'welcomePageRouterFunctionMapping'
2025-04-26T22:20:22.222+02:00 TRACE 13448 --- [api-gateway] [    Test worker] o.s.b.f.s.DefaultListableBeanFactory     : Returning cached instance of singleton bean 'org.springframework.boot.autoconfigure.web.reactive.WebFluxAutoConfiguration'
2025-04-26T22:20:22.222+02:00 TRACE 13448 --- [api-gateway] [    Test worker] o.s.b.f.s.DefaultListableBeanFactory     : Returning cached instance of singleton bean 'org.springframework.boot.autoconfigure.web.reactive.HttpHandlerAutoConfiguration$AnnotationConfig'
2025-04-26T22:20:22.222+02:00 TRACE 13448 --- [api-gateway] [    Test worker] o.s.b.f.s.DefaultListableBeanFactory     : Returning cached instance of singleton bean 'httpHandler'
2025-04-26T22:20:22.222+02:00 TRACE 13448 --- [api-gateway] [    Test worker] o.s.b.f.s.DefaultListableBeanFactory     : Returning cached instance of singleton bean 'org.springframework.boot.autoconfigure.web.reactive.HttpHandlerAutoConfiguration'
2025-04-26T22:20:22.222+02:00 TRACE 13448 --- [api-gateway] [    Test worker] o.s.b.f.s.DefaultListableBeanFactory     : Returning cached instance of singleton bean 'org.springframework.boot.autoconfigure.aop.AopAutoConfiguration$ClassProxyingConfiguration'
2025-04-26T22:20:22.222+02:00 TRACE 13448 --- [api-gateway] [    Test worker] o.s.b.f.s.DefaultListableBeanFactory     : Returning cached instance of singleton bean 'forceAutoProxyCreatorToUseClassProxying'
2025-04-26T22:20:22.222+02:00 TRACE 13448 --- [api-gateway] [    Test worker] o.s.b.f.s.DefaultListableBeanFactory     : Returning cached instance of singleton bean 'org.springframework.boot.autoconfigure.aop.AopAutoConfiguration'
2025-04-26T22:20:22.222+02:00 TRACE 13448 --- [api-gateway] [    Test worker] o.s.b.f.s.DefaultListableBeanFactory     : Returning cached instance of singleton bean 'org.springframework.boot.autoconfigure.availability.ApplicationAvailabilityAutoConfiguration'
2025-04-26T22:20:22.222+02:00 TRACE 13448 --- [api-gateway] [    Test worker] o.s.b.f.s.DefaultListableBeanFactory     : Returning cached instance of singleton bean 'applicationAvailability'
2025-04-26T22:20:22.222+02:00 TRACE 13448 --- [api-gateway] [    Test worker] o.s.b.f.s.DefaultListableBeanFactory     : Returning cached instance of singleton bean 'org.springframework.cloud.autoconfigure.RefreshAutoConfiguration$RefreshScopeBeanDefinitionEnhancer'
2025-04-26T22:20:22.222+02:00 TRACE 13448 --- [api-gateway] [    Test worker] o.s.b.f.s.DefaultListableBeanFactory     : Returning cached instance of singleton bean 'org.springframework.cloud.autoconfigure.RefreshAutoConfiguration'
2025-04-26T22:20:22.222+02:00 TRACE 13448 --- [api-gateway] [    Test worker] o.s.b.f.s.DefaultListableBeanFactory     : Returning cached instance of singleton bean 'refreshScope'
2025-04-26T22:20:22.222+02:00 TRACE 13448 --- [api-gateway] [    Test worker] o.s.b.f.s.DefaultListableBeanFactory     : Returning cached instance of singleton bean 'loggingRebinder'
2025-04-26T22:20:22.222+02:00 TRACE 13448 --- [api-gateway] [    Test worker] o.s.b.f.s.DefaultListableBeanFactory     : Returning cached instance of singleton bean 'configDataContextRefresher'
2025-04-26T22:20:22.222+02:00 TRACE 13448 --- [api-gateway] [    Test worker] o.s.b.f.s.DefaultListableBeanFactory     : Returning cached instance of singleton bean 'refreshScopeLifecycle'
2025-04-26T22:20:22.222+02:00 TRACE 13448 --- [api-gateway] [    Test worker] o.s.b.f.s.DefaultListableBeanFactory     : Returning cached instance of singleton bean 'refreshEventListener'
2025-04-26T22:20:22.222+02:00 TRACE 13448 --- [api-gateway] [    Test worker] o.s.b.f.s.DefaultListableBeanFactory     : Returning cached instance of singleton bean 'spring.cloud.refresh-org.springframework.cloud.autoconfigure.RefreshAutoConfiguration$RefreshProperties'
2025-04-26T22:20:22.222+02:00 TRACE 13448 --- [api-gateway] [    Test worker] o.s.b.f.s.DefaultListableBeanFactory     : Returning cached instance of singleton bean 'org.springframework.boot.autoconfigure.context.ConfigurationPropertiesAutoConfiguration'
2025-04-26T22:20:22.222+02:00 TRACE 13448 --- [api-gateway] [    Test worker] o.s.b.f.s.DefaultListableBeanFactory     : Returning cached instance of singleton bean 'org.springframework.boot.autoconfigure.context.LifecycleAutoConfiguration'
2025-04-26T22:20:22.222+02:00 TRACE 13448 --- [api-gateway] [    Test worker] o.s.b.f.s.DefaultListableBeanFactory     : Returning cached instance of singleton bean 'lifecycleProcessor'
2025-04-26T22:20:22.222+02:00 TRACE 13448 --- [api-gateway] [    Test worker] o.s.b.f.s.DefaultListableBeanFactory     : Returning cached instance of singleton bean 'spring.lifecycle-org.springframework.boot.autoconfigure.context.LifecycleProperties'
2025-04-26T22:20:22.222+02:00 TRACE 13448 --- [api-gateway] [    Test worker] o.s.b.f.s.DefaultListableBeanFactory     : Returning cached instance of singleton bean 'org.springframework.boot.autoconfigure.gson.GsonAutoConfiguration'
2025-04-26T22:20:22.222+02:00 TRACE 13448 --- [api-gateway] [    Test worker] o.s.b.f.s.DefaultListableBeanFactory     : Returning cached instance of singleton bean 'gsonBuilder'
2025-04-26T22:20:22.222+02:00 TRACE 13448 --- [api-gateway] [    Test worker] o.s.b.f.s.DefaultListableBeanFactory     : Returning cached instance of singleton bean 'gson'
2025-04-26T22:20:22.222+02:00 TRACE 13448 --- [api-gateway] [    Test worker] o.s.b.f.s.DefaultListableBeanFactory     : Returning cached instance of singleton bean 'standardGsonBuilderCustomizer'
2025-04-26T22:20:22.222+02:00 TRACE 13448 --- [api-gateway] [    Test worker] o.s.b.f.s.DefaultListableBeanFactory     : Returning cached instance of singleton bean 'spring.gson-org.springframework.boot.autoconfigure.gson.GsonProperties'
2025-04-26T22:20:22.222+02:00 TRACE 13448 --- [api-gateway] [    Test worker] o.s.b.f.s.DefaultListableBeanFactory     : Returning cached instance of singleton bean 'org.springframework.boot.autoconfigure.ssl.SslAutoConfiguration'
2025-04-26T22:20:22.222+02:00 TRACE 13448 --- [api-gateway] [    Test worker] o.s.b.f.s.DefaultListableBeanFactory     : Returning cached instance of singleton bean 'fileWatcher'
2025-04-26T22:20:22.222+02:00 TRACE 13448 --- [api-gateway] [    Test worker] o.s.b.f.s.DefaultListableBeanFactory     : Returning cached instance of singleton bean 'sslPropertiesSslBundleRegistrar'
2025-04-26T22:20:22.222+02:00 TRACE 13448 --- [api-gateway] [    Test worker] o.s.b.f.s.DefaultListableBeanFactory     : Returning cached instance of singleton bean 'sslBundleRegistry'
2025-04-26T22:20:22.222+02:00 TRACE 13448 --- [api-gateway] [    Test worker] o.s.b.f.s.DefaultListableBeanFactory     : Returning cached instance of singleton bean 'spring.ssl-org.springframework.boot.autoconfigure.ssl.SslProperties'
2025-04-26T22:20:22.222+02:00 TRACE 13448 --- [api-gateway] [    Test worker] o.s.b.f.s.DefaultListableBeanFactory     : Returning cached instance of singleton bean 'org.springframework.boot.autoconfigure.info.ProjectInfoAutoConfiguration'
2025-04-26T22:20:22.222+02:00 TRACE 13448 --- [api-gateway] [    Test worker] o.s.b.f.s.DefaultListableBeanFactory     : Returning cached instance of singleton bean 'spring.info-org.springframework.boot.autoconfigure.info.ProjectInfoProperties'
2025-04-26T22:20:22.222+02:00 TRACE 13448 --- [api-gateway] [    Test worker] o.s.b.f.s.DefaultListableBeanFactory     : Returning cached instance of singleton bean 'org.springframework.boot.autoconfigure.netty.NettyAutoConfiguration'
2025-04-26T22:20:22.222+02:00 TRACE 13448 --- [api-gateway] [    Test worker] o.s.b.f.s.DefaultListableBeanFactory     : Returning cached instance of singleton bean 'spring.netty-org.springframework.boot.autoconfigure.netty.NettyProperties'
2025-04-26T22:20:22.222+02:00 TRACE 13448 --- [api-gateway] [    Test worker] o.s.b.f.s.DefaultListableBeanFactory     : Returning cached instance of singleton bean 'org.springframework.boot.autoconfigure.reactor.ReactorAutoConfiguration'
2025-04-26T22:20:22.222+02:00 TRACE 13448 --- [api-gateway] [    Test worker] o.s.b.f.s.DefaultListableBeanFactory     : Returning cached instance of singleton bean 'spring.reactor-org.springframework.boot.autoconfigure.reactor.ReactorProperties'
2025-04-26T22:20:22.222+02:00 TRACE 13448 --- [api-gateway] [    Test worker] o.s.b.f.s.DefaultListableBeanFactory     : Returning cached instance of singleton bean 'org.springframework.boot.autoconfigure.security.oauth2.resource.reactive.ReactiveOAuth2ResourceServerJwkConfiguration$JwtConfiguration'
2025-04-26T22:20:22.222+02:00 TRACE 13448 --- [api-gateway] [    Test worker] o.s.b.f.s.DefaultListableBeanFactory     : Returning cached instance of singleton bean 'jwtDecoderByIssuerUri'
2025-04-26T22:20:22.222+02:00 TRACE 13448 --- [api-gateway] [    Test worker] o.s.b.f.s.DefaultListableBeanFactory     : Returning cached instance of singleton bean 'org.springframework.boot.autoconfigure.security.oauth2.resource.reactive.ReactiveOAuth2ResourceServerConfiguration$JwtConfiguration'
2025-04-26T22:20:22.223+02:00 TRACE 13448 --- [api-gateway] [    Test worker] o.s.b.f.s.DefaultListableBeanFactory     : Returning cached instance of singleton bean 'org.springframework.boot.autoconfigure.security.oauth2.resource.reactive.ReactiveOAuth2ResourceServerOpaqueTokenConfiguration$OpaqueTokenIntrospectionClientConfiguration'
2025-04-26T22:20:22.223+02:00 TRACE 13448 --- [api-gateway] [    Test worker] o.s.b.f.s.DefaultListableBeanFactory     : Returning cached instance of singleton bean 'org.springframework.boot.autoconfigure.security.oauth2.resource.reactive.ReactiveOAuth2ResourceServerConfiguration$OpaqueTokenConfiguration'
2025-04-26T22:20:22.223+02:00 TRACE 13448 --- [api-gateway] [    Test worker] o.s.b.f.s.DefaultListableBeanFactory     : Returning cached instance of singleton bean 'org.springframework.boot.autoconfigure.security.oauth2.resource.reactive.ReactiveOAuth2ResourceServerAutoConfiguration'
2025-04-26T22:20:22.223+02:00 TRACE 13448 --- [api-gateway] [    Test worker] o.s.b.f.s.DefaultListableBeanFactory     : Returning cached instance of singleton bean 'spring.security.oauth2.resourceserver-org.springframework.boot.autoconfigure.security.oauth2.resource.OAuth2ResourceServerProperties'
2025-04-26T22:20:22.223+02:00 TRACE 13448 --- [api-gateway] [    Test worker] o.s.b.f.s.DefaultListableBeanFactory     : Returning cached instance of singleton bean 'org.springframework.boot.autoconfigure.security.reactive.ReactiveSecurityAutoConfiguration$SpringBootWebFluxSecurityConfiguration'
2025-04-26T22:20:22.223+02:00 TRACE 13448 --- [api-gateway] [    Test worker] o.s.b.f.s.DefaultListableBeanFactory     : Returning cached instance of singleton bean 'org.springframework.boot.autoconfigure.security.reactive.ReactiveSecurityAutoConfiguration'
2025-04-26T22:20:22.223+02:00 TRACE 13448 --- [api-gateway] [    Test worker] o.s.b.f.s.DefaultListableBeanFactory     : Returning cached instance of singleton bean 'spring.security-org.springframework.boot.autoconfigure.security.SecurityProperties'
2025-04-26T22:20:22.223+02:00 TRACE 13448 --- [api-gateway] [    Test worker] o.s.b.f.s.DefaultListableBeanFactory     : Returning cached instance of singleton bean 'org.springframework.boot.autoconfigure.security.servlet.SecurityAutoConfiguration'
2025-04-26T22:20:22.223+02:00 TRACE 13448 --- [api-gateway] [    Test worker] o.s.b.f.s.DefaultListableBeanFactory     : Returning cached instance of singleton bean 'authenticationEventPublisher'
2025-04-26T22:20:22.223+02:00 TRACE 13448 --- [api-gateway] [    Test worker] o.s.b.f.s.DefaultListableBeanFactory     : Returning cached instance of singleton bean 'org.springframework.boot.autoconfigure.sql.init.SqlInitializationAutoConfiguration'
2025-04-26T22:20:22.223+02:00 TRACE 13448 --- [api-gateway] [    Test worker] o.s.b.f.s.DefaultListableBeanFactory     : Returning cached instance of singleton bean 'spring.sql.init-org.springframework.boot.autoconfigure.sql.init.SqlInitializationProperties'
2025-04-26T22:20:22.223+02:00 TRACE 13448 --- [api-gateway] [    Test worker] o.s.b.f.s.DefaultListableBeanFactory     : Returning cached instance of singleton bean 'org.springframework.boot.sql.init.dependency.DatabaseInitializationDependencyConfigurer$DependsOnDatabaseInitializationPostProcessor'
2025-04-26T22:20:22.223+02:00 TRACE 13448 --- [api-gateway] [    Test worker] o.s.b.f.s.DefaultListableBeanFactory     : Returning cached instance of singleton bean 'org.springframework.boot.autoconfigure.task.TaskExecutorConfigurations$ThreadPoolTaskExecutorBuilderConfiguration'
2025-04-26T22:20:22.223+02:00 TRACE 13448 --- [api-gateway] [    Test worker] o.s.b.f.s.DefaultListableBeanFactory     : Returning cached instance of singleton bean 'threadPoolTaskExecutorBuilder'
2025-04-26T22:20:22.223+02:00 TRACE 13448 --- [api-gateway] [    Test worker] o.s.b.f.s.DefaultListableBeanFactory     : Returning cached instance of singleton bean 'org.springframework.boot.autoconfigure.task.TaskExecutorConfigurations$SimpleAsyncTaskExecutorBuilderConfiguration'
2025-04-26T22:20:22.223+02:00 TRACE 13448 --- [api-gateway] [    Test worker] o.s.b.f.s.DefaultListableBeanFactory     : Returning cached instance of singleton bean 'simpleAsyncTaskExecutorBuilder'
2025-04-26T22:20:22.223+02:00 TRACE 13448 --- [api-gateway] [    Test worker] o.s.b.f.s.DefaultListableBeanFactory     : Returning cached instance of singleton bean 'org.springframework.boot.autoconfigure.task.TaskExecutorConfigurations$TaskExecutorConfiguration'
2025-04-26T22:20:22.223+02:00 TRACE 13448 --- [api-gateway] [    Test worker] o.s.b.f.s.DefaultListableBeanFactory     : Returning cached instance of singleton bean 'applicationTaskExecutor'
2025-04-26T22:20:22.223+02:00 TRACE 13448 --- [api-gateway] [    Test worker] o.s.b.f.s.DefaultListableBeanFactory     : Returning cached instance of singleton bean 'org.springframework.boot.autoconfigure.task.TaskExecutionAutoConfiguration'
2025-04-26T22:20:22.223+02:00 TRACE 13448 --- [api-gateway] [    Test worker] o.s.b.f.s.DefaultListableBeanFactory     : Returning cached instance of singleton bean 'spring.task.execution-org.springframework.boot.autoconfigure.task.TaskExecutionProperties'
2025-04-26T22:20:22.223+02:00 TRACE 13448 --- [api-gateway] [    Test worker] o.s.b.f.s.DefaultListableBeanFactory     : Returning cached instance of singleton bean 'org.springframework.boot.autoconfigure.task.TaskSchedulingConfigurations$ThreadPoolTaskSchedulerBuilderConfiguration'
2025-04-26T22:20:22.223+02:00 TRACE 13448 --- [api-gateway] [    Test worker] o.s.b.f.s.DefaultListableBeanFactory     : Returning cached instance of singleton bean 'threadPoolTaskSchedulerBuilder'
2025-04-26T22:20:22.223+02:00 TRACE 13448 --- [api-gateway] [    Test worker] o.s.b.f.s.DefaultListableBeanFactory     : Returning cached instance of singleton bean 'org.springframework.boot.autoconfigure.task.TaskSchedulingConfigurations$SimpleAsyncTaskSchedulerBuilderConfiguration'
2025-04-26T22:20:22.223+02:00 TRACE 13448 --- [api-gateway] [    Test worker] o.s.b.f.s.DefaultListableBeanFactory     : Returning cached instance of singleton bean 'simpleAsyncTaskSchedulerBuilder'
2025-04-26T22:20:22.223+02:00 TRACE 13448 --- [api-gateway] [    Test worker] o.s.b.f.s.DefaultListableBeanFactory     : Returning cached instance of singleton bean 'org.springframework.boot.autoconfigure.task.TaskSchedulingAutoConfiguration'
2025-04-26T22:20:22.223+02:00 TRACE 13448 --- [api-gateway] [    Test worker] o.s.b.f.s.DefaultListableBeanFactory     : Returning cached instance of singleton bean 'spring.task.scheduling-org.springframework.boot.autoconfigure.task.TaskSchedulingProperties'
2025-04-26T22:20:22.223+02:00 TRACE 13448 --- [api-gateway] [    Test worker] o.s.b.f.s.DefaultListableBeanFactory     : Returning cached instance of singleton bean 'org.springframework.boot.autoconfigure.web.embedded.EmbeddedWebServerFactoryCustomizerAutoConfiguration$NettyWebServerFactoryCustomizerConfiguration'
2025-04-26T22:20:22.223+02:00 TRACE 13448 --- [api-gateway] [    Test worker] o.s.b.f.s.DefaultListableBeanFactory     : Returning cached instance of singleton bean 'nettyWebServerFactoryCustomizer'
2025-04-26T22:20:22.223+02:00 TRACE 13448 --- [api-gateway] [    Test worker] o.s.b.f.s.DefaultListableBeanFactory     : Returning cached instance of singleton bean 'org.springframework.boot.autoconfigure.web.embedded.EmbeddedWebServerFactoryCustomizerAutoConfiguration'
2025-04-26T22:20:22.223+02:00 TRACE 13448 --- [api-gateway] [    Test worker] o.s.b.f.s.DefaultListableBeanFactory     : Returning cached instance of singleton bean 'org.springframework.boot.autoconfigure.web.reactive.function.client.ClientHttpConnectorFactoryConfiguration$ReactorNetty'
2025-04-26T22:20:22.223+02:00 TRACE 13448 --- [api-gateway] [    Test worker] o.s.b.f.s.DefaultListableBeanFactory     : Returning cached instance of singleton bean 'reactorClientHttpConnectorFactory'
2025-04-26T22:20:22.223+02:00 TRACE 13448 --- [api-gateway] [    Test worker] o.s.b.f.s.DefaultListableBeanFactory     : Returning cached instance of singleton bean 'org.springframework.boot.autoconfigure.web.reactive.function.client.ClientHttpConnectorAutoConfiguration'
2025-04-26T22:20:22.223+02:00 TRACE 13448 --- [api-gateway] [    Test worker] o.s.b.f.s.DefaultListableBeanFactory     : Returning cached instance of singleton bean 'webClientHttpConnector'
2025-04-26T22:20:22.223+02:00 TRACE 13448 --- [api-gateway] [    Test worker] o.s.b.f.s.DefaultListableBeanFactory     : Returning cached instance of singleton bean 'webClientHttpConnectorCustomizer'
2025-04-26T22:20:22.223+02:00 TRACE 13448 --- [api-gateway] [    Test worker] o.s.b.f.s.DefaultListableBeanFactory     : Returning cached instance of singleton bean 'org.springframework.boot.autoconfigure.web.reactive.function.client.WebClientAutoConfiguration$WebClientCodecsConfiguration'
2025-04-26T22:20:22.223+02:00 TRACE 13448 --- [api-gateway] [    Test worker] o.s.b.f.s.DefaultListableBeanFactory     : Returning cached instance of singleton bean 'exchangeStrategiesCustomizer'
2025-04-26T22:20:22.223+02:00 TRACE 13448 --- [api-gateway] [    Test worker] o.s.b.f.s.DefaultListableBeanFactory     : Returning cached instance of singleton bean 'org.springframework.boot.autoconfigure.web.reactive.function.client.WebClientAutoConfiguration'
2025-04-26T22:20:22.223+02:00 TRACE 13448 --- [api-gateway] [    Test worker] o.s.b.f.s.DefaultListableBeanFactory     : Returning cached instance of singleton bean 'webClientSsl'
2025-04-26T22:20:22.223+02:00 TRACE 13448 --- [api-gateway] [    Test worker] o.s.b.f.s.DefaultListableBeanFactory     : Returning cached instance of singleton bean 'org.springframework.cloud.autoconfigure.ConfigurationPropertiesRebinderAutoConfiguration'
2025-04-26T22:20:22.223+02:00 TRACE 13448 --- [api-gateway] [    Test worker] o.s.b.f.s.DefaultListableBeanFactory     : Returning cached instance of singleton bean 'configurationPropertiesBeans'
2025-04-26T22:20:22.223+02:00 TRACE 13448 --- [api-gateway] [    Test worker] o.s.b.f.s.DefaultListableBeanFactory     : Returning cached instance of singleton bean 'configurationPropertiesRebinder'
2025-04-26T22:20:22.223+02:00 TRACE 13448 --- [api-gateway] [    Test worker] o.s.b.f.s.DefaultListableBeanFactory     : Returning cached instance of singleton bean 'org.springframework.cloud.autoconfigure.LifecycleMvcEndpointAutoConfiguration'
2025-04-26T22:20:22.223+02:00 TRACE 13448 --- [api-gateway] [    Test worker] o.s.b.f.s.DefaultListableBeanFactory     : Returning cached instance of singleton bean 'environmentManager'
2025-04-26T22:20:22.223+02:00 TRACE 13448 --- [api-gateway] [    Test worker] o.s.b.f.s.DefaultListableBeanFactory     : Returning cached instance of singleton bean 'org.springframework.cloud.client.discovery.simple.SimpleDiscoveryClientAutoConfiguration'
2025-04-26T22:20:22.223+02:00 TRACE 13448 --- [api-gateway] [    Test worker] o.s.b.f.s.DefaultListableBeanFactory     : Returning cached instance of singleton bean 'simpleDiscoveryProperties'
2025-04-26T22:20:22.223+02:00 TRACE 13448 --- [api-gateway] [    Test worker] o.s.b.f.s.DefaultListableBeanFactory     : Returning cached instance of singleton bean 'simpleDiscoveryClient'
2025-04-26T22:20:22.223+02:00 TRACE 13448 --- [api-gateway] [    Test worker] o.s.b.f.s.DefaultListableBeanFactory     : Returning cached instance of singleton bean 'org.springframework.cloud.client.serviceregistry.AutoServiceRegistrationConfiguration'
2025-04-26T22:20:22.223+02:00 TRACE 13448 --- [api-gateway] [    Test worker] o.s.b.f.s.DefaultListableBeanFactory     : Returning cached instance of singleton bean 'spring.cloud.service-registry.auto-registration-org.springframework.cloud.client.serviceregistry.AutoServiceRegistrationProperties'
2025-04-26T22:20:22.223+02:00 TRACE 13448 --- [api-gateway] [    Test worker] o.s.b.f.s.DefaultListableBeanFactory     : Returning cached instance of singleton bean 'org.springframework.cloud.client.serviceregistry.AutoServiceRegistrationAutoConfiguration'
2025-04-26T22:20:22.223+02:00 TRACE 13448 --- [api-gateway] [    Test worker] o.s.b.f.s.DefaultListableBeanFactory     : Returning cached instance of singleton bean 'org.springframework.cloud.netflix.eureka.EurekaDiscoveryClientConfiguration$EurekaClientConfigurationRefresher'
2025-04-26T22:20:22.223+02:00 TRACE 13448 --- [api-gateway] [    Test worker] o.s.b.f.s.DefaultListableBeanFactory     : Returning cached instance of singleton bean 'org.springframework.cloud.netflix.eureka.EurekaDiscoveryClientConfiguration'
2025-04-26T22:20:22.223+02:00 TRACE 13448 --- [api-gateway] [    Test worker] o.s.b.f.s.DefaultListableBeanFactory     : Returning cached instance of singleton bean 'discoveryClient'
2025-04-26T22:20:22.223+02:00 TRACE 13448 --- [api-gateway] [    Test worker] o.s.b.f.s.DefaultListableBeanFactory     : Returning cached instance of singleton bean 'org.springframework.cloud.netflix.eureka.config.DiscoveryClientOptionalArgsConfiguration$WebClientConfiguration'
2025-04-26T22:20:22.223+02:00 TRACE 13448 --- [api-gateway] [    Test worker] o.s.b.f.s.DefaultListableBeanFactory     : Returning cached instance of singleton bean 'webClientDiscoveryClientOptionalArgs'
2025-04-26T22:20:22.223+02:00 TRACE 13448 --- [api-gateway] [    Test worker] o.s.b.f.s.DefaultListableBeanFactory     : Returning cached instance of singleton bean 'webClientTransportClientFactories'
2025-04-26T22:20:22.223+02:00 TRACE 13448 --- [api-gateway] [    Test worker] o.s.b.f.s.DefaultListableBeanFactory     : Returning cached instance of singleton bean 'org.springframework.cloud.netflix.eureka.config.DiscoveryClientOptionalArgsConfiguration'
2025-04-26T22:20:22.223+02:00 TRACE 13448 --- [api-gateway] [    Test worker] o.s.b.f.s.DefaultListableBeanFactory     : Returning cached instance of singleton bean 'tlsProperties'
2025-04-26T22:20:22.223+02:00 TRACE 13448 --- [api-gateway] [    Test worker] o.s.b.f.s.DefaultListableBeanFactory     : Returning cached instance of singleton bean 'eureka.client.restclient.timeout-org.springframework.cloud.netflix.eureka.RestClientTimeoutProperties'
2025-04-26T22:20:22.223+02:00 TRACE 13448 --- [api-gateway] [    Test worker] o.s.b.f.s.DefaultListableBeanFactory     : Returning cached instance of singleton bean 'eureka.client.rest-template-timeout-org.springframework.cloud.netflix.eureka.RestTemplateTimeoutProperties'
2025-04-26T22:20:22.223+02:00 TRACE 13448 --- [api-gateway] [    Test worker] o.s.b.f.s.DefaultListableBeanFactory     : Returning cached instance of singleton bean 'org.springframework.cloud.netflix.eureka.EurekaClientAutoConfiguration$RefreshableEurekaClientConfiguration'
2025-04-26T22:20:22.223+02:00 TRACE 13448 --- [api-gateway] [    Test worker] o.s.b.f.s.DefaultListableBeanFactory     : Returning cached instance of singleton bean 'eurekaClient'
2025-04-26T22:20:22.223+02:00 TRACE 13448 --- [api-gateway] [    Test worker] o.s.b.f.s.DefaultListableBeanFactory     : Returning cached instance of singleton bean 'eurekaClient'
2025-04-26T22:20:22.223+02:00 TRACE 13448 --- [api-gateway] [    Test worker] o.s.b.f.s.DefaultListableBeanFactory     : Returning cached instance of singleton bean 'eurekaApplicationInfoManager'
2025-04-26T22:20:22.223+02:00 TRACE 13448 --- [api-gateway] [    Test worker] o.s.b.f.s.DefaultListableBeanFactory     : Returning cached instance of singleton bean 'eurekaApplicationInfoManager'
2025-04-26T22:20:22.223+02:00 TRACE 13448 --- [api-gateway] [    Test worker] o.s.b.f.s.DefaultListableBeanFactory     : Returning cached instance of singleton bean 'eurekaRegistration'
2025-04-26T22:20:22.223+02:00 TRACE 13448 --- [api-gateway] [    Test worker] o.s.b.f.s.DefaultListableBeanFactory     : Returning cached instance of singleton bean 'eurekaRegistration'
2025-04-26T22:20:22.223+02:00 TRACE 13448 --- [api-gateway] [    Test worker] o.s.b.f.s.DefaultListableBeanFactory     : Returning cached instance of singleton bean 'org.springframework.cloud.netflix.eureka.EurekaClientAutoConfiguration'
2025-04-26T22:20:22.223+02:00 TRACE 13448 --- [api-gateway] [    Test worker] o.s.b.f.s.DefaultListableBeanFactory     : Returning cached instance of singleton bean 'eurekaFeature'
2025-04-26T22:20:22.223+02:00 TRACE 13448 --- [api-gateway] [    Test worker] o.s.b.f.s.DefaultListableBeanFactory     : Returning cached instance of singleton bean 'eurekaClientConfigBean'
2025-04-26T22:20:22.223+02:00 TRACE 13448 --- [api-gateway] [    Test worker] o.s.b.f.s.DefaultListableBeanFactory     : Returning cached instance of singleton bean 'serviceManagementMetadataProvider'
2025-04-26T22:20:22.223+02:00 TRACE 13448 --- [api-gateway] [    Test worker] o.s.b.f.s.DefaultListableBeanFactory     : Returning cached instance of singleton bean 'eurekaInstanceConfigBean'
2025-04-26T22:20:22.223+02:00 TRACE 13448 --- [api-gateway] [    Test worker] o.s.b.f.s.DefaultListableBeanFactory     : Returning cached instance of singleton bean 'eurekaServiceRegistry'
2025-04-26T22:20:22.223+02:00 TRACE 13448 --- [api-gateway] [    Test worker] o.s.b.f.s.DefaultListableBeanFactory     : Returning cached instance of singleton bean 'eurekaAutoServiceRegistration'
2025-04-26T22:20:22.223+02:00 TRACE 13448 --- [api-gateway] [    Test worker] o.s.b.f.s.DefaultListableBeanFactory     : Returning cached instance of singleton bean 'org.springframework.cloud.client.CommonsClientAutoConfiguration'
2025-04-26T22:20:22.223+02:00 TRACE 13448 --- [api-gateway] [    Test worker] o.s.b.f.s.DefaultListableBeanFactory     : Returning cached instance of singleton bean 'org.springframework.cloud.client.discovery.composite.reactive.ReactiveCompositeDiscoveryClientAutoConfiguration'
2025-04-26T22:20:22.223+02:00 TRACE 13448 --- [api-gateway] [    Test worker] o.s.b.f.s.DefaultListableBeanFactory     : Returning cached instance of singleton bean 'reactiveCompositeDiscoveryClient'
2025-04-26T22:20:22.223+02:00 TRACE 13448 --- [api-gateway] [    Test worker] o.s.b.f.s.DefaultListableBeanFactory     : Returning cached instance of singleton bean 'org.springframework.cloud.client.discovery.simple.reactive.SimpleReactiveDiscoveryClientAutoConfiguration'
2025-04-26T22:20:22.223+02:00 TRACE 13448 --- [api-gateway] [    Test worker] o.s.b.f.s.DefaultListableBeanFactory     : Returning cached instance of singleton bean 'simpleReactiveDiscoveryProperties'
2025-04-26T22:20:22.223+02:00 TRACE 13448 --- [api-gateway] [    Test worker] o.s.b.f.s.DefaultListableBeanFactory     : Returning cached instance of singleton bean 'simpleReactiveDiscoveryClient'
2025-04-26T22:20:22.223+02:00 TRACE 13448 --- [api-gateway] [    Test worker] o.s.b.f.s.DefaultListableBeanFactory     : Returning cached instance of singleton bean 'spring.cloud.discovery.client.health-indicator-org.springframework.cloud.client.discovery.health.DiscoveryClientHealthIndicatorProperties'
2025-04-26T22:20:22.223+02:00 TRACE 13448 --- [api-gateway] [    Test worker] o.s.b.f.s.DefaultListableBeanFactory     : Returning cached instance of singleton bean 'org.springframework.cloud.netflix.eureka.reactive.EurekaReactiveDiscoveryClientConfiguration'
2025-04-26T22:20:22.223+02:00 TRACE 13448 --- [api-gateway] [    Test worker] o.s.b.f.s.DefaultListableBeanFactory     : Returning cached instance of singleton bean 'eurekaReactiveDiscoveryClient'
2025-04-26T22:20:22.224+02:00 TRACE 13448 --- [api-gateway] [    Test worker] o.s.b.f.s.DefaultListableBeanFactory     : Returning cached instance of singleton bean 'org.springframework.cloud.client.ReactiveCommonsClientAutoConfiguration'
2025-04-26T22:20:22.224+02:00 TRACE 13448 --- [api-gateway] [    Test worker] o.s.b.f.s.DefaultListableBeanFactory     : Returning cached instance of singleton bean 'org.springframework.cloud.loadbalancer.config.BlockingLoadBalancerClientAutoConfiguration'
2025-04-26T22:20:22.224+02:00 TRACE 13448 --- [api-gateway] [    Test worker] o.s.b.f.s.DefaultListableBeanFactory     : Returning cached instance of singleton bean 'blockingLoadBalancerClient'
2025-04-26T22:20:22.224+02:00 TRACE 13448 --- [api-gateway] [    Test worker] o.s.b.f.s.DefaultListableBeanFactory     : Returning cached instance of singleton bean 'loadBalancerServiceInstanceCookieTransformer'
2025-04-26T22:20:22.224+02:00 TRACE 13448 --- [api-gateway] [    Test worker] o.s.b.f.s.DefaultListableBeanFactory     : Returning cached instance of singleton bean 'xForwarderHeadersTransformer'
2025-04-26T22:20:22.224+02:00 TRACE 13448 --- [api-gateway] [    Test worker] o.s.b.f.s.DefaultListableBeanFactory     : Returning cached instance of singleton bean 'default.org.springframework.cloud.loadbalancer.config.BlockingLoadBalancerClientAutoConfiguration.LoadBalancerClientSpecification'
2025-04-26T22:20:22.224+02:00 TRACE 13448 --- [api-gateway] [    Test worker] o.s.b.f.s.DefaultListableBeanFactory     : Returning cached instance of singleton bean 'org.springframework.cloud.client.loadbalancer.LoadBalancerAutoConfiguration$LoadBalancerInterceptorConfig'
2025-04-26T22:20:22.224+02:00 TRACE 13448 --- [api-gateway] [    Test worker] o.s.b.f.s.DefaultListableBeanFactory     : Returning cached instance of singleton bean 'loadBalancerInterceptor'
2025-04-26T22:20:22.224+02:00 TRACE 13448 --- [api-gateway] [    Test worker] o.s.b.f.s.DefaultListableBeanFactory     : Returning cached instance of singleton bean 'restTemplateCustomizer'
2025-04-26T22:20:22.224+02:00 TRACE 13448 --- [api-gateway] [    Test worker] o.s.b.f.s.DefaultListableBeanFactory     : Returning cached instance of singleton bean 'org.springframework.cloud.client.loadbalancer.LoadBalancerAutoConfiguration$DeferringLoadBalancerInterceptorConfig'
2025-04-26T22:20:22.224+02:00 TRACE 13448 --- [api-gateway] [    Test worker] o.s.b.f.s.DefaultListableBeanFactory     : Returning cached instance of singleton bean 'deferringLoadBalancerInterceptor'
2025-04-26T22:20:22.224+02:00 TRACE 13448 --- [api-gateway] [    Test worker] o.s.b.f.s.DefaultListableBeanFactory     : Returning cached instance of singleton bean 'lbRestClientPostProcessor'
2025-04-26T22:20:22.224+02:00 TRACE 13448 --- [api-gateway] [    Test worker] o.s.b.f.s.DefaultListableBeanFactory     : Returning cached instance of singleton bean 'lbRestTemplateBuilderPostProcessor'
2025-04-26T22:20:22.224+02:00 TRACE 13448 --- [api-gateway] [    Test worker] o.s.b.f.s.DefaultListableBeanFactory     : Returning cached instance of singleton bean 'org.springframework.cloud.client.loadbalancer.LoadBalancerAutoConfiguration'
2025-04-26T22:20:22.224+02:00 TRACE 13448 --- [api-gateway] [    Test worker] o.s.b.f.s.DefaultListableBeanFactory     : Returning cached instance of singleton bean 'loadBalancedRestTemplateInitializerDeprecated'
2025-04-26T22:20:22.224+02:00 TRACE 13448 --- [api-gateway] [    Test worker] o.s.b.f.s.DefaultListableBeanFactory     : Returning cached instance of singleton bean 'loadBalancerRequestFactory'
2025-04-26T22:20:22.224+02:00 TRACE 13448 --- [api-gateway] [    Test worker] o.s.b.f.s.DefaultListableBeanFactory     : Returning cached instance of singleton bean 'org.springframework.cloud.client.loadbalancer.LoadBalancerDefaultMappingsProviderAutoConfiguration'
2025-04-26T22:20:22.224+02:00 TRACE 13448 --- [api-gateway] [    Test worker] o.s.b.f.s.DefaultListableBeanFactory     : Returning cached instance of singleton bean 'loadBalancerClientsDefaultsMappingsProvider'
2025-04-26T22:20:22.224+02:00 TRACE 13448 --- [api-gateway] [    Test worker] o.s.b.f.s.DefaultListableBeanFactory     : Returning cached instance of singleton bean 'org.springframework.cloud.client.loadbalancer.reactive.LoadBalancerBeanPostProcessorAutoConfiguration$ReactorDeferringLoadBalancerFilterConfig'
2025-04-26T22:20:22.224+02:00 TRACE 13448 --- [api-gateway] [    Test worker] o.s.b.f.s.DefaultListableBeanFactory     : Returning cached instance of singleton bean 'reactorDeferringLoadBalancerExchangeFilterFunction'
2025-04-26T22:20:22.224+02:00 TRACE 13448 --- [api-gateway] [    Test worker] o.s.b.f.s.DefaultListableBeanFactory     : Returning cached instance of singleton bean 'org.springframework.cloud.client.loadbalancer.reactive.LoadBalancerBeanPostProcessorAutoConfiguration'
2025-04-26T22:20:22.224+02:00 TRACE 13448 --- [api-gateway] [    Test worker] o.s.b.f.s.DefaultListableBeanFactory     : Returning cached instance of singleton bean 'loadBalancerWebClientBuilderBeanPostProcessor'
2025-04-26T22:20:22.224+02:00 TRACE 13448 --- [api-gateway] [    Test worker] o.s.b.f.s.DefaultListableBeanFactory     : Returning cached instance of singleton bean 'org.springframework.cloud.client.loadbalancer.reactive.ReactorLoadBalancerClientAutoConfiguration'
2025-04-26T22:20:22.224+02:00 TRACE 13448 --- [api-gateway] [    Test worker] o.s.b.f.s.DefaultListableBeanFactory     : Returning cached instance of singleton bean 'loadBalancerExchangeFilterFunction'
2025-04-26T22:20:22.224+02:00 TRACE 13448 --- [api-gateway] [    Test worker] o.s.b.f.s.DefaultListableBeanFactory     : Returning cached instance of singleton bean 'org.springframework.cloud.client.serviceregistry.ServiceRegistryAutoConfiguration'
2025-04-26T22:20:22.224+02:00 TRACE 13448 --- [api-gateway] [    Test worker] o.s.b.f.s.DefaultListableBeanFactory     : Returning cached instance of singleton bean 'org.springframework.cloud.commons.config.CommonsConfigAutoConfiguration'
2025-04-26T22:20:22.224+02:00 TRACE 13448 --- [api-gateway] [    Test worker] o.s.b.f.s.DefaultListableBeanFactory     : Returning cached instance of singleton bean 'defaultsBindHandlerAdvisor'
2025-04-26T22:20:22.224+02:00 TRACE 13448 --- [api-gateway] [    Test worker] o.s.b.f.s.DefaultListableBeanFactory     : Returning cached instance of singleton bean 'org.springframework.cloud.commons.util.UtilAutoConfiguration'
2025-04-26T22:20:22.224+02:00 TRACE 13448 --- [api-gateway] [    Test worker] o.s.b.f.s.DefaultListableBeanFactory     : Returning cached instance of singleton bean 'inetUtilsProperties'
2025-04-26T22:20:22.224+02:00 TRACE 13448 --- [api-gateway] [    Test worker] o.s.b.f.s.DefaultListableBeanFactory     : Returning cached instance of singleton bean 'inetUtils'
2025-04-26T22:20:22.224+02:00 TRACE 13448 --- [api-gateway] [    Test worker] o.s.b.f.s.DefaultListableBeanFactory     : Returning cached instance of singleton bean 'org.springframework.cloud.configuration.CompatibilityVerifierAutoConfiguration'
2025-04-26T22:20:22.224+02:00 TRACE 13448 --- [api-gateway] [    Test worker] o.s.b.f.s.DefaultListableBeanFactory     : Returning cached instance of singleton bean 'compositeCompatibilityVerifier'
2025-04-26T22:20:22.224+02:00 TRACE 13448 --- [api-gateway] [    Test worker] o.s.b.f.s.DefaultListableBeanFactory     : Returning cached instance of singleton bean 'springBootVersionVerifier'
2025-04-26T22:20:22.224+02:00 TRACE 13448 --- [api-gateway] [    Test worker] o.s.b.f.s.DefaultListableBeanFactory     : Returning cached instance of singleton bean 'sleuthPresentVerifier'
2025-04-26T22:20:22.224+02:00 TRACE 13448 --- [api-gateway] [    Test worker] o.s.b.f.s.DefaultListableBeanFactory     : Returning cached instance of singleton bean 'spring.cloud.compatibility-verifier-org.springframework.cloud.configuration.CompatibilityVerifierProperties'
2025-04-26T22:20:22.224+02:00 TRACE 13448 --- [api-gateway] [    Test worker] o.s.b.f.s.DefaultListableBeanFactory     : Returning cached instance of singleton bean 'org.springframework.cloud.loadbalancer.config.LoadBalancerCacheAutoConfiguration$DefaultLoadBalancerCacheManagerConfiguration'
2025-04-26T22:20:22.224+02:00 TRACE 13448 --- [api-gateway] [    Test worker] o.s.b.f.s.DefaultListableBeanFactory     : Returning cached instance of singleton bean 'defaultLoadBalancerCacheManager'
2025-04-26T22:20:22.224+02:00 TRACE 13448 --- [api-gateway] [    Test worker] o.s.b.f.s.DefaultListableBeanFactory     : Returning cached instance of singleton bean 'org.springframework.cloud.loadbalancer.config.LoadBalancerCacheAutoConfiguration$LoadBalancerCacheManagerWarnConfiguration'
2025-04-26T22:20:22.224+02:00 TRACE 13448 --- [api-gateway] [    Test worker] o.s.b.f.s.DefaultListableBeanFactory     : Returning cached instance of singleton bean 'caffeineWarnLogger'
2025-04-26T22:20:22.224+02:00 TRACE 13448 --- [api-gateway] [    Test worker] o.s.b.f.s.DefaultListableBeanFactory     : Returning cached instance of singleton bean 'org.springframework.cloud.loadbalancer.config.LoadBalancerCacheAutoConfiguration'
2025-04-26T22:20:22.224+02:00 TRACE 13448 --- [api-gateway] [    Test worker] o.s.b.f.s.DefaultListableBeanFactory     : Returning cached instance of singleton bean 'spring.cloud.loadbalancer.cache-org.springframework.cloud.loadbalancer.cache.LoadBalancerCacheProperties'
2025-04-26T22:20:22.224+02:00 TRACE 13448 --- [api-gateway] [    Test worker] o.s.b.f.s.DefaultListableBeanFactory     : Returning cached instance of singleton bean 'org.springframework.cloud.netflix.eureka.loadbalancer.LoadBalancerEurekaAutoConfiguration'
2025-04-26T22:20:22.224+02:00 TRACE 13448 --- [api-gateway] [    Test worker] o.s.b.f.s.DefaultListableBeanFactory     : Returning cached instance of singleton bean 'eurekaLoadBalancerProperties'
2025-04-26T22:20:22.224+02:00 TRACE 13448 --- [api-gateway] [    Test worker] o.s.b.f.s.DefaultListableBeanFactory     : Returning cached instance of singleton bean 'default.org.springframework.cloud.netflix.eureka.loadbalancer.LoadBalancerEurekaAutoConfiguration.LoadBalancerClientSpecification'
2025-04-26T22:20:22.224+02:00 TRACE 13448 --- [api-gateway] [    Test worker] c.DefaultCacheAwareContextLoaderDelegate : Retrieved ApplicationContext [2044150758] from cache with key [ReactiveWebMergedContextConfiguration@6cd6698b testClass = com.pibbletv.api_gateway.ApiGatewayApplicationTests, locations = [], classes = [com.pibbletv.api_gateway.ApiGatewayApplication], contextInitializerClasses = [], activeProfiles = [], propertySourceDescriptors = [], propertySourceProperties = ["org.springframework.boot.test.context.SpringBootTestContextBootstrapper=true"], contextCustomizers = [org.springframework.boot.test.autoconfigure.OnFailureConditionReportContextCustomizerFactory$OnFailureConditionReportContextCustomizer@e98770d, org.springframework.boot.test.autoconfigure.actuate.observability.ObservabilityContextCustomizerFactory$DisableObservabilityContextCustomizer@1f, org.springframework.boot.test.autoconfigure.properties.PropertyMappingContextCustomizer@0, org.springframework.boot.test.autoconfigure.web.servlet.WebDriverContextCustomizer@3b2c0e88, org.springframework.boot.test.context.filter.ExcludeFilterContextCustomizer@655f7ea, org.springframework.boot.test.json.DuplicateJsonObjectContextCustomizerFactory$DuplicateJsonObjectContextCustomizer@20a14b55, org.springframework.boot.test.mock.mockito.MockitoContextCustomizer@0, org.springframework.boot.test.web.client.TestRestTemplateContextCustomizer@6035b93b, org.springframework.boot.test.web.reactive.server.WebTestClientContextCustomizer@58fe0499, org.springframework.boot.test.web.reactor.netty.DisableReactorResourceFactoryGlobalResourcesContextCustomizerFactory$DisableReactorResourceFactoryGlobalResourcesContextCustomizerCustomizer@72758afa, org.springframework.test.context.support.DynamicPropertiesContextCustomizer@0, org.springframework.boot.test.context.SpringBootTestAnnotation@53156849], contextLoader = org.springframework.boot.test.context.SpringBootContextLoader, parent = null]
2025-04-26T22:20:22.224+02:00 DEBUG 13448 --- [api-gateway] [    Test worker] org.springframework.test.context.cache   : Spring test ApplicationContext cache statistics: [DefaultContextCache@5ac7550a size = 1, maxSize = 32, parentContextCount = 0, hitCount = 8, missCount = 1, failureCount = 0]
2025-04-26T22:20:22.224+02:00 TRACE 13448 --- [api-gateway] [    Test worker] o.s.b.f.s.DefaultListableBeanFactory     : Returning cached instance of singleton bean 'org.springframework.boot.test.mock.mockito.MockitoPostProcessor$SpyPostProcessor'
2025-04-26T22:20:22.224+02:00 TRACE 13448 --- [api-gateway] [    Test worker] o.s.b.f.s.DefaultListableBeanFactory     : Returning cached instance of singleton bean 'org.springframework.boot.test.mock.mockito.MockitoPostProcessor'
2025-04-26T22:20:22.224+02:00 TRACE 13448 --- [api-gateway] [    Test worker] o.s.b.f.s.DefaultListableBeanFactory     : Returning cached instance of singleton bean 'org.springframework.test.context.support.internalDynamicPropertyRegistrarBeanInitializer'
2025-04-26T22:20:22.224+02:00 TRACE 13448 --- [api-gateway] [    Test worker] o.s.b.f.s.DefaultListableBeanFactory     : Returning cached instance of singleton bean 'org.springframework.context.annotation.internalConfigurationAnnotationProcessor'
2025-04-26T22:20:22.225+02:00 TRACE 13448 --- [api-gateway] [    Test worker] o.s.b.f.s.DefaultListableBeanFactory     : Returning cached instance of singleton bean 'org.springframework.context.annotation.internalAutowiredAnnotationProcessor'
2025-04-26T22:20:22.225+02:00 TRACE 13448 --- [api-gateway] [    Test worker] o.s.b.f.s.DefaultListableBeanFactory     : Returning cached instance of singleton bean 'org.springframework.context.annotation.internalCommonAnnotationProcessor'
2025-04-26T22:20:22.225+02:00 TRACE 13448 --- [api-gateway] [    Test worker] o.s.b.f.s.DefaultListableBeanFactory     : Returning cached instance of singleton bean 'org.springframework.context.event.internalEventListenerProcessor'
2025-04-26T22:20:22.225+02:00 TRACE 13448 --- [api-gateway] [    Test worker] o.s.b.f.s.DefaultListableBeanFactory     : Returning cached instance of singleton bean 'org.springframework.context.event.internalEventListenerFactory'
2025-04-26T22:20:22.225+02:00 TRACE 13448 --- [api-gateway] [    Test worker] o.s.b.f.s.DefaultListableBeanFactory     : Returning cached instance of singleton bean 'apiGatewayApplication'
2025-04-26T22:20:22.225+02:00 TRACE 13448 --- [api-gateway] [    Test worker] o.s.b.f.s.DefaultListableBeanFactory     : Returning cached instance of singleton bean 'org.springframework.boot.autoconfigure.internalCachingMetadataReaderFactory'
2025-04-26T22:20:22.225+02:00 TRACE 13448 --- [api-gateway] [    Test worker] o.s.b.f.s.DefaultListableBeanFactory     : Returning cached instance of singleton bean 'org.springframework.boot.autoconfigure.internalCachingMetadataReaderFactory'
2025-04-26T22:20:22.225+02:00 TRACE 13448 --- [api-gateway] [    Test worker] o.s.b.f.s.DefaultListableBeanFactory     : Returning cached instance of singleton bean 'gatewayConfig'
2025-04-26T22:20:22.225+02:00 TRACE 13448 --- [api-gateway] [    Test worker] o.s.b.f.s.DefaultListableBeanFactory     : Returning cached instance of singleton bean 'securityConfig'
2025-04-26T22:20:22.225+02:00 TRACE 13448 --- [api-gateway] [    Test worker] o.s.b.f.s.DefaultListableBeanFactory     : Returning cached instance of singleton bean 'customRouteLocator'
2025-04-26T22:20:22.225+02:00 TRACE 13448 --- [api-gateway] [    Test worker] o.s.b.f.s.DefaultListableBeanFactory     : Returning cached instance of singleton bean 'org.springframework.security.config.annotation.web.reactive.ServerHttpSecurityConfiguration'
2025-04-26T22:20:22.225+02:00 TRACE 13448 --- [api-gateway] [    Test worker] o.s.b.f.s.DefaultListableBeanFactory     : Returning cached instance of singleton bean 'authenticationPrincipalArgumentResolverConfigurer'
2025-04-26T22:20:22.225+02:00 TRACE 13448 --- [api-gateway] [    Test worker] o.s.b.f.s.DefaultListableBeanFactory     : Returning cached instance of singleton bean 'authenticationPrincipalArgumentResolver'
2025-04-26T22:20:22.225+02:00 TRACE 13448 --- [api-gateway] [    Test worker] o.s.b.f.s.DefaultListableBeanFactory     : Returning cached instance of singleton bean 'reactiveCurrentSecurityContextArgumentResolver'
2025-04-26T22:20:22.225+02:00 TRACE 13448 --- [api-gateway] [    Test worker] o.s.b.f.s.DefaultListableBeanFactory     : Returning cached instance of singleton bean 'org.springframework.security.config.annotation.web.reactive.WebFluxSecurityConfiguration'
2025-04-26T22:20:22.225+02:00 TRACE 13448 --- [api-gateway] [    Test worker] o.s.b.f.s.DefaultListableBeanFactory     : Returning cached instance of singleton bean 'org.springframework.security.config.annotation.web.reactive.WebFluxSecurityConfiguration.WebFilterChainFilter'
2025-04-26T22:20:22.225+02:00 TRACE 13448 --- [api-gateway] [    Test worker] o.s.b.f.s.DefaultListableBeanFactory     : Returning cached instance of singleton bean 'requestDataValueProcessor'
2025-04-26T22:20:22.225+02:00 TRACE 13448 --- [api-gateway] [    Test worker] o.s.b.f.s.DefaultListableBeanFactory     : Returning cached instance of singleton bean 'conversionServicePostProcessor'
2025-04-26T22:20:22.225+02:00 TRACE 13448 --- [api-gateway] [    Test worker] o.s.b.f.s.DefaultListableBeanFactory     : Returning cached instance of singleton bean 'org.springframework.security.config.annotation.web.reactive.ReactiveObservationConfiguration'
2025-04-26T22:20:22.225+02:00 TRACE 13448 --- [api-gateway] [    Test worker] o.s.b.f.s.DefaultListableBeanFactory     : Returning cached instance of singleton bean 'webAuthorizationManagerPostProcessor'
2025-04-26T22:20:22.225+02:00 TRACE 13448 --- [api-gateway] [    Test worker] o.s.b.f.s.DefaultListableBeanFactory     : Returning cached instance of singleton bean 'reactiveAuthenticationManagerPostProcessor'
2025-04-26T22:20:22.225+02:00 TRACE 13448 --- [api-gateway] [    Test worker] o.s.b.f.s.DefaultListableBeanFactory     : Returning cached instance of singleton bean 'filterChainDecoratorPostProcessor'
2025-04-26T22:20:22.225+02:00 TRACE 13448 --- [api-gateway] [    Test worker] o.s.b.f.s.DefaultListableBeanFactory     : Returning cached instance of singleton bean '_prePostMethodSecurityConfiguration'
2025-04-26T22:20:22.225+02:00 TRACE 13448 --- [api-gateway] [    Test worker] o.s.b.f.s.DefaultListableBeanFactory     : Returning cached instance of singleton bean 'preFilterAuthorizationMethodInterceptor'
2025-04-26T22:20:22.225+02:00 TRACE 13448 --- [api-gateway] [    Test worker] o.s.b.f.s.DefaultListableBeanFactory     : Returning cached instance of singleton bean 'preAuthorizeAuthorizationMethodInterceptor'
2025-04-26T22:20:22.225+02:00 TRACE 13448 --- [api-gateway] [    Test worker] o.s.b.f.s.DefaultListableBeanFactory     : Returning cached instance of singleton bean 'postAuthorizeAuthorizationMethodInterceptor'
2025-04-26T22:20:22.225+02:00 TRACE 13448 --- [api-gateway] [    Test worker] o.s.b.f.s.DefaultListableBeanFactory     : Returning cached instance of singleton bean 'postFilterAuthorizationMethodInterceptor'
2025-04-26T22:20:22.225+02:00 TRACE 13448 --- [api-gateway] [    Test worker] o.s.b.f.s.DefaultListableBeanFactory     : Returning cached instance of singleton bean 'prePostAuthorizeExpressionHintsRegistrar'
2025-04-26T22:20:22.225+02:00 TRACE 13448 --- [api-gateway] [    Test worker] o.s.b.f.s.DefaultListableBeanFactory     : Returning cached instance of singleton bean '_jsr250MethodSecurityConfiguration'
2025-04-26T22:20:22.225+02:00 TRACE 13448 --- [api-gateway] [    Test worker] o.s.b.f.s.DefaultListableBeanFactory     : Returning cached instance of singleton bean 'jsr250AuthorizationMethodInterceptor'
2025-04-26T22:20:22.225+02:00 TRACE 13448 --- [api-gateway] [    Test worker] o.s.b.f.s.DefaultListableBeanFactory     : Returning cached instance of singleton bean 'org.springframework.security.config.annotation.method.configuration.AuthorizationProxyConfiguration'
2025-04-26T22:20:22.225+02:00 TRACE 13448 --- [api-gateway] [    Test worker] o.s.b.f.s.DefaultListableBeanFactory     : Returning cached instance of singleton bean 'authorizationProxyFactory'
2025-04-26T22:20:22.225+02:00 TRACE 13448 --- [api-gateway] [    Test worker] o.s.b.f.s.DefaultListableBeanFactory     : Returning cached instance of singleton bean 'authorizeReturnObjectMethodInterceptor'
2025-04-26T22:20:22.225+02:00 TRACE 13448 --- [api-gateway] [    Test worker] o.s.b.f.s.DefaultListableBeanFactory     : Returning cached instance of singleton bean 'authorizeReturnObjectHintsRegistrar'
2025-04-26T22:20:22.225+02:00 TRACE 13448 --- [api-gateway] [    Test worker] o.s.b.f.s.DefaultListableBeanFactory     : Returning cached instance of singleton bean 'org.springframework.security.config.annotation.method.configuration.MethodObservationConfiguration'
2025-04-26T22:20:22.225+02:00 TRACE 13448 --- [api-gateway] [    Test worker] o.s.b.f.s.DefaultListableBeanFactory     : Returning cached instance of singleton bean 'methodAuthorizationManagerPostProcessor'
2025-04-26T22:20:22.225+02:00 TRACE 13448 --- [api-gateway] [    Test worker] o.s.b.f.s.DefaultListableBeanFactory     : Returning cached instance of singleton bean 'methodResultAuthorizationManagerPostProcessor'
2025-04-26T22:20:22.225+02:00 TRACE 13448 --- [api-gateway] [    Test worker] o.s.b.f.s.DefaultListableBeanFactory     : Returning cached instance of singleton bean 'securityWebFilterChain'
2025-04-26T22:20:22.225+02:00 TRACE 13448 --- [api-gateway] [    Test worker] o.s.b.f.s.DefaultListableBeanFactory     : Returning cached instance of singleton bean 'corsConfigurationSource'
2025-04-26T22:20:22.225+02:00 TRACE 13448 --- [api-gateway] [    Test worker] o.s.b.f.s.DefaultListableBeanFactory     : Returning cached instance of singleton bean 'org.springframework.aop.config.internalAutoProxyCreator'
2025-04-26T22:20:22.225+02:00 TRACE 13448 --- [api-gateway] [    Test worker] o.s.b.f.s.DefaultListableBeanFactory     : Returning cached instance of singleton bean 'preFilterAuthorizationAdvisor'
2025-04-26T22:20:22.225+02:00 TRACE 13448 --- [api-gateway] [    Test worker] o.s.b.f.s.DefaultListableBeanFactory     : Returning cached instance of singleton bean 'preAuthorizeAuthorizationAdvisor'
2025-04-26T22:20:22.225+02:00 TRACE 13448 --- [api-gateway] [    Test worker] o.s.b.f.s.DefaultListableBeanFactory     : Returning cached instance of singleton bean 'postFilterAuthorizationAdvisor'
2025-04-26T22:20:22.225+02:00 TRACE 13448 --- [api-gateway] [    Test worker] o.s.b.f.s.DefaultListableBeanFactory     : Returning cached instance of singleton bean 'postAuthorizeAuthorizationAdvisor'
2025-04-26T22:20:22.225+02:00 TRACE 13448 --- [api-gateway] [    Test worker] o.s.b.f.s.DefaultListableBeanFactory     : Returning cached instance of singleton bean 'jsr250AuthorizationAdvisor'
2025-04-26T22:20:22.225+02:00 TRACE 13448 --- [api-gateway] [    Test worker] o.s.b.f.s.DefaultListableBeanFactory     : Returning cached instance of singleton bean 'authorizeReturnObjectAdvisor'
2025-04-26T22:20:22.225+02:00 TRACE 13448 --- [api-gateway] [    Test worker] o.s.b.f.s.DefaultListableBeanFactory     : Returning cached instance of singleton bean 'org.springframework.boot.autoconfigure.AutoConfigurationPackages'
2025-04-26T22:20:22.225+02:00 TRACE 13448 --- [api-gateway] [    Test worker] o.s.b.f.s.DefaultListableBeanFactory     : Returning cached instance of singleton bean 'org.springframework.boot.autoconfigure.context.PropertyPlaceholderAutoConfiguration'
2025-04-26T22:20:22.225+02:00 TRACE 13448 --- [api-gateway] [    Test worker] o.s.b.f.s.DefaultListableBeanFactory     : Returning cached instance of singleton bean 'propertySourcesPlaceholderConfigurer'
2025-04-26T22:20:22.225+02:00 TRACE 13448 --- [api-gateway] [    Test worker] o.s.b.f.s.DefaultListableBeanFactory     : Returning cached instance of singleton bean 'org.springframework.boot.autoconfigure.reactor.netty.ReactorNettyConfigurations$ReactorResourceFactoryConfiguration'
2025-04-26T22:20:22.225+02:00 TRACE 13448 --- [api-gateway] [    Test worker] o.s.b.f.s.DefaultListableBeanFactory     : Returning cached instance of singleton bean 'reactorResourceFactory'
2025-04-26T22:20:22.225+02:00 TRACE 13448 --- [api-gateway] [    Test worker] o.s.b.f.s.DefaultListableBeanFactory     : Returning cached instance of singleton bean 'org.springframework.boot.context.properties.ConfigurationPropertiesBindingPostProcessor'
2025-04-26T22:20:22.225+02:00 TRACE 13448 --- [api-gateway] [    Test worker] o.s.b.f.s.DefaultListableBeanFactory     : Returning cached instance of singleton bean 'org.springframework.boot.context.internalConfigurationPropertiesBinder'
2025-04-26T22:20:22.225+02:00 TRACE 13448 --- [api-gateway] [    Test worker] o.s.b.f.s.DefaultListableBeanFactory     : Returning cached instance of singleton bean 'org.springframework.boot.context.internalConfigurationPropertiesBinder'
2025-04-26T22:20:22.225+02:00 TRACE 13448 --- [api-gateway] [    Test worker] o.s.b.f.s.DefaultListableBeanFactory     : Returning cached instance of singleton bean 'org.springframework.boot.context.properties.BoundConfigurationProperties'
2025-04-26T22:20:22.225+02:00 TRACE 13448 --- [api-gateway] [    Test worker] o.s.b.f.s.DefaultListableBeanFactory     : Returning cached instance of singleton bean 'org.springframework.boot.context.properties.EnableConfigurationPropertiesRegistrar.methodValidationExcludeFilter'
2025-04-26T22:20:22.225+02:00 TRACE 13448 --- [api-gateway] [    Test worker] o.s.b.f.s.DefaultListableBeanFactory     : Returning cached instance of singleton bean 'spring.reactor.netty-org.springframework.boot.autoconfigure.reactor.netty.ReactorNettyProperties'
2025-04-26T22:20:22.225+02:00 TRACE 13448 --- [api-gateway] [    Test worker] o.s.b.f.s.DefaultListableBeanFactory     : Returning cached instance of singleton bean 'org.springframework.boot.autoconfigure.web.reactive.ReactiveWebServerFactoryConfiguration$EmbeddedNetty'
2025-04-26T22:20:22.225+02:00 TRACE 13448 --- [api-gateway] [    Test worker] o.s.b.f.s.DefaultListableBeanFactory     : Returning cached instance of singleton bean 'nettyReactiveWebServerFactory'
2025-04-26T22:20:22.225+02:00 TRACE 13448 --- [api-gateway] [    Test worker] o.s.b.f.s.DefaultListableBeanFactory     : Returning cached instance of singleton bean 'org.springframework.boot.autoconfigure.web.reactive.ReactiveWebServerFactoryAutoConfiguration'
2025-04-26T22:20:22.225+02:00 TRACE 13448 --- [api-gateway] [    Test worker] o.s.b.f.s.DefaultListableBeanFactory     : Returning cached instance of singleton bean 'reactiveWebServerFactoryCustomizer'
2025-04-26T22:20:22.226+02:00 TRACE 13448 --- [api-gateway] [    Test worker] o.s.b.f.s.DefaultListableBeanFactory     : Returning cached instance of singleton bean 'server-org.springframework.boot.autoconfigure.web.ServerProperties'
2025-04-26T22:20:22.226+02:00 TRACE 13448 --- [api-gateway] [    Test worker] o.s.b.f.s.DefaultListableBeanFactory     : Returning cached instance of singleton bean 'webServerFactoryCustomizerBeanPostProcessor'
2025-04-26T22:20:22.226+02:00 TRACE 13448 --- [api-gateway] [    Test worker] o.s.b.f.s.DefaultListableBeanFactory     : Returning cached instance of singleton bean 'org.springframework.boot.autoconfigure.jackson.JacksonAutoConfiguration$Jackson2ObjectMapperBuilderCustomizerConfiguration'
2025-04-26T22:20:22.226+02:00 TRACE 13448 --- [api-gateway] [    Test worker] o.s.b.f.s.DefaultListableBeanFactory     : Returning cached instance of singleton bean 'standardJacksonObjectMapperBuilderCustomizer'
2025-04-26T22:20:22.226+02:00 TRACE 13448 --- [api-gateway] [    Test worker] o.s.b.f.s.DefaultListableBeanFactory     : Returning cached instance of singleton bean 'spring.jackson-org.springframework.boot.autoconfigure.jackson.JacksonProperties'
2025-04-26T22:20:22.226+02:00 TRACE 13448 --- [api-gateway] [    Test worker] o.s.b.f.s.DefaultListableBeanFactory     : Returning cached instance of singleton bean 'org.springframework.boot.autoconfigure.jackson.JacksonAutoConfiguration$JacksonObjectMapperBuilderConfiguration'
2025-04-26T22:20:22.226+02:00 TRACE 13448 --- [api-gateway] [    Test worker] o.s.b.f.s.DefaultListableBeanFactory     : Returning cached instance of singleton bean 'org.springframework.boot.autoconfigure.jackson.JacksonAutoConfiguration$ParameterNamesModuleConfiguration'
2025-04-26T22:20:22.226+02:00 TRACE 13448 --- [api-gateway] [    Test worker] o.s.b.f.s.DefaultListableBeanFactory     : Returning cached instance of singleton bean 'parameterNamesModule'
2025-04-26T22:20:22.226+02:00 TRACE 13448 --- [api-gateway] [    Test worker] o.s.b.f.s.DefaultListableBeanFactory     : Returning cached instance of singleton bean 'org.springframework.boot.autoconfigure.jackson.JacksonAutoConfiguration$JacksonObjectMapperConfiguration'
2025-04-26T22:20:22.226+02:00 TRACE 13448 --- [api-gateway] [    Test worker] o.s.b.f.s.DefaultListableBeanFactory     : Returning cached instance of singleton bean 'jacksonObjectMapper'
2025-04-26T22:20:22.226+02:00 TRACE 13448 --- [api-gateway] [    Test worker] o.s.b.f.s.DefaultListableBeanFactory     : Returning cached instance of singleton bean 'org.springframework.boot.autoconfigure.jackson.JacksonAutoConfiguration$JacksonMixinConfiguration'
2025-04-26T22:20:22.226+02:00 TRACE 13448 --- [api-gateway] [    Test worker] o.s.b.f.s.DefaultListableBeanFactory     : Returning cached instance of singleton bean 'jsonMixinModuleEntries'
2025-04-26T22:20:22.226+02:00 TRACE 13448 --- [api-gateway] [    Test worker] o.s.b.f.s.DefaultListableBeanFactory     : Returning cached instance of singleton bean 'jsonMixinModule'
2025-04-26T22:20:22.226+02:00 TRACE 13448 --- [api-gateway] [    Test worker] o.s.b.f.s.DefaultListableBeanFactory     : Returning cached instance of singleton bean 'org.springframework.boot.autoconfigure.jackson.JacksonAutoConfiguration'
2025-04-26T22:20:22.226+02:00 TRACE 13448 --- [api-gateway] [    Test worker] o.s.b.f.s.DefaultListableBeanFactory     : Returning cached instance of singleton bean 'jsonComponentModule'
2025-04-26T22:20:22.226+02:00 TRACE 13448 --- [api-gateway] [    Test worker] o.s.b.f.s.DefaultListableBeanFactory     : Returning cached instance of singleton bean 'org.springframework.boot.autoconfigure.http.codec.CodecsAutoConfiguration$DefaultCodecsConfiguration'
2025-04-26T22:20:22.226+02:00 TRACE 13448 --- [api-gateway] [    Test worker] o.s.b.f.s.DefaultListableBeanFactory     : Returning cached instance of singleton bean 'defaultCodecCustomizer'
2025-04-26T22:20:22.226+02:00 TRACE 13448 --- [api-gateway] [    Test worker] o.s.b.f.s.DefaultListableBeanFactory     : Returning cached instance of singleton bean 'org.springframework.boot.autoconfigure.http.codec.CodecsAutoConfiguration$JacksonCodecConfiguration'
2025-04-26T22:20:22.226+02:00 TRACE 13448 --- [api-gateway] [    Test worker] o.s.b.f.s.DefaultListableBeanFactory     : Returning cached instance of singleton bean 'jacksonCodecCustomizer'
2025-04-26T22:20:22.226+02:00 TRACE 13448 --- [api-gateway] [    Test worker] o.s.b.f.s.DefaultListableBeanFactory     : Returning cached instance of singleton bean 'org.springframework.boot.autoconfigure.http.codec.CodecsAutoConfiguration'
2025-04-26T22:20:22.226+02:00 TRACE 13448 --- [api-gateway] [    Test worker] o.s.b.f.s.DefaultListableBeanFactory     : Returning cached instance of singleton bean 'spring.codec-org.springframework.boot.autoconfigure.codec.CodecProperties'
2025-04-26T22:20:22.226+02:00 TRACE 13448 --- [api-gateway] [    Test worker] o.s.b.f.s.DefaultListableBeanFactory     : Returning cached instance of singleton bean 'org.springframework.boot.autoconfigure.validation.ValidationAutoConfiguration'
2025-04-26T22:20:22.226+02:00 TRACE 13448 --- [api-gateway] [    Test worker] o.s.b.f.s.DefaultListableBeanFactory     : Returning cached instance of singleton bean 'defaultValidator'
2025-04-26T22:20:22.226+02:00 TRACE 13448 --- [api-gateway] [    Test worker] o.s.b.f.s.DefaultListableBeanFactory     : Returning cached instance of singleton bean 'methodValidationPostProcessor'
2025-04-26T22:20:22.226+02:00 TRACE 13448 --- [api-gateway] [    Test worker] o.s.b.f.s.DefaultListableBeanFactory     : Returning cached instance of singleton bean 'org.springframework.boot.autoconfigure.web.reactive.ReactiveMultipartAutoConfiguration'
2025-04-26T22:20:22.226+02:00 TRACE 13448 --- [api-gateway] [    Test worker] o.s.b.f.s.DefaultListableBeanFactory     : Returning cached instance of singleton bean 'defaultPartHttpMessageReaderCustomizer'
2025-04-26T22:20:22.226+02:00 TRACE 13448 --- [api-gateway] [    Test worker] o.s.b.f.s.DefaultListableBeanFactory     : Returning cached instance of singleton bean 'spring.webflux.multipart-org.springframework.boot.autoconfigure.web.reactive.ReactiveMultipartProperties'
2025-04-26T22:20:22.226+02:00 TRACE 13448 --- [api-gateway] [    Test worker] o.s.b.f.s.DefaultListableBeanFactory     : Returning cached instance of singleton bean 'org.springframework.boot.autoconfigure.web.reactive.WebSessionIdResolverAutoConfiguration'
2025-04-26T22:20:22.226+02:00 TRACE 13448 --- [api-gateway] [    Test worker] o.s.b.f.s.DefaultListableBeanFactory     : Returning cached instance of singleton bean 'webSessionIdResolver'
2025-04-26T22:20:22.226+02:00 TRACE 13448 --- [api-gateway] [    Test worker] o.s.b.f.s.DefaultListableBeanFactory     : Returning cached instance of singleton bean 'spring.webflux-org.springframework.boot.autoconfigure.web.reactive.WebFluxProperties'
2025-04-26T22:20:22.226+02:00 TRACE 13448 --- [api-gateway] [    Test worker] o.s.b.f.s.DefaultListableBeanFactory     : Returning cached instance of singleton bean 'org.springframework.boot.autoconfigure.web.reactive.error.ErrorWebFluxAutoConfiguration'
2025-04-26T22:20:22.226+02:00 TRACE 13448 --- [api-gateway] [    Test worker] o.s.b.f.s.DefaultListableBeanFactory     : Returning cached instance of singleton bean 'errorWebExceptionHandler'
2025-04-26T22:20:22.226+02:00 TRACE 13448 --- [api-gateway] [    Test worker] o.s.b.f.s.DefaultListableBeanFactory     : Returning cached instance of singleton bean 'errorAttributes'
2025-04-26T22:20:22.226+02:00 TRACE 13448 --- [api-gateway] [    Test worker] o.s.b.f.s.DefaultListableBeanFactory     : Returning cached instance of singleton bean 'spring.web-org.springframework.boot.autoconfigure.web.WebProperties'
2025-04-26T22:20:22.226+02:00 TRACE 13448 --- [api-gateway] [    Test worker] o.s.b.f.s.DefaultListableBeanFactory     : Returning cached instance of singleton bean 'org.springframework.cloud.gateway.config.GatewayClassPathWarningAutoConfiguration'
2025-04-26T22:20:22.226+02:00 TRACE 13448 --- [api-gateway] [    Test worker] o.s.b.f.s.DefaultListableBeanFactory     : Returning cached instance of singleton bean 'org.springframework.cloud.loadbalancer.config.LoadBalancerAutoConfiguration'
2025-04-26T22:20:22.226+02:00 TRACE 13448 --- [api-gateway] [    Test worker] o.s.b.f.s.DefaultListableBeanFactory     : Returning cached instance of singleton bean 'zoneConfig'
2025-04-26T22:20:22.226+02:00 TRACE 13448 --- [api-gateway] [    Test worker] o.s.b.f.s.DefaultListableBeanFactory     : Returning cached instance of singleton bean 'loadBalancerClientFactory'
2025-04-26T22:20:22.226+02:00 TRACE 13448 --- [api-gateway] [    Test worker] o.s.b.f.s.DefaultListableBeanFactory     : Returning cached instance of singleton bean 'loadBalancerEagerContextInitializer'
2025-04-26T22:20:22.226+02:00 TRACE 13448 --- [api-gateway] [    Test worker] o.s.b.f.s.DefaultListableBeanFactory     : Returning cached instance of singleton bean 'loadBalancerChildContextInitializer'
2025-04-26T22:20:22.226+02:00 TRACE 13448 --- [api-gateway] [    Test worker] o.s.b.f.s.DefaultListableBeanFactory     : Returning cached instance of singleton bean 'default.org.springframework.cloud.loadbalancer.config.LoadBalancerAutoConfiguration.LoadBalancerClientSpecification'
2025-04-26T22:20:22.226+02:00 TRACE 13448 --- [api-gateway] [    Test worker] o.s.b.f.s.DefaultListableBeanFactory     : Returning cached instance of singleton bean 'spring.cloud.loadbalancer.eager-load-org.springframework.cloud.client.loadbalancer.LoadBalancerEagerLoadProperties'
2025-04-26T22:20:22.226+02:00 TRACE 13448 --- [api-gateway] [    Test worker] o.s.b.f.s.DefaultListableBeanFactory     : Returning cached instance of singleton bean 'spring.cloud.loadbalancer-org.springframework.cloud.client.loadbalancer.LoadBalancerClientsProperties'
2025-04-26T22:20:22.226+02:00 TRACE 13448 --- [api-gateway] [    Test worker] o.s.b.f.s.DefaultListableBeanFactory     : Returning cached instance of singleton bean 'org.springframework.cloud.gateway.config.GatewayReactiveLoadBalancerClientAutoConfiguration'
2025-04-26T22:20:22.226+02:00 TRACE 13448 --- [api-gateway] [    Test worker] o.s.b.f.s.DefaultListableBeanFactory     : Returning cached instance of singleton bean 'gatewayLoadBalancerClientFilter'
2025-04-26T22:20:22.226+02:00 TRACE 13448 --- [api-gateway] [    Test worker] o.s.b.f.s.DefaultListableBeanFactory     : Returning cached instance of singleton bean 'loadBalancerServiceInstanceCookieFilter'
2025-04-26T22:20:22.226+02:00 TRACE 13448 --- [api-gateway] [    Test worker] o.s.b.f.s.DefaultListableBeanFactory     : Returning cached instance of singleton bean 'spring.cloud.gateway.loadbalancer-org.springframework.cloud.gateway.config.GatewayLoadBalancerProperties'
2025-04-26T22:20:22.226+02:00 TRACE 13448 --- [api-gateway] [    Test worker] o.s.b.f.s.DefaultListableBeanFactory     : Returning cached instance of singleton bean 'org.springframework.cloud.client.discovery.composite.CompositeDiscoveryClientAutoConfiguration'
2025-04-26T22:20:22.226+02:00 TRACE 13448 --- [api-gateway] [    Test worker] o.s.b.f.s.DefaultListableBeanFactory     : Returning cached instance of singleton bean 'compositeDiscoveryClient'
2025-04-26T22:20:22.226+02:00 TRACE 13448 --- [api-gateway] [    Test worker] o.s.b.f.s.DefaultListableBeanFactory     : Returning cached instance of singleton bean 'org.springframework.cloud.gateway.discovery.GatewayDiscoveryClientAutoConfiguration$ReactiveDiscoveryClientRouteDefinitionLocatorConfiguration'
2025-04-26T22:20:22.226+02:00 TRACE 13448 --- [api-gateway] [    Test worker] o.s.b.f.s.DefaultListableBeanFactory     : Returning cached instance of singleton bean 'org.springframework.cloud.gateway.discovery.GatewayDiscoveryClientAutoConfiguration'
2025-04-26T22:20:22.226+02:00 TRACE 13448 --- [api-gateway] [    Test worker] o.s.b.f.s.DefaultListableBeanFactory     : Returning cached instance of singleton bean 'discoveryLocatorProperties'
2025-04-26T22:20:22.226+02:00 TRACE 13448 --- [api-gateway] [    Test worker] o.s.b.f.s.DefaultListableBeanFactory     : Returning cached instance of singleton bean 'org.springframework.cloud.gateway.config.GatewayAutoConfiguration$NettyConfiguration'
2025-04-26T22:20:22.226+02:00 TRACE 13448 --- [api-gateway] [    Test worker] o.s.b.f.s.DefaultListableBeanFactory     : Returning cached instance of singleton bean 'httpClientSslConfigurer'
2025-04-26T22:20:22.226+02:00 TRACE 13448 --- [api-gateway] [    Test worker] o.s.b.f.s.DefaultListableBeanFactory     : Returning cached instance of singleton bean 'gatewayHttpClientFactory'
2025-04-26T22:20:22.226+02:00 TRACE 13448 --- [api-gateway] [    Test worker] o.s.b.f.s.DefaultListableBeanFactory     : Returning cached instance of singleton bean 'gatewayHttpClientFactory'
2025-04-26T22:20:22.226+02:00 TRACE 13448 --- [api-gateway] [    Test worker] o.s.b.f.s.DefaultListableBeanFactory     : Returning cached instance of singleton bean 'httpClientProperties'
2025-04-26T22:20:22.226+02:00 TRACE 13448 --- [api-gateway] [    Test worker] o.s.b.f.s.DefaultListableBeanFactory     : Returning cached instance of singleton bean 'routingFilter'
2025-04-26T22:20:22.226+02:00 TRACE 13448 --- [api-gateway] [    Test worker] o.s.b.f.s.DefaultListableBeanFactory     : Returning cached instance of singleton bean 'nettyWriteResponseFilter'
2025-04-26T22:20:22.226+02:00 TRACE 13448 --- [api-gateway] [    Test worker] o.s.b.f.s.DefaultListableBeanFactory     : Returning cached instance of singleton bean 'reactorNettyWebSocketClient'
2025-04-26T22:20:22.226+02:00 TRACE 13448 --- [api-gateway] [    Test worker] o.s.b.f.s.DefaultListableBeanFactory     : Returning cached instance of singleton bean 'reactorNettyRequestUpgradeStrategy'
2025-04-26T22:20:22.226+02:00 TRACE 13448 --- [api-gateway] [    Test worker] o.s.b.f.s.DefaultListableBeanFactory     : Returning cached instance of singleton bean 'org.springframework.cloud.gateway.config.GatewayAutoConfiguration'
2025-04-26T22:20:22.226+02:00 TRACE 13448 --- [api-gateway] [    Test worker] o.s.b.f.s.DefaultListableBeanFactory     : Returning cached instance of singleton bean 'stringToZonedDateTimeConverter'
2025-04-26T22:20:22.226+02:00 TRACE 13448 --- [api-gateway] [    Test worker] o.s.b.f.s.DefaultListableBeanFactory     : Returning cached instance of singleton bean 'deprecatedKeyValueConverter'
2025-04-26T22:20:22.226+02:00 TRACE 13448 --- [api-gateway] [    Test worker] o.s.b.f.s.DefaultListableBeanFactory     : Returning cached instance of singleton bean 'keyValueConverter'
2025-04-26T22:20:22.226+02:00 TRACE 13448 --- [api-gateway] [    Test worker] o.s.b.f.s.DefaultListableBeanFactory     : Returning cached instance of singleton bean 'routeLocatorBuilder'
2025-04-26T22:20:22.226+02:00 TRACE 13448 --- [api-gateway] [    Test worker] o.s.b.f.s.DefaultListableBeanFactory     : Returning cached instance of singleton bean 'propertiesRouteDefinitionLocator'
2025-04-26T22:20:22.226+02:00 TRACE 13448 --- [api-gateway] [    Test worker] o.s.b.f.s.DefaultListableBeanFactory     : Returning cached instance of singleton bean 'inMemoryRouteDefinitionRepository'
2025-04-26T22:20:22.226+02:00 TRACE 13448 --- [api-gateway] [    Test worker] o.s.b.f.s.DefaultListableBeanFactory     : Returning cached instance of singleton bean 'routeDefinitionLocator'
2025-04-26T22:20:22.226+02:00 TRACE 13448 --- [api-gateway] [    Test worker] o.s.b.f.s.DefaultListableBeanFactory     : Returning cached instance of singleton bean 'gatewayConfigurationService'
2025-04-26T22:20:22.226+02:00 TRACE 13448 --- [api-gateway] [    Test worker] o.s.b.f.s.DefaultListableBeanFactory     : Returning cached instance of singleton bean 'routeDefinitionRouteLocator'
2025-04-26T22:20:22.226+02:00 TRACE 13448 --- [api-gateway] [    Test worker] o.s.b.f.s.DefaultListableBeanFactory     : Returning cached instance of singleton bean 'cachedCompositeRouteLocator'
2025-04-26T22:20:22.226+02:00 TRACE 13448 --- [api-gateway] [    Test worker] o.s.b.f.s.DefaultListableBeanFactory     : Returning cached instance of singleton bean 'routeRefreshListener'
2025-04-26T22:20:22.226+02:00 TRACE 13448 --- [api-gateway] [    Test worker] o.s.b.f.s.DefaultListableBeanFactory     : Returning cached instance of singleton bean 'filteringWebHandler'
2025-04-26T22:20:22.226+02:00 TRACE 13448 --- [api-gateway] [    Test worker] o.s.b.f.s.DefaultListableBeanFactory     : Returning cached instance of singleton bean 'globalCorsProperties'
2025-04-26T22:20:22.226+02:00 TRACE 13448 --- [api-gateway] [    Test worker] o.s.b.f.s.DefaultListableBeanFactory     : Returning cached instance of singleton bean 'corsGatewayFilterApplicationListener'
2025-04-26T22:20:22.226+02:00 TRACE 13448 --- [api-gateway] [    Test worker] o.s.b.f.s.DefaultListableBeanFactory     : Returning cached instance of singleton bean 'routePredicateHandlerMapping'
2025-04-26T22:20:22.226+02:00 TRACE 13448 --- [api-gateway] [    Test worker] o.s.b.f.s.DefaultListableBeanFactory     : Returning cached instance of singleton bean 'gatewayProperties'
2025-04-26T22:20:22.226+02:00 TRACE 13448 --- [api-gateway] [    Test worker] o.s.b.f.s.DefaultListableBeanFactory     : Returning cached instance of singleton bean 'secureHeadersProperties'
2025-04-26T22:20:22.227+02:00 TRACE 13448 --- [api-gateway] [    Test worker] o.s.b.f.s.DefaultListableBeanFactory     : Returning cached instance of singleton bean 'forwardedHeadersFilter'
2025-04-26T22:20:22.227+02:00 TRACE 13448 --- [api-gateway] [    Test worker] o.s.b.f.s.DefaultListableBeanFactory     : Returning cached instance of singleton bean 'removeHopByHopHeadersFilter'
2025-04-26T22:20:22.227+02:00 TRACE 13448 --- [api-gateway] [    Test worker] o.s.b.f.s.DefaultListableBeanFactory     : Returning cached instance of singleton bean 'xForwardedHeadersFilter'
2025-04-26T22:20:22.227+02:00 TRACE 13448 --- [api-gateway] [    Test worker] o.s.b.f.s.DefaultListableBeanFactory     : Returning cached instance of singleton bean 'gRPCRequestHeadersFilter'
2025-04-26T22:20:22.227+02:00 TRACE 13448 --- [api-gateway] [    Test worker] o.s.b.f.s.DefaultListableBeanFactory     : Returning cached instance of singleton bean 'gRPCResponseHeadersFilter'
2025-04-26T22:20:22.227+02:00 TRACE 13448 --- [api-gateway] [    Test worker] o.s.b.f.s.DefaultListableBeanFactory     : Returning cached instance of singleton bean 'transferEncodingNormalizationHeadersFilter'
2025-04-26T22:20:22.227+02:00 TRACE 13448 --- [api-gateway] [    Test worker] o.s.b.f.s.DefaultListableBeanFactory     : Returning cached instance of singleton bean 'adaptCachedBodyGlobalFilter'
2025-04-26T22:20:22.227+02:00 TRACE 13448 --- [api-gateway] [    Test worker] o.s.b.f.s.DefaultListableBeanFactory     : Returning cached instance of singleton bean 'removeCachedBodyFilter'
2025-04-26T22:20:22.227+02:00 TRACE 13448 --- [api-gateway] [    Test worker] o.s.b.f.s.DefaultListableBeanFactory     : Returning cached instance of singleton bean 'routeToRequestUrlFilter'
2025-04-26T22:20:22.227+02:00 TRACE 13448 --- [api-gateway] [    Test worker] o.s.b.f.s.DefaultListableBeanFactory     : Returning cached instance of singleton bean 'forwardRoutingFilter'
2025-04-26T22:20:22.227+02:00 TRACE 13448 --- [api-gateway] [    Test worker] o.s.b.f.s.DefaultListableBeanFactory     : Returning cached instance of singleton bean 'forwardPathFilter'
2025-04-26T22:20:22.227+02:00 TRACE 13448 --- [api-gateway] [    Test worker] o.s.b.f.s.DefaultListableBeanFactory     : Returning cached instance of singleton bean 'webSocketService'
2025-04-26T22:20:22.227+02:00 TRACE 13448 --- [api-gateway] [    Test worker] o.s.b.f.s.DefaultListableBeanFactory     : Returning cached instance of singleton bean 'websocketRoutingFilter'
2025-04-26T22:20:22.227+02:00 TRACE 13448 --- [api-gateway] [    Test worker] o.s.b.f.s.DefaultListableBeanFactory     : Returning cached instance of singleton bean 'weightCalculatorWebFilter'
2025-04-26T22:20:22.227+02:00 TRACE 13448 --- [api-gateway] [    Test worker] o.s.b.f.s.DefaultListableBeanFactory     : Returning cached instance of singleton bean 'afterRoutePredicateFactory'
2025-04-26T22:20:22.227+02:00 TRACE 13448 --- [api-gateway] [    Test worker] o.s.b.f.s.DefaultListableBeanFactory     : Returning cached instance of singleton bean 'beforeRoutePredicateFactory'
2025-04-26T22:20:22.227+02:00 TRACE 13448 --- [api-gateway] [    Test worker] o.s.b.f.s.DefaultListableBeanFactory     : Returning cached instance of singleton bean 'betweenRoutePredicateFactory'
2025-04-26T22:20:22.227+02:00 TRACE 13448 --- [api-gateway] [    Test worker] o.s.b.f.s.DefaultListableBeanFactory     : Returning cached instance of singleton bean 'cookieRoutePredicateFactory'
2025-04-26T22:20:22.227+02:00 TRACE 13448 --- [api-gateway] [    Test worker] o.s.b.f.s.DefaultListableBeanFactory     : Returning cached instance of singleton bean 'headerRoutePredicateFactory'
2025-04-26T22:20:22.227+02:00 TRACE 13448 --- [api-gateway] [    Test worker] o.s.b.f.s.DefaultListableBeanFactory     : Returning cached instance of singleton bean 'hostRoutePredicateFactory'
2025-04-26T22:20:22.227+02:00 TRACE 13448 --- [api-gateway] [    Test worker] o.s.b.f.s.DefaultListableBeanFactory     : Returning cached instance of singleton bean 'methodRoutePredicateFactory'
2025-04-26T22:20:22.227+02:00 TRACE 13448 --- [api-gateway] [    Test worker] o.s.b.f.s.DefaultListableBeanFactory     : Returning cached instance of singleton bean 'pathRoutePredicateFactory'
2025-04-26T22:20:22.227+02:00 TRACE 13448 --- [api-gateway] [    Test worker] o.s.b.f.s.DefaultListableBeanFactory     : Returning cached instance of singleton bean 'queryRoutePredicateFactory'
2025-04-26T22:20:22.227+02:00 TRACE 13448 --- [api-gateway] [    Test worker] o.s.b.f.s.DefaultListableBeanFactory     : Returning cached instance of singleton bean 'readBodyPredicateFactory'
2025-04-26T22:20:22.227+02:00 TRACE 13448 --- [api-gateway] [    Test worker] o.s.b.f.s.DefaultListableBeanFactory     : Returning cached instance of singleton bean 'remoteAddrRoutePredicateFactory'
2025-04-26T22:20:22.227+02:00 TRACE 13448 --- [api-gateway] [    Test worker] o.s.b.f.s.DefaultListableBeanFactory     : Returning cached instance of singleton bean 'xForwardedRemoteAddrRoutePredicateFactory'
2025-04-26T22:20:22.227+02:00 TRACE 13448 --- [api-gateway] [    Test worker] o.s.b.f.s.DefaultListableBeanFactory     : Returning cached instance of singleton bean 'weightRoutePredicateFactory'
2025-04-26T22:20:22.227+02:00 TRACE 13448 --- [api-gateway] [    Test worker] o.s.b.f.s.DefaultListableBeanFactory     : Returning cached instance of singleton bean 'cloudFoundryRouteServiceRoutePredicateFactory'
2025-04-26T22:20:22.227+02:00 TRACE 13448 --- [api-gateway] [    Test worker] o.s.b.f.s.DefaultListableBeanFactory     : Returning cached instance of singleton bean 'addRequestHeaderGatewayFilterFactory'
2025-04-26T22:20:22.227+02:00 TRACE 13448 --- [api-gateway] [    Test worker] o.s.b.f.s.DefaultListableBeanFactory     : Returning cached instance of singleton bean 'addRequestHeadersIfNotPresentGatewayFilterFactory'
2025-04-26T22:20:22.227+02:00 TRACE 13448 --- [api-gateway] [    Test worker] o.s.b.f.s.DefaultListableBeanFactory     : Returning cached instance of singleton bean 'mapRequestHeaderGatewayFilterFactory'
2025-04-26T22:20:22.227+02:00 TRACE 13448 --- [api-gateway] [    Test worker] o.s.b.f.s.DefaultListableBeanFactory     : Returning cached instance of singleton bean 'addRequestParameterGatewayFilterFactory'
2025-04-26T22:20:22.227+02:00 TRACE 13448 --- [api-gateway] [    Test worker] o.s.b.f.s.DefaultListableBeanFactory     : Returning cached instance of singleton bean 'addResponseHeaderGatewayFilterFactory'
2025-04-26T22:20:22.227+02:00 TRACE 13448 --- [api-gateway] [    Test worker] o.s.b.f.s.DefaultListableBeanFactory     : Returning cached instance of singleton bean 'modifyRequestBodyGatewayFilterFactory'
2025-04-26T22:20:22.227+02:00 TRACE 13448 --- [api-gateway] [    Test worker] o.s.b.f.s.DefaultListableBeanFactory     : Returning cached instance of singleton bean 'dedupeResponseHeaderGatewayFilterFactory'
2025-04-26T22:20:22.227+02:00 TRACE 13448 --- [api-gateway] [    Test worker] o.s.b.f.s.DefaultListableBeanFactory     : Returning cached instance of singleton bean 'modifyResponseBodyGatewayFilterFactory'
2025-04-26T22:20:22.227+02:00 TRACE 13448 --- [api-gateway] [    Test worker] o.s.b.f.s.DefaultListableBeanFactory     : Returning cached instance of singleton bean 'cacheRequestBodyGatewayFilterFactory'
2025-04-26T22:20:22.227+02:00 TRACE 13448 --- [api-gateway] [    Test worker] o.s.b.f.s.DefaultListableBeanFactory     : Returning cached instance of singleton bean 'prefixPathGatewayFilterFactory'
2025-04-26T22:20:22.227+02:00 TRACE 13448 --- [api-gateway] [    Test worker] o.s.b.f.s.DefaultListableBeanFactory     : Returning cached instance of singleton bean 'preserveHostHeaderGatewayFilterFactory'
2025-04-26T22:20:22.227+02:00 TRACE 13448 --- [api-gateway] [    Test worker] o.s.b.f.s.DefaultListableBeanFactory     : Returning cached instance of singleton bean 'redirectToGatewayFilterFactory'
2025-04-26T22:20:22.227+02:00 TRACE 13448 --- [api-gateway] [    Test worker] o.s.b.f.s.DefaultListableBeanFactory     : Returning cached instance of singleton bean 'removeJsonAttributesResponseBodyGatewayFilterFactory'
2025-04-26T22:20:22.227+02:00 TRACE 13448 --- [api-gateway] [    Test worker] o.s.b.f.s.DefaultListableBeanFactory     : Returning cached instance of singleton bean 'removeRequestHeaderGatewayFilterFactory'
2025-04-26T22:20:22.227+02:00 TRACE 13448 --- [api-gateway] [    Test worker] o.s.b.f.s.DefaultListableBeanFactory     : Returning cached instance of singleton bean 'removeRequestParameterGatewayFilterFactory'
2025-04-26T22:20:22.227+02:00 TRACE 13448 --- [api-gateway] [    Test worker] o.s.b.f.s.DefaultListableBeanFactory     : Returning cached instance of singleton bean 'removeResponseHeaderGatewayFilterFactory'
2025-04-26T22:20:22.227+02:00 TRACE 13448 --- [api-gateway] [    Test worker] o.s.b.f.s.DefaultListableBeanFactory     : Returning cached instance of singleton bean 'rewritePathGatewayFilterFactory'
2025-04-26T22:20:22.227+02:00 TRACE 13448 --- [api-gateway] [    Test worker] o.s.b.f.s.DefaultListableBeanFactory     : Returning cached instance of singleton bean 'retryGatewayFilterFactory'
2025-04-26T22:20:22.227+02:00 TRACE 13448 --- [api-gateway] [    Test worker] o.s.b.f.s.DefaultListableBeanFactory     : Returning cached instance of singleton bean 'setPathGatewayFilterFactory'
2025-04-26T22:20:22.227+02:00 TRACE 13448 --- [api-gateway] [    Test worker] o.s.b.f.s.DefaultListableBeanFactory     : Returning cached instance of singleton bean 'secureHeadersGatewayFilterFactory'
2025-04-26T22:20:22.227+02:00 TRACE 13448 --- [api-gateway] [    Test worker] o.s.b.f.s.DefaultListableBeanFactory     : Returning cached instance of singleton bean 'setRequestHeaderGatewayFilterFactory'
2025-04-26T22:20:22.227+02:00 TRACE 13448 --- [api-gateway] [    Test worker] o.s.b.f.s.DefaultListableBeanFactory     : Returning cached instance of singleton bean 'setRequestHostHeaderGatewayFilterFactory'
2025-04-26T22:20:22.227+02:00 TRACE 13448 --- [api-gateway] [    Test worker] o.s.b.f.s.DefaultListableBeanFactory     : Returning cached instance of singleton bean 'setResponseHeaderGatewayFilterFactory'
2025-04-26T22:20:22.227+02:00 TRACE 13448 --- [api-gateway] [    Test worker] o.s.b.f.s.DefaultListableBeanFactory     : Returning cached instance of singleton bean 'rewriteResponseHeaderGatewayFilterFactory'
2025-04-26T22:20:22.227+02:00 TRACE 13448 --- [api-gateway] [    Test worker] o.s.b.f.s.DefaultListableBeanFactory     : Returning cached instance of singleton bean 'rewriteLocationResponseHeaderGatewayFilterFactory'
2025-04-26T22:20:22.227+02:00 TRACE 13448 --- [api-gateway] [    Test worker] o.s.b.f.s.DefaultListableBeanFactory     : Returning cached instance of singleton bean 'setStatusGatewayFilterFactory'
2025-04-26T22:20:22.227+02:00 TRACE 13448 --- [api-gateway] [    Test worker] o.s.b.f.s.DefaultListableBeanFactory     : Returning cached instance of singleton bean 'saveSessionGatewayFilterFactory'
2025-04-26T22:20:22.227+02:00 TRACE 13448 --- [api-gateway] [    Test worker] o.s.b.f.s.DefaultListableBeanFactory     : Returning cached instance of singleton bean 'stripPrefixGatewayFilterFactory'
2025-04-26T22:20:22.227+02:00 TRACE 13448 --- [api-gateway] [    Test worker] o.s.b.f.s.DefaultListableBeanFactory     : Returning cached instance of singleton bean 'requestHeaderToRequestUriGatewayFilterFactory'
2025-04-26T22:20:22.227+02:00 TRACE 13448 --- [api-gateway] [    Test worker] o.s.b.f.s.DefaultListableBeanFactory     : Returning cached instance of singleton bean 'requestSizeGatewayFilterFactory'
2025-04-26T22:20:22.227+02:00 TRACE 13448 --- [api-gateway] [    Test worker] o.s.b.f.s.DefaultListableBeanFactory     : Returning cached instance of singleton bean 'requestHeaderSizeGatewayFilterFactory'
2025-04-26T22:20:22.227+02:00 TRACE 13448 --- [api-gateway] [    Test worker] o.s.b.f.s.DefaultListableBeanFactory     : Returning cached instance of singleton bean 'rewriteRequestParameterGatewayFilterFactory'
2025-04-26T22:20:22.227+02:00 TRACE 13448 --- [api-gateway] [    Test worker] o.s.b.f.s.DefaultListableBeanFactory     : Returning cached instance of singleton bean 'gzipMessageBodyResolver'
2025-04-26T22:20:22.227+02:00 TRACE 13448 --- [api-gateway] [    Test worker] o.s.b.f.s.DefaultListableBeanFactory     : Returning cached instance of singleton bean 'configurableHintsRegistrationProcessor'
2025-04-26T22:20:22.227+02:00 TRACE 13448 --- [api-gateway] [    Test worker] o.s.b.f.s.DefaultListableBeanFactory     : Returning cached instance of singleton bean 'org.springframework.boot.autoconfigure.web.reactive.WebFluxAutoConfiguration$EnableWebFluxConfiguration'
2025-04-26T22:20:22.227+02:00 TRACE 13448 --- [api-gateway] [    Test worker] o.s.b.f.s.DefaultListableBeanFactory     : Returning cached instance of singleton bean 'webFluxConversionService'
2025-04-26T22:20:22.227+02:00 TRACE 13448 --- [api-gateway] [    Test worker] o.s.b.f.s.DefaultListableBeanFactory     : Returning cached instance of singleton bean 'webFluxValidator'
2025-04-26T22:20:22.227+02:00 TRACE 13448 --- [api-gateway] [    Test worker] o.s.b.f.s.DefaultListableBeanFactory     : Returning cached instance of singleton bean 'localeContextResolver'
2025-04-26T22:20:22.227+02:00 TRACE 13448 --- [api-gateway] [    Test worker] o.s.b.f.s.DefaultListableBeanFactory     : Returning cached instance of singleton bean 'webSessionManager'
2025-04-26T22:20:22.227+02:00 TRACE 13448 --- [api-gateway] [    Test worker] o.s.b.f.s.DefaultListableBeanFactory     : Returning cached instance of singleton bean 'webHandler'
2025-04-26T22:20:22.227+02:00 TRACE 13448 --- [api-gateway] [    Test worker] o.s.b.f.s.DefaultListableBeanFactory     : Returning cached instance of singleton bean 'responseStatusExceptionHandler'
2025-04-26T22:20:22.227+02:00 TRACE 13448 --- [api-gateway] [    Test worker] o.s.b.f.s.DefaultListableBeanFactory     : Returning cached instance of singleton bean 'requestMappingHandlerMapping'
2025-04-26T22:20:22.227+02:00 TRACE 13448 --- [api-gateway] [    Test worker] o.s.b.f.s.DefaultListableBeanFactory     : Returning cached instance of singleton bean 'webFluxContentTypeResolver'
2025-04-26T22:20:22.227+02:00 TRACE 13448 --- [api-gateway] [    Test worker] o.s.b.f.s.DefaultListableBeanFactory     : Returning cached instance of singleton bean 'routerFunctionMapping'
2025-04-26T22:20:22.227+02:00 TRACE 13448 --- [api-gateway] [    Test worker] o.s.b.f.s.DefaultListableBeanFactory     : Returning cached instance of singleton bean 'resourceHandlerMapping'
2025-04-26T22:20:22.227+02:00 TRACE 13448 --- [api-gateway] [    Test worker] o.s.b.f.s.DefaultListableBeanFactory     : Returning cached instance of singleton bean 'resourceUrlProvider'
2025-04-26T22:20:22.227+02:00 TRACE 13448 --- [api-gateway] [    Test worker] o.s.b.f.s.DefaultListableBeanFactory     : Returning cached instance of singleton bean 'requestMappingHandlerAdapter'
2025-04-26T22:20:22.227+02:00 TRACE 13448 --- [api-gateway] [    Test worker] o.s.b.f.s.DefaultListableBeanFactory     : Returning cached instance of singleton bean 'serverCodecConfigurer'
2025-04-26T22:20:22.227+02:00 TRACE 13448 --- [api-gateway] [    Test worker] o.s.b.f.s.DefaultListableBeanFactory     : Returning cached instance of singleton bean 'webFluxAdapterRegistry'
2025-04-26T22:20:22.227+02:00 TRACE 13448 --- [api-gateway] [    Test worker] o.s.b.f.s.DefaultListableBeanFactory     : Returning cached instance of singleton bean 'handlerFunctionAdapter'
2025-04-26T22:20:22.227+02:00 TRACE 13448 --- [api-gateway] [    Test worker] o.s.b.f.s.DefaultListableBeanFactory     : Returning cached instance of singleton bean 'simpleHandlerAdapter'
2025-04-26T22:20:22.227+02:00 TRACE 13448 --- [api-gateway] [    Test worker] o.s.b.f.s.DefaultListableBeanFactory     : Returning cached instance of singleton bean 'webFluxWebSocketHandlerAdapter'
2025-04-26T22:20:22.227+02:00 TRACE 13448 --- [api-gateway] [    Test worker] o.s.b.f.s.DefaultListableBeanFactory     : Returning cached instance of singleton bean 'responseEntityResultHandler'
2025-04-26T22:20:22.227+02:00 TRACE 13448 --- [api-gateway] [    Test worker] o.s.b.f.s.DefaultListableBeanFactory     : Returning cached instance of singleton bean 'responseBodyResultHandler'
2025-04-26T22:20:22.227+02:00 TRACE 13448 --- [api-gateway] [    Test worker] o.s.b.f.s.DefaultListableBeanFactory     : Returning cached instance of singleton bean 'viewResolutionResultHandler'
2025-04-26T22:20:22.227+02:00 TRACE 13448 --- [api-gateway] [    Test worker] o.s.b.f.s.DefaultListableBeanFactory     : Returning cached instance of singleton bean 'serverResponseResultHandler'
2025-04-26T22:20:22.227+02:00 TRACE 13448 --- [api-gateway] [    Test worker] o.s.b.f.s.DefaultListableBeanFactory     : Returning cached instance of singleton bean 'org.springframework.boot.autoconfigure.web.reactive.WebFluxAutoConfiguration$WebFluxConfig'
2025-04-26T22:20:22.227+02:00 TRACE 13448 --- [api-gateway] [    Test worker] o.s.b.f.s.DefaultListableBeanFactory     : Returning cached instance of singleton bean 'org.springframework.boot.autoconfigure.web.reactive.WebFluxAutoConfiguration$WelcomePageConfiguration'
2025-04-26T22:20:22.227+02:00 TRACE 13448 --- [api-gateway] [    Test worker] o.s.b.f.s.DefaultListableBeanFactory     : Returning cached instance of singleton bean 'welcomePageRouterFunctionMapping'
2025-04-26T22:20:22.227+02:00 TRACE 13448 --- [api-gateway] [    Test worker] o.s.b.f.s.DefaultListableBeanFactory     : Returning cached instance of singleton bean 'org.springframework.boot.autoconfigure.web.reactive.WebFluxAutoConfiguration'
2025-04-26T22:20:22.227+02:00 TRACE 13448 --- [api-gateway] [    Test worker] o.s.b.f.s.DefaultListableBeanFactory     : Returning cached instance of singleton bean 'org.springframework.boot.autoconfigure.web.reactive.HttpHandlerAutoConfiguration$AnnotationConfig'
2025-04-26T22:20:22.227+02:00 TRACE 13448 --- [api-gateway] [    Test worker] o.s.b.f.s.DefaultListableBeanFactory     : Returning cached instance of singleton bean 'httpHandler'
2025-04-26T22:20:22.227+02:00 TRACE 13448 --- [api-gateway] [    Test worker] o.s.b.f.s.DefaultListableBeanFactory     : Returning cached instance of singleton bean 'org.springframework.boot.autoconfigure.web.reactive.HttpHandlerAutoConfiguration'
2025-04-26T22:20:22.227+02:00 TRACE 13448 --- [api-gateway] [    Test worker] o.s.b.f.s.DefaultListableBeanFactory     : Returning cached instance of singleton bean 'org.springframework.boot.autoconfigure.aop.AopAutoConfiguration$ClassProxyingConfiguration'
2025-04-26T22:20:22.227+02:00 TRACE 13448 --- [api-gateway] [    Test worker] o.s.b.f.s.DefaultListableBeanFactory     : Returning cached instance of singleton bean 'forceAutoProxyCreatorToUseClassProxying'
2025-04-26T22:20:22.227+02:00 TRACE 13448 --- [api-gateway] [    Test worker] o.s.b.f.s.DefaultListableBeanFactory     : Returning cached instance of singleton bean 'org.springframework.boot.autoconfigure.aop.AopAutoConfiguration'
2025-04-26T22:20:22.227+02:00 TRACE 13448 --- [api-gateway] [    Test worker] o.s.b.f.s.DefaultListableBeanFactory     : Returning cached instance of singleton bean 'org.springframework.boot.autoconfigure.availability.ApplicationAvailabilityAutoConfiguration'
2025-04-26T22:20:22.227+02:00 TRACE 13448 --- [api-gateway] [    Test worker] o.s.b.f.s.DefaultListableBeanFactory     : Returning cached instance of singleton bean 'applicationAvailability'
2025-04-26T22:20:22.228+02:00 TRACE 13448 --- [api-gateway] [    Test worker] o.s.b.f.s.DefaultListableBeanFactory     : Returning cached instance of singleton bean 'org.springframework.cloud.autoconfigure.RefreshAutoConfiguration$RefreshScopeBeanDefinitionEnhancer'
2025-04-26T22:20:22.228+02:00 TRACE 13448 --- [api-gateway] [    Test worker] o.s.b.f.s.DefaultListableBeanFactory     : Returning cached instance of singleton bean 'org.springframework.cloud.autoconfigure.RefreshAutoConfiguration'
2025-04-26T22:20:22.228+02:00 TRACE 13448 --- [api-gateway] [    Test worker] o.s.b.f.s.DefaultListableBeanFactory     : Returning cached instance of singleton bean 'refreshScope'
2025-04-26T22:20:22.228+02:00 TRACE 13448 --- [api-gateway] [    Test worker] o.s.b.f.s.DefaultListableBeanFactory     : Returning cached instance of singleton bean 'loggingRebinder'
2025-04-26T22:20:22.228+02:00 TRACE 13448 --- [api-gateway] [    Test worker] o.s.b.f.s.DefaultListableBeanFactory     : Returning cached instance of singleton bean 'configDataContextRefresher'
2025-04-26T22:20:22.228+02:00 TRACE 13448 --- [api-gateway] [    Test worker] o.s.b.f.s.DefaultListableBeanFactory     : Returning cached instance of singleton bean 'refreshScopeLifecycle'
2025-04-26T22:20:22.228+02:00 TRACE 13448 --- [api-gateway] [    Test worker] o.s.b.f.s.DefaultListableBeanFactory     : Returning cached instance of singleton bean 'refreshEventListener'
2025-04-26T22:20:22.228+02:00 TRACE 13448 --- [api-gateway] [    Test worker] o.s.b.f.s.DefaultListableBeanFactory     : Returning cached instance of singleton bean 'spring.cloud.refresh-org.springframework.cloud.autoconfigure.RefreshAutoConfiguration$RefreshProperties'
2025-04-26T22:20:22.228+02:00 TRACE 13448 --- [api-gateway] [    Test worker] o.s.b.f.s.DefaultListableBeanFactory     : Returning cached instance of singleton bean 'org.springframework.boot.autoconfigure.context.ConfigurationPropertiesAutoConfiguration'
2025-04-26T22:20:22.228+02:00 TRACE 13448 --- [api-gateway] [    Test worker] o.s.b.f.s.DefaultListableBeanFactory     : Returning cached instance of singleton bean 'org.springframework.boot.autoconfigure.context.LifecycleAutoConfiguration'
2025-04-26T22:20:22.228+02:00 TRACE 13448 --- [api-gateway] [    Test worker] o.s.b.f.s.DefaultListableBeanFactory     : Returning cached instance of singleton bean 'lifecycleProcessor'
2025-04-26T22:20:22.228+02:00 TRACE 13448 --- [api-gateway] [    Test worker] o.s.b.f.s.DefaultListableBeanFactory     : Returning cached instance of singleton bean 'spring.lifecycle-org.springframework.boot.autoconfigure.context.LifecycleProperties'
2025-04-26T22:20:22.228+02:00 TRACE 13448 --- [api-gateway] [    Test worker] o.s.b.f.s.DefaultListableBeanFactory     : Returning cached instance of singleton bean 'org.springframework.boot.autoconfigure.gson.GsonAutoConfiguration'
2025-04-26T22:20:22.228+02:00 TRACE 13448 --- [api-gateway] [    Test worker] o.s.b.f.s.DefaultListableBeanFactory     : Returning cached instance of singleton bean 'gsonBuilder'
2025-04-26T22:20:22.228+02:00 TRACE 13448 --- [api-gateway] [    Test worker] o.s.b.f.s.DefaultListableBeanFactory     : Returning cached instance of singleton bean 'gson'
2025-04-26T22:20:22.228+02:00 TRACE 13448 --- [api-gateway] [    Test worker] o.s.b.f.s.DefaultListableBeanFactory     : Returning cached instance of singleton bean 'standardGsonBuilderCustomizer'
2025-04-26T22:20:22.228+02:00 TRACE 13448 --- [api-gateway] [    Test worker] o.s.b.f.s.DefaultListableBeanFactory     : Returning cached instance of singleton bean 'spring.gson-org.springframework.boot.autoconfigure.gson.GsonProperties'
2025-04-26T22:20:22.228+02:00 TRACE 13448 --- [api-gateway] [    Test worker] o.s.b.f.s.DefaultListableBeanFactory     : Returning cached instance of singleton bean 'org.springframework.boot.autoconfigure.ssl.SslAutoConfiguration'
2025-04-26T22:20:22.228+02:00 TRACE 13448 --- [api-gateway] [    Test worker] o.s.b.f.s.DefaultListableBeanFactory     : Returning cached instance of singleton bean 'fileWatcher'
2025-04-26T22:20:22.228+02:00 TRACE 13448 --- [api-gateway] [    Test worker] o.s.b.f.s.DefaultListableBeanFactory     : Returning cached instance of singleton bean 'sslPropertiesSslBundleRegistrar'
2025-04-26T22:20:22.228+02:00 TRACE 13448 --- [api-gateway] [    Test worker] o.s.b.f.s.DefaultListableBeanFactory     : Returning cached instance of singleton bean 'sslBundleRegistry'
2025-04-26T22:20:22.228+02:00 TRACE 13448 --- [api-gateway] [    Test worker] o.s.b.f.s.DefaultListableBeanFactory     : Returning cached instance of singleton bean 'spring.ssl-org.springframework.boot.autoconfigure.ssl.SslProperties'
2025-04-26T22:20:22.228+02:00 TRACE 13448 --- [api-gateway] [    Test worker] o.s.b.f.s.DefaultListableBeanFactory     : Returning cached instance of singleton bean 'org.springframework.boot.autoconfigure.info.ProjectInfoAutoConfiguration'
2025-04-26T22:20:22.228+02:00 TRACE 13448 --- [api-gateway] [    Test worker] o.s.b.f.s.DefaultListableBeanFactory     : Returning cached instance of singleton bean 'spring.info-org.springframework.boot.autoconfigure.info.ProjectInfoProperties'
2025-04-26T22:20:22.228+02:00 TRACE 13448 --- [api-gateway] [    Test worker] o.s.b.f.s.DefaultListableBeanFactory     : Returning cached instance of singleton bean 'org.springframework.boot.autoconfigure.netty.NettyAutoConfiguration'
2025-04-26T22:20:22.228+02:00 TRACE 13448 --- [api-gateway] [    Test worker] o.s.b.f.s.DefaultListableBeanFactory     : Returning cached instance of singleton bean 'spring.netty-org.springframework.boot.autoconfigure.netty.NettyProperties'
2025-04-26T22:20:22.228+02:00 TRACE 13448 --- [api-gateway] [    Test worker] o.s.b.f.s.DefaultListableBeanFactory     : Returning cached instance of singleton bean 'org.springframework.boot.autoconfigure.reactor.ReactorAutoConfiguration'
2025-04-26T22:20:22.228+02:00 TRACE 13448 --- [api-gateway] [    Test worker] o.s.b.f.s.DefaultListableBeanFactory     : Returning cached instance of singleton bean 'spring.reactor-org.springframework.boot.autoconfigure.reactor.ReactorProperties'
2025-04-26T22:20:22.228+02:00 TRACE 13448 --- [api-gateway] [    Test worker] o.s.b.f.s.DefaultListableBeanFactory     : Returning cached instance of singleton bean 'org.springframework.boot.autoconfigure.security.oauth2.resource.reactive.ReactiveOAuth2ResourceServerJwkConfiguration$JwtConfiguration'
2025-04-26T22:20:22.228+02:00 TRACE 13448 --- [api-gateway] [    Test worker] o.s.b.f.s.DefaultListableBeanFactory     : Returning cached instance of singleton bean 'jwtDecoderByIssuerUri'
2025-04-26T22:20:22.228+02:00 TRACE 13448 --- [api-gateway] [    Test worker] o.s.b.f.s.DefaultListableBeanFactory     : Returning cached instance of singleton bean 'org.springframework.boot.autoconfigure.security.oauth2.resource.reactive.ReactiveOAuth2ResourceServerConfiguration$JwtConfiguration'
2025-04-26T22:20:22.228+02:00 TRACE 13448 --- [api-gateway] [    Test worker] o.s.b.f.s.DefaultListableBeanFactory     : Returning cached instance of singleton bean 'org.springframework.boot.autoconfigure.security.oauth2.resource.reactive.ReactiveOAuth2ResourceServerOpaqueTokenConfiguration$OpaqueTokenIntrospectionClientConfiguration'
2025-04-26T22:20:22.228+02:00 TRACE 13448 --- [api-gateway] [    Test worker] o.s.b.f.s.DefaultListableBeanFactory     : Returning cached instance of singleton bean 'org.springframework.boot.autoconfigure.security.oauth2.resource.reactive.ReactiveOAuth2ResourceServerConfiguration$OpaqueTokenConfiguration'
2025-04-26T22:20:22.228+02:00 TRACE 13448 --- [api-gateway] [    Test worker] o.s.b.f.s.DefaultListableBeanFactory     : Returning cached instance of singleton bean 'org.springframework.boot.autoconfigure.security.oauth2.resource.reactive.ReactiveOAuth2ResourceServerAutoConfiguration'
2025-04-26T22:20:22.228+02:00 TRACE 13448 --- [api-gateway] [    Test worker] o.s.b.f.s.DefaultListableBeanFactory     : Returning cached instance of singleton bean 'spring.security.oauth2.resourceserver-org.springframework.boot.autoconfigure.security.oauth2.resource.OAuth2ResourceServerProperties'
2025-04-26T22:20:22.228+02:00 TRACE 13448 --- [api-gateway] [    Test worker] o.s.b.f.s.DefaultListableBeanFactory     : Returning cached instance of singleton bean 'org.springframework.boot.autoconfigure.security.reactive.ReactiveSecurityAutoConfiguration$SpringBootWebFluxSecurityConfiguration'
2025-04-26T22:20:22.228+02:00 TRACE 13448 --- [api-gateway] [    Test worker] o.s.b.f.s.DefaultListableBeanFactory     : Returning cached instance of singleton bean 'org.springframework.boot.autoconfigure.security.reactive.ReactiveSecurityAutoConfiguration'
2025-04-26T22:20:22.228+02:00 TRACE 13448 --- [api-gateway] [    Test worker] o.s.b.f.s.DefaultListableBeanFactory     : Returning cached instance of singleton bean 'spring.security-org.springframework.boot.autoconfigure.security.SecurityProperties'
2025-04-26T22:20:22.228+02:00 TRACE 13448 --- [api-gateway] [    Test worker] o.s.b.f.s.DefaultListableBeanFactory     : Returning cached instance of singleton bean 'org.springframework.boot.autoconfigure.security.servlet.SecurityAutoConfiguration'
2025-04-26T22:20:22.228+02:00 TRACE 13448 --- [api-gateway] [    Test worker] o.s.b.f.s.DefaultListableBeanFactory     : Returning cached instance of singleton bean 'authenticationEventPublisher'
2025-04-26T22:20:22.228+02:00 TRACE 13448 --- [api-gateway] [    Test worker] o.s.b.f.s.DefaultListableBeanFactory     : Returning cached instance of singleton bean 'org.springframework.boot.autoconfigure.sql.init.SqlInitializationAutoConfiguration'
2025-04-26T22:20:22.228+02:00 TRACE 13448 --- [api-gateway] [    Test worker] o.s.b.f.s.DefaultListableBeanFactory     : Returning cached instance of singleton bean 'spring.sql.init-org.springframework.boot.autoconfigure.sql.init.SqlInitializationProperties'
2025-04-26T22:20:22.228+02:00 TRACE 13448 --- [api-gateway] [    Test worker] o.s.b.f.s.DefaultListableBeanFactory     : Returning cached instance of singleton bean 'org.springframework.boot.sql.init.dependency.DatabaseInitializationDependencyConfigurer$DependsOnDatabaseInitializationPostProcessor'
2025-04-26T22:20:22.228+02:00 TRACE 13448 --- [api-gateway] [    Test worker] o.s.b.f.s.DefaultListableBeanFactory     : Returning cached instance of singleton bean 'org.springframework.boot.autoconfigure.task.TaskExecutorConfigurations$ThreadPoolTaskExecutorBuilderConfiguration'
2025-04-26T22:20:22.228+02:00 TRACE 13448 --- [api-gateway] [    Test worker] o.s.b.f.s.DefaultListableBeanFactory     : Returning cached instance of singleton bean 'threadPoolTaskExecutorBuilder'
2025-04-26T22:20:22.228+02:00 TRACE 13448 --- [api-gateway] [    Test worker] o.s.b.f.s.DefaultListableBeanFactory     : Returning cached instance of singleton bean 'org.springframework.boot.autoconfigure.task.TaskExecutorConfigurations$SimpleAsyncTaskExecutorBuilderConfiguration'
2025-04-26T22:20:22.228+02:00 TRACE 13448 --- [api-gateway] [    Test worker] o.s.b.f.s.DefaultListableBeanFactory     : Returning cached instance of singleton bean 'simpleAsyncTaskExecutorBuilder'
2025-04-26T22:20:22.228+02:00 TRACE 13448 --- [api-gateway] [    Test worker] o.s.b.f.s.DefaultListableBeanFactory     : Returning cached instance of singleton bean 'org.springframework.boot.autoconfigure.task.TaskExecutorConfigurations$TaskExecutorConfiguration'
2025-04-26T22:20:22.228+02:00 TRACE 13448 --- [api-gateway] [    Test worker] o.s.b.f.s.DefaultListableBeanFactory     : Returning cached instance of singleton bean 'applicationTaskExecutor'
2025-04-26T22:20:22.228+02:00 TRACE 13448 --- [api-gateway] [    Test worker] o.s.b.f.s.DefaultListableBeanFactory     : Returning cached instance of singleton bean 'org.springframework.boot.autoconfigure.task.TaskExecutionAutoConfiguration'
2025-04-26T22:20:22.228+02:00 TRACE 13448 --- [api-gateway] [    Test worker] o.s.b.f.s.DefaultListableBeanFactory     : Returning cached instance of singleton bean 'spring.task.execution-org.springframework.boot.autoconfigure.task.TaskExecutionProperties'
2025-04-26T22:20:22.228+02:00 TRACE 13448 --- [api-gateway] [    Test worker] o.s.b.f.s.DefaultListableBeanFactory     : Returning cached instance of singleton bean 'org.springframework.boot.autoconfigure.task.TaskSchedulingConfigurations$ThreadPoolTaskSchedulerBuilderConfiguration'
2025-04-26T22:20:22.228+02:00 TRACE 13448 --- [api-gateway] [    Test worker] o.s.b.f.s.DefaultListableBeanFactory     : Returning cached instance of singleton bean 'threadPoolTaskSchedulerBuilder'
2025-04-26T22:20:22.228+02:00 TRACE 13448 --- [api-gateway] [    Test worker] o.s.b.f.s.DefaultListableBeanFactory     : Returning cached instance of singleton bean 'org.springframework.boot.autoconfigure.task.TaskSchedulingConfigurations$SimpleAsyncTaskSchedulerBuilderConfiguration'
2025-04-26T22:20:22.228+02:00 TRACE 13448 --- [api-gateway] [    Test worker] o.s.b.f.s.DefaultListableBeanFactory     : Returning cached instance of singleton bean 'simpleAsyncTaskSchedulerBuilder'
2025-04-26T22:20:22.228+02:00 TRACE 13448 --- [api-gateway] [    Test worker] o.s.b.f.s.DefaultListableBeanFactory     : Returning cached instance of singleton bean 'org.springframework.boot.autoconfigure.task.TaskSchedulingAutoConfiguration'
2025-04-26T22:20:22.228+02:00 TRACE 13448 --- [api-gateway] [    Test worker] o.s.b.f.s.DefaultListableBeanFactory     : Returning cached instance of singleton bean 'spring.task.scheduling-org.springframework.boot.autoconfigure.task.TaskSchedulingProperties'
2025-04-26T22:20:22.228+02:00 TRACE 13448 --- [api-gateway] [    Test worker] o.s.b.f.s.DefaultListableBeanFactory     : Returning cached instance of singleton bean 'org.springframework.boot.autoconfigure.web.embedded.EmbeddedWebServerFactoryCustomizerAutoConfiguration$NettyWebServerFactoryCustomizerConfiguration'
2025-04-26T22:20:22.228+02:00 TRACE 13448 --- [api-gateway] [    Test worker] o.s.b.f.s.DefaultListableBeanFactory     : Returning cached instance of singleton bean 'nettyWebServerFactoryCustomizer'
2025-04-26T22:20:22.228+02:00 TRACE 13448 --- [api-gateway] [    Test worker] o.s.b.f.s.DefaultListableBeanFactory     : Returning cached instance of singleton bean 'org.springframework.boot.autoconfigure.web.embedded.EmbeddedWebServerFactoryCustomizerAutoConfiguration'
2025-04-26T22:20:22.228+02:00 TRACE 13448 --- [api-gateway] [    Test worker] o.s.b.f.s.DefaultListableBeanFactory     : Returning cached instance of singleton bean 'org.springframework.boot.autoconfigure.web.reactive.function.client.ClientHttpConnectorFactoryConfiguration$ReactorNetty'
2025-04-26T22:20:22.228+02:00 TRACE 13448 --- [api-gateway] [    Test worker] o.s.b.f.s.DefaultListableBeanFactory     : Returning cached instance of singleton bean 'reactorClientHttpConnectorFactory'
2025-04-26T22:20:22.228+02:00 TRACE 13448 --- [api-gateway] [    Test worker] o.s.b.f.s.DefaultListableBeanFactory     : Returning cached instance of singleton bean 'org.springframework.boot.autoconfigure.web.reactive.function.client.ClientHttpConnectorAutoConfiguration'
2025-04-26T22:20:22.228+02:00 TRACE 13448 --- [api-gateway] [    Test worker] o.s.b.f.s.DefaultListableBeanFactory     : Returning cached instance of singleton bean 'webClientHttpConnector'
2025-04-26T22:20:22.228+02:00 TRACE 13448 --- [api-gateway] [    Test worker] o.s.b.f.s.DefaultListableBeanFactory     : Returning cached instance of singleton bean 'webClientHttpConnectorCustomizer'
2025-04-26T22:20:22.228+02:00 TRACE 13448 --- [api-gateway] [    Test worker] o.s.b.f.s.DefaultListableBeanFactory     : Returning cached instance of singleton bean 'org.springframework.boot.autoconfigure.web.reactive.function.client.WebClientAutoConfiguration$WebClientCodecsConfiguration'
2025-04-26T22:20:22.228+02:00 TRACE 13448 --- [api-gateway] [    Test worker] o.s.b.f.s.DefaultListableBeanFactory     : Returning cached instance of singleton bean 'exchangeStrategiesCustomizer'
2025-04-26T22:20:22.228+02:00 TRACE 13448 --- [api-gateway] [    Test worker] o.s.b.f.s.DefaultListableBeanFactory     : Returning cached instance of singleton bean 'org.springframework.boot.autoconfigure.web.reactive.function.client.WebClientAutoConfiguration'
2025-04-26T22:20:22.228+02:00 TRACE 13448 --- [api-gateway] [    Test worker] o.s.b.f.s.DefaultListableBeanFactory     : Returning cached instance of singleton bean 'webClientSsl'
2025-04-26T22:20:22.229+02:00 TRACE 13448 --- [api-gateway] [    Test worker] o.s.b.f.s.DefaultListableBeanFactory     : Returning cached instance of singleton bean 'org.springframework.cloud.autoconfigure.ConfigurationPropertiesRebinderAutoConfiguration'
2025-04-26T22:20:22.229+02:00 TRACE 13448 --- [api-gateway] [    Test worker] o.s.b.f.s.DefaultListableBeanFactory     : Returning cached instance of singleton bean 'configurationPropertiesBeans'
2025-04-26T22:20:22.229+02:00 TRACE 13448 --- [api-gateway] [    Test worker] o.s.b.f.s.DefaultListableBeanFactory     : Returning cached instance of singleton bean 'configurationPropertiesRebinder'
2025-04-26T22:20:22.229+02:00 TRACE 13448 --- [api-gateway] [    Test worker] o.s.b.f.s.DefaultListableBeanFactory     : Returning cached instance of singleton bean 'org.springframework.cloud.autoconfigure.LifecycleMvcEndpointAutoConfiguration'
2025-04-26T22:20:22.229+02:00 TRACE 13448 --- [api-gateway] [    Test worker] o.s.b.f.s.DefaultListableBeanFactory     : Returning cached instance of singleton bean 'environmentManager'
2025-04-26T22:20:22.229+02:00 TRACE 13448 --- [api-gateway] [    Test worker] o.s.b.f.s.DefaultListableBeanFactory     : Returning cached instance of singleton bean 'org.springframework.cloud.client.discovery.simple.SimpleDiscoveryClientAutoConfiguration'
2025-04-26T22:20:22.229+02:00 TRACE 13448 --- [api-gateway] [    Test worker] o.s.b.f.s.DefaultListableBeanFactory     : Returning cached instance of singleton bean 'simpleDiscoveryProperties'
2025-04-26T22:20:22.229+02:00 TRACE 13448 --- [api-gateway] [    Test worker] o.s.b.f.s.DefaultListableBeanFactory     : Returning cached instance of singleton bean 'simpleDiscoveryClient'
2025-04-26T22:20:22.229+02:00 TRACE 13448 --- [api-gateway] [    Test worker] o.s.b.f.s.DefaultListableBeanFactory     : Returning cached instance of singleton bean 'org.springframework.cloud.client.serviceregistry.AutoServiceRegistrationConfiguration'
2025-04-26T22:20:22.229+02:00 TRACE 13448 --- [api-gateway] [    Test worker] o.s.b.f.s.DefaultListableBeanFactory     : Returning cached instance of singleton bean 'spring.cloud.service-registry.auto-registration-org.springframework.cloud.client.serviceregistry.AutoServiceRegistrationProperties'
2025-04-26T22:20:22.229+02:00 TRACE 13448 --- [api-gateway] [    Test worker] o.s.b.f.s.DefaultListableBeanFactory     : Returning cached instance of singleton bean 'org.springframework.cloud.client.serviceregistry.AutoServiceRegistrationAutoConfiguration'
2025-04-26T22:20:22.229+02:00 TRACE 13448 --- [api-gateway] [    Test worker] o.s.b.f.s.DefaultListableBeanFactory     : Returning cached instance of singleton bean 'org.springframework.cloud.netflix.eureka.EurekaDiscoveryClientConfiguration$EurekaClientConfigurationRefresher'
2025-04-26T22:20:22.229+02:00 TRACE 13448 --- [api-gateway] [    Test worker] o.s.b.f.s.DefaultListableBeanFactory     : Returning cached instance of singleton bean 'org.springframework.cloud.netflix.eureka.EurekaDiscoveryClientConfiguration'
2025-04-26T22:20:22.229+02:00 TRACE 13448 --- [api-gateway] [    Test worker] o.s.b.f.s.DefaultListableBeanFactory     : Returning cached instance of singleton bean 'discoveryClient'
2025-04-26T22:20:22.229+02:00 TRACE 13448 --- [api-gateway] [    Test worker] o.s.b.f.s.DefaultListableBeanFactory     : Returning cached instance of singleton bean 'org.springframework.cloud.netflix.eureka.config.DiscoveryClientOptionalArgsConfiguration$WebClientConfiguration'
2025-04-26T22:20:22.229+02:00 TRACE 13448 --- [api-gateway] [    Test worker] o.s.b.f.s.DefaultListableBeanFactory     : Returning cached instance of singleton bean 'webClientDiscoveryClientOptionalArgs'
2025-04-26T22:20:22.229+02:00 TRACE 13448 --- [api-gateway] [    Test worker] o.s.b.f.s.DefaultListableBeanFactory     : Returning cached instance of singleton bean 'webClientTransportClientFactories'
2025-04-26T22:20:22.229+02:00 TRACE 13448 --- [api-gateway] [    Test worker] o.s.b.f.s.DefaultListableBeanFactory     : Returning cached instance of singleton bean 'org.springframework.cloud.netflix.eureka.config.DiscoveryClientOptionalArgsConfiguration'
2025-04-26T22:20:22.229+02:00 TRACE 13448 --- [api-gateway] [    Test worker] o.s.b.f.s.DefaultListableBeanFactory     : Returning cached instance of singleton bean 'tlsProperties'
2025-04-26T22:20:22.229+02:00 TRACE 13448 --- [api-gateway] [    Test worker] o.s.b.f.s.DefaultListableBeanFactory     : Returning cached instance of singleton bean 'eureka.client.restclient.timeout-org.springframework.cloud.netflix.eureka.RestClientTimeoutProperties'
2025-04-26T22:20:22.229+02:00 TRACE 13448 --- [api-gateway] [    Test worker] o.s.b.f.s.DefaultListableBeanFactory     : Returning cached instance of singleton bean 'eureka.client.rest-template-timeout-org.springframework.cloud.netflix.eureka.RestTemplateTimeoutProperties'
2025-04-26T22:20:22.229+02:00 TRACE 13448 --- [api-gateway] [    Test worker] o.s.b.f.s.DefaultListableBeanFactory     : Returning cached instance of singleton bean 'org.springframework.cloud.netflix.eureka.EurekaClientAutoConfiguration$RefreshableEurekaClientConfiguration'
2025-04-26T22:20:22.229+02:00 TRACE 13448 --- [api-gateway] [    Test worker] o.s.b.f.s.DefaultListableBeanFactory     : Returning cached instance of singleton bean 'eurekaClient'
2025-04-26T22:20:22.229+02:00 TRACE 13448 --- [api-gateway] [    Test worker] o.s.b.f.s.DefaultListableBeanFactory     : Returning cached instance of singleton bean 'eurekaClient'
2025-04-26T22:20:22.229+02:00 TRACE 13448 --- [api-gateway] [    Test worker] o.s.b.f.s.DefaultListableBeanFactory     : Returning cached instance of singleton bean 'eurekaApplicationInfoManager'
2025-04-26T22:20:22.229+02:00 TRACE 13448 --- [api-gateway] [    Test worker] o.s.b.f.s.DefaultListableBeanFactory     : Returning cached instance of singleton bean 'eurekaApplicationInfoManager'
2025-04-26T22:20:22.229+02:00 TRACE 13448 --- [api-gateway] [    Test worker] o.s.b.f.s.DefaultListableBeanFactory     : Returning cached instance of singleton bean 'eurekaRegistration'
2025-04-26T22:20:22.229+02:00 TRACE 13448 --- [api-gateway] [    Test worker] o.s.b.f.s.DefaultListableBeanFactory     : Returning cached instance of singleton bean 'eurekaRegistration'
2025-04-26T22:20:22.229+02:00 TRACE 13448 --- [api-gateway] [    Test worker] o.s.b.f.s.DefaultListableBeanFactory     : Returning cached instance of singleton bean 'org.springframework.cloud.netflix.eureka.EurekaClientAutoConfiguration'
2025-04-26T22:20:22.229+02:00 TRACE 13448 --- [api-gateway] [    Test worker] o.s.b.f.s.DefaultListableBeanFactory     : Returning cached instance of singleton bean 'eurekaFeature'
2025-04-26T22:20:22.229+02:00 TRACE 13448 --- [api-gateway] [    Test worker] o.s.b.f.s.DefaultListableBeanFactory     : Returning cached instance of singleton bean 'eurekaClientConfigBean'
2025-04-26T22:20:22.229+02:00 TRACE 13448 --- [api-gateway] [    Test worker] o.s.b.f.s.DefaultListableBeanFactory     : Returning cached instance of singleton bean 'serviceManagementMetadataProvider'
2025-04-26T22:20:22.229+02:00 TRACE 13448 --- [api-gateway] [    Test worker] o.s.b.f.s.DefaultListableBeanFactory     : Returning cached instance of singleton bean 'eurekaInstanceConfigBean'
2025-04-26T22:20:22.229+02:00 TRACE 13448 --- [api-gateway] [    Test worker] o.s.b.f.s.DefaultListableBeanFactory     : Returning cached instance of singleton bean 'eurekaServiceRegistry'
2025-04-26T22:20:22.229+02:00 TRACE 13448 --- [api-gateway] [    Test worker] o.s.b.f.s.DefaultListableBeanFactory     : Returning cached instance of singleton bean 'eurekaAutoServiceRegistration'
2025-04-26T22:20:22.229+02:00 TRACE 13448 --- [api-gateway] [    Test worker] o.s.b.f.s.DefaultListableBeanFactory     : Returning cached instance of singleton bean 'org.springframework.cloud.client.CommonsClientAutoConfiguration'
2025-04-26T22:20:22.229+02:00 TRACE 13448 --- [api-gateway] [    Test worker] o.s.b.f.s.DefaultListableBeanFactory     : Returning cached instance of singleton bean 'org.springframework.cloud.client.discovery.composite.reactive.ReactiveCompositeDiscoveryClientAutoConfiguration'
2025-04-26T22:20:22.229+02:00 TRACE 13448 --- [api-gateway] [    Test worker] o.s.b.f.s.DefaultListableBeanFactory     : Returning cached instance of singleton bean 'reactiveCompositeDiscoveryClient'
2025-04-26T22:20:22.229+02:00 TRACE 13448 --- [api-gateway] [    Test worker] o.s.b.f.s.DefaultListableBeanFactory     : Returning cached instance of singleton bean 'org.springframework.cloud.client.discovery.simple.reactive.SimpleReactiveDiscoveryClientAutoConfiguration'
2025-04-26T22:20:22.229+02:00 TRACE 13448 --- [api-gateway] [    Test worker] o.s.b.f.s.DefaultListableBeanFactory     : Returning cached instance of singleton bean 'simpleReactiveDiscoveryProperties'
2025-04-26T22:20:22.229+02:00 TRACE 13448 --- [api-gateway] [    Test worker] o.s.b.f.s.DefaultListableBeanFactory     : Returning cached instance of singleton bean 'simpleReactiveDiscoveryClient'
2025-04-26T22:20:22.229+02:00 TRACE 13448 --- [api-gateway] [    Test worker] o.s.b.f.s.DefaultListableBeanFactory     : Returning cached instance of singleton bean 'spring.cloud.discovery.client.health-indicator-org.springframework.cloud.client.discovery.health.DiscoveryClientHealthIndicatorProperties'
2025-04-26T22:20:22.229+02:00 TRACE 13448 --- [api-gateway] [    Test worker] o.s.b.f.s.DefaultListableBeanFactory     : Returning cached instance of singleton bean 'org.springframework.cloud.netflix.eureka.reactive.EurekaReactiveDiscoveryClientConfiguration'
2025-04-26T22:20:22.229+02:00 TRACE 13448 --- [api-gateway] [    Test worker] o.s.b.f.s.DefaultListableBeanFactory     : Returning cached instance of singleton bean 'eurekaReactiveDiscoveryClient'
2025-04-26T22:20:22.229+02:00 TRACE 13448 --- [api-gateway] [    Test worker] o.s.b.f.s.DefaultListableBeanFactory     : Returning cached instance of singleton bean 'org.springframework.cloud.client.ReactiveCommonsClientAutoConfiguration'
2025-04-26T22:20:22.229+02:00 TRACE 13448 --- [api-gateway] [    Test worker] o.s.b.f.s.DefaultListableBeanFactory     : Returning cached instance of singleton bean 'org.springframework.cloud.loadbalancer.config.BlockingLoadBalancerClientAutoConfiguration'
2025-04-26T22:20:22.229+02:00 TRACE 13448 --- [api-gateway] [    Test worker] o.s.b.f.s.DefaultListableBeanFactory     : Returning cached instance of singleton bean 'blockingLoadBalancerClient'
2025-04-26T22:20:22.229+02:00 TRACE 13448 --- [api-gateway] [    Test worker] o.s.b.f.s.DefaultListableBeanFactory     : Returning cached instance of singleton bean 'loadBalancerServiceInstanceCookieTransformer'
2025-04-26T22:20:22.229+02:00 TRACE 13448 --- [api-gateway] [    Test worker] o.s.b.f.s.DefaultListableBeanFactory     : Returning cached instance of singleton bean 'xForwarderHeadersTransformer'
2025-04-26T22:20:22.229+02:00 TRACE 13448 --- [api-gateway] [    Test worker] o.s.b.f.s.DefaultListableBeanFactory     : Returning cached instance of singleton bean 'default.org.springframework.cloud.loadbalancer.config.BlockingLoadBalancerClientAutoConfiguration.LoadBalancerClientSpecification'
2025-04-26T22:20:22.229+02:00 TRACE 13448 --- [api-gateway] [    Test worker] o.s.b.f.s.DefaultListableBeanFactory     : Returning cached instance of singleton bean 'org.springframework.cloud.client.loadbalancer.LoadBalancerAutoConfiguration$LoadBalancerInterceptorConfig'
2025-04-26T22:20:22.229+02:00 TRACE 13448 --- [api-gateway] [    Test worker] o.s.b.f.s.DefaultListableBeanFactory     : Returning cached instance of singleton bean 'loadBalancerInterceptor'
2025-04-26T22:20:22.229+02:00 TRACE 13448 --- [api-gateway] [    Test worker] o.s.b.f.s.DefaultListableBeanFactory     : Returning cached instance of singleton bean 'restTemplateCustomizer'
2025-04-26T22:20:22.229+02:00 TRACE 13448 --- [api-gateway] [    Test worker] o.s.b.f.s.DefaultListableBeanFactory     : Returning cached instance of singleton bean 'org.springframework.cloud.client.loadbalancer.LoadBalancerAutoConfiguration$DeferringLoadBalancerInterceptorConfig'
2025-04-26T22:20:22.229+02:00 TRACE 13448 --- [api-gateway] [    Test worker] o.s.b.f.s.DefaultListableBeanFactory     : Returning cached instance of singleton bean 'deferringLoadBalancerInterceptor'
2025-04-26T22:20:22.229+02:00 TRACE 13448 --- [api-gateway] [    Test worker] o.s.b.f.s.DefaultListableBeanFactory     : Returning cached instance of singleton bean 'lbRestClientPostProcessor'
2025-04-26T22:20:22.229+02:00 TRACE 13448 --- [api-gateway] [    Test worker] o.s.b.f.s.DefaultListableBeanFactory     : Returning cached instance of singleton bean 'lbRestTemplateBuilderPostProcessor'
2025-04-26T22:20:22.229+02:00 TRACE 13448 --- [api-gateway] [    Test worker] o.s.b.f.s.DefaultListableBeanFactory     : Returning cached instance of singleton bean 'org.springframework.cloud.client.loadbalancer.LoadBalancerAutoConfiguration'
2025-04-26T22:20:22.229+02:00 TRACE 13448 --- [api-gateway] [    Test worker] o.s.b.f.s.DefaultListableBeanFactory     : Returning cached instance of singleton bean 'loadBalancedRestTemplateInitializerDeprecated'
2025-04-26T22:20:22.229+02:00 TRACE 13448 --- [api-gateway] [    Test worker] o.s.b.f.s.DefaultListableBeanFactory     : Returning cached instance of singleton bean 'loadBalancerRequestFactory'
2025-04-26T22:20:22.229+02:00 TRACE 13448 --- [api-gateway] [    Test worker] o.s.b.f.s.DefaultListableBeanFactory     : Returning cached instance of singleton bean 'org.springframework.cloud.client.loadbalancer.LoadBalancerDefaultMappingsProviderAutoConfiguration'
2025-04-26T22:20:22.229+02:00 TRACE 13448 --- [api-gateway] [    Test worker] o.s.b.f.s.DefaultListableBeanFactory     : Returning cached instance of singleton bean 'loadBalancerClientsDefaultsMappingsProvider'
2025-04-26T22:20:22.229+02:00 TRACE 13448 --- [api-gateway] [    Test worker] o.s.b.f.s.DefaultListableBeanFactory     : Returning cached instance of singleton bean 'org.springframework.cloud.client.loadbalancer.reactive.LoadBalancerBeanPostProcessorAutoConfiguration$ReactorDeferringLoadBalancerFilterConfig'
2025-04-26T22:20:22.229+02:00 TRACE 13448 --- [api-gateway] [    Test worker] o.s.b.f.s.DefaultListableBeanFactory     : Returning cached instance of singleton bean 'reactorDeferringLoadBalancerExchangeFilterFunction'
2025-04-26T22:20:22.229+02:00 TRACE 13448 --- [api-gateway] [    Test worker] o.s.b.f.s.DefaultListableBeanFactory     : Returning cached instance of singleton bean 'org.springframework.cloud.client.loadbalancer.reactive.LoadBalancerBeanPostProcessorAutoConfiguration'
2025-04-26T22:20:22.229+02:00 TRACE 13448 --- [api-gateway] [    Test worker] o.s.b.f.s.DefaultListableBeanFactory     : Returning cached instance of singleton bean 'loadBalancerWebClientBuilderBeanPostProcessor'
2025-04-26T22:20:22.229+02:00 TRACE 13448 --- [api-gateway] [    Test worker] o.s.b.f.s.DefaultListableBeanFactory     : Returning cached instance of singleton bean 'org.springframework.cloud.client.loadbalancer.reactive.ReactorLoadBalancerClientAutoConfiguration'
2025-04-26T22:20:22.229+02:00 TRACE 13448 --- [api-gateway] [    Test worker] o.s.b.f.s.DefaultListableBeanFactory     : Returning cached instance of singleton bean 'loadBalancerExchangeFilterFunction'
2025-04-26T22:20:22.229+02:00 TRACE 13448 --- [api-gateway] [    Test worker] o.s.b.f.s.DefaultListableBeanFactory     : Returning cached instance of singleton bean 'org.springframework.cloud.client.serviceregistry.ServiceRegistryAutoConfiguration'
2025-04-26T22:20:22.230+02:00 TRACE 13448 --- [api-gateway] [    Test worker] o.s.b.f.s.DefaultListableBeanFactory     : Returning cached instance of singleton bean 'org.springframework.cloud.commons.config.CommonsConfigAutoConfiguration'
2025-04-26T22:20:22.230+02:00 TRACE 13448 --- [api-gateway] [    Test worker] o.s.b.f.s.DefaultListableBeanFactory     : Returning cached instance of singleton bean 'defaultsBindHandlerAdvisor'
2025-04-26T22:20:22.230+02:00 TRACE 13448 --- [api-gateway] [    Test worker] o.s.b.f.s.DefaultListableBeanFactory     : Returning cached instance of singleton bean 'org.springframework.cloud.commons.util.UtilAutoConfiguration'
2025-04-26T22:20:22.230+02:00 TRACE 13448 --- [api-gateway] [    Test worker] o.s.b.f.s.DefaultListableBeanFactory     : Returning cached instance of singleton bean 'inetUtilsProperties'
2025-04-26T22:20:22.230+02:00 TRACE 13448 --- [api-gateway] [    Test worker] o.s.b.f.s.DefaultListableBeanFactory     : Returning cached instance of singleton bean 'inetUtils'
2025-04-26T22:20:22.230+02:00 TRACE 13448 --- [api-gateway] [    Test worker] o.s.b.f.s.DefaultListableBeanFactory     : Returning cached instance of singleton bean 'org.springframework.cloud.configuration.CompatibilityVerifierAutoConfiguration'
2025-04-26T22:20:22.230+02:00 TRACE 13448 --- [api-gateway] [    Test worker] o.s.b.f.s.DefaultListableBeanFactory     : Returning cached instance of singleton bean 'compositeCompatibilityVerifier'
2025-04-26T22:20:22.230+02:00 TRACE 13448 --- [api-gateway] [    Test worker] o.s.b.f.s.DefaultListableBeanFactory     : Returning cached instance of singleton bean 'springBootVersionVerifier'
2025-04-26T22:20:22.230+02:00 TRACE 13448 --- [api-gateway] [    Test worker] o.s.b.f.s.DefaultListableBeanFactory     : Returning cached instance of singleton bean 'sleuthPresentVerifier'
2025-04-26T22:20:22.230+02:00 TRACE 13448 --- [api-gateway] [    Test worker] o.s.b.f.s.DefaultListableBeanFactory     : Returning cached instance of singleton bean 'spring.cloud.compatibility-verifier-org.springframework.cloud.configuration.CompatibilityVerifierProperties'
2025-04-26T22:20:22.230+02:00 TRACE 13448 --- [api-gateway] [    Test worker] o.s.b.f.s.DefaultListableBeanFactory     : Returning cached instance of singleton bean 'org.springframework.cloud.loadbalancer.config.LoadBalancerCacheAutoConfiguration$DefaultLoadBalancerCacheManagerConfiguration'
2025-04-26T22:20:22.230+02:00 TRACE 13448 --- [api-gateway] [    Test worker] o.s.b.f.s.DefaultListableBeanFactory     : Returning cached instance of singleton bean 'defaultLoadBalancerCacheManager'
2025-04-26T22:20:22.230+02:00 TRACE 13448 --- [api-gateway] [    Test worker] o.s.b.f.s.DefaultListableBeanFactory     : Returning cached instance of singleton bean 'org.springframework.cloud.loadbalancer.config.LoadBalancerCacheAutoConfiguration$LoadBalancerCacheManagerWarnConfiguration'
2025-04-26T22:20:22.230+02:00 TRACE 13448 --- [api-gateway] [    Test worker] o.s.b.f.s.DefaultListableBeanFactory     : Returning cached instance of singleton bean 'caffeineWarnLogger'
2025-04-26T22:20:22.230+02:00 TRACE 13448 --- [api-gateway] [    Test worker] o.s.b.f.s.DefaultListableBeanFactory     : Returning cached instance of singleton bean 'org.springframework.cloud.loadbalancer.config.LoadBalancerCacheAutoConfiguration'
2025-04-26T22:20:22.230+02:00 TRACE 13448 --- [api-gateway] [    Test worker] o.s.b.f.s.DefaultListableBeanFactory     : Returning cached instance of singleton bean 'spring.cloud.loadbalancer.cache-org.springframework.cloud.loadbalancer.cache.LoadBalancerCacheProperties'
2025-04-26T22:20:22.230+02:00 TRACE 13448 --- [api-gateway] [    Test worker] o.s.b.f.s.DefaultListableBeanFactory     : Returning cached instance of singleton bean 'org.springframework.cloud.netflix.eureka.loadbalancer.LoadBalancerEurekaAutoConfiguration'
2025-04-26T22:20:22.230+02:00 TRACE 13448 --- [api-gateway] [    Test worker] o.s.b.f.s.DefaultListableBeanFactory     : Returning cached instance of singleton bean 'eurekaLoadBalancerProperties'
2025-04-26T22:20:22.230+02:00 TRACE 13448 --- [api-gateway] [    Test worker] o.s.b.f.s.DefaultListableBeanFactory     : Returning cached instance of singleton bean 'default.org.springframework.cloud.netflix.eureka.loadbalancer.LoadBalancerEurekaAutoConfiguration.LoadBalancerClientSpecification'
2025-04-26T22:20:22.230+02:00 TRACE 13448 --- [api-gateway] [    Test worker] o.s.b.f.s.DefaultListableBeanFactory     : Returning cached instance of singleton bean 'org.springframework.boot.test.mock.mockito.MockitoBeans'
2025-04-26T22:20:22.230+02:00 TRACE 13448 --- [api-gateway] [    Test worker] c.DefaultCacheAwareContextLoaderDelegate : Retrieved ApplicationContext [2044150758] from cache with key [ReactiveWebMergedContextConfiguration@6cd6698b testClass = com.pibbletv.api_gateway.ApiGatewayApplicationTests, locations = [], classes = [com.pibbletv.api_gateway.ApiGatewayApplication], contextInitializerClasses = [], activeProfiles = [], propertySourceDescriptors = [], propertySourceProperties = ["org.springframework.boot.test.context.SpringBootTestContextBootstrapper=true"], contextCustomizers = [org.springframework.boot.test.autoconfigure.OnFailureConditionReportContextCustomizerFactory$OnFailureConditionReportContextCustomizer@e98770d, org.springframework.boot.test.autoconfigure.actuate.observability.ObservabilityContextCustomizerFactory$DisableObservabilityContextCustomizer@1f, org.springframework.boot.test.autoconfigure.properties.PropertyMappingContextCustomizer@0, org.springframework.boot.test.autoconfigure.web.servlet.WebDriverContextCustomizer@3b2c0e88, org.springframework.boot.test.context.filter.ExcludeFilterContextCustomizer@655f7ea, org.springframework.boot.test.json.DuplicateJsonObjectContextCustomizerFactory$DuplicateJsonObjectContextCustomizer@20a14b55, org.springframework.boot.test.mock.mockito.MockitoContextCustomizer@0, org.springframework.boot.test.web.client.TestRestTemplateContextCustomizer@6035b93b, org.springframework.boot.test.web.reactive.server.WebTestClientContextCustomizer@58fe0499, org.springframework.boot.test.web.reactor.netty.DisableReactorResourceFactoryGlobalResourcesContextCustomizerFactory$DisableReactorResourceFactoryGlobalResourcesContextCustomizerCustomizer@72758afa, org.springframework.test.context.support.DynamicPropertiesContextCustomizer@0, org.springframework.boot.test.context.SpringBootTestAnnotation@53156849], contextLoader = org.springframework.boot.test.context.SpringBootContextLoader, parent = null]
2025-04-26T22:20:22.230+02:00 DEBUG 13448 --- [api-gateway] [    Test worker] org.springframework.test.context.cache   : Spring test ApplicationContext cache statistics: [DefaultContextCache@5ac7550a size = 1, maxSize = 32, parentContextCount = 0, hitCount = 9, missCount = 1, failureCount = 0]
2025-04-26T22:20:22.230+02:00 TRACE 13448 --- [api-gateway] [    Test worker] c.DefaultCacheAwareContextLoaderDelegate : Retrieved ApplicationContext [2044150758] from cache with key [ReactiveWebMergedContextConfiguration@6cd6698b testClass = com.pibbletv.api_gateway.ApiGatewayApplicationTests, locations = [], classes = [com.pibbletv.api_gateway.ApiGatewayApplication], contextInitializerClasses = [], activeProfiles = [], propertySourceDescriptors = [], propertySourceProperties = ["org.springframework.boot.test.context.SpringBootTestContextBootstrapper=true"], contextCustomizers = [org.springframework.boot.test.autoconfigure.OnFailureConditionReportContextCustomizerFactory$OnFailureConditionReportContextCustomizer@e98770d, org.springframework.boot.test.autoconfigure.actuate.observability.ObservabilityContextCustomizerFactory$DisableObservabilityContextCustomizer@1f, org.springframework.boot.test.autoconfigure.properties.PropertyMappingContextCustomizer@0, org.springframework.boot.test.autoconfigure.web.servlet.WebDriverContextCustomizer@3b2c0e88, org.springframework.boot.test.context.filter.ExcludeFilterContextCustomizer@655f7ea, org.springframework.boot.test.json.DuplicateJsonObjectContextCustomizerFactory$DuplicateJsonObjectContextCustomizer@20a14b55, org.springframework.boot.test.mock.mockito.MockitoContextCustomizer@0, org.springframework.boot.test.web.client.TestRestTemplateContextCustomizer@6035b93b, org.springframework.boot.test.web.reactive.server.WebTestClientContextCustomizer@58fe0499, org.springframework.boot.test.web.reactor.netty.DisableReactorResourceFactoryGlobalResourcesContextCustomizerFactory$DisableReactorResourceFactoryGlobalResourcesContextCustomizerCustomizer@72758afa, org.springframework.test.context.support.DynamicPropertiesContextCustomizer@0, org.springframework.boot.test.context.SpringBootTestAnnotation@53156849], contextLoader = org.springframework.boot.test.context.SpringBootContextLoader, parent = null]
2025-04-26T22:20:22.230+02:00 DEBUG 13448 --- [api-gateway] [    Test worker] org.springframework.test.context.cache   : Spring test ApplicationContext cache statistics: [DefaultContextCache@5ac7550a size = 1, maxSize = 32, parentContextCount = 0, hitCount = 10, missCount = 1, failureCount = 0]
2025-04-26T22:20:22.231+02:00 TRACE 13448 --- [api-gateway] [    Test worker] o.s.b.f.s.DefaultListableBeanFactory     : No bean named 'org.springframework.boot.test.autoconfigure.web.servlet.SpringBootMockMvcBuilderCustomizer$DeferredLinesWriter' found in org.springframework.beans.factory.support.DefaultListableBeanFactory@47447ccf: defining beans [org.springframework.boot.test.mock.mockito.MockitoPostProcessor$SpyPostProcessor,org.springframework.boot.test.mock.mockito.MockitoPostProcessor,org.springframework.test.context.support.internalDynamicPropertyRegistrarBeanInitializer,org.springframework.context.annotation.internalConfigurationAnnotationProcessor,org.springframework.context.annotation.internalAutowiredAnnotationProcessor,org.springframework.context.annotation.internalCommonAnnotationProcessor,org.springframework.context.event.internalEventListenerProcessor,org.springframework.context.event.internalEventListenerFactory,apiGatewayApplication,org.springframework.boot.autoconfigure.internalCachingMetadataReaderFactory,gatewayConfig,securityConfig,customRouteLocator,org.springframework.security.config.annotation.web.reactive.ServerHttpSecurityConfiguration,authenticationPrincipalArgumentResolverConfigurer,authenticationPrincipalArgumentResolver,reactiveCurrentSecurityContextArgumentResolver,org.springframework.security.config.annotation.web.reactive.HttpSecurityConfiguration.httpSecurity,org.springframework.security.config.annotation.web.reactive.WebFluxSecurityConfiguration,org.springframework.security.config.annotation.web.reactive.WebFluxSecurityConfiguration.WebFilterChainFilter,requestDataValueProcessor,conversionServicePostProcessor,org.springframework.security.config.annotation.web.reactive.ReactiveObservationConfiguration,webAuthorizationManagerPostProcessor,reactiveAuthenticationManagerPostProcessor,filterChainDecoratorPostProcessor,_prePostMethodSecurityConfiguration,preFilterAuthorizationMethodInterceptor,preAuthorizeAuthorizationMethodInterceptor,postAuthorizeAuthorizationMethodInterceptor,postFilterAuthorizationMethodInterceptor,prePostAuthorizeExpressionHintsRegistrar,_jsr250MethodSecurityConfiguration,jsr250AuthorizationMethodInterceptor,org.springframework.security.config.annotation.method.configuration.AuthorizationProxyConfiguration,authorizationProxyFactory,authorizeReturnObjectMethodInterceptor,authorizeReturnObjectHintsRegistrar,org.springframework.security.config.annotation.method.configuration.MethodObservationConfiguration,methodAuthorizationManagerPostProcessor,methodResultAuthorizationManagerPostProcessor,securityWebFilterChain,corsConfigurationSource,org.springframework.aop.config.internalAutoProxyCreator,preFilterAuthorizationAdvisor,preAuthorizeAuthorizationAdvisor,postFilterAuthorizationAdvisor,postAuthorizeAuthorizationAdvisor,jsr250AuthorizationAdvisor,authorizeReturnObjectAdvisor,org.springframework.boot.autoconfigure.AutoConfigurationPackages,org.springframework.boot.autoconfigure.context.PropertyPlaceholderAutoConfiguration,propertySourcesPlaceholderConfigurer,org.springframework.boot.autoconfigure.reactor.netty.ReactorNettyConfigurations$ReactorResourceFactoryConfiguration,reactorResourceFactory,org.springframework.boot.context.properties.ConfigurationPropertiesBindingPostProcessor,org.springframework.boot.context.internalConfigurationPropertiesBinder,org.springframework.boot.context.properties.BoundConfigurationProperties,org.springframework.boot.context.properties.EnableConfigurationPropertiesRegistrar.methodValidationExcludeFilter,spring.reactor.netty-org.springframework.boot.autoconfigure.reactor.netty.ReactorNettyProperties,org.springframework.boot.autoconfigure.web.reactive.ReactiveWebServerFactoryConfiguration$EmbeddedNetty,nettyReactiveWebServerFactory,org.springframework.boot.autoconfigure.web.reactive.ReactiveWebServerFactoryAutoConfiguration,reactiveWebServerFactoryCustomizer,server-org.springframework.boot.autoconfigure.web.ServerProperties,webServerFactoryCustomizerBeanPostProcessor,org.springframework.boot.autoconfigure.jackson.JacksonAutoConfiguration$Jackson2ObjectMapperBuilderCustomizerConfiguration,standardJacksonObjectMapperBuilderCustomizer,spring.jackson-org.springframework.boot.autoconfigure.jackson.JacksonProperties,org.springframework.boot.autoconfigure.jackson.JacksonAutoConfiguration$JacksonObjectMapperBuilderConfiguration,jacksonObjectMapperBuilder,org.springframework.boot.autoconfigure.jackson.JacksonAutoConfiguration$ParameterNamesModuleConfiguration,parameterNamesModule,org.springframework.boot.autoconfigure.jackson.JacksonAutoConfiguration$JacksonObjectMapperConfiguration,jacksonObjectMapper,org.springframework.boot.autoconfigure.jackson.JacksonAutoConfiguration$JacksonMixinConfiguration,jsonMixinModuleEntries,jsonMixinModule,org.springframework.boot.autoconfigure.jackson.JacksonAutoConfiguration,jsonComponentModule,org.springframework.boot.autoconfigure.http.codec.CodecsAutoConfiguration$DefaultCodecsConfiguration,defaultCodecCustomizer,org.springframework.boot.autoconfigure.http.codec.CodecsAutoConfiguration$JacksonCodecConfiguration,jacksonCodecCustomizer,org.springframework.boot.autoconfigure.http.codec.CodecsAutoConfiguration,spring.codec-org.springframework.boot.autoconfigure.codec.CodecProperties,org.springframework.boot.autoconfigure.validation.ValidationAutoConfiguration,defaultValidator,methodValidationPostProcessor,org.springframework.boot.autoconfigure.web.reactive.ReactiveMultipartAutoConfiguration,defaultPartHttpMessageReaderCustomizer,spring.webflux.multipart-org.springframework.boot.autoconfigure.web.reactive.ReactiveMultipartProperties,org.springframework.boot.autoconfigure.web.reactive.WebSessionIdResolverAutoConfiguration,webSessionIdResolver,spring.webflux-org.springframework.boot.autoconfigure.web.reactive.WebFluxProperties,org.springframework.boot.autoconfigure.web.reactive.error.ErrorWebFluxAutoConfiguration,errorWebExceptionHandler,errorAttributes,spring.web-org.springframework.boot.autoconfigure.web.WebProperties,org.springframework.cloud.gateway.config.GatewayClassPathWarningAutoConfiguration,org.springframework.cloud.loadbalancer.config.LoadBalancerAutoConfiguration,zoneConfig,loadBalancerClientFactory,loadBalancerEagerContextInitializer,loadBalancerChildContextInitializer,default.org.springframework.cloud.loadbalancer.config.LoadBalancerAutoConfiguration.LoadBalancerClientSpecification,spring.cloud.loadbalancer.eager-load-org.springframework.cloud.client.loadbalancer.LoadBalancerEagerLoadProperties,spring.cloud.loadbalancer-org.springframework.cloud.client.loadbalancer.LoadBalancerClientsProperties,org.springframework.cloud.gateway.config.GatewayReactiveLoadBalancerClientAutoConfiguration,gatewayLoadBalancerClientFilter,loadBalancerServiceInstanceCookieFilter,spring.cloud.gateway.loadbalancer-org.springframework.cloud.gateway.config.GatewayLoadBalancerProperties,org.springframework.cloud.client.discovery.composite.CompositeDiscoveryClientAutoConfiguration,compositeDiscoveryClient,org.springframework.cloud.gateway.discovery.GatewayDiscoveryClientAutoConfiguration$ReactiveDiscoveryClientRouteDefinitionLocatorConfiguration,org.springframework.cloud.gateway.discovery.GatewayDiscoveryClientAutoConfiguration,discoveryLocatorProperties,org.springframework.cloud.gateway.config.GatewayAutoConfiguration$NettyConfiguration,httpClientSslConfigurer,gatewayHttpClientFactory,httpClientProperties,routingFilter,nettyWriteResponseFilter,reactorNettyWebSocketClient,reactorNettyRequestUpgradeStrategy,org.springframework.cloud.gateway.config.GatewayAutoConfiguration,stringToZonedDateTimeConverter,deprecatedKeyValueConverter,keyValueConverter,routeLocatorBuilder,propertiesRouteDefinitionLocator,inMemoryRouteDefinitionRepository,routeDefinitionLocator,gatewayConfigurationService,routeDefinitionRouteLocator,cachedCompositeRouteLocator,routeRefreshListener,filteringWebHandler,globalCorsProperties,corsGatewayFilterApplicationListener,routePredicateHandlerMapping,gatewayProperties,secureHeadersProperties,forwardedHeadersFilter,removeHopByHopHeadersFilter,xForwardedHeadersFilter,gRPCRequestHeadersFilter,gRPCResponseHeadersFilter,transferEncodingNormalizationHeadersFilter,adaptCachedBodyGlobalFilter,removeCachedBodyFilter,routeToRequestUrlFilter,forwardRoutingFilter,forwardPathFilter,webSocketService,websocketRoutingFilter,weightCalculatorWebFilter,afterRoutePredicateFactory,beforeRoutePredicateFactory,betweenRoutePredicateFactory,cookieRoutePredicateFactory,headerRoutePredicateFactory,hostRoutePredicateFactory,methodRoutePredicateFactory,pathRoutePredicateFactory,queryRoutePredicateFactory,readBodyPredicateFactory,remoteAddrRoutePredicateFactory,xForwardedRemoteAddrRoutePredicateFactory,weightRoutePredicateFactory,cloudFoundryRouteServiceRoutePredicateFactory,addRequestHeaderGatewayFilterFactory,addRequestHeadersIfNotPresentGatewayFilterFactory,mapRequestHeaderGatewayFilterFactory,addRequestParameterGatewayFilterFactory,addResponseHeaderGatewayFilterFactory,modifyRequestBodyGatewayFilterFactory,dedupeResponseHeaderGatewayFilterFactory,modifyResponseBodyGatewayFilterFactory,cacheRequestBodyGatewayFilterFactory,prefixPathGatewayFilterFactory,preserveHostHeaderGatewayFilterFactory,redirectToGatewayFilterFactory,removeJsonAttributesResponseBodyGatewayFilterFactory,removeRequestHeaderGatewayFilterFactory,removeRequestParameterGatewayFilterFactory,removeResponseHeaderGatewayFilterFactory,rewritePathGatewayFilterFactory,retryGatewayFilterFactory,setPathGatewayFilterFactory,secureHeadersGatewayFilterFactory,setRequestHeaderGatewayFilterFactory,setRequestHostHeaderGatewayFilterFactory,setResponseHeaderGatewayFilterFactory,rewriteResponseHeaderGatewayFilterFactory,rewriteLocationResponseHeaderGatewayFilterFactory,setStatusGatewayFilterFactory,saveSessionGatewayFilterFactory,stripPrefixGatewayFilterFactory,requestHeaderToRequestUriGatewayFilterFactory,requestSizeGatewayFilterFactory,requestHeaderSizeGatewayFilterFactory,rewriteRequestParameterGatewayFilterFactory,gzipMessageBodyResolver,configurableHintsRegistrationProcessor,org.springframework.boot.autoconfigure.web.reactive.WebFluxAutoConfiguration$EnableWebFluxConfiguration,webFluxConversionService,webFluxValidator,localeContextResolver,webSessionManager,webHandler,responseStatusExceptionHandler,requestMappingHandlerMapping,webFluxContentTypeResolver,routerFunctionMapping,resourceHandlerMapping,resourceUrlProvider,requestMappingHandlerAdapter,serverCodecConfigurer,webFluxAdapterRegistry,handlerFunctionAdapter,simpleHandlerAdapter,webFluxWebSocketHandlerAdapter,responseEntityResultHandler,responseBodyResultHandler,viewResolutionResultHandler,serverResponseResultHandler,org.springframework.boot.autoconfigure.web.reactive.WebFluxAutoConfiguration$WebFluxConfig,org.springframework.boot.autoconfigure.web.reactive.WebFluxAutoConfiguration$WelcomePageConfiguration,welcomePageRouterFunctionMapping,org.springframework.boot.autoconfigure.web.reactive.WebFluxAutoConfiguration,org.springframework.boot.autoconfigure.web.reactive.HttpHandlerAutoConfiguration$AnnotationConfig,httpHandler,org.springframework.boot.autoconfigure.web.reactive.HttpHandlerAutoConfiguration,org.springframework.boot.autoconfigure.aop.AopAutoConfiguration$ClassProxyingConfiguration,forceAutoProxyCreatorToUseClassProxying,org.springframework.boot.autoconfigure.aop.AopAutoConfiguration,org.springframework.boot.autoconfigure.availability.ApplicationAvailabilityAutoConfiguration,applicationAvailability,org.springframework.cloud.autoconfigure.RefreshAutoConfiguration$RefreshScopeBeanDefinitionEnhancer,org.springframework.cloud.autoconfigure.RefreshAutoConfiguration,refreshScope,loggingRebinder,configDataContextRefresher,refreshScopeLifecycle,refreshEventListener,spring.cloud.refresh-org.springframework.cloud.autoconfigure.RefreshAutoConfiguration$RefreshProperties,org.springframework.boot.autoconfigure.context.ConfigurationPropertiesAutoConfiguration,org.springframework.boot.autoconfigure.context.LifecycleAutoConfiguration,lifecycleProcessor,spring.lifecycle-org.springframework.boot.autoconfigure.context.LifecycleProperties,org.springframework.boot.autoconfigure.gson.GsonAutoConfiguration,gsonBuilder,gson,standardGsonBuilderCustomizer,spring.gson-org.springframework.boot.autoconfigure.gson.GsonProperties,org.springframework.boot.autoconfigure.ssl.SslAutoConfiguration,fileWatcher,sslPropertiesSslBundleRegistrar,sslBundleRegistry,spring.ssl-org.springframework.boot.autoconfigure.ssl.SslProperties,org.springframework.boot.autoconfigure.info.ProjectInfoAutoConfiguration,spring.info-org.springframework.boot.autoconfigure.info.ProjectInfoProperties,org.springframework.boot.autoconfigure.netty.NettyAutoConfiguration,spring.netty-org.springframework.boot.autoconfigure.netty.NettyProperties,org.springframework.boot.autoconfigure.reactor.ReactorAutoConfiguration,spring.reactor-org.springframework.boot.autoconfigure.reactor.ReactorProperties,org.springframework.boot.autoconfigure.security.oauth2.resource.reactive.ReactiveOAuth2ResourceServerJwkConfiguration$JwtConfiguration,jwtDecoderByIssuerUri,org.springframework.boot.autoconfigure.security.oauth2.resource.reactive.ReactiveOAuth2ResourceServerConfiguration$JwtConfiguration,org.springframework.boot.autoconfigure.security.oauth2.resource.reactive.ReactiveOAuth2ResourceServerOpaqueTokenConfiguration$OpaqueTokenIntrospectionClientConfiguration,org.springframework.boot.autoconfigure.security.oauth2.resource.reactive.ReactiveOAuth2ResourceServerConfiguration$OpaqueTokenConfiguration,org.springframework.boot.autoconfigure.security.oauth2.resource.reactive.ReactiveOAuth2ResourceServerAutoConfiguration,spring.security.oauth2.resourceserver-org.springframework.boot.autoconfigure.security.oauth2.resource.OAuth2ResourceServerProperties,org.springframework.boot.autoconfigure.security.reactive.ReactiveSecurityAutoConfiguration$SpringBootWebFluxSecurityConfiguration,org.springframework.boot.autoconfigure.security.reactive.ReactiveSecurityAutoConfiguration,spring.security-org.springframework.boot.autoconfigure.security.SecurityProperties,org.springframework.boot.autoconfigure.security.servlet.SecurityAutoConfiguration,authenticationEventPublisher,org.springframework.boot.autoconfigure.sql.init.SqlInitializationAutoConfiguration,spring.sql.init-org.springframework.boot.autoconfigure.sql.init.SqlInitializationProperties,org.springframework.boot.sql.init.dependency.DatabaseInitializationDependencyConfigurer$DependsOnDatabaseInitializationPostProcessor,org.springframework.boot.autoconfigure.task.TaskExecutorConfigurations$ThreadPoolTaskExecutorBuilderConfiguration,threadPoolTaskExecutorBuilder,org.springframework.boot.autoconfigure.task.TaskExecutorConfigurations$SimpleAsyncTaskExecutorBuilderConfiguration,simpleAsyncTaskExecutorBuilder,org.springframework.boot.autoconfigure.task.TaskExecutorConfigurations$TaskExecutorConfiguration,applicationTaskExecutor,org.springframework.boot.autoconfigure.task.TaskExecutionAutoConfiguration,spring.task.execution-org.springframework.boot.autoconfigure.task.TaskExecutionProperties,org.springframework.boot.autoconfigure.task.TaskSchedulingConfigurations$ThreadPoolTaskSchedulerBuilderConfiguration,threadPoolTaskSchedulerBuilder,org.springframework.boot.autoconfigure.task.TaskSchedulingConfigurations$SimpleAsyncTaskSchedulerBuilderConfiguration,simpleAsyncTaskSchedulerBuilder,org.springframework.boot.autoconfigure.task.TaskSchedulingAutoConfiguration,spring.task.scheduling-org.springframework.boot.autoconfigure.task.TaskSchedulingProperties,org.springframework.boot.autoconfigure.web.embedded.EmbeddedWebServerFactoryCustomizerAutoConfiguration$NettyWebServerFactoryCustomizerConfiguration,nettyWebServerFactoryCustomizer,org.springframework.boot.autoconfigure.web.embedded.EmbeddedWebServerFactoryCustomizerAutoConfiguration,org.springframework.boot.autoconfigure.web.reactive.function.client.ClientHttpConnectorFactoryConfiguration$ReactorNetty,reactorClientHttpConnectorFactory,org.springframework.boot.autoconfigure.web.reactive.function.client.ClientHttpConnectorAutoConfiguration,webClientHttpConnector,webClientHttpConnectorCustomizer,org.springframework.boot.autoconfigure.web.reactive.function.client.WebClientAutoConfiguration$WebClientCodecsConfiguration,exchangeStrategiesCustomizer,org.springframework.boot.autoconfigure.web.reactive.function.client.WebClientAutoConfiguration,webClientBuilder,webClientSsl,org.springframework.cloud.autoconfigure.ConfigurationPropertiesRebinderAutoConfiguration,configurationPropertiesBeans,configurationPropertiesRebinder,org.springframework.cloud.autoconfigure.LifecycleMvcEndpointAutoConfiguration,environmentManager,org.springframework.cloud.client.discovery.simple.SimpleDiscoveryClientAutoConfiguration,simpleDiscoveryProperties,simpleDiscoveryClient,org.springframework.cloud.client.serviceregistry.AutoServiceRegistrationConfiguration,spring.cloud.service-registry.auto-registration-org.springframework.cloud.client.serviceregistry.AutoServiceRegistrationProperties,org.springframework.cloud.client.serviceregistry.AutoServiceRegistrationAutoConfiguration,org.springframework.cloud.netflix.eureka.EurekaDiscoveryClientConfiguration$EurekaClientConfigurationRefresher,org.springframework.cloud.netflix.eureka.EurekaDiscoveryClientConfiguration,discoveryClient,org.springframework.cloud.netflix.eureka.config.DiscoveryClientOptionalArgsConfiguration$WebClientConfiguration,webClientDiscoveryClientOptionalArgs,webClientTransportClientFactories,org.springframework.cloud.netflix.eureka.config.DiscoveryClientOptionalArgsConfiguration,tlsProperties,eureka.client.restclient.timeout-org.springframework.cloud.netflix.eureka.RestClientTimeoutProperties,eureka.client.rest-template-timeout-org.springframework.cloud.netflix.eureka.RestTemplateTimeoutProperties,org.springframework.cloud.netflix.eureka.EurekaClientAutoConfiguration$RefreshableEurekaClientConfiguration,scopedTarget.eurekaClient,eurekaClient,scopedTarget.eurekaApplicationInfoManager,eurekaApplicationInfoManager,scopedTarget.eurekaRegistration,eurekaRegistration,org.springframework.cloud.netflix.eureka.EurekaClientAutoConfiguration,eurekaFeature,eurekaClientConfigBean,serviceManagementMetadataProvider,eurekaInstanceConfigBean,eurekaServiceRegistry,eurekaAutoServiceRegistration,org.springframework.cloud.client.CommonsClientAutoConfiguration,org.springframework.cloud.client.discovery.composite.reactive.ReactiveCompositeDiscoveryClientAutoConfiguration,reactiveCompositeDiscoveryClient,org.springframework.cloud.client.discovery.simple.reactive.SimpleReactiveDiscoveryClientAutoConfiguration,simpleReactiveDiscoveryProperties,simpleReactiveDiscoveryClient,spring.cloud.discovery.client.health-indicator-org.springframework.cloud.client.discovery.health.DiscoveryClientHealthIndicatorProperties,org.springframework.cloud.netflix.eureka.reactive.EurekaReactiveDiscoveryClientConfiguration,eurekaReactiveDiscoveryClient,org.springframework.cloud.client.ReactiveCommonsClientAutoConfiguration,org.springframework.cloud.loadbalancer.config.BlockingLoadBalancerClientAutoConfiguration,blockingLoadBalancerClient,loadBalancerServiceInstanceCookieTransformer,xForwarderHeadersTransformer,default.org.springframework.cloud.loadbalancer.config.BlockingLoadBalancerClientAutoConfiguration.LoadBalancerClientSpecification,org.springframework.cloud.client.loadbalancer.LoadBalancerAutoConfiguration$LoadBalancerInterceptorConfig,loadBalancerInterceptor,restTemplateCustomizer,org.springframework.cloud.client.loadbalancer.LoadBalancerAutoConfiguration$DeferringLoadBalancerInterceptorConfig,deferringLoadBalancerInterceptor,lbRestClientPostProcessor,lbRestTemplateBuilderPostProcessor,org.springframework.cloud.client.loadbalancer.LoadBalancerAutoConfiguration,loadBalancedRestTemplateInitializerDeprecated,loadBalancerRequestFactory,org.springframework.cloud.client.loadbalancer.LoadBalancerDefaultMappingsProviderAutoConfiguration,loadBalancerClientsDefaultsMappingsProvider,org.springframework.cloud.client.loadbalancer.reactive.LoadBalancerBeanPostProcessorAutoConfiguration$ReactorDeferringLoadBalancerFilterConfig,reactorDeferringLoadBalancerExchangeFilterFunction,org.springframework.cloud.client.loadbalancer.reactive.LoadBalancerBeanPostProcessorAutoConfiguration,loadBalancerWebClientBuilderBeanPostProcessor,org.springframework.cloud.client.loadbalancer.reactive.ReactorLoadBalancerClientAutoConfiguration,loadBalancerExchangeFilterFunction,org.springframework.cloud.client.serviceregistry.ServiceRegistryAutoConfiguration,org.springframework.cloud.commons.config.CommonsConfigAutoConfiguration,defaultsBindHandlerAdvisor,org.springframework.cloud.commons.util.UtilAutoConfiguration,inetUtilsProperties,inetUtils,org.springframework.cloud.configuration.CompatibilityVerifierAutoConfiguration,compositeCompatibilityVerifier,springBootVersionVerifier,sleuthPresentVerifier,spring.cloud.compatibility-verifier-org.springframework.cloud.configuration.CompatibilityVerifierProperties,org.springframework.cloud.loadbalancer.config.LoadBalancerCacheAutoConfiguration$DefaultLoadBalancerCacheManagerConfiguration,defaultLoadBalancerCacheManager,org.springframework.cloud.loadbalancer.config.LoadBalancerCacheAutoConfiguration$LoadBalancerCacheManagerWarnConfiguration,caffeineWarnLogger,org.springframework.cloud.loadbalancer.config.LoadBalancerCacheAutoConfiguration,spring.cloud.loadbalancer.cache-org.springframework.cloud.loadbalancer.cache.LoadBalancerCacheProperties,org.springframework.cloud.netflix.eureka.loadbalancer.LoadBalancerEurekaAutoConfiguration,eurekaLoadBalancerProperties,default.org.springframework.cloud.netflix.eureka.loadbalancer.LoadBalancerEurekaAutoConfiguration.LoadBalancerClientSpecification]; root of factory hierarchy
2025-04-26T22:20:22.231+02:00 TRACE 13448 --- [api-gateway] [    Test worker] c.DefaultCacheAwareContextLoaderDelegate : Retrieved ApplicationContext [2044150758] from cache with key [ReactiveWebMergedContextConfiguration@6cd6698b testClass = com.pibbletv.api_gateway.ApiGatewayApplicationTests, locations = [], classes = [com.pibbletv.api_gateway.ApiGatewayApplication], contextInitializerClasses = [], activeProfiles = [], propertySourceDescriptors = [], propertySourceProperties = ["org.springframework.boot.test.context.SpringBootTestContextBootstrapper=true"], contextCustomizers = [org.springframework.boot.test.autoconfigure.OnFailureConditionReportContextCustomizerFactory$OnFailureConditionReportContextCustomizer@e98770d, org.springframework.boot.test.autoconfigure.actuate.observability.ObservabilityContextCustomizerFactory$DisableObservabilityContextCustomizer@1f, org.springframework.boot.test.autoconfigure.properties.PropertyMappingContextCustomizer@0, org.springframework.boot.test.autoconfigure.web.servlet.WebDriverContextCustomizer@3b2c0e88, org.springframework.boot.test.context.filter.ExcludeFilterContextCustomizer@655f7ea, org.springframework.boot.test.json.DuplicateJsonObjectContextCustomizerFactory$DuplicateJsonObjectContextCustomizer@20a14b55, org.springframework.boot.test.mock.mockito.MockitoContextCustomizer@0, org.springframework.boot.test.web.client.TestRestTemplateContextCustomizer@6035b93b, org.springframework.boot.test.web.reactive.server.WebTestClientContextCustomizer@58fe0499, org.springframework.boot.test.web.reactor.netty.DisableReactorResourceFactoryGlobalResourcesContextCustomizerFactory$DisableReactorResourceFactoryGlobalResourcesContextCustomizerCustomizer@72758afa, org.springframework.test.context.support.DynamicPropertiesContextCustomizer@0, org.springframework.boot.test.context.SpringBootTestAnnotation@53156849], contextLoader = org.springframework.boot.test.context.SpringBootContextLoader, parent = null]
2025-04-26T22:20:22.231+02:00 DEBUG 13448 --- [api-gateway] [    Test worker] org.springframework.test.context.cache   : Spring test ApplicationContext cache statistics: [DefaultContextCache@5ac7550a size = 1, maxSize = 32, parentContextCount = 0, hitCount = 11, missCount = 1, failureCount = 0]
2025-04-26T22:20:22.233+02:00 TRACE 13448 --- [api-gateway] [    Test worker] c.DefaultCacheAwareContextLoaderDelegate : Retrieved ApplicationContext [2044150758] from cache with key [ReactiveWebMergedContextConfiguration@6cd6698b testClass = com.pibbletv.api_gateway.ApiGatewayApplicationTests, locations = [], classes = [com.pibbletv.api_gateway.ApiGatewayApplication], contextInitializerClasses = [], activeProfiles = [], propertySourceDescriptors = [], propertySourceProperties = ["org.springframework.boot.test.context.SpringBootTestContextBootstrapper=true"], contextCustomizers = [org.springframework.boot.test.autoconfigure.OnFailureConditionReportContextCustomizerFactory$OnFailureConditionReportContextCustomizer@e98770d, org.springframework.boot.test.autoconfigure.actuate.observability.ObservabilityContextCustomizerFactory$DisableObservabilityContextCustomizer@1f, org.springframework.boot.test.autoconfigure.properties.PropertyMappingContextCustomizer@0, org.springframework.boot.test.autoconfigure.web.servlet.WebDriverContextCustomizer@3b2c0e88, org.springframework.boot.test.context.filter.ExcludeFilterContextCustomizer@655f7ea, org.springframework.boot.test.json.DuplicateJsonObjectContextCustomizerFactory$DuplicateJsonObjectContextCustomizer@20a14b55, org.springframework.boot.test.mock.mockito.MockitoContextCustomizer@0, org.springframework.boot.test.web.client.TestRestTemplateContextCustomizer@6035b93b, org.springframework.boot.test.web.reactive.server.WebTestClientContextCustomizer@58fe0499, org.springframework.boot.test.web.reactor.netty.DisableReactorResourceFactoryGlobalResourcesContextCustomizerFactory$DisableReactorResourceFactoryGlobalResourcesContextCustomizerCustomizer@72758afa, org.springframework.test.context.support.DynamicPropertiesContextCustomizer@0, org.springframework.boot.test.context.SpringBootTestAnnotation@53156849], contextLoader = org.springframework.boot.test.context.SpringBootContextLoader, parent = null]
2025-04-26T22:20:22.233+02:00 DEBUG 13448 --- [api-gateway] [    Test worker] org.springframework.test.context.cache   : Spring test ApplicationContext cache statistics: [DefaultContextCache@5ac7550a size = 1, maxSize = 32, parentContextCount = 0, hitCount = 12, missCount = 1, failureCount = 0]
2025-04-26T22:20:22.233+02:00 TRACE 13448 --- [api-gateway] [    Test worker] o.s.b.f.s.DefaultListableBeanFactory     : Returning cached instance of singleton bean 'routeRefreshListener'
2025-04-26T22:20:22.233+02:00 TRACE 13448 --- [api-gateway] [    Test worker] o.s.b.f.s.DefaultListableBeanFactory     : Returning cached instance of singleton bean 'weightCalculatorWebFilter'
2025-04-26T22:20:22.233+02:00 TRACE 13448 --- [api-gateway] [    Test worker] o.s.b.f.s.DefaultListableBeanFactory     : Returning cached instance of singleton bean 'refreshEventListener'
2025-04-26T22:20:22.233+02:00 TRACE 13448 --- [api-gateway] [    Test worker] o.s.b.f.s.DefaultListableBeanFactory     : Returning cached instance of singleton bean 'eurekaAutoServiceRegistration'
2025-04-26T22:20:22.234+02:00 TRACE 13448 --- [api-gateway] [    Test worker] .c.s.DirtiesContextTestExecutionListener : After test method: context [DefaultTestContext@2336d3f testClass = com.pibbletv.api_gateway.ApiGatewayApplicationTests, testInstance = com.pibbletv.api_gateway.ApiGatewayApplicationTests@12765ebd, testMethod = contextLoads(), testException = null, mergedContextConfiguration = [ReactiveWebMergedContextConfiguration@6cd6698b testClass = com.pibbletv.api_gateway.ApiGatewayApplicationTests, locations = [], classes = [com.pibbletv.api_gateway.ApiGatewayApplication], contextInitializerClasses = [], activeProfiles = [], propertySourceDescriptors = [], propertySourceProperties = ["org.springframework.boot.test.context.SpringBootTestContextBootstrapper=true"], contextCustomizers = [org.springframework.boot.test.autoconfigure.OnFailureConditionReportContextCustomizerFactory$OnFailureConditionReportContextCustomizer@e98770d, org.springframework.boot.test.autoconfigure.actuate.observability.ObservabilityContextCustomizerFactory$DisableObservabilityContextCustomizer@1f, org.springframework.boot.test.autoconfigure.properties.PropertyMappingContextCustomizer@0, org.springframework.boot.test.autoconfigure.web.servlet.WebDriverContextCustomizer@3b2c0e88, org.springframework.boot.test.context.filter.ExcludeFilterContextCustomizer@655f7ea, org.springframework.boot.test.json.DuplicateJsonObjectContextCustomizerFactory$DuplicateJsonObjectContextCustomizer@20a14b55, org.springframework.boot.test.mock.mockito.MockitoContextCustomizer@0, org.springframework.boot.test.web.client.TestRestTemplateContextCustomizer@6035b93b, org.springframework.boot.test.web.reactive.server.WebTestClientContextCustomizer@58fe0499, org.springframework.boot.test.web.reactor.netty.DisableReactorResourceFactoryGlobalResourcesContextCustomizerFactory$DisableReactorResourceFactoryGlobalResourcesContextCustomizerCustomizer@72758afa, org.springframework.test.context.support.DynamicPropertiesContextCustomizer@0, org.springframework.boot.test.context.SpringBootTestAnnotation@53156849], contextLoader = org.springframework.boot.test.context.SpringBootContextLoader, parent = null], attributes = {"org.springframework.test.context.event.ApplicationEventsTestExecutionListener.recordApplicationEvents" -> false}], class annotated with @DirtiesContext [false] with mode [null], method annotated with @DirtiesContext [false] with mode [null]
2025-04-26T22:20:22.243+02:00 TRACE 13448 --- [api-gateway] [    Test worker] o.s.test.context.TestContextManager      : afterTestClass(): class [com.pibbletv.api_gateway.ApiGatewayApplicationTests]
2025-04-26T22:20:22.244+02:00 TRACE 13448 --- [api-gateway] [    Test worker] c.DefaultCacheAwareContextLoaderDelegate : Retrieved ApplicationContext [2044150758] from cache with key [ReactiveWebMergedContextConfiguration@6cd6698b testClass = com.pibbletv.api_gateway.ApiGatewayApplicationTests, locations = [], classes = [com.pibbletv.api_gateway.ApiGatewayApplication], contextInitializerClasses = [], activeProfiles = [], propertySourceDescriptors = [], propertySourceProperties = ["org.springframework.boot.test.context.SpringBootTestContextBootstrapper=true"], contextCustomizers = [org.springframework.boot.test.autoconfigure.OnFailureConditionReportContextCustomizerFactory$OnFailureConditionReportContextCustomizer@e98770d, org.springframework.boot.test.autoconfigure.actuate.observability.ObservabilityContextCustomizerFactory$DisableObservabilityContextCustomizer@1f, org.springframework.boot.test.autoconfigure.properties.PropertyMappingContextCustomizer@0, org.springframework.boot.test.autoconfigure.web.servlet.WebDriverContextCustomizer@3b2c0e88, org.springframework.boot.test.context.filter.ExcludeFilterContextCustomizer@655f7ea, org.springframework.boot.test.json.DuplicateJsonObjectContextCustomizerFactory$DuplicateJsonObjectContextCustomizer@20a14b55, org.springframework.boot.test.mock.mockito.MockitoContextCustomizer@0, org.springframework.boot.test.web.client.TestRestTemplateContextCustomizer@6035b93b, org.springframework.boot.test.web.reactive.server.WebTestClientContextCustomizer@58fe0499, org.springframework.boot.test.web.reactor.netty.DisableReactorResourceFactoryGlobalResourcesContextCustomizerFactory$DisableReactorResourceFactoryGlobalResourcesContextCustomizerCustomizer@72758afa, org.springframework.test.context.support.DynamicPropertiesContextCustomizer@0, org.springframework.boot.test.context.SpringBootTestAnnotation@53156849], contextLoader = org.springframework.boot.test.context.SpringBootContextLoader, parent = null]
2025-04-26T22:20:22.244+02:00 DEBUG 13448 --- [api-gateway] [    Test worker] org.springframework.test.context.cache   : Spring test ApplicationContext cache statistics: [DefaultContextCache@5ac7550a size = 1, maxSize = 32, parentContextCount = 0, hitCount = 13, missCount = 1, failureCount = 0]
2025-04-26T22:20:22.244+02:00 TRACE 13448 --- [api-gateway] [    Test worker] o.s.b.f.s.DefaultListableBeanFactory     : Returning cached instance of singleton bean 'routeRefreshListener'
2025-04-26T22:20:22.244+02:00 TRACE 13448 --- [api-gateway] [    Test worker] o.s.b.f.s.DefaultListableBeanFactory     : Returning cached instance of singleton bean 'weightCalculatorWebFilter'
2025-04-26T22:20:22.244+02:00 TRACE 13448 --- [api-gateway] [    Test worker] o.s.b.f.s.DefaultListableBeanFactory     : Returning cached instance of singleton bean 'refreshEventListener'
2025-04-26T22:20:22.244+02:00 TRACE 13448 --- [api-gateway] [    Test worker] o.s.b.f.s.DefaultListableBeanFactory     : Returning cached instance of singleton bean 'eurekaAutoServiceRegistration'
2025-04-26T22:20:22.244+02:00 TRACE 13448 --- [api-gateway] [    Test worker] c.DefaultCacheAwareContextLoaderDelegate : Retrieved ApplicationContext [2044150758] from cache with key [ReactiveWebMergedContextConfiguration@6cd6698b testClass = com.pibbletv.api_gateway.ApiGatewayApplicationTests, locations = [], classes = [com.pibbletv.api_gateway.ApiGatewayApplication], contextInitializerClasses = [], activeProfiles = [], propertySourceDescriptors = [], propertySourceProperties = ["org.springframework.boot.test.context.SpringBootTestContextBootstrapper=true"], contextCustomizers = [org.springframework.boot.test.autoconfigure.OnFailureConditionReportContextCustomizerFactory$OnFailureConditionReportContextCustomizer@e98770d, org.springframework.boot.test.autoconfigure.actuate.observability.ObservabilityContextCustomizerFactory$DisableObservabilityContextCustomizer@1f, org.springframework.boot.test.autoconfigure.properties.PropertyMappingContextCustomizer@0, org.springframework.boot.test.autoconfigure.web.servlet.WebDriverContextCustomizer@3b2c0e88, org.springframework.boot.test.context.filter.ExcludeFilterContextCustomizer@655f7ea, org.springframework.boot.test.json.DuplicateJsonObjectContextCustomizerFactory$DuplicateJsonObjectContextCustomizer@20a14b55, org.springframework.boot.test.mock.mockito.MockitoContextCustomizer@0, org.springframework.boot.test.web.client.TestRestTemplateContextCustomizer@6035b93b, org.springframework.boot.test.web.reactive.server.WebTestClientContextCustomizer@58fe0499, org.springframework.boot.test.web.reactor.netty.DisableReactorResourceFactoryGlobalResourcesContextCustomizerFactory$DisableReactorResourceFactoryGlobalResourcesContextCustomizerCustomizer@72758afa, org.springframework.test.context.support.DynamicPropertiesContextCustomizer@0, org.springframework.boot.test.context.SpringBootTestAnnotation@53156849], contextLoader = org.springframework.boot.test.context.SpringBootContextLoader, parent = null]
2025-04-26T22:20:22.244+02:00 DEBUG 13448 --- [api-gateway] [    Test worker] org.springframework.test.context.cache   : Spring test ApplicationContext cache statistics: [DefaultContextCache@5ac7550a size = 1, maxSize = 32, parentContextCount = 0, hitCount = 14, missCount = 1, failureCount = 0]
2025-04-26T22:20:22.245+02:00 TRACE 13448 --- [api-gateway] [    Test worker] .c.s.DirtiesContextTestExecutionListener : After test class: context [DefaultTestContext@2336d3f testClass = com.pibbletv.api_gateway.ApiGatewayApplicationTests, testInstance = null, testMethod = null, testException = null, mergedContextConfiguration = [ReactiveWebMergedContextConfiguration@6cd6698b testClass = com.pibbletv.api_gateway.ApiGatewayApplicationTests, locations = [], classes = [com.pibbletv.api_gateway.ApiGatewayApplication], contextInitializerClasses = [], activeProfiles = [], propertySourceDescriptors = [], propertySourceProperties = ["org.springframework.boot.test.context.SpringBootTestContextBootstrapper=true"], contextCustomizers = [org.springframework.boot.test.autoconfigure.OnFailureConditionReportContextCustomizerFactory$OnFailureConditionReportContextCustomizer@e98770d, org.springframework.boot.test.autoconfigure.actuate.observability.ObservabilityContextCustomizerFactory$DisableObservabilityContextCustomizer@1f, org.springframework.boot.test.autoconfigure.properties.PropertyMappingContextCustomizer@0, org.springframework.boot.test.autoconfigure.web.servlet.WebDriverContextCustomizer@3b2c0e88, org.springframework.boot.test.context.filter.ExcludeFilterContextCustomizer@655f7ea, org.springframework.boot.test.json.DuplicateJsonObjectContextCustomizerFactory$DuplicateJsonObjectContextCustomizer@20a14b55, org.springframework.boot.test.mock.mockito.MockitoContextCustomizer@0, org.springframework.boot.test.web.client.TestRestTemplateContextCustomizer@6035b93b, org.springframework.boot.test.web.reactive.server.WebTestClientContextCustomizer@58fe0499, org.springframework.boot.test.web.reactor.netty.DisableReactorResourceFactoryGlobalResourcesContextCustomizerFactory$DisableReactorResourceFactoryGlobalResourcesContextCustomizerCustomizer@72758afa, org.springframework.test.context.support.DynamicPropertiesContextCustomizer@0, org.springframework.boot.test.context.SpringBootTestAnnotation@53156849], contextLoader = org.springframework.boot.test.context.SpringBootContextLoader, parent = null], attributes = {"org.springframework.test.context.event.ApplicationEventsTestExecutionListener.recordApplicationEvents" -> false}], class annotated with @DirtiesContext [false] with mode [null]
]]></system-out>
  <system-err><![CDATA[]]></system-err>
</testsuite>
